sat
(model
(define-fun |goto_symex::&92;guard#1| () Bool true)
(define-fun |goto_symex::&92;guard#2| () Bool true)
(define-fun |goto_symex::&92;guard#3| () Bool false)
(define-fun |goto_symex::&92;guard#4| () Bool false)
(define-fun |goto_symex::&92;guard#5| () Bool false)
(define-fun |goto_symex::&92;guard#6| () Bool false)
(define-fun |__CPROVER_threads_exited#2| () (Array (_ BitVec 32) (_ BitVec 1)) (store ((as const (Array (_ BitVec 32) (_ BitVec 1))) #b0) #b00000000000000000000000000000000 #b1))
(define-fun |pthread_join::thread!0@1#1| () (_ BitVec 32) #b00000000000000000000000000000001)
(define-fun |goto_symex::&92;guard#7| () Bool false)
(define-fun |goto_symex::&92;guard#8| () Bool false)
(define-fun |__CPROVER_threads_exited#3| () (Array (_ BitVec 32) (_ BitVec 1)) ((as const (Array (_ BitVec 32) (_ BitVec 1))) #b0))
(define-fun |pthread_join::thread!0@2#1| () (_ BitVec 32) #b00000110000001000000000000001000)
(define-fun |goto_symex::&92;guard#9| () Bool false)
(define-fun |goto_symex::&92;guard#10| () Bool false)
(define-fun |goto_symex::&92;guard#11| () Bool false)
(define-fun |goto_symex::&92;guard#12| () Bool false)
(define-fun |main::1::1::data!0@1#37| () (_ BitVec 384) #b000000000000000000000000000000010000000000000000000000000000000110110000010000000011101000000000000000000000100001000000000000000000000000000000000000100000111010001001000000000000000000000000000000000000111011101011111111100000100100111001000001011101100101010001111100101110011111110111011111111111011111111111010101011001001000000010000000000001100000000000010000000000100000000000)
(define-fun |main::1::1::data!0@1#51| () (_ BitVec 384) #b000000000000000000000000000000000000000000000000000000000000000010110000010000000011101000000000000000000000100001000000000000000000000000000000000000100000111010001001000000000000000000000000000000000000111011101011111111100000100100111001000001011101100101010001111100101110011111110111011111111111011111111111010101011001001000000010000000000001100000000000010000000000100000000000)
(define-fun array_of.0 () (Array (_ BitVec 32) (_ BitVec 1)) ((as const (Array (_ BitVec 32) (_ BitVec 1))) #b0))
(define-fun |main::1::1::data!0@1| () (_ BitVec 384) #b000000000000000000000000000000000000000000000000000000000000000000000000000000000000000000000000000000000000000000000000000000000000000000000000000000000000000000000000000000000000000000000000000000000000000000000000000000000000000000000000000000000000000000000000000000000000000000000000000000000000000000000000000000000000000000000000000000000000000000000000000000000000000000000000)
(define-fun |main::1::1::data!0@1#1| () (_ BitVec 384) #b111111101111111101101001011111101111111111111110100000001111110010110000010000000011101000000000000000000000100001000000000000000000000000000000000000100000111010001001000000000000000000000000000000000000111011101011111111100000100100111001000001011101100101010001111100101110011111110111011111111111011111111111010101011001001000000010000000000001100000000000010000000000100011111000)
(define-fun |nondet_symex::nondet0| () (_ BitVec 32) #b00000000000000000000000000000000)
(define-fun t1 () (_ BitVec 32) #b00000000000000000000000000000000)
(define-fun t2 () (_ BitVec 32) #b00000000000000000000000000000000)
(define-fun |__CPROVER_next_thread_id#3| () (_ BitVec 32) #b00000000000000000000000000000001)
(define-fun |__CPROVER_next_thread_id#5| () (_ BitVec 32) #b00000000000000000000000000000010)
(define-fun |my_drv_probe#return_value!0#0| () (_ BitVec 32) #b00000000000000000000000000000000)
(define-fun |pthread_create#return_value!0#0| () (_ BitVec 32) #b00000000000000000000000000000000)
(define-fun |main::1::1::data!0@1#6| () (_ BitVec 384) #b000000000100001100000000010000100101000000000000000000001000010110010101001001100110101100010011010110111010101110010001111110011111100111111101010010011101010101011001110010000111011111101011100101101111001010001110100100011111011011000000011100000111011111101101100111010000111101100000101010000000000110111110101000111110100111111101011111101111010111101110010111001111010111111110)
(define-fun |pthread_mutex_destroy#return_value!0#0| () (_ BitVec 32) #b00000000000000000000000000000000)
(define-fun |my_drv_probe::1::d!0@1#3| () (_ BitVec 32) #b00000000000000000000000000000000)
(define-fun |my_drv_probe::1::d!0@1#5| () (_ BitVec 32) #b00000000000000000000000000000000)
(define-fun |my_drv_probe::1::res!0@1#3| () (_ BitVec 32) #b00000000000000000000000000000000)
(define-fun |my_drv_probe::1::res!0@1#5| () (_ BitVec 32) #b00000000000000000000000000000000)
(define-fun |main::1::1::data!0@1#8| () (_ BitVec 384) #b000000000000000000000000000000010000000000000000000000000000000110110000010000000011101000000000000000000000100001000000000000000000000000000000000000100000111010001001000000000000000000000000000000000000111011101011111111100000100100111001000001011101100101010001111100101110011111110111011111111111011111111111010101011001001000000010000000000001100000000000010000000000100000000000)
(define-fun |main::1::1::data!0@1#9| () (_ BitVec 384) #b000000000000000000000000000000010000000000000000000000000000000110110000010000000011101000000000000000000000100001000000000000000000000000000000000000100000111010001001000000000000000000000000000000000000111011101011111111100000100100111001000001011101100101010001111100101110011111110111011111111111011111111111010101011001001000000010000000000001100000000000010000000000100000000000)
(define-fun |main::1::1::data!0@1#11| () (_ BitVec 384) #b000000000000000000000000000000010000000000000000000000000000001110110000010000000011101000000000000000000000100001000000000000000000000000000000000000100000111010001001000000000000000000000000000000000000111011101011111111100000100100111001000001011101100101010001111100101110011111110111011111111111011111111111010101011001001000000010000000000001100000000000010000000000100000000000)
(define-fun |main::1::1::data!0@1#12| () (_ BitVec 384) #b000000000000000000000000000000010000000000000000000000000000001110110000010000000011101000000000000000000000100001000000000000000000000000000000000000100000111010001001000000000000000000000000000000000000111011101011111111100000100100111001000001011101100101010001111100101110011111110111011111111111011111111111010101011001001000000010000000000001100000000000010000000000100000000000)
(define-fun |main::1::1::data!0@1#15| () (_ BitVec 384) #b000000000000000000000000000000110000000000000000000000000000001110110000010000000011101000000000000000000000100001000000000000000000000000000000000000100000111010001001000000000000000000000000000000000000111011101011111111100000100100111001000001011101100101010001111100101110011111110111011111111111011111111111010101011001001000000010000000000001100000000000010000000000100000000000)
(define-fun |main::1::1::data!0@1#17| () (_ BitVec 384) #b000000000000000000000000000000110000000000000000000000000000001110110000010000000011101000000000000000000000100001000000000000000000000000000000000000100000111010001001000000000000000000000000000000000000111011101011111111100000100100111001000001011101100101010001111100101110011111110111011111111111011111111111010101011001001000000010000000000001100000000000010000000000100000000000)
(define-fun |t1#4| () (_ BitVec 32) #b00000000000000000000000000000001)
(define-fun |my_drv_disconnect::1::status!0@1| () (_ BitVec 32) #b00000000000000000000000000000000)
(define-fun |__CPROVER_next_thread_id#8| () (_ BitVec 32) #b00000000000000000000000000000010)
(define-fun |pthread_join#return_value!0#0| () (_ BitVec 32) #b00000000000000000000000000000000)
(define-fun |t2#4| () (_ BitVec 32) #b00000110000001000000000000001000)
(define-fun |__CPROVER_next_thread_id#9| () (_ BitVec 32) #b11101001100101111110011101011100)
(define-fun |main::1::1::data!0@1#19| () (_ BitVec 384) #b000000000000000100001000010000000000000000000000001000000000000010110000010000000110101000000000000000000000100001000000000000000000000000000001000000100101011110001001000000000000000000000000000000000000101011101011110111100011111101111011000000010101100111010001111101111110011111110111111111111111110110111101011101011110101100000010000000000001100000000000010000000000100011111110)
(define-fun |main::1::1::data!0@1#22| () (_ BitVec 384) #b111111111111111111111111111111100000000000000000000000000000000101001111101111111100010111111111111111111111011110111111111111111111111111111111111111011110000101110110111111111111111111111111111111111111000100010100000000011111011011000110111110100010011010101110000011010001100000001000100000000000100000000000101010100110110111111001111111111110011101111011100111110011011101111111)
(define-fun |main::1::1::data!0@1#24| () (_ BitVec 384) #b000000000000000000000000000000101111111111111111111111111111111001001111101111111100010111111111111111111111011110111111111111111111111111111111111111011111000101110110111111111111111111111111111111111111000100010100000000011111011011000110111110100010011010101110000011010001100000001000100000000000100000000000101010100110110111111101111111111110011111111111101111111111011111111110)
(define-fun |main::1::1::data!0@1#25| () (_ BitVec 384) #b111111111111111111111111111111111111111111111111111111111111111110110000010000000110101000000000000000000000100001000000000000000000000000000001000000100101011110001001000000000000000000000001000000000000101011101011100111100011111101111011000010010101100111010001111101111010011111100111111111111111110110111101011101011110101100000010010000000001100000000000010000000100100011111111)
(define-fun |main::1::1::data!0@1#26| () (_ BitVec 384) #b000000000000000100000000010000001111111111111111111111111111111001001111101111111100010111111111111111111111011110111111111111111111111111111111111111011111000101110110111111111111111111111111111111111111010100010100000000011111011011000110111110100010011010101110000011010001100000001000100000000000100000000000101010100110110111111101111111111110011111111111101111111111011111111110)
(define-fun |main::1::1::data!0@1#28| () (_ BitVec 384) #b111111111111111111111111111111101111111111111111111111111111111001001111101111111001010111111111111111111111011110111111111111111111111111111110111111011010100001110110111111111111111111111111111111111111010100010100001000011100000010000100111111101010011000101110000010000001100000001000000000000000001001000010100010100001010011111101111111111110011111111111101111111111011111111111)
(define-fun |main::1::1::data!0@1#29| () (_ BitVec 384) #b111111111111111111111111111111101111111111111111111111111111111101001111101111111100010111111111111111111111011110111111111111111111111111111111111111011111000101110110111111111111111111111111111111111111000100010100000000011111011011000110111110100010011010101110000011010001100000001000100000000000100000000000101010100110110111111101111111111110011111111111101111111111011111111110)
(define-fun |main::1::1::data!0@1#32| () (_ BitVec 384) #b111111111111111111111111111111111111111111111111111111111111111101001111101111111001010111111111111111111111011110111111111111111111111111111110111111011010100001110110111111111111111111111111111111111111010100010100001000011100000010000100111111101010011000101110000010000001100000001000000000000000001001000010100010100001010011111101111111111110011111111111101111111111011111111111)
(define-fun |main::1::1::data!0@1#34| () (_ BitVec 384) #b111111111111111111111111111111111111111111111111111111111111111001001111101111111100010111111111111111111111011110111111111111111111111111111111111111011111000101110110111111111111111111111111111111111111000100010100000000011111011011000110111110100010011010101110000011010001100000001000100000000000100000000000101010100110110111111101111111111110011111111111101111111111011111111110)
(define-fun |pthread_create::1::this_thread_id!1@0#0| () (_ BitVec 32) #b00000000000000000000000000000000)
(define-fun |main::1::1::data!0@1#36| () (_ BitVec 384) #b000000000000000000000000000000010000000000000000000000000000000110110000010000000011101000000000000000000000100001000000000000000000000000000000000000100000111010001001000000000000000000000000000000000000111011101011111111100000100100111001000001011101100101010001111100101110011111110111011111111111011111111111010101011001001000000010000000000001100000000000010000000000100000000000)
(define-fun |main::1::1::data!0@1#40| () (_ BitVec 384) #b000000000000000000000000000000010000000000000000000000000000000110110000010000000011101000000000000000000000100001000000000000000000000000000000000000100000111010001001000000000000000000000000000000000000111011101011111111100000100100111001000001011101100101010001111100101110011111110111011111111111011111111111010101011001001000000010000000000001100000000000010000000000100000000001)
(define-fun |main::1::1::data!0@1#41| () (_ BitVec 384) #b000000000000000000000000000000010000000000000000000000000000000110110000010000000011101000000000000000000000100001000000000000000000000000000000000000100000111010001001000000000000000000000000000000000000111011101011111111100000100100111001000001011101100101010001111100101110011111110111011111111111011111111111010101011001001000000010000000000001100000000000010000000000100000000001)
(define-fun |main::1::1::data!0@1#43| () (_ BitVec 384) #b000000000000000000000000000000010000000000000000000000000000000110110000010000000011101000000000000000000000100001000000000000000000000000000000000000100000111010001001000000000000000000000000000000000000111011101011111111100000100100111001000001011101100101010001111100101110011111110111011111111111011111111111010101011001001000000010000000000001100000000000010000000000100000000001)
(define-fun |main::1::1::data!0@1#44| () (_ BitVec 384) #b000000000000000000000000000000010000000000000000000000000000000110110000010000000011101000000000000000000000100001000000000000000000000000000000000000100000111010001001000000000000000000000000000000000000111011101011111111100000100100111001000001011101100101010001111100101110011111110111011111111111011111111111010101011001001000000010000000000001100000000000010000000000100000000001)
(define-fun |main::1::1::data!0@1#45| () (_ BitVec 384) #b000000000000000000000000000000010000000000000000000000000000000110110000010000000011101000000000000000000000100001000000000000000000000000000000000000100000111010001001000000000000000000000000000000000000111011101011111111100000100100111001000001011101100101010001111100101110011111110111011111111111011111111111010101011001001000000010000000000001100000000000010000000000100000000001)
(define-fun |main::1::1::data!0@1#47| () (_ BitVec 384) #b000000000000000000000000000000010000000000000000000000000000001110110000010000000011101000000000000000000000100001000000000000000000000000000000000000100000111010001001000000000000000000000000000000000000111011101011111111100000100100111001000001011101100101010001111100101110011111110111011111111111011111111111010101011001001000000010000000000001100000000000010000000000100000000000)
(define-fun |__CPROVER_threads_exited#4| () (Array (_ BitVec 32) (_ BitVec 1)) (store ((as const (Array (_ BitVec 32) (_ BitVec 1))) #b0) #b00000000000000000000000000000000 #b1))
(define-fun |pthread_create::1::this_thread_id!2@0#0| () (_ BitVec 32) #b00000000000000000000000000000000)
(define-fun |main::1::1::data!0@1#50| () (_ BitVec 384) #b000000000000000000000000000000000000000000000000000000000000000010110000010000000011101000000000000000000000100001000000000000000000000000000000000000100000111010001001000000000000000000000000000000000000111011101011111111100000100100111001000001011101100101010001111100101110011111110111011111111111011111111111010101011001001000000010000000000001100000000000010000000000100000000000)
(define-fun |main::1::1::data!0@1#54| () (_ BitVec 384) #b000000000000000000000000000000000000000000000000000000000000000010110000010000000011101000000000000000000000100001000000000000000000000000000000000000100000111010001001000000000000000000000000000000000000111011101011111111100000100100111001000001011101100101010001111100101110011111110111011111111111011111111111010101011001001000000010000000000001100000000000010000000000100000000001)
(define-fun |main::1::1::data!0@1#55| () (_ BitVec 384) #b000000000000000000000000000000000000000000000000000000000000000010110000010000000011101000000000000000000000100001000000000000000000000000000000000000100000111010001001000000000000000000000000000000000000111011101011111111100000100100111001000001011101100101010001111100101110011111110111011111111111011111111111010101011001001000000010000000000001100000000000010000000000100000000001)
(define-fun |main::1::1::data!0@1#57| () (_ BitVec 384) #b000000000000000000000000000000000000000000000000000000000000000110110000010000000011101000000000000000000000100001000000000000000000000000000000000000100000111010001001000000000000000000000000000000000000111011101011111111100000100100111001000001011101100101010001111100101110011111110111011111111111011111111111010101011001001000000010000000000001100000000000010000000000100000000001)
(define-fun |main::1::1::data!0@1#58| () (_ BitVec 384) #b000000000000000000000000000000000000000000000000000000000000000110110000010000000011101000000000000000000000100001000000000000000000000000000000000000100000111010001001000000000000000000000000000000000000111011101011111111100000100100111001000001011101100101010001111100101110011111110111011111111111011111111111010101011001001000000010000000000001100000000000010000000000100000000001)
(define-fun |main::1::1::data!0@1#59| () (_ BitVec 384) #b000000000000000000000000000000000000000000000000000000000000000110110000010000000011101000000000000000000000100001000000000000000000000000000000000000100000111010001001000000000000000000000000000000000000111011101011111111100000100100111001000001011101100101010001111100101110011111110111011111111111011111111111010101011001001000000010000000000001100000000000010000000000100000000001)
(define-fun |main::1::1::data!0@1#61| () (_ BitVec 384) #b000000000000000000000000000000010000000000000000000000000000000110110000010000000011101000000000000000000000100001000000000000000000000000000000000000100000111010001001000000000000000000000000000000000000111011101011111111100000100100111001000001011101100101010001111100101110011111110111011111111111011111111111010101011001001000000010000000000001100000000000010000000000100000000001)
(define-fun |__CPROVER_threads_exited#6| () (Array (_ BitVec 32) (_ BitVec 1)) ((as const (Array (_ BitVec 32) (_ BitVec 1))) #b0))
(define-fun |main::1::ret!0@1#1| () (_ BitVec 32) #b00000000000000000000000000000000)
(define-fun |main::1::1::probe_ret!0@1#1| () (_ BitVec 32) #b00000000000000000000000000000000)
(define-fun |my_drv_probe::1::d!0@1#1| () (_ BitVec 32) #b00000000000000000000000000000000)
(define-fun |my_drv_probe::1::res!0@1#1| () (_ BitVec 32) #b00000000000000000000000000000000)
(define-fun |pthread_create::1::this_thread_id!0@1#1| () (_ BitVec 32) #b00000000000000000000000000000000)
(define-fun |pthread_create::1::this_thread_id!0@2#1| () (_ BitVec 32) #b00000000000000000000000000000000)
(define-fun |my_drv_disconnect::1::status!0@1#1| () (_ BitVec 32) #b00000000000000000000000000000000)
(define-fun |my_callback::1::dev!1@1#1| () (_ BitVec 32) #b00000000000000000000000000000000)
(define-fun |my_callback::1::data!1@1#1| () (_ BitVec 32) #b00000000000000000000000000000000)
(define-fun |my_callback::$tmp::::tmp_statement_expression$1!1@1#1| () (_ BitVec 32) #b00000000000000000000000000000000)
(define-fun |my_callback::1::1::__mptr!1@1#1| () (_ BitVec 32) #b00000000000000000000000000000000)
(define-fun |my_callback::1::dev!2@1#1| () (_ BitVec 32) #b00000000000000000000000000000000)
(define-fun |my_callback::1::data!2@1#1| () (_ BitVec 32) #b00000000000000000000000000000000)
(define-fun |my_callback::$tmp::::tmp_statement_expression$1!2@1#1| () (_ BitVec 32) #b00000000000000000000000000000000)
(define-fun |my_callback::1::1::__mptr!2@1#1| () (_ BitVec 32) #b00000000000000000000000000000000)
(define-fun |main::1::1::data!0@1#5| () (_ BitVec 384) #b000000000000000000000000000000000000000000000000000000000000000000000000000000000000000000000000000000000000000000000000000000000000000000000000000000000000000000000000000000000000000000000000000000000000000000000000000000000000000000000000000000000000000000000000000000000000000000000000000000000000000000000000000000000000000000000000000000000000000000000000000000000000000000000000)
(define-fun |main::1::1::data!0@1#18| () (_ BitVec 384) #b000000000000000000000000000000000000000000000000000000000000000000000000000000000000000000000000000000000000000000000000000000000000000000000000000000000000000000000000000000000000000000000000000000000000000000000000000000000000000000000000000000000000000000000000000000000000000000000000000000000000000000000000000000000000000000000000000000000000000000000000000000000000000000000000)
(define-fun |memory_model::choice_rf_0_40_0_9_T_0| () Bool false)
(define-fun |memory_model::choice_rf_0_40_1_12_T_1| () Bool false)
(define-fun |__CPROVER_threads_exited#5$wclk$8| () (_ BitVec 7) #b1111110)
(define-fun |__CPROVER_threads_exited#2$rclk$8| () (_ BitVec 7) #b1101010)
(define-fun |memory_model::choice_rf_0_40_2_12_T_2| () Bool true)
(define-fun |__CPROVER_threads_exited#7$wclk$8| () (_ BitVec 7) #b1100001)
(define-fun |memory_model::choice_rf_0_44_0_9_T_3| () Bool false)
(define-fun |memory_model::choice_rf_0_44_1_12_T_4| () Bool false)
(define-fun |__CPROVER_threads_exited#3$rclk$8| () (_ BitVec 7) #b1101110)
(define-fun |memory_model::choice_rf_0_44_2_12_T_5| () Bool false)
(define-fun |memory_model::choice_rf_1_11_0_9_T_6| () Bool false)
(define-fun |__CPROVER_threads_exited#1$wclk$8| () (_ BitVec 7) #b0001100)
(define-fun |__CPROVER_threads_exited#4$rclk$8| () (_ BitVec 7) #b1101101)
(define-fun |memory_model::choice_rf_1_11_2_12_T_7| () Bool true)
(define-fun |memory_model::choice_rf_2_11_0_9_T_8| () Bool true)
(define-fun |__CPROVER_threads_exited#6$rclk$8| () (_ BitVec 7) #b1011000)
(define-fun |memory_model::choice_rf_2_11_1_12_T_9| () Bool false)
(define-fun |memory_model::choice_rf_0_19_0_7_T_10| () Bool false)
(define-fun |memory_model::choice_rf_0_19_0_16_T_11| () Bool true)
(define-fun |memory_model::choice_rf_0_39_0_7_T_12| () Bool false)
(define-fun |memory_model::choice_rf_0_39_0_16_T_13| () Bool false)
(define-fun |memory_model::choice_rf_0_39_0_20_T_14| () Bool true)
(define-fun |memory_model::choice_rf_0_43_0_7_T_15| () Bool false)
(define-fun |memory_model::choice_rf_0_43_0_16_T_16| () Bool false)
(define-fun |memory_model::choice_rf_0_43_0_20_T_17| () Bool false)
(define-fun |t1#3| () (_ BitVec 32) #b00000000000000000000000000000001)
(define-fun |memory_model::choice_rf_0_37_0_10_F_18| () Bool false)
(define-fun |memory_model::choice_rf_0_37_0_17_F_19| () Bool true)
(define-fun |memory_model::choice_rf_0_38_0_10_F_20| () Bool false)
(define-fun |memory_model::choice_rf_0_38_0_17_F_21| () Bool true)
(define-fun |t2#3| () (_ BitVec 32) #b00000000000000000000000000000000)
(define-fun |memory_model::choice_rf_0_41_0_11_F_22| () Bool false)
(define-fun |memory_model::choice_rf_0_41_0_21_F_23| () Bool false)
(define-fun |memory_model::choice_rf_0_42_0_11_F_24| () Bool false)
(define-fun |memory_model::choice_rf_0_42_0_21_F_25| () Bool false)
(define-fun |memory_model::choice_rf_0_23_0_12_F_26| () Bool false)
(define-fun |memory_model::choice_rf_0_23_0_13_F_27| () Bool false)
(define-fun |memory_model::choice_rf_0_23_0_14_F_28| () Bool false)
(define-fun |memory_model::choice_rf_0_23_0_15_F_29| () Bool false)
(define-fun |memory_model::choice_rf_0_23_1_1_F_30| () Bool false)
(define-fun |main::1::1::data!0@1#39$wclk$8| () (_ BitVec 7) #b1010110)
(define-fun |main::1::1::data!0@1#5$rclk$8| () (_ BitVec 7) #b1001110)
(define-fun |memory_model::choice_rf_0_23_1_4_F_31| () Bool false)
(define-fun |main::1::1::data!0@1#42$wclk$8| () (_ BitVec 7) #b1011001)
(define-fun |memory_model::choice_rf_0_23_1_8_F_32| () Bool false)
(define-fun |main::1::1::data!0@1#46$wclk$8| () (_ BitVec 7) #b1011101)
(define-fun |memory_model::choice_rf_0_23_1_10_F_33| () Bool false)
(define-fun |main::1::1::data!0@1#49$wclk$8| () (_ BitVec 7) #b1011111)
(define-fun |memory_model::choice_rf_0_23_2_1_F_34| () Bool false)
(define-fun |main::1::1::data!0@1#53$wclk$8| () (_ BitVec 7) #b0101010)
(define-fun |memory_model::choice_rf_0_23_2_4_F_35| () Bool false)
(define-fun |main::1::1::data!0@1#56$wclk$8| () (_ BitVec 7) #b0101101)
(define-fun |memory_model::choice_rf_0_23_2_8_F_36| () Bool false)
(define-fun |main::1::1::data!0@1#60$wclk$8| () (_ BitVec 7) #b1001001)
(define-fun |memory_model::choice_rf_0_23_2_10_F_37| () Bool false)
(define-fun |main::1::1::data!0@1#63$wclk$8| () (_ BitVec 7) #b1010001)
(define-fun |memory_model::choice_rf_0_24_0_12_F_38| () Bool false)
(define-fun |memory_model::choice_rf_0_24_0_13_F_39| () Bool false)
(define-fun |memory_model::choice_rf_0_24_0_14_F_40| () Bool false)
(define-fun |memory_model::choice_rf_0_24_0_15_F_41| () Bool false)
(define-fun |memory_model::choice_rf_0_24_1_1_F_42| () Bool false)
(define-fun |main::1::1::data!0@1#6$rclk$8| () (_ BitVec 7) #b1001111)
(define-fun |memory_model::choice_rf_0_24_1_4_F_43| () Bool false)
(define-fun |memory_model::choice_rf_0_24_1_8_F_44| () Bool false)
(define-fun |memory_model::choice_rf_0_24_1_10_F_45| () Bool false)
(define-fun |memory_model::choice_rf_0_24_2_1_F_46| () Bool false)
(define-fun |memory_model::choice_rf_0_24_2_4_F_47| () Bool false)
(define-fun |memory_model::choice_rf_0_24_2_8_F_48| () Bool false)
(define-fun |memory_model::choice_rf_0_24_2_10_F_49| () Bool false)
(define-fun |memory_model::choice_rf_0_27_0_12_F_50| () Bool false)
(define-fun |memory_model::choice_rf_0_27_0_13_F_51| () Bool false)
(define-fun |memory_model::choice_rf_0_27_0_14_F_52| () Bool false)
(define-fun |memory_model::choice_rf_0_27_0_15_F_53| () Bool false)
(define-fun |memory_model::choice_rf_0_27_0_25_F_54| () Bool false)
(define-fun |memory_model::choice_rf_0_27_1_1_F_55| () Bool false)
(define-fun |main::1::1::data!0@1#8$rclk$8| () (_ BitVec 7) #b1010100)
(define-fun |memory_model::choice_rf_0_27_1_4_F_56| () Bool false)
(define-fun |memory_model::choice_rf_0_27_1_8_F_57| () Bool false)
(define-fun |memory_model::choice_rf_0_27_1_10_F_58| () Bool false)
(define-fun |memory_model::choice_rf_0_27_2_1_F_59| () Bool false)
(define-fun |memory_model::choice_rf_0_27_2_4_F_60| () Bool false)
(define-fun |memory_model::choice_rf_0_27_2_8_F_61| () Bool false)
(define-fun |memory_model::choice_rf_0_27_2_10_F_62| () Bool true)
(define-fun |memory_model::choice_rf_0_28_0_12_F_63| () Bool false)
(define-fun |memory_model::choice_rf_0_28_0_13_F_64| () Bool false)
(define-fun |memory_model::choice_rf_0_28_0_14_F_65| () Bool false)
(define-fun |memory_model::choice_rf_0_28_0_15_F_66| () Bool false)
(define-fun |memory_model::choice_rf_0_28_0_25_F_67| () Bool false)
(define-fun |memory_model::choice_rf_0_28_1_1_F_68| () Bool false)
(define-fun |main::1::1::data!0@1#9$rclk$8| () (_ BitVec 7) #b1010101)
(define-fun |memory_model::choice_rf_0_28_1_4_F_69| () Bool false)
(define-fun |memory_model::choice_rf_0_28_1_8_F_70| () Bool false)
(define-fun |memory_model::choice_rf_0_28_1_10_F_71| () Bool false)
(define-fun |memory_model::choice_rf_0_28_2_1_F_72| () Bool false)
(define-fun |memory_model::choice_rf_0_28_2_4_F_73| () Bool false)
(define-fun |memory_model::choice_rf_0_28_2_8_F_74| () Bool false)
(define-fun |memory_model::choice_rf_0_28_2_10_F_75| () Bool true)
(define-fun |memory_model::choice_rf_0_30_0_12_F_76| () Bool false)
(define-fun |memory_model::choice_rf_0_30_0_13_F_77| () Bool false)
(define-fun |memory_model::choice_rf_0_30_0_14_F_78| () Bool false)
(define-fun |memory_model::choice_rf_0_30_0_15_F_79| () Bool false)
(define-fun |memory_model::choice_rf_0_30_0_25_F_80| () Bool false)
(define-fun |memory_model::choice_rf_0_30_0_29_F_81| () Bool false)
(define-fun |memory_model::choice_rf_0_30_1_1_F_82| () Bool false)
(define-fun |main::1::1::data!0@1#11$rclk$8| () (_ BitVec 7) #b1100000)
(define-fun |memory_model::choice_rf_0_30_1_4_F_83| () Bool false)
(define-fun |memory_model::choice_rf_0_30_1_8_F_84| () Bool false)
(define-fun |memory_model::choice_rf_0_30_1_10_F_85| () Bool true)
(define-fun |memory_model::choice_rf_0_30_2_1_F_86| () Bool false)
(define-fun |memory_model::choice_rf_0_30_2_4_F_87| () Bool false)
(define-fun |memory_model::choice_rf_0_30_2_8_F_88| () Bool false)
(define-fun |memory_model::choice_rf_0_30_2_10_F_89| () Bool false)
(define-fun |memory_model::choice_rf_0_31_0_12_F_90| () Bool false)
(define-fun |memory_model::choice_rf_0_31_0_13_F_91| () Bool false)
(define-fun |memory_model::choice_rf_0_31_0_14_F_92| () Bool false)
(define-fun |memory_model::choice_rf_0_31_0_15_F_93| () Bool false)
(define-fun |memory_model::choice_rf_0_31_0_25_F_94| () Bool false)
(define-fun |memory_model::choice_rf_0_31_0_29_F_95| () Bool false)
(define-fun |memory_model::choice_rf_0_31_1_1_F_96| () Bool false)
(define-fun |main::1::1::data!0@1#12$rclk$8| () (_ BitVec 7) #b1100001)
(define-fun |memory_model::choice_rf_0_31_1_4_F_97| () Bool false)
(define-fun |memory_model::choice_rf_0_31_1_8_F_98| () Bool false)
(define-fun |memory_model::choice_rf_0_31_1_10_F_99| () Bool true)
(define-fun |memory_model::choice_rf_0_31_2_1_F_100| () Bool false)
(define-fun |memory_model::choice_rf_0_31_2_4_F_101| () Bool false)
(define-fun |memory_model::choice_rf_0_31_2_8_F_102| () Bool false)
(define-fun |memory_model::choice_rf_0_31_2_10_F_103| () Bool false)
(define-fun |main::1::1::data!0@1#14| () (_ BitVec 384) #b000000000000000000000000000000110000000000000000000000000000001110110000010000000011101000000000000000000000100001000000000000000000000000000000000000100000111010001001000000000000000000000000000000000000111011101011111111100000100100111001000001011101100101010001111100101110011111110111011111111111011111111111010101011001001000000010000000000001100000000000010000000000100000000000)
(define-fun |memory_model::choice_rf_0_33_0_12_F_104| () Bool false)
(define-fun |memory_model::choice_rf_0_33_0_13_F_105| () Bool false)
(define-fun |memory_model::choice_rf_0_33_0_14_F_106| () Bool false)
(define-fun |memory_model::choice_rf_0_33_0_15_F_107| () Bool false)
(define-fun |memory_model::choice_rf_0_33_0_25_F_108| () Bool false)
(define-fun |memory_model::choice_rf_0_33_0_29_F_109| () Bool false)
(define-fun |memory_model::choice_rf_0_33_0_32_F_110| () Bool true)
(define-fun |memory_model::choice_rf_0_33_1_1_F_111| () Bool false)
(define-fun |main::1::1::data!0@1#14$rclk$8| () (_ BitVec 7) #b1100011)
(define-fun |memory_model::choice_rf_0_33_1_4_F_112| () Bool false)
(define-fun |memory_model::choice_rf_0_33_1_8_F_113| () Bool false)
(define-fun |memory_model::choice_rf_0_33_1_10_F_114| () Bool false)
(define-fun |memory_model::choice_rf_0_33_2_1_F_115| () Bool false)
(define-fun |memory_model::choice_rf_0_33_2_4_F_116| () Bool false)
(define-fun |memory_model::choice_rf_0_33_2_8_F_117| () Bool false)
(define-fun |memory_model::choice_rf_0_33_2_10_F_118| () Bool false)
(define-fun |memory_model::choice_rf_0_34_0_12_F_119| () Bool false)
(define-fun |memory_model::choice_rf_0_34_0_13_F_120| () Bool false)
(define-fun |memory_model::choice_rf_0_34_0_14_F_121| () Bool false)
(define-fun |memory_model::choice_rf_0_34_0_15_F_122| () Bool false)
(define-fun |memory_model::choice_rf_0_34_0_25_F_123| () Bool false)
(define-fun |memory_model::choice_rf_0_34_0_29_F_124| () Bool false)
(define-fun |memory_model::choice_rf_0_34_0_32_F_125| () Bool true)
(define-fun |memory_model::choice_rf_0_34_1_1_F_126| () Bool false)
(define-fun |main::1::1::data!0@1#15$rclk$8| () (_ BitVec 7) #b1100100)
(define-fun |memory_model::choice_rf_0_34_1_4_F_127| () Bool false)
(define-fun |memory_model::choice_rf_0_34_1_8_F_128| () Bool false)
(define-fun |memory_model::choice_rf_0_34_1_10_F_129| () Bool false)
(define-fun |memory_model::choice_rf_0_34_2_1_F_130| () Bool false)
(define-fun |memory_model::choice_rf_0_34_2_4_F_131| () Bool false)
(define-fun |memory_model::choice_rf_0_34_2_8_F_132| () Bool false)
(define-fun |memory_model::choice_rf_0_34_2_10_F_133| () Bool false)
(define-fun |main::1::1::data!0@1#16| () (_ BitVec 384) #b000000000000000000000000000000110000000000000000000000000000001110110000010000000011101000000000000000000000100001000000000000000000000000000000000000100000111010001001000000000000000000000000000000000000111011101011111111100000100100111001000001011101100101010001111100101110011111110111011111111111011111111111010101011001001000000010000000000001100000000000010000000000100000000000)
(define-fun |memory_model::choice_rf_0_35_0_12_F_134| () Bool false)
(define-fun |memory_model::choice_rf_0_35_0_13_F_135| () Bool false)
(define-fun |memory_model::choice_rf_0_35_0_14_F_136| () Bool false)
(define-fun |memory_model::choice_rf_0_35_0_15_F_137| () Bool false)
(define-fun |memory_model::choice_rf_0_35_0_25_F_138| () Bool false)
(define-fun |memory_model::choice_rf_0_35_0_29_F_139| () Bool false)
(define-fun |memory_model::choice_rf_0_35_0_32_F_140| () Bool true)
(define-fun |memory_model::choice_rf_0_35_1_1_F_141| () Bool false)
(define-fun |main::1::1::data!0@1#16$rclk$8| () (_ BitVec 7) #b1100101)
(define-fun |memory_model::choice_rf_0_35_1_4_F_142| () Bool false)
(define-fun |memory_model::choice_rf_0_35_1_8_F_143| () Bool false)
(define-fun |memory_model::choice_rf_0_35_1_10_F_144| () Bool false)
(define-fun |memory_model::choice_rf_0_35_2_1_F_145| () Bool false)
(define-fun |memory_model::choice_rf_0_35_2_4_F_146| () Bool false)
(define-fun |memory_model::choice_rf_0_35_2_8_F_147| () Bool false)
(define-fun |memory_model::choice_rf_0_35_2_10_F_148| () Bool false)
(define-fun |memory_model::choice_rf_0_36_0_12_F_149| () Bool false)
(define-fun |memory_model::choice_rf_0_36_0_13_F_150| () Bool false)
(define-fun |memory_model::choice_rf_0_36_0_14_F_151| () Bool false)
(define-fun |memory_model::choice_rf_0_36_0_15_F_152| () Bool false)
(define-fun |memory_model::choice_rf_0_36_0_25_F_153| () Bool false)
(define-fun |memory_model::choice_rf_0_36_0_29_F_154| () Bool false)
(define-fun |memory_model::choice_rf_0_36_0_32_F_155| () Bool true)
(define-fun |memory_model::choice_rf_0_36_1_1_F_156| () Bool false)
(define-fun |main::1::1::data!0@1#17$rclk$8| () (_ BitVec 7) #b1100110)
(define-fun |memory_model::choice_rf_0_36_1_4_F_157| () Bool false)
(define-fun |memory_model::choice_rf_0_36_1_8_F_158| () Bool false)
(define-fun |memory_model::choice_rf_0_36_1_10_F_159| () Bool false)
(define-fun |memory_model::choice_rf_0_36_2_1_F_160| () Bool false)
(define-fun |memory_model::choice_rf_0_36_2_4_F_161| () Bool false)
(define-fun |memory_model::choice_rf_0_36_2_8_F_162| () Bool false)
(define-fun |memory_model::choice_rf_0_36_2_10_F_163| () Bool false)
(define-fun |memory_model::choice_rf_0_45_0_12_F_164| () Bool false)
(define-fun |memory_model::choice_rf_0_45_0_13_F_165| () Bool false)
(define-fun |memory_model::choice_rf_0_45_0_14_F_166| () Bool false)
(define-fun |memory_model::choice_rf_0_45_0_15_F_167| () Bool false)
(define-fun |memory_model::choice_rf_0_45_0_25_F_168| () Bool false)
(define-fun |memory_model::choice_rf_0_45_0_29_F_169| () Bool false)
(define-fun |memory_model::choice_rf_0_45_0_32_F_170| () Bool false)
(define-fun |memory_model::choice_rf_0_45_1_1_F_171| () Bool false)
(define-fun |main::1::1::data!0@1#18$rclk$8| () (_ BitVec 7) #b1101111)
(define-fun |memory_model::choice_rf_0_45_1_4_F_172| () Bool false)
(define-fun |memory_model::choice_rf_0_45_1_8_F_173| () Bool false)
(define-fun |memory_model::choice_rf_0_45_1_10_F_174| () Bool false)
(define-fun |memory_model::choice_rf_0_45_2_1_F_175| () Bool false)
(define-fun |memory_model::choice_rf_0_45_2_4_F_176| () Bool false)
(define-fun |memory_model::choice_rf_0_45_2_8_F_177| () Bool false)
(define-fun |memory_model::choice_rf_0_45_2_10_F_178| () Bool false)
(define-fun |memory_model::choice_rf_0_46_0_12_F_179| () Bool false)
(define-fun |memory_model::choice_rf_0_46_0_13_F_180| () Bool false)
(define-fun |memory_model::choice_rf_0_46_0_14_F_181| () Bool false)
(define-fun |memory_model::choice_rf_0_46_0_15_F_182| () Bool false)
(define-fun |memory_model::choice_rf_0_46_0_25_F_183| () Bool false)
(define-fun |memory_model::choice_rf_0_46_0_29_F_184| () Bool false)
(define-fun |memory_model::choice_rf_0_46_0_32_F_185| () Bool false)
(define-fun |memory_model::choice_rf_0_46_1_1_F_186| () Bool false)
(define-fun |main::1::1::data!0@1#19$rclk$8| () (_ BitVec 7) #b1110000)
(define-fun |memory_model::choice_rf_0_46_1_4_F_187| () Bool false)
(define-fun |memory_model::choice_rf_0_46_1_8_F_188| () Bool false)
(define-fun |memory_model::choice_rf_0_46_1_10_F_189| () Bool false)
(define-fun |memory_model::choice_rf_0_46_2_1_F_190| () Bool false)
(define-fun |memory_model::choice_rf_0_46_2_4_F_191| () Bool false)
(define-fun |memory_model::choice_rf_0_46_2_8_F_192| () Bool false)
(define-fun |memory_model::choice_rf_0_46_2_10_F_193| () Bool false)
(define-fun |main::1::1::data!0@1#21| () (_ BitVec 384) #b000000000000000000000000000000000000000000000000000000000000000000000000000000000000000000000000000000000000000000000000000000000000000000000000000000000000000000000000000000000000000000000000000000000000000000000000000000000000000000000000000000000000000000000000000000000000000000000000000000000000000000000000000000000000000000000000000000000000000000000000000000000000000000000000)
(define-fun |memory_model::choice_rf_0_48_0_12_F_194| () Bool false)
(define-fun |memory_model::choice_rf_0_48_0_13_F_195| () Bool false)
(define-fun |memory_model::choice_rf_0_48_0_14_F_196| () Bool false)
(define-fun |memory_model::choice_rf_0_48_0_15_F_197| () Bool false)
(define-fun |memory_model::choice_rf_0_48_0_25_F_198| () Bool false)
(define-fun |memory_model::choice_rf_0_48_0_29_F_199| () Bool false)
(define-fun |memory_model::choice_rf_0_48_0_32_F_200| () Bool false)
(define-fun |memory_model::choice_rf_0_48_0_47_F_201| () Bool false)
(define-fun |memory_model::choice_rf_0_48_1_1_F_202| () Bool false)
(define-fun |main::1::1::data!0@1#21$rclk$8| () (_ BitVec 7) #b1110010)
(define-fun |memory_model::choice_rf_0_48_1_4_F_203| () Bool false)
(define-fun |memory_model::choice_rf_0_48_1_8_F_204| () Bool false)
(define-fun |memory_model::choice_rf_0_48_1_10_F_205| () Bool false)
(define-fun |memory_model::choice_rf_0_48_2_1_F_206| () Bool false)
(define-fun |memory_model::choice_rf_0_48_2_4_F_207| () Bool false)
(define-fun |memory_model::choice_rf_0_48_2_8_F_208| () Bool false)
(define-fun |memory_model::choice_rf_0_48_2_10_F_209| () Bool false)
(define-fun |memory_model::choice_rf_0_49_0_12_F_210| () Bool false)
(define-fun |memory_model::choice_rf_0_49_0_13_F_211| () Bool false)
(define-fun |memory_model::choice_rf_0_49_0_14_F_212| () Bool false)
(define-fun |memory_model::choice_rf_0_49_0_15_F_213| () Bool false)
(define-fun |memory_model::choice_rf_0_49_0_25_F_214| () Bool false)
(define-fun |memory_model::choice_rf_0_49_0_29_F_215| () Bool false)
(define-fun |memory_model::choice_rf_0_49_0_32_F_216| () Bool false)
(define-fun |memory_model::choice_rf_0_49_0_47_F_217| () Bool false)
(define-fun |memory_model::choice_rf_0_49_1_1_F_218| () Bool false)
(define-fun |main::1::1::data!0@1#22$rclk$8| () (_ BitVec 7) #b1110011)
(define-fun |memory_model::choice_rf_0_49_1_4_F_219| () Bool false)
(define-fun |memory_model::choice_rf_0_49_1_8_F_220| () Bool false)
(define-fun |memory_model::choice_rf_0_49_1_10_F_221| () Bool false)
(define-fun |memory_model::choice_rf_0_49_2_1_F_222| () Bool false)
(define-fun |memory_model::choice_rf_0_49_2_4_F_223| () Bool false)
(define-fun |memory_model::choice_rf_0_49_2_8_F_224| () Bool false)
(define-fun |memory_model::choice_rf_0_49_2_10_F_225| () Bool false)
(define-fun |main::1::1::data!0@1#23| () (_ BitVec 384) #b000000000000000000000000000000000000000000000000000000000000000000000000000000000000000000000000000000000000000000000000000000000000000000000000000000000000000000000000000000000000000000000000000000000000000000000000000000000000000000000000000000000000000000000000000000000000000000000000000000000000000000000000000000000000000000000000000000000000000000000000000000000000000000000000)
(define-fun |memory_model::choice_rf_0_50_0_12_F_226| () Bool false)
(define-fun |memory_model::choice_rf_0_50_0_13_F_227| () Bool false)
(define-fun |memory_model::choice_rf_0_50_0_14_F_228| () Bool false)
(define-fun |memory_model::choice_rf_0_50_0_15_F_229| () Bool false)
(define-fun |memory_model::choice_rf_0_50_0_25_F_230| () Bool false)
(define-fun |memory_model::choice_rf_0_50_0_29_F_231| () Bool false)
(define-fun |memory_model::choice_rf_0_50_0_32_F_232| () Bool false)
(define-fun |memory_model::choice_rf_0_50_0_47_F_233| () Bool false)
(define-fun |memory_model::choice_rf_0_50_1_1_F_234| () Bool false)
(define-fun |main::1::1::data!0@1#23$rclk$8| () (_ BitVec 7) #b1110100)
(define-fun |memory_model::choice_rf_0_50_1_4_F_235| () Bool false)
(define-fun |memory_model::choice_rf_0_50_1_8_F_236| () Bool false)
(define-fun |memory_model::choice_rf_0_50_1_10_F_237| () Bool false)
(define-fun |memory_model::choice_rf_0_50_2_1_F_238| () Bool false)
(define-fun |memory_model::choice_rf_0_50_2_4_F_239| () Bool false)
(define-fun |memory_model::choice_rf_0_50_2_8_F_240| () Bool false)
(define-fun |memory_model::choice_rf_0_50_2_10_F_241| () Bool false)
(define-fun |memory_model::choice_rf_0_51_0_12_F_242| () Bool false)
(define-fun |memory_model::choice_rf_0_51_0_13_F_243| () Bool false)
(define-fun |memory_model::choice_rf_0_51_0_14_F_244| () Bool false)
(define-fun |memory_model::choice_rf_0_51_0_15_F_245| () Bool false)
(define-fun |memory_model::choice_rf_0_51_0_25_F_246| () Bool false)
(define-fun |memory_model::choice_rf_0_51_0_29_F_247| () Bool false)
(define-fun |memory_model::choice_rf_0_51_0_32_F_248| () Bool false)
(define-fun |memory_model::choice_rf_0_51_0_47_F_249| () Bool false)
(define-fun |memory_model::choice_rf_0_51_1_1_F_250| () Bool false)
(define-fun |main::1::1::data!0@1#24$rclk$8| () (_ BitVec 7) #b1110101)
(define-fun |memory_model::choice_rf_0_51_1_4_F_251| () Bool false)
(define-fun |memory_model::choice_rf_0_51_1_8_F_252| () Bool false)
(define-fun |memory_model::choice_rf_0_51_1_10_F_253| () Bool false)
(define-fun |memory_model::choice_rf_0_51_2_1_F_254| () Bool false)
(define-fun |memory_model::choice_rf_0_51_2_4_F_255| () Bool false)
(define-fun |memory_model::choice_rf_0_51_2_8_F_256| () Bool false)
(define-fun |memory_model::choice_rf_0_51_2_10_F_257| () Bool false)
(define-fun |memory_model::choice_rf_0_52_0_12_F_258| () Bool false)
(define-fun |memory_model::choice_rf_0_52_0_13_F_259| () Bool false)
(define-fun |memory_model::choice_rf_0_52_0_14_F_260| () Bool false)
(define-fun |memory_model::choice_rf_0_52_0_15_F_261| () Bool false)
(define-fun |memory_model::choice_rf_0_52_0_25_F_262| () Bool false)
(define-fun |memory_model::choice_rf_0_52_0_29_F_263| () Bool false)
(define-fun |memory_model::choice_rf_0_52_0_32_F_264| () Bool false)
(define-fun |memory_model::choice_rf_0_52_0_47_F_265| () Bool false)
(define-fun |memory_model::choice_rf_0_52_1_1_F_266| () Bool false)
(define-fun |main::1::1::data!0@1#25$rclk$8| () (_ BitVec 7) #b1110110)
(define-fun |memory_model::choice_rf_0_52_1_4_F_267| () Bool false)
(define-fun |memory_model::choice_rf_0_52_1_8_F_268| () Bool false)
(define-fun |memory_model::choice_rf_0_52_1_10_F_269| () Bool false)
(define-fun |memory_model::choice_rf_0_52_2_1_F_270| () Bool false)
(define-fun |memory_model::choice_rf_0_52_2_4_F_271| () Bool false)
(define-fun |memory_model::choice_rf_0_52_2_8_F_272| () Bool false)
(define-fun |memory_model::choice_rf_0_52_2_10_F_273| () Bool false)
(define-fun |memory_model::choice_rf_0_53_0_12_F_274| () Bool false)
(define-fun |memory_model::choice_rf_0_53_0_13_F_275| () Bool false)
(define-fun |memory_model::choice_rf_0_53_0_14_F_276| () Bool false)
(define-fun |memory_model::choice_rf_0_53_0_15_F_277| () Bool false)
(define-fun |memory_model::choice_rf_0_53_0_25_F_278| () Bool false)
(define-fun |memory_model::choice_rf_0_53_0_29_F_279| () Bool false)
(define-fun |memory_model::choice_rf_0_53_0_32_F_280| () Bool false)
(define-fun |memory_model::choice_rf_0_53_0_47_F_281| () Bool false)
(define-fun |memory_model::choice_rf_0_53_1_1_F_282| () Bool false)
(define-fun |main::1::1::data!0@1#26$rclk$8| () (_ BitVec 7) #b1110111)
(define-fun |memory_model::choice_rf_0_53_1_4_F_283| () Bool false)
(define-fun |memory_model::choice_rf_0_53_1_8_F_284| () Bool false)
(define-fun |memory_model::choice_rf_0_53_1_10_F_285| () Bool false)
(define-fun |memory_model::choice_rf_0_53_2_1_F_286| () Bool false)
(define-fun |memory_model::choice_rf_0_53_2_4_F_287| () Bool false)
(define-fun |memory_model::choice_rf_0_53_2_8_F_288| () Bool false)
(define-fun |memory_model::choice_rf_0_53_2_10_F_289| () Bool false)
(define-fun |memory_model::choice_rf_0_55_0_12_F_290| () Bool false)
(define-fun |memory_model::choice_rf_0_55_0_13_F_291| () Bool false)
(define-fun |memory_model::choice_rf_0_55_0_14_F_292| () Bool false)
(define-fun |memory_model::choice_rf_0_55_0_15_F_293| () Bool false)
(define-fun |memory_model::choice_rf_0_55_0_25_F_294| () Bool false)
(define-fun |memory_model::choice_rf_0_55_0_29_F_295| () Bool false)
(define-fun |memory_model::choice_rf_0_55_0_32_F_296| () Bool false)
(define-fun |memory_model::choice_rf_0_55_0_47_F_297| () Bool false)
(define-fun |memory_model::choice_rf_0_55_0_54_F_298| () Bool false)
(define-fun |memory_model::choice_rf_0_55_1_1_F_299| () Bool false)
(define-fun |main::1::1::data!0@1#28$rclk$8| () (_ BitVec 7) #b1111001)
(define-fun |memory_model::choice_rf_0_55_1_4_F_300| () Bool false)
(define-fun |memory_model::choice_rf_0_55_1_8_F_301| () Bool false)
(define-fun |memory_model::choice_rf_0_55_1_10_F_302| () Bool false)
(define-fun |memory_model::choice_rf_0_55_2_1_F_303| () Bool false)
(define-fun |memory_model::choice_rf_0_55_2_4_F_304| () Bool false)
(define-fun |memory_model::choice_rf_0_55_2_8_F_305| () Bool false)
(define-fun |memory_model::choice_rf_0_55_2_10_F_306| () Bool false)
(define-fun |memory_model::choice_rf_0_56_0_12_F_307| () Bool false)
(define-fun |memory_model::choice_rf_0_56_0_13_F_308| () Bool false)
(define-fun |memory_model::choice_rf_0_56_0_14_F_309| () Bool false)
(define-fun |memory_model::choice_rf_0_56_0_15_F_310| () Bool false)
(define-fun |memory_model::choice_rf_0_56_0_25_F_311| () Bool false)
(define-fun |memory_model::choice_rf_0_56_0_29_F_312| () Bool false)
(define-fun |memory_model::choice_rf_0_56_0_32_F_313| () Bool false)
(define-fun |memory_model::choice_rf_0_56_0_47_F_314| () Bool false)
(define-fun |memory_model::choice_rf_0_56_0_54_F_315| () Bool false)
(define-fun |memory_model::choice_rf_0_56_1_1_F_316| () Bool false)
(define-fun |main::1::1::data!0@1#29$rclk$8| () (_ BitVec 7) #b1111010)
(define-fun |memory_model::choice_rf_0_56_1_4_F_317| () Bool false)
(define-fun |memory_model::choice_rf_0_56_1_8_F_318| () Bool false)
(define-fun |memory_model::choice_rf_0_56_1_10_F_319| () Bool false)
(define-fun |memory_model::choice_rf_0_56_2_1_F_320| () Bool false)
(define-fun |memory_model::choice_rf_0_56_2_4_F_321| () Bool false)
(define-fun |memory_model::choice_rf_0_56_2_8_F_322| () Bool false)
(define-fun |memory_model::choice_rf_0_56_2_10_F_323| () Bool false)
(define-fun |main::1::1::data!0@1#31| () (_ BitVec 384) #b000000000000000000000000000000000000000000000000000000000000000000000000000000000000000000000000000000000000000000000000000000000000000000000000000000000000000000000000000000000000000000000000000000000000000000000000000000000000000000000000000000000000000000000000000000000000000000000000000000000000000000000000000000000000000000000000000000000000000000000000000000000000000000000000)
(define-fun |memory_model::choice_rf_0_58_0_12_F_324| () Bool false)
(define-fun |memory_model::choice_rf_0_58_0_13_F_325| () Bool false)
(define-fun |memory_model::choice_rf_0_58_0_14_F_326| () Bool false)
(define-fun |memory_model::choice_rf_0_58_0_15_F_327| () Bool false)
(define-fun |memory_model::choice_rf_0_58_0_25_F_328| () Bool false)
(define-fun |memory_model::choice_rf_0_58_0_29_F_329| () Bool false)
(define-fun |memory_model::choice_rf_0_58_0_32_F_330| () Bool false)
(define-fun |memory_model::choice_rf_0_58_0_47_F_331| () Bool false)
(define-fun |memory_model::choice_rf_0_58_0_54_F_332| () Bool false)
(define-fun |memory_model::choice_rf_0_58_0_57_F_333| () Bool false)
(define-fun |memory_model::choice_rf_0_58_1_1_F_334| () Bool false)
(define-fun |main::1::1::data!0@1#31$rclk$8| () (_ BitVec 7) #b1111100)
(define-fun |memory_model::choice_rf_0_58_1_4_F_335| () Bool false)
(define-fun |memory_model::choice_rf_0_58_1_8_F_336| () Bool false)
(define-fun |memory_model::choice_rf_0_58_1_10_F_337| () Bool false)
(define-fun |memory_model::choice_rf_0_58_2_1_F_338| () Bool false)
(define-fun |memory_model::choice_rf_0_58_2_4_F_339| () Bool false)
(define-fun |memory_model::choice_rf_0_58_2_8_F_340| () Bool false)
(define-fun |memory_model::choice_rf_0_58_2_10_F_341| () Bool false)
(define-fun |memory_model::choice_rf_0_59_0_12_F_342| () Bool false)
(define-fun |memory_model::choice_rf_0_59_0_13_F_343| () Bool false)
(define-fun |memory_model::choice_rf_0_59_0_14_F_344| () Bool false)
(define-fun |memory_model::choice_rf_0_59_0_15_F_345| () Bool false)
(define-fun |memory_model::choice_rf_0_59_0_25_F_346| () Bool false)
(define-fun |memory_model::choice_rf_0_59_0_29_F_347| () Bool false)
(define-fun |memory_model::choice_rf_0_59_0_32_F_348| () Bool false)
(define-fun |memory_model::choice_rf_0_59_0_47_F_349| () Bool false)
(define-fun |memory_model::choice_rf_0_59_0_54_F_350| () Bool false)
(define-fun |memory_model::choice_rf_0_59_0_57_F_351| () Bool false)
(define-fun |memory_model::choice_rf_0_59_1_1_F_352| () Bool false)
(define-fun |main::1::1::data!0@1#32$rclk$8| () (_ BitVec 7) #b1111101)
(define-fun |memory_model::choice_rf_0_59_1_4_F_353| () Bool false)
(define-fun |memory_model::choice_rf_0_59_1_8_F_354| () Bool false)
(define-fun |memory_model::choice_rf_0_59_1_10_F_355| () Bool false)
(define-fun |memory_model::choice_rf_0_59_2_1_F_356| () Bool false)
(define-fun |memory_model::choice_rf_0_59_2_4_F_357| () Bool false)
(define-fun |memory_model::choice_rf_0_59_2_8_F_358| () Bool false)
(define-fun |memory_model::choice_rf_0_59_2_10_F_359| () Bool false)
(define-fun |main::1::1::data!0@1#33| () (_ BitVec 384) #b000000000000000000000000000000000000000000000000000000000000000000000000000000000000000000000000000000000000000000000000000000000000000000000000000000000000000000000000000000000000000000000000000000000000000000000000000000000000000000000000000000000000000000000000000000000000000000000000000000000000000000000000000000000000000000000000000000000000000000000000000000000000000000000000)
(define-fun |memory_model::choice_rf_0_60_0_12_F_360| () Bool false)
(define-fun |memory_model::choice_rf_0_60_0_13_F_361| () Bool false)
(define-fun |memory_model::choice_rf_0_60_0_14_F_362| () Bool false)
(define-fun |memory_model::choice_rf_0_60_0_15_F_363| () Bool false)
(define-fun |memory_model::choice_rf_0_60_0_25_F_364| () Bool false)
(define-fun |memory_model::choice_rf_0_60_0_29_F_365| () Bool false)
(define-fun |memory_model::choice_rf_0_60_0_32_F_366| () Bool false)
(define-fun |memory_model::choice_rf_0_60_0_47_F_367| () Bool false)
(define-fun |memory_model::choice_rf_0_60_0_54_F_368| () Bool false)
(define-fun |memory_model::choice_rf_0_60_0_57_F_369| () Bool false)
(define-fun |memory_model::choice_rf_0_60_1_1_F_370| () Bool false)
(define-fun |main::1::1::data!0@1#33$rclk$8| () (_ BitVec 7) #b1111110)
(define-fun |memory_model::choice_rf_0_60_1_4_F_371| () Bool false)
(define-fun |memory_model::choice_rf_0_60_1_8_F_372| () Bool false)
(define-fun |memory_model::choice_rf_0_60_1_10_F_373| () Bool false)
(define-fun |memory_model::choice_rf_0_60_2_1_F_374| () Bool false)
(define-fun |memory_model::choice_rf_0_60_2_4_F_375| () Bool false)
(define-fun |memory_model::choice_rf_0_60_2_8_F_376| () Bool false)
(define-fun |memory_model::choice_rf_0_60_2_10_F_377| () Bool false)
(define-fun |memory_model::choice_rf_0_61_0_12_F_378| () Bool false)
(define-fun |memory_model::choice_rf_0_61_0_13_F_379| () Bool false)
(define-fun |memory_model::choice_rf_0_61_0_14_F_380| () Bool false)
(define-fun |memory_model::choice_rf_0_61_0_15_F_381| () Bool false)
(define-fun |memory_model::choice_rf_0_61_0_25_F_382| () Bool false)
(define-fun |memory_model::choice_rf_0_61_0_29_F_383| () Bool false)
(define-fun |memory_model::choice_rf_0_61_0_32_F_384| () Bool false)
(define-fun |memory_model::choice_rf_0_61_0_47_F_385| () Bool false)
(define-fun |memory_model::choice_rf_0_61_0_54_F_386| () Bool false)
(define-fun |memory_model::choice_rf_0_61_0_57_F_387| () Bool false)
(define-fun |memory_model::choice_rf_0_61_1_1_F_388| () Bool false)
(define-fun |main::1::1::data!0@1#34$rclk$8| () (_ BitVec 7) #b1111111)
(define-fun |memory_model::choice_rf_0_61_1_4_F_389| () Bool false)
(define-fun |memory_model::choice_rf_0_61_1_8_F_390| () Bool false)
(define-fun |memory_model::choice_rf_0_61_1_10_F_391| () Bool false)
(define-fun |memory_model::choice_rf_0_61_2_1_F_392| () Bool false)
(define-fun |memory_model::choice_rf_0_61_2_4_F_393| () Bool false)
(define-fun |memory_model::choice_rf_0_61_2_8_F_394| () Bool false)
(define-fun |memory_model::choice_rf_0_61_2_10_F_395| () Bool false)
(define-fun |memory_model::choice_rf_1_0_0_12_F_396| () Bool false)
(define-fun |main::1::1::data!0@1#1$wclk$8| () (_ BitVec 7) #b0001111)
(define-fun |main::1::1::data!0@1#36$rclk$8| () (_ BitVec 7) #b1010110)
(define-fun |memory_model::choice_rf_1_0_0_13_F_397| () Bool false)
(define-fun |main::1::1::data!0@1#2$wclk$8| () (_ BitVec 7) #b0010000)
(define-fun |memory_model::choice_rf_1_0_0_14_F_398| () Bool false)
(define-fun |main::1::1::data!0@1#3$wclk$8| () (_ BitVec 7) #b0010001)
(define-fun |memory_model::choice_rf_1_0_0_15_F_399| () Bool false)
(define-fun |main::1::1::data!0@1#4$wclk$8| () (_ BitVec 7) #b0010010)
(define-fun |memory_model::choice_rf_1_0_0_25_F_400| () Bool false)
(define-fun |main::1::1::data!0@1#7$wclk$8| () (_ BitVec 7) #b1010010)
(define-fun |memory_model::choice_rf_1_0_0_29_F_401| () Bool false)
(define-fun |main::1::1::data!0@1#10$wclk$8| () (_ BitVec 7) #b1011110)
(define-fun |memory_model::choice_rf_1_0_0_32_F_402| () Bool false)
(define-fun |main::1::1::data!0@1#13$wclk$8| () (_ BitVec 7) #b1100010)
(define-fun |memory_model::choice_rf_1_0_0_47_F_403| () Bool false)
(define-fun |main::1::1::data!0@1#20$wclk$8| () (_ BitVec 7) #b1110001)
(define-fun |memory_model::choice_rf_1_0_0_54_F_404| () Bool false)
(define-fun |main::1::1::data!0@1#27$wclk$8| () (_ BitVec 7) #b1111000)
(define-fun |memory_model::choice_rf_1_0_0_57_F_405| () Bool false)
(define-fun |main::1::1::data!0@1#30$wclk$8| () (_ BitVec 7) #b1111011)
(define-fun |memory_model::choice_rf_1_0_2_1_F_406| () Bool false)
(define-fun |memory_model::choice_rf_1_0_2_4_F_407| () Bool false)
(define-fun |memory_model::choice_rf_1_0_2_8_F_408| () Bool false)
(define-fun |memory_model::choice_rf_1_0_2_10_F_409| () Bool true)
(define-fun |memory_model::choice_rf_1_2_0_12_F_410| () Bool false)
(define-fun |main::1::1::data!0@1#40$rclk$8| () (_ BitVec 7) #b1010111)
(define-fun |memory_model::choice_rf_1_2_0_13_F_411| () Bool false)
(define-fun |memory_model::choice_rf_1_2_0_14_F_412| () Bool false)
(define-fun |memory_model::choice_rf_1_2_0_15_F_413| () Bool false)
(define-fun |memory_model::choice_rf_1_2_0_25_F_414| () Bool false)
(define-fun |memory_model::choice_rf_1_2_0_29_F_415| () Bool false)
(define-fun |memory_model::choice_rf_1_2_0_32_F_416| () Bool false)
(define-fun |memory_model::choice_rf_1_2_0_47_F_417| () Bool false)
(define-fun |memory_model::choice_rf_1_2_0_54_F_418| () Bool false)
(define-fun |memory_model::choice_rf_1_2_0_57_F_419| () Bool false)
(define-fun |memory_model::choice_rf_1_2_1_1_F_420| () Bool true)
(define-fun |memory_model::choice_rf_1_2_2_1_F_421| () Bool false)
(define-fun |memory_model::choice_rf_1_2_2_4_F_422| () Bool false)
(define-fun |memory_model::choice_rf_1_2_2_8_F_423| () Bool false)
(define-fun |memory_model::choice_rf_1_2_2_10_F_424| () Bool false)
(define-fun |memory_model::choice_rf_1_3_0_12_F_425| () Bool false)
(define-fun |main::1::1::data!0@1#41$rclk$8| () (_ BitVec 7) #b1011000)
(define-fun |memory_model::choice_rf_1_3_0_13_F_426| () Bool false)
(define-fun |memory_model::choice_rf_1_3_0_14_F_427| () Bool false)
(define-fun |memory_model::choice_rf_1_3_0_15_F_428| () Bool false)
(define-fun |memory_model::choice_rf_1_3_0_25_F_429| () Bool false)
(define-fun |memory_model::choice_rf_1_3_0_29_F_430| () Bool false)
(define-fun |memory_model::choice_rf_1_3_0_32_F_431| () Bool false)
(define-fun |memory_model::choice_rf_1_3_0_47_F_432| () Bool false)
(define-fun |memory_model::choice_rf_1_3_0_54_F_433| () Bool false)
(define-fun |memory_model::choice_rf_1_3_0_57_F_434| () Bool false)
(define-fun |memory_model::choice_rf_1_3_1_1_F_435| () Bool true)
(define-fun |memory_model::choice_rf_1_3_2_1_F_436| () Bool false)
(define-fun |memory_model::choice_rf_1_3_2_4_F_437| () Bool false)
(define-fun |memory_model::choice_rf_1_3_2_8_F_438| () Bool false)
(define-fun |memory_model::choice_rf_1_3_2_10_F_439| () Bool false)
(define-fun |memory_model::choice_rf_1_5_0_12_F_440| () Bool false)
(define-fun |main::1::1::data!0@1#43$rclk$8| () (_ BitVec 7) #b1011010)
(define-fun |memory_model::choice_rf_1_5_0_13_F_441| () Bool false)
(define-fun |memory_model::choice_rf_1_5_0_14_F_442| () Bool false)
(define-fun |memory_model::choice_rf_1_5_0_15_F_443| () Bool false)
(define-fun |memory_model::choice_rf_1_5_0_25_F_444| () Bool false)
(define-fun |memory_model::choice_rf_1_5_0_29_F_445| () Bool false)
(define-fun |memory_model::choice_rf_1_5_0_32_F_446| () Bool false)
(define-fun |memory_model::choice_rf_1_5_0_47_F_447| () Bool false)
(define-fun |memory_model::choice_rf_1_5_0_54_F_448| () Bool false)
(define-fun |memory_model::choice_rf_1_5_0_57_F_449| () Bool false)
(define-fun |memory_model::choice_rf_1_5_1_1_F_450| () Bool false)
(define-fun |memory_model::choice_rf_1_5_1_4_F_451| () Bool true)
(define-fun |memory_model::choice_rf_1_5_2_1_F_452| () Bool false)
(define-fun |memory_model::choice_rf_1_5_2_4_F_453| () Bool false)
(define-fun |memory_model::choice_rf_1_5_2_8_F_454| () Bool false)
(define-fun |memory_model::choice_rf_1_5_2_10_F_455| () Bool false)
(define-fun |memory_model::choice_rf_1_6_0_12_F_456| () Bool false)
(define-fun |main::1::1::data!0@1#44$rclk$8| () (_ BitVec 7) #b1011011)
(define-fun |memory_model::choice_rf_1_6_0_13_F_457| () Bool false)
(define-fun |memory_model::choice_rf_1_6_0_14_F_458| () Bool false)
(define-fun |memory_model::choice_rf_1_6_0_15_F_459| () Bool false)
(define-fun |memory_model::choice_rf_1_6_0_25_F_460| () Bool false)
(define-fun |memory_model::choice_rf_1_6_0_29_F_461| () Bool false)
(define-fun |memory_model::choice_rf_1_6_0_32_F_462| () Bool false)
(define-fun |memory_model::choice_rf_1_6_0_47_F_463| () Bool false)
(define-fun |memory_model::choice_rf_1_6_0_54_F_464| () Bool false)
(define-fun |memory_model::choice_rf_1_6_0_57_F_465| () Bool false)
(define-fun |memory_model::choice_rf_1_6_1_1_F_466| () Bool false)
(define-fun |memory_model::choice_rf_1_6_1_4_F_467| () Bool true)
(define-fun |memory_model::choice_rf_1_6_2_1_F_468| () Bool false)
(define-fun |memory_model::choice_rf_1_6_2_4_F_469| () Bool false)
(define-fun |memory_model::choice_rf_1_6_2_8_F_470| () Bool false)
(define-fun |memory_model::choice_rf_1_6_2_10_F_471| () Bool false)
(define-fun |memory_model::choice_rf_1_7_0_12_F_472| () Bool false)
(define-fun |main::1::1::data!0@1#45$rclk$8| () (_ BitVec 7) #b1011100)
(define-fun |memory_model::choice_rf_1_7_0_13_F_473| () Bool false)
(define-fun |memory_model::choice_rf_1_7_0_14_F_474| () Bool false)
(define-fun |memory_model::choice_rf_1_7_0_15_F_475| () Bool false)
(define-fun |memory_model::choice_rf_1_7_0_25_F_476| () Bool false)
(define-fun |memory_model::choice_rf_1_7_0_29_F_477| () Bool false)
(define-fun |memory_model::choice_rf_1_7_0_32_F_478| () Bool false)
(define-fun |memory_model::choice_rf_1_7_0_47_F_479| () Bool false)
(define-fun |memory_model::choice_rf_1_7_0_54_F_480| () Bool false)
(define-fun |memory_model::choice_rf_1_7_0_57_F_481| () Bool false)
(define-fun |memory_model::choice_rf_1_7_1_1_F_482| () Bool false)
(define-fun |memory_model::choice_rf_1_7_1_4_F_483| () Bool true)
(define-fun |memory_model::choice_rf_1_7_2_1_F_484| () Bool false)
(define-fun |memory_model::choice_rf_1_7_2_4_F_485| () Bool false)
(define-fun |memory_model::choice_rf_1_7_2_8_F_486| () Bool false)
(define-fun |memory_model::choice_rf_1_7_2_10_F_487| () Bool false)
(define-fun |memory_model::choice_rf_1_9_0_12_F_488| () Bool false)
(define-fun |main::1::1::data!0@1#47$rclk$8| () (_ BitVec 7) #b1011111)
(define-fun |memory_model::choice_rf_1_9_0_13_F_489| () Bool false)
(define-fun |memory_model::choice_rf_1_9_0_14_F_490| () Bool false)
(define-fun |memory_model::choice_rf_1_9_0_15_F_491| () Bool false)
(define-fun |memory_model::choice_rf_1_9_0_25_F_492| () Bool false)
(define-fun |memory_model::choice_rf_1_9_0_29_F_493| () Bool true)
(define-fun |memory_model::choice_rf_1_9_0_32_F_494| () Bool false)
(define-fun |memory_model::choice_rf_1_9_0_47_F_495| () Bool false)
(define-fun |memory_model::choice_rf_1_9_0_54_F_496| () Bool false)
(define-fun |memory_model::choice_rf_1_9_0_57_F_497| () Bool false)
(define-fun |memory_model::choice_rf_1_9_1_1_F_498| () Bool false)
(define-fun |memory_model::choice_rf_1_9_1_4_F_499| () Bool false)
(define-fun |memory_model::choice_rf_1_9_1_8_F_500| () Bool false)
(define-fun |memory_model::choice_rf_1_9_2_1_F_501| () Bool false)
(define-fun |memory_model::choice_rf_1_9_2_4_F_502| () Bool false)
(define-fun |memory_model::choice_rf_1_9_2_8_F_503| () Bool false)
(define-fun |memory_model::choice_rf_1_9_2_10_F_504| () Bool false)
(define-fun |memory_model::choice_rf_2_0_0_12_F_505| () Bool false)
(define-fun |main::1::1::data!0@1#50$rclk$8| () (_ BitVec 7) #b0101010)
(define-fun |memory_model::choice_rf_2_0_0_13_F_506| () Bool false)
(define-fun |memory_model::choice_rf_2_0_0_14_F_507| () Bool false)
(define-fun |memory_model::choice_rf_2_0_0_15_F_508| () Bool true)
(define-fun |memory_model::choice_rf_2_0_0_25_F_509| () Bool false)
(define-fun |memory_model::choice_rf_2_0_0_29_F_510| () Bool false)
(define-fun |memory_model::choice_rf_2_0_0_32_F_511| () Bool false)
(define-fun |memory_model::choice_rf_2_0_0_47_F_512| () Bool false)
(define-fun |memory_model::choice_rf_2_0_0_54_F_513| () Bool false)
(define-fun |memory_model::choice_rf_2_0_0_57_F_514| () Bool false)
(define-fun |memory_model::choice_rf_2_0_1_1_F_515| () Bool false)
(define-fun |memory_model::choice_rf_2_0_1_4_F_516| () Bool false)
(define-fun |memory_model::choice_rf_2_0_1_8_F_517| () Bool false)
(define-fun |memory_model::choice_rf_2_0_1_10_F_518| () Bool false)
(define-fun |memory_model::choice_rf_2_2_0_12_F_519| () Bool false)
(define-fun |main::1::1::data!0@1#54$rclk$8| () (_ BitVec 7) #b0101011)
(define-fun |memory_model::choice_rf_2_2_0_13_F_520| () Bool false)
(define-fun |memory_model::choice_rf_2_2_0_14_F_521| () Bool false)
(define-fun |memory_model::choice_rf_2_2_0_15_F_522| () Bool false)
(define-fun |memory_model::choice_rf_2_2_0_25_F_523| () Bool false)
(define-fun |memory_model::choice_rf_2_2_0_29_F_524| () Bool false)
(define-fun |memory_model::choice_rf_2_2_0_32_F_525| () Bool false)
(define-fun |memory_model::choice_rf_2_2_0_47_F_526| () Bool false)
(define-fun |memory_model::choice_rf_2_2_0_54_F_527| () Bool false)
(define-fun |memory_model::choice_rf_2_2_0_57_F_528| () Bool false)
(define-fun |memory_model::choice_rf_2_2_1_1_F_529| () Bool false)
(define-fun |memory_model::choice_rf_2_2_1_4_F_530| () Bool false)
(define-fun |memory_model::choice_rf_2_2_1_8_F_531| () Bool false)
(define-fun |memory_model::choice_rf_2_2_1_10_F_532| () Bool false)
(define-fun |memory_model::choice_rf_2_2_2_1_F_533| () Bool true)
(define-fun |memory_model::choice_rf_2_3_0_12_F_534| () Bool false)
(define-fun |main::1::1::data!0@1#55$rclk$8| () (_ BitVec 7) #b0101100)
(define-fun |memory_model::choice_rf_2_3_0_13_F_535| () Bool false)
(define-fun |memory_model::choice_rf_2_3_0_14_F_536| () Bool false)
(define-fun |memory_model::choice_rf_2_3_0_15_F_537| () Bool false)
(define-fun |memory_model::choice_rf_2_3_0_25_F_538| () Bool false)
(define-fun |memory_model::choice_rf_2_3_0_29_F_539| () Bool false)
(define-fun |memory_model::choice_rf_2_3_0_32_F_540| () Bool false)
(define-fun |memory_model::choice_rf_2_3_0_47_F_541| () Bool false)
(define-fun |memory_model::choice_rf_2_3_0_54_F_542| () Bool false)
(define-fun |memory_model::choice_rf_2_3_0_57_F_543| () Bool false)
(define-fun |memory_model::choice_rf_2_3_1_1_F_544| () Bool false)
(define-fun |memory_model::choice_rf_2_3_1_4_F_545| () Bool false)
(define-fun |memory_model::choice_rf_2_3_1_8_F_546| () Bool false)
(define-fun |memory_model::choice_rf_2_3_1_10_F_547| () Bool false)
(define-fun |memory_model::choice_rf_2_3_2_1_F_548| () Bool true)
(define-fun |memory_model::choice_rf_2_5_0_12_F_549| () Bool false)
(define-fun |main::1::1::data!0@1#57$rclk$8| () (_ BitVec 7) #b1000110)
(define-fun |memory_model::choice_rf_2_5_0_13_F_550| () Bool false)
(define-fun |memory_model::choice_rf_2_5_0_14_F_551| () Bool false)
(define-fun |memory_model::choice_rf_2_5_0_15_F_552| () Bool false)
(define-fun |memory_model::choice_rf_2_5_0_25_F_553| () Bool false)
(define-fun |memory_model::choice_rf_2_5_0_29_F_554| () Bool false)
(define-fun |memory_model::choice_rf_2_5_0_32_F_555| () Bool false)
(define-fun |memory_model::choice_rf_2_5_0_47_F_556| () Bool false)
(define-fun |memory_model::choice_rf_2_5_0_54_F_557| () Bool false)
(define-fun |memory_model::choice_rf_2_5_0_57_F_558| () Bool false)
(define-fun |memory_model::choice_rf_2_5_1_1_F_559| () Bool false)
(define-fun |memory_model::choice_rf_2_5_1_4_F_560| () Bool false)
(define-fun |memory_model::choice_rf_2_5_1_8_F_561| () Bool false)
(define-fun |memory_model::choice_rf_2_5_1_10_F_562| () Bool false)
(define-fun |memory_model::choice_rf_2_5_2_1_F_563| () Bool false)
(define-fun |memory_model::choice_rf_2_5_2_4_F_564| () Bool true)
(define-fun |memory_model::choice_rf_2_6_0_12_F_565| () Bool false)
(define-fun |main::1::1::data!0@1#58$rclk$8| () (_ BitVec 7) #b1000111)
(define-fun |memory_model::choice_rf_2_6_0_13_F_566| () Bool false)
(define-fun |memory_model::choice_rf_2_6_0_14_F_567| () Bool false)
(define-fun |memory_model::choice_rf_2_6_0_15_F_568| () Bool false)
(define-fun |memory_model::choice_rf_2_6_0_25_F_569| () Bool false)
(define-fun |memory_model::choice_rf_2_6_0_29_F_570| () Bool false)
(define-fun |memory_model::choice_rf_2_6_0_32_F_571| () Bool false)
(define-fun |memory_model::choice_rf_2_6_0_47_F_572| () Bool false)
(define-fun |memory_model::choice_rf_2_6_0_54_F_573| () Bool false)
(define-fun |memory_model::choice_rf_2_6_0_57_F_574| () Bool false)
(define-fun |memory_model::choice_rf_2_6_1_1_F_575| () Bool false)
(define-fun |memory_model::choice_rf_2_6_1_4_F_576| () Bool false)
(define-fun |memory_model::choice_rf_2_6_1_8_F_577| () Bool false)
(define-fun |memory_model::choice_rf_2_6_1_10_F_578| () Bool false)
(define-fun |memory_model::choice_rf_2_6_2_1_F_579| () Bool false)
(define-fun |memory_model::choice_rf_2_6_2_4_F_580| () Bool true)
(define-fun |memory_model::choice_rf_2_7_0_12_F_581| () Bool false)
(define-fun |main::1::1::data!0@1#59$rclk$8| () (_ BitVec 7) #b1001000)
(define-fun |memory_model::choice_rf_2_7_0_13_F_582| () Bool false)
(define-fun |memory_model::choice_rf_2_7_0_14_F_583| () Bool false)
(define-fun |memory_model::choice_rf_2_7_0_15_F_584| () Bool false)
(define-fun |memory_model::choice_rf_2_7_0_25_F_585| () Bool false)
(define-fun |memory_model::choice_rf_2_7_0_29_F_586| () Bool false)
(define-fun |memory_model::choice_rf_2_7_0_32_F_587| () Bool false)
(define-fun |memory_model::choice_rf_2_7_0_47_F_588| () Bool false)
(define-fun |memory_model::choice_rf_2_7_0_54_F_589| () Bool false)
(define-fun |memory_model::choice_rf_2_7_0_57_F_590| () Bool false)
(define-fun |memory_model::choice_rf_2_7_1_1_F_591| () Bool false)
(define-fun |memory_model::choice_rf_2_7_1_4_F_592| () Bool false)
(define-fun |memory_model::choice_rf_2_7_1_8_F_593| () Bool false)
(define-fun |memory_model::choice_rf_2_7_1_10_F_594| () Bool false)
(define-fun |memory_model::choice_rf_2_7_2_1_F_595| () Bool false)
(define-fun |memory_model::choice_rf_2_7_2_4_F_596| () Bool true)
(define-fun |memory_model::choice_rf_2_9_0_12_F_597| () Bool false)
(define-fun |main::1::1::data!0@1#61$rclk$8| () (_ BitVec 7) #b1010001)
(define-fun |memory_model::choice_rf_2_9_0_13_F_598| () Bool false)
(define-fun |memory_model::choice_rf_2_9_0_14_F_599| () Bool false)
(define-fun |memory_model::choice_rf_2_9_0_15_F_600| () Bool false)
(define-fun |memory_model::choice_rf_2_9_0_25_F_601| () Bool false)
(define-fun |memory_model::choice_rf_2_9_0_29_F_602| () Bool false)
(define-fun |memory_model::choice_rf_2_9_0_32_F_603| () Bool false)
(define-fun |memory_model::choice_rf_2_9_0_47_F_604| () Bool false)
(define-fun |memory_model::choice_rf_2_9_0_54_F_605| () Bool false)
(define-fun |memory_model::choice_rf_2_9_0_57_F_606| () Bool false)
(define-fun |memory_model::choice_rf_2_9_1_1_F_607| () Bool false)
(define-fun |memory_model::choice_rf_2_9_1_4_F_608| () Bool false)
(define-fun |memory_model::choice_rf_2_9_1_8_F_609| () Bool false)
(define-fun |memory_model::choice_rf_2_9_1_10_F_610| () Bool false)
(define-fun |memory_model::choice_rf_2_9_2_1_F_611| () Bool false)
(define-fun |memory_model::choice_rf_2_9_2_4_F_612| () Bool false)
(define-fun |memory_model::choice_rf_2_9_2_8_F_613| () Bool true)
(define-fun |memory_model::choice_ws-ext_0_9_1_12_T_614| () Bool true)
(define-fun |memory_model::choice_ws-ext_0_9_2_12_T_615| () Bool true)
(define-fun |memory_model::choice_ws-ext_1_12_2_12_T_616| () Bool false)
(define-fun |memory_model::choice_ws-ext_0_12_1_1_F_617| () Bool true)
(define-fun |memory_model::choice_ws-ext_0_12_1_4_F_618| () Bool true)
(define-fun |memory_model::choice_ws-ext_0_12_1_8_F_619| () Bool true)
(define-fun |memory_model::choice_ws-ext_0_12_1_10_F_620| () Bool true)
(define-fun |memory_model::choice_ws-ext_0_12_2_1_F_621| () Bool true)
(define-fun |memory_model::choice_ws-ext_0_12_2_4_F_622| () Bool true)
(define-fun |memory_model::choice_ws-ext_0_12_2_8_F_623| () Bool true)
(define-fun |memory_model::choice_ws-ext_0_12_2_10_F_624| () Bool true)
(define-fun |memory_model::choice_ws-ext_0_13_1_1_F_625| () Bool true)
(define-fun |memory_model::choice_ws-ext_0_13_1_4_F_626| () Bool true)
(define-fun |memory_model::choice_ws-ext_0_13_1_8_F_627| () Bool true)
(define-fun |memory_model::choice_ws-ext_0_13_1_10_F_628| () Bool true)
(define-fun |memory_model::choice_ws-ext_0_13_2_1_F_629| () Bool true)
(define-fun |memory_model::choice_ws-ext_0_13_2_4_F_630| () Bool true)
(define-fun |memory_model::choice_ws-ext_0_13_2_8_F_631| () Bool true)
(define-fun |memory_model::choice_ws-ext_0_13_2_10_F_632| () Bool true)
(define-fun |memory_model::choice_ws-ext_0_14_1_1_F_633| () Bool true)
(define-fun |memory_model::choice_ws-ext_0_14_1_4_F_634| () Bool true)
(define-fun |memory_model::choice_ws-ext_0_14_1_8_F_635| () Bool true)
(define-fun |memory_model::choice_ws-ext_0_14_1_10_F_636| () Bool true)
(define-fun |memory_model::choice_ws-ext_0_14_2_1_F_637| () Bool true)
(define-fun |memory_model::choice_ws-ext_0_14_2_4_F_638| () Bool true)
(define-fun |memory_model::choice_ws-ext_0_14_2_8_F_639| () Bool true)
(define-fun |memory_model::choice_ws-ext_0_14_2_10_F_640| () Bool true)
(define-fun |memory_model::choice_ws-ext_0_15_1_1_F_641| () Bool true)
(define-fun |memory_model::choice_ws-ext_0_15_1_4_F_642| () Bool true)
(define-fun |memory_model::choice_ws-ext_0_15_1_8_F_643| () Bool true)
(define-fun |memory_model::choice_ws-ext_0_15_1_10_F_644| () Bool true)
(define-fun |memory_model::choice_ws-ext_0_15_2_1_F_645| () Bool true)
(define-fun |memory_model::choice_ws-ext_0_15_2_4_F_646| () Bool true)
(define-fun |memory_model::choice_ws-ext_0_15_2_8_F_647| () Bool true)
(define-fun |memory_model::choice_ws-ext_0_15_2_10_F_648| () Bool true)
(define-fun |memory_model::choice_ws-ext_0_25_1_1_F_649| () Bool true)
(define-fun |memory_model::choice_ws-ext_0_25_1_4_F_650| () Bool true)
(define-fun |memory_model::choice_ws-ext_0_25_1_8_F_651| () Bool true)
(define-fun |memory_model::choice_ws-ext_0_25_1_10_F_652| () Bool true)
(define-fun |memory_model::choice_ws-ext_0_25_2_1_F_653| () Bool false)
(define-fun |memory_model::choice_ws-ext_0_25_2_4_F_654| () Bool false)
(define-fun |memory_model::choice_ws-ext_0_25_2_8_F_655| () Bool false)
(define-fun |memory_model::choice_ws-ext_0_25_2_10_F_656| () Bool false)
(define-fun |memory_model::choice_ws-ext_0_29_1_1_F_657| () Bool false)
(define-fun |memory_model::choice_ws-ext_0_29_1_4_F_658| () Bool false)
(define-fun |memory_model::choice_ws-ext_0_29_1_8_F_659| () Bool false)
(define-fun |memory_model::choice_ws-ext_0_29_1_10_F_660| () Bool true)
(define-fun |memory_model::choice_ws-ext_0_29_2_1_F_661| () Bool false)
(define-fun |memory_model::choice_ws-ext_0_29_2_4_F_662| () Bool false)
(define-fun |memory_model::choice_ws-ext_0_29_2_8_F_663| () Bool false)
(define-fun |memory_model::choice_ws-ext_0_29_2_10_F_664| () Bool false)
(define-fun |memory_model::choice_ws-ext_0_32_1_1_F_665| () Bool false)
(define-fun |memory_model::choice_ws-ext_0_32_1_4_F_666| () Bool false)
(define-fun |memory_model::choice_ws-ext_0_32_1_8_F_667| () Bool false)
(define-fun |memory_model::choice_ws-ext_0_32_1_10_F_668| () Bool false)
(define-fun |memory_model::choice_ws-ext_0_32_2_1_F_669| () Bool false)
(define-fun |memory_model::choice_ws-ext_0_32_2_4_F_670| () Bool false)
(define-fun |memory_model::choice_ws-ext_0_32_2_8_F_671| () Bool false)
(define-fun |memory_model::choice_ws-ext_0_32_2_10_F_672| () Bool false)
(define-fun |memory_model::choice_ws-ext_0_47_1_1_F_673| () Bool false)
(define-fun |memory_model::choice_ws-ext_0_47_1_4_F_674| () Bool false)
(define-fun |memory_model::choice_ws-ext_0_47_1_8_F_675| () Bool false)
(define-fun |memory_model::choice_ws-ext_0_47_1_10_F_676| () Bool false)
(define-fun |memory_model::choice_ws-ext_0_47_2_1_F_677| () Bool false)
(define-fun |memory_model::choice_ws-ext_0_47_2_4_F_678| () Bool false)
(define-fun |memory_model::choice_ws-ext_0_47_2_8_F_679| () Bool false)
(define-fun |memory_model::choice_ws-ext_0_47_2_10_F_680| () Bool false)
(define-fun |memory_model::choice_ws-ext_0_54_1_1_F_681| () Bool false)
(define-fun |memory_model::choice_ws-ext_0_54_1_4_F_682| () Bool false)
(define-fun |memory_model::choice_ws-ext_0_54_1_8_F_683| () Bool false)
(define-fun |memory_model::choice_ws-ext_0_54_1_10_F_684| () Bool false)
(define-fun |memory_model::choice_ws-ext_0_54_2_1_F_685| () Bool false)
(define-fun |memory_model::choice_ws-ext_0_54_2_4_F_686| () Bool false)
(define-fun |memory_model::choice_ws-ext_0_54_2_8_F_687| () Bool false)
(define-fun |memory_model::choice_ws-ext_0_54_2_10_F_688| () Bool false)
(define-fun |memory_model::choice_ws-ext_0_57_1_1_F_689| () Bool false)
(define-fun |memory_model::choice_ws-ext_0_57_1_4_F_690| () Bool false)
(define-fun |memory_model::choice_ws-ext_0_57_1_8_F_691| () Bool false)
(define-fun |memory_model::choice_ws-ext_0_57_1_10_F_692| () Bool false)
(define-fun |memory_model::choice_ws-ext_0_57_2_1_F_693| () Bool false)
(define-fun |memory_model::choice_ws-ext_0_57_2_4_F_694| () Bool false)
(define-fun |memory_model::choice_ws-ext_0_57_2_8_F_695| () Bool false)
(define-fun |memory_model::choice_ws-ext_0_57_2_10_F_696| () Bool false)
(define-fun |memory_model::choice_ws-ext_1_1_2_1_F_697| () Bool false)
(define-fun |memory_model::choice_ws-ext_1_1_2_4_F_698| () Bool false)
(define-fun |memory_model::choice_ws-ext_1_1_2_8_F_699| () Bool false)
(define-fun |memory_model::choice_ws-ext_1_1_2_10_F_700| () Bool false)
(define-fun |memory_model::choice_ws-ext_1_4_2_1_F_701| () Bool false)
(define-fun |memory_model::choice_ws-ext_1_4_2_4_F_702| () Bool false)
(define-fun |memory_model::choice_ws-ext_1_4_2_8_F_703| () Bool false)
(define-fun |memory_model::choice_ws-ext_1_4_2_10_F_704| () Bool false)
(define-fun |memory_model::choice_ws-ext_1_8_2_1_F_705| () Bool false)
(define-fun |memory_model::choice_ws-ext_1_8_2_4_F_706| () Bool false)
(define-fun |memory_model::choice_ws-ext_1_8_2_8_F_707| () Bool false)
(define-fun |memory_model::choice_ws-ext_1_8_2_10_F_708| () Bool false)
(define-fun |memory_model::choice_ws-ext_1_10_2_1_F_709| () Bool false)
(define-fun |memory_model::choice_ws-ext_1_10_2_4_F_710| () Bool false)
(define-fun |memory_model::choice_ws-ext_1_10_2_8_F_711| () Bool false)
(define-fun |memory_model::choice_ws-ext_1_10_2_10_F_712| () Bool false)
(define-fun t1$18$spwnclk$8 () (_ BitVec 7) #b0100101)
(define-fun t1$22$spwnclk$8 () (_ BitVec 7) #b0101000)
(define-fun |my_drv_disconnect::1::status!0@1$wclk$8| () (_ BitVec 7) #b0000000)
(define-fun |__CPROVER_dead_object#1$wclk$8| () (_ BitVec 7) #b0000001)
(define-fun |__CPROVER_deallocated#1$wclk$8| () (_ BitVec 7) #b0000010)
(define-fun |__CPROVER_malloc_is_new_array#1$wclk$8| () (_ BitVec 7) #b0000011)
(define-fun |__CPROVER_malloc_object#1$wclk$8| () (_ BitVec 7) #b0000100)
(define-fun |__CPROVER_malloc_size#1$wclk$8| () (_ BitVec 7) #b0000101)
(define-fun |__CPROVER_memory_leak#1$wclk$8| () (_ BitVec 7) #b0000110)
(define-fun |__CPROVER_next_thread_id#1$wclk$8| () (_ BitVec 7) #b0000111)
(define-fun |__CPROVER_pipe_count#1$wclk$8| () (_ BitVec 7) #b0001011)
(define-fun |t1#1$wclk$8| () (_ BitVec 7) #b0001101)
(define-fun |t2#1$wclk$8| () (_ BitVec 7) #b0001110)
(define-fun |__CPROVER_next_thread_id#2$wclk$8| () (_ BitVec 7) #b0010011)
(define-fun |t1#2$wclk$8| () (_ BitVec 7) #b0100100)
(define-fun |__CPROVER_next_thread_id#3$rclk$8| () (_ BitVec 7) #b0100110)
(define-fun |__CPROVER_next_thread_id#7$wclk$8| () (_ BitVec 7) #b0100110)
(define-fun |t2#2$wclk$8| () (_ BitVec 7) #b0100111)
(define-fun |my_drv_disconnect::1::status!0@1#1$wclk$8| () (_ BitVec 7) #b1010011)
(define-fun |t1#3$rclk$8| () (_ BitVec 7) #b1100111)
(define-fun |t1#4$rclk$8| () (_ BitVec 7) #b1101000)
(define-fun |__CPROVER_next_thread_id#8$rclk$8| () (_ BitVec 7) #b1101001)
(define-fun |t2#3$rclk$8| () (_ BitVec 7) #b1101011)
(define-fun |t2#4$rclk$8| () (_ BitVec 7) #b1101100)
(define-fun |__CPROVER_next_thread_id#9$rclk$8| () (_ BitVec 7) #b1101101)
)

real	0m6.355s
user	0m6.274s
sys	0m0.073s
State: AC Run_time: 6.357227087020874