sat
(model
  (define-fun |goto_symex::&92;guard#1| () Bool true)
  (define-fun |goto_symex::&92;guard#2| () Bool true)
  (define-fun |goto_symex::&92;guard#3| () Bool true)
  (define-fun |goto_symex::&92;guard#4| () Bool true)
  (define-fun |goto_symex::&92;guard#5| () Bool false)
  (define-fun |goto_symex::&92;guard#6| () Bool false)
  (define-fun |__CPROVER_threads_exited#2| (
   (|__CPROVER_threads_exited#2|_x0 (_ BitVec 32))) (_ BitVec 1)
    (ite (= |__CPROVER_threads_exited#2|_x0 #b10000000000000000000000000000000) #b0
    (ite (= |__CPROVER_threads_exited#2|_x0 #b11000000000000000000000000000000) #b1
    (ite (= |__CPROVER_threads_exited#2|_x0 #b00000000000000000000000000000000) #b0
      #b0))))
  (define-fun |pthread_join::thread!0@1#1| () (_ BitVec 32) #b00000000000000000000000000000001)
  (define-fun |goto_symex::&92;guard#7| () Bool true)
  (define-fun |mutex#10| () (_ BitVec 320) #b00000000000000000000000000000000000000000000000000000000000000000000000000000000000000000000000000000000000000000000000000000000000000000000000000000000000000000000000000000000000000000000000000000000000000000000000000000000000000000000000000000000000000000000000000000000000000000000000000000000000000000000000000000000)
  (define-fun array_of.0 (
   (array_of.0_x0 (_ BitVec 32))) (_ BitVec 1)
    (ite (= array_of.0_x0 #b10000000000000000000000000000000) #b1
    (ite (= array_of.0_x0 #b11000000000000000000000000000000) #b0
      #b0)))
  (define-fun array.1 (
   (array.1_x0 (_ BitVec 32))) (_ BitVec 8)
    (ite (= array.1_x0 #b00000000000000000000000000000000) #b00000000
    (ite (= array.1_x0 #b00000000000000000000000000000001) #b00000000
    (ite (= array.1_x0 #b00000000000000000000000000000010) #b00000000
    (ite (= array.1_x0 #b00000000000000000000000000000011) #b00000000
    (ite (= array.1_x0 #b00000000000000000000000000000100) #b00000000
    (ite (= array.1_x0 #b00000000000000000000000000000101) #b00000000
    (ite (= array.1_x0 #b00000000000000000000000000000110) #b00000000
    (ite (= array.1_x0 #b00000000000000000000000000000111) #b00000000
    (ite (= array.1_x0 #b00000000000000000000000000001000) #b00000000
    (ite (= array.1_x0 #b00000000000000000000000000001001) #b00000000
    (ite (= array.1_x0 #b00000000000000000000000000001010) #b00000000
    (ite (= array.1_x0 #b00000000000000000000000000001011) #b00000000
    (ite (= array.1_x0 #b00000000000000000000000000001100) #b00000000
    (ite (= array.1_x0 #b00000000000000000000000000001101) #b00000000
    (ite (= array.1_x0 #b00000000000000000000000000001110) #b00000000
    (ite (= array.1_x0 #b00000000000000000000000000001111) #b00000000
    (ite (= array.1_x0 #b00000000000000000000000000010000) #b00000000
    (ite (= array.1_x0 #b00000000000000000000000000010001) #b00000000
    (ite (= array.1_x0 #b00000000000000000000000000010010) #b00000000
    (ite (= array.1_x0 #b00000000000000000000000000010011) #b00000000
    (ite (= array.1_x0 #b00000000000000000000000000010100) #b00000000
    (ite (= array.1_x0 #b00000000000000000000000000010101) #b00000000
    (ite (= array.1_x0 #b00000000000000000000000000010110) #b00000000
    (ite (= array.1_x0 #b00000000000000000000000000010111) #b00000000
    (ite (= array.1_x0 #b00000000000000000000000000011000) #b00000000
    (ite (= array.1_x0 #b00000000000000000000000000011001) #b00000000
    (ite (= array.1_x0 #b00000000000000000000000000011010) #b00000000
    (ite (= array.1_x0 #b00000000000000000000000000011011) #b00000000
    (ite (= array.1_x0 #b00000000000000000000000000011100) #b00000000
    (ite (= array.1_x0 #b00000000000000000000000000011101) #b00000000
    (ite (= array.1_x0 #b00000000000000000000000000011110) #b00000000
    (ite (= array.1_x0 #b00000000000000000000000000011111) #b00000000
    (ite (= array.1_x0 #b00000000000000000000000000100000) #b00000000
    (ite (= array.1_x0 #b00000000000000000000000000100001) #b00000000
    (ite (= array.1_x0 #b00000000000000000000000000100010) #b00000000
    (ite (= array.1_x0 #b00000000000000000000000000100011) #b00000000
    (ite (= array.1_x0 #b00000000000000000000000000100100) #b00000000
    (ite (= array.1_x0 #b00000000000000000000000000100101) #b00000000
    (ite (= array.1_x0 #b00000000000000000000000000100110) #b00000000
    (ite (= array.1_x0 #b00000000000000000000000000100111) #b00000000
      #b00000000)))))))))))))))))))))))))))))))))))))))))
  (define-fun |mutex| () (_ BitVec 320) #b00000000000000000000000000000000000000000000000000000000000000000000000000000000000000000000000000000000000000000000000000000000000000000000000000000000000000000000000000000000000000000000000000000000000000000000000000000000000000000000000000000000000000000000000000000000000000000000000000000000000000000000000000000000)
  (define-fun |nondet_symex::nondet1| () (_ BitVec 32) #b10000000000000000000000000000000)
  (define-fun |t1| () (_ BitVec 32) #b00000000000000000000000000000000)
  (define-fun |module_init#return_value!0#0| () (_ BitVec 32) #b00000000000000000000000000000000)
  (define-fun |pthread_create#return_value!0#0| () (_ BitVec 32) #b00000000000000000000000000000000)
  (define-fun |pdev#5| () (_ BitVec 32) #b00000000000000000000000000000000)
  (define-fun |mutex#4| () (_ BitVec 320) #b00100000000000000000000000000000000000000000000000000000000000000000000000000000000000000000000000000000000000000000000000000000000000100000000000000000000000000000000000000000000000000000000000000000000000000000000000000000000000000000000000000000000000000000000000000000100000000000000000000000000000000000000000000000)
  (define-fun |pthread_mutex_destroy#return_value!0#0| () (_ BitVec 32) #b00000000000000000000000000000000)
  (define-fun |module_init::$tmp::return_value___VERIFIER_nondet_int$1!0@1#3| () (_ BitVec 32) #b00000000000000000000000000000000)
  (define-fun |pdev#8| () (_ BitVec 32) #b00000000000000000000000000000110)
  (define-fun |t1#4| () (_ BitVec 32) #b00000000000000000000000000000001)
  (define-fun |module_exit::1::status!0@1| () (_ BitVec 32) #b00000000000000000000000000000000)
  (define-fun |__CPROVER_next_thread_id#3| () (_ BitVec 32) #b00000000000000000000000000000001)
  (define-fun |pthread_join#return_value!0#0| () (_ BitVec 32) #b00000000000000000000000000000000)
  (define-fun |mutex#7| () (_ BitVec 320) #b10100000000000000000000000000000000010000000000000000000000000000000000000000000000000000000000000000000000000000000000000000000000000000000000001000000000000000000000000000000000000000000000000000000000000000000000000000000000000000000000000000000000000000000000000000000100000000000000000000000000000000000000000000001)
  (define-fun |pdev#11| () (_ BitVec 32) #b00000000000000000000000000000001)
  (define-fun |pthread_create::1::this_thread_id!1@0#0| () (_ BitVec 32) #b00000000000000000000000000000000)
  (define-fun |mutex#9| () (_ BitVec 320) #b00000000000000000000000000000000000000000000000000000000000000000000000000000000000000000000000000000000000000000000000000000000000000000000000000000000000000000000000000000000000000000000000000000000000000000000000000000000000000000000000000000000000000000000000000000000000000000000000000000000000000000000000000000000)
  (define-fun |mutex#13| () (_ BitVec 320) #b00000000000000000000000000000000000000000000000000000000000000000000000000000000000000000000000000000000000000000000000000000000000000000000000000000000000000000000000000000000000000000000000000000000000000000000000000000000000000000000000000000000000000000000000000000000000000000000000000000000000000000000000000000001)
  (define-fun |__CPROVER_threads_exited#3| (
   (|__CPROVER_threads_exited#3|_x0 (_ BitVec 32))) (_ BitVec 1)
    (ite (= |__CPROVER_threads_exited#3|_x0 #b10000000000000000000000000000000) #b1
    (ite (= |__CPROVER_threads_exited#3|_x0 #b11000000000000000000000000000000) #b0
      #b0)))
  (define-fun |main::$tmp::return_value_module_init$1!0@1#1| () (_ BitVec 32) #b00000000000000000000000000000000)
  (define-fun |module_init::$tmp::return_value___VERIFIER_nondet_int$1!0@1#1| () (_ BitVec 32) #b00000000000000000000000000000000)
  (define-fun |pthread_create::1::this_thread_id!0@1#1| () (_ BitVec 32) #b00000000000000000000000000000000)
  (define-fun |module_exit::1::status!0@1#1| () (_ BitVec 32) #b00000000000000000000000000000000)
  (define-fun |mutex#3| () (_ BitVec 320) #b00000000000000010000000000000000000000000000000000000000000000000000000000000000000000000000000000000000000000000000000000000000000000000000000000000000000000000000000000000000000000000000000000000000000000000000000000000000000000000000000000000000000000000000000000000000000000000000000000000000000000000000000001000000)
  (define-fun |mutex#6| () (_ BitVec 320) #b00001000000000000000000000000000000000000000000000000000000000000000000000000000000000000000000000000000000000000000000000000000000000100000000000000000000000000000000000000000000000000000000000000000000000000000000000000000000000000000000000000000000000000000000000000000000000000000000000000000000000000000000000000001)
  (define-fun |memory_model::choice_rf_0_31_0_9_T_0| () Bool false)
  (define-fun |memory_model::choice_rf_0_31_1_6_T_1| () Bool false)
  (define-fun |__CPROVER_threads_exited#4$wclk$8| () (_ BitVec 6) #b111111)
  (define-fun |__CPROVER_threads_exited#2$rclk$8| () (_ BitVec 6) #b111001)
  (define-fun |memory_model::choice_rf_1_5_0_9_T_2| () Bool true)
  (define-fun |__CPROVER_threads_exited#1$wclk$8| () (_ BitVec 6) #b001010)
  (define-fun |__CPROVER_threads_exited#3$rclk$8| () (_ BitVec 6) #b111110)
  (define-fun |memory_model::choice_rf_0_30_0_7_T_3| () Bool false)
  (define-fun |memory_model::choice_rf_0_30_0_15_T_4| () Bool true)
  (define-fun |t1#3| () (_ BitVec 32) #b00000000000000000000000000000001)
  (define-fun |memory_model::choice_rf_0_28_0_12_F_5| () Bool false)
  (define-fun |memory_model::choice_rf_0_28_0_16_F_6| () Bool true)
  (define-fun |memory_model::choice_rf_0_29_0_12_F_7| () Bool false)
  (define-fun |memory_model::choice_rf_0_29_0_16_F_8| () Bool true)
  (define-fun |memory_model::choice_rf_0_21_0_10_F_9| () Bool false)
  (define-fun |memory_model::choice_rf_0_21_0_13_F_10| () Bool false)
  (define-fun |memory_model::choice_rf_0_21_1_1_F_11| () Bool false)
  (define-fun |mutex#12$wclk$8| () (_ BitVec 6) #b110000)
  (define-fun |mutex#3$rclk$8| () (_ BitVec 6) #b101100)
  (define-fun |memory_model::choice_rf_0_21_1_4_F_12| () Bool false)
  (define-fun |mutex#15$wclk$8| () (_ BitVec 6) #b111000)
  (define-fun |memory_model::choice_rf_0_22_0_10_F_13| () Bool false)
  (define-fun |memory_model::choice_rf_0_22_0_13_F_14| () Bool false)
  (define-fun |memory_model::choice_rf_0_22_1_1_F_15| () Bool false)
  (define-fun |mutex#4$rclk$8| () (_ BitVec 6) #b101101)
  (define-fun |memory_model::choice_rf_0_22_1_4_F_16| () Bool false)
  (define-fun |memory_model::choice_rf_0_32_0_10_F_17| () Bool false)
  (define-fun |memory_model::choice_rf_0_32_0_13_F_18| () Bool false)
  (define-fun |memory_model::choice_rf_0_32_0_23_F_19| () Bool false)
  (define-fun |memory_model::choice_rf_0_32_1_1_F_20| () Bool false)
  (define-fun |mutex#6$rclk$8| () (_ BitVec 6) #b111010)
  (define-fun |memory_model::choice_rf_0_32_1_4_F_21| () Bool false)
  (define-fun |memory_model::choice_rf_0_33_0_10_F_22| () Bool false)
  (define-fun |memory_model::choice_rf_0_33_0_13_F_23| () Bool false)
  (define-fun |memory_model::choice_rf_0_33_0_23_F_24| () Bool false)
  (define-fun |memory_model::choice_rf_0_33_1_1_F_25| () Bool false)
  (define-fun |mutex#7$rclk$8| () (_ BitVec 6) #b111011)
  (define-fun |memory_model::choice_rf_0_33_1_4_F_26| () Bool false)
  (define-fun |memory_model::choice_rf_1_0_0_10_F_27| () Bool false)
  (define-fun |mutex#1$wclk$8| () (_ BitVec 6) #b001011)
  (define-fun |mutex#9$rclk$8| () (_ BitVec 6) #b110000)
  (define-fun |memory_model::choice_rf_1_0_0_13_F_28| () Bool true)
  (define-fun |mutex#2$wclk$8| () (_ BitVec 6) #b010111)
  (define-fun |memory_model::choice_rf_1_0_0_23_F_29| () Bool false)
  (define-fun |mutex#5$wclk$8| () (_ BitVec 6) #b101110)
  (define-fun |memory_model::choice_rf_1_0_0_34_F_30| () Bool false)
  (define-fun |mutex#8$wclk$8| () (_ BitVec 6) #b111100)
  (define-fun |memory_model::choice_rf_1_3_0_10_F_31| () Bool false)
  (define-fun |mutex#13$rclk$8| () (_ BitVec 6) #b111000)
  (define-fun |memory_model::choice_rf_1_3_0_13_F_32| () Bool false)
  (define-fun |memory_model::choice_rf_1_3_0_23_F_33| () Bool false)
  (define-fun |memory_model::choice_rf_1_3_0_34_F_34| () Bool false)
  (define-fun |memory_model::choice_rf_1_3_1_1_F_35| () Bool true)
  (define-fun |pdev#4| () (_ BitVec 32) #b00000000000000000000000000000011)
  (define-fun |memory_model::choice_rf_0_19_0_11_F_36| () Bool false)
  (define-fun |memory_model::choice_rf_0_19_0_14_F_37| () Bool false)
  (define-fun |memory_model::choice_rf_0_19_0_18_F_38| () Bool false)
  (define-fun |memory_model::choice_rf_0_19_1_2_F_39| () Bool false)
  (define-fun |pdev#12$wclk$8| () (_ BitVec 6) #b110100)
  (define-fun |pdev#4$rclk$8| () (_ BitVec 6) #b101010)
  (define-fun |memory_model::choice_rf_0_20_0_11_F_40| () Bool true)
  (define-fun |memory_model::choice_rf_0_20_0_14_F_41| () Bool false)
  (define-fun |memory_model::choice_rf_0_20_0_18_F_42| () Bool false)
  (define-fun |memory_model::choice_rf_0_20_1_2_F_43| () Bool false)
  (define-fun |pdev#5$rclk$8| () (_ BitVec 6) #b101011)
  (define-fun |pdev#7| () (_ BitVec 32) #b00000000000000000000000000000100)
  (define-fun |memory_model::choice_rf_0_26_0_11_F_44| () Bool false)
  (define-fun |memory_model::choice_rf_0_26_0_14_F_45| () Bool false)
  (define-fun |memory_model::choice_rf_0_26_0_18_F_46| () Bool false)
  (define-fun |memory_model::choice_rf_0_26_0_25_F_47| () Bool true)
  (define-fun |memory_model::choice_rf_0_26_1_2_F_48| () Bool false)
  (define-fun |pdev#7$rclk$8| () (_ BitVec 6) #b110011)
  (define-fun |memory_model::choice_rf_0_27_0_11_F_49| () Bool false)
  (define-fun |memory_model::choice_rf_0_27_0_14_F_50| () Bool false)
  (define-fun |memory_model::choice_rf_0_27_0_18_F_51| () Bool false)
  (define-fun |memory_model::choice_rf_0_27_0_25_F_52| () Bool false)
  (define-fun |memory_model::choice_rf_0_27_1_2_F_53| () Bool true)
  (define-fun |pdev#8$rclk$8| () (_ BitVec 6) #b110101)
  (define-fun |pdev#10| () (_ BitVec 32) #b00000000000000000000000000000110)
  (define-fun |memory_model::choice_rf_0_36_0_11_F_54| () Bool false)
  (define-fun |memory_model::choice_rf_0_36_0_14_F_55| () Bool false)
  (define-fun |memory_model::choice_rf_0_36_0_18_F_56| () Bool false)
  (define-fun |memory_model::choice_rf_0_36_0_25_F_57| () Bool false)
  (define-fun |memory_model::choice_rf_0_36_0_35_F_58| () Bool false)
  (define-fun |memory_model::choice_rf_0_36_1_2_F_59| () Bool false)
  (define-fun |pdev#10$rclk$8| () (_ BitVec 6) #b111110)
  (define-fun |memory_model::choice_rf_0_37_0_11_F_60| () Bool false)
  (define-fun |memory_model::choice_rf_0_37_0_14_F_61| () Bool true)
  (define-fun |memory_model::choice_rf_0_37_0_18_F_62| () Bool false)
  (define-fun |memory_model::choice_rf_0_37_0_25_F_63| () Bool false)
  (define-fun |memory_model::choice_rf_0_37_0_35_F_64| () Bool false)
  (define-fun |memory_model::choice_rf_0_37_1_2_F_65| () Bool false)
  (define-fun |pdev#11$rclk$8| () (_ BitVec 6) #b111111)
  (define-fun |memory_model::choice_ws-ext_0_9_1_6_T_66| () Bool true)
  (define-fun |memory_model::choice_ws-ext_0_10_1_1_F_67| () Bool true)
  (define-fun |memory_model::choice_ws-ext_0_10_1_4_F_68| () Bool true)
  (define-fun |memory_model::choice_ws-ext_0_13_1_1_F_69| () Bool true)
  (define-fun |memory_model::choice_ws-ext_0_13_1_4_F_70| () Bool true)
  (define-fun |memory_model::choice_ws-ext_0_23_1_1_F_71| () Bool true)
  (define-fun |memory_model::choice_ws-ext_0_23_1_4_F_72| () Bool true)
  (define-fun |memory_model::choice_ws-ext_0_34_1_1_F_73| () Bool false)
  (define-fun |memory_model::choice_ws-ext_0_34_1_4_F_74| () Bool false)
  (define-fun |pdev#1$wclk$8| () (_ BitVec 6) #b001100)
  (define-fun |memory_model::choice_ws-ext_0_11_1_2_F_75| () Bool true)
  (define-fun |pdev#2$wclk$8| () (_ BitVec 6) #b100000)
  (define-fun |memory_model::choice_ws-ext_0_14_1_2_F_76| () Bool true)
  (define-fun |pdev#3$wclk$8| () (_ BitVec 6) #b101001)
  (define-fun |memory_model::choice_ws-ext_0_18_1_2_F_77| () Bool true)
  (define-fun |pdev#6$wclk$8| () (_ BitVec 6) #b110010)
  (define-fun |memory_model::choice_ws-ext_0_25_1_2_F_78| () Bool true)
  (define-fun |pdev#9$wclk$8| () (_ BitVec 6) #b111101)
  (define-fun |memory_model::choice_ws-ext_0_35_1_2_F_79| () Bool false)
  (define-fun |t1$17$spwnclk$8| () (_ BitVec 6) #b101000)
  (define-fun |module_exit::1::status!0@1$wclk$8| () (_ BitVec 6) #b000000)
  (define-fun |__CPROVER_dead_object#1$wclk$8| () (_ BitVec 6) #b000001)
  (define-fun |__CPROVER_deallocated#1$wclk$8| () (_ BitVec 6) #b000010)
  (define-fun |__CPROVER_malloc_is_new_array#1$wclk$8| () (_ BitVec 6) #b000011)
  (define-fun |__CPROVER_malloc_object#1$wclk$8| () (_ BitVec 6) #b000100)
  (define-fun |__CPROVER_malloc_size#1$wclk$8| () (_ BitVec 6) #b000101)
  (define-fun |__CPROVER_memory_leak#1$wclk$8| () (_ BitVec 6) #b000110)
  (define-fun |__CPROVER_next_thread_id#1$wclk$8| () (_ BitVec 6) #b000111)
  (define-fun |__CPROVER_pipe_count#1$wclk$8| () (_ BitVec 6) #b001001)
  (define-fun |t1#1$wclk$8| () (_ BitVec 6) #b001101)
  (define-fun |__CPROVER_next_thread_id#2$wclk$8| () (_ BitVec 6) #b100001)
  (define-fun |t1#2$wclk$8| () (_ BitVec 6) #b100100)
  (define-fun |module_exit::1::status!0@1#1$wclk$8| () (_ BitVec 6) #b101111)
  (define-fun |t1#3$rclk$8| () (_ BitVec 6) #b110110)
  (define-fun |t1#4$rclk$8| () (_ BitVec 6) #b110111)
  (define-fun |__CPROVER_next_thread_id#3$rclk$8| () (_ BitVec 6) #b111000)
)
(model
  (define-fun |goto_symex::&92;guard#1| () Bool true)
  (define-fun |goto_symex::&92;guard#2| () Bool true)
  (define-fun |goto_symex::&92;guard#3| () Bool true)
  (define-fun |goto_symex::&92;guard#4| () Bool true)
  (define-fun |goto_symex::&92;guard#5| () Bool false)
  (define-fun |goto_symex::&92;guard#6| () Bool false)
  (define-fun |__CPROVER_threads_exited#2| (
   (|__CPROVER_threads_exited#2|_x0 (_ BitVec 32))) (_ BitVec 1)
    (ite (= |__CPROVER_threads_exited#2|_x0 #b10000000000000000000000000000000) #b0
    (ite (= |__CPROVER_threads_exited#2|_x0 #b11000000000000000000000000000000) #b1
    (ite (= |__CPROVER_threads_exited#2|_x0 #b00000000000000000000000000000000) #b0
      #b0))))
  (define-fun |pthread_join::thread!0@1#1| () (_ BitVec 32) #b00000000000000000000000000000001)
  (define-fun |goto_symex::&92;guard#7| () Bool true)
  (define-fun |mutex#10| () (_ BitVec 320) #b00000000000000000000000000000000000000000000000000000000000000000000000000000000000000000000000000000000000000000000000000000000000000000000000000000000000000000000000000000000000000000000000000000000000000000000000000000000000000000000000000000000000000000000000000000000000000000000000000000000000000000000000000000000)
  (define-fun array_of.0 (
   (array_of.0_x0 (_ BitVec 32))) (_ BitVec 1)
    (ite (= array_of.0_x0 #b10000000000000000000000000000000) #b1
    (ite (= array_of.0_x0 #b11000000000000000000000000000000) #b0
      #b0)))
  (define-fun array.1 (
   (array.1_x0 (_ BitVec 32))) (_ BitVec 8)
    (ite (= array.1_x0 #b00000000000000000000000000000000) #b00000000
    (ite (= array.1_x0 #b00000000000000000000000000000001) #b00000000
    (ite (= array.1_x0 #b00000000000000000000000000000010) #b00000000
    (ite (= array.1_x0 #b00000000000000000000000000000011) #b00000000
    (ite (= array.1_x0 #b00000000000000000000000000000100) #b00000000
    (ite (= array.1_x0 #b00000000000000000000000000000101) #b00000000
    (ite (= array.1_x0 #b00000000000000000000000000000110) #b00000000
    (ite (= array.1_x0 #b00000000000000000000000000000111) #b00000000
    (ite (= array.1_x0 #b00000000000000000000000000001000) #b00000000
    (ite (= array.1_x0 #b00000000000000000000000000001001) #b00000000
    (ite (= array.1_x0 #b00000000000000000000000000001010) #b00000000
    (ite (= array.1_x0 #b00000000000000000000000000001011) #b00000000
    (ite (= array.1_x0 #b00000000000000000000000000001100) #b00000000
    (ite (= array.1_x0 #b00000000000000000000000000001101) #b00000000
    (ite (= array.1_x0 #b00000000000000000000000000001110) #b00000000
    (ite (= array.1_x0 #b00000000000000000000000000001111) #b00000000
    (ite (= array.1_x0 #b00000000000000000000000000010000) #b00000000
    (ite (= array.1_x0 #b00000000000000000000000000010001) #b00000000
    (ite (= array.1_x0 #b00000000000000000000000000010010) #b00000000
    (ite (= array.1_x0 #b00000000000000000000000000010011) #b00000000
    (ite (= array.1_x0 #b00000000000000000000000000010100) #b00000000
    (ite (= array.1_x0 #b00000000000000000000000000010101) #b00000000
    (ite (= array.1_x0 #b00000000000000000000000000010110) #b00000000
    (ite (= array.1_x0 #b00000000000000000000000000010111) #b00000000
    (ite (= array.1_x0 #b00000000000000000000000000011000) #b00000000
    (ite (= array.1_x0 #b00000000000000000000000000011001) #b00000000
    (ite (= array.1_x0 #b00000000000000000000000000011010) #b00000000
    (ite (= array.1_x0 #b00000000000000000000000000011011) #b00000000
    (ite (= array.1_x0 #b00000000000000000000000000011100) #b00000000
    (ite (= array.1_x0 #b00000000000000000000000000011101) #b00000000
    (ite (= array.1_x0 #b00000000000000000000000000011110) #b00000000
    (ite (= array.1_x0 #b00000000000000000000000000011111) #b00000000
    (ite (= array.1_x0 #b00000000000000000000000000100000) #b00000000
    (ite (= array.1_x0 #b00000000000000000000000000100001) #b00000000
    (ite (= array.1_x0 #b00000000000000000000000000100010) #b00000000
    (ite (= array.1_x0 #b00000000000000000000000000100011) #b00000000
    (ite (= array.1_x0 #b00000000000000000000000000100100) #b00000000
    (ite (= array.1_x0 #b00000000000000000000000000100101) #b00000000
    (ite (= array.1_x0 #b00000000000000000000000000100110) #b00000000
    (ite (= array.1_x0 #b00000000000000000000000000100111) #b00000000
      #b00000000)))))))))))))))))))))))))))))))))))))))))
  (define-fun |mutex| () (_ BitVec 320) #b00000000000000000000000000000000000000000000000000000000000000000000000000000000000000000000000000000000000000000000000000000000000000000000000000000000000000000000000000000000000000000000000000000000000000000000000000000000000000000000000000000000000000000000000000000000000000000000000000000000000000000000000000000000)
  (define-fun |nondet_symex::nondet1| () (_ BitVec 32) #b10000000000000000000000000000000)
  (define-fun |t1| () (_ BitVec 32) #b00000000000000000000000000000000)
  (define-fun |module_init#return_value!0#0| () (_ BitVec 32) #b00000000000000000000000000000000)
  (define-fun |pthread_create#return_value!0#0| () (_ BitVec 32) #b00000000000000000000000000000000)
  (define-fun |pdev#5| () (_ BitVec 32) #b00000000000000000000000000000000)
  (define-fun |mutex#4| () (_ BitVec 320) #b00100000000000000000000000000000000000000000000000000000000000000000000000000000000000000000000000000000000000000000000000000000000000100000000000000000000000000000000000000000000000000000000000000000000000000000000000000000000000000000000000000000000000000000000000000000100000000000000000000000000000000000000000000000)
  (define-fun |pthread_mutex_destroy#return_value!0#0| () (_ BitVec 32) #b00000000000000000000000000000000)
  (define-fun |module_init::$tmp::return_value___VERIFIER_nondet_int$1!0@1#3| () (_ BitVec 32) #b00000000000000000000000000000000)
  (define-fun |pdev#8| () (_ BitVec 32) #b00000000000000000000000000000110)
  (define-fun |t1#4| () (_ BitVec 32) #b00000000000000000000000000000001)
  (define-fun |module_exit::1::status!0@1| () (_ BitVec 32) #b00000000000000000000000000000000)
  (define-fun |__CPROVER_next_thread_id#3| () (_ BitVec 32) #b00000000000000000000000000000001)
  (define-fun |pthread_join#return_value!0#0| () (_ BitVec 32) #b00000000000000000000000000000000)
  (define-fun |mutex#7| () (_ BitVec 320) #b10100000000000000000000000000000000010000000000000000000000000000000000000000000000000000000000000000000000000000000000000000000000000000000000001000000000000000000000000000000000000000000000000000000000000000000000000000000000000000000000000000000000000000000000000000000100000000000000000000000000000000000000000000001)
  (define-fun |pdev#11| () (_ BitVec 32) #b00000000000000000000000000000001)
  (define-fun |pthread_create::1::this_thread_id!1@0#0| () (_ BitVec 32) #b00000000000000000000000000000000)
  (define-fun |mutex#9| () (_ BitVec 320) #b00000000000000000000000000000000000000000000000000000000000000000000000000000000000000000000000000000000000000000000000000000000000000000000000000000000000000000000000000000000000000000000000000000000000000000000000000000000000000000000000000000000000000000000000000000000000000000000000000000000000000000000000000000000)
  (define-fun |mutex#13| () (_ BitVec 320) #b00000000000000000000000000000000000000000000000000000000000000000000000000000000000000000000000000000000000000000000000000000000000000000000000000000000000000000000000000000000000000000000000000000000000000000000000000000000000000000000000000000000000000000000000000000000000000000000000000000000000000000000000000000001)
  (define-fun |__CPROVER_threads_exited#3| (
   (|__CPROVER_threads_exited#3|_x0 (_ BitVec 32))) (_ BitVec 1)
    (ite (= |__CPROVER_threads_exited#3|_x0 #b10000000000000000000000000000000) #b1
    (ite (= |__CPROVER_threads_exited#3|_x0 #b11000000000000000000000000000000) #b0
      #b0)))
  (define-fun |main::$tmp::return_value_module_init$1!0@1#1| () (_ BitVec 32) #b00000000000000000000000000000000)
  (define-fun |module_init::$tmp::return_value___VERIFIER_nondet_int$1!0@1#1| () (_ BitVec 32) #b00000000000000000000000000000000)
  (define-fun |pthread_create::1::this_thread_id!0@1#1| () (_ BitVec 32) #b00000000000000000000000000000000)
  (define-fun |module_exit::1::status!0@1#1| () (_ BitVec 32) #b00000000000000000000000000000000)
  (define-fun |mutex#3| () (_ BitVec 320) #b00000000000000010000000000000000000000000000000000000000000000000000000000000000000000000000000000000000000000000000000000000000000000000000000000000000000000000000000000000000000000000000000000000000000000000000000000000000000000000000000000000000000000000000000000000000000000000000000000000000000000000000000001000000)
  (define-fun |mutex#6| () (_ BitVec 320) #b00001000000000000000000000000000000000000000000000000000000000000000000000000000000000000000000000000000000000000000000000000000000000100000000000000000000000000000000000000000000000000000000000000000000000000000000000000000000000000000000000000000000000000000000000000000000000000000000000000000000000000000000000000001)
  (define-fun |memory_model::choice_rf_0_31_0_9_T_0| () Bool false)
  (define-fun |memory_model::choice_rf_0_31_1_6_T_1| () Bool false)
  (define-fun |__CPROVER_threads_exited#4$wclk$8| () (_ BitVec 6) #b111111)
  (define-fun |__CPROVER_threads_exited#2$rclk$8| () (_ BitVec 6) #b111001)
  (define-fun |memory_model::choice_rf_1_5_0_9_T_2| () Bool true)
  (define-fun |__CPROVER_threads_exited#1$wclk$8| () (_ BitVec 6) #b001010)
  (define-fun |__CPROVER_threads_exited#3$rclk$8| () (_ BitVec 6) #b111110)
  (define-fun |memory_model::choice_rf_0_30_0_7_T_3| () Bool false)
  (define-fun |memory_model::choice_rf_0_30_0_15_T_4| () Bool true)
  (define-fun |t1#3| () (_ BitVec 32) #b00000000000000000000000000000001)
  (define-fun |memory_model::choice_rf_0_28_0_12_F_5| () Bool false)
  (define-fun |memory_model::choice_rf_0_28_0_16_F_6| () Bool true)
  (define-fun |memory_model::choice_rf_0_29_0_12_F_7| () Bool false)
  (define-fun |memory_model::choice_rf_0_29_0_16_F_8| () Bool true)
  (define-fun |memory_model::choice_rf_0_21_0_10_F_9| () Bool false)
  (define-fun |memory_model::choice_rf_0_21_0_13_F_10| () Bool false)
  (define-fun |memory_model::choice_rf_0_21_1_1_F_11| () Bool false)
  (define-fun |mutex#12$wclk$8| () (_ BitVec 6) #b110000)
  (define-fun |mutex#3$rclk$8| () (_ BitVec 6) #b101100)
  (define-fun |memory_model::choice_rf_0_21_1_4_F_12| () Bool false)
  (define-fun |mutex#15$wclk$8| () (_ BitVec 6) #b111000)
  (define-fun |memory_model::choice_rf_0_22_0_10_F_13| () Bool false)
  (define-fun |memory_model::choice_rf_0_22_0_13_F_14| () Bool false)
  (define-fun |memory_model::choice_rf_0_22_1_1_F_15| () Bool false)
  (define-fun |mutex#4$rclk$8| () (_ BitVec 6) #b101101)
  (define-fun |memory_model::choice_rf_0_22_1_4_F_16| () Bool false)
  (define-fun |memory_model::choice_rf_0_32_0_10_F_17| () Bool false)
  (define-fun |memory_model::choice_rf_0_32_0_13_F_18| () Bool false)
  (define-fun |memory_model::choice_rf_0_32_0_23_F_19| () Bool false)
  (define-fun |memory_model::choice_rf_0_32_1_1_F_20| () Bool false)
  (define-fun |mutex#6$rclk$8| () (_ BitVec 6) #b111010)
  (define-fun |memory_model::choice_rf_0_32_1_4_F_21| () Bool false)
  (define-fun |memory_model::choice_rf_0_33_0_10_F_22| () Bool false)
  (define-fun |memory_model::choice_rf_0_33_0_13_F_23| () Bool false)
  (define-fun |memory_model::choice_rf_0_33_0_23_F_24| () Bool false)
  (define-fun |memory_model::choice_rf_0_33_1_1_F_25| () Bool false)
  (define-fun |mutex#7$rclk$8| () (_ BitVec 6) #b111011)
  (define-fun |memory_model::choice_rf_0_33_1_4_F_26| () Bool false)
  (define-fun |memory_model::choice_rf_1_0_0_10_F_27| () Bool false)
  (define-fun |mutex#1$wclk$8| () (_ BitVec 6) #b001011)
  (define-fun |mutex#9$rclk$8| () (_ BitVec 6) #b110000)
  (define-fun |memory_model::choice_rf_1_0_0_13_F_28| () Bool true)
  (define-fun |mutex#2$wclk$8| () (_ BitVec 6) #b010111)
  (define-fun |memory_model::choice_rf_1_0_0_23_F_29| () Bool false)
  (define-fun |mutex#5$wclk$8| () (_ BitVec 6) #b101110)
  (define-fun |memory_model::choice_rf_1_0_0_34_F_30| () Bool false)
  (define-fun |mutex#8$wclk$8| () (_ BitVec 6) #b111100)
  (define-fun |memory_model::choice_rf_1_3_0_10_F_31| () Bool false)
  (define-fun |mutex#13$rclk$8| () (_ BitVec 6) #b111000)
  (define-fun |memory_model::choice_rf_1_3_0_13_F_32| () Bool false)
  (define-fun |memory_model::choice_rf_1_3_0_23_F_33| () Bool false)
  (define-fun |memory_model::choice_rf_1_3_0_34_F_34| () Bool false)
  (define-fun |memory_model::choice_rf_1_3_1_1_F_35| () Bool true)
  (define-fun |pdev#4| () (_ BitVec 32) #b00000000000000000000000000000011)
  (define-fun |memory_model::choice_rf_0_19_0_11_F_36| () Bool false)
  (define-fun |memory_model::choice_rf_0_19_0_14_F_37| () Bool false)
  (define-fun |memory_model::choice_rf_0_19_0_18_F_38| () Bool false)
  (define-fun |memory_model::choice_rf_0_19_1_2_F_39| () Bool false)
  (define-fun |pdev#12$wclk$8| () (_ BitVec 6) #b110100)
  (define-fun |pdev#4$rclk$8| () (_ BitVec 6) #b101010)
  (define-fun |memory_model::choice_rf_0_20_0_11_F_40| () Bool true)
  (define-fun |memory_model::choice_rf_0_20_0_14_F_41| () Bool false)
  (define-fun |memory_model::choice_rf_0_20_0_18_F_42| () Bool false)
  (define-fun |memory_model::choice_rf_0_20_1_2_F_43| () Bool false)
  (define-fun |pdev#5$rclk$8| () (_ BitVec 6) #b101011)
  (define-fun |pdev#7| () (_ BitVec 32) #b00000000000000000000000000000100)
  (define-fun |memory_model::choice_rf_0_26_0_11_F_44| () Bool false)
  (define-fun |memory_model::choice_rf_0_26_0_14_F_45| () Bool false)
  (define-fun |memory_model::choice_rf_0_26_0_18_F_46| () Bool false)
  (define-fun |memory_model::choice_rf_0_26_0_25_F_47| () Bool true)
  (define-fun |memory_model::choice_rf_0_26_1_2_F_48| () Bool false)
  (define-fun |pdev#7$rclk$8| () (_ BitVec 6) #b110011)
  (define-fun |memory_model::choice_rf_0_27_0_11_F_49| () Bool false)
  (define-fun |memory_model::choice_rf_0_27_0_14_F_50| () Bool false)
  (define-fun |memory_model::choice_rf_0_27_0_18_F_51| () Bool false)
  (define-fun |memory_model::choice_rf_0_27_0_25_F_52| () Bool false)
  (define-fun |memory_model::choice_rf_0_27_1_2_F_53| () Bool true)
  (define-fun |pdev#8$rclk$8| () (_ BitVec 6) #b110101)
  (define-fun |pdev#10| () (_ BitVec 32) #b00000000000000000000000000000110)
  (define-fun |memory_model::choice_rf_0_36_0_11_F_54| () Bool false)
  (define-fun |memory_model::choice_rf_0_36_0_14_F_55| () Bool false)
  (define-fun |memory_model::choice_rf_0_36_0_18_F_56| () Bool false)
  (define-fun |memory_model::choice_rf_0_36_0_25_F_57| () Bool false)
  (define-fun |memory_model::choice_rf_0_36_0_35_F_58| () Bool false)
  (define-fun |memory_model::choice_rf_0_36_1_2_F_59| () Bool false)
  (define-fun |pdev#10$rclk$8| () (_ BitVec 6) #b111110)
  (define-fun |memory_model::choice_rf_0_37_0_11_F_60| () Bool false)
  (define-fun |memory_model::choice_rf_0_37_0_14_F_61| () Bool true)
  (define-fun |memory_model::choice_rf_0_37_0_18_F_62| () Bool false)
  (define-fun |memory_model::choice_rf_0_37_0_25_F_63| () Bool false)
  (define-fun |memory_model::choice_rf_0_37_0_35_F_64| () Bool false)
  (define-fun |memory_model::choice_rf_0_37_1_2_F_65| () Bool false)
  (define-fun |pdev#11$rclk$8| () (_ BitVec 6) #b111111)
  (define-fun |memory_model::choice_ws-ext_0_9_1_6_T_66| () Bool true)
  (define-fun |memory_model::choice_ws-ext_0_10_1_1_F_67| () Bool true)
  (define-fun |memory_model::choice_ws-ext_0_10_1_4_F_68| () Bool true)
  (define-fun |memory_model::choice_ws-ext_0_13_1_1_F_69| () Bool true)
  (define-fun |memory_model::choice_ws-ext_0_13_1_4_F_70| () Bool true)
  (define-fun |memory_model::choice_ws-ext_0_23_1_1_F_71| () Bool true)
  (define-fun |memory_model::choice_ws-ext_0_23_1_4_F_72| () Bool true)
  (define-fun |memory_model::choice_ws-ext_0_34_1_1_F_73| () Bool false)
  (define-fun |memory_model::choice_ws-ext_0_34_1_4_F_74| () Bool false)
  (define-fun |pdev#1$wclk$8| () (_ BitVec 6) #b001100)
  (define-fun |memory_model::choice_ws-ext_0_11_1_2_F_75| () Bool true)
  (define-fun |pdev#2$wclk$8| () (_ BitVec 6) #b100000)
  (define-fun |memory_model::choice_ws-ext_0_14_1_2_F_76| () Bool true)
  (define-fun |pdev#3$wclk$8| () (_ BitVec 6) #b101001)
  (define-fun |memory_model::choice_ws-ext_0_18_1_2_F_77| () Bool true)
  (define-fun |pdev#6$wclk$8| () (_ BitVec 6) #b110010)
  (define-fun |memory_model::choice_ws-ext_0_25_1_2_F_78| () Bool true)
  (define-fun |pdev#9$wclk$8| () (_ BitVec 6) #b111101)
  (define-fun |memory_model::choice_ws-ext_0_35_1_2_F_79| () Bool false)
  (define-fun |t1$17$spwnclk$8| () (_ BitVec 6) #b101000)
  (define-fun |module_exit::1::status!0@1$wclk$8| () (_ BitVec 6) #b000000)
  (define-fun |__CPROVER_dead_object#1$wclk$8| () (_ BitVec 6) #b000001)
  (define-fun |__CPROVER_deallocated#1$wclk$8| () (_ BitVec 6) #b000010)
  (define-fun |__CPROVER_malloc_is_new_array#1$wclk$8| () (_ BitVec 6) #b000011)
  (define-fun |__CPROVER_malloc_object#1$wclk$8| () (_ BitVec 6) #b000100)
  (define-fun |__CPROVER_malloc_size#1$wclk$8| () (_ BitVec 6) #b000101)
  (define-fun |__CPROVER_memory_leak#1$wclk$8| () (_ BitVec 6) #b000110)
  (define-fun |__CPROVER_next_thread_id#1$wclk$8| () (_ BitVec 6) #b000111)
  (define-fun |__CPROVER_pipe_count#1$wclk$8| () (_ BitVec 6) #b001001)
  (define-fun |t1#1$wclk$8| () (_ BitVec 6) #b001101)
  (define-fun |__CPROVER_next_thread_id#2$wclk$8| () (_ BitVec 6) #b100001)
  (define-fun |t1#2$wclk$8| () (_ BitVec 6) #b100100)
  (define-fun |module_exit::1::status!0@1#1$wclk$8| () (_ BitVec 6) #b101111)
  (define-fun |t1#3$rclk$8| () (_ BitVec 6) #b110110)
  (define-fun |t1#4$rclk$8| () (_ BitVec 6) #b110111)
  (define-fun |__CPROVER_next_thread_id#3$rclk$8| () (_ BitVec 6) #b111000)
)

real	0m0.406s
user	0m0.396s
sys	0m0.010s
State: RE Run_time: 0.40799951553344727