num of guard = 18
num of elim = 11
num of guard = 18
num of elim = 2
sat
((|B0| false))
((|B1| false))
((|B10| true))
((|B100| true))
((|B101| true))
((|B102| true))
((|B103| true))
((|B104| true))
((|B105| true))
((|B106| true))
((|B107| true))
((|B108| true))
((|B109| true))
((|B11| true))
((|B110| true))
((|B111| true))
((|B112| true))
((|B113| true))
((|B114| true))
((|B115| true))
((|B116| true))
((|B117| true))
((|B118| true))
((|B119| true))
((|B12| true))
((|B120| true))
((|B121| true))
((|B122| true))
((|B123| true))
((|B124| true))
((|B125| true))
((|B126| true))
((|B127| true))
((|B128| true))
((|B129| true))
((|B13| true))
((|B130| false))
((|B131| false))
((|B132| false))
((|B133| false))
((|B134| false))
((|B135| false))
((|B136| false))
((|B137| true))
((|B138| true))
((|B139| true))
((|B14| true))
((|B140| true))
((|B141| true))
((|B142| true))
((|B143| true))
((|B144| true))
((|B145| true))
((|B146| true))
((|B147| false))
((|B148| true))
((|B149| true))
((|B15| true))
((|B150| true))
((|B151| true))
((|B152| true))
((|B153| true))
((|B154| true))
((|B155| true))
((|B156| false))
((|B157| false))
((|B158| true))
((|B159| false))
((|B16| true))
((|B160| true))
((|B161| false))
((|B162| false))
((|B163| false))
((|B164| false))
((|B165| false))
((|B166| false))
((|B17| true))
((|B18| false))
((|B19| false))
((|B2| true))
((|B20| true))
((|B21| false))
((|B22| false))
((|B23| true))
((|B24| true))
((|B25| true))
((|B26| true))
((|B27| true))
((|B28| true))
((|B29| true))
((|B3| false))
((|B30| true))
((|B31| true))
((|B32| true))
((|B33| true))
((|B34| true))
((|B35| true))
((|B36| true))
((|B37| true))
((|B38| true))
((|B39| true))
((|B4| false))
((|B40| true))
((|B41| true))
((|B42| true))
((|B43| false))
((|B44| false))
((|B45| false))
((|B46| false))
((|B47| false))
((|B48| false))
((|B49| false))
((|B5| true))
((|B50| false))
((|B51| false))
((|B52| false))
((|B53| false))
((|B54| false))
((|B55| false))
((|B56| false))
((|B57| false))
((|B58| false))
((|B59| false))
((|B6| true))
((|B60| false))
((|B61| false))
((|B62| true))
((|B63| true))
((|B64| true))
((|B65| true))
((|B66| true))
((|B67| true))
((|B68| false))
((|B69| false))
((|B7| true))
((|B70| false))
((|B71| true))
((|B72| true))
((|B73| false))
((|B74| true))
((|B75| true))
((|B76| true))
((|B77| true))
((|B78| true))
((|B79| true))
((|B8| true))
((|B80| true))
((|B81| true))
((|B82| true))
((|B83| true))
((|B84| true))
((|B85| true))
((|B86| true))
((|B87| true))
((|B88| true))
((|B89| true))
((|B9| true))
((|B90| true))
((|B91| true))
((|B92| true))
((|B93| false))
((|B94| false))
((|B95| false))
((|B96| false))
((|B97| false))
((|B98| false))
((|B99| true))
((|__CPROVER_dead_object#1| #x00000000))
((|__CPROVER_dead_object#1$wclk$8| (- 28)))
((|__CPROVER_deallocated#1| #x00000000))
((|__CPROVER_deallocated#1$wclk$8| (- 27)))
((|__CPROVER_malloc_is_new_array#1| false))
((|__CPROVER_malloc_is_new_array#1$wclk$8| (- 26)))
((|__CPROVER_malloc_object#1| #x00000000))
((|__CPROVER_malloc_object#1$wclk$8| (- 25)))
((|__CPROVER_malloc_size#1| #x00000000))
((|__CPROVER_malloc_size#1$wclk$8| (- 24)))
((|__CPROVER_memory_leak#1| #x00000000))
((|__CPROVER_memory_leak#1$wclk$8| (- 23)))
((|__CPROVER_next_thread_id#1| #x00000000))
((|__CPROVER_next_thread_id#1$wclk$8| (- 22)))
((|__CPROVER_next_thread_id#2| #x00000001))
((|__CPROVER_next_thread_id#2$wclk$8| (- 13)))
((|__CPROVER_next_thread_id#3| #x00000001))
((|__CPROVER_next_thread_id#3$rclk$8| (- 10)))
((|__CPROVER_next_thread_id#4| #x00000001))
((|__CPROVER_next_thread_id#5| #x00000002))
((|__CPROVER_next_thread_id#5$wclk$8| (- 10)))
((|__CPROVER_next_thread_id#6| #x00000002))
((|__CPROVER_next_thread_id#6$rclk$8| (- 5)))
((|__CPROVER_next_thread_id#7| #x00000002))
((|__CPROVER_next_thread_id#7$rclk$8| (- 1)))
((|__CPROVER_pipe_count#1| #x00000000))
((|__CPROVER_pipe_count#1$wclk$8| (- 21)))
((|__CPROVER_rounding_mode!0#1| #x00000000))
((|__CPROVER_rounding_mode!1#1| #x00000000))
((|__CPROVER_rounding_mode!2#1| #x00000000))
((|__CPROVER_thread_id!0#1| #x00000000))
((|__CPROVER_thread_id!1#1| #x00000000))
((|__CPROVER_thread_id!1#2| #x00000000))
((|__CPROVER_thread_id!2#1| #x00000000))
((|__CPROVER_thread_id!2#2| #x00000000))
((|__CPROVER_threads_exited#1| (store (store ((as const (Array (_ BitVec 32) Bool)) false) #x00000002 true)
       #x00000001
       true)))
((|__CPROVER_threads_exited#1$wclk$8| (- 20)))
((|__CPROVER_threads_exited#2| (store (store ((as const (Array (_ BitVec 32) Bool)) false) #x00000002 true)
       #x00000001
       true)))
((|__CPROVER_threads_exited#2$rclk$8| (- 4)))
((|__CPROVER_threads_exited#3| (store (store ((as const (Array (_ BitVec 32) Bool)) false) #x00000002 true)
       #x00000001
       true)))
((|__CPROVER_threads_exited#3$rclk$8| 0))
((|__CPROVER_threads_exited#4| ((as const (Array (_ BitVec 32) Bool)) false)))
((|__CPROVER_threads_exited#4$rclk$8| 1))
((|__CPROVER_threads_exited#5| (store ((as const (Array (_ BitVec 32) Bool)) false) #x00000000 true)))
((|__CPROVER_threads_exited#5$wclk$8| 2))
((|__CPROVER_threads_exited#6| ((as const (Array (_ BitVec 32) Bool)) false)))
((|__CPROVER_threads_exited#6$rclk$8| (- 1)))
((|__CPROVER_threads_exited#7| (store ((as const (Array (_ BitVec 32) Bool)) false) #x00000000 true)))
((|__CPROVER_threads_exited#7$wclk$8| 0))
((|__VERIFIER_assert::cond!0@1#1| #x00000000))
((|__VERIFIER_assert::cond!0@2#1| #x00000000))
((|__VERIFIER_assert::cond!0@3#1| #x00000001))
((|__VERIFIER_nondet_uint#return_value!1#1| #x00000000))
((|__VERIFIER_nondet_uint#return_value!2#1| #x00000000))
((|a#1| #x00000000))
((|a#1$wclk$8| (- 19)))
((|a#10| #x24601230))
((|a#10$rclk$8| (- 3)))
((|a#11| #x24601230))
((|a#11$rclk$8| 0))
((|a#12| #x24601230))
((|a#13| #x1e800f40))
((|a#14| #x1e800f40))
((|a#14$wclk$8| 0))
((|a#15| #x24601230))
((|a#15$rclk$8| (- 7)))
((|a#16| #x24601230))
((|a#16$rclk$8| (- 5)))
((|a#17| #x24601230))
((|a#18| #x24601230))
((|a#19| #x24601230))
((|a#2| #x24601230))
((|a#2$wclk$8| (- 17)))
((|a#20| #x24601230))
((|a#20$rclk$8| (- 4)))
((|a#21| #x24601230))
((|a#21$rclk$8| (- 2)))
((|a#22| #x24601230))
((|a#3| #x1e800f40))
((|a#3$rclk$8| 1))
((|a#4| #x24601230))
((|a#4$rclk$8| (- 7)))
((|a#5| #x24601230))
((|a#5$rclk$8| (- 4)))
((|a#6| #x24601230))
((|a#7| #x24601230))
((|a#8| #xfa1ffd10))
((|a#9| #x24601230))
((|a#9$wclk$8| (- 4)))
((|b#1| #x00000000))
((|b#1$wclk$8| (- 18)))
((|b#10| #x05e002f0))
((|b#11| #x4ea02750))
((|b#11$rclk$8| (- 6)))
((|b#12| #x4ea02750))
((|b#12$rclk$8| (- 5)))
((|b#13| #x4ea02750))
((|b#14| #x4ea02750))
((|b#15| #x2a401520))
((|b#16| #x2a401520))
((|b#16$wclk$8| (- 5)))
((|b#17| #x2a401520))
((|b#17$rclk$8| (- 3)))
((|b#18| #x2a401520))
((|b#18$rclk$8| (- 2)))
((|b#19| #x2a401520))
((|b#2| #x4ea02750))
((|b#2$wclk$8| (- 16)))
((|b#20| #x05e002f0))
((|b#21| #x05e002f0))
((|b#21$wclk$8| (- 2)))
((|b#3| #x4ea02750))
((|b#3$rclk$8| (- 6)))
((|b#4| #x2a401520))
((|b#4$rclk$8| (- 4)))
((|b#5| #x2a401520))
((|b#6| #x2a401520))
((|b#7| #x2a401520))
((|b#8| #x05e002f0))
((|b#8$rclk$8| (- 1)))
((|b#9| #x05e002f0))
((|b#9$rclk$8| 0))
((|check_gcd::1::guessed_gcd!0@1#1| #x00000000))
((|check_gcd::1::guessed_gcd!0@1#2| #x00020001))
((|check_gcd::a_in!0@1#1| #x24601230))
((|check_gcd::b_in!0@1#1| #x4ea02750))
((|check_gcd::gcd!0@1#1| #x1e800f40))
((|dec_a#return_value!1#1| #x00000000))
((|dec_a#return_value!1#2| #x00000000))
((|dec_a#return_value!2#1| #x00000000))
((|dec_a::arg!1@1#1| #x00000000))
((|dec_b#return_value!1#1| #x00000000))
((|dec_b#return_value!2#1| #x00000000))
((|dec_b#return_value!2#2| #x00000000))
((|dec_b::arg!2@1#1| #x00000000))
((|goto_symex::&92;guard#1| false))
((|goto_symex::&92;guard#10| true))
((|goto_symex::&92;guard#11| false))
((|goto_symex::&92;guard#12| true))
((|goto_symex::&92;guard#13| true))
((|goto_symex::&92;guard#14| true))
((|goto_symex::&92;guard#15| true))
((|goto_symex::&92;guard#16| true))
((|goto_symex::&92;guard#17| true))
((|goto_symex::&92;guard#2| false))
((|goto_symex::&92;guard#3| false))
((|goto_symex::&92;guard#4| false))
((|goto_symex::&92;guard#5| false))
((|goto_symex::&92;guard#6| false))
((|goto_symex::&92;guard#7| true))
((|goto_symex::&92;guard#8| true))
((|goto_symex::&92;guard#9| false))
((|main#return_value!0#1| #x00000000))
((|main#return_value!1#1| #x00000000))
((|main#return_value!2#1| #x00000000))
((|main::$tmp::return_value_start$1!0@1#1| #x00000000))
((|main::$tmp::return_value_start$1!0@1#2| #x1e800f40))
((|main::1::a_in!0@1#1| #x00000000))
((|main::1::a_in!0@1#2| #x24601230))
((|main::1::b_in!0@1#1| #x00000000))
((|main::1::b_in!0@1#2| #x4ea02750))
((|memory_model::choice_rf_0_18_0_15_T_11| true))
((|memory_model::choice_rf_0_18_0_6_T_10| false))
((|memory_model::choice_rf_0_22_0_13_F_74| false))
((|memory_model::choice_rf_0_22_0_16_F_75| true))
((|memory_model::choice_rf_0_23_0_13_F_76| false))
((|memory_model::choice_rf_0_23_0_16_F_77| true))
((|memory_model::choice_rf_0_24_0_15_T_13| false))
((|memory_model::choice_rf_0_24_0_19_T_14| true))
((|memory_model::choice_rf_0_24_0_6_T_12| false))
((|memory_model::choice_rf_0_25_0_8_T_0| true))
((|memory_model::choice_rf_0_25_1_11_T_1| false))
((|memory_model::choice_rf_0_25_2_11_T_2| false))
((|memory_model::choice_rf_0_26_0_14_F_78| false))
((|memory_model::choice_rf_0_26_0_20_F_79| true))
((|memory_model::choice_rf_0_27_0_14_F_80| false))
((|memory_model::choice_rf_0_27_0_20_F_81| true))
((|memory_model::choice_rf_0_28_0_15_T_16| false))
((|memory_model::choice_rf_0_28_0_19_T_17| true))
((|memory_model::choice_rf_0_28_0_6_T_15| false))
((|memory_model::choice_rf_0_29_0_8_T_3| true))
((|memory_model::choice_rf_0_29_1_11_T_4| false))
((|memory_model::choice_rf_0_29_2_11_T_5| false))
((|memory_model::choice_rf_0_30_0_11_F_19| false))
((|memory_model::choice_rf_0_30_0_9_F_18| false))
((|memory_model::choice_rf_0_30_1_4_F_20| false))
((|memory_model::choice_rf_0_30_1_9_F_21| true))
((|memory_model::choice_rf_1_0_0_11_F_23| true))
((|memory_model::choice_rf_1_0_0_9_F_22| false))
((|memory_model::choice_rf_1_10_0_8_T_6| false))
((|memory_model::choice_rf_1_10_2_11_T_7| false))
((|memory_model::choice_rf_1_1_0_10_F_48| false))
((|memory_model::choice_rf_1_1_0_12_F_49| true))
((|memory_model::choice_rf_1_1_2_4_F_50| false))
((|memory_model::choice_rf_1_1_2_9_F_51| false))
((|memory_model::choice_rf_1_2_0_10_F_52| false))
((|memory_model::choice_rf_1_2_0_12_F_53| false))
((|memory_model::choice_rf_1_2_2_4_F_54| true))
((|memory_model::choice_rf_1_2_2_9_F_55| false))
((|memory_model::choice_rf_1_3_0_11_F_25| true))
((|memory_model::choice_rf_1_3_0_9_F_24| false))
((|memory_model::choice_rf_1_5_0_11_F_27| true))
((|memory_model::choice_rf_1_5_0_9_F_26| false))
((|memory_model::choice_rf_1_5_1_4_F_28| false))
((|memory_model::choice_rf_1_6_0_10_F_56| false))
((|memory_model::choice_rf_1_6_0_12_F_57| false))
((|memory_model::choice_rf_1_6_2_4_F_58| false))
((|memory_model::choice_rf_1_6_2_9_F_59| true))
((|memory_model::choice_rf_1_7_0_10_F_60| false))
((|memory_model::choice_rf_1_7_0_12_F_61| false))
((|memory_model::choice_rf_1_7_2_4_F_62| false))
((|memory_model::choice_rf_1_7_2_9_F_63| true))
((|memory_model::choice_rf_1_8_0_11_F_30| true))
((|memory_model::choice_rf_1_8_0_9_F_29| false))
((|memory_model::choice_rf_1_8_1_4_F_31| false))
((|memory_model::choice_rf_2_0_0_11_F_33| true))
((|memory_model::choice_rf_2_0_0_9_F_32| false))
((|memory_model::choice_rf_2_0_1_4_F_34| false))
((|memory_model::choice_rf_2_0_1_9_F_35| false))
((|memory_model::choice_rf_2_10_0_8_T_8| false))
((|memory_model::choice_rf_2_10_1_11_T_9| false))
((|memory_model::choice_rf_2_1_0_10_F_64| false))
((|memory_model::choice_rf_2_1_0_12_F_65| true))
((|memory_model::choice_rf_2_2_0_11_F_37| true))
((|memory_model::choice_rf_2_2_0_9_F_36| false))
((|memory_model::choice_rf_2_2_1_4_F_38| false))
((|memory_model::choice_rf_2_2_1_9_F_39| false))
((|memory_model::choice_rf_2_3_0_10_F_66| false))
((|memory_model::choice_rf_2_3_0_12_F_67| true))
((|memory_model::choice_rf_2_5_0_11_F_41| true))
((|memory_model::choice_rf_2_5_0_9_F_40| false))
((|memory_model::choice_rf_2_5_1_4_F_42| false))
((|memory_model::choice_rf_2_5_1_9_F_43| false))
((|memory_model::choice_rf_2_6_0_10_F_68| false))
((|memory_model::choice_rf_2_6_0_12_F_69| false))
((|memory_model::choice_rf_2_6_2_4_F_70| true))
((|memory_model::choice_rf_2_7_0_11_F_45| true))
((|memory_model::choice_rf_2_7_0_9_F_44| false))
((|memory_model::choice_rf_2_7_1_4_F_46| false))
((|memory_model::choice_rf_2_7_1_9_F_47| false))
((|memory_model::choice_rf_2_8_0_10_F_71| false))
((|memory_model::choice_rf_2_8_0_12_F_72| false))
((|memory_model::choice_rf_2_8_2_4_F_73| true))
((|memory_model::choice_ws-ext_0_10_2_4_F_89| true))
((|memory_model::choice_ws-ext_0_10_2_9_F_90| true))
((|memory_model::choice_ws-ext_0_11_1_4_F_87| true))
((|memory_model::choice_ws-ext_0_11_1_9_F_88| true))
((|memory_model::choice_ws-ext_0_12_2_4_F_91| true))
((|memory_model::choice_ws-ext_0_12_2_9_F_92| true))
((|memory_model::choice_ws-ext_0_8_1_11_T_82| true))
((|memory_model::choice_ws-ext_0_8_2_11_T_83| true))
((|memory_model::choice_ws-ext_0_9_1_4_F_85| true))
((|memory_model::choice_ws-ext_0_9_1_9_F_86| true))
((|memory_model::choice_ws-ext_1_11_2_11_T_84| false))
((|nondet_symex::nondet0| #x24601230))
((|nondet_symex::nondet1| #x4ea02750))
((|nondet_symex::nondet2| #x00020001))
((|pthread_create#return_value!0#1| #x00000000))
((|pthread_create#return_value!0#2| #x00000000))
((|pthread_create#return_value!1#1| #x00000000))
((|pthread_create#return_value!2#1| #x00000000))
((|pthread_create::1::this_thread_id!0@1#1| #x00000000))
((|pthread_create::1::this_thread_id!0@1#2| #x00000001))
((|pthread_create::1::this_thread_id!0@2#1| #x00000000))
((|pthread_create::1::this_thread_id!0@2#2| #x00000002))
((|pthread_create::1::this_thread_id!1@0#0| #x00000000))
((|pthread_create::1::this_thread_id!2@0#0| #x00000000))
((|pthread_create::arg!0@1#1| #x00000000))
((|pthread_create::arg!0@2#1| #x00000000))
((|pthread_create::arg!1@0#1| #x00000000))
((|pthread_create::arg!2@0#1| #x00000000))
((|pthread_create::attr!0@1#1| #x00000000))
((|pthread_create::attr!0@2#1| #x00000000))
((|pthread_create::attr!1@0#1| #x00000000))
((|pthread_create::attr!2@0#1| #x00000000))
((|pthread_create::start_routine!0@1#1| #x03000000))
((|pthread_create::start_routine!0@2#1| #x05000000))
((|pthread_create::start_routine!1@0#1| #x03000000))
((|pthread_create::start_routine!2@0#1| #x05000000))
((|pthread_create::thread!0@1#1| #x02000000))
((|pthread_create::thread!0@2#1| #x04000000))
((|pthread_create::thread!1@0#1| #x02000000))
((|pthread_create::thread!2@0#1| #x04000000))
((|pthread_join#return_value!0#0| #x00000000))
((|pthread_join#return_value!0#1| #x00000003))
((|pthread_join#return_value!0#10| #x00000023))
((|pthread_join#return_value!0#11| #x00000000))
((|pthread_join#return_value!0#12| #x00000000))
((|pthread_join#return_value!0#13| #x00000000))
((|pthread_join#return_value!0#14| #x00000000))
((|pthread_join#return_value!0#2| #x00000000))
((|pthread_join#return_value!0#3| #x00000023))
((|pthread_join#return_value!0#4| #x00000000))
((|pthread_join#return_value!0#5| #x00000000))
((|pthread_join#return_value!0#6| #x00000000))
((|pthread_join#return_value!0#7| #x00000000))
((|pthread_join#return_value!0#8| #x00000003))
((|pthread_join#return_value!0#9| #x00000000))
((|pthread_join#return_value!1#1| #x00000000))
((|pthread_join#return_value!2#1| #x00000000))
((|pthread_join::thread!0@1#1| #x00000001))
((|pthread_join::thread!0@2#1| #x00000002))
((|pthread_join::value_ptr!0@1#1| #x00000000))
((|pthread_join::value_ptr!0@2#1| #x00000000))
((|return'!0#1| #x00000000))
((|start#return_value!0#1| #x1e800f40))
((|start#return_value!1#1| #x00000000))
((|start#return_value!2#1| #x00000000))
((|start::1::t1!0@1| #x00000000))
((|start::1::t1!0@1#1| #x00000000))
((|start::1::t1!0@1#1$wclk$8| (- 15)))
((|start::1::t1!0@1#2| #x00000001))
((|start::1::t1!0@1#2$wclk$8| (- 12)))
((|start::1::t1!0@1#3| #x00000001))
((|start::1::t1!0@1#3$rclk$8| (- 7)))
((|start::1::t1!0@1#4| #x00000001))
((|start::1::t1!0@1#4$rclk$8| (- 6)))
((|start::1::t2!0@1| #x00000000))
((|start::1::t2!0@1#1| #x00000000))
((|start::1::t2!0@1#1$wclk$8| (- 14)))
((|start::1::t2!0@1#2| #x00000002))
((|start::1::t2!0@1#2$wclk$8| (- 9)))
((|start::1::t2!0@1#3| #x00000002))
((|start::1::t2!0@1#3$rclk$8| (- 3)))
((|start::1::t2!0@1#4| #x00000002))
((|start::1::t2!0@1#4$rclk$8| (- 2)))
((|start::a_in!0@1#1| #x24601230))
((|start::b_in!0@1#1| #x4ea02750))
((|t1$17$spwnclk$8| (- 11)))
((|t1$21$spwnclk$8| (- 8)))
(model 
  (define-fun |memory_model::choice_rf_1_6_2_4_F_58| () Bool
    false)
  (define-fun |memory_model::choice_ws-ext_0_10_2_4_F_89| () Bool
    true)
  (define-fun |__CPROVER_threads_exited#6| () (Array (_ BitVec 32) Bool)
    ((as const (Array (_ BitVec 32) Bool)) false))
  (define-fun |a#11| () (_ BitVec 32)
    #x24601230)
  (define-fun |a#20$rclk$8| () Int
    (- 4))
  (define-fun |b#2$wclk$8| () Int
    (- 16))
  (define-fun |a#10| () (_ BitVec 32)
    #x24601230)
  (define-fun |b#12| () (_ BitVec 32)
    #x4ea02750)
  (define-fun |memory_model::choice_rf_0_25_2_11_T_2| () Bool
    false)
  (define-fun |memory_model::choice_rf_0_24_0_6_T_12| () Bool
    false)
  (define-fun |memory_model::choice_rf_2_2_0_9_F_36| () Bool
    false)
  (define-fun |memory_model::choice_rf_0_23_0_16_F_77| () Bool
    true)
  (define-fun |b#11$rclk$8| () Int
    (- 6))
  (define-fun |start::1::t2!0@1#1$wclk$8| () Int
    (- 14))
  (define-fun |start::1::t1!0@1#4$rclk$8| () Int
    (- 6))
  (define-fun |goto_symex::&92;guard#17| () Bool
    true)
  (define-fun |memory_model::choice_rf_2_6_0_12_F_69| () Bool
    false)
  (define-fun |__CPROVER_next_thread_id#7$rclk$8| () Int
    (- 1))
  (define-fun |memory_model::choice_rf_2_3_0_10_F_66| () Bool
    false)
  (define-fun |memory_model::choice_rf_1_5_0_9_F_26| () Bool
    false)
  (define-fun |goto_symex::&92;guard#6| () Bool
    false)
  (define-fun |memory_model::choice_rf_2_10_0_8_T_8| () Bool
    false)
  (define-fun |a#20| () (_ BitVec 32)
    #x24601230)
  (define-fun |b#4| () (_ BitVec 32)
    #x2a401520)
  (define-fun |memory_model::choice_ws-ext_0_12_2_9_F_92| () Bool
    true)
  (define-fun |__CPROVER_threads_exited#3| () (Array (_ BitVec 32) Bool)
    (lambda ((x!1 (_ BitVec 32))) (or (= x!1 #x00000001) (= x!1 #x00000002))))
  (define-fun |start::1::t1!0@1#4| () (_ BitVec 32)
    #x00000001)
  (define-fun |memory_model::choice_rf_0_26_0_20_F_79| () Bool
    true)
  (define-fun |memory_model::choice_rf_1_1_2_4_F_50| () Bool
    false)
  (define-fun |memory_model::choice_ws-ext_0_12_2_4_F_91| () Bool
    true)
  (define-fun |memory_model::choice_ws-ext_1_11_2_11_T_84| () Bool
    false)
  (define-fun |memory_model::choice_rf_2_2_0_11_F_37| () Bool
    true)
  (define-fun |a#3$rclk$8| () Int
    1)
  (define-fun |a#15$rclk$8| () Int
    (- 7))
  (define-fun |memory_model::choice_rf_2_2_1_4_F_38| () Bool
    false)
  (define-fun |memory_model::choice_rf_0_26_0_14_F_78| () Bool
    false)
  (define-fun |memory_model::choice_rf_0_25_0_8_T_0| () Bool
    true)
  (define-fun |memory_model::choice_rf_0_27_0_14_F_80| () Bool
    false)
  (define-fun |memory_model::choice_rf_2_5_1_9_F_43| () Bool
    false)
  (define-fun |memory_model::choice_rf_1_6_2_9_F_59| () Bool
    true)
  (define-fun |memory_model::choice_rf_1_7_0_12_F_61| () Bool
    false)
  (define-fun |goto_symex::&92;guard#13| () Bool
    true)
  (define-fun |memory_model::choice_rf_0_27_0_20_F_81| () Bool
    true)
  (define-fun |start::1::t2!0@1#4$rclk$8| () Int
    (- 2))
  (define-fun |memory_model::choice_rf_0_23_0_13_F_76| () Bool
    false)
  (define-fun |__CPROVER_next_thread_id#6| () (_ BitVec 32)
    #x00000002)
  (define-fun t1$21$spwnclk$8 () Int
    (- 8))
  (define-fun |memory_model::choice_rf_0_24_0_15_T_13| () Bool
    false)
  (define-fun |memory_model::choice_rf_0_29_2_11_T_5| () Bool
    false)
  (define-fun |pthread_create::1::this_thread_id!2@0#0| () (_ BitVec 32)
    #x00000000)
  (define-fun |memory_model::choice_rf_0_30_0_9_F_18| () Bool
    false)
  (define-fun |goto_symex::&92;guard#8| () Bool
    true)
  (define-fun |memory_model::choice_rf_1_3_0_9_F_24| () Bool
    false)
  (define-fun |memory_model::choice_rf_2_7_1_4_F_46| () Bool
    false)
  (define-fun |check_gcd::b_in!0@1#1| () (_ BitVec 32)
    #x4ea02750)
  (define-fun |b#21$wclk$8| () Int
    (- 2))
  (define-fun |__CPROVER_threads_exited#6$rclk$8| () Int
    (- 1))
  (define-fun |memory_model::choice_rf_2_6_0_10_F_68| () Bool
    false)
  (define-fun |memory_model::choice_rf_0_24_0_19_T_14| () Bool
    true)
  (define-fun |__CPROVER_threads_exited#7$wclk$8| () Int
    0)
  (define-fun |goto_symex::&92;guard#9| () Bool
    false)
  (define-fun |memory_model::choice_rf_2_10_1_11_T_9| () Bool
    false)
  (define-fun |nondet_symex::nondet0| () (_ BitVec 32)
    #x24601230)
  (define-fun |goto_symex::&92;guard#12| () Bool
    true)
  (define-fun |a#4| () (_ BitVec 32)
    #x24601230)
  (define-fun |memory_model::choice_rf_2_0_1_9_F_35| () Bool
    false)
  (define-fun |goto_symex::&92;guard#4| () Bool
    false)
  (define-fun |__CPROVER_next_thread_id#6$rclk$8| () Int
    (- 5))
  (define-fun t1$17$spwnclk$8 () Int
    (- 11))
  (define-fun |memory_model::choice_rf_2_7_0_11_F_45| () Bool
    true)
  (define-fun |goto_symex::&92;guard#3| () Bool
    false)
  (define-fun |memory_model::choice_rf_2_7_0_9_F_44| () Bool
    false)
  (define-fun |memory_model::choice_ws-ext_0_8_2_11_T_83| () Bool
    true)
  (define-fun |memory_model::choice_rf_1_2_0_12_F_53| () Bool
    false)
  (define-fun |goto_symex::&92;guard#15| () Bool
    true)
  (define-fun |memory_model::choice_rf_1_7_0_10_F_60| () Bool
    false)
  (define-fun |a#15| () (_ BitVec 32)
    #x24601230)
  (define-fun |memory_model::choice_rf_2_2_1_9_F_39| () Bool
    false)
  (define-fun array_of.0 () (Array (_ BitVec 32) Bool)
    (lambda ((x!1 (_ BitVec 32))) (or (= x!1 #x00000001) (= x!1 #x00000002))))
  (define-fun |memory_model::choice_rf_2_3_0_12_F_67| () Bool
    true)
  (define-fun |b#17$rclk$8| () Int
    (- 3))
  (define-fun |memory_model::choice_rf_1_10_2_11_T_7| () Bool
    false)
  (define-fun |memory_model::choice_rf_0_30_1_9_F_21| () Bool
    true)
  (define-fun |__CPROVER_next_thread_id#7| () (_ BitVec 32)
    #x00000002)
  (define-fun |memory_model::choice_ws-ext_0_9_1_4_F_85| () Bool
    true)
  (define-fun |memory_model::choice_rf_1_7_2_4_F_62| () Bool
    false)
  (define-fun |a#16| () (_ BitVec 32)
    #x24601230)
  (define-fun |__CPROVER_threads_exited#4| () (Array (_ BitVec 32) Bool)
    ((as const (Array (_ BitVec 32) Bool)) false))
  (define-fun |a#10$rclk$8| () Int
    (- 3))
  (define-fun |start::1::t2!0@1#3| () (_ BitVec 32)
    #x00000002)
  (define-fun |memory_model::choice_rf_0_28_0_6_T_15| () Bool
    false)
  (define-fun |start::1::t2!0@1#4| () (_ BitVec 32)
    #x00000002)
  (define-fun |b#3| () (_ BitVec 32)
    #x4ea02750)
  (define-fun |memory_model::choice_rf_0_28_0_19_T_17| () Bool
    true)
  (define-fun |memory_model::choice_ws-ext_0_11_1_9_F_88| () Bool
    true)
  (define-fun |b#8| () (_ BitVec 32)
    #x05e002f0)
  (define-fun |a#21| () (_ BitVec 32)
    #x24601230)
  (define-fun |memory_model::choice_rf_1_3_0_11_F_25| () Bool
    true)
  (define-fun |__CPROVER_threads_exited#3$rclk$8| () Int
    0)
  (define-fun |memory_model::choice_rf_2_5_0_11_F_41| () Bool
    true)
  (define-fun |memory_model::choice_rf_0_18_0_15_T_11| () Bool
    true)
  (define-fun |memory_model::choice_ws-ext_0_8_1_11_T_82| () Bool
    true)
  (define-fun |memory_model::choice_rf_2_0_1_4_F_34| () Bool
    false)
  (define-fun |b#1$wclk$8| () Int
    (- 18))
  (define-fun |goto_symex::&92;guard#16| () Bool
    true)
  (define-fun |memory_model::choice_rf_0_25_1_11_T_1| () Bool
    false)
  (define-fun |memory_model::choice_rf_0_30_0_11_F_19| () Bool
    false)
  (define-fun |__CPROVER_threads_exited#1$wclk$8| () Int
    (- 20))
  (define-fun |b#16$wclk$8| () Int
    (- 5))
  (define-fun |a#5| () (_ BitVec 32)
    #x24601230)
  (define-fun |__CPROVER_next_thread_id#5$wclk$8| () Int
    (- 10))
  (define-fun |start::1::t1!0@1#3$rclk$8| () Int
    (- 7))
  (define-fun |start::1::t2!0@1#3$rclk$8| () Int
    (- 3))
  (define-fun |a#14$wclk$8| () Int
    0)
  (define-fun |__CPROVER_threads_exited#2$rclk$8| () Int
    (- 4))
  (define-fun |memory_model::choice_rf_2_8_0_12_F_72| () Bool
    false)
  (define-fun |goto_symex::&92;guard#5| () Bool
    false)
  (define-fun |b#18| () (_ BitVec 32)
    #x2a401520)
  (define-fun |start::1::t1!0@1#1$wclk$8| () Int
    (- 15))
  (define-fun |memory_model::choice_rf_0_30_1_4_F_20| () Bool
    false)
  (define-fun |memory_model::choice_rf_1_8_0_11_F_30| () Bool
    true)
  (define-fun |memory_model::choice_rf_1_0_0_9_F_22| () Bool
    false)
  (define-fun |a#4$rclk$8| () Int
    (- 7))
  (define-fun |start::1::t2!0@1#2$wclk$8| () Int
    (- 9))
  (define-fun |memory_model::choice_rf_1_0_0_11_F_23| () Bool
    true)
  (define-fun |memory_model::choice_rf_1_5_1_4_F_28| () Bool
    false)
  (define-fun |b#9| () (_ BitVec 32)
    #x05e002f0)
  (define-fun |memory_model::choice_rf_1_1_2_9_F_51| () Bool
    false)
  (define-fun |memory_model::choice_rf_1_2_0_10_F_52| () Bool
    false)
  (define-fun |check_gcd::a_in!0@1#1| () (_ BitVec 32)
    #x24601230)
  (define-fun |goto_symex::&92;guard#10| () Bool
    true)
  (define-fun |b#17| () (_ BitVec 32)
    #x2a401520)
  (define-fun |memory_model::choice_rf_1_2_2_4_F_54| () Bool
    true)
  (define-fun |memory_model::choice_rf_2_1_0_12_F_65| () Bool
    true)
  (define-fun |__CPROVER_threads_exited#2| () (Array (_ BitVec 32) Bool)
    (lambda ((x!1 (_ BitVec 32))) (or (= x!1 #x00000001) (= x!1 #x00000002))))
  (define-fun |memory_model::choice_rf_2_7_1_9_F_47| () Bool
    false)
  (define-fun |memory_model::choice_rf_1_5_0_11_F_27| () Bool
    true)
  (define-fun |memory_model::choice_ws-ext_0_11_1_4_F_87| () Bool
    true)
  (define-fun |memory_model::choice_ws-ext_0_9_1_9_F_86| () Bool
    true)
  (define-fun |__CPROVER_threads_exited#5$wclk$8| () Int
    2)
  (define-fun |memory_model::choice_rf_1_1_0_12_F_49| () Bool
    true)
  (define-fun |goto_symex::&92;guard#11| () Bool
    false)
  (define-fun |memory_model::choice_rf_0_28_0_15_T_16| () Bool
    false)
  (define-fun |memory_model::choice_rf_2_0_0_11_F_33| () Bool
    true)
  (define-fun |a#9$wclk$8| () Int
    (- 4))
  (define-fun |memory_model::choice_rf_1_7_2_9_F_63| () Bool
    true)
  (define-fun |b#3$rclk$8| () Int
    (- 6))
  (define-fun |memory_model::choice_rf_2_0_0_9_F_32| () Bool
    false)
  (define-fun |memory_model::choice_rf_2_5_0_9_F_40| () Bool
    false)
  (define-fun |pthread_create::1::this_thread_id!1@0#0| () (_ BitVec 32)
    #x00000000)
  (define-fun |a#2$wclk$8| () Int
    (- 17))
  (define-fun |memory_model::choice_rf_2_8_0_10_F_71| () Bool
    false)
  (define-fun |a#3| () (_ BitVec 32)
    #x1e800f40)
  (define-fun |b#11| () (_ BitVec 32)
    #x4ea02750)
  (define-fun |__CPROVER_next_thread_id#3| () (_ BitVec 32)
    #x00000001)
  (define-fun |check_gcd::1::guessed_gcd!0@1#2| () (_ BitVec 32)
    #x00020001)
  (define-fun |start::1::t1!0@1#2$wclk$8| () Int
    (- 12))
  (define-fun |goto_symex::&92;guard#7| () Bool
    true)
  (define-fun |memory_model::choice_rf_1_10_0_8_T_6| () Bool
    false)
  (define-fun |memory_model::choice_rf_2_8_2_4_F_73| () Bool
    true)
  (define-fun |goto_symex::&92;guard#14| () Bool
    true)
  (define-fun |__CPROVER_threads_exited#4$rclk$8| () Int
    1)
  (define-fun |memory_model::choice_rf_2_6_2_4_F_70| () Bool
    true)
  (define-fun |memory_model::choice_rf_0_29_1_11_T_4| () Bool
    false)
  (define-fun |memory_model::choice_rf_1_1_0_10_F_48| () Bool
    false)
  (define-fun |nondet_symex::nondet1| () (_ BitVec 32)
    #x4ea02750)
  (define-fun |__CPROVER_next_thread_id#2$wclk$8| () Int
    (- 13))
  (define-fun |memory_model::choice_rf_0_29_0_8_T_3| () Bool
    true)
  (define-fun |memory_model::choice_rf_2_5_1_4_F_42| () Bool
    false)
  (define-fun |memory_model::choice_rf_1_2_2_9_F_55| () Bool
    false)
  (define-fun |memory_model::choice_rf_0_22_0_16_F_75| () Bool
    true)
  (define-fun |memory_model::choice_ws-ext_0_10_2_9_F_90| () Bool
    true)
  (define-fun |a#1$wclk$8| () Int
    (- 19))
  (define-fun |memory_model::choice_rf_1_6_0_10_F_56| () Bool
    false)
  (define-fun |start::1::t1!0@1#3| () (_ BitVec 32)
    #x00000001)
  (define-fun |memory_model::choice_rf_2_1_0_10_F_64| () Bool
    false)
  (define-fun |memory_model::choice_rf_1_8_1_4_F_31| () Bool
    false)
  (define-fun |memory_model::choice_rf_1_8_0_9_F_29| () Bool
    false)
  (define-fun |memory_model::choice_rf_1_6_0_12_F_57| () Bool
    false)
  (define-fun |b#8$rclk$8| () Int
    (- 1))
  (define-fun |memory_model::choice_rf_0_18_0_6_T_10| () Bool
    false)
  (define-fun |memory_model::choice_rf_0_22_0_13_F_74| () Bool
    false)
  (define-fun |__CPROVER_pipe_count#1$wclk$8| () Int
    (- 21))
  (define-fun |__CPROVER_next_thread_id#1$wclk$8| () Int
    (- 22))
  (define-fun |__CPROVER_memory_leak#1$wclk$8| () Int
    (- 23))
  (define-fun |__CPROVER_malloc_size#1$wclk$8| () Int
    (- 24))
  (define-fun |__CPROVER_malloc_object#1$wclk$8| () Int
    (- 25))
  (define-fun |__CPROVER_malloc_is_new_array#1$wclk$8| () Int
    (- 26))
  (define-fun |__CPROVER_deallocated#1$wclk$8| () Int
    (- 27))
  (define-fun |__CPROVER_dead_object#1$wclk$8| () Int
    (- 28))
  (define-fun |nondet_symex::nondet2| () (_ BitVec 32)
    #x00020001)
  (define-fun |a#21$rclk$8| () Int
    (- 2))
  (define-fun |b#18$rclk$8| () Int
    (- 2))
  (define-fun |a#16$rclk$8| () Int
    (- 5))
  (define-fun |b#12$rclk$8| () Int
    (- 5))
  (define-fun |b#9$rclk$8| () Int
    0)
  (define-fun |a#11$rclk$8| () Int
    0)
  (define-fun |b#4$rclk$8| () Int
    (- 4))
  (define-fun |a#5$rclk$8| () Int
    (- 4))
  (define-fun |__CPROVER_next_thread_id#3$rclk$8| () Int
    (- 10))
  (define-fun |pthread_join::thread!0@2#1| () (_ BitVec 32)
    #x00000002)
  (define-fun |pthread_join::thread!0@1#1| () (_ BitVec 32)
    #x00000001)
  (define-fun |main::1::a_in!0@1#1| () (_ BitVec 32)
    #x00000000)
  (define-fun |main::1::b_in!0@1#1| () (_ BitVec 32)
    #x00000000)
  (define-fun |main::$tmp::return_value_start$1!0@1#1| () (_ BitVec 32)
    #x00000000)
  (define-fun |start::1::t1!0@1#1| () (_ BitVec 32)
    #x00000000)
  (define-fun |start::1::t2!0@1#1| () (_ BitVec 32)
    #x00000000)
  (define-fun |pthread_create::1::this_thread_id!0@1#1| () (_ BitVec 32)
    #x00000000)
  (define-fun |pthread_create::1::this_thread_id!0@2#1| () (_ BitVec 32)
    #x00000000)
  (define-fun |check_gcd::1::guessed_gcd!0@1#1| () (_ BitVec 32)
    #x00000000)
  (define-fun |pthread_join#return_value!0#0| () (_ BitVec 32)
    #x00000000)
  (define-fun |start::1::t1!0@1| () (_ BitVec 32)
    #x00000000)
  (define-fun |start::1::t2!0@1| () (_ BitVec 32)
    #x00000000)
)
(:added-eqs               4522
 :arith-add-rows          2446
 :arith-assert-lower      166
 :arith-assert-upper      912
 :arith-bound-prop        176
 :arith-conflicts         3
 :arith-pivots            86
 :array-ax1               2
 :array-ax2               2
 :binary-propagations     472368
 :bv-bit2core             32484
 :bv-diseqs               1
 :bv-dynamic-diseqs       226
 :bv->core-eq             152
 :conflicts               706
 :decisions               3467
 :del-clause              18132
 :eliminated-applications 17
 :eliminated-vars         11
 :final-checks            1
 :max-memory              24.76
 :memory                  9.60
 :minimized-lits          4450
 :mk-bool-var             38722
 :mk-clause               84220
 :num-allocs              41767887
 :num-checks              1
 :propagations            1140356
 :restarts                5
 :rlimit-count            1442333
 :time                    0.25
 :total-time              0.26)

real	0m0.266s
user	0m0.259s
sys	0m0.007s
State: AC Run_time: 0.26809239387512207