num of guard = 8
num of elim = 3
num of guard = 8
num of elim = 0
unsat
(error "line 1531 column 17: model is not available")
(error "line 1532 column 17: model is not available")
(error "line 1533 column 18: model is not available")
(error "line 1534 column 18: model is not available")
(error "line 1535 column 18: model is not available")
(error "line 1536 column 18: model is not available")
(error "line 1537 column 18: model is not available")
(error "line 1538 column 18: model is not available")
(error "line 1539 column 18: model is not available")
(error "line 1540 column 18: model is not available")
(error "line 1541 column 18: model is not available")
(error "line 1542 column 18: model is not available")
(error "line 1543 column 17: model is not available")
(error "line 1544 column 18: model is not available")
(error "line 1545 column 18: model is not available")
(error "line 1546 column 18: model is not available")
(error "line 1547 column 18: model is not available")
(error "line 1548 column 18: model is not available")
(error "line 1549 column 18: model is not available")
(error "line 1550 column 18: model is not available")
(error "line 1551 column 18: model is not available")
(error "line 1552 column 18: model is not available")
(error "line 1553 column 18: model is not available")
(error "line 1554 column 17: model is not available")
(error "line 1555 column 18: model is not available")
(error "line 1556 column 18: model is not available")
(error "line 1557 column 18: model is not available")
(error "line 1558 column 18: model is not available")
(error "line 1559 column 18: model is not available")
(error "line 1560 column 18: model is not available")
(error "line 1561 column 18: model is not available")
(error "line 1562 column 18: model is not available")
(error "line 1563 column 18: model is not available")
(error "line 1564 column 18: model is not available")
(error "line 1565 column 17: model is not available")
(error "line 1566 column 18: model is not available")
(error "line 1567 column 18: model is not available")
(error "line 1568 column 18: model is not available")
(error "line 1569 column 18: model is not available")
(error "line 1570 column 18: model is not available")
(error "line 1571 column 18: model is not available")
(error "line 1572 column 18: model is not available")
(error "line 1573 column 18: model is not available")
(error "line 1574 column 18: model is not available")
(error "line 1575 column 18: model is not available")
(error "line 1576 column 17: model is not available")
(error "line 1577 column 18: model is not available")
(error "line 1578 column 18: model is not available")
(error "line 1579 column 18: model is not available")
(error "line 1580 column 18: model is not available")
(error "line 1581 column 18: model is not available")
(error "line 1582 column 18: model is not available")
(error "line 1583 column 18: model is not available")
(error "line 1584 column 18: model is not available")
(error "line 1585 column 18: model is not available")
(error "line 1586 column 18: model is not available")
(error "line 1587 column 17: model is not available")
(error "line 1588 column 18: model is not available")
(error "line 1589 column 18: model is not available")
(error "line 1590 column 18: model is not available")
(error "line 1591 column 18: model is not available")
(error "line 1592 column 18: model is not available")
(error "line 1593 column 18: model is not available")
(error "line 1594 column 18: model is not available")
(error "line 1595 column 18: model is not available")
(error "line 1596 column 18: model is not available")
(error "line 1597 column 18: model is not available")
(error "line 1598 column 17: model is not available")
(error "line 1599 column 18: model is not available")
(error "line 1600 column 18: model is not available")
(error "line 1601 column 18: model is not available")
(error "line 1602 column 18: model is not available")
(error "line 1603 column 18: model is not available")
(error "line 1604 column 17: model is not available")
(error "line 1605 column 17: model is not available")
(error "line 1606 column 38: model is not available")
(error "line 1607 column 45: model is not available")
(error "line 1608 column 38: model is not available")
(error "line 1609 column 45: model is not available")
(error "line 1610 column 46: model is not available")
(error "line 1611 column 53: model is not available")
(error "line 1612 column 40: model is not available")
(error "line 1613 column 47: model is not available")
(error "line 1614 column 38: model is not available")
(error "line 1615 column 45: model is not available")
(error "line 1616 column 38: model is not available")
(error "line 1617 column 45: model is not available")
(error "line 1618 column 41: model is not available")
(error "line 1619 column 48: model is not available")
(error "line 1620 column 41: model is not available")
(error "line 1621 column 48: model is not available")
(error "line 1622 column 41: model is not available")
(error "line 1623 column 48: model is not available")
(error "line 1624 column 41: model is not available")
(error "line 1625 column 41: model is not available")
(error "line 1626 column 48: model is not available")
(error "line 1627 column 41: model is not available")
(error "line 1628 column 48: model is not available")
(error "line 1629 column 41: model is not available")
(error "line 1630 column 48: model is not available")
(error "line 1631 column 37: model is not available")
(error "line 1632 column 44: model is not available")
(error "line 1633 column 42: model is not available")
(error "line 1634 column 42: model is not available")
(error "line 1635 column 42: model is not available")
(error "line 1636 column 38: model is not available")
(error "line 1637 column 38: model is not available")
(error "line 1638 column 38: model is not available")
(error "line 1639 column 38: model is not available")
(error "line 1640 column 38: model is not available")
(error "line 1641 column 41: model is not available")
(error "line 1642 column 48: model is not available")
(error "line 1643 column 41: model is not available")
(error "line 1644 column 48: model is not available")
(error "line 1645 column 41: model is not available")
(error "line 1646 column 48: model is not available")
(error "line 1647 column 41: model is not available")
(error "line 1648 column 48: model is not available")
(error "line 1649 column 41: model is not available")
(error "line 1650 column 48: model is not available")
(error "line 1651 column 41: model is not available")
(error "line 1652 column 48: model is not available")
(error "line 1653 column 41: model is not available")
(error "line 1654 column 48: model is not available")
(error "line 1655 column 22: model is not available")
(error "line 1656 column 29: model is not available")
(error "line 1657 column 22: model is not available")
(error "line 1658 column 29: model is not available")
(error "line 1659 column 22: model is not available")
(error "line 1660 column 29: model is not available")
(error "line 1661 column 22: model is not available")
(error "line 1662 column 29: model is not available")
(error "line 1663 column 22: model is not available")
(error "line 1664 column 29: model is not available")
(error "line 1665 column 22: model is not available")
(error "line 1666 column 29: model is not available")
(error "line 1667 column 22: model is not available")
(error "line 1668 column 29: model is not available")
(error "line 1669 column 22: model is not available")
(error "line 1670 column 29: model is not available")
(error "line 1671 column 38: model is not available")
(error "line 1672 column 38: model is not available")
(error "line 1673 column 38: model is not available")
(error "line 1674 column 38: model is not available")
(error "line 1675 column 38: model is not available")
(error "line 1676 column 38: model is not available")
(error "line 1677 column 38: model is not available")
(error "line 1678 column 38: model is not available")
(error "line 1679 column 36: model is not available")
(error "line 1680 column 36: model is not available")
(error "line 1681 column 36: model is not available")
(error "line 1682 column 30: model is not available")
(error "line 1683 column 32: model is not available")
(error "line 1684 column 39: model is not available")
(error "line 1685 column 32: model is not available")
(error "line 1686 column 39: model is not available")
(error "line 1687 column 32: model is not available")
(error "line 1688 column 39: model is not available")
(error "line 1689 column 32: model is not available")
(error "line 1690 column 39: model is not available")
(error "line 1691 column 30: model is not available")
(error "line 1692 column 32: model is not available")
(error "line 1693 column 39: model is not available")
(error "line 1694 column 32: model is not available")
(error "line 1695 column 39: model is not available")
(error "line 1696 column 32: model is not available")
(error "line 1697 column 39: model is not available")
(error "line 1698 column 32: model is not available")
(error "line 1699 column 39: model is not available")
(error "line 1700 column 53: model is not available")
(error "line 1701 column 52: model is not available")
(error "line 1702 column 53: model is not available")
(error "line 1703 column 53: model is not available")
(error "line 1704 column 53: model is not available")
(error "line 1705 column 53: model is not available")
(error "line 1706 column 53: model is not available")
(error "line 1707 column 53: model is not available")
(error "line 1708 column 52: model is not available")
(error "line 1709 column 51: model is not available")
(error "line 1710 column 51: model is not available")
(error "line 1711 column 51: model is not available")
(error "line 1712 column 53: model is not available")
(error "line 1713 column 53: model is not available")
(error "line 1714 column 53: model is not available")
(error "line 1715 column 53: model is not available")
(error "line 1716 column 53: model is not available")
(error "line 1717 column 53: model is not available")
(error "line 1718 column 52: model is not available")
(error "line 1719 column 51: model is not available")
(error "line 1720 column 51: model is not available")
(error "line 1721 column 51: model is not available")
(error "line 1722 column 52: model is not available")
(error "line 1723 column 51: model is not available")
(error "line 1724 column 51: model is not available")
(error "line 1725 column 52: model is not available")
(error "line 1726 column 51: model is not available")
(error "line 1727 column 51: model is not available")
(error "line 1728 column 52: model is not available")
(error "line 1729 column 51: model is not available")
(error "line 1730 column 51: model is not available")
(error "line 1731 column 50: model is not available")
(error "line 1732 column 50: model is not available")
(error "line 1733 column 51: model is not available")
(error "line 1734 column 51: model is not available")
(error "line 1735 column 51: model is not available")
(error "line 1736 column 52: model is not available")
(error "line 1737 column 51: model is not available")
(error "line 1738 column 51: model is not available")
(error "line 1739 column 52: model is not available")
(error "line 1740 column 51: model is not available")
(error "line 1741 column 51: model is not available")
(error "line 1742 column 50: model is not available")
(error "line 1743 column 50: model is not available")
(error "line 1744 column 56: model is not available")
(error "line 1745 column 56: model is not available")
(error "line 1746 column 56: model is not available")
(error "line 1747 column 56: model is not available")
(error "line 1748 column 56: model is not available")
(error "line 1749 column 56: model is not available")
(error "line 1750 column 55: model is not available")
(error "line 1751 column 55: model is not available")
(error "line 1752 column 55: model is not available")
(error "line 1753 column 55: model is not available")
(error "line 1754 column 55: model is not available")
(error "line 1755 column 55: model is not available")
(error "line 1756 column 55: model is not available")
(error "line 1757 column 46: model is not available")
(error "line 1758 column 46: model is not available")
(error "line 1759 column 46: model is not available")
(error "line 1760 column 46: model is not available")
(error "line 1761 column 54: model is not available")
(error "line 1762 column 54: model is not available")
(error "line 1763 column 54: model is not available")
(error "line 1764 column 54: model is not available")
(error "line 1765 column 54: model is not available")
(error "line 1766 column 54: model is not available")
(error "line 1767 column 40: model is not available")
(error "line 1768 column 40: model is not available")
(error "line 1769 column 40: model is not available")
(error "line 1770 column 40: model is not available")
(error "line 1771 column 41: model is not available")
(error "line 1772 column 41: model is not available")
(error "line 1773 column 41: model is not available")
(error "line 1774 column 41: model is not available")
(error "line 1775 column 50: model is not available")
(error "line 1776 column 50: model is not available")
(error "line 1777 column 50: model is not available")
(error "line 1778 column 50: model is not available")
(error "line 1779 column 43: model is not available")
(error "line 1780 column 43: model is not available")
(error "line 1781 column 43: model is not available")
(error "line 1782 column 43: model is not available")
(error "line 1783 column 44: model is not available")
(error "line 1784 column 44: model is not available")
(error "line 1785 column 45: model is not available")
(error "line 1786 column 45: model is not available")
(error "line 1787 column 45: model is not available")
(error "line 1788 column 45: model is not available")
(error "line 1789 column 45: model is not available")
(error "line 1790 column 44: model is not available")
(error "line 1791 column 44: model is not available")
(error "line 1792 column 44: model is not available")
(error "line 1793 column 44: model is not available")
(error "line 1794 column 44: model is not available")
(error "line 1795 column 44: model is not available")
(error "line 1796 column 44: model is not available")
(error "line 1797 column 44: model is not available")
(error "line 1798 column 44: model is not available")
(error "line 1799 column 44: model is not available")
(error "line 1800 column 41: model is not available")
(error "line 1801 column 41: model is not available")
(error "line 1802 column 44: model is not available")
(error "line 1803 column 44: model is not available")
(error "line 1804 column 26: model is not available")
(error "line 1805 column 30: model is not available")
(error "line 1806 column 30: model is not available")
(error "line 1807 column 36: model is not available")
(error "line 1808 column 36: model is not available")
(error "line 1809 column 36: model is not available")
(error "line 1810 column 28: model is not available")
(error "line 1811 column 36: model is not available")
(error "line 1812 column 36: model is not available")
(error "line 1813 column 36: model is not available")
(error "line 1814 column 28: model is not available")
(error "line 1815 column 21: model is not available")
(error "line 1816 column 28: model is not available")
(error "line 1817 column 21: model is not available")
(error "line 1818 column 28: model is not available")
(error "line 1819 column 21: model is not available")
(error "line 1820 column 28: model is not available")
(error "line 1821 column 21: model is not available")
(error "line 1822 column 28: model is not available")
(error "line 1823 column 21: model is not available")
(error "line 1824 column 28: model is not available")
(error "line 1825 column 18: model is not available")
(error "line 1826 column 25: model is not available")
(error "line 1827 column 18: model is not available")
(error "line 1828 column 25: model is not available")
(error "line 1829 column 18: model is not available")
(error "line 1830 column 25: model is not available")
(error "line 1831 column 18: model is not available")
(error "line 1832 column 25: model is not available")
(error "line 1833 column 18: model is not available")
(error "line 1834 column 25: model is not available")
(error "line 1836 column 10: model is not available")
(:added-eqs               83
 :arith-add-rows          1205
 :arith-assert-lower      53
 :arith-assert-upper      55
 :arith-bound-prop        83
 :arith-conflicts         1
 :arith-pivots            68
 :array-ax1               2
 :array-ax2               1
 :binary-propagations     922
 :bv-bit2core             832
 :bv-diseqs               1
 :conflicts               13
 :decisions               25
 :del-clause              344
 :eliminated-applications 16
 :eliminated-vars         3
 :max-memory              4.93
 :memory                  3.57
 :mk-bool-var             1278
 :mk-clause               681
 :num-allocs              2477250
 :num-checks              1
 :propagations            1209
 :rlimit-count            94450
 :time                    0.01
 :total-time              0.02)

real	0m0.023s
user	0m0.020s
sys	0m0.003s
State: RE Run_time: 0.024884700775146484