unsat
(error "line 3850 column 17: model is not available")
(error "line 3851 column 17: model is not available")
(error "line 3852 column 18: model is not available")
(error "line 3853 column 19: model is not available")
(error "line 3854 column 19: model is not available")
(error "line 3855 column 19: model is not available")
(error "line 3856 column 19: model is not available")
(error "line 3857 column 19: model is not available")
(error "line 3858 column 19: model is not available")
(error "line 3859 column 19: model is not available")
(error "line 3860 column 19: model is not available")
(error "line 3861 column 19: model is not available")
(error "line 3862 column 19: model is not available")
(error "line 3863 column 18: model is not available")
(error "line 3864 column 19: model is not available")
(error "line 3865 column 19: model is not available")
(error "line 3866 column 19: model is not available")
(error "line 3867 column 19: model is not available")
(error "line 3868 column 19: model is not available")
(error "line 3869 column 19: model is not available")
(error "line 3870 column 19: model is not available")
(error "line 3871 column 19: model is not available")
(error "line 3872 column 19: model is not available")
(error "line 3873 column 19: model is not available")
(error "line 3874 column 18: model is not available")
(error "line 3875 column 19: model is not available")
(error "line 3876 column 19: model is not available")
(error "line 3877 column 19: model is not available")
(error "line 3878 column 19: model is not available")
(error "line 3879 column 19: model is not available")
(error "line 3880 column 19: model is not available")
(error "line 3881 column 19: model is not available")
(error "line 3882 column 19: model is not available")
(error "line 3883 column 19: model is not available")
(error "line 3884 column 19: model is not available")
(error "line 3885 column 18: model is not available")
(error "line 3886 column 19: model is not available")
(error "line 3887 column 19: model is not available")
(error "line 3888 column 19: model is not available")
(error "line 3889 column 19: model is not available")
(error "line 3890 column 19: model is not available")
(error "line 3891 column 19: model is not available")
(error "line 3892 column 19: model is not available")
(error "line 3893 column 19: model is not available")
(error "line 3894 column 19: model is not available")
(error "line 3895 column 19: model is not available")
(error "line 3896 column 18: model is not available")
(error "line 3897 column 19: model is not available")
(error "line 3898 column 19: model is not available")
(error "line 3899 column 19: model is not available")
(error "line 3900 column 19: model is not available")
(error "line 3901 column 19: model is not available")
(error "line 3902 column 19: model is not available")
(error "line 3903 column 19: model is not available")
(error "line 3904 column 19: model is not available")
(error "line 3905 column 19: model is not available")
(error "line 3906 column 19: model is not available")
(error "line 3907 column 18: model is not available")
(error "line 3908 column 19: model is not available")
(error "line 3909 column 19: model is not available")
(error "line 3910 column 19: model is not available")
(error "line 3911 column 19: model is not available")
(error "line 3912 column 19: model is not available")
(error "line 3913 column 19: model is not available")
(error "line 3914 column 19: model is not available")
(error "line 3915 column 19: model is not available")
(error "line 3916 column 19: model is not available")
(error "line 3917 column 19: model is not available")
(error "line 3918 column 18: model is not available")
(error "line 3919 column 19: model is not available")
(error "line 3920 column 19: model is not available")
(error "line 3921 column 19: model is not available")
(error "line 3922 column 19: model is not available")
(error "line 3923 column 19: model is not available")
(error "line 3924 column 19: model is not available")
(error "line 3925 column 19: model is not available")
(error "line 3926 column 19: model is not available")
(error "line 3927 column 19: model is not available")
(error "line 3928 column 19: model is not available")
(error "line 3929 column 18: model is not available")
(error "line 3930 column 19: model is not available")
(error "line 3931 column 19: model is not available")
(error "line 3932 column 19: model is not available")
(error "line 3933 column 19: model is not available")
(error "line 3934 column 19: model is not available")
(error "line 3935 column 19: model is not available")
(error "line 3936 column 19: model is not available")
(error "line 3937 column 19: model is not available")
(error "line 3938 column 19: model is not available")
(error "line 3939 column 19: model is not available")
(error "line 3940 column 18: model is not available")
(error "line 3941 column 19: model is not available")
(error "line 3942 column 19: model is not available")
(error "line 3943 column 19: model is not available")
(error "line 3944 column 19: model is not available")
(error "line 3945 column 19: model is not available")
(error "line 3946 column 19: model is not available")
(error "line 3947 column 19: model is not available")
(error "line 3948 column 19: model is not available")
(error "line 3949 column 19: model is not available")
(error "line 3950 column 19: model is not available")
(error "line 3951 column 18: model is not available")
(error "line 3952 column 19: model is not available")
(error "line 3953 column 19: model is not available")
(error "line 3954 column 19: model is not available")
(error "line 3955 column 19: model is not available")
(error "line 3956 column 19: model is not available")
(error "line 3957 column 19: model is not available")
(error "line 3958 column 19: model is not available")
(error "line 3959 column 19: model is not available")
(error "line 3960 column 19: model is not available")
(error "line 3961 column 19: model is not available")
(error "line 3962 column 17: model is not available")
(error "line 3963 column 18: model is not available")
(error "line 3964 column 19: model is not available")
(error "line 3965 column 19: model is not available")
(error "line 3966 column 19: model is not available")
(error "line 3967 column 19: model is not available")
(error "line 3968 column 19: model is not available")
(error "line 3969 column 19: model is not available")
(error "line 3970 column 19: model is not available")
(error "line 3971 column 19: model is not available")
(error "line 3972 column 19: model is not available")
(error "line 3973 column 19: model is not available")
(error "line 3974 column 18: model is not available")
(error "line 3975 column 19: model is not available")
(error "line 3976 column 19: model is not available")
(error "line 3977 column 19: model is not available")
(error "line 3978 column 19: model is not available")
(error "line 3979 column 19: model is not available")
(error "line 3980 column 19: model is not available")
(error "line 3981 column 19: model is not available")
(error "line 3982 column 19: model is not available")
(error "line 3983 column 18: model is not available")
(error "line 3984 column 18: model is not available")
(error "line 3985 column 18: model is not available")
(error "line 3986 column 18: model is not available")
(error "line 3987 column 18: model is not available")
(error "line 3988 column 18: model is not available")
(error "line 3989 column 18: model is not available")
(error "line 3990 column 18: model is not available")
(error "line 3991 column 17: model is not available")
(error "line 3992 column 18: model is not available")
(error "line 3993 column 18: model is not available")
(error "line 3994 column 18: model is not available")
(error "line 3995 column 18: model is not available")
(error "line 3996 column 18: model is not available")
(error "line 3997 column 18: model is not available")
(error "line 3998 column 18: model is not available")
(error "line 3999 column 18: model is not available")
(error "line 4000 column 18: model is not available")
(error "line 4001 column 18: model is not available")
(error "line 4002 column 17: model is not available")
(error "line 4003 column 18: model is not available")
(error "line 4004 column 18: model is not available")
(error "line 4005 column 18: model is not available")
(error "line 4006 column 18: model is not available")
(error "line 4007 column 18: model is not available")
(error "line 4008 column 18: model is not available")
(error "line 4009 column 18: model is not available")
(error "line 4010 column 18: model is not available")
(error "line 4011 column 18: model is not available")
(error "line 4012 column 18: model is not available")
(error "line 4013 column 17: model is not available")
(error "line 4014 column 18: model is not available")
(error "line 4015 column 18: model is not available")
(error "line 4016 column 18: model is not available")
(error "line 4017 column 18: model is not available")
(error "line 4018 column 18: model is not available")
(error "line 4019 column 18: model is not available")
(error "line 4020 column 18: model is not available")
(error "line 4021 column 18: model is not available")
(error "line 4022 column 18: model is not available")
(error "line 4023 column 18: model is not available")
(error "line 4024 column 17: model is not available")
(error "line 4025 column 18: model is not available")
(error "line 4026 column 18: model is not available")
(error "line 4027 column 18: model is not available")
(error "line 4028 column 18: model is not available")
(error "line 4029 column 18: model is not available")
(error "line 4030 column 18: model is not available")
(error "line 4031 column 18: model is not available")
(error "line 4032 column 18: model is not available")
(error "line 4033 column 18: model is not available")
(error "line 4034 column 18: model is not available")
(error "line 4035 column 17: model is not available")
(error "line 4036 column 18: model is not available")
(error "line 4037 column 18: model is not available")
(error "line 4038 column 18: model is not available")
(error "line 4039 column 18: model is not available")
(error "line 4040 column 18: model is not available")
(error "line 4041 column 18: model is not available")
(error "line 4042 column 18: model is not available")
(error "line 4043 column 18: model is not available")
(error "line 4044 column 18: model is not available")
(error "line 4045 column 18: model is not available")
(error "line 4046 column 17: model is not available")
(error "line 4047 column 18: model is not available")
(error "line 4048 column 18: model is not available")
(error "line 4049 column 18: model is not available")
(error "line 4050 column 18: model is not available")
(error "line 4051 column 18: model is not available")
(error "line 4052 column 18: model is not available")
(error "line 4053 column 18: model is not available")
(error "line 4054 column 18: model is not available")
(error "line 4055 column 18: model is not available")
(error "line 4056 column 18: model is not available")
(error "line 4057 column 17: model is not available")
(error "line 4058 column 18: model is not available")
(error "line 4059 column 18: model is not available")
(error "line 4060 column 18: model is not available")
(error "line 4061 column 18: model is not available")
(error "line 4062 column 18: model is not available")
(error "line 4063 column 18: model is not available")
(error "line 4064 column 18: model is not available")
(error "line 4065 column 18: model is not available")
(error "line 4066 column 18: model is not available")
(error "line 4067 column 18: model is not available")
(error "line 4068 column 38: model is not available")
(error "line 4069 column 45: model is not available")
(error "line 4070 column 38: model is not available")
(error "line 4071 column 45: model is not available")
(error "line 4072 column 46: model is not available")
(error "line 4073 column 53: model is not available")
(error "line 4074 column 40: model is not available")
(error "line 4075 column 47: model is not available")
(error "line 4076 column 38: model is not available")
(error "line 4077 column 45: model is not available")
(error "line 4078 column 38: model is not available")
(error "line 4079 column 45: model is not available")
(error "line 4080 column 41: model is not available")
(error "line 4081 column 48: model is not available")
(error "line 4082 column 41: model is not available")
(error "line 4083 column 48: model is not available")
(error "line 4084 column 41: model is not available")
(error "line 4085 column 48: model is not available")
(error "line 4086 column 41: model is not available")
(error "line 4087 column 41: model is not available")
(error "line 4088 column 41: model is not available")
(error "line 4089 column 41: model is not available")
(error "line 4090 column 48: model is not available")
(error "line 4091 column 37: model is not available")
(error "line 4092 column 44: model is not available")
(error "line 4093 column 42: model is not available")
(error "line 4094 column 42: model is not available")
(error "line 4095 column 42: model is not available")
(error "line 4096 column 38: model is not available")
(error "line 4097 column 38: model is not available")
(error "line 4098 column 38: model is not available")
(error "line 4099 column 38: model is not available")
(error "line 4100 column 38: model is not available")
(error "line 4101 column 41: model is not available")
(error "line 4102 column 48: model is not available")
(error "line 4103 column 41: model is not available")
(error "line 4104 column 48: model is not available")
(error "line 4105 column 41: model is not available")
(error "line 4106 column 48: model is not available")
(error "line 4107 column 41: model is not available")
(error "line 4108 column 48: model is not available")
(error "line 4109 column 41: model is not available")
(error "line 4110 column 48: model is not available")
(error "line 4111 column 44: model is not available")
(error "line 4112 column 53: model is not available")
(error "line 4113 column 53: model is not available")
(error "line 4114 column 40: model is not available")
(error "line 4115 column 40: model is not available")
(error "line 4116 column 40: model is not available")
(error "line 4117 column 34: model is not available")
(error "line 4118 column 24: model is not available")
(error "line 4119 column 31: model is not available")
(error "line 4120 column 25: model is not available")
(error "line 4121 column 32: model is not available")
(error "line 4122 column 25: model is not available")
(error "line 4123 column 32: model is not available")
(error "line 4124 column 25: model is not available")
(error "line 4125 column 32: model is not available")
(error "line 4126 column 25: model is not available")
(error "line 4127 column 32: model is not available")
(error "line 4128 column 25: model is not available")
(error "line 4129 column 32: model is not available")
(error "line 4130 column 24: model is not available")
(error "line 4131 column 31: model is not available")
(error "line 4132 column 24: model is not available")
(error "line 4133 column 31: model is not available")
(error "line 4134 column 24: model is not available")
(error "line 4135 column 31: model is not available")
(error "line 4136 column 24: model is not available")
(error "line 4137 column 31: model is not available")
(error "line 4138 column 24: model is not available")
(error "line 4139 column 31: model is not available")
(error "line 4140 column 24: model is not available")
(error "line 4141 column 31: model is not available")
(error "line 4142 column 24: model is not available")
(error "line 4143 column 31: model is not available")
(error "line 4144 column 24: model is not available")
(error "line 4145 column 31: model is not available")
(error "line 4146 column 38: model is not available")
(error "line 4147 column 38: model is not available")
(error "line 4148 column 38: model is not available")
(error "line 4149 column 38: model is not available")
(error "line 4150 column 38: model is not available")
(error "line 4151 column 22: model is not available")
(error "line 4152 column 29: model is not available")
(error "line 4153 column 23: model is not available")
(error "line 4154 column 23: model is not available")
(error "line 4155 column 30: model is not available")
(error "line 4156 column 23: model is not available")
(error "line 4157 column 30: model is not available")
(error "line 4158 column 23: model is not available")
(error "line 4159 column 23: model is not available")
(error "line 4160 column 30: model is not available")
(error "line 4161 column 23: model is not available")
(error "line 4162 column 30: model is not available")
(error "line 4163 column 23: model is not available")
(error "line 4164 column 23: model is not available")
(error "line 4165 column 30: model is not available")
(error "line 4166 column 23: model is not available")
(error "line 4167 column 30: model is not available")
(error "line 4168 column 23: model is not available")
(error "line 4169 column 22: model is not available")
(error "line 4170 column 29: model is not available")
(error "line 4171 column 23: model is not available")
(error "line 4172 column 30: model is not available")
(error "line 4173 column 22: model is not available")
(error "line 4174 column 29: model is not available")
(error "line 4175 column 22: model is not available")
(error "line 4176 column 22: model is not available")
(error "line 4177 column 29: model is not available")
(error "line 4178 column 22: model is not available")
(error "line 4179 column 29: model is not available")
(error "line 4180 column 22: model is not available")
(error "line 4181 column 22: model is not available")
(error "line 4182 column 29: model is not available")
(error "line 4183 column 22: model is not available")
(error "line 4184 column 29: model is not available")
(error "line 4185 column 22: model is not available")
(error "line 4186 column 29: model is not available")
(error "line 4187 column 23: model is not available")
(error "line 4188 column 23: model is not available")
(error "line 4189 column 30: model is not available")
(error "line 4190 column 22: model is not available")
(error "line 4191 column 29: model is not available")
(error "line 4192 column 22: model is not available")
(error "line 4193 column 29: model is not available")
(error "line 4194 column 22: model is not available")
(error "line 4195 column 22: model is not available")
(error "line 4196 column 29: model is not available")
(error "line 4197 column 22: model is not available")
(error "line 4198 column 29: model is not available")
(error "line 4199 column 22: model is not available")
(error "line 4200 column 22: model is not available")
(error "line 4201 column 29: model is not available")
(error "line 4202 column 22: model is not available")
(error "line 4203 column 29: model is not available")
(error "line 4204 column 36: model is not available")
(error "line 4205 column 36: model is not available")
(error "line 4206 column 69: model is not available")
(error "line 4207 column 69: model is not available")
(error "line 4208 column 31: model is not available")
(error "line 4209 column 31: model is not available")
(error "line 4210 column 29: model is not available")
(error "line 4211 column 31: model is not available")
(error "line 4212 column 38: model is not available")
(error "line 4213 column 31: model is not available")
(error "line 4214 column 38: model is not available")
(error "line 4215 column 31: model is not available")
(error "line 4216 column 38: model is not available")
(error "line 4217 column 52: model is not available")
(error "line 4218 column 51: model is not available")
(error "line 4219 column 52: model is not available")
(error "line 4220 column 52: model is not available")
(error "line 4221 column 53: model is not available")
(error "line 4222 column 53: model is not available")
(error "line 4223 column 52: model is not available")
(error "line 4224 column 52: model is not available")
(error "line 4225 column 53: model is not available")
(error "line 4226 column 52: model is not available")
(error "line 4227 column 52: model is not available")
(error "line 4228 column 53: model is not available")
(error "line 4229 column 52: model is not available")
(error "line 4230 column 53: model is not available")
(error "line 4231 column 52: model is not available")
(error "line 4232 column 52: model is not available")
(error "line 4233 column 53: model is not available")
(error "line 4234 column 52: model is not available")
(error "line 4235 column 53: model is not available")
(error "line 4236 column 53: model is not available")
(error "line 4237 column 52: model is not available")
(error "line 4238 column 52: model is not available")
(error "line 4239 column 53: model is not available")
(error "line 4240 column 53: model is not available")
(error "line 4241 column 53: model is not available")
(error "line 4242 column 52: model is not available")
(error "line 4243 column 51: model is not available")
(error "line 4244 column 52: model is not available")
(error "line 4245 column 51: model is not available")
(error "line 4246 column 51: model is not available")
(error "line 4247 column 52: model is not available")
(error "line 4248 column 50: model is not available")
(error "line 4249 column 50: model is not available")
(error "line 4250 column 52: model is not available")
(error "line 4251 column 51: model is not available")
(error "line 4252 column 51: model is not available")
(error "line 4253 column 52: model is not available")
(error "line 4254 column 51: model is not available")
(error "line 4255 column 51: model is not available")
(error "line 4256 column 52: model is not available")
(error "line 4257 column 52: model is not available")
(error "line 4258 column 51: model is not available")
(error "line 4259 column 52: model is not available")
(error "line 4260 column 51: model is not available")
(error "line 4261 column 51: model is not available")
(error "line 4262 column 52: model is not available")
(error "line 4263 column 52: model is not available")
(error "line 4264 column 51: model is not available")
(error "line 4265 column 52: model is not available")
(error "line 4266 column 52: model is not available")
(error "line 4267 column 52: model is not available")
(error "line 4268 column 51: model is not available")
(error "line 4269 column 51: model is not available")
(error "line 4270 column 51: model is not available")
(error "line 4271 column 52: model is not available")
(error "line 4272 column 52: model is not available")
(error "line 4273 column 51: model is not available")
(error "line 4274 column 52: model is not available")
(error "line 4275 column 52: model is not available")
(error "line 4276 column 51: model is not available")
(error "line 4277 column 52: model is not available")
(error "line 4278 column 52: model is not available")
(error "line 4279 column 52: model is not available")
(error "line 4280 column 51: model is not available")
(error "line 4281 column 51: model is not available")
(error "line 4282 column 51: model is not available")
(error "line 4283 column 52: model is not available")
(error "line 4284 column 51: model is not available")
(error "line 4285 column 52: model is not available")
(error "line 4286 column 52: model is not available")
(error "line 4287 column 51: model is not available")
(error "line 4288 column 52: model is not available")
(error "line 4289 column 51: model is not available")
(error "line 4290 column 52: model is not available")
(error "line 4291 column 52: model is not available")
(error "line 4292 column 51: model is not available")
(error "line 4293 column 51: model is not available")
(error "line 4294 column 52: model is not available")
(error "line 4295 column 51: model is not available")
(error "line 4296 column 52: model is not available")
(error "line 4297 column 52: model is not available")
(error "line 4298 column 51: model is not available")
(error "line 4299 column 51: model is not available")
(error "line 4300 column 52: model is not available")
(error "line 4301 column 52: model is not available")
(error "line 4302 column 52: model is not available")
(error "line 4303 column 51: model is not available")
(error "line 4304 column 51: model is not available")
(error "line 4305 column 51: model is not available")
(error "line 4306 column 51: model is not available")
(error "line 4307 column 57: model is not available")
(error "line 4308 column 56: model is not available")
(error "line 4309 column 56: model is not available")
(error "line 4310 column 57: model is not available")
(error "line 4311 column 56: model is not available")
(error "line 4312 column 56: model is not available")
(error "line 4313 column 58: model is not available")
(error "line 4314 column 58: model is not available")
(error "line 4315 column 57: model is not available")
(error "line 4316 column 58: model is not available")
(error "line 4317 column 58: model is not available")
(error "line 4318 column 57: model is not available")
(error "line 4319 column 57: model is not available")
(error "line 4320 column 58: model is not available")
(error "line 4321 column 56: model is not available")
(error "line 4322 column 57: model is not available")
(error "line 4323 column 58: model is not available")
(error "line 4324 column 57: model is not available")
(error "line 4325 column 57: model is not available")
(error "line 4326 column 58: model is not available")
(error "line 4327 column 58: model is not available")
(error "line 4328 column 57: model is not available")
(error "line 4329 column 56: model is not available")
(error "line 4330 column 56: model is not available")
(error "line 4331 column 57: model is not available")
(error "line 4332 column 57: model is not available")
(error "line 4333 column 56: model is not available")
(error "line 4334 column 56: model is not available")
(error "line 4335 column 58: model is not available")
(error "line 4336 column 57: model is not available")
(error "line 4337 column 57: model is not available")
(error "line 4338 column 57: model is not available")
(error "line 4339 column 57: model is not available")
(error "line 4340 column 57: model is not available")
(error "line 4341 column 57: model is not available")
(error "line 4342 column 56: model is not available")
(error "line 4343 column 56: model is not available")
(error "line 4344 column 56: model is not available")
(error "line 4345 column 57: model is not available")
(error "line 4346 column 56: model is not available")
(error "line 4347 column 56: model is not available")
(error "line 4348 column 36: model is not available")
(error "line 4349 column 36: model is not available")
(error "line 4350 column 40: model is not available")
(error "line 4351 column 40: model is not available")
(error "line 4352 column 40: model is not available")
(error "line 4353 column 40: model is not available")
(error "line 4354 column 40: model is not available")
(error "line 4355 column 40: model is not available")
(error "line 4356 column 39: model is not available")
(error "line 4357 column 40: model is not available")
(error "line 4358 column 40: model is not available")
(error "line 4359 column 39: model is not available")
(error "line 4360 column 39: model is not available")
(error "line 4361 column 39: model is not available")
(error "line 4362 column 39: model is not available")
(error "line 4363 column 39: model is not available")
(error "line 4364 column 39: model is not available")
(error "line 4365 column 39: model is not available")
(error "line 4366 column 34: model is not available")
(error "line 4367 column 46: model is not available")
(error "line 4368 column 46: model is not available")
(error "line 4369 column 46: model is not available")
(error "line 4370 column 46: model is not available")
(error "line 4371 column 46: model is not available")
(error "line 4372 column 46: model is not available")
(error "line 4373 column 46: model is not available")
(error "line 4374 column 54: model is not available")
(error "line 4375 column 54: model is not available")
(error "line 4376 column 54: model is not available")
(error "line 4377 column 54: model is not available")
(error "line 4378 column 54: model is not available")
(error "line 4379 column 54: model is not available")
(error "line 4380 column 40: model is not available")
(error "line 4381 column 40: model is not available")
(error "line 4382 column 40: model is not available")
(error "line 4383 column 40: model is not available")
(error "line 4384 column 41: model is not available")
(error "line 4385 column 41: model is not available")
(error "line 4386 column 41: model is not available")
(error "line 4387 column 41: model is not available")
(error "line 4388 column 50: model is not available")
(error "line 4389 column 50: model is not available")
(error "line 4390 column 50: model is not available")
(error "line 4391 column 50: model is not available")
(error "line 4392 column 43: model is not available")
(error "line 4393 column 43: model is not available")
(error "line 4394 column 43: model is not available")
(error "line 4395 column 43: model is not available")
(error "line 4396 column 30: model is not available")
(error "line 4397 column 30: model is not available")
(error "line 4399 column 10: model is not available")
(:added-eqs                      6
 :arith-bound-propagations-cheap 1
 :arith-bound-propagations-lp    82
 :arith-lower                    61
 :arith-make-feasible            2
 :arith-max-columns              169
 :arith-max-rows                 126
 :arith-propagations             1
 :arith-upper                    43
 :binary-propagations            44
 :bv-bit2core                    67
 :bv-diseqs                      1
 :conflicts                      1
 :eliminated-applications        56
 :eliminated-vars                71
 :max-memory                     4.47
 :memory                         3.38
 :mk-bool-var                    817
 :mk-clause                      250
 :num-allocs                     1299470
 :num-checks                     1
 :propagations                   48
 :rlimit-count                   65684
 :time                           0.01
 :total-time                     0.02)

real	0m0.025s
user	0m0.025s
sys	0m0.000s
State: RE Run_time: 0.026928186416625977