sat
(model
(define-fun |m2#3| () (_ BitVec 32) #b00000000000000000000000000000001)
(define-fun |goto_symex::&92;guard#1| () Bool false)
(define-fun |goto_symex::&92;guard#2| () Bool false)
(define-fun |m2#6| () (_ BitVec 32) #b00000000000000000000000000000000)
(define-fun |m#3| () (_ BitVec 32) #b00000000000000000000000000000001)
(define-fun |goto_symex::&92;guard#3| () Bool false)
(define-fun |m#6| () (_ BitVec 32) #b00000000000000000000000000000010)
(define-fun |m#9| () (_ BitVec 32) #b00000000000000000000000000000010)
(define-fun |goto_symex::&92;guard#4| () Bool false)
(define-fun |goto_symex::&92;guard#5| () Bool false)
(define-fun |goto_symex::&92;guard#6| () Bool false)
(define-fun |goto_symex::&92;guard#7| () Bool false)
(define-fun |goto_symex::&92;guard#8| () Bool false)
(define-fun |goto_symex::&92;guard#9| () Bool false)
(define-fun |goto_symex::&92;guard#10| () Bool false)
(define-fun |__VERIFIER_atomic_assert::$tmp::::tmp_if_expr$1!1@1#5| () Bool true)
(define-fun |m#12| () (_ BitVec 32) #b00000000000000000000000000000000)
(define-fun |goto_symex::&92;guard#11| () Bool false)
(define-fun |m#15| () (_ BitVec 32) #b00000000000000000000100000000000)
(define-fun |m#18| () (_ BitVec 32) #b00000000000000000000000000000010)
(define-fun |goto_symex::&92;guard#12| () Bool false)
(define-fun |goto_symex::&92;guard#13| () Bool false)
(define-fun |goto_symex::&92;guard#14| () Bool false)
(define-fun |goto_symex::&92;guard#15| () Bool false)
(define-fun |goto_symex::&92;guard#16| () Bool false)
(define-fun |goto_symex::&92;guard#17| () Bool false)
(define-fun |goto_symex::&92;guard#18| () Bool false)
(define-fun |__VERIFIER_atomic_assert::$tmp::::tmp_if_expr$1!1@2#5| () Bool true)
(define-fun |m2#9| () (_ BitVec 32) #b00000000000000000000000000000000)
(define-fun |goto_symex::&92;guard#19| () Bool false)
(define-fun |goto_symex::&92;guard#20| () Bool false)
(define-fun |m2#12| () (_ BitVec 32) #b00000000000000000000000000000001)
(define-fun |m#21| () (_ BitVec 32) #b00000000000000000000000000000000)
(define-fun |goto_symex::&92;guard#21| () Bool false)
(define-fun |m#24| () (_ BitVec 32) #b00000000000000000000000000000010)
(define-fun |m#27| () (_ BitVec 32) #b00000000000000000000000000000001)
(define-fun |goto_symex::&92;guard#22| () Bool false)
(define-fun |goto_symex::&92;guard#23| () Bool true)
(define-fun |goto_symex::&92;guard#24| () Bool true)
(define-fun |goto_symex::&92;guard#25| () Bool false)
(define-fun |goto_symex::&92;guard#26| () Bool false)
(define-fun |goto_symex::&92;guard#27| () Bool false)
(define-fun |goto_symex::&92;guard#28| () Bool false)
(define-fun |__VERIFIER_atomic_assert::$tmp::::tmp_if_expr$1!2@1#5| () Bool true)
(define-fun |m#30| () (_ BitVec 32) #b00000000000000000000000001000001)
(define-fun |goto_symex::&92;guard#29| () Bool false)
(define-fun |m#33| () (_ BitVec 32) #b00000000000000000000000000001000)
(define-fun |m#36| () (_ BitVec 32) #b00000000000000001000000000000001)
(define-fun |goto_symex::&92;guard#30| () Bool false)
(define-fun |goto_symex::&92;guard#31| () Bool false)
(define-fun |goto_symex::&92;guard#32| () Bool false)
(define-fun |goto_symex::&92;guard#33| () Bool false)
(define-fun |goto_symex::&92;guard#34| () Bool false)
(define-fun |goto_symex::&92;guard#35| () Bool false)
(define-fun |goto_symex::&92;guard#36| () Bool false)
(define-fun |__VERIFIER_atomic_assert::$tmp::::tmp_if_expr$1!2@2#5| () Bool true)
(define-fun array_of.0 () (Array (_ BitVec 32) (_ BitVec 1)) ((as const (Array (_ BitVec 32) (_ BitVec 1))) #b0))
(define-fun array.1 () (Array (_ BitVec 32) (_ BitVec 32)) ((as const (Array (_ BitVec 32) (_ BitVec 32))) #b00000000000000000000000000000000))
(define-fun |main::1::t!0@1| () (_ BitVec 32) #b00000000000000000000000000000000)
(define-fun |__CPROVER_next_thread_id#3| () (_ BitVec 32) #b00000000000000000000000000000001)
(define-fun |pthread_create::1::this_thread_id!1@0#0| () (_ BitVec 32) #b00000000000000000000000000000000)
(define-fun m2 () (_ BitVec 32) #b00000000000000000000000000000000)
(define-fun |m2#2| () (_ BitVec 32) #b00000000000000000000000000000001)
(define-fun |state#2| () (_ BitVec 32) #b00000000000000000000000000000000)
(define-fun |state#3| () (_ BitVec 32) #b00000000000000000000000000000001)
(define-fun |m2#5| () (_ BitVec 32) #b00000000000000000000000000000000)
(define-fun |nondet_symex::nondet0| () (_ BitVec 32) #b00000000000000000000000000000000)
(define-fun m () (_ BitVec 32) #b00000000000000000000000000000000)
(define-fun |m#2| () (_ BitVec 32) #b00000000000000000000000000000001)
(define-fun |next_alloc_idx#2| () (_ BitVec 32) #b00000000000000000000000000000011)
(define-fun |m#5| () (_ BitVec 32) #b00000000000000000000000000000010)
(define-fun |next_alloc_idx#3| () (_ BitVec 32) #b10000000000000000000000000000010)
(define-fun |next_alloc_idx#4| () (_ BitVec 32) #b00000000000000000000000000000000)
(define-fun |m#8| () (_ BitVec 32) #b00000000000000000000000000000010)
(define-fun |memory#2| () (Array (_ BitVec 32) (_ BitVec 32)) ((as const (Array (_ BitVec 32) (_ BitVec 32))) #b00000000000000000000000000000000))
(define-fun |top#3| () (_ BitVec 32) #b00000000000000000000000000000000)
(define-fun |memory#4| () (Array (_ BitVec 32) (_ BitVec 32)) ((as const (Array (_ BitVec 32) (_ BitVec 32))) #b00000000000000000000000000000000))
(define-fun top () (_ BitVec 32) #b00000000000000000000000000000000)
(define-fun |push::1::casret!1@1| () (_ BitVec 32) #b00000000000000000000000000000000)
(define-fun |top#4| () (_ BitVec 32) #b10000000000000000000000000000010)
(define-fun |push::1::casret!1@1#3| () (_ BitVec 32) #b00000000000000000000000000000000)
(define-fun |push::1::casret!1@1#8| () (_ BitVec 32) #b11111111111111101111111111011111)
(define-fun |top#9| () (_ BitVec 32) #b00000000000000000001000000000001)
(define-fun |memory#6| () (Array (_ BitVec 32) (_ BitVec 32)) ((as const (Array (_ BitVec 32) (_ BitVec 32))) #b00000000000000000000000000000000))
(define-fun |top#10| () (_ BitVec 32) #b11111111111111111111111111111100)
(define-fun |push::1::casret!1@1#9| () (_ BitVec 32) #b00000000000000000000000000000000)
(define-fun |push::1::casret!1@1#14| () (_ BitVec 32) #b00111001110111111111111111111111)
(define-fun |push::1::newTop!1@1#8| () (_ BitVec 32) #b00000000000000000000000000000000)
(define-fun |push::1::oldTop!1@1#9| () (_ BitVec 32) #b00000000000000000000000000000000)
(define-fun |push::1::newTop!1@1#6| () (_ BitVec 32) #b00000000000000000000000000000000)
(define-fun |push::1::oldTop!1@1#6| () (_ BitVec 32) #b00000000000000000000000000000000)
(define-fun |push::1::newTop!1@1#4| () (_ BitVec 32) #b00000000000000000000000000000000)
(define-fun |push::1::oldTop!1@1#3| () (_ BitVec 32) #b00000000000000000000000000000000)
(define-fun |__VERIFIER_atomic_assert::$tmp::::tmp_if_expr$1!1@1#1| () Bool false)
(define-fun |top#15| () (_ BitVec 32) #b01010011000001111000011100000001)
(define-fun |__VERIFIER_atomic_assert::$tmp::return_value_isEmpty$1!1@1#0| () (_ BitVec 32) #b00000000000000000000000000000000)
(define-fun |isEmpty#return_value!1#6| () (_ BitVec 32) #b00000000000000000000000000000000)
(define-fun |m#11| () (_ BitVec 32) #b00000000000000000000000000000000)
(define-fun |next_alloc_idx#6| () (_ BitVec 32) #b11111100111001111111111011000100)
(define-fun |m#14| () (_ BitVec 32) #b00000000000000000000100000000000)
(define-fun |next_alloc_idx#7| () (_ BitVec 32) #b00001000010001000000000000000000)
(define-fun |next_alloc_idx#8| () (_ BitVec 32) #b00000000000000000000000000000000)
(define-fun |m#17| () (_ BitVec 32) #b00000000000000000000000000000010)
(define-fun |push#return_value!1#11| () (_ BitVec 32) #b00000000000000000000000000000000)
(define-fun |memory#8| () (Array (_ BitVec 32) (_ BitVec 32)) ((as const (Array (_ BitVec 32) (_ BitVec 32))) #b00000000000000000000000000000000))
(define-fun |top#18| () (_ BitVec 32) #b11110111010111111111111111011100)
(define-fun |memory#10| () (Array (_ BitVec 32) (_ BitVec 32)) ((as const (Array (_ BitVec 32) (_ BitVec 32))) #b00000000000000000000000000000000))
(define-fun |push::1::casret!1@2| () (_ BitVec 32) #b00000000000000000000000000000000)
(define-fun |top#19| () (_ BitVec 32) #b11111111110111111111111111111111)
(define-fun |push::1::casret!1@2#3| () (_ BitVec 32) #b00000000000000000000000000000000)
(define-fun |push::1::casret!1@2#8| () (_ BitVec 32) #b11111111111111111111111111111111)
(define-fun |top#24| () (_ BitVec 32) #b10111100101111110110111111111110)
(define-fun |memory#12| () (Array (_ BitVec 32) (_ BitVec 32)) ((as const (Array (_ BitVec 32) (_ BitVec 32))) #b00000000000000000000000000000000))
(define-fun |top#25| () (_ BitVec 32) #b11111111111111111111111111111111)
(define-fun |push::1::casret!1@2#9| () (_ BitVec 32) #b00000000000000000000000000000000)
(define-fun |push::1::casret!1@2#14| () (_ BitVec 32) #b11100101110001110010110110111110)
(define-fun |push::1::newTop!1@2#8| () (_ BitVec 32) #b00000000000000000000000000000000)
(define-fun |push::1::oldTop!1@2#9| () (_ BitVec 32) #b00000000000000000000000000000000)
(define-fun |push::1::newTop!1@2#6| () (_ BitVec 32) #b00000000000000000000000000000000)
(define-fun |push::1::oldTop!1@2#6| () (_ BitVec 32) #b00000000000000000000000000000000)
(define-fun |push::1::newTop!1@2#4| () (_ BitVec 32) #b00000000000000000000000000000000)
(define-fun |push::1::oldTop!1@2#3| () (_ BitVec 32) #b00000000000000000000000000000000)
(define-fun |__VERIFIER_atomic_assert::$tmp::::tmp_if_expr$1!1@2#1| () Bool false)
(define-fun |top#30| () (_ BitVec 32) #b11111011111111111100100110100100)
(define-fun |__VERIFIER_atomic_assert::$tmp::return_value_isEmpty$1!1@2#0| () (_ BitVec 32) #b00000000000000000000000000000000)
(define-fun |isEmpty#return_value!1#12| () (_ BitVec 32) #b00000000000000000000000000000000)
(define-fun |__CPROVER_threads_exited#2| () (Array (_ BitVec 32) (_ BitVec 1)) ((as const (Array (_ BitVec 32) (_ BitVec 1))) #b0))
(define-fun |pthread_create::1::this_thread_id!2@0#0| () (_ BitVec 32) #b00000000000000000000000000000000)
(define-fun |m2#8| () (_ BitVec 32) #b00000000000000000000000000000000)
(define-fun |state#5| () (_ BitVec 32) #b00000000000000000000000000000000)
(define-fun |state#6| () (_ BitVec 32) #b00000000000000000000000000000001)
(define-fun |m2#11| () (_ BitVec 32) #b00000000000000000000000000000001)
(define-fun |nondet_symex::nondet1| () (_ BitVec 32) #b00000000000000000000000000000000)
(define-fun |m#20| () (_ BitVec 32) #b00000000000000000000000000000000)
(define-fun |next_alloc_idx#10| () (_ BitVec 32) #b00000000000000000000000000000001)
(define-fun |m#23| () (_ BitVec 32) #b00000000000000000000000000000010)
(define-fun |next_alloc_idx#11| () (_ BitVec 32) #b00000000000000000000000000000001)
(define-fun |next_alloc_idx#12| () (_ BitVec 32) #b00000000000000000000000000000001)
(define-fun |m#26| () (_ BitVec 32) #b00000000000000000000000000000001)
(define-fun |memory#14| () (Array (_ BitVec 32) (_ BitVec 32)) ((as const (Array (_ BitVec 32) (_ BitVec 32))) #b00000000000000000000000000000000))
(define-fun |top#34| () (_ BitVec 32) #b00000000000000000000000000000000)
(define-fun |memory#16| () (Array (_ BitVec 32) (_ BitVec 32)) ((as const (Array (_ BitVec 32) (_ BitVec 32))) #b00000000000000000000000000000000))
(define-fun |push::1::casret!2@1| () (_ BitVec 32) #b00000000000000000000000000000000)
(define-fun |top#35| () (_ BitVec 32) #b00000000000000000000000000000000)
(define-fun |push::1::casret!2@1#3| () (_ BitVec 32) #b00000000000000000000000000000000)
(define-fun |push::1::casret!2@1#8| () (_ BitVec 32) #b00000000000000000000000000000001)
(define-fun |top#40| () (_ BitVec 32) #b00000000000000000000000000000001)
(define-fun |memory#18| () (Array (_ BitVec 32) (_ BitVec 32)) ((as const (Array (_ BitVec 32) (_ BitVec 32))) #b00000000000000000000000000000000))
(define-fun |top#41| () (_ BitVec 32) #b00000000000000000000000000000000)
(define-fun |push::1::casret!2@1#9| () (_ BitVec 32) #b00000000000000000000000000000000)
(define-fun |push::1::casret!2@1#14| () (_ BitVec 32) #b00000000000000000000000000000011)
(define-fun |push::1::oldTop!2@1#9| () (_ BitVec 32) #b00000000000000000000000000000000)
(define-fun |push::1::newTop!2@1#8| () (_ BitVec 32) #b00000000000000000000000000000000)
(define-fun |push::1::oldTop!2@1#6| () (_ BitVec 32) #b00000000000000000000000000000000)
(define-fun |push::1::newTop!2@1#6| () (_ BitVec 32) #b00000000000000000000000000000000)
(define-fun |push::1::oldTop!2@1#3| () (_ BitVec 32) #b00000000000000000000000000000000)
(define-fun |push::1::newTop!2@1#4| () (_ BitVec 32) #b00000000000000000000000000000000)
(define-fun |__VERIFIER_atomic_assert::$tmp::::tmp_if_expr$1!2@1#1| () Bool false)
(define-fun |top#46| () (_ BitVec 32) #b00000000000000000000000000000001)
(define-fun |__VERIFIER_atomic_assert::$tmp::return_value_isEmpty$1!2@1#0| () (_ BitVec 32) #b00000000000000000000000000000000)
(define-fun |isEmpty#return_value!2#6| () (_ BitVec 32) #b00000000000000000000000000000000)
(define-fun |m#29| () (_ BitVec 32) #b00000000000000000000000001000001)
(define-fun |next_alloc_idx#14| () (_ BitVec 32) #b00000000000000000000000000000011)
(define-fun |m#32| () (_ BitVec 32) #b00000000000000000000000000001000)
(define-fun |next_alloc_idx#15| () (_ BitVec 32) #b00000000000000000000000000000011)
(define-fun |next_alloc_idx#16| () (_ BitVec 32) #b00000000000000000000000000000000)
(define-fun |m#35| () (_ BitVec 32) #b00000000000000001000000000000001)
(define-fun |push#return_value!2#11| () (_ BitVec 32) #b00000000000000000000000000000000)
(define-fun |memory#20| () (Array (_ BitVec 32) (_ BitVec 32)) ((as const (Array (_ BitVec 32) (_ BitVec 32))) #b00000000000000000000000000000000))
(define-fun |top#49| () (_ BitVec 32) #b00000000000000000000000000000000)
(define-fun |memory#22| () (Array (_ BitVec 32) (_ BitVec 32)) ((as const (Array (_ BitVec 32) (_ BitVec 32))) #b00000000000000000000000000000000))
(define-fun |push::1::casret!2@2| () (_ BitVec 32) #b00000000000000000000000000000000)
(define-fun |top#50| () (_ BitVec 32) #b00000100000000000001001001001010)
(define-fun |push::1::casret!2@2#3| () (_ BitVec 32) #b00000000000000000000000000000000)
(define-fun |push::1::casret!2@2#8| () (_ BitVec 32) #b01100010111111100110100110111010)
(define-fun |top#55| () (_ BitVec 32) #b00000000000000000000000000000011)
(define-fun |memory#24| () (Array (_ BitVec 32) (_ BitVec 32)) ((as const (Array (_ BitVec 32) (_ BitVec 32))) #b00000000000000000000000000000000))
(define-fun |top#56| () (_ BitVec 32) #b00000000001000000000000000000011)
(define-fun |push::1::casret!2@2#9| () (_ BitVec 32) #b00000000000000000000000000000000)
(define-fun |push::1::casret!2@2#14| () (_ BitVec 32) #b00000000000000000000001000000001)
(define-fun |push::1::oldTop!2@2#9| () (_ BitVec 32) #b00000000000000000000000000000000)
(define-fun |push::1::newTop!2@2#8| () (_ BitVec 32) #b00000000000000000000000000000000)
(define-fun |push::1::oldTop!2@2#6| () (_ BitVec 32) #b00000000000000000000000000000000)
(define-fun |push::1::newTop!2@2#6| () (_ BitVec 32) #b00000000000000000000000000000000)
(define-fun |push::1::oldTop!2@2#3| () (_ BitVec 32) #b00000000000000000000000000000000)
(define-fun |push::1::newTop!2@2#4| () (_ BitVec 32) #b00000000000000000000000000000000)
(define-fun |__VERIFIER_atomic_assert::$tmp::::tmp_if_expr$1!2@2#1| () Bool false)
(define-fun |top#61| () (_ BitVec 32) #b00000000001000000000001001000010)
(define-fun |__VERIFIER_atomic_assert::$tmp::return_value_isEmpty$1!2@2#0| () (_ BitVec 32) #b00000000000000000000000000000000)
(define-fun |isEmpty#return_value!2#12| () (_ BitVec 32) #b00000000000000000000000000000000)
(define-fun |__CPROVER_threads_exited#4| () (Array (_ BitVec 32) (_ BitVec 1)) ((as const (Array (_ BitVec 32) (_ BitVec 1))) #b0))
(define-fun |main::1::t!0@1#1| () (_ BitVec 32) #b00000000000000000000000000000000)
(define-fun |pthread_create::1::this_thread_id!0@1#1| () (_ BitVec 32) #b00000000000000000000000000000000)
(define-fun |pthread_create::1::this_thread_id!0@2#1| () (_ BitVec 32) #b00000000000000000000000000000000)
(define-fun |push_loop::1::r!1@1#1| () (_ BitVec 32) #b00000000000000000000000000000000)
(define-fun |push_loop::1::arg!1@1#1| () (_ BitVec 32) #b00000000000000000000000000000000)
(define-fun |push::1::oldTop!1@1#1| () (_ BitVec 32) #b00000000000000000000000000000000)
(define-fun |push::1::newTop!1@1#1| () (_ BitVec 32) #b00000000000000000000000000000000)
(define-fun |push::1::casret!1@1#1| () (_ BitVec 32) #b00000000000000000000000000000000)
(define-fun |index_malloc::1::curr_alloc_idx!1@1#1| () (_ BitVec 32) #b00000000000000000000000000000000)
(define-fun |__VERIFIER_atomic_assert::$tmp::return_value_isEmpty$1!1@1#1| () (_ BitVec 32) #b00000000000000000000000000000000)
(define-fun |push::1::oldTop!1@2#1| () (_ BitVec 32) #b00000000000000000000000000000000)
(define-fun |push::1::newTop!1@2#1| () (_ BitVec 32) #b00000000000000000000000000000000)
(define-fun |push::1::casret!1@2#1| () (_ BitVec 32) #b00000000000000000000000000000000)
(define-fun |index_malloc::1::curr_alloc_idx!1@2#1| () (_ BitVec 32) #b00000000000000000000000000000000)
(define-fun |__VERIFIER_atomic_assert::$tmp::return_value_isEmpty$1!1@2#1| () (_ BitVec 32) #b00000000000000000000000000000000)
(define-fun |push_loop::1::r!2@1#1| () (_ BitVec 32) #b00000000000000000000000000000000)
(define-fun |push_loop::1::arg!2@1#1| () (_ BitVec 32) #b00000000000000000000000000000000)
(define-fun |push::1::oldTop!2@1#1| () (_ BitVec 32) #b00000000000000000000000000000000)
(define-fun |push::1::newTop!2@1#1| () (_ BitVec 32) #b00000000000000000000000000000000)
(define-fun |push::1::casret!2@1#1| () (_ BitVec 32) #b00000000000000000000000000000000)
(define-fun |index_malloc::1::curr_alloc_idx!2@1#1| () (_ BitVec 32) #b00000000000000000000000000000000)
(define-fun |__VERIFIER_atomic_assert::$tmp::return_value_isEmpty$1!2@1#1| () (_ BitVec 32) #b00000000000000000000000000000000)
(define-fun |push::1::oldTop!2@2#1| () (_ BitVec 32) #b00000000000000000000000000000000)
(define-fun |push::1::newTop!2@2#1| () (_ BitVec 32) #b00000000000000000000000000000000)
(define-fun |push::1::casret!2@2#1| () (_ BitVec 32) #b00000000000000000000000000000000)
(define-fun |index_malloc::1::curr_alloc_idx!2@2#1| () (_ BitVec 32) #b00000000000000000000000000000000)
(define-fun |__VERIFIER_atomic_assert::$tmp::return_value_isEmpty$1!2@2#1| () (_ BitVec 32) #b00000000000000000000000000000000)
(define-fun |memory_model::choice_rf_1_68_0_8_T_0| () Bool false)
(define-fun |__CPROVER_threads_exited#1$wclk$8| () (_ BitVec 8) #b00100010)
(define-fun |__CPROVER_threads_exited#2$rclk$8| () (_ BitVec 8) #b11111110)
(define-fun |memory_model::choice_rf_1_68_2_69_T_1| () Bool false)
(define-fun |__CPROVER_threads_exited#5$wclk$8| () (_ BitVec 8) #b11111101)
(define-fun |memory_model::choice_rf_2_68_0_8_T_2| () Bool false)
(define-fun |__CPROVER_threads_exited#4$rclk$8| () (_ BitVec 8) #b11111100)
(define-fun |memory_model::choice_rf_2_68_1_69_T_3| () Bool false)
(define-fun |__CPROVER_threads_exited#3$wclk$8| () (_ BitVec 8) #b11111111)
(define-fun |memory_model::choice_rf_0_19_0_6_T_4| () Bool false)
(define-fun |memory_model::choice_rf_0_19_0_16_T_5| () Bool true)
(define-fun |memory_model::choice_rf_1_12_0_9_F_6| () Bool false)
(define-fun |m#1$wclk$8| () (_ BitVec 8) #b00100011)
(define-fun |m#2$rclk$8| () (_ BitVec 8) #b11001000)
(define-fun |memory_model::choice_rf_1_12_2_13_F_7| () Bool false)
(define-fun |m#22$wclk$8| () (_ BitVec 8) #b01100000)
(define-fun |memory_model::choice_rf_1_12_2_16_F_8| () Bool false)
(define-fun |m#25$wclk$8| () (_ BitVec 8) #b01100010)
(define-fun |memory_model::choice_rf_1_12_2_21_F_9| () Bool false)
(define-fun |m#28$wclk$8| () (_ BitVec 8) #b01101001)
(define-fun |memory_model::choice_rf_1_12_2_42_F_10| () Bool false)
(define-fun |m#31$wclk$8| () (_ BitVec 8) #b10100111)
(define-fun |memory_model::choice_rf_1_12_2_45_F_11| () Bool false)
(define-fun |m#34$wclk$8| () (_ BitVec 8) #b10101001)
(define-fun |memory_model::choice_rf_1_12_2_50_F_12| () Bool false)
(define-fun |m#37$wclk$8| () (_ BitVec 8) #b10101101)
(define-fun |memory_model::choice_rf_1_15_0_9_F_13| () Bool false)
(define-fun |m#5$rclk$8| () (_ BitVec 8) #b11001011)
(define-fun |memory_model::choice_rf_1_15_1_13_F_14| () Bool false)
(define-fun |memory_model::choice_rf_1_15_2_13_F_15| () Bool false)
(define-fun |memory_model::choice_rf_1_15_2_16_F_16| () Bool false)
(define-fun |memory_model::choice_rf_1_15_2_21_F_17| () Bool false)
(define-fun |memory_model::choice_rf_1_15_2_42_F_18| () Bool false)
(define-fun |memory_model::choice_rf_1_15_2_45_F_19| () Bool false)
(define-fun |memory_model::choice_rf_1_15_2_50_F_20| () Bool false)
(define-fun |memory_model::choice_rf_1_20_0_9_F_21| () Bool false)
(define-fun |m#8$rclk$8| () (_ BitVec 8) #b11001111)
(define-fun |memory_model::choice_rf_1_20_1_13_F_22| () Bool false)
(define-fun |memory_model::choice_rf_1_20_1_16_F_23| () Bool false)
(define-fun |memory_model::choice_rf_1_20_2_13_F_24| () Bool false)
(define-fun |memory_model::choice_rf_1_20_2_16_F_25| () Bool false)
(define-fun |memory_model::choice_rf_1_20_2_21_F_26| () Bool false)
(define-fun |memory_model::choice_rf_1_20_2_42_F_27| () Bool false)
(define-fun |memory_model::choice_rf_1_20_2_45_F_28| () Bool false)
(define-fun |memory_model::choice_rf_1_20_2_50_F_29| () Bool false)
(define-fun |memory_model::choice_rf_1_41_0_9_F_30| () Bool false)
(define-fun |m#11$rclk$8| () (_ BitVec 8) #b11101000)
(define-fun |memory_model::choice_rf_1_41_1_13_F_31| () Bool false)
(define-fun |memory_model::choice_rf_1_41_1_16_F_32| () Bool false)
(define-fun |memory_model::choice_rf_1_41_1_21_F_33| () Bool false)
(define-fun |memory_model::choice_rf_1_41_2_13_F_34| () Bool false)
(define-fun |memory_model::choice_rf_1_41_2_16_F_35| () Bool false)
(define-fun |memory_model::choice_rf_1_41_2_21_F_36| () Bool false)
(define-fun |memory_model::choice_rf_1_41_2_42_F_37| () Bool false)
(define-fun |memory_model::choice_rf_1_41_2_45_F_38| () Bool false)
(define-fun |memory_model::choice_rf_1_41_2_50_F_39| () Bool false)
(define-fun |memory_model::choice_rf_1_44_0_9_F_40| () Bool false)
(define-fun |m#14$rclk$8| () (_ BitVec 8) #b11101010)
(define-fun |memory_model::choice_rf_1_44_1_13_F_41| () Bool false)
(define-fun |memory_model::choice_rf_1_44_1_16_F_42| () Bool false)
(define-fun |memory_model::choice_rf_1_44_1_21_F_43| () Bool false)
(define-fun |memory_model::choice_rf_1_44_1_42_F_44| () Bool false)
(define-fun |memory_model::choice_rf_1_44_2_13_F_45| () Bool false)
(define-fun |memory_model::choice_rf_1_44_2_16_F_46| () Bool false)
(define-fun |memory_model::choice_rf_1_44_2_21_F_47| () Bool false)
(define-fun |memory_model::choice_rf_1_44_2_42_F_48| () Bool false)
(define-fun |memory_model::choice_rf_1_44_2_45_F_49| () Bool false)
(define-fun |memory_model::choice_rf_1_44_2_50_F_50| () Bool false)
(define-fun |memory_model::choice_rf_1_49_0_9_F_51| () Bool false)
(define-fun |m#17$rclk$8| () (_ BitVec 8) #b11101110)
(define-fun |memory_model::choice_rf_1_49_1_13_F_52| () Bool false)
(define-fun |memory_model::choice_rf_1_49_1_16_F_53| () Bool false)
(define-fun |memory_model::choice_rf_1_49_1_21_F_54| () Bool false)
(define-fun |memory_model::choice_rf_1_49_1_42_F_55| () Bool false)
(define-fun |memory_model::choice_rf_1_49_1_45_F_56| () Bool false)
(define-fun |memory_model::choice_rf_1_49_2_13_F_57| () Bool false)
(define-fun |memory_model::choice_rf_1_49_2_16_F_58| () Bool false)
(define-fun |memory_model::choice_rf_1_49_2_21_F_59| () Bool false)
(define-fun |memory_model::choice_rf_1_49_2_42_F_60| () Bool false)
(define-fun |memory_model::choice_rf_1_49_2_45_F_61| () Bool false)
(define-fun |memory_model::choice_rf_1_49_2_50_F_62| () Bool false)
(define-fun |memory_model::choice_rf_2_12_0_9_F_63| () Bool true)
(define-fun |m#20$rclk$8| () (_ BitVec 8) #b01100000)
(define-fun |memory_model::choice_rf_2_12_1_13_F_64| () Bool false)
(define-fun |m#4$wclk$8| () (_ BitVec 8) #b11001000)
(define-fun |memory_model::choice_rf_2_12_1_16_F_65| () Bool false)
(define-fun |m#7$wclk$8| () (_ BitVec 8) #b11001011)
(define-fun |memory_model::choice_rf_2_12_1_21_F_66| () Bool false)
(define-fun |m#10$wclk$8| () (_ BitVec 8) #b11001111)
(define-fun |memory_model::choice_rf_2_12_1_42_F_67| () Bool false)
(define-fun |m#13$wclk$8| () (_ BitVec 8) #b11101000)
(define-fun |memory_model::choice_rf_2_12_1_45_F_68| () Bool false)
(define-fun |m#16$wclk$8| () (_ BitVec 8) #b11101010)
(define-fun |memory_model::choice_rf_2_12_1_50_F_69| () Bool false)
(define-fun |m#19$wclk$8| () (_ BitVec 8) #b11101110)
(define-fun |memory_model::choice_rf_2_15_0_9_F_70| () Bool false)
(define-fun |m#23$rclk$8| () (_ BitVec 8) #b01100010)
(define-fun |memory_model::choice_rf_2_15_1_13_F_71| () Bool false)
(define-fun |memory_model::choice_rf_2_15_1_16_F_72| () Bool false)
(define-fun |memory_model::choice_rf_2_15_1_21_F_73| () Bool false)
(define-fun |memory_model::choice_rf_2_15_1_42_F_74| () Bool false)
(define-fun |memory_model::choice_rf_2_15_1_45_F_75| () Bool false)
(define-fun |memory_model::choice_rf_2_15_1_50_F_76| () Bool false)
(define-fun |memory_model::choice_rf_2_15_2_13_F_77| () Bool false)
(define-fun |memory_model::choice_rf_2_20_0_9_F_78| () Bool false)
(define-fun |m#26$rclk$8| () (_ BitVec 8) #b01101001)
(define-fun |memory_model::choice_rf_2_20_1_13_F_79| () Bool false)
(define-fun |memory_model::choice_rf_2_20_1_16_F_80| () Bool false)
(define-fun |memory_model::choice_rf_2_20_1_21_F_81| () Bool false)
(define-fun |memory_model::choice_rf_2_20_1_42_F_82| () Bool false)
(define-fun |memory_model::choice_rf_2_20_1_45_F_83| () Bool false)
(define-fun |memory_model::choice_rf_2_20_1_50_F_84| () Bool false)
(define-fun |memory_model::choice_rf_2_20_2_13_F_85| () Bool true)
(define-fun |memory_model::choice_rf_2_20_2_16_F_86| () Bool false)
(define-fun |memory_model::choice_rf_2_41_0_9_F_87| () Bool false)
(define-fun |m#29$rclk$8| () (_ BitVec 8) #b10100111)
(define-fun |memory_model::choice_rf_2_41_1_13_F_88| () Bool false)
(define-fun |memory_model::choice_rf_2_41_1_16_F_89| () Bool false)
(define-fun |memory_model::choice_rf_2_41_1_21_F_90| () Bool false)
(define-fun |memory_model::choice_rf_2_41_1_42_F_91| () Bool false)
(define-fun |memory_model::choice_rf_2_41_1_45_F_92| () Bool false)
(define-fun |memory_model::choice_rf_2_41_1_50_F_93| () Bool false)
(define-fun |memory_model::choice_rf_2_41_2_13_F_94| () Bool false)
(define-fun |memory_model::choice_rf_2_41_2_16_F_95| () Bool false)
(define-fun |memory_model::choice_rf_2_41_2_21_F_96| () Bool false)
(define-fun |memory_model::choice_rf_2_44_0_9_F_97| () Bool false)
(define-fun |m#32$rclk$8| () (_ BitVec 8) #b10101001)
(define-fun |memory_model::choice_rf_2_44_1_13_F_98| () Bool false)
(define-fun |memory_model::choice_rf_2_44_1_16_F_99| () Bool false)
(define-fun |memory_model::choice_rf_2_44_1_21_F_100| () Bool false)
(define-fun |memory_model::choice_rf_2_44_1_42_F_101| () Bool false)
(define-fun |memory_model::choice_rf_2_44_1_45_F_102| () Bool false)
(define-fun |memory_model::choice_rf_2_44_1_50_F_103| () Bool false)
(define-fun |memory_model::choice_rf_2_44_2_13_F_104| () Bool false)
(define-fun |memory_model::choice_rf_2_44_2_16_F_105| () Bool false)
(define-fun |memory_model::choice_rf_2_44_2_21_F_106| () Bool false)
(define-fun |memory_model::choice_rf_2_44_2_42_F_107| () Bool false)
(define-fun |memory_model::choice_rf_2_49_0_9_F_108| () Bool false)
(define-fun |m#35$rclk$8| () (_ BitVec 8) #b10101101)
(define-fun |memory_model::choice_rf_2_49_1_13_F_109| () Bool false)
(define-fun |memory_model::choice_rf_2_49_1_16_F_110| () Bool false)
(define-fun |memory_model::choice_rf_2_49_1_21_F_111| () Bool false)
(define-fun |memory_model::choice_rf_2_49_1_42_F_112| () Bool false)
(define-fun |memory_model::choice_rf_2_49_1_45_F_113| () Bool false)
(define-fun |memory_model::choice_rf_2_49_1_50_F_114| () Bool false)
(define-fun |memory_model::choice_rf_2_49_2_13_F_115| () Bool false)
(define-fun |memory_model::choice_rf_2_49_2_16_F_116| () Bool false)
(define-fun |memory_model::choice_rf_2_49_2_21_F_117| () Bool false)
(define-fun |memory_model::choice_rf_2_49_2_42_F_118| () Bool false)
(define-fun |memory_model::choice_rf_2_49_2_45_F_119| () Bool false)
(define-fun |memory_model::choice_rf_1_22_0_11_F_120| () Bool false)
(define-fun |memory#1$wclk$8| () (_ BitVec 8) #b00100101)
(define-fun |memory#2$rclk$8| () (_ BitVec 8) #b11010000)
(define-fun |memory_model::choice_rf_1_22_2_23_F_121| () Bool false)
(define-fun |memory#15$wclk$8| () (_ BitVec 8) #b01101110)
(define-fun |memory_model::choice_rf_1_22_2_26_F_122| () Bool false)
(define-fun |memory#17$wclk$8| () (_ BitVec 8) #b10010001)
(define-fun |memory_model::choice_rf_1_22_2_33_F_123| () Bool false)
(define-fun |memory#19$wclk$8| () (_ BitVec 8) #b10100001)
(define-fun |memory_model::choice_rf_1_22_2_52_F_124| () Bool false)
(define-fun |memory#21$wclk$8| () (_ BitVec 8) #b10110000)
(define-fun |memory_model::choice_rf_1_22_2_55_F_125| () Bool false)
(define-fun |memory#23$wclk$8| () (_ BitVec 8) #b10110011)
(define-fun |memory_model::choice_rf_1_22_2_62_F_126| () Bool false)
(define-fun |memory#25$wclk$8| () (_ BitVec 8) #b11000000)
(define-fun |memory_model::choice_rf_1_25_0_11_F_127| () Bool false)
(define-fun |memory#4$rclk$8| () (_ BitVec 8) #b11010011)
(define-fun |memory_model::choice_rf_1_25_1_23_F_128| () Bool false)
(define-fun |memory_model::choice_rf_1_25_2_23_F_129| () Bool false)
(define-fun |memory_model::choice_rf_1_25_2_26_F_130| () Bool false)
(define-fun |memory_model::choice_rf_1_25_2_33_F_131| () Bool false)
(define-fun |memory_model::choice_rf_1_25_2_52_F_132| () Bool false)
(define-fun |memory_model::choice_rf_1_25_2_55_F_133| () Bool false)
(define-fun |memory_model::choice_rf_1_25_2_62_F_134| () Bool false)
(define-fun |memory_model::choice_rf_1_32_0_11_F_135| () Bool false)
(define-fun |memory#6$rclk$8| () (_ BitVec 8) #b11011110)
(define-fun |memory_model::choice_rf_1_32_1_23_F_136| () Bool false)
(define-fun |memory_model::choice_rf_1_32_1_26_F_137| () Bool false)
(define-fun |memory_model::choice_rf_1_32_2_23_F_138| () Bool false)
(define-fun |memory_model::choice_rf_1_32_2_26_F_139| () Bool false)
(define-fun |memory_model::choice_rf_1_32_2_33_F_140| () Bool false)
(define-fun |memory_model::choice_rf_1_32_2_52_F_141| () Bool false)
(define-fun |memory_model::choice_rf_1_32_2_55_F_142| () Bool false)
(define-fun |memory_model::choice_rf_1_32_2_62_F_143| () Bool false)
(define-fun |memory_model::choice_rf_1_51_0_11_F_144| () Bool false)
(define-fun |memory#8$rclk$8| () (_ BitVec 8) #b11110000)
(define-fun |memory_model::choice_rf_1_51_1_23_F_145| () Bool false)
(define-fun |memory_model::choice_rf_1_51_1_26_F_146| () Bool false)
(define-fun |memory_model::choice_rf_1_51_1_33_F_147| () Bool false)
(define-fun |memory_model::choice_rf_1_51_2_23_F_148| () Bool false)
(define-fun |memory_model::choice_rf_1_51_2_26_F_149| () Bool false)
(define-fun |memory_model::choice_rf_1_51_2_33_F_150| () Bool false)
(define-fun |memory_model::choice_rf_1_51_2_52_F_151| () Bool false)
(define-fun |memory_model::choice_rf_1_51_2_55_F_152| () Bool false)
(define-fun |memory_model::choice_rf_1_51_2_62_F_153| () Bool false)
(define-fun |memory_model::choice_rf_1_54_0_11_F_154| () Bool false)
(define-fun |memory#10$rclk$8| () (_ BitVec 8) #b11110100)
(define-fun |memory_model::choice_rf_1_54_1_23_F_155| () Bool false)
(define-fun |memory_model::choice_rf_1_54_1_26_F_156| () Bool false)
(define-fun |memory_model::choice_rf_1_54_1_33_F_157| () Bool false)
(define-fun |memory_model::choice_rf_1_54_1_52_F_158| () Bool false)
(define-fun |memory_model::choice_rf_1_54_2_23_F_159| () Bool false)
(define-fun |memory_model::choice_rf_1_54_2_26_F_160| () Bool false)
(define-fun |memory_model::choice_rf_1_54_2_33_F_161| () Bool false)
(define-fun |memory_model::choice_rf_1_54_2_52_F_162| () Bool false)
(define-fun |memory_model::choice_rf_1_54_2_55_F_163| () Bool false)
(define-fun |memory_model::choice_rf_1_54_2_62_F_164| () Bool false)
(define-fun |memory_model::choice_rf_1_61_0_11_F_165| () Bool false)
(define-fun |memory#12$rclk$8| () (_ BitVec 8) #b11111001)
(define-fun |memory_model::choice_rf_1_61_1_23_F_166| () Bool false)
(define-fun |memory_model::choice_rf_1_61_1_26_F_167| () Bool false)
(define-fun |memory_model::choice_rf_1_61_1_33_F_168| () Bool false)
(define-fun |memory_model::choice_rf_1_61_1_52_F_169| () Bool false)
(define-fun |memory_model::choice_rf_1_61_1_55_F_170| () Bool false)
(define-fun |memory_model::choice_rf_1_61_2_23_F_171| () Bool false)
(define-fun |memory_model::choice_rf_1_61_2_26_F_172| () Bool false)
(define-fun |memory_model::choice_rf_1_61_2_33_F_173| () Bool false)
(define-fun |memory_model::choice_rf_1_61_2_52_F_174| () Bool false)
(define-fun |memory_model::choice_rf_1_61_2_55_F_175| () Bool false)
(define-fun |memory_model::choice_rf_1_61_2_62_F_176| () Bool false)
(define-fun |memory_model::choice_rf_2_22_0_11_F_177| () Bool true)
(define-fun |memory#14$rclk$8| () (_ BitVec 8) #b01101101)
(define-fun |memory_model::choice_rf_2_22_1_23_F_178| () Bool false)
(define-fun |memory#3$wclk$8| () (_ BitVec 8) #b11010001)
(define-fun |memory_model::choice_rf_2_22_1_26_F_179| () Bool false)
(define-fun |memory#5$wclk$8| () (_ BitVec 8) #b11010100)
(define-fun |memory_model::choice_rf_2_22_1_33_F_180| () Bool false)
(define-fun |memory#7$wclk$8| () (_ BitVec 8) #b11011111)
(define-fun |memory_model::choice_rf_2_22_1_52_F_181| () Bool false)
(define-fun |memory#9$wclk$8| () (_ BitVec 8) #b11110001)
(define-fun |memory_model::choice_rf_2_22_1_55_F_182| () Bool false)
(define-fun |memory#11$wclk$8| () (_ BitVec 8) #b11110101)
(define-fun |memory_model::choice_rf_2_22_1_62_F_183| () Bool false)
(define-fun |memory#13$wclk$8| () (_ BitVec 8) #b11111010)
(define-fun |memory_model::choice_rf_2_25_0_11_F_184| () Bool false)
(define-fun |memory#16$rclk$8| () (_ BitVec 8) #b10010000)
(define-fun |memory_model::choice_rf_2_25_1_23_F_185| () Bool false)
(define-fun |memory_model::choice_rf_2_25_1_26_F_186| () Bool false)
(define-fun |memory_model::choice_rf_2_25_1_33_F_187| () Bool false)
(define-fun |memory_model::choice_rf_2_25_1_52_F_188| () Bool false)
(define-fun |memory_model::choice_rf_2_25_1_55_F_189| () Bool false)
(define-fun |memory_model::choice_rf_2_25_1_62_F_190| () Bool false)
(define-fun |memory_model::choice_rf_2_25_2_23_F_191| () Bool true)
(define-fun |memory_model::choice_rf_2_32_0_11_F_192| () Bool false)
(define-fun |memory#18$rclk$8| () (_ BitVec 8) #b10011001)
(define-fun |memory_model::choice_rf_2_32_1_23_F_193| () Bool false)
(define-fun |memory_model::choice_rf_2_32_1_26_F_194| () Bool false)
(define-fun |memory_model::choice_rf_2_32_1_33_F_195| () Bool false)
(define-fun |memory_model::choice_rf_2_32_1_52_F_196| () Bool false)
(define-fun |memory_model::choice_rf_2_32_1_55_F_197| () Bool false)
(define-fun |memory_model::choice_rf_2_32_1_62_F_198| () Bool false)
(define-fun |memory_model::choice_rf_2_32_2_23_F_199| () Bool false)
(define-fun |memory_model::choice_rf_2_32_2_26_F_200| () Bool false)
(define-fun |memory_model::choice_rf_2_51_0_11_F_201| () Bool false)
(define-fun |memory#20$rclk$8| () (_ BitVec 8) #b10101111)
(define-fun |memory_model::choice_rf_2_51_1_23_F_202| () Bool false)
(define-fun |memory_model::choice_rf_2_51_1_26_F_203| () Bool false)
(define-fun |memory_model::choice_rf_2_51_1_33_F_204| () Bool false)
(define-fun |memory_model::choice_rf_2_51_1_52_F_205| () Bool false)
(define-fun |memory_model::choice_rf_2_51_1_55_F_206| () Bool false)
(define-fun |memory_model::choice_rf_2_51_1_62_F_207| () Bool false)
(define-fun |memory_model::choice_rf_2_51_2_23_F_208| () Bool false)
(define-fun |memory_model::choice_rf_2_51_2_26_F_209| () Bool false)
(define-fun |memory_model::choice_rf_2_51_2_33_F_210| () Bool false)
(define-fun |memory_model::choice_rf_2_54_0_11_F_211| () Bool false)
(define-fun |memory#22$rclk$8| () (_ BitVec 8) #b10110010)
(define-fun |memory_model::choice_rf_2_54_1_23_F_212| () Bool false)
(define-fun |memory_model::choice_rf_2_54_1_26_F_213| () Bool false)
(define-fun |memory_model::choice_rf_2_54_1_33_F_214| () Bool false)
(define-fun |memory_model::choice_rf_2_54_1_52_F_215| () Bool false)
(define-fun |memory_model::choice_rf_2_54_1_55_F_216| () Bool false)
(define-fun |memory_model::choice_rf_2_54_1_62_F_217| () Bool false)
(define-fun |memory_model::choice_rf_2_54_2_23_F_218| () Bool false)
(define-fun |memory_model::choice_rf_2_54_2_26_F_219| () Bool false)
(define-fun |memory_model::choice_rf_2_54_2_33_F_220| () Bool false)
(define-fun |memory_model::choice_rf_2_54_2_52_F_221| () Bool false)
(define-fun |memory_model::choice_rf_2_61_0_11_F_222| () Bool false)
(define-fun |memory#24$rclk$8| () (_ BitVec 8) #b10110111)
(define-fun |memory_model::choice_rf_2_61_1_23_F_223| () Bool false)
(define-fun |memory_model::choice_rf_2_61_1_26_F_224| () Bool false)
(define-fun |memory_model::choice_rf_2_61_1_33_F_225| () Bool false)
(define-fun |memory_model::choice_rf_2_61_1_52_F_226| () Bool false)
(define-fun |memory_model::choice_rf_2_61_1_55_F_227| () Bool false)
(define-fun |memory_model::choice_rf_2_61_1_62_F_228| () Bool false)
(define-fun |memory_model::choice_rf_2_61_2_23_F_229| () Bool false)
(define-fun |memory_model::choice_rf_2_61_2_26_F_230| () Bool false)
(define-fun |memory_model::choice_rf_2_61_2_33_F_231| () Bool false)
(define-fun |memory_model::choice_rf_2_61_2_52_F_232| () Bool false)
(define-fun |memory_model::choice_rf_2_61_2_55_F_233| () Bool false)
(define-fun |memory_model::choice_rf_1_14_0_12_F_234| () Bool false)
(define-fun |next_alloc_idx#1$wclk$8| () (_ BitVec 8) #b00100110)
(define-fun |next_alloc_idx#2$rclk$8| () (_ BitVec 8) #b11001001)
(define-fun |memory_model::choice_rf_1_14_2_19_F_235| () Bool false)
(define-fun |next_alloc_idx#13$wclk$8| () (_ BitVec 8) #b01100101)
(define-fun |memory_model::choice_rf_1_14_2_48_F_236| () Bool false)
(define-fun |next_alloc_idx#17$wclk$8| () (_ BitVec 8) #b10101100)
(define-fun |memory_model::choice_rf_1_17_0_12_F_237| () Bool false)
(define-fun |next_alloc_idx#3$rclk$8| () (_ BitVec 8) #b11001100)
(define-fun |memory_model::choice_rf_1_17_2_19_F_238| () Bool false)
(define-fun |memory_model::choice_rf_1_17_2_48_F_239| () Bool false)
(define-fun |memory_model::choice_rf_1_18_0_12_F_240| () Bool false)
(define-fun |next_alloc_idx#4$rclk$8| () (_ BitVec 8) #b11001101)
(define-fun |memory_model::choice_rf_1_18_2_19_F_241| () Bool false)
(define-fun |memory_model::choice_rf_1_18_2_48_F_242| () Bool false)
(define-fun |memory_model::choice_rf_1_43_0_12_F_243| () Bool false)
(define-fun |next_alloc_idx#6$rclk$8| () (_ BitVec 8) #b11101001)
(define-fun |memory_model::choice_rf_1_43_1_19_F_244| () Bool false)
(define-fun |memory_model::choice_rf_1_43_2_19_F_245| () Bool false)
(define-fun |memory_model::choice_rf_1_43_2_48_F_246| () Bool false)
(define-fun |memory_model::choice_rf_1_46_0_12_F_247| () Bool false)
(define-fun |next_alloc_idx#7$rclk$8| () (_ BitVec 8) #b11101011)
(define-fun |memory_model::choice_rf_1_46_1_19_F_248| () Bool false)
(define-fun |memory_model::choice_rf_1_46_2_19_F_249| () Bool false)
(define-fun |memory_model::choice_rf_1_46_2_48_F_250| () Bool false)
(define-fun |memory_model::choice_rf_1_47_0_12_F_251| () Bool false)
(define-fun |next_alloc_idx#8$rclk$8| () (_ BitVec 8) #b11101100)
(define-fun |memory_model::choice_rf_1_47_1_19_F_252| () Bool false)
(define-fun |memory_model::choice_rf_1_47_2_19_F_253| () Bool false)
(define-fun |memory_model::choice_rf_1_47_2_48_F_254| () Bool false)
(define-fun |memory_model::choice_rf_2_14_0_12_F_255| () Bool true)
(define-fun |next_alloc_idx#10$rclk$8| () (_ BitVec 8) #b01100001)
(define-fun |memory_model::choice_rf_2_14_1_19_F_256| () Bool false)
(define-fun |next_alloc_idx#5$wclk$8| () (_ BitVec 8) #b11001110)
(define-fun |memory_model::choice_rf_2_14_1_48_F_257| () Bool false)
(define-fun |next_alloc_idx#9$wclk$8| () (_ BitVec 8) #b11101101)
(define-fun |memory_model::choice_rf_2_17_0_12_F_258| () Bool true)
(define-fun |next_alloc_idx#11$rclk$8| () (_ BitVec 8) #b01100011)
(define-fun |memory_model::choice_rf_2_17_1_19_F_259| () Bool false)
(define-fun |memory_model::choice_rf_2_17_1_48_F_260| () Bool false)
(define-fun |memory_model::choice_rf_2_18_0_12_F_261| () Bool true)
(define-fun |next_alloc_idx#12$rclk$8| () (_ BitVec 8) #b01100100)
(define-fun |memory_model::choice_rf_2_18_1_19_F_262| () Bool false)
(define-fun |memory_model::choice_rf_2_18_1_48_F_263| () Bool false)
(define-fun |memory_model::choice_rf_2_43_0_12_F_264| () Bool false)
(define-fun |next_alloc_idx#14$rclk$8| () (_ BitVec 8) #b10101000)
(define-fun |memory_model::choice_rf_2_43_1_19_F_265| () Bool false)
(define-fun |memory_model::choice_rf_2_43_1_48_F_266| () Bool false)
(define-fun |memory_model::choice_rf_2_43_2_19_F_267| () Bool false)
(define-fun |memory_model::choice_rf_2_46_0_12_F_268| () Bool false)
(define-fun |next_alloc_idx#15$rclk$8| () (_ BitVec 8) #b10101010)
(define-fun |memory_model::choice_rf_2_46_1_19_F_269| () Bool false)
(define-fun |memory_model::choice_rf_2_46_1_48_F_270| () Bool false)
(define-fun |memory_model::choice_rf_2_46_2_19_F_271| () Bool false)
(define-fun |memory_model::choice_rf_2_47_0_12_F_272| () Bool false)
(define-fun |next_alloc_idx#16$rclk$8| () (_ BitVec 8) #b10101011)
(define-fun |memory_model::choice_rf_2_47_1_19_F_273| () Bool false)
(define-fun |memory_model::choice_rf_2_47_1_48_F_274| () Bool false)
(define-fun |memory_model::choice_rf_2_47_2_19_F_275| () Bool false)
(define-fun |memory_model::choice_rf_1_24_0_14_F_276| () Bool false)
(define-fun |top#1$wclk$8| () (_ BitVec 8) #b00101100)
(define-fun |top#3$rclk$8| () (_ BitVec 8) #b11010010)
(define-fun |memory_model::choice_rf_1_24_1_6_F_277| () Bool false)
(define-fun |memory_model::choice_rf_1_24_2_6_F_278| () Bool false)
(define-fun |top#33$wclk$8| () (_ BitVec 8) #b01011011)
(define-fun |memory_model::choice_rf_1_24_2_29_F_279| () Bool false)
(define-fun |top#39$wclk$8| () (_ BitVec 8) #b10010010)
(define-fun |memory_model::choice_rf_1_24_2_36_F_280| () Bool false)
(define-fun |top#45$wclk$8| () (_ BitVec 8) #b10100010)
(define-fun |memory_model::choice_rf_1_24_2_58_F_281| () Bool false)
(define-fun |top#54$wclk$8| () (_ BitVec 8) #b10110100)
(define-fun |memory_model::choice_rf_1_24_2_65_F_282| () Bool false)
(define-fun |top#60$wclk$8| () (_ BitVec 8) #b11000001)
(define-fun |memory_model::choice_rf_1_27_0_14_F_283| () Bool false)
(define-fun |top#4$rclk$8| () (_ BitVec 8) #b11010101)
(define-fun |memory_model::choice_rf_1_27_1_6_F_284| () Bool false)
(define-fun |memory_model::choice_rf_1_27_2_6_F_285| () Bool false)
(define-fun |memory_model::choice_rf_1_27_2_29_F_286| () Bool false)
(define-fun |memory_model::choice_rf_1_27_2_36_F_287| () Bool false)
(define-fun |memory_model::choice_rf_1_27_2_58_F_288| () Bool false)
(define-fun |memory_model::choice_rf_1_27_2_65_F_289| () Bool false)
(define-fun |memory_model::choice_rf_1_31_0_14_F_290| () Bool false)
(define-fun |top#9$rclk$8| () (_ BitVec 8) #b11011101)
(define-fun |memory_model::choice_rf_1_31_1_6_F_291| () Bool false)
(define-fun |memory_model::choice_rf_1_31_1_29_F_292| () Bool false)
(define-fun |memory_model::choice_rf_1_31_2_6_F_293| () Bool false)
(define-fun |memory_model::choice_rf_1_31_2_29_F_294| () Bool false)
(define-fun |memory_model::choice_rf_1_31_2_36_F_295| () Bool false)
(define-fun |memory_model::choice_rf_1_31_2_58_F_296| () Bool false)
(define-fun |memory_model::choice_rf_1_31_2_65_F_297| () Bool false)
(define-fun |memory_model::choice_rf_1_34_0_14_F_298| () Bool false)
(define-fun |top#10$rclk$8| () (_ BitVec 8) #b11100001)
(define-fun |memory_model::choice_rf_1_34_1_6_F_299| () Bool false)
(define-fun |memory_model::choice_rf_1_34_1_29_F_300| () Bool false)
(define-fun |memory_model::choice_rf_1_34_2_6_F_301| () Bool false)
(define-fun |memory_model::choice_rf_1_34_2_29_F_302| () Bool false)
(define-fun |memory_model::choice_rf_1_34_2_36_F_303| () Bool false)
(define-fun |memory_model::choice_rf_1_34_2_58_F_304| () Bool false)
(define-fun |memory_model::choice_rf_1_34_2_65_F_305| () Bool false)
(define-fun |memory_model::choice_rf_1_38_0_14_F_306| () Bool false)
(define-fun |top#15$rclk$8| () (_ BitVec 8) #b11100101)
(define-fun |memory_model::choice_rf_1_38_1_6_F_307| () Bool false)
(define-fun |memory_model::choice_rf_1_38_1_29_F_308| () Bool false)
(define-fun |memory_model::choice_rf_1_38_1_36_F_309| () Bool false)
(define-fun |memory_model::choice_rf_1_38_2_6_F_310| () Bool false)
(define-fun |memory_model::choice_rf_1_38_2_29_F_311| () Bool false)
(define-fun |memory_model::choice_rf_1_38_2_36_F_312| () Bool false)
(define-fun |memory_model::choice_rf_1_38_2_58_F_313| () Bool false)
(define-fun |memory_model::choice_rf_1_38_2_65_F_314| () Bool false)
(define-fun |memory_model::choice_rf_1_53_0_14_F_315| () Bool false)
(define-fun |top#18$rclk$8| () (_ BitVec 8) #b11110011)
(define-fun |memory_model::choice_rf_1_53_1_6_F_316| () Bool false)
(define-fun |memory_model::choice_rf_1_53_1_29_F_317| () Bool false)
(define-fun |memory_model::choice_rf_1_53_1_36_F_318| () Bool false)
(define-fun |memory_model::choice_rf_1_53_2_6_F_319| () Bool false)
(define-fun |memory_model::choice_rf_1_53_2_29_F_320| () Bool false)
(define-fun |memory_model::choice_rf_1_53_2_36_F_321| () Bool false)
(define-fun |memory_model::choice_rf_1_53_2_58_F_322| () Bool false)
(define-fun |memory_model::choice_rf_1_53_2_65_F_323| () Bool false)
(define-fun |memory_model::choice_rf_1_56_0_14_F_324| () Bool false)
(define-fun |top#19$rclk$8| () (_ BitVec 8) #b11110110)
(define-fun |memory_model::choice_rf_1_56_1_6_F_325| () Bool false)
(define-fun |memory_model::choice_rf_1_56_1_29_F_326| () Bool false)
(define-fun |memory_model::choice_rf_1_56_1_36_F_327| () Bool false)
(define-fun |memory_model::choice_rf_1_56_2_6_F_328| () Bool false)
(define-fun |memory_model::choice_rf_1_56_2_29_F_329| () Bool false)
(define-fun |memory_model::choice_rf_1_56_2_36_F_330| () Bool false)
(define-fun |memory_model::choice_rf_1_56_2_58_F_331| () Bool false)
(define-fun |memory_model::choice_rf_1_56_2_65_F_332| () Bool false)
(define-fun |memory_model::choice_rf_1_60_0_14_F_333| () Bool false)
(define-fun |top#24$rclk$8| () (_ BitVec 8) #b11111000)
(define-fun |memory_model::choice_rf_1_60_1_6_F_334| () Bool false)
(define-fun |memory_model::choice_rf_1_60_1_29_F_335| () Bool false)
(define-fun |memory_model::choice_rf_1_60_1_36_F_336| () Bool false)
(define-fun |memory_model::choice_rf_1_60_1_58_F_337| () Bool false)
(define-fun |memory_model::choice_rf_1_60_2_6_F_338| () Bool false)
(define-fun |memory_model::choice_rf_1_60_2_29_F_339| () Bool false)
(define-fun |memory_model::choice_rf_1_60_2_36_F_340| () Bool false)
(define-fun |memory_model::choice_rf_1_60_2_58_F_341| () Bool false)
(define-fun |memory_model::choice_rf_1_60_2_65_F_342| () Bool false)
(define-fun |memory_model::choice_rf_1_63_0_14_F_343| () Bool false)
(define-fun |top#25$rclk$8| () (_ BitVec 8) #b11111011)
(define-fun |memory_model::choice_rf_1_63_1_6_F_344| () Bool false)
(define-fun |memory_model::choice_rf_1_63_1_29_F_345| () Bool false)
(define-fun |memory_model::choice_rf_1_63_1_36_F_346| () Bool false)
(define-fun |memory_model::choice_rf_1_63_1_58_F_347| () Bool false)
(define-fun |memory_model::choice_rf_1_63_2_6_F_348| () Bool false)
(define-fun |memory_model::choice_rf_1_63_2_29_F_349| () Bool false)
(define-fun |memory_model::choice_rf_1_63_2_36_F_350| () Bool false)
(define-fun |memory_model::choice_rf_1_63_2_58_F_351| () Bool false)
(define-fun |memory_model::choice_rf_1_63_2_65_F_352| () Bool false)
(define-fun |memory_model::choice_rf_1_67_0_14_F_353| () Bool false)
(define-fun |top#30$rclk$8| () (_ BitVec 8) #b11111101)
(define-fun |memory_model::choice_rf_1_67_1_6_F_354| () Bool false)
(define-fun |memory_model::choice_rf_1_67_1_29_F_355| () Bool false)
(define-fun |memory_model::choice_rf_1_67_1_36_F_356| () Bool false)
(define-fun |memory_model::choice_rf_1_67_1_58_F_357| () Bool false)
(define-fun |memory_model::choice_rf_1_67_1_65_F_358| () Bool false)
(define-fun |memory_model::choice_rf_1_67_2_6_F_359| () Bool false)
(define-fun |memory_model::choice_rf_1_67_2_29_F_360| () Bool false)
(define-fun |memory_model::choice_rf_1_67_2_36_F_361| () Bool false)
(define-fun |memory_model::choice_rf_1_67_2_58_F_362| () Bool false)
(define-fun |memory_model::choice_rf_1_67_2_65_F_363| () Bool false)
(define-fun |memory_model::choice_rf_2_24_0_14_F_364| () Bool false)
(define-fun |top#34$rclk$8| () (_ BitVec 8) #b01101111)
(define-fun |memory_model::choice_rf_2_24_1_6_F_365| () Bool false)
(define-fun |top#2$wclk$8| () (_ BitVec 8) #b11000010)
(define-fun |memory_model::choice_rf_2_24_1_29_F_366| () Bool false)
(define-fun |top#8$wclk$8| () (_ BitVec 8) #b11010101)
(define-fun |memory_model::choice_rf_2_24_1_36_F_367| () Bool false)
(define-fun |top#14$wclk$8| () (_ BitVec 8) #b11100001)
(define-fun |memory_model::choice_rf_2_24_1_58_F_368| () Bool false)
(define-fun |top#23$wclk$8| () (_ BitVec 8) #b11110110)
(define-fun |memory_model::choice_rf_2_24_1_65_F_369| () Bool false)
(define-fun |top#29$wclk$8| () (_ BitVec 8) #b11111011)
(define-fun |memory_model::choice_rf_2_24_2_6_F_370| () Bool true)
(define-fun |memory_model::choice_rf_2_27_0_14_F_371| () Bool false)
(define-fun |top#35$rclk$8| () (_ BitVec 8) #b10010010)
(define-fun |memory_model::choice_rf_2_27_1_6_F_372| () Bool false)
(define-fun |memory_model::choice_rf_2_27_1_29_F_373| () Bool false)
(define-fun |memory_model::choice_rf_2_27_1_36_F_374| () Bool false)
(define-fun |memory_model::choice_rf_2_27_1_58_F_375| () Bool false)
(define-fun |memory_model::choice_rf_2_27_1_65_F_376| () Bool false)
(define-fun |memory_model::choice_rf_2_27_2_6_F_377| () Bool true)
(define-fun |memory_model::choice_rf_2_31_0_14_F_378| () Bool false)
(define-fun |top#40$rclk$8| () (_ BitVec 8) #b10011000)
(define-fun |memory_model::choice_rf_2_31_1_6_F_379| () Bool false)
(define-fun |memory_model::choice_rf_2_31_1_29_F_380| () Bool false)
(define-fun |memory_model::choice_rf_2_31_1_36_F_381| () Bool false)
(define-fun |memory_model::choice_rf_2_31_1_58_F_382| () Bool false)
(define-fun |memory_model::choice_rf_2_31_1_65_F_383| () Bool false)
(define-fun |memory_model::choice_rf_2_31_2_6_F_384| () Bool false)
(define-fun |memory_model::choice_rf_2_31_2_29_F_385| () Bool false)
(define-fun |memory_model::choice_rf_2_34_0_14_F_386| () Bool false)
(define-fun |top#41$rclk$8| () (_ BitVec 8) #b10100010)
(define-fun |memory_model::choice_rf_2_34_1_6_F_387| () Bool false)
(define-fun |memory_model::choice_rf_2_34_1_29_F_388| () Bool false)
(define-fun |memory_model::choice_rf_2_34_1_36_F_389| () Bool false)
(define-fun |memory_model::choice_rf_2_34_1_58_F_390| () Bool false)
(define-fun |memory_model::choice_rf_2_34_1_65_F_391| () Bool false)
(define-fun |memory_model::choice_rf_2_34_2_6_F_392| () Bool false)
(define-fun |memory_model::choice_rf_2_34_2_29_F_393| () Bool false)
(define-fun |memory_model::choice_rf_2_38_0_14_F_394| () Bool false)
(define-fun |top#46$rclk$8| () (_ BitVec 8) #b10100100)
(define-fun |memory_model::choice_rf_2_38_1_6_F_395| () Bool false)
(define-fun |memory_model::choice_rf_2_38_1_29_F_396| () Bool false)
(define-fun |memory_model::choice_rf_2_38_1_36_F_397| () Bool false)
(define-fun |memory_model::choice_rf_2_38_1_58_F_398| () Bool false)
(define-fun |memory_model::choice_rf_2_38_1_65_F_399| () Bool false)
(define-fun |memory_model::choice_rf_2_38_2_6_F_400| () Bool false)
(define-fun |memory_model::choice_rf_2_38_2_29_F_401| () Bool true)
(define-fun |memory_model::choice_rf_2_38_2_36_F_402| () Bool false)
(define-fun |memory_model::choice_rf_2_53_0_14_F_403| () Bool false)
(define-fun |top#49$rclk$8| () (_ BitVec 8) #b10110001)
(define-fun |memory_model::choice_rf_2_53_1_6_F_404| () Bool false)
(define-fun |memory_model::choice_rf_2_53_1_29_F_405| () Bool false)
(define-fun |memory_model::choice_rf_2_53_1_36_F_406| () Bool false)
(define-fun |memory_model::choice_rf_2_53_1_58_F_407| () Bool false)
(define-fun |memory_model::choice_rf_2_53_1_65_F_408| () Bool false)
(define-fun |memory_model::choice_rf_2_53_2_6_F_409| () Bool false)
(define-fun |memory_model::choice_rf_2_53_2_29_F_410| () Bool false)
(define-fun |memory_model::choice_rf_2_53_2_36_F_411| () Bool false)
(define-fun |memory_model::choice_rf_2_56_0_14_F_412| () Bool false)
(define-fun |top#50$rclk$8| () (_ BitVec 8) #b10110100)
(define-fun |memory_model::choice_rf_2_56_1_6_F_413| () Bool false)
(define-fun |memory_model::choice_rf_2_56_1_29_F_414| () Bool false)
(define-fun |memory_model::choice_rf_2_56_1_36_F_415| () Bool false)
(define-fun |memory_model::choice_rf_2_56_1_58_F_416| () Bool false)
(define-fun |memory_model::choice_rf_2_56_1_65_F_417| () Bool false)
(define-fun |memory_model::choice_rf_2_56_2_6_F_418| () Bool false)
(define-fun |memory_model::choice_rf_2_56_2_29_F_419| () Bool false)
(define-fun |memory_model::choice_rf_2_56_2_36_F_420| () Bool false)
(define-fun |memory_model::choice_rf_2_60_0_14_F_421| () Bool false)
(define-fun |top#55$rclk$8| () (_ BitVec 8) #b10110110)
(define-fun |memory_model::choice_rf_2_60_1_6_F_422| () Bool false)
(define-fun |memory_model::choice_rf_2_60_1_29_F_423| () Bool false)
(define-fun |memory_model::choice_rf_2_60_1_36_F_424| () Bool false)
(define-fun |memory_model::choice_rf_2_60_1_58_F_425| () Bool false)
(define-fun |memory_model::choice_rf_2_60_1_65_F_426| () Bool false)
(define-fun |memory_model::choice_rf_2_60_2_6_F_427| () Bool false)
(define-fun |memory_model::choice_rf_2_60_2_29_F_428| () Bool false)
(define-fun |memory_model::choice_rf_2_60_2_36_F_429| () Bool false)
(define-fun |memory_model::choice_rf_2_60_2_58_F_430| () Bool false)
(define-fun |memory_model::choice_rf_2_63_0_14_F_431| () Bool false)
(define-fun |top#56$rclk$8| () (_ BitVec 8) #b11000001)
(define-fun |memory_model::choice_rf_2_63_1_6_F_432| () Bool false)
(define-fun |memory_model::choice_rf_2_63_1_29_F_433| () Bool false)
(define-fun |memory_model::choice_rf_2_63_1_36_F_434| () Bool false)
(define-fun |memory_model::choice_rf_2_63_1_58_F_435| () Bool false)
(define-fun |memory_model::choice_rf_2_63_1_65_F_436| () Bool false)
(define-fun |memory_model::choice_rf_2_63_2_6_F_437| () Bool false)
(define-fun |memory_model::choice_rf_2_63_2_29_F_438| () Bool false)
(define-fun |memory_model::choice_rf_2_63_2_36_F_439| () Bool false)
(define-fun |memory_model::choice_rf_2_63_2_58_F_440| () Bool false)
(define-fun |memory_model::choice_rf_2_67_0_14_F_441| () Bool false)
(define-fun |top#61$rclk$8| () (_ BitVec 8) #b11111011)
(define-fun |memory_model::choice_rf_2_67_1_6_F_442| () Bool false)
(define-fun |memory_model::choice_rf_2_67_1_29_F_443| () Bool false)
(define-fun |memory_model::choice_rf_2_67_1_36_F_444| () Bool false)
(define-fun |memory_model::choice_rf_2_67_1_58_F_445| () Bool false)
(define-fun |memory_model::choice_rf_2_67_1_65_F_446| () Bool false)
(define-fun |memory_model::choice_rf_2_67_2_6_F_447| () Bool false)
(define-fun |memory_model::choice_rf_2_67_2_29_F_448| () Bool false)
(define-fun |memory_model::choice_rf_2_67_2_36_F_449| () Bool false)
(define-fun |memory_model::choice_rf_2_67_2_58_F_450| () Bool false)
(define-fun |memory_model::choice_rf_2_67_2_65_F_451| () Bool false)
(define-fun |memory_model::choice_rf_1_2_0_10_F_452| () Bool false)
(define-fun |m2#1$wclk$8| () (_ BitVec 8) #b00100100)
(define-fun |m2#2$rclk$8| () (_ BitVec 8) #b01011011)
(define-fun |memory_model::choice_rf_1_2_2_3_F_453| () Bool true)
(define-fun |m2#10$wclk$8| () (_ BitVec 8) #b01010111)
(define-fun |memory_model::choice_rf_1_2_2_9_F_454| () Bool false)
(define-fun |m2#13$wclk$8| () (_ BitVec 8) #b01011101)
(define-fun |memory_model::choice_rf_1_8_0_10_F_455| () Bool false)
(define-fun |m2#5$rclk$8| () (_ BitVec 8) #b11000100)
(define-fun |memory_model::choice_rf_1_8_1_3_F_456| () Bool false)
(define-fun |memory_model::choice_rf_1_8_2_3_F_457| () Bool false)
(define-fun |memory_model::choice_rf_1_8_2_9_F_458| () Bool false)
(define-fun |memory_model::choice_rf_2_2_0_10_F_459| () Bool true)
(define-fun |m2#8$rclk$8| () (_ BitVec 8) #b01010111)
(define-fun |memory_model::choice_rf_2_2_1_3_F_460| () Bool false)
(define-fun |m2#4$wclk$8| () (_ BitVec 8) #b01011011)
(define-fun |memory_model::choice_rf_2_2_1_9_F_461| () Bool false)
(define-fun |m2#7$wclk$8| () (_ BitVec 8) #b11000100)
(define-fun |memory_model::choice_rf_2_8_0_10_F_462| () Bool false)
(define-fun |m2#11$rclk$8| () (_ BitVec 8) #b01011101)
(define-fun |memory_model::choice_rf_2_8_1_3_F_463| () Bool false)
(define-fun |memory_model::choice_rf_2_8_1_9_F_464| () Bool false)
(define-fun |memory_model::choice_rf_2_8_2_3_F_465| () Bool true)
(define-fun |memory_model::choice_rf_1_4_0_13_F_466| () Bool false)
(define-fun |state#1$wclk$8| () (_ BitVec 8) #b00100111)
(define-fun |state#2$rclk$8| () (_ BitVec 8) #b01101100)
(define-fun |memory_model::choice_rf_1_4_2_7_F_467| () Bool false)
(define-fun |state#7$wclk$8| () (_ BitVec 8) #b01011100)
(define-fun |memory_model::choice_rf_1_5_0_13_F_468| () Bool false)
(define-fun |state#3$rclk$8| () (_ BitVec 8) #b01110110)
(define-fun |memory_model::choice_rf_1_5_2_7_F_469| () Bool false)
(define-fun |memory_model::choice_rf_2_4_0_13_F_470| () Bool true)
(define-fun |state#5$rclk$8| () (_ BitVec 8) #b01011001)
(define-fun |memory_model::choice_rf_2_4_1_7_F_471| () Bool false)
(define-fun |state#4$wclk$8| () (_ BitVec 8) #b11000011)
(define-fun |memory_model::choice_rf_2_5_0_13_F_472| () Bool false)
(define-fun |state#6$rclk$8| () (_ BitVec 8) #b01011010)
(define-fun |memory_model::choice_rf_2_5_1_7_F_473| () Bool false)
(define-fun |memory_model::choice_rf_1_30_1_0_F_474| () Bool false)
(define-fun |memory_model::choice_rf_1_30_1_10_F_475| () Bool false)
(define-fun |memory_model::choice_rf_1_30_1_11_F_476| () Bool false)
(define-fun |memory_model::choice_rf_1_30_1_28_F_477| () Bool false)
(define-fun |memory_model::choice_rf_1_37_1_0_F_478| () Bool false)
(define-fun |memory_model::choice_rf_1_37_1_10_F_479| () Bool false)
(define-fun |memory_model::choice_rf_1_37_1_11_F_480| () Bool false)
(define-fun |memory_model::choice_rf_1_37_1_28_F_481| () Bool false)
(define-fun |memory_model::choice_rf_1_37_1_35_F_482| () Bool false)
(define-fun |memory_model::choice_rf_1_59_1_1_F_483| () Bool false)
(define-fun |memory_model::choice_rf_1_59_1_39_F_484| () Bool false)
(define-fun |memory_model::choice_rf_1_59_1_40_F_485| () Bool false)
(define-fun |memory_model::choice_rf_1_59_1_57_F_486| () Bool false)
(define-fun |memory_model::choice_rf_1_66_1_1_F_487| () Bool false)
(define-fun |memory_model::choice_rf_1_66_1_39_F_488| () Bool false)
(define-fun |memory_model::choice_rf_1_66_1_40_F_489| () Bool false)
(define-fun |memory_model::choice_rf_1_66_1_57_F_490| () Bool false)
(define-fun |memory_model::choice_rf_1_66_1_64_F_491| () Bool false)
(define-fun |memory_model::choice_rf_2_30_2_0_F_492| () Bool false)
(define-fun |memory_model::choice_rf_2_30_2_10_F_493| () Bool false)
(define-fun |memory_model::choice_rf_2_30_2_11_F_494| () Bool false)
(define-fun |memory_model::choice_rf_2_30_2_28_F_495| () Bool true)
(define-fun |memory_model::choice_rf_2_37_2_0_F_496| () Bool false)
(define-fun |memory_model::choice_rf_2_37_2_10_F_497| () Bool false)
(define-fun |memory_model::choice_rf_2_37_2_11_F_498| () Bool false)
(define-fun |memory_model::choice_rf_2_37_2_28_F_499| () Bool false)
(define-fun |memory_model::choice_rf_2_37_2_35_F_500| () Bool false)
(define-fun |memory_model::choice_rf_2_59_2_1_F_501| () Bool false)
(define-fun |memory_model::choice_rf_2_59_2_39_F_502| () Bool false)
(define-fun |memory_model::choice_rf_2_59_2_40_F_503| () Bool false)
(define-fun |memory_model::choice_rf_2_59_2_57_F_504| () Bool false)
(define-fun |memory_model::choice_rf_2_66_2_1_F_505| () Bool false)
(define-fun |memory_model::choice_rf_2_66_2_39_F_506| () Bool false)
(define-fun |memory_model::choice_rf_2_66_2_40_F_507| () Bool false)
(define-fun |memory_model::choice_rf_2_66_2_57_F_508| () Bool false)
(define-fun |memory_model::choice_rf_2_66_2_64_F_509| () Bool false)
(define-fun |memory_model::choice_ws-ext_0_8_1_69_T_510| () Bool true)
(define-fun |memory_model::choice_ws-ext_0_8_2_69_T_511| () Bool true)
(define-fun |memory_model::choice_ws-ext_1_69_2_69_T_512| () Bool false)
(define-fun |memory_model::choice_ws-ext_0_9_1_13_F_513| () Bool true)
(define-fun |memory_model::choice_ws-ext_0_9_1_16_F_514| () Bool true)
(define-fun |memory_model::choice_ws-ext_0_9_1_21_F_515| () Bool true)
(define-fun |memory_model::choice_ws-ext_0_9_1_42_F_516| () Bool true)
(define-fun |memory_model::choice_ws-ext_0_9_1_45_F_517| () Bool true)
(define-fun |memory_model::choice_ws-ext_0_9_1_50_F_518| () Bool true)
(define-fun |memory_model::choice_ws-ext_0_9_2_13_F_519| () Bool true)
(define-fun |memory_model::choice_ws-ext_0_9_2_16_F_520| () Bool true)
(define-fun |memory_model::choice_ws-ext_0_9_2_21_F_521| () Bool true)
(define-fun |memory_model::choice_ws-ext_0_9_2_42_F_522| () Bool true)
(define-fun |memory_model::choice_ws-ext_0_9_2_45_F_523| () Bool true)
(define-fun |memory_model::choice_ws-ext_0_9_2_50_F_524| () Bool true)
(define-fun |memory_model::choice_ws-ext_1_13_2_13_F_525| () Bool false)
(define-fun |memory_model::choice_ws-ext_1_13_2_16_F_526| () Bool false)
(define-fun |memory_model::choice_ws-ext_1_13_2_21_F_527| () Bool false)
(define-fun |memory_model::choice_ws-ext_1_13_2_42_F_528| () Bool false)
(define-fun |memory_model::choice_ws-ext_1_13_2_45_F_529| () Bool false)
(define-fun |memory_model::choice_ws-ext_1_13_2_50_F_530| () Bool false)
(define-fun |memory_model::choice_ws-ext_1_16_2_13_F_531| () Bool false)
(define-fun |memory_model::choice_ws-ext_1_16_2_16_F_532| () Bool false)
(define-fun |memory_model::choice_ws-ext_1_16_2_21_F_533| () Bool false)
(define-fun |memory_model::choice_ws-ext_1_16_2_42_F_534| () Bool false)
(define-fun |memory_model::choice_ws-ext_1_16_2_45_F_535| () Bool false)
(define-fun |memory_model::choice_ws-ext_1_16_2_50_F_536| () Bool false)
(define-fun |memory_model::choice_ws-ext_1_21_2_13_F_537| () Bool false)
(define-fun |memory_model::choice_ws-ext_1_21_2_16_F_538| () Bool false)
(define-fun |memory_model::choice_ws-ext_1_21_2_21_F_539| () Bool false)
(define-fun |memory_model::choice_ws-ext_1_21_2_42_F_540| () Bool false)
(define-fun |memory_model::choice_ws-ext_1_21_2_45_F_541| () Bool false)
(define-fun |memory_model::choice_ws-ext_1_21_2_50_F_542| () Bool false)
(define-fun |memory_model::choice_ws-ext_1_42_2_13_F_543| () Bool false)
(define-fun |memory_model::choice_ws-ext_1_42_2_16_F_544| () Bool false)
(define-fun |memory_model::choice_ws-ext_1_42_2_21_F_545| () Bool false)
(define-fun |memory_model::choice_ws-ext_1_42_2_42_F_546| () Bool false)
(define-fun |memory_model::choice_ws-ext_1_42_2_45_F_547| () Bool false)
(define-fun |memory_model::choice_ws-ext_1_42_2_50_F_548| () Bool false)
(define-fun |memory_model::choice_ws-ext_1_45_2_13_F_549| () Bool false)
(define-fun |memory_model::choice_ws-ext_1_45_2_16_F_550| () Bool false)
(define-fun |memory_model::choice_ws-ext_1_45_2_21_F_551| () Bool false)
(define-fun |memory_model::choice_ws-ext_1_45_2_42_F_552| () Bool false)
(define-fun |memory_model::choice_ws-ext_1_45_2_45_F_553| () Bool false)
(define-fun |memory_model::choice_ws-ext_1_45_2_50_F_554| () Bool false)
(define-fun |memory_model::choice_ws-ext_1_50_2_13_F_555| () Bool false)
(define-fun |memory_model::choice_ws-ext_1_50_2_16_F_556| () Bool false)
(define-fun |memory_model::choice_ws-ext_1_50_2_21_F_557| () Bool false)
(define-fun |memory_model::choice_ws-ext_1_50_2_42_F_558| () Bool false)
(define-fun |memory_model::choice_ws-ext_1_50_2_45_F_559| () Bool false)
(define-fun |memory_model::choice_ws-ext_1_50_2_50_F_560| () Bool false)
(define-fun |memory_model::choice_ws-ext_0_11_1_23_F_561| () Bool true)
(define-fun |memory_model::choice_ws-ext_0_11_1_26_F_562| () Bool true)
(define-fun |memory_model::choice_ws-ext_0_11_1_33_F_563| () Bool true)
(define-fun |memory_model::choice_ws-ext_0_11_1_52_F_564| () Bool true)
(define-fun |memory_model::choice_ws-ext_0_11_1_55_F_565| () Bool true)
(define-fun |memory_model::choice_ws-ext_0_11_1_62_F_566| () Bool true)
(define-fun |memory_model::choice_ws-ext_0_11_2_23_F_567| () Bool true)
(define-fun |memory_model::choice_ws-ext_0_11_2_26_F_568| () Bool true)
(define-fun |memory_model::choice_ws-ext_0_11_2_33_F_569| () Bool true)
(define-fun |memory_model::choice_ws-ext_0_11_2_52_F_570| () Bool true)
(define-fun |memory_model::choice_ws-ext_0_11_2_55_F_571| () Bool true)
(define-fun |memory_model::choice_ws-ext_0_11_2_62_F_572| () Bool true)
(define-fun |memory_model::choice_ws-ext_1_23_2_23_F_573| () Bool false)
(define-fun |memory_model::choice_ws-ext_1_23_2_26_F_574| () Bool false)
(define-fun |memory_model::choice_ws-ext_1_23_2_33_F_575| () Bool false)
(define-fun |memory_model::choice_ws-ext_1_23_2_52_F_576| () Bool false)
(define-fun |memory_model::choice_ws-ext_1_23_2_55_F_577| () Bool false)
(define-fun |memory_model::choice_ws-ext_1_23_2_62_F_578| () Bool false)
(define-fun |memory_model::choice_ws-ext_1_26_2_23_F_579| () Bool false)
(define-fun |memory_model::choice_ws-ext_1_26_2_26_F_580| () Bool false)
(define-fun |memory_model::choice_ws-ext_1_26_2_33_F_581| () Bool false)
(define-fun |memory_model::choice_ws-ext_1_26_2_52_F_582| () Bool false)
(define-fun |memory_model::choice_ws-ext_1_26_2_55_F_583| () Bool false)
(define-fun |memory_model::choice_ws-ext_1_26_2_62_F_584| () Bool false)
(define-fun |memory_model::choice_ws-ext_1_33_2_23_F_585| () Bool false)
(define-fun |memory_model::choice_ws-ext_1_33_2_26_F_586| () Bool false)
(define-fun |memory_model::choice_ws-ext_1_33_2_33_F_587| () Bool false)
(define-fun |memory_model::choice_ws-ext_1_33_2_52_F_588| () Bool false)
(define-fun |memory_model::choice_ws-ext_1_33_2_55_F_589| () Bool false)
(define-fun |memory_model::choice_ws-ext_1_33_2_62_F_590| () Bool false)
(define-fun |memory_model::choice_ws-ext_1_52_2_23_F_591| () Bool false)
(define-fun |memory_model::choice_ws-ext_1_52_2_26_F_592| () Bool false)
(define-fun |memory_model::choice_ws-ext_1_52_2_33_F_593| () Bool false)
(define-fun |memory_model::choice_ws-ext_1_52_2_52_F_594| () Bool false)
(define-fun |memory_model::choice_ws-ext_1_52_2_55_F_595| () Bool false)
(define-fun |memory_model::choice_ws-ext_1_52_2_62_F_596| () Bool false)
(define-fun |memory_model::choice_ws-ext_1_55_2_23_F_597| () Bool false)
(define-fun |memory_model::choice_ws-ext_1_55_2_26_F_598| () Bool false)
(define-fun |memory_model::choice_ws-ext_1_55_2_33_F_599| () Bool false)
(define-fun |memory_model::choice_ws-ext_1_55_2_52_F_600| () Bool false)
(define-fun |memory_model::choice_ws-ext_1_55_2_55_F_601| () Bool false)
(define-fun |memory_model::choice_ws-ext_1_55_2_62_F_602| () Bool false)
(define-fun |memory_model::choice_ws-ext_1_62_2_23_F_603| () Bool false)
(define-fun |memory_model::choice_ws-ext_1_62_2_26_F_604| () Bool false)
(define-fun |memory_model::choice_ws-ext_1_62_2_33_F_605| () Bool false)
(define-fun |memory_model::choice_ws-ext_1_62_2_52_F_606| () Bool false)
(define-fun |memory_model::choice_ws-ext_1_62_2_55_F_607| () Bool false)
(define-fun |memory_model::choice_ws-ext_1_62_2_62_F_608| () Bool false)
(define-fun |memory_model::choice_ws-ext_0_12_1_19_F_609| () Bool true)
(define-fun |memory_model::choice_ws-ext_0_12_1_48_F_610| () Bool true)
(define-fun |memory_model::choice_ws-ext_0_12_2_19_F_611| () Bool true)
(define-fun |memory_model::choice_ws-ext_0_12_2_48_F_612| () Bool true)
(define-fun |memory_model::choice_ws-ext_1_19_2_19_F_613| () Bool false)
(define-fun |memory_model::choice_ws-ext_1_19_2_48_F_614| () Bool false)
(define-fun |memory_model::choice_ws-ext_1_48_2_19_F_615| () Bool false)
(define-fun |memory_model::choice_ws-ext_1_48_2_48_F_616| () Bool false)
(define-fun |memory_model::choice_ws-ext_0_14_1_6_F_617| () Bool true)
(define-fun |memory_model::choice_ws-ext_0_14_1_29_F_618| () Bool true)
(define-fun |memory_model::choice_ws-ext_0_14_1_36_F_619| () Bool true)
(define-fun |memory_model::choice_ws-ext_0_14_1_58_F_620| () Bool true)
(define-fun |memory_model::choice_ws-ext_0_14_1_65_F_621| () Bool true)
(define-fun |memory_model::choice_ws-ext_0_14_2_6_F_622| () Bool true)
(define-fun |memory_model::choice_ws-ext_0_14_2_29_F_623| () Bool true)
(define-fun |memory_model::choice_ws-ext_0_14_2_36_F_624| () Bool true)
(define-fun |memory_model::choice_ws-ext_0_14_2_58_F_625| () Bool true)
(define-fun |memory_model::choice_ws-ext_0_14_2_65_F_626| () Bool true)
(define-fun |memory_model::choice_ws-ext_1_6_2_6_F_627| () Bool false)
(define-fun |memory_model::choice_ws-ext_1_6_2_29_F_628| () Bool false)
(define-fun |memory_model::choice_ws-ext_1_6_2_36_F_629| () Bool false)
(define-fun |memory_model::choice_ws-ext_1_6_2_58_F_630| () Bool false)
(define-fun |memory_model::choice_ws-ext_1_6_2_65_F_631| () Bool false)
(define-fun |memory_model::choice_ws-ext_1_29_2_6_F_632| () Bool false)
(define-fun |memory_model::choice_ws-ext_1_29_2_29_F_633| () Bool false)
(define-fun |memory_model::choice_ws-ext_1_29_2_36_F_634| () Bool false)
(define-fun |memory_model::choice_ws-ext_1_29_2_58_F_635| () Bool false)
(define-fun |memory_model::choice_ws-ext_1_29_2_65_F_636| () Bool false)
(define-fun |memory_model::choice_ws-ext_1_36_2_6_F_637| () Bool false)
(define-fun |memory_model::choice_ws-ext_1_36_2_29_F_638| () Bool false)
(define-fun |memory_model::choice_ws-ext_1_36_2_36_F_639| () Bool false)
(define-fun |memory_model::choice_ws-ext_1_36_2_58_F_640| () Bool false)
(define-fun |memory_model::choice_ws-ext_1_36_2_65_F_641| () Bool false)
(define-fun |memory_model::choice_ws-ext_1_58_2_6_F_642| () Bool false)
(define-fun |memory_model::choice_ws-ext_1_58_2_29_F_643| () Bool false)
(define-fun |memory_model::choice_ws-ext_1_58_2_36_F_644| () Bool false)
(define-fun |memory_model::choice_ws-ext_1_58_2_58_F_645| () Bool false)
(define-fun |memory_model::choice_ws-ext_1_58_2_65_F_646| () Bool false)
(define-fun |memory_model::choice_ws-ext_1_65_2_6_F_647| () Bool false)
(define-fun |memory_model::choice_ws-ext_1_65_2_29_F_648| () Bool false)
(define-fun |memory_model::choice_ws-ext_1_65_2_36_F_649| () Bool false)
(define-fun |memory_model::choice_ws-ext_1_65_2_58_F_650| () Bool false)
(define-fun |memory_model::choice_ws-ext_1_65_2_65_F_651| () Bool false)
(define-fun |memory_model::choice_ws-ext_0_10_1_3_F_652| () Bool true)
(define-fun |memory_model::choice_ws-ext_0_10_1_9_F_653| () Bool true)
(define-fun |memory_model::choice_ws-ext_0_10_2_3_F_654| () Bool true)
(define-fun |memory_model::choice_ws-ext_0_10_2_9_F_655| () Bool true)
(define-fun |memory_model::choice_ws-ext_1_3_2_3_F_656| () Bool false)
(define-fun |memory_model::choice_ws-ext_1_3_2_9_F_657| () Bool true)
(define-fun |memory_model::choice_ws-ext_1_9_2_3_F_658| () Bool false)
(define-fun |memory_model::choice_ws-ext_1_9_2_9_F_659| () Bool false)
(define-fun |memory_model::choice_ws-ext_0_13_1_7_F_660| () Bool true)
(define-fun |memory_model::choice_ws-ext_0_13_2_7_F_661| () Bool true)
(define-fun |memory_model::choice_ws-ext_1_7_2_7_F_662| () Bool false)
(define-fun t1$18$spwnclk$8 () (_ BitVec 8) #b01001000)
(define-fun |push::1::casret!1@1$wclk$8| () (_ BitVec 8) #b01011001)
(define-fun |push::1::casret!1@2$wclk$8| () (_ BitVec 8) #b01011010)
(define-fun |push::1::casret!1@1#1$wclk$8| () (_ BitVec 8) #b11000110)
(define-fun |push::1::casret!1@1#2$wclk$8| () (_ BitVec 8) #b11000111)
(define-fun |push::1::casret!1@1#7$wclk$8| () (_ BitVec 8) #b11010101)
(define-fun |push::1::casret!1@1#8$rclk$8| () (_ BitVec 8) #b11010110)
(define-fun |push::1::casret!1@1#13$wclk$8| () (_ BitVec 8) #b11100001)
(define-fun |push::1::casret!1@1#14$rclk$8| () (_ BitVec 8) #b11100100)
(define-fun |push::1::casret!1@2#1$wclk$8| () (_ BitVec 8) #b11100110)
(define-fun |push::1::casret!1@2#2$wclk$8| () (_ BitVec 8) #b11100111)
(define-fun |push::1::casret!1@2#7$wclk$8| () (_ BitVec 8) #b11110110)
(define-fun |push::1::casret!1@2#8$rclk$8| () (_ BitVec 8) #b11110111)
(define-fun |push::1::casret!1@2#13$wclk$8| () (_ BitVec 8) #b11111011)
(define-fun |push::1::casret!1@2#14$rclk$8| () (_ BitVec 8) #b11111100)
(define-fun t1$22$spwnclk$8 () (_ BitVec 8) #b01001011)
(define-fun |push::1::casret!2@1$wclk$8| () (_ BitVec 8) #b01001100)
(define-fun |push::1::casret!2@2$wclk$8| () (_ BitVec 8) #b01001110)
(define-fun |push::1::casret!2@1#1$wclk$8| () (_ BitVec 8) #b01011110)
(define-fun |push::1::casret!2@1#2$wclk$8| () (_ BitVec 8) #b01011111)
(define-fun |push::1::casret!2@1#7$wclk$8| () (_ BitVec 8) #b10010010)
(define-fun |push::1::casret!2@1#8$rclk$8| () (_ BitVec 8) #b10010011)
(define-fun |push::1::casret!2@1#13$wclk$8| () (_ BitVec 8) #b10100010)
(define-fun |push::1::casret!2@1#14$rclk$8| () (_ BitVec 8) #b10100011)
(define-fun |push::1::casret!2@2#1$wclk$8| () (_ BitVec 8) #b10100101)
(define-fun |push::1::casret!2@2#2$wclk$8| () (_ BitVec 8) #b10100110)
(define-fun |push::1::casret!2@2#7$wclk$8| () (_ BitVec 8) #b10110100)
(define-fun |push::1::casret!2@2#8$rclk$8| () (_ BitVec 8) #b10110101)
(define-fun |push::1::casret!2@2#13$wclk$8| () (_ BitVec 8) #b11000001)
(define-fun |push::1::casret!2@2#14$rclk$8| () (_ BitVec 8) #b11111010)
(define-fun |__CPROVER_dead_object#1$wclk$8| () (_ BitVec 8) #b00000000)
(define-fun |__CPROVER_deallocated#1$wclk$8| () (_ BitVec 8) #b00000001)
(define-fun |__CPROVER_malloc_is_new_array#1$wclk$8| () (_ BitVec 8) #b00000010)
(define-fun |__CPROVER_malloc_object#1$wclk$8| () (_ BitVec 8) #b00000011)
(define-fun |__CPROVER_malloc_size#1$wclk$8| () (_ BitVec 8) #b00001011)
(define-fun |__CPROVER_memory_leak#1$wclk$8| () (_ BitVec 8) #b00010011)
(define-fun |__CPROVER_next_thread_id#1$wclk$8| () (_ BitVec 8) #b00100000)
(define-fun |__CPROVER_pipe_count#1$wclk$8| () (_ BitVec 8) #b00100001)
(define-fun |main::1::t!0@1#1$wclk$8| () (_ BitVec 8) #b00101101)
(define-fun |__CPROVER_next_thread_id#2$wclk$8| () (_ BitVec 8) #b00101110)
(define-fun |main::1::t!0@1#2$wclk$8| () (_ BitVec 8) #b00101111)
(define-fun |__CPROVER_next_thread_id#3$rclk$8| () (_ BitVec 8) #b01001001)
(define-fun |__CPROVER_next_thread_id#5$wclk$8| () (_ BitVec 8) #b01001001)
(define-fun |main::1::t!0@1#3$wclk$8| () (_ BitVec 8) #b01001010)
)

real	0m16.785s
user	0m16.640s
sys	0m0.107s
State: AC Run_time: 16.787251710891724