sat
(model
(define-fun |mutex#3| () (_ BitVec 32) #b00000000000000000000000000000000)
(define-fun |mutex#6| () (_ BitVec 32) #b00000000000000000000000000000001)
(define-fun |mutex#9| () (_ BitVec 32) #b00000000000000000000000000000001)
(define-fun |goto_symex::&92;guard#1| () Bool false)
(define-fun |mutex#12| () (_ BitVec 32) #b00000000000000000000000000010000)
(define-fun |mutex#15| () (_ BitVec 32) #b00000000000000000000000000000000)
(define-fun |goto_symex::&92;guard#2| () Bool false)
(define-fun |mutex#18| () (_ BitVec 32) #b00000000000000000000000000000000)
(define-fun |mutex#21| () (_ BitVec 32) #b00000000000000000000000000000000)
(define-fun |goto_symex::&92;guard#3| () Bool false)
(define-fun |mutex#24| () (_ BitVec 32) #b00000000000000000000000000000000)
(define-fun |mutex#27| () (_ BitVec 32) #b00000000000000000000000000000000)
(define-fun |goto_symex::&92;guard#4| () Bool false)
(define-fun |mutex#30| () (_ BitVec 32) #b00000000000000000000000000000000)
(define-fun |mutex#33| () (_ BitVec 32) #b00000000000000000000000000000001)
(define-fun |goto_symex::&92;guard#5| () Bool false)
(define-fun |mutex#36| () (_ BitVec 32) #b00000000000000000000000000000000)
(define-fun |mutex#39| () (_ BitVec 32) #b00000000000000000000000000000000)
(define-fun |goto_symex::&92;guard#6| () Bool false)
(define-fun |goto_symex::&92;guard#7| () Bool false)
(define-fun |mutex#42| () (_ BitVec 32) #b00000000000000000000000000000000)
(define-fun |mutex#45| () (_ BitVec 32) #b00000000000000000000000000000001)
(define-fun |goto_symex::&92;guard#8| () Bool false)
(define-fun |mutex#48| () (_ BitVec 32) #b00000000000000000000000000000000)
(define-fun |mutex#51| () (_ BitVec 32) #b00000000000000000000000000000000)
(define-fun |goto_symex::&92;guard#9| () Bool false)
(define-fun |goto_symex::&92;guard#10| () Bool false)
(define-fun |mutex#54| () (_ BitVec 32) #b00000000000000000000000000000000)
(define-fun |mutex#57| () (_ BitVec 32) #b00000000000000000000000000000000)
(define-fun |goto_symex::&92;guard#11| () Bool false)
(define-fun |mutex#60| () (_ BitVec 32) #b00000000000000000000000000000001)
(define-fun |mutex#63| () (_ BitVec 32) #b00000000000000000000000000000000)
(define-fun |goto_symex::&92;guard#12| () Bool false)
(define-fun |goto_symex::&92;guard#13| () Bool false)
(define-fun |mutex#66| () (_ BitVec 32) #b00000000000000000000000000000001)
(define-fun |mutex#69| () (_ BitVec 32) #b00000000000000000000000000000000)
(define-fun |goto_symex::&92;guard#14| () Bool true)
(define-fun |mutex#72| () (_ BitVec 32) #b00000000000000000000000000000001)
(define-fun |mutex#75| () (_ BitVec 32) #b00000000000000000000000000000000)
(define-fun |goto_symex::&92;guard#15| () Bool true)
(define-fun |goto_symex::&92;guard#16| () Bool true)
(define-fun |mutex#78| () (_ BitVec 32) #b00000000000000000000000000000000)
(define-fun array_of.0 () (Array (_ BitVec 32) (_ BitVec 1)) ((as const (Array (_ BitVec 32) (_ BitVec 1))) #b0))
(define-fun |main::1::t!0@1| () (_ BitVec 32) #b00000000000000000000000000000000)
(define-fun |__CPROVER_next_thread_id#3| () (_ BitVec 32) #b00000000000000000000000000000001)
(define-fun |__CPROVER_next_thread_id#6| () (_ BitVec 32) #b00000000000000000000000000000010)
(define-fun |__CPROVER_next_thread_id#9| () (_ BitVec 32) #b00000000000000000000000000000011)
(define-fun |__CPROVER_next_thread_id#12| () (_ BitVec 32) #b00000000000000000000000000000100)
(define-fun |__CPROVER_next_thread_id#15| () (_ BitVec 32) #b00000000000000000000000000000101)
(define-fun |pthread_create::1::this_thread_id!1@0#0| () (_ BitVec 32) #b00000000000000000000000000000000)
(define-fun |mutex#2| () (_ BitVec 32) #b00000000000000000000000000000000)
(define-fun |mutex#5| () (_ BitVec 32) #b00000000000000000000000000000001)
(define-fun |__CPROVER_threads_exited#2| () (Array (_ BitVec 32) (_ BitVec 1)) (store ((as const (Array (_ BitVec 32) (_ BitVec 1))) #b0) #b00000000000000000000000000000000 #b1))
(define-fun |pthread_create::1::this_thread_id!2@0#0| () (_ BitVec 32) #b00000000000000000000000000000000)
(define-fun |mutex#8| () (_ BitVec 32) #b00000000000000000000000000000001)
(define-fun |g0#3| () (_ BitVec 32) #b00010000000000000000000000000000)
(define-fun |g1#3| () (_ BitVec 32) #b00010000000000000000000000000000)
(define-fun |mutex#11| () (_ BitVec 32) #b00000000000000000000000000010000)
(define-fun |mutex#14| () (_ BitVec 32) #b00000000000000000000000000000000)
(define-fun |g0#4| () (_ BitVec 32) #b00000000100000000000000000000000)
(define-fun |g1#4| () (_ BitVec 32) #b00000000100000000000000000000000)
(define-fun |mutex#17| () (_ BitVec 32) #b00000000000000000000000000000000)
(define-fun |mutex#20| () (_ BitVec 32) #b00000000000000000000000000000000)
(define-fun |g0#5| () (_ BitVec 32) #b00000000010000000000000000000000)
(define-fun |g1#5| () (_ BitVec 32) #b00000000010000000000000000000000)
(define-fun |mutex#23| () (_ BitVec 32) #b00000000000000000000000000000000)
(define-fun |mutex#26| () (_ BitVec 32) #b00000000000000000000000000000000)
(define-fun |g0#6| () (_ BitVec 32) #b00000000000000000000100000000000)
(define-fun |g1#6| () (_ BitVec 32) #b00000000000000000000100000000000)
(define-fun |mutex#29| () (_ BitVec 32) #b00000000000000000000000000000000)
(define-fun |pthread_create::1::this_thread_id!3@0#0| () (_ BitVec 32) #b00000000000000000000000000000000)
(define-fun |mutex#32| () (_ BitVec 32) #b00000000000000000000000000000001)
(define-fun |nondet_symex::nondet0| () (_ BitVec 32) #b00000000000000000000000000000000)
(define-fun |mutex#35| () (_ BitVec 32) #b00000000000000000000000000000000)
(define-fun |mutex#38| () (_ BitVec 32) #b00000000000000000000000000000000)
(define-fun |lock#4| () (_ BitVec 8) #b00000000)
(define-fun |g0#8| () (_ BitVec 32) #b00000000000000000000000000000001)
(define-fun |g1#8| () (_ BitVec 32) #b00000000000000000000000000000001)
(define-fun |mutex#41| () (_ BitVec 32) #b00000000000000000000000000000000)
(define-fun |__CPROVER_threads_exited#4| () (Array (_ BitVec 32) (_ BitVec 1)) ((as const (Array (_ BitVec 32) (_ BitVec 1))) #b0))
(define-fun |pthread_create::1::this_thread_id!4@0#0| () (_ BitVec 32) #b00000000000000000000000000000000)
(define-fun |mutex#44| () (_ BitVec 32) #b00000000000000000000000000000001)
(define-fun |nondet_symex::nondet1| () (_ BitVec 32) #b00000000000000000000000000000000)
(define-fun |mutex#47| () (_ BitVec 32) #b00000000000000000000000000000000)
(define-fun |mutex#50| () (_ BitVec 32) #b00000000000000000000000000000000)
(define-fun |lock#6| () (_ BitVec 8) #b00000000)
(define-fun |g0#10| () (_ BitVec 32) #b00000000000000000000000000000001)
(define-fun |g1#10| () (_ BitVec 32) #b00000000000000000000000000000001)
(define-fun |mutex#53| () (_ BitVec 32) #b00000000000000000000000000000000)
(define-fun |__CPROVER_threads_exited#6| () (Array (_ BitVec 32) (_ BitVec 1)) ((as const (Array (_ BitVec 32) (_ BitVec 1))) #b0))
(define-fun |pthread_create::1::this_thread_id!5@0#0| () (_ BitVec 32) #b00000000000000000000000000000000)
(define-fun |mutex#56| () (_ BitVec 32) #b00000000000000000000000000000000)
(define-fun |nondet_symex::nondet2| () (_ BitVec 32) #b00000000000000000000000000000000)
(define-fun |mutex#59| () (_ BitVec 32) #b00000000000000000000000000000001)
(define-fun |mutex#62| () (_ BitVec 32) #b00000000000000000000000000000000)
(define-fun |lock#8| () (_ BitVec 8) #b00000000)
(define-fun |g0#12| () (_ BitVec 32) #b00000000000000000000000000000001)
(define-fun |g1#12| () (_ BitVec 32) #b00000000000000000000000000000001)
(define-fun |mutex#65| () (_ BitVec 32) #b00000000000000000000000000000001)
(define-fun |__CPROVER_threads_exited#8| () (Array (_ BitVec 32) (_ BitVec 1)) ((as const (Array (_ BitVec 32) (_ BitVec 1))) #b0))
(define-fun |pthread_create::1::this_thread_id!6@0#0| () (_ BitVec 32) #b00000000000000000000000000000000)
(define-fun |mutex#68| () (_ BitVec 32) #b00000000000000000000000000000000)
(define-fun |nondet_symex::nondet3| () (_ BitVec 32) #b00000000000000000000000000000001)
(define-fun |mutex#71| () (_ BitVec 32) #b00000000000000000000000000000001)
(define-fun |mutex#74| () (_ BitVec 32) #b00000000000000000000000000000000)
(define-fun |lock#10| () (_ BitVec 8) #b00000001)
(define-fun |g0#14| () (_ BitVec 32) #b00000000000000000000000000000000)
(define-fun |g1#14| () (_ BitVec 32) #b00000000000000000000000000000000)
(define-fun |mutex#77| () (_ BitVec 32) #b00000000000000000000000000000000)
(define-fun |__CPROVER_threads_exited#10| () (Array (_ BitVec 32) (_ BitVec 1)) ((as const (Array (_ BitVec 32) (_ BitVec 1))) #b0))
(define-fun |main::1::t!0@1#1| () (_ BitVec 32) #b00000000000000000000000000000000)
(define-fun |pthread_create::1::this_thread_id!0@1#1| () (_ BitVec 32) #b00000000000000000000000000000000)
(define-fun |pthread_create::1::this_thread_id!0@2#1| () (_ BitVec 32) #b00000000000000000000000000000000)
(define-fun |pthread_create::1::this_thread_id!0@3#1| () (_ BitVec 32) #b00000000000000000000000000000000)
(define-fun |pthread_create::1::this_thread_id!0@4#1| () (_ BitVec 32) #b00000000000000000000000000000000)
(define-fun |pthread_create::1::this_thread_id!0@5#1| () (_ BitVec 32) #b00000000000000000000000000000000)
(define-fun |pthread_create::1::this_thread_id!0@6#1| () (_ BitVec 32) #b00000000000000000000000000000000)
(define-fun |thr3::$tmp::return_value___VERIFIER_nondet_int$1!3@1#1| () (_ BitVec 32) #b00000000000000000000000000000000)
(define-fun |thr3::$tmp::return_value___VERIFIER_nondet_int$1!4@1#1| () (_ BitVec 32) #b00000000000000000000000000000000)
(define-fun |thr3::$tmp::return_value___VERIFIER_nondet_int$1!5@1#1| () (_ BitVec 32) #b00000000000000000000000000000000)
(define-fun |thr3::$tmp::return_value___VERIFIER_nondet_int$1!6@1#1| () (_ BitVec 32) #b00000000000000000000000000000000)
(define-fun |memory_model::choice_rf_1_7_0_8_T_0| () Bool false)
(define-fun |__CPROVER_threads_exited#1$wclk$8| () (_ BitVec 8) #b00001001)
(define-fun |__CPROVER_threads_exited#2$rclk$8| () (_ BitVec 8) #b11111110)
(define-fun |memory_model::choice_rf_1_7_3_16_T_1| () Bool false)
(define-fun |__CPROVER_threads_exited#5$wclk$8| () (_ BitVec 8) #b11111110)
(define-fun |memory_model::choice_rf_1_7_4_16_T_2| () Bool false)
(define-fun |__CPROVER_threads_exited#7$wclk$8| () (_ BitVec 8) #b11111011)
(define-fun |memory_model::choice_rf_1_7_5_16_T_3| () Bool true)
(define-fun |__CPROVER_threads_exited#9$wclk$8| () (_ BitVec 8) #b11110011)
(define-fun |memory_model::choice_rf_1_7_6_16_T_4| () Bool false)
(define-fun |__CPROVER_threads_exited#11$wclk$8| () (_ BitVec 8) #b11110010)
(define-fun |memory_model::choice_rf_3_15_0_8_T_5| () Bool false)
(define-fun |__CPROVER_threads_exited#4$rclk$8| () (_ BitVec 8) #b11110111)
(define-fun |memory_model::choice_rf_3_15_1_8_T_6| () Bool false)
(define-fun |__CPROVER_threads_exited#3$wclk$8| () (_ BitVec 8) #b11111111)
(define-fun |memory_model::choice_rf_3_15_4_16_T_7| () Bool false)
(define-fun |memory_model::choice_rf_3_15_5_16_T_8| () Bool false)
(define-fun |memory_model::choice_rf_3_15_6_16_T_9| () Bool false)
(define-fun |memory_model::choice_rf_4_15_0_8_T_10| () Bool false)
(define-fun |__CPROVER_threads_exited#6$rclk$8| () (_ BitVec 8) #b11110110)
(define-fun |memory_model::choice_rf_4_15_1_8_T_11| () Bool false)
(define-fun |memory_model::choice_rf_4_15_3_16_T_12| () Bool false)
(define-fun |memory_model::choice_rf_4_15_5_16_T_13| () Bool false)
(define-fun |memory_model::choice_rf_4_15_6_16_T_14| () Bool false)
(define-fun |memory_model::choice_rf_5_15_0_8_T_15| () Bool true)
(define-fun |__CPROVER_threads_exited#8$rclk$8| () (_ BitVec 8) #b10101001)
(define-fun |memory_model::choice_rf_5_15_1_8_T_16| () Bool false)
(define-fun |memory_model::choice_rf_5_15_3_16_T_17| () Bool false)
(define-fun |memory_model::choice_rf_5_15_4_16_T_18| () Bool false)
(define-fun |memory_model::choice_rf_5_15_6_16_T_19| () Bool false)
(define-fun |memory_model::choice_rf_6_15_0_8_T_20| () Bool false)
(define-fun |__CPROVER_threads_exited#10$rclk$8| () (_ BitVec 8) #b11110001)
(define-fun |memory_model::choice_rf_6_15_1_8_T_21| () Bool false)
(define-fun |memory_model::choice_rf_6_15_3_16_T_22| () Bool false)
(define-fun |memory_model::choice_rf_6_15_4_16_T_23| () Bool false)
(define-fun |memory_model::choice_rf_6_15_5_16_T_24| () Bool false)
(define-fun |memory_model::choice_rf_0_18_0_6_T_25| () Bool false)
(define-fun |memory_model::choice_rf_0_18_0_15_T_26| () Bool true)
(define-fun |memory_model::choice_rf_0_22_0_6_T_27| () Bool false)
(define-fun |memory_model::choice_rf_0_22_0_15_T_28| () Bool false)
(define-fun |memory_model::choice_rf_0_22_0_19_T_29| () Bool true)
(define-fun |memory_model::choice_rf_0_26_0_6_T_30| () Bool false)
(define-fun |memory_model::choice_rf_0_26_0_15_T_31| () Bool false)
(define-fun |memory_model::choice_rf_0_26_0_19_T_32| () Bool false)
(define-fun |memory_model::choice_rf_0_26_0_23_T_33| () Bool true)
(define-fun |memory_model::choice_rf_0_30_0_6_T_34| () Bool false)
(define-fun |memory_model::choice_rf_0_30_0_15_T_35| () Bool false)
(define-fun |memory_model::choice_rf_0_30_0_19_T_36| () Bool false)
(define-fun |memory_model::choice_rf_0_30_0_23_T_37| () Bool false)
(define-fun |memory_model::choice_rf_0_30_0_27_T_38| () Bool true)
(define-fun |memory_model::choice_rf_0_34_0_6_T_39| () Bool false)
(define-fun |memory_model::choice_rf_0_34_0_15_T_40| () Bool false)
(define-fun |memory_model::choice_rf_0_34_0_19_T_41| () Bool false)
(define-fun |memory_model::choice_rf_0_34_0_23_T_42| () Bool false)
(define-fun |memory_model::choice_rf_0_34_0_27_T_43| () Bool false)
(define-fun |memory_model::choice_rf_0_34_0_31_T_44| () Bool true)
(define-fun |memory_model::choice_rf_2_2_0_9_F_45| () Bool false)
(define-fun |g0#1$wclk$8| () (_ BitVec 8) #b00001010)
(define-fun |g0#3$rclk$8| () (_ BitVec 8) #b11101000)
(define-fun |memory_model::choice_rf_2_2_1_2_F_46| () Bool false)
(define-fun |g0#2$wclk$8| () (_ BitVec 8) #b01011010)
(define-fun |memory_model::choice_rf_2_2_3_2_F_47| () Bool false)
(define-fun |g0#7$wclk$8| () (_ BitVec 8) #b10110011)
(define-fun |memory_model::choice_rf_2_2_4_2_F_48| () Bool false)
(define-fun |g0#9$wclk$8| () (_ BitVec 8) #b10101011)
(define-fun |memory_model::choice_rf_2_2_5_2_F_49| () Bool false)
(define-fun |g0#11$wclk$8| () (_ BitVec 8) #b01001111)
(define-fun |memory_model::choice_rf_2_2_6_2_F_50| () Bool false)
(define-fun |g0#13$wclk$8| () (_ BitVec 8) #b01011111)
(define-fun |memory_model::choice_rf_2_8_0_9_F_51| () Bool false)
(define-fun |g0#4$rclk$8| () (_ BitVec 8) #b11101110)
(define-fun |memory_model::choice_rf_2_8_1_2_F_52| () Bool false)
(define-fun |memory_model::choice_rf_2_8_3_2_F_53| () Bool false)
(define-fun |memory_model::choice_rf_2_8_4_2_F_54| () Bool false)
(define-fun |memory_model::choice_rf_2_8_5_2_F_55| () Bool false)
(define-fun |memory_model::choice_rf_2_8_6_2_F_56| () Bool false)
(define-fun |memory_model::choice_rf_2_14_0_9_F_57| () Bool false)
(define-fun |g0#5$rclk$8| () (_ BitVec 8) #b11110011)
(define-fun |memory_model::choice_rf_2_14_1_2_F_58| () Bool false)
(define-fun |memory_model::choice_rf_2_14_3_2_F_59| () Bool false)
(define-fun |memory_model::choice_rf_2_14_4_2_F_60| () Bool false)
(define-fun |memory_model::choice_rf_2_14_5_2_F_61| () Bool false)
(define-fun |memory_model::choice_rf_2_14_6_2_F_62| () Bool false)
(define-fun |memory_model::choice_rf_2_20_0_9_F_63| () Bool false)
(define-fun |g0#6$rclk$8| () (_ BitVec 8) #b11111011)
(define-fun |memory_model::choice_rf_2_20_1_2_F_64| () Bool false)
(define-fun |memory_model::choice_rf_2_20_3_2_F_65| () Bool false)
(define-fun |memory_model::choice_rf_2_20_4_2_F_66| () Bool false)
(define-fun |memory_model::choice_rf_2_20_5_2_F_67| () Bool false)
(define-fun |memory_model::choice_rf_2_20_6_2_F_68| () Bool false)
(define-fun |memory_model::choice_rf_3_11_0_9_F_69| () Bool false)
(define-fun |g0#8$rclk$8| () (_ BitVec 8) #b11011000)
(define-fun |memory_model::choice_rf_3_11_1_2_F_70| () Bool false)
(define-fun |memory_model::choice_rf_3_11_3_2_F_71| () Bool false)
(define-fun |memory_model::choice_rf_3_11_4_2_F_72| () Bool false)
(define-fun |memory_model::choice_rf_3_11_5_2_F_73| () Bool false)
(define-fun |memory_model::choice_rf_3_11_6_2_F_74| () Bool false)
(define-fun |memory_model::choice_rf_4_11_0_9_F_75| () Bool false)
(define-fun |g0#10$rclk$8| () (_ BitVec 8) #b10111110)
(define-fun |memory_model::choice_rf_4_11_1_2_F_76| () Bool false)
(define-fun |memory_model::choice_rf_4_11_3_2_F_77| () Bool false)
(define-fun |memory_model::choice_rf_4_11_4_2_F_78| () Bool false)
(define-fun |memory_model::choice_rf_4_11_5_2_F_79| () Bool false)
(define-fun |memory_model::choice_rf_4_11_6_2_F_80| () Bool false)
(define-fun |memory_model::choice_rf_5_11_0_9_F_81| () Bool false)
(define-fun |g0#12$rclk$8| () (_ BitVec 8) #b10100110)
(define-fun |memory_model::choice_rf_5_11_1_2_F_82| () Bool false)
(define-fun |memory_model::choice_rf_5_11_3_2_F_83| () Bool false)
(define-fun |memory_model::choice_rf_5_11_4_2_F_84| () Bool false)
(define-fun |memory_model::choice_rf_5_11_5_2_F_85| () Bool false)
(define-fun |memory_model::choice_rf_5_11_6_2_F_86| () Bool false)
(define-fun |memory_model::choice_rf_6_11_0_9_F_87| () Bool false)
(define-fun |g0#14$rclk$8| () (_ BitVec 8) #b10111101)
(define-fun |memory_model::choice_rf_6_11_1_2_F_88| () Bool false)
(define-fun |memory_model::choice_rf_6_11_3_2_F_89| () Bool false)
(define-fun |memory_model::choice_rf_6_11_4_2_F_90| () Bool false)
(define-fun |memory_model::choice_rf_6_11_5_2_F_91| () Bool false)
(define-fun |memory_model::choice_rf_6_11_6_2_F_92| () Bool true)
(define-fun |memory_model::choice_rf_2_3_0_10_F_93| () Bool false)
(define-fun |g1#1$wclk$8| () (_ BitVec 8) #b00001011)
(define-fun |g1#3$rclk$8| () (_ BitVec 8) #b11101001)
(define-fun |memory_model::choice_rf_2_3_1_3_F_94| () Bool false)
(define-fun |g1#2$wclk$8| () (_ BitVec 8) #b01011011)
(define-fun |memory_model::choice_rf_2_3_3_3_F_95| () Bool false)
(define-fun |g1#7$wclk$8| () (_ BitVec 8) #b10111000)
(define-fun |memory_model::choice_rf_2_3_4_3_F_96| () Bool false)
(define-fun |g1#9$wclk$8| () (_ BitVec 8) #b10101100)
(define-fun |memory_model::choice_rf_2_3_5_3_F_97| () Bool false)
(define-fun |g1#11$wclk$8| () (_ BitVec 8) #b01010000)
(define-fun |memory_model::choice_rf_2_3_6_3_F_98| () Bool false)
(define-fun |g1#13$wclk$8| () (_ BitVec 8) #b01100100)
(define-fun |memory_model::choice_rf_2_9_0_10_F_99| () Bool false)
(define-fun |g1#4$rclk$8| () (_ BitVec 8) #b11101111)
(define-fun |memory_model::choice_rf_2_9_1_3_F_100| () Bool false)
(define-fun |memory_model::choice_rf_2_9_3_3_F_101| () Bool false)
(define-fun |memory_model::choice_rf_2_9_4_3_F_102| () Bool false)
(define-fun |memory_model::choice_rf_2_9_5_3_F_103| () Bool false)
(define-fun |memory_model::choice_rf_2_9_6_3_F_104| () Bool false)
(define-fun |memory_model::choice_rf_2_15_0_10_F_105| () Bool false)
(define-fun |g1#5$rclk$8| () (_ BitVec 8) #b11110110)
(define-fun |memory_model::choice_rf_2_15_1_3_F_106| () Bool false)
(define-fun |memory_model::choice_rf_2_15_3_3_F_107| () Bool false)
(define-fun |memory_model::choice_rf_2_15_4_3_F_108| () Bool false)
(define-fun |memory_model::choice_rf_2_15_5_3_F_109| () Bool false)
(define-fun |memory_model::choice_rf_2_15_6_3_F_110| () Bool false)
(define-fun |memory_model::choice_rf_2_21_0_10_F_111| () Bool false)
(define-fun |g1#6$rclk$8| () (_ BitVec 8) #b11111110)
(define-fun |memory_model::choice_rf_2_21_1_3_F_112| () Bool false)
(define-fun |memory_model::choice_rf_2_21_3_3_F_113| () Bool false)
(define-fun |memory_model::choice_rf_2_21_4_3_F_114| () Bool false)
(define-fun |memory_model::choice_rf_2_21_5_3_F_115| () Bool false)
(define-fun |memory_model::choice_rf_2_21_6_3_F_116| () Bool false)
(define-fun |memory_model::choice_rf_3_12_0_10_F_117| () Bool false)
(define-fun |g1#8$rclk$8| () (_ BitVec 8) #b11011010)
(define-fun |memory_model::choice_rf_3_12_1_3_F_118| () Bool false)
(define-fun |memory_model::choice_rf_3_12_3_3_F_119| () Bool false)
(define-fun |memory_model::choice_rf_3_12_4_3_F_120| () Bool false)
(define-fun |memory_model::choice_rf_3_12_5_3_F_121| () Bool false)
(define-fun |memory_model::choice_rf_3_12_6_3_F_122| () Bool false)
(define-fun |memory_model::choice_rf_4_12_0_10_F_123| () Bool false)
(define-fun |g1#10$rclk$8| () (_ BitVec 8) #b10111111)
(define-fun |memory_model::choice_rf_4_12_1_3_F_124| () Bool false)
(define-fun |memory_model::choice_rf_4_12_3_3_F_125| () Bool false)
(define-fun |memory_model::choice_rf_4_12_4_3_F_126| () Bool false)
(define-fun |memory_model::choice_rf_4_12_5_3_F_127| () Bool false)
(define-fun |memory_model::choice_rf_4_12_6_3_F_128| () Bool false)
(define-fun |memory_model::choice_rf_5_12_0_10_F_129| () Bool false)
(define-fun |g1#12$rclk$8| () (_ BitVec 8) #b10100111)
(define-fun |memory_model::choice_rf_5_12_1_3_F_130| () Bool false)
(define-fun |memory_model::choice_rf_5_12_3_3_F_131| () Bool false)
(define-fun |memory_model::choice_rf_5_12_4_3_F_132| () Bool false)
(define-fun |memory_model::choice_rf_5_12_5_3_F_133| () Bool false)
(define-fun |memory_model::choice_rf_5_12_6_3_F_134| () Bool false)
(define-fun |memory_model::choice_rf_6_12_0_10_F_135| () Bool false)
(define-fun |g1#14$rclk$8| () (_ BitVec 8) #b10111110)
(define-fun |memory_model::choice_rf_6_12_1_3_F_136| () Bool false)
(define-fun |memory_model::choice_rf_6_12_3_3_F_137| () Bool false)
(define-fun |memory_model::choice_rf_6_12_4_3_F_138| () Bool false)
(define-fun |memory_model::choice_rf_6_12_5_3_F_139| () Bool false)
(define-fun |memory_model::choice_rf_6_12_6_3_F_140| () Bool true)
(define-fun |memory_model::choice_rf_3_9_0_11_F_141| () Bool false)
(define-fun |lock#1$wclk$8| () (_ BitVec 8) #b00001100)
(define-fun |lock#4$rclk$8| () (_ BitVec 8) #b11001110)
(define-fun |memory_model::choice_rf_3_9_1_6_F_142| () Bool false)
(define-fun |lock#2$wclk$8| () (_ BitVec 8) #b10111010)
(define-fun |memory_model::choice_rf_3_9_3_4_F_143| () Bool false)
(define-fun |memory_model::choice_rf_3_9_4_4_F_144| () Bool false)
(define-fun |lock#5$wclk$8| () (_ BitVec 8) #b10101101)
(define-fun |memory_model::choice_rf_3_9_5_4_F_145| () Bool false)
(define-fun |lock#7$wclk$8| () (_ BitVec 8) #b01010001)
(define-fun |memory_model::choice_rf_3_9_6_4_F_146| () Bool false)
(define-fun |lock#9$wclk$8| () (_ BitVec 8) #b01100101)
(define-fun |memory_model::choice_rf_4_9_0_11_F_147| () Bool false)
(define-fun |lock#6$rclk$8| () (_ BitVec 8) #b10111010)
(define-fun |memory_model::choice_rf_4_9_1_6_F_148| () Bool false)
(define-fun |memory_model::choice_rf_4_9_3_4_F_149| () Bool false)
(define-fun |lock#3$wclk$8| () (_ BitVec 8) #b10111001)
(define-fun |memory_model::choice_rf_4_9_4_4_F_150| () Bool false)
(define-fun |memory_model::choice_rf_4_9_5_4_F_151| () Bool false)
(define-fun |memory_model::choice_rf_4_9_6_4_F_152| () Bool false)
(define-fun |memory_model::choice_rf_5_9_0_11_F_153| () Bool false)
(define-fun |lock#8$rclk$8| () (_ BitVec 8) #b01101001)
(define-fun |memory_model::choice_rf_5_9_1_6_F_154| () Bool false)
(define-fun |memory_model::choice_rf_5_9_3_4_F_155| () Bool false)
(define-fun |memory_model::choice_rf_5_9_4_4_F_156| () Bool false)
(define-fun |memory_model::choice_rf_5_9_5_4_F_157| () Bool false)
(define-fun |memory_model::choice_rf_5_9_6_4_F_158| () Bool true)
(define-fun |memory_model::choice_rf_6_9_0_11_F_159| () Bool false)
(define-fun |lock#10$rclk$8| () (_ BitVec 8) #b10111011)
(define-fun |memory_model::choice_rf_6_9_1_6_F_160| () Bool true)
(define-fun |memory_model::choice_rf_6_9_3_4_F_161| () Bool false)
(define-fun |memory_model::choice_rf_6_9_4_4_F_162| () Bool false)
(define-fun |memory_model::choice_rf_6_9_5_4_F_163| () Bool false)
(define-fun |memory_model::choice_rf_6_9_6_4_F_164| () Bool false)
(define-fun |memory_model::choice_rf_1_0_0_12_F_165| () Bool false)
(define-fun |mutex#1$wclk$8| () (_ BitVec 8) #b00001101)
(define-fun |mutex#2$rclk$8| () (_ BitVec 8) #b01011001)
(define-fun |memory_model::choice_rf_1_0_2_1_F_166| () Bool false)
(define-fun |mutex#10$wclk$8| () (_ BitVec 8) #b11011111)
(define-fun |memory_model::choice_rf_1_0_2_5_F_167| () Bool false)
(define-fun |mutex#13$wclk$8| () (_ BitVec 8) #b11101010)
(define-fun |memory_model::choice_rf_1_0_2_7_F_168| () Bool false)
(define-fun |mutex#16$wclk$8| () (_ BitVec 8) #b11101011)
(define-fun |memory_model::choice_rf_1_0_2_11_F_169| () Bool false)
(define-fun |mutex#19$wclk$8| () (_ BitVec 8) #b11110001)
(define-fun |memory_model::choice_rf_1_0_2_13_F_170| () Bool false)
(define-fun |mutex#22$wclk$8| () (_ BitVec 8) #b11110010)
(define-fun |memory_model::choice_rf_1_0_2_17_F_171| () Bool false)
(define-fun |mutex#25$wclk$8| () (_ BitVec 8) #b11110111)
(define-fun |memory_model::choice_rf_1_0_2_19_F_172| () Bool false)
(define-fun |mutex#28$wclk$8| () (_ BitVec 8) #b11111010)
(define-fun |memory_model::choice_rf_1_0_2_23_F_173| () Bool false)
(define-fun |mutex#31$wclk$8| () (_ BitVec 8) #b11111111)
(define-fun |memory_model::choice_rf_1_0_3_1_F_174| () Bool false)
(define-fun |mutex#34$wclk$8| () (_ BitVec 8) #b10110010)
(define-fun |memory_model::choice_rf_1_0_3_6_F_175| () Bool false)
(define-fun |mutex#37$wclk$8| () (_ BitVec 8) #b11001100)
(define-fun |memory_model::choice_rf_1_0_3_8_F_176| () Bool false)
(define-fun |mutex#40$wclk$8| () (_ BitVec 8) #b11001101)
(define-fun |memory_model::choice_rf_1_0_3_14_F_177| () Bool false)
(define-fun |mutex#43$wclk$8| () (_ BitVec 8) #b11011100)
(define-fun |memory_model::choice_rf_1_0_4_1_F_178| () Bool false)
(define-fun |mutex#46$wclk$8| () (_ BitVec 8) #b10101010)
(define-fun |memory_model::choice_rf_1_0_4_6_F_179| () Bool false)
(define-fun |mutex#49$wclk$8| () (_ BitVec 8) #b10101110)
(define-fun |memory_model::choice_rf_1_0_4_8_F_180| () Bool false)
(define-fun |mutex#52$wclk$8| () (_ BitVec 8) #b10101111)
(define-fun |memory_model::choice_rf_1_0_4_14_F_181| () Bool false)
(define-fun |mutex#55$wclk$8| () (_ BitVec 8) #b11000100)
(define-fun |memory_model::choice_rf_1_0_5_1_F_182| () Bool false)
(define-fun |mutex#58$wclk$8| () (_ BitVec 8) #b01001110)
(define-fun |memory_model::choice_rf_1_0_5_6_F_183| () Bool true)
(define-fun |mutex#61$wclk$8| () (_ BitVec 8) #b01011000)
(define-fun |memory_model::choice_rf_1_0_5_8_F_184| () Bool false)
(define-fun |mutex#64$wclk$8| () (_ BitVec 8) #b01101000)
(define-fun |memory_model::choice_rf_1_0_5_14_F_185| () Bool false)
(define-fun |mutex#67$wclk$8| () (_ BitVec 8) #b10101000)
(define-fun |memory_model::choice_rf_1_0_6_1_F_186| () Bool false)
(define-fun |mutex#70$wclk$8| () (_ BitVec 8) #b01011101)
(define-fun |memory_model::choice_rf_1_0_6_6_F_187| () Bool false)
(define-fun |mutex#73$wclk$8| () (_ BitVec 8) #b01100111)
(define-fun |memory_model::choice_rf_1_0_6_8_F_188| () Bool false)
(define-fun |mutex#76$wclk$8| () (_ BitVec 8) #b10101001)
(define-fun |memory_model::choice_rf_1_0_6_14_F_189| () Bool false)
(define-fun |mutex#79$wclk$8| () (_ BitVec 8) #b10111111)
(define-fun |memory_model::choice_rf_1_4_0_12_F_190| () Bool false)
(define-fun |mutex#5$rclk$8| () (_ BitVec 8) #b01011100)
(define-fun |memory_model::choice_rf_1_4_1_1_F_191| () Bool true)
(define-fun |memory_model::choice_rf_1_4_2_1_F_192| () Bool false)
(define-fun |memory_model::choice_rf_1_4_2_5_F_193| () Bool false)
(define-fun |memory_model::choice_rf_1_4_2_7_F_194| () Bool false)
(define-fun |memory_model::choice_rf_1_4_2_11_F_195| () Bool false)
(define-fun |memory_model::choice_rf_1_4_2_13_F_196| () Bool false)
(define-fun |memory_model::choice_rf_1_4_2_17_F_197| () Bool false)
(define-fun |memory_model::choice_rf_1_4_2_19_F_198| () Bool false)
(define-fun |memory_model::choice_rf_1_4_2_23_F_199| () Bool false)
(define-fun |memory_model::choice_rf_1_4_3_1_F_200| () Bool false)
(define-fun |memory_model::choice_rf_1_4_3_6_F_201| () Bool false)
(define-fun |memory_model::choice_rf_1_4_3_8_F_202| () Bool false)
(define-fun |memory_model::choice_rf_1_4_3_14_F_203| () Bool false)
(define-fun |memory_model::choice_rf_1_4_4_1_F_204| () Bool false)
(define-fun |memory_model::choice_rf_1_4_4_6_F_205| () Bool false)
(define-fun |memory_model::choice_rf_1_4_4_8_F_206| () Bool false)
(define-fun |memory_model::choice_rf_1_4_4_14_F_207| () Bool false)
(define-fun |memory_model::choice_rf_1_4_5_1_F_208| () Bool false)
(define-fun |memory_model::choice_rf_1_4_5_6_F_209| () Bool false)
(define-fun |memory_model::choice_rf_1_4_5_8_F_210| () Bool false)
(define-fun |memory_model::choice_rf_1_4_5_14_F_211| () Bool false)
(define-fun |memory_model::choice_rf_1_4_6_1_F_212| () Bool false)
(define-fun |memory_model::choice_rf_1_4_6_6_F_213| () Bool false)
(define-fun |memory_model::choice_rf_1_4_6_8_F_214| () Bool false)
(define-fun |memory_model::choice_rf_1_4_6_14_F_215| () Bool false)
(define-fun |memory_model::choice_rf_2_0_0_12_F_216| () Bool false)
(define-fun |mutex#8$rclk$8| () (_ BitVec 8) #b11011111)
(define-fun |memory_model::choice_rf_2_0_1_1_F_217| () Bool false)
(define-fun |mutex#4$wclk$8| () (_ BitVec 8) #b01011001)
(define-fun |memory_model::choice_rf_2_0_1_5_F_218| () Bool false)
(define-fun |mutex#7$wclk$8| () (_ BitVec 8) #b01011100)
(define-fun |memory_model::choice_rf_2_0_3_1_F_219| () Bool false)
(define-fun |memory_model::choice_rf_2_0_3_6_F_220| () Bool false)
(define-fun |memory_model::choice_rf_2_0_3_8_F_221| () Bool false)
(define-fun |memory_model::choice_rf_2_0_3_14_F_222| () Bool false)
(define-fun |memory_model::choice_rf_2_0_4_1_F_223| () Bool false)
(define-fun |memory_model::choice_rf_2_0_4_6_F_224| () Bool false)
(define-fun |memory_model::choice_rf_2_0_4_8_F_225| () Bool false)
(define-fun |memory_model::choice_rf_2_0_4_14_F_226| () Bool false)
(define-fun |memory_model::choice_rf_2_0_5_1_F_227| () Bool false)
(define-fun |memory_model::choice_rf_2_0_5_6_F_228| () Bool false)
(define-fun |memory_model::choice_rf_2_0_5_8_F_229| () Bool false)
(define-fun |memory_model::choice_rf_2_0_5_14_F_230| () Bool false)
(define-fun |memory_model::choice_rf_2_0_6_1_F_231| () Bool false)
(define-fun |memory_model::choice_rf_2_0_6_6_F_232| () Bool false)
(define-fun |memory_model::choice_rf_2_0_6_8_F_233| () Bool true)
(define-fun |memory_model::choice_rf_2_0_6_14_F_234| () Bool false)
(define-fun |memory_model::choice_rf_2_4_0_12_F_235| () Bool false)
(define-fun |mutex#11$rclk$8| () (_ BitVec 8) #b11101010)
(define-fun |memory_model::choice_rf_2_4_1_1_F_236| () Bool false)
(define-fun |memory_model::choice_rf_2_4_1_5_F_237| () Bool false)
(define-fun |memory_model::choice_rf_2_4_2_1_F_238| () Bool false)
(define-fun |memory_model::choice_rf_2_4_3_1_F_239| () Bool false)
(define-fun |memory_model::choice_rf_2_4_3_6_F_240| () Bool false)
(define-fun |memory_model::choice_rf_2_4_3_8_F_241| () Bool false)
(define-fun |memory_model::choice_rf_2_4_3_14_F_242| () Bool false)
(define-fun |memory_model::choice_rf_2_4_4_1_F_243| () Bool false)
(define-fun |memory_model::choice_rf_2_4_4_6_F_244| () Bool false)
(define-fun |memory_model::choice_rf_2_4_4_8_F_245| () Bool false)
(define-fun |memory_model::choice_rf_2_4_4_14_F_246| () Bool false)
(define-fun |memory_model::choice_rf_2_4_5_1_F_247| () Bool false)
(define-fun |memory_model::choice_rf_2_4_5_6_F_248| () Bool false)
(define-fun |memory_model::choice_rf_2_4_5_8_F_249| () Bool false)
(define-fun |memory_model::choice_rf_2_4_5_14_F_250| () Bool false)
(define-fun |memory_model::choice_rf_2_4_6_1_F_251| () Bool false)
(define-fun |memory_model::choice_rf_2_4_6_6_F_252| () Bool false)
(define-fun |memory_model::choice_rf_2_4_6_8_F_253| () Bool false)
(define-fun |memory_model::choice_rf_2_4_6_14_F_254| () Bool false)
(define-fun |memory_model::choice_rf_2_6_0_12_F_255| () Bool false)
(define-fun |mutex#14$rclk$8| () (_ BitVec 8) #b11101011)
(define-fun |memory_model::choice_rf_2_6_1_1_F_256| () Bool false)
(define-fun |memory_model::choice_rf_2_6_1_5_F_257| () Bool false)
(define-fun |memory_model::choice_rf_2_6_2_1_F_258| () Bool false)
(define-fun |memory_model::choice_rf_2_6_2_5_F_259| () Bool false)
(define-fun |memory_model::choice_rf_2_6_3_1_F_260| () Bool false)
(define-fun |memory_model::choice_rf_2_6_3_6_F_261| () Bool false)
(define-fun |memory_model::choice_rf_2_6_3_8_F_262| () Bool false)
(define-fun |memory_model::choice_rf_2_6_3_14_F_263| () Bool false)
(define-fun |memory_model::choice_rf_2_6_4_1_F_264| () Bool false)
(define-fun |memory_model::choice_rf_2_6_4_6_F_265| () Bool false)
(define-fun |memory_model::choice_rf_2_6_4_8_F_266| () Bool false)
(define-fun |memory_model::choice_rf_2_6_4_14_F_267| () Bool false)
(define-fun |memory_model::choice_rf_2_6_5_1_F_268| () Bool false)
(define-fun |memory_model::choice_rf_2_6_5_6_F_269| () Bool false)
(define-fun |memory_model::choice_rf_2_6_5_8_F_270| () Bool false)
(define-fun |memory_model::choice_rf_2_6_5_14_F_271| () Bool false)
(define-fun |memory_model::choice_rf_2_6_6_1_F_272| () Bool false)
(define-fun |memory_model::choice_rf_2_6_6_6_F_273| () Bool false)
(define-fun |memory_model::choice_rf_2_6_6_8_F_274| () Bool false)
(define-fun |memory_model::choice_rf_2_6_6_14_F_275| () Bool false)
(define-fun |memory_model::choice_rf_2_10_0_12_F_276| () Bool false)
(define-fun |mutex#17$rclk$8| () (_ BitVec 8) #b11110001)
(define-fun |memory_model::choice_rf_2_10_1_1_F_277| () Bool false)
(define-fun |memory_model::choice_rf_2_10_1_5_F_278| () Bool false)
(define-fun |memory_model::choice_rf_2_10_2_1_F_279| () Bool false)
(define-fun |memory_model::choice_rf_2_10_2_5_F_280| () Bool false)
(define-fun |memory_model::choice_rf_2_10_2_7_F_281| () Bool false)
(define-fun |memory_model::choice_rf_2_10_3_1_F_282| () Bool false)
(define-fun |memory_model::choice_rf_2_10_3_6_F_283| () Bool false)
(define-fun |memory_model::choice_rf_2_10_3_8_F_284| () Bool false)
(define-fun |memory_model::choice_rf_2_10_3_14_F_285| () Bool false)
(define-fun |memory_model::choice_rf_2_10_4_1_F_286| () Bool false)
(define-fun |memory_model::choice_rf_2_10_4_6_F_287| () Bool false)
(define-fun |memory_model::choice_rf_2_10_4_8_F_288| () Bool false)
(define-fun |memory_model::choice_rf_2_10_4_14_F_289| () Bool false)
(define-fun |memory_model::choice_rf_2_10_5_1_F_290| () Bool false)
(define-fun |memory_model::choice_rf_2_10_5_6_F_291| () Bool false)
(define-fun |memory_model::choice_rf_2_10_5_8_F_292| () Bool false)
(define-fun |memory_model::choice_rf_2_10_5_14_F_293| () Bool false)
(define-fun |memory_model::choice_rf_2_10_6_1_F_294| () Bool false)
(define-fun |memory_model::choice_rf_2_10_6_6_F_295| () Bool false)
(define-fun |memory_model::choice_rf_2_10_6_8_F_296| () Bool false)
(define-fun |memory_model::choice_rf_2_10_6_14_F_297| () Bool false)
(define-fun |memory_model::choice_rf_2_12_0_12_F_298| () Bool false)
(define-fun |mutex#20$rclk$8| () (_ BitVec 8) #b11110010)
(define-fun |memory_model::choice_rf_2_12_1_1_F_299| () Bool false)
(define-fun |memory_model::choice_rf_2_12_1_5_F_300| () Bool false)
(define-fun |memory_model::choice_rf_2_12_2_1_F_301| () Bool false)
(define-fun |memory_model::choice_rf_2_12_2_5_F_302| () Bool false)
(define-fun |memory_model::choice_rf_2_12_2_7_F_303| () Bool false)
(define-fun |memory_model::choice_rf_2_12_2_11_F_304| () Bool false)
(define-fun |memory_model::choice_rf_2_12_3_1_F_305| () Bool false)
(define-fun |memory_model::choice_rf_2_12_3_6_F_306| () Bool false)
(define-fun |memory_model::choice_rf_2_12_3_8_F_307| () Bool false)
(define-fun |memory_model::choice_rf_2_12_3_14_F_308| () Bool false)
(define-fun |memory_model::choice_rf_2_12_4_1_F_309| () Bool false)
(define-fun |memory_model::choice_rf_2_12_4_6_F_310| () Bool false)
(define-fun |memory_model::choice_rf_2_12_4_8_F_311| () Bool false)
(define-fun |memory_model::choice_rf_2_12_4_14_F_312| () Bool false)
(define-fun |memory_model::choice_rf_2_12_5_1_F_313| () Bool false)
(define-fun |memory_model::choice_rf_2_12_5_6_F_314| () Bool false)
(define-fun |memory_model::choice_rf_2_12_5_8_F_315| () Bool false)
(define-fun |memory_model::choice_rf_2_12_5_14_F_316| () Bool false)
(define-fun |memory_model::choice_rf_2_12_6_1_F_317| () Bool false)
(define-fun |memory_model::choice_rf_2_12_6_6_F_318| () Bool false)
(define-fun |memory_model::choice_rf_2_12_6_8_F_319| () Bool false)
(define-fun |memory_model::choice_rf_2_12_6_14_F_320| () Bool false)
(define-fun |memory_model::choice_rf_2_16_0_12_F_321| () Bool false)
(define-fun |mutex#23$rclk$8| () (_ BitVec 8) #b11110111)
(define-fun |memory_model::choice_rf_2_16_1_1_F_322| () Bool false)
(define-fun |memory_model::choice_rf_2_16_1_5_F_323| () Bool false)
(define-fun |memory_model::choice_rf_2_16_2_1_F_324| () Bool false)
(define-fun |memory_model::choice_rf_2_16_2_5_F_325| () Bool false)
(define-fun |memory_model::choice_rf_2_16_2_7_F_326| () Bool false)
(define-fun |memory_model::choice_rf_2_16_2_11_F_327| () Bool false)
(define-fun |memory_model::choice_rf_2_16_2_13_F_328| () Bool false)
(define-fun |memory_model::choice_rf_2_16_3_1_F_329| () Bool false)
(define-fun |memory_model::choice_rf_2_16_3_6_F_330| () Bool false)
(define-fun |memory_model::choice_rf_2_16_3_8_F_331| () Bool false)
(define-fun |memory_model::choice_rf_2_16_3_14_F_332| () Bool false)
(define-fun |memory_model::choice_rf_2_16_4_1_F_333| () Bool false)
(define-fun |memory_model::choice_rf_2_16_4_6_F_334| () Bool false)
(define-fun |memory_model::choice_rf_2_16_4_8_F_335| () Bool false)
(define-fun |memory_model::choice_rf_2_16_4_14_F_336| () Bool false)
(define-fun |memory_model::choice_rf_2_16_5_1_F_337| () Bool false)
(define-fun |memory_model::choice_rf_2_16_5_6_F_338| () Bool false)
(define-fun |memory_model::choice_rf_2_16_5_8_F_339| () Bool false)
(define-fun |memory_model::choice_rf_2_16_5_14_F_340| () Bool false)
(define-fun |memory_model::choice_rf_2_16_6_1_F_341| () Bool false)
(define-fun |memory_model::choice_rf_2_16_6_6_F_342| () Bool false)
(define-fun |memory_model::choice_rf_2_16_6_8_F_343| () Bool false)
(define-fun |memory_model::choice_rf_2_16_6_14_F_344| () Bool false)
(define-fun |memory_model::choice_rf_2_18_0_12_F_345| () Bool false)
(define-fun |mutex#26$rclk$8| () (_ BitVec 8) #b11111010)
(define-fun |memory_model::choice_rf_2_18_1_1_F_346| () Bool false)
(define-fun |memory_model::choice_rf_2_18_1_5_F_347| () Bool false)
(define-fun |memory_model::choice_rf_2_18_2_1_F_348| () Bool false)
(define-fun |memory_model::choice_rf_2_18_2_5_F_349| () Bool false)
(define-fun |memory_model::choice_rf_2_18_2_7_F_350| () Bool false)
(define-fun |memory_model::choice_rf_2_18_2_11_F_351| () Bool false)
(define-fun |memory_model::choice_rf_2_18_2_13_F_352| () Bool false)
(define-fun |memory_model::choice_rf_2_18_2_17_F_353| () Bool false)
(define-fun |memory_model::choice_rf_2_18_3_1_F_354| () Bool false)
(define-fun |memory_model::choice_rf_2_18_3_6_F_355| () Bool false)
(define-fun |memory_model::choice_rf_2_18_3_8_F_356| () Bool false)
(define-fun |memory_model::choice_rf_2_18_3_14_F_357| () Bool false)
(define-fun |memory_model::choice_rf_2_18_4_1_F_358| () Bool false)
(define-fun |memory_model::choice_rf_2_18_4_6_F_359| () Bool false)
(define-fun |memory_model::choice_rf_2_18_4_8_F_360| () Bool false)
(define-fun |memory_model::choice_rf_2_18_4_14_F_361| () Bool false)
(define-fun |memory_model::choice_rf_2_18_5_1_F_362| () Bool false)
(define-fun |memory_model::choice_rf_2_18_5_6_F_363| () Bool false)
(define-fun |memory_model::choice_rf_2_18_5_8_F_364| () Bool false)
(define-fun |memory_model::choice_rf_2_18_5_14_F_365| () Bool false)
(define-fun |memory_model::choice_rf_2_18_6_1_F_366| () Bool false)
(define-fun |memory_model::choice_rf_2_18_6_6_F_367| () Bool false)
(define-fun |memory_model::choice_rf_2_18_6_8_F_368| () Bool false)
(define-fun |memory_model::choice_rf_2_18_6_14_F_369| () Bool false)
(define-fun |memory_model::choice_rf_2_22_0_12_F_370| () Bool false)
(define-fun |mutex#29$rclk$8| () (_ BitVec 8) #b11111111)
(define-fun |memory_model::choice_rf_2_22_1_1_F_371| () Bool false)
(define-fun |memory_model::choice_rf_2_22_1_5_F_372| () Bool false)
(define-fun |memory_model::choice_rf_2_22_2_1_F_373| () Bool false)
(define-fun |memory_model::choice_rf_2_22_2_5_F_374| () Bool false)
(define-fun |memory_model::choice_rf_2_22_2_7_F_375| () Bool false)
(define-fun |memory_model::choice_rf_2_22_2_11_F_376| () Bool false)
(define-fun |memory_model::choice_rf_2_22_2_13_F_377| () Bool false)
(define-fun |memory_model::choice_rf_2_22_2_17_F_378| () Bool false)
(define-fun |memory_model::choice_rf_2_22_2_19_F_379| () Bool false)
(define-fun |memory_model::choice_rf_2_22_3_1_F_380| () Bool false)
(define-fun |memory_model::choice_rf_2_22_3_6_F_381| () Bool false)
(define-fun |memory_model::choice_rf_2_22_3_8_F_382| () Bool false)
(define-fun |memory_model::choice_rf_2_22_3_14_F_383| () Bool false)
(define-fun |memory_model::choice_rf_2_22_4_1_F_384| () Bool false)
(define-fun |memory_model::choice_rf_2_22_4_6_F_385| () Bool false)
(define-fun |memory_model::choice_rf_2_22_4_8_F_386| () Bool false)
(define-fun |memory_model::choice_rf_2_22_4_14_F_387| () Bool false)
(define-fun |memory_model::choice_rf_2_22_5_1_F_388| () Bool false)
(define-fun |memory_model::choice_rf_2_22_5_6_F_389| () Bool false)
(define-fun |memory_model::choice_rf_2_22_5_8_F_390| () Bool false)
(define-fun |memory_model::choice_rf_2_22_5_14_F_391| () Bool false)
(define-fun |memory_model::choice_rf_2_22_6_1_F_392| () Bool false)
(define-fun |memory_model::choice_rf_2_22_6_6_F_393| () Bool false)
(define-fun |memory_model::choice_rf_2_22_6_8_F_394| () Bool false)
(define-fun |memory_model::choice_rf_2_22_6_14_F_395| () Bool false)
(define-fun |memory_model::choice_rf_3_0_0_12_F_396| () Bool false)
(define-fun |mutex#32$rclk$8| () (_ BitVec 8) #b10110010)
(define-fun |memory_model::choice_rf_3_0_1_1_F_397| () Bool false)
(define-fun |memory_model::choice_rf_3_0_1_5_F_398| () Bool false)
(define-fun |memory_model::choice_rf_3_0_2_1_F_399| () Bool false)
(define-fun |memory_model::choice_rf_3_0_2_5_F_400| () Bool false)
(define-fun |memory_model::choice_rf_3_0_2_7_F_401| () Bool false)
(define-fun |memory_model::choice_rf_3_0_2_11_F_402| () Bool false)
(define-fun |memory_model::choice_rf_3_0_2_13_F_403| () Bool false)
(define-fun |memory_model::choice_rf_3_0_2_17_F_404| () Bool false)
(define-fun |memory_model::choice_rf_3_0_2_19_F_405| () Bool false)
(define-fun |memory_model::choice_rf_3_0_2_23_F_406| () Bool false)
(define-fun |memory_model::choice_rf_3_0_4_1_F_407| () Bool false)
(define-fun |memory_model::choice_rf_3_0_4_6_F_408| () Bool false)
(define-fun |memory_model::choice_rf_3_0_4_8_F_409| () Bool false)
(define-fun |memory_model::choice_rf_3_0_4_14_F_410| () Bool false)
(define-fun |memory_model::choice_rf_3_0_5_1_F_411| () Bool false)
(define-fun |memory_model::choice_rf_3_0_5_6_F_412| () Bool false)
(define-fun |memory_model::choice_rf_3_0_5_8_F_413| () Bool false)
(define-fun |memory_model::choice_rf_3_0_5_14_F_414| () Bool false)
(define-fun |memory_model::choice_rf_3_0_6_1_F_415| () Bool false)
(define-fun |memory_model::choice_rf_3_0_6_6_F_416| () Bool false)
(define-fun |memory_model::choice_rf_3_0_6_8_F_417| () Bool true)
(define-fun |memory_model::choice_rf_3_0_6_14_F_418| () Bool false)
(define-fun |memory_model::choice_rf_3_5_0_12_F_419| () Bool false)
(define-fun |mutex#35$rclk$8| () (_ BitVec 8) #b11001100)
(define-fun |memory_model::choice_rf_3_5_1_1_F_420| () Bool false)
(define-fun |memory_model::choice_rf_3_5_1_5_F_421| () Bool false)
(define-fun |memory_model::choice_rf_3_5_2_1_F_422| () Bool false)
(define-fun |memory_model::choice_rf_3_5_2_5_F_423| () Bool false)
(define-fun |memory_model::choice_rf_3_5_2_7_F_424| () Bool false)
(define-fun |memory_model::choice_rf_3_5_2_11_F_425| () Bool false)
(define-fun |memory_model::choice_rf_3_5_2_13_F_426| () Bool false)
(define-fun |memory_model::choice_rf_3_5_2_17_F_427| () Bool false)
(define-fun |memory_model::choice_rf_3_5_2_19_F_428| () Bool false)
(define-fun |memory_model::choice_rf_3_5_2_23_F_429| () Bool false)
(define-fun |memory_model::choice_rf_3_5_3_1_F_430| () Bool false)
(define-fun |memory_model::choice_rf_3_5_4_1_F_431| () Bool false)
(define-fun |memory_model::choice_rf_3_5_4_6_F_432| () Bool false)
(define-fun |memory_model::choice_rf_3_5_4_8_F_433| () Bool false)
(define-fun |memory_model::choice_rf_3_5_4_14_F_434| () Bool false)
(define-fun |memory_model::choice_rf_3_5_5_1_F_435| () Bool false)
(define-fun |memory_model::choice_rf_3_5_5_6_F_436| () Bool false)
(define-fun |memory_model::choice_rf_3_5_5_8_F_437| () Bool false)
(define-fun |memory_model::choice_rf_3_5_5_14_F_438| () Bool false)
(define-fun |memory_model::choice_rf_3_5_6_1_F_439| () Bool false)
(define-fun |memory_model::choice_rf_3_5_6_6_F_440| () Bool false)
(define-fun |memory_model::choice_rf_3_5_6_8_F_441| () Bool false)
(define-fun |memory_model::choice_rf_3_5_6_14_F_442| () Bool false)
(define-fun |memory_model::choice_rf_3_7_0_12_F_443| () Bool false)
(define-fun |mutex#38$rclk$8| () (_ BitVec 8) #b11001101)
(define-fun |memory_model::choice_rf_3_7_1_1_F_444| () Bool false)
(define-fun |memory_model::choice_rf_3_7_1_5_F_445| () Bool false)
(define-fun |memory_model::choice_rf_3_7_2_1_F_446| () Bool false)
(define-fun |memory_model::choice_rf_3_7_2_5_F_447| () Bool false)
(define-fun |memory_model::choice_rf_3_7_2_7_F_448| () Bool false)
(define-fun |memory_model::choice_rf_3_7_2_11_F_449| () Bool false)
(define-fun |memory_model::choice_rf_3_7_2_13_F_450| () Bool false)
(define-fun |memory_model::choice_rf_3_7_2_17_F_451| () Bool false)
(define-fun |memory_model::choice_rf_3_7_2_19_F_452| () Bool false)
(define-fun |memory_model::choice_rf_3_7_2_23_F_453| () Bool false)
(define-fun |memory_model::choice_rf_3_7_3_1_F_454| () Bool false)
(define-fun |memory_model::choice_rf_3_7_3_6_F_455| () Bool false)
(define-fun |memory_model::choice_rf_3_7_4_1_F_456| () Bool false)
(define-fun |memory_model::choice_rf_3_7_4_6_F_457| () Bool false)
(define-fun |memory_model::choice_rf_3_7_4_8_F_458| () Bool false)
(define-fun |memory_model::choice_rf_3_7_4_14_F_459| () Bool false)
(define-fun |memory_model::choice_rf_3_7_5_1_F_460| () Bool false)
(define-fun |memory_model::choice_rf_3_7_5_6_F_461| () Bool false)
(define-fun |memory_model::choice_rf_3_7_5_8_F_462| () Bool false)
(define-fun |memory_model::choice_rf_3_7_5_14_F_463| () Bool false)
(define-fun |memory_model::choice_rf_3_7_6_1_F_464| () Bool false)
(define-fun |memory_model::choice_rf_3_7_6_6_F_465| () Bool false)
(define-fun |memory_model::choice_rf_3_7_6_8_F_466| () Bool false)
(define-fun |memory_model::choice_rf_3_7_6_14_F_467| () Bool false)
(define-fun |memory_model::choice_rf_3_13_0_12_F_468| () Bool false)
(define-fun |mutex#41$rclk$8| () (_ BitVec 8) #b11011100)
(define-fun |memory_model::choice_rf_3_13_1_1_F_469| () Bool false)
(define-fun |memory_model::choice_rf_3_13_1_5_F_470| () Bool false)
(define-fun |memory_model::choice_rf_3_13_2_1_F_471| () Bool false)
(define-fun |memory_model::choice_rf_3_13_2_5_F_472| () Bool false)
(define-fun |memory_model::choice_rf_3_13_2_7_F_473| () Bool false)
(define-fun |memory_model::choice_rf_3_13_2_11_F_474| () Bool false)
(define-fun |memory_model::choice_rf_3_13_2_13_F_475| () Bool false)
(define-fun |memory_model::choice_rf_3_13_2_17_F_476| () Bool false)
(define-fun |memory_model::choice_rf_3_13_2_19_F_477| () Bool false)
(define-fun |memory_model::choice_rf_3_13_2_23_F_478| () Bool false)
(define-fun |memory_model::choice_rf_3_13_3_1_F_479| () Bool false)
(define-fun |memory_model::choice_rf_3_13_3_6_F_480| () Bool false)
(define-fun |memory_model::choice_rf_3_13_3_8_F_481| () Bool false)
(define-fun |memory_model::choice_rf_3_13_4_1_F_482| () Bool false)
(define-fun |memory_model::choice_rf_3_13_4_6_F_483| () Bool false)
(define-fun |memory_model::choice_rf_3_13_4_8_F_484| () Bool false)
(define-fun |memory_model::choice_rf_3_13_4_14_F_485| () Bool false)
(define-fun |memory_model::choice_rf_3_13_5_1_F_486| () Bool false)
(define-fun |memory_model::choice_rf_3_13_5_6_F_487| () Bool false)
(define-fun |memory_model::choice_rf_3_13_5_8_F_488| () Bool false)
(define-fun |memory_model::choice_rf_3_13_5_14_F_489| () Bool false)
(define-fun |memory_model::choice_rf_3_13_6_1_F_490| () Bool false)
(define-fun |memory_model::choice_rf_3_13_6_6_F_491| () Bool false)
(define-fun |memory_model::choice_rf_3_13_6_8_F_492| () Bool false)
(define-fun |memory_model::choice_rf_3_13_6_14_F_493| () Bool false)
(define-fun |memory_model::choice_rf_4_0_0_12_F_494| () Bool false)
(define-fun |mutex#44$rclk$8| () (_ BitVec 8) #b10101010)
(define-fun |memory_model::choice_rf_4_0_1_1_F_495| () Bool false)
(define-fun |memory_model::choice_rf_4_0_1_5_F_496| () Bool false)
(define-fun |memory_model::choice_rf_4_0_2_1_F_497| () Bool false)
(define-fun |memory_model::choice_rf_4_0_2_5_F_498| () Bool false)
(define-fun |memory_model::choice_rf_4_0_2_7_F_499| () Bool false)
(define-fun |memory_model::choice_rf_4_0_2_11_F_500| () Bool false)
(define-fun |memory_model::choice_rf_4_0_2_13_F_501| () Bool false)
(define-fun |memory_model::choice_rf_4_0_2_17_F_502| () Bool false)
(define-fun |memory_model::choice_rf_4_0_2_19_F_503| () Bool false)
(define-fun |memory_model::choice_rf_4_0_2_23_F_504| () Bool false)
(define-fun |memory_model::choice_rf_4_0_3_1_F_505| () Bool false)
(define-fun |memory_model::choice_rf_4_0_3_6_F_506| () Bool false)
(define-fun |memory_model::choice_rf_4_0_3_8_F_507| () Bool false)
(define-fun |memory_model::choice_rf_4_0_3_14_F_508| () Bool false)
(define-fun |memory_model::choice_rf_4_0_5_1_F_509| () Bool false)
(define-fun |memory_model::choice_rf_4_0_5_6_F_510| () Bool false)
(define-fun |memory_model::choice_rf_4_0_5_8_F_511| () Bool false)
(define-fun |memory_model::choice_rf_4_0_5_14_F_512| () Bool false)
(define-fun |memory_model::choice_rf_4_0_6_1_F_513| () Bool false)
(define-fun |memory_model::choice_rf_4_0_6_6_F_514| () Bool false)
(define-fun |memory_model::choice_rf_4_0_6_8_F_515| () Bool true)
(define-fun |memory_model::choice_rf_4_0_6_14_F_516| () Bool false)
(define-fun |memory_model::choice_rf_4_5_0_12_F_517| () Bool false)
(define-fun |mutex#47$rclk$8| () (_ BitVec 8) #b10101110)
(define-fun |memory_model::choice_rf_4_5_1_1_F_518| () Bool false)
(define-fun |memory_model::choice_rf_4_5_1_5_F_519| () Bool false)
(define-fun |memory_model::choice_rf_4_5_2_1_F_520| () Bool false)
(define-fun |memory_model::choice_rf_4_5_2_5_F_521| () Bool false)
(define-fun |memory_model::choice_rf_4_5_2_7_F_522| () Bool false)
(define-fun |memory_model::choice_rf_4_5_2_11_F_523| () Bool false)
(define-fun |memory_model::choice_rf_4_5_2_13_F_524| () Bool false)
(define-fun |memory_model::choice_rf_4_5_2_17_F_525| () Bool false)
(define-fun |memory_model::choice_rf_4_5_2_19_F_526| () Bool false)
(define-fun |memory_model::choice_rf_4_5_2_23_F_527| () Bool false)
(define-fun |memory_model::choice_rf_4_5_3_1_F_528| () Bool false)
(define-fun |memory_model::choice_rf_4_5_3_6_F_529| () Bool false)
(define-fun |memory_model::choice_rf_4_5_3_8_F_530| () Bool false)
(define-fun |memory_model::choice_rf_4_5_3_14_F_531| () Bool false)
(define-fun |memory_model::choice_rf_4_5_4_1_F_532| () Bool false)
(define-fun |memory_model::choice_rf_4_5_5_1_F_533| () Bool false)
(define-fun |memory_model::choice_rf_4_5_5_6_F_534| () Bool false)
(define-fun |memory_model::choice_rf_4_5_5_8_F_535| () Bool false)
(define-fun |memory_model::choice_rf_4_5_5_14_F_536| () Bool false)
(define-fun |memory_model::choice_rf_4_5_6_1_F_537| () Bool false)
(define-fun |memory_model::choice_rf_4_5_6_6_F_538| () Bool false)
(define-fun |memory_model::choice_rf_4_5_6_8_F_539| () Bool false)
(define-fun |memory_model::choice_rf_4_5_6_14_F_540| () Bool false)
(define-fun |memory_model::choice_rf_4_7_0_12_F_541| () Bool false)
(define-fun |mutex#50$rclk$8| () (_ BitVec 8) #b10101111)
(define-fun |memory_model::choice_rf_4_7_1_1_F_542| () Bool false)
(define-fun |memory_model::choice_rf_4_7_1_5_F_543| () Bool false)
(define-fun |memory_model::choice_rf_4_7_2_1_F_544| () Bool false)
(define-fun |memory_model::choice_rf_4_7_2_5_F_545| () Bool false)
(define-fun |memory_model::choice_rf_4_7_2_7_F_546| () Bool false)
(define-fun |memory_model::choice_rf_4_7_2_11_F_547| () Bool false)
(define-fun |memory_model::choice_rf_4_7_2_13_F_548| () Bool false)
(define-fun |memory_model::choice_rf_4_7_2_17_F_549| () Bool false)
(define-fun |memory_model::choice_rf_4_7_2_19_F_550| () Bool false)
(define-fun |memory_model::choice_rf_4_7_2_23_F_551| () Bool false)
(define-fun |memory_model::choice_rf_4_7_3_1_F_552| () Bool false)
(define-fun |memory_model::choice_rf_4_7_3_6_F_553| () Bool false)
(define-fun |memory_model::choice_rf_4_7_3_8_F_554| () Bool false)
(define-fun |memory_model::choice_rf_4_7_3_14_F_555| () Bool false)
(define-fun |memory_model::choice_rf_4_7_4_1_F_556| () Bool false)
(define-fun |memory_model::choice_rf_4_7_4_6_F_557| () Bool false)
(define-fun |memory_model::choice_rf_4_7_5_1_F_558| () Bool false)
(define-fun |memory_model::choice_rf_4_7_5_6_F_559| () Bool false)
(define-fun |memory_model::choice_rf_4_7_5_8_F_560| () Bool false)
(define-fun |memory_model::choice_rf_4_7_5_14_F_561| () Bool false)
(define-fun |memory_model::choice_rf_4_7_6_1_F_562| () Bool false)
(define-fun |memory_model::choice_rf_4_7_6_6_F_563| () Bool false)
(define-fun |memory_model::choice_rf_4_7_6_8_F_564| () Bool false)
(define-fun |memory_model::choice_rf_4_7_6_14_F_565| () Bool false)
(define-fun |memory_model::choice_rf_4_13_0_12_F_566| () Bool false)
(define-fun |mutex#53$rclk$8| () (_ BitVec 8) #b11000100)
(define-fun |memory_model::choice_rf_4_13_1_1_F_567| () Bool false)
(define-fun |memory_model::choice_rf_4_13_1_5_F_568| () Bool false)
(define-fun |memory_model::choice_rf_4_13_2_1_F_569| () Bool false)
(define-fun |memory_model::choice_rf_4_13_2_5_F_570| () Bool false)
(define-fun |memory_model::choice_rf_4_13_2_7_F_571| () Bool false)
(define-fun |memory_model::choice_rf_4_13_2_11_F_572| () Bool false)
(define-fun |memory_model::choice_rf_4_13_2_13_F_573| () Bool false)
(define-fun |memory_model::choice_rf_4_13_2_17_F_574| () Bool false)
(define-fun |memory_model::choice_rf_4_13_2_19_F_575| () Bool false)
(define-fun |memory_model::choice_rf_4_13_2_23_F_576| () Bool false)
(define-fun |memory_model::choice_rf_4_13_3_1_F_577| () Bool false)
(define-fun |memory_model::choice_rf_4_13_3_6_F_578| () Bool false)
(define-fun |memory_model::choice_rf_4_13_3_8_F_579| () Bool false)
(define-fun |memory_model::choice_rf_4_13_3_14_F_580| () Bool false)
(define-fun |memory_model::choice_rf_4_13_4_1_F_581| () Bool false)
(define-fun |memory_model::choice_rf_4_13_4_6_F_582| () Bool false)
(define-fun |memory_model::choice_rf_4_13_4_8_F_583| () Bool false)
(define-fun |memory_model::choice_rf_4_13_5_1_F_584| () Bool false)
(define-fun |memory_model::choice_rf_4_13_5_6_F_585| () Bool false)
(define-fun |memory_model::choice_rf_4_13_5_8_F_586| () Bool false)
(define-fun |memory_model::choice_rf_4_13_5_14_F_587| () Bool false)
(define-fun |memory_model::choice_rf_4_13_6_1_F_588| () Bool false)
(define-fun |memory_model::choice_rf_4_13_6_6_F_589| () Bool false)
(define-fun |memory_model::choice_rf_4_13_6_8_F_590| () Bool false)
(define-fun |memory_model::choice_rf_4_13_6_14_F_591| () Bool false)
(define-fun |memory_model::choice_rf_5_0_0_12_F_592| () Bool true)
(define-fun |mutex#56$rclk$8| () (_ BitVec 8) #b01001110)
(define-fun |memory_model::choice_rf_5_0_1_1_F_593| () Bool false)
(define-fun |memory_model::choice_rf_5_0_1_5_F_594| () Bool false)
(define-fun |memory_model::choice_rf_5_0_2_1_F_595| () Bool false)
(define-fun |memory_model::choice_rf_5_0_2_5_F_596| () Bool false)
(define-fun |memory_model::choice_rf_5_0_2_7_F_597| () Bool false)
(define-fun |memory_model::choice_rf_5_0_2_11_F_598| () Bool false)
(define-fun |memory_model::choice_rf_5_0_2_13_F_599| () Bool false)
(define-fun |memory_model::choice_rf_5_0_2_17_F_600| () Bool false)
(define-fun |memory_model::choice_rf_5_0_2_19_F_601| () Bool false)
(define-fun |memory_model::choice_rf_5_0_2_23_F_602| () Bool false)
(define-fun |memory_model::choice_rf_5_0_3_1_F_603| () Bool false)
(define-fun |memory_model::choice_rf_5_0_3_6_F_604| () Bool false)
(define-fun |memory_model::choice_rf_5_0_3_8_F_605| () Bool false)
(define-fun |memory_model::choice_rf_5_0_3_14_F_606| () Bool false)
(define-fun |memory_model::choice_rf_5_0_4_1_F_607| () Bool false)
(define-fun |memory_model::choice_rf_5_0_4_6_F_608| () Bool false)
(define-fun |memory_model::choice_rf_5_0_4_8_F_609| () Bool false)
(define-fun |memory_model::choice_rf_5_0_4_14_F_610| () Bool false)
(define-fun |memory_model::choice_rf_5_0_6_1_F_611| () Bool false)
(define-fun |memory_model::choice_rf_5_0_6_6_F_612| () Bool false)
(define-fun |memory_model::choice_rf_5_0_6_8_F_613| () Bool false)
(define-fun |memory_model::choice_rf_5_0_6_14_F_614| () Bool false)
(define-fun |memory_model::choice_rf_5_5_0_12_F_615| () Bool false)
(define-fun |mutex#59$rclk$8| () (_ BitVec 8) #b01011000)
(define-fun |memory_model::choice_rf_5_5_1_1_F_616| () Bool false)
(define-fun |memory_model::choice_rf_5_5_1_5_F_617| () Bool false)
(define-fun |memory_model::choice_rf_5_5_2_1_F_618| () Bool false)
(define-fun |memory_model::choice_rf_5_5_2_5_F_619| () Bool false)
(define-fun |memory_model::choice_rf_5_5_2_7_F_620| () Bool false)
(define-fun |memory_model::choice_rf_5_5_2_11_F_621| () Bool false)
(define-fun |memory_model::choice_rf_5_5_2_13_F_622| () Bool false)
(define-fun |memory_model::choice_rf_5_5_2_17_F_623| () Bool false)
(define-fun |memory_model::choice_rf_5_5_2_19_F_624| () Bool false)
(define-fun |memory_model::choice_rf_5_5_2_23_F_625| () Bool false)
(define-fun |memory_model::choice_rf_5_5_3_1_F_626| () Bool false)
(define-fun |memory_model::choice_rf_5_5_3_6_F_627| () Bool false)
(define-fun |memory_model::choice_rf_5_5_3_8_F_628| () Bool false)
(define-fun |memory_model::choice_rf_5_5_3_14_F_629| () Bool false)
(define-fun |memory_model::choice_rf_5_5_4_1_F_630| () Bool false)
(define-fun |memory_model::choice_rf_5_5_4_6_F_631| () Bool false)
(define-fun |memory_model::choice_rf_5_5_4_8_F_632| () Bool false)
(define-fun |memory_model::choice_rf_5_5_4_14_F_633| () Bool false)
(define-fun |memory_model::choice_rf_5_5_5_1_F_634| () Bool true)
(define-fun |memory_model::choice_rf_5_5_6_1_F_635| () Bool false)
(define-fun |memory_model::choice_rf_5_5_6_6_F_636| () Bool false)
(define-fun |memory_model::choice_rf_5_5_6_8_F_637| () Bool false)
(define-fun |memory_model::choice_rf_5_5_6_14_F_638| () Bool false)
(define-fun |memory_model::choice_rf_5_7_0_12_F_639| () Bool false)
(define-fun |mutex#62$rclk$8| () (_ BitVec 8) #b01101000)
(define-fun |memory_model::choice_rf_5_7_1_1_F_640| () Bool false)
(define-fun |memory_model::choice_rf_5_7_1_5_F_641| () Bool false)
(define-fun |memory_model::choice_rf_5_7_2_1_F_642| () Bool false)
(define-fun |memory_model::choice_rf_5_7_2_5_F_643| () Bool false)
(define-fun |memory_model::choice_rf_5_7_2_7_F_644| () Bool false)
(define-fun |memory_model::choice_rf_5_7_2_11_F_645| () Bool false)
(define-fun |memory_model::choice_rf_5_7_2_13_F_646| () Bool false)
(define-fun |memory_model::choice_rf_5_7_2_17_F_647| () Bool false)
(define-fun |memory_model::choice_rf_5_7_2_19_F_648| () Bool false)
(define-fun |memory_model::choice_rf_5_7_2_23_F_649| () Bool false)
(define-fun |memory_model::choice_rf_5_7_3_1_F_650| () Bool false)
(define-fun |memory_model::choice_rf_5_7_3_6_F_651| () Bool false)
(define-fun |memory_model::choice_rf_5_7_3_8_F_652| () Bool false)
(define-fun |memory_model::choice_rf_5_7_3_14_F_653| () Bool false)
(define-fun |memory_model::choice_rf_5_7_4_1_F_654| () Bool false)
(define-fun |memory_model::choice_rf_5_7_4_6_F_655| () Bool false)
(define-fun |memory_model::choice_rf_5_7_4_8_F_656| () Bool false)
(define-fun |memory_model::choice_rf_5_7_4_14_F_657| () Bool false)
(define-fun |memory_model::choice_rf_5_7_5_1_F_658| () Bool false)
(define-fun |memory_model::choice_rf_5_7_5_6_F_659| () Bool false)
(define-fun |memory_model::choice_rf_5_7_6_1_F_660| () Bool false)
(define-fun |memory_model::choice_rf_5_7_6_6_F_661| () Bool true)
(define-fun |memory_model::choice_rf_5_7_6_8_F_662| () Bool false)
(define-fun |memory_model::choice_rf_5_7_6_14_F_663| () Bool false)
(define-fun |memory_model::choice_rf_5_13_0_12_F_664| () Bool false)
(define-fun |mutex#65$rclk$8| () (_ BitVec 8) #b10101000)
(define-fun |memory_model::choice_rf_5_13_1_1_F_665| () Bool false)
(define-fun |memory_model::choice_rf_5_13_1_5_F_666| () Bool false)
(define-fun |memory_model::choice_rf_5_13_2_1_F_667| () Bool false)
(define-fun |memory_model::choice_rf_5_13_2_5_F_668| () Bool false)
(define-fun |memory_model::choice_rf_5_13_2_7_F_669| () Bool false)
(define-fun |memory_model::choice_rf_5_13_2_11_F_670| () Bool false)
(define-fun |memory_model::choice_rf_5_13_2_13_F_671| () Bool false)
(define-fun |memory_model::choice_rf_5_13_2_17_F_672| () Bool false)
(define-fun |memory_model::choice_rf_5_13_2_19_F_673| () Bool false)
(define-fun |memory_model::choice_rf_5_13_2_23_F_674| () Bool false)
(define-fun |memory_model::choice_rf_5_13_3_1_F_675| () Bool false)
(define-fun |memory_model::choice_rf_5_13_3_6_F_676| () Bool false)
(define-fun |memory_model::choice_rf_5_13_3_8_F_677| () Bool false)
(define-fun |memory_model::choice_rf_5_13_3_14_F_678| () Bool false)
(define-fun |memory_model::choice_rf_5_13_4_1_F_679| () Bool false)
(define-fun |memory_model::choice_rf_5_13_4_6_F_680| () Bool false)
(define-fun |memory_model::choice_rf_5_13_4_8_F_681| () Bool false)
(define-fun |memory_model::choice_rf_5_13_4_14_F_682| () Bool false)
(define-fun |memory_model::choice_rf_5_13_5_1_F_683| () Bool false)
(define-fun |memory_model::choice_rf_5_13_5_6_F_684| () Bool false)
(define-fun |memory_model::choice_rf_5_13_5_8_F_685| () Bool true)
(define-fun |memory_model::choice_rf_5_13_6_1_F_686| () Bool false)
(define-fun |memory_model::choice_rf_5_13_6_6_F_687| () Bool false)
(define-fun |memory_model::choice_rf_5_13_6_8_F_688| () Bool false)
(define-fun |memory_model::choice_rf_5_13_6_14_F_689| () Bool false)
(define-fun |memory_model::choice_rf_6_0_0_12_F_690| () Bool false)
(define-fun |mutex#68$rclk$8| () (_ BitVec 8) #b01011101)
(define-fun |memory_model::choice_rf_6_0_1_1_F_691| () Bool false)
(define-fun |memory_model::choice_rf_6_0_1_5_F_692| () Bool true)
(define-fun |memory_model::choice_rf_6_0_2_1_F_693| () Bool false)
(define-fun |memory_model::choice_rf_6_0_2_5_F_694| () Bool false)
(define-fun |memory_model::choice_rf_6_0_2_7_F_695| () Bool false)
(define-fun |memory_model::choice_rf_6_0_2_11_F_696| () Bool false)
(define-fun |memory_model::choice_rf_6_0_2_13_F_697| () Bool false)
(define-fun |memory_model::choice_rf_6_0_2_17_F_698| () Bool false)
(define-fun |memory_model::choice_rf_6_0_2_19_F_699| () Bool false)
(define-fun |memory_model::choice_rf_6_0_2_23_F_700| () Bool false)
(define-fun |memory_model::choice_rf_6_0_3_1_F_701| () Bool false)
(define-fun |memory_model::choice_rf_6_0_3_6_F_702| () Bool false)
(define-fun |memory_model::choice_rf_6_0_3_8_F_703| () Bool false)
(define-fun |memory_model::choice_rf_6_0_3_14_F_704| () Bool false)
(define-fun |memory_model::choice_rf_6_0_4_1_F_705| () Bool false)
(define-fun |memory_model::choice_rf_6_0_4_6_F_706| () Bool false)
(define-fun |memory_model::choice_rf_6_0_4_8_F_707| () Bool false)
(define-fun |memory_model::choice_rf_6_0_4_14_F_708| () Bool false)
(define-fun |memory_model::choice_rf_6_0_5_1_F_709| () Bool false)
(define-fun |memory_model::choice_rf_6_0_5_6_F_710| () Bool false)
(define-fun |memory_model::choice_rf_6_0_5_8_F_711| () Bool false)
(define-fun |memory_model::choice_rf_6_0_5_14_F_712| () Bool false)
(define-fun |memory_model::choice_rf_6_5_0_12_F_713| () Bool false)
(define-fun |mutex#71$rclk$8| () (_ BitVec 8) #b01100111)
(define-fun |memory_model::choice_rf_6_5_1_1_F_714| () Bool false)
(define-fun |memory_model::choice_rf_6_5_1_5_F_715| () Bool false)
(define-fun |memory_model::choice_rf_6_5_2_1_F_716| () Bool false)
(define-fun |memory_model::choice_rf_6_5_2_5_F_717| () Bool false)
(define-fun |memory_model::choice_rf_6_5_2_7_F_718| () Bool false)
(define-fun |memory_model::choice_rf_6_5_2_11_F_719| () Bool false)
(define-fun |memory_model::choice_rf_6_5_2_13_F_720| () Bool false)
(define-fun |memory_model::choice_rf_6_5_2_17_F_721| () Bool false)
(define-fun |memory_model::choice_rf_6_5_2_19_F_722| () Bool false)
(define-fun |memory_model::choice_rf_6_5_2_23_F_723| () Bool false)
(define-fun |memory_model::choice_rf_6_5_3_1_F_724| () Bool false)
(define-fun |memory_model::choice_rf_6_5_3_6_F_725| () Bool false)
(define-fun |memory_model::choice_rf_6_5_3_8_F_726| () Bool false)
(define-fun |memory_model::choice_rf_6_5_3_14_F_727| () Bool false)
(define-fun |memory_model::choice_rf_6_5_4_1_F_728| () Bool false)
(define-fun |memory_model::choice_rf_6_5_4_6_F_729| () Bool false)
(define-fun |memory_model::choice_rf_6_5_4_8_F_730| () Bool false)
(define-fun |memory_model::choice_rf_6_5_4_14_F_731| () Bool false)
(define-fun |memory_model::choice_rf_6_5_5_1_F_732| () Bool false)
(define-fun |memory_model::choice_rf_6_5_5_6_F_733| () Bool false)
(define-fun |memory_model::choice_rf_6_5_5_8_F_734| () Bool false)
(define-fun |memory_model::choice_rf_6_5_5_14_F_735| () Bool false)
(define-fun |memory_model::choice_rf_6_5_6_1_F_736| () Bool true)
(define-fun |memory_model::choice_rf_6_7_0_12_F_737| () Bool false)
(define-fun |mutex#74$rclk$8| () (_ BitVec 8) #b10101001)
(define-fun |memory_model::choice_rf_6_7_1_1_F_738| () Bool false)
(define-fun |memory_model::choice_rf_6_7_1_5_F_739| () Bool false)
(define-fun |memory_model::choice_rf_6_7_2_1_F_740| () Bool false)
(define-fun |memory_model::choice_rf_6_7_2_5_F_741| () Bool false)
(define-fun |memory_model::choice_rf_6_7_2_7_F_742| () Bool false)
(define-fun |memory_model::choice_rf_6_7_2_11_F_743| () Bool false)
(define-fun |memory_model::choice_rf_6_7_2_13_F_744| () Bool false)
(define-fun |memory_model::choice_rf_6_7_2_17_F_745| () Bool false)
(define-fun |memory_model::choice_rf_6_7_2_19_F_746| () Bool false)
(define-fun |memory_model::choice_rf_6_7_2_23_F_747| () Bool false)
(define-fun |memory_model::choice_rf_6_7_3_1_F_748| () Bool false)
(define-fun |memory_model::choice_rf_6_7_3_6_F_749| () Bool false)
(define-fun |memory_model::choice_rf_6_7_3_8_F_750| () Bool false)
(define-fun |memory_model::choice_rf_6_7_3_14_F_751| () Bool false)
(define-fun |memory_model::choice_rf_6_7_4_1_F_752| () Bool false)
(define-fun |memory_model::choice_rf_6_7_4_6_F_753| () Bool false)
(define-fun |memory_model::choice_rf_6_7_4_8_F_754| () Bool false)
(define-fun |memory_model::choice_rf_6_7_4_14_F_755| () Bool false)
(define-fun |memory_model::choice_rf_6_7_5_1_F_756| () Bool false)
(define-fun |memory_model::choice_rf_6_7_5_6_F_757| () Bool false)
(define-fun |memory_model::choice_rf_6_7_5_8_F_758| () Bool false)
(define-fun |memory_model::choice_rf_6_7_5_14_F_759| () Bool true)
(define-fun |memory_model::choice_rf_6_7_6_1_F_760| () Bool false)
(define-fun |memory_model::choice_rf_6_7_6_6_F_761| () Bool false)
(define-fun |memory_model::choice_rf_6_13_0_12_F_762| () Bool false)
(define-fun |mutex#77$rclk$8| () (_ BitVec 8) #b10111111)
(define-fun |memory_model::choice_rf_6_13_1_1_F_763| () Bool false)
(define-fun |memory_model::choice_rf_6_13_1_5_F_764| () Bool false)
(define-fun |memory_model::choice_rf_6_13_2_1_F_765| () Bool false)
(define-fun |memory_model::choice_rf_6_13_2_5_F_766| () Bool false)
(define-fun |memory_model::choice_rf_6_13_2_7_F_767| () Bool false)
(define-fun |memory_model::choice_rf_6_13_2_11_F_768| () Bool false)
(define-fun |memory_model::choice_rf_6_13_2_13_F_769| () Bool false)
(define-fun |memory_model::choice_rf_6_13_2_17_F_770| () Bool false)
(define-fun |memory_model::choice_rf_6_13_2_19_F_771| () Bool false)
(define-fun |memory_model::choice_rf_6_13_2_23_F_772| () Bool false)
(define-fun |memory_model::choice_rf_6_13_3_1_F_773| () Bool false)
(define-fun |memory_model::choice_rf_6_13_3_6_F_774| () Bool false)
(define-fun |memory_model::choice_rf_6_13_3_8_F_775| () Bool false)
(define-fun |memory_model::choice_rf_6_13_3_14_F_776| () Bool false)
(define-fun |memory_model::choice_rf_6_13_4_1_F_777| () Bool false)
(define-fun |memory_model::choice_rf_6_13_4_6_F_778| () Bool false)
(define-fun |memory_model::choice_rf_6_13_4_8_F_779| () Bool false)
(define-fun |memory_model::choice_rf_6_13_4_14_F_780| () Bool false)
(define-fun |memory_model::choice_rf_6_13_5_1_F_781| () Bool false)
(define-fun |memory_model::choice_rf_6_13_5_6_F_782| () Bool false)
(define-fun |memory_model::choice_rf_6_13_5_8_F_783| () Bool false)
(define-fun |memory_model::choice_rf_6_13_5_14_F_784| () Bool false)
(define-fun |memory_model::choice_rf_6_13_6_1_F_785| () Bool false)
(define-fun |memory_model::choice_rf_6_13_6_6_F_786| () Bool false)
(define-fun |memory_model::choice_rf_6_13_6_8_F_787| () Bool false)
(define-fun |memory_model::choice_ws-ext_0_8_1_8_T_788| () Bool true)
(define-fun |memory_model::choice_ws-ext_0_8_3_16_T_789| () Bool true)
(define-fun |memory_model::choice_ws-ext_0_8_4_16_T_790| () Bool true)
(define-fun |memory_model::choice_ws-ext_0_8_5_16_T_791| () Bool true)
(define-fun |memory_model::choice_ws-ext_0_8_6_16_T_792| () Bool true)
(define-fun |memory_model::choice_ws-ext_1_8_3_16_T_793| () Bool false)
(define-fun |memory_model::choice_ws-ext_1_8_4_16_T_794| () Bool false)
(define-fun |memory_model::choice_ws-ext_1_8_5_16_T_795| () Bool false)
(define-fun |memory_model::choice_ws-ext_1_8_6_16_T_796| () Bool false)
(define-fun |memory_model::choice_ws-ext_3_16_4_16_T_797| () Bool false)
(define-fun |memory_model::choice_ws-ext_3_16_5_16_T_798| () Bool false)
(define-fun |memory_model::choice_ws-ext_3_16_6_16_T_799| () Bool false)
(define-fun |memory_model::choice_ws-ext_4_16_5_16_T_800| () Bool false)
(define-fun |memory_model::choice_ws-ext_4_16_6_16_T_801| () Bool false)
(define-fun |memory_model::choice_ws-ext_5_16_6_16_T_802| () Bool false)
(define-fun |x#1$wclk$8| () (_ BitVec 8) #b00001110)
(define-fun |x#2$wclk$8| () (_ BitVec 8) #b11001111)
(define-fun |memory_model::choice_ws-ext_0_13_3_10_F_803| () Bool true)
(define-fun |x#3$wclk$8| () (_ BitVec 8) #b10111101)
(define-fun |memory_model::choice_ws-ext_0_13_4_10_F_804| () Bool true)
(define-fun |x#4$wclk$8| () (_ BitVec 8) #b10100010)
(define-fun |memory_model::choice_ws-ext_0_13_5_10_F_805| () Bool true)
(define-fun |x#5$wclk$8| () (_ BitVec 8) #b10111100)
(define-fun |memory_model::choice_ws-ext_0_13_6_10_F_806| () Bool true)
(define-fun |memory_model::choice_ws-ext_3_10_4_10_F_807| () Bool false)
(define-fun |memory_model::choice_ws-ext_3_10_5_10_F_808| () Bool false)
(define-fun |memory_model::choice_ws-ext_3_10_6_10_F_809| () Bool false)
(define-fun |memory_model::choice_ws-ext_4_10_5_10_F_810| () Bool false)
(define-fun |memory_model::choice_ws-ext_4_10_6_10_F_811| () Bool false)
(define-fun |memory_model::choice_ws-ext_5_10_6_10_F_812| () Bool true)
(define-fun |memory_model::choice_ws-ext_0_9_1_2_F_813| () Bool true)
(define-fun |memory_model::choice_ws-ext_0_9_3_2_F_814| () Bool true)
(define-fun |memory_model::choice_ws-ext_0_9_4_2_F_815| () Bool true)
(define-fun |memory_model::choice_ws-ext_0_9_5_2_F_816| () Bool true)
(define-fun |memory_model::choice_ws-ext_0_9_6_2_F_817| () Bool true)
(define-fun |memory_model::choice_ws-ext_1_2_3_2_F_818| () Bool true)
(define-fun |memory_model::choice_ws-ext_1_2_4_2_F_819| () Bool true)
(define-fun |memory_model::choice_ws-ext_1_2_5_2_F_820| () Bool false)
(define-fun |memory_model::choice_ws-ext_1_2_6_2_F_821| () Bool true)
(define-fun |memory_model::choice_ws-ext_3_2_4_2_F_822| () Bool false)
(define-fun |memory_model::choice_ws-ext_3_2_5_2_F_823| () Bool false)
(define-fun |memory_model::choice_ws-ext_3_2_6_2_F_824| () Bool false)
(define-fun |memory_model::choice_ws-ext_4_2_5_2_F_825| () Bool false)
(define-fun |memory_model::choice_ws-ext_4_2_6_2_F_826| () Bool false)
(define-fun |memory_model::choice_ws-ext_5_2_6_2_F_827| () Bool true)
(define-fun |memory_model::choice_ws-ext_0_10_1_3_F_828| () Bool true)
(define-fun |memory_model::choice_ws-ext_0_10_3_3_F_829| () Bool true)
(define-fun |memory_model::choice_ws-ext_0_10_4_3_F_830| () Bool true)
(define-fun |memory_model::choice_ws-ext_0_10_5_3_F_831| () Bool true)
(define-fun |memory_model::choice_ws-ext_0_10_6_3_F_832| () Bool true)
(define-fun |memory_model::choice_ws-ext_1_3_3_3_F_833| () Bool true)
(define-fun |memory_model::choice_ws-ext_1_3_4_3_F_834| () Bool true)
(define-fun |memory_model::choice_ws-ext_1_3_5_3_F_835| () Bool false)
(define-fun |memory_model::choice_ws-ext_1_3_6_3_F_836| () Bool true)
(define-fun |memory_model::choice_ws-ext_3_3_4_3_F_837| () Bool false)
(define-fun |memory_model::choice_ws-ext_3_3_5_3_F_838| () Bool false)
(define-fun |memory_model::choice_ws-ext_3_3_6_3_F_839| () Bool false)
(define-fun |memory_model::choice_ws-ext_4_3_5_3_F_840| () Bool false)
(define-fun |memory_model::choice_ws-ext_4_3_6_3_F_841| () Bool false)
(define-fun |memory_model::choice_ws-ext_5_3_6_3_F_842| () Bool true)
(define-fun |memory_model::choice_ws-ext_0_11_1_6_F_843| () Bool true)
(define-fun |memory_model::choice_ws-ext_0_11_3_4_F_844| () Bool true)
(define-fun |memory_model::choice_ws-ext_0_11_4_4_F_845| () Bool true)
(define-fun |memory_model::choice_ws-ext_0_11_5_4_F_846| () Bool true)
(define-fun |memory_model::choice_ws-ext_0_11_6_4_F_847| () Bool true)
(define-fun |memory_model::choice_ws-ext_1_6_3_4_F_848| () Bool false)
(define-fun |memory_model::choice_ws-ext_1_6_4_4_F_849| () Bool false)
(define-fun |memory_model::choice_ws-ext_1_6_5_4_F_850| () Bool false)
(define-fun |memory_model::choice_ws-ext_1_6_6_4_F_851| () Bool false)
(define-fun |memory_model::choice_ws-ext_3_4_4_4_F_852| () Bool false)
(define-fun |memory_model::choice_ws-ext_3_4_5_4_F_853| () Bool false)
(define-fun |memory_model::choice_ws-ext_3_4_6_4_F_854| () Bool false)
(define-fun |memory_model::choice_ws-ext_4_4_5_4_F_855| () Bool false)
(define-fun |memory_model::choice_ws-ext_4_4_6_4_F_856| () Bool false)
(define-fun |memory_model::choice_ws-ext_5_4_6_4_F_857| () Bool true)
(define-fun |memory_model::choice_ws-ext_0_12_1_1_F_858| () Bool true)
(define-fun |memory_model::choice_ws-ext_0_12_1_5_F_859| () Bool true)
(define-fun |memory_model::choice_ws-ext_0_12_2_1_F_860| () Bool true)
(define-fun |memory_model::choice_ws-ext_0_12_2_5_F_861| () Bool true)
(define-fun |memory_model::choice_ws-ext_0_12_2_7_F_862| () Bool true)
(define-fun |memory_model::choice_ws-ext_0_12_2_11_F_863| () Bool true)
(define-fun |memory_model::choice_ws-ext_0_12_2_13_F_864| () Bool true)
(define-fun |memory_model::choice_ws-ext_0_12_2_17_F_865| () Bool true)
(define-fun |memory_model::choice_ws-ext_0_12_2_19_F_866| () Bool true)
(define-fun |memory_model::choice_ws-ext_0_12_2_23_F_867| () Bool true)
(define-fun |memory_model::choice_ws-ext_0_12_3_1_F_868| () Bool true)
(define-fun |memory_model::choice_ws-ext_0_12_3_6_F_869| () Bool true)
(define-fun |memory_model::choice_ws-ext_0_12_3_8_F_870| () Bool true)
(define-fun |memory_model::choice_ws-ext_0_12_3_14_F_871| () Bool true)
(define-fun |memory_model::choice_ws-ext_0_12_4_1_F_872| () Bool true)
(define-fun |memory_model::choice_ws-ext_0_12_4_6_F_873| () Bool true)
(define-fun |memory_model::choice_ws-ext_0_12_4_8_F_874| () Bool true)
(define-fun |memory_model::choice_ws-ext_0_12_4_14_F_875| () Bool true)
(define-fun |memory_model::choice_ws-ext_0_12_5_1_F_876| () Bool true)
(define-fun |memory_model::choice_ws-ext_0_12_5_6_F_877| () Bool true)
(define-fun |memory_model::choice_ws-ext_0_12_5_8_F_878| () Bool true)
(define-fun |memory_model::choice_ws-ext_0_12_5_14_F_879| () Bool true)
(define-fun |memory_model::choice_ws-ext_0_12_6_1_F_880| () Bool true)
(define-fun |memory_model::choice_ws-ext_0_12_6_6_F_881| () Bool true)
(define-fun |memory_model::choice_ws-ext_0_12_6_8_F_882| () Bool true)
(define-fun |memory_model::choice_ws-ext_0_12_6_14_F_883| () Bool true)
(define-fun |memory_model::choice_ws-ext_1_1_2_1_F_884| () Bool true)
(define-fun |memory_model::choice_ws-ext_1_1_2_5_F_885| () Bool true)
(define-fun |memory_model::choice_ws-ext_1_1_2_7_F_886| () Bool true)
(define-fun |memory_model::choice_ws-ext_1_1_2_11_F_887| () Bool true)
(define-fun |memory_model::choice_ws-ext_1_1_2_13_F_888| () Bool true)
(define-fun |memory_model::choice_ws-ext_1_1_2_17_F_889| () Bool true)
(define-fun |memory_model::choice_ws-ext_1_1_2_19_F_890| () Bool true)
(define-fun |memory_model::choice_ws-ext_1_1_2_23_F_891| () Bool true)
(define-fun |memory_model::choice_ws-ext_1_1_3_1_F_892| () Bool true)
(define-fun |memory_model::choice_ws-ext_1_1_3_6_F_893| () Bool true)
(define-fun |memory_model::choice_ws-ext_1_1_3_8_F_894| () Bool true)
(define-fun |memory_model::choice_ws-ext_1_1_3_14_F_895| () Bool true)
(define-fun |memory_model::choice_ws-ext_1_1_4_1_F_896| () Bool true)
(define-fun |memory_model::choice_ws-ext_1_1_4_6_F_897| () Bool true)
(define-fun |memory_model::choice_ws-ext_1_1_4_8_F_898| () Bool true)
(define-fun |memory_model::choice_ws-ext_1_1_4_14_F_899| () Bool true)
(define-fun |memory_model::choice_ws-ext_1_1_5_1_F_900| () Bool false)
(define-fun |memory_model::choice_ws-ext_1_1_5_6_F_901| () Bool false)
(define-fun |memory_model::choice_ws-ext_1_1_5_8_F_902| () Bool true)
(define-fun |memory_model::choice_ws-ext_1_1_5_14_F_903| () Bool true)
(define-fun |memory_model::choice_ws-ext_1_1_6_1_F_904| () Bool true)
(define-fun |memory_model::choice_ws-ext_1_1_6_6_F_905| () Bool true)
(define-fun |memory_model::choice_ws-ext_1_1_6_8_F_906| () Bool true)
(define-fun |memory_model::choice_ws-ext_1_1_6_14_F_907| () Bool true)
(define-fun |memory_model::choice_ws-ext_1_5_2_1_F_908| () Bool true)
(define-fun |memory_model::choice_ws-ext_1_5_2_5_F_909| () Bool true)
(define-fun |memory_model::choice_ws-ext_1_5_2_7_F_910| () Bool true)
(define-fun |memory_model::choice_ws-ext_1_5_2_11_F_911| () Bool true)
(define-fun |memory_model::choice_ws-ext_1_5_2_13_F_912| () Bool true)
(define-fun |memory_model::choice_ws-ext_1_5_2_17_F_913| () Bool true)
(define-fun |memory_model::choice_ws-ext_1_5_2_19_F_914| () Bool true)
(define-fun |memory_model::choice_ws-ext_1_5_2_23_F_915| () Bool true)
(define-fun |memory_model::choice_ws-ext_1_5_3_1_F_916| () Bool true)
(define-fun |memory_model::choice_ws-ext_1_5_3_6_F_917| () Bool true)
(define-fun |memory_model::choice_ws-ext_1_5_3_8_F_918| () Bool true)
(define-fun |memory_model::choice_ws-ext_1_5_3_14_F_919| () Bool true)
(define-fun |memory_model::choice_ws-ext_1_5_4_1_F_920| () Bool true)
(define-fun |memory_model::choice_ws-ext_1_5_4_6_F_921| () Bool true)
(define-fun |memory_model::choice_ws-ext_1_5_4_8_F_922| () Bool true)
(define-fun |memory_model::choice_ws-ext_1_5_4_14_F_923| () Bool true)
(define-fun |memory_model::choice_ws-ext_1_5_5_1_F_924| () Bool false)
(define-fun |memory_model::choice_ws-ext_1_5_5_6_F_925| () Bool false)
(define-fun |memory_model::choice_ws-ext_1_5_5_8_F_926| () Bool true)
(define-fun |memory_model::choice_ws-ext_1_5_5_14_F_927| () Bool true)
(define-fun |memory_model::choice_ws-ext_1_5_6_1_F_928| () Bool true)
(define-fun |memory_model::choice_ws-ext_1_5_6_6_F_929| () Bool true)
(define-fun |memory_model::choice_ws-ext_1_5_6_8_F_930| () Bool true)
(define-fun |memory_model::choice_ws-ext_1_5_6_14_F_931| () Bool true)
(define-fun |memory_model::choice_ws-ext_2_1_3_1_F_932| () Bool false)
(define-fun |memory_model::choice_ws-ext_2_1_3_6_F_933| () Bool false)
(define-fun |memory_model::choice_ws-ext_2_1_3_8_F_934| () Bool false)
(define-fun |memory_model::choice_ws-ext_2_1_3_14_F_935| () Bool false)
(define-fun |memory_model::choice_ws-ext_2_1_4_1_F_936| () Bool false)
(define-fun |memory_model::choice_ws-ext_2_1_4_6_F_937| () Bool false)
(define-fun |memory_model::choice_ws-ext_2_1_4_8_F_938| () Bool false)
(define-fun |memory_model::choice_ws-ext_2_1_4_14_F_939| () Bool false)
(define-fun |memory_model::choice_ws-ext_2_1_5_1_F_940| () Bool false)
(define-fun |memory_model::choice_ws-ext_2_1_5_6_F_941| () Bool false)
(define-fun |memory_model::choice_ws-ext_2_1_5_8_F_942| () Bool false)
(define-fun |memory_model::choice_ws-ext_2_1_5_14_F_943| () Bool false)
(define-fun |memory_model::choice_ws-ext_2_1_6_1_F_944| () Bool false)
(define-fun |memory_model::choice_ws-ext_2_1_6_6_F_945| () Bool false)
(define-fun |memory_model::choice_ws-ext_2_1_6_8_F_946| () Bool false)
(define-fun |memory_model::choice_ws-ext_2_1_6_14_F_947| () Bool false)
(define-fun |memory_model::choice_ws-ext_2_5_3_1_F_948| () Bool false)
(define-fun |memory_model::choice_ws-ext_2_5_3_6_F_949| () Bool false)
(define-fun |memory_model::choice_ws-ext_2_5_3_8_F_950| () Bool false)
(define-fun |memory_model::choice_ws-ext_2_5_3_14_F_951| () Bool false)
(define-fun |memory_model::choice_ws-ext_2_5_4_1_F_952| () Bool false)
(define-fun |memory_model::choice_ws-ext_2_5_4_6_F_953| () Bool false)
(define-fun |memory_model::choice_ws-ext_2_5_4_8_F_954| () Bool false)
(define-fun |memory_model::choice_ws-ext_2_5_4_14_F_955| () Bool false)
(define-fun |memory_model::choice_ws-ext_2_5_5_1_F_956| () Bool false)
(define-fun |memory_model::choice_ws-ext_2_5_5_6_F_957| () Bool false)
(define-fun |memory_model::choice_ws-ext_2_5_5_8_F_958| () Bool false)
(define-fun |memory_model::choice_ws-ext_2_5_5_14_F_959| () Bool false)
(define-fun |memory_model::choice_ws-ext_2_5_6_1_F_960| () Bool false)
(define-fun |memory_model::choice_ws-ext_2_5_6_6_F_961| () Bool false)
(define-fun |memory_model::choice_ws-ext_2_5_6_8_F_962| () Bool false)
(define-fun |memory_model::choice_ws-ext_2_5_6_14_F_963| () Bool false)
(define-fun |memory_model::choice_ws-ext_2_7_3_1_F_964| () Bool false)
(define-fun |memory_model::choice_ws-ext_2_7_3_6_F_965| () Bool false)
(define-fun |memory_model::choice_ws-ext_2_7_3_8_F_966| () Bool false)
(define-fun |memory_model::choice_ws-ext_2_7_3_14_F_967| () Bool false)
(define-fun |memory_model::choice_ws-ext_2_7_4_1_F_968| () Bool false)
(define-fun |memory_model::choice_ws-ext_2_7_4_6_F_969| () Bool false)
(define-fun |memory_model::choice_ws-ext_2_7_4_8_F_970| () Bool false)
(define-fun |memory_model::choice_ws-ext_2_7_4_14_F_971| () Bool false)
(define-fun |memory_model::choice_ws-ext_2_7_5_1_F_972| () Bool false)
(define-fun |memory_model::choice_ws-ext_2_7_5_6_F_973| () Bool false)
(define-fun |memory_model::choice_ws-ext_2_7_5_8_F_974| () Bool false)
(define-fun |memory_model::choice_ws-ext_2_7_5_14_F_975| () Bool false)
(define-fun |memory_model::choice_ws-ext_2_7_6_1_F_976| () Bool false)
(define-fun |memory_model::choice_ws-ext_2_7_6_6_F_977| () Bool false)
(define-fun |memory_model::choice_ws-ext_2_7_6_8_F_978| () Bool false)
(define-fun |memory_model::choice_ws-ext_2_7_6_14_F_979| () Bool false)
(define-fun |memory_model::choice_ws-ext_2_11_3_1_F_980| () Bool false)
(define-fun |memory_model::choice_ws-ext_2_11_3_6_F_981| () Bool false)
(define-fun |memory_model::choice_ws-ext_2_11_3_8_F_982| () Bool false)
(define-fun |memory_model::choice_ws-ext_2_11_3_14_F_983| () Bool false)
(define-fun |memory_model::choice_ws-ext_2_11_4_1_F_984| () Bool false)
(define-fun |memory_model::choice_ws-ext_2_11_4_6_F_985| () Bool false)
(define-fun |memory_model::choice_ws-ext_2_11_4_8_F_986| () Bool false)
(define-fun |memory_model::choice_ws-ext_2_11_4_14_F_987| () Bool false)
(define-fun |memory_model::choice_ws-ext_2_11_5_1_F_988| () Bool false)
(define-fun |memory_model::choice_ws-ext_2_11_5_6_F_989| () Bool false)
(define-fun |memory_model::choice_ws-ext_2_11_5_8_F_990| () Bool false)
(define-fun |memory_model::choice_ws-ext_2_11_5_14_F_991| () Bool false)
(define-fun |memory_model::choice_ws-ext_2_11_6_1_F_992| () Bool false)
(define-fun |memory_model::choice_ws-ext_2_11_6_6_F_993| () Bool false)
(define-fun |memory_model::choice_ws-ext_2_11_6_8_F_994| () Bool false)
(define-fun |memory_model::choice_ws-ext_2_11_6_14_F_995| () Bool false)
(define-fun |memory_model::choice_ws-ext_2_13_3_1_F_996| () Bool false)
(define-fun |memory_model::choice_ws-ext_2_13_3_6_F_997| () Bool false)
(define-fun |memory_model::choice_ws-ext_2_13_3_8_F_998| () Bool false)
(define-fun |memory_model::choice_ws-ext_2_13_3_14_F_999| () Bool false)
(define-fun |memory_model::choice_ws-ext_2_13_4_1_F_1000| () Bool false)
(define-fun |memory_model::choice_ws-ext_2_13_4_6_F_1001| () Bool false)
(define-fun |memory_model::choice_ws-ext_2_13_4_8_F_1002| () Bool false)
(define-fun |memory_model::choice_ws-ext_2_13_4_14_F_1003| () Bool false)
(define-fun |memory_model::choice_ws-ext_2_13_5_1_F_1004| () Bool false)
(define-fun |memory_model::choice_ws-ext_2_13_5_6_F_1005| () Bool false)
(define-fun |memory_model::choice_ws-ext_2_13_5_8_F_1006| () Bool false)
(define-fun |memory_model::choice_ws-ext_2_13_5_14_F_1007| () Bool false)
(define-fun |memory_model::choice_ws-ext_2_13_6_1_F_1008| () Bool false)
(define-fun |memory_model::choice_ws-ext_2_13_6_6_F_1009| () Bool false)
(define-fun |memory_model::choice_ws-ext_2_13_6_8_F_1010| () Bool false)
(define-fun |memory_model::choice_ws-ext_2_13_6_14_F_1011| () Bool false)
(define-fun |memory_model::choice_ws-ext_2_17_3_1_F_1012| () Bool false)
(define-fun |memory_model::choice_ws-ext_2_17_3_6_F_1013| () Bool false)
(define-fun |memory_model::choice_ws-ext_2_17_3_8_F_1014| () Bool false)
(define-fun |memory_model::choice_ws-ext_2_17_3_14_F_1015| () Bool false)
(define-fun |memory_model::choice_ws-ext_2_17_4_1_F_1016| () Bool false)
(define-fun |memory_model::choice_ws-ext_2_17_4_6_F_1017| () Bool false)
(define-fun |memory_model::choice_ws-ext_2_17_4_8_F_1018| () Bool false)
(define-fun |memory_model::choice_ws-ext_2_17_4_14_F_1019| () Bool false)
(define-fun |memory_model::choice_ws-ext_2_17_5_1_F_1020| () Bool false)
(define-fun |memory_model::choice_ws-ext_2_17_5_6_F_1021| () Bool false)
(define-fun |memory_model::choice_ws-ext_2_17_5_8_F_1022| () Bool false)
(define-fun |memory_model::choice_ws-ext_2_17_5_14_F_1023| () Bool false)
(define-fun |memory_model::choice_ws-ext_2_17_6_1_F_1024| () Bool false)
(define-fun |memory_model::choice_ws-ext_2_17_6_6_F_1025| () Bool false)
(define-fun |memory_model::choice_ws-ext_2_17_6_8_F_1026| () Bool false)
(define-fun |memory_model::choice_ws-ext_2_17_6_14_F_1027| () Bool false)
(define-fun |memory_model::choice_ws-ext_2_19_3_1_F_1028| () Bool false)
(define-fun |memory_model::choice_ws-ext_2_19_3_6_F_1029| () Bool false)
(define-fun |memory_model::choice_ws-ext_2_19_3_8_F_1030| () Bool false)
(define-fun |memory_model::choice_ws-ext_2_19_3_14_F_1031| () Bool false)
(define-fun |memory_model::choice_ws-ext_2_19_4_1_F_1032| () Bool false)
(define-fun |memory_model::choice_ws-ext_2_19_4_6_F_1033| () Bool false)
(define-fun |memory_model::choice_ws-ext_2_19_4_8_F_1034| () Bool false)
(define-fun |memory_model::choice_ws-ext_2_19_4_14_F_1035| () Bool false)
(define-fun |memory_model::choice_ws-ext_2_19_5_1_F_1036| () Bool false)
(define-fun |memory_model::choice_ws-ext_2_19_5_6_F_1037| () Bool false)
(define-fun |memory_model::choice_ws-ext_2_19_5_8_F_1038| () Bool false)
(define-fun |memory_model::choice_ws-ext_2_19_5_14_F_1039| () Bool false)
(define-fun |memory_model::choice_ws-ext_2_19_6_1_F_1040| () Bool false)
(define-fun |memory_model::choice_ws-ext_2_19_6_6_F_1041| () Bool false)
(define-fun |memory_model::choice_ws-ext_2_19_6_8_F_1042| () Bool false)
(define-fun |memory_model::choice_ws-ext_2_19_6_14_F_1043| () Bool false)
(define-fun |memory_model::choice_ws-ext_2_23_3_1_F_1044| () Bool false)
(define-fun |memory_model::choice_ws-ext_2_23_3_6_F_1045| () Bool false)
(define-fun |memory_model::choice_ws-ext_2_23_3_8_F_1046| () Bool false)
(define-fun |memory_model::choice_ws-ext_2_23_3_14_F_1047| () Bool false)
(define-fun |memory_model::choice_ws-ext_2_23_4_1_F_1048| () Bool false)
(define-fun |memory_model::choice_ws-ext_2_23_4_6_F_1049| () Bool false)
(define-fun |memory_model::choice_ws-ext_2_23_4_8_F_1050| () Bool false)
(define-fun |memory_model::choice_ws-ext_2_23_4_14_F_1051| () Bool false)
(define-fun |memory_model::choice_ws-ext_2_23_5_1_F_1052| () Bool false)
(define-fun |memory_model::choice_ws-ext_2_23_5_6_F_1053| () Bool false)
(define-fun |memory_model::choice_ws-ext_2_23_5_8_F_1054| () Bool false)
(define-fun |memory_model::choice_ws-ext_2_23_5_14_F_1055| () Bool false)
(define-fun |memory_model::choice_ws-ext_2_23_6_1_F_1056| () Bool false)
(define-fun |memory_model::choice_ws-ext_2_23_6_6_F_1057| () Bool false)
(define-fun |memory_model::choice_ws-ext_2_23_6_8_F_1058| () Bool false)
(define-fun |memory_model::choice_ws-ext_2_23_6_14_F_1059| () Bool false)
(define-fun |memory_model::choice_ws-ext_3_1_4_1_F_1060| () Bool false)
(define-fun |memory_model::choice_ws-ext_3_1_4_6_F_1061| () Bool false)
(define-fun |memory_model::choice_ws-ext_3_1_4_8_F_1062| () Bool false)
(define-fun |memory_model::choice_ws-ext_3_1_4_14_F_1063| () Bool true)
(define-fun |memory_model::choice_ws-ext_3_1_5_1_F_1064| () Bool false)
(define-fun |memory_model::choice_ws-ext_3_1_5_6_F_1065| () Bool false)
(define-fun |memory_model::choice_ws-ext_3_1_5_8_F_1066| () Bool false)
(define-fun |memory_model::choice_ws-ext_3_1_5_14_F_1067| () Bool false)
(define-fun |memory_model::choice_ws-ext_3_1_6_1_F_1068| () Bool false)
(define-fun |memory_model::choice_ws-ext_3_1_6_6_F_1069| () Bool false)
(define-fun |memory_model::choice_ws-ext_3_1_6_8_F_1070| () Bool false)
(define-fun |memory_model::choice_ws-ext_3_1_6_14_F_1071| () Bool true)
(define-fun |memory_model::choice_ws-ext_3_6_4_1_F_1072| () Bool false)
(define-fun |memory_model::choice_ws-ext_3_6_4_6_F_1073| () Bool false)
(define-fun |memory_model::choice_ws-ext_3_6_4_8_F_1074| () Bool false)
(define-fun |memory_model::choice_ws-ext_3_6_4_14_F_1075| () Bool false)
(define-fun |memory_model::choice_ws-ext_3_6_5_1_F_1076| () Bool false)
(define-fun |memory_model::choice_ws-ext_3_6_5_6_F_1077| () Bool false)
(define-fun |memory_model::choice_ws-ext_3_6_5_8_F_1078| () Bool false)
(define-fun |memory_model::choice_ws-ext_3_6_5_14_F_1079| () Bool false)
(define-fun |memory_model::choice_ws-ext_3_6_6_1_F_1080| () Bool false)
(define-fun |memory_model::choice_ws-ext_3_6_6_6_F_1081| () Bool false)
(define-fun |memory_model::choice_ws-ext_3_6_6_8_F_1082| () Bool false)
(define-fun |memory_model::choice_ws-ext_3_6_6_14_F_1083| () Bool false)
(define-fun |memory_model::choice_ws-ext_3_8_4_1_F_1084| () Bool false)
(define-fun |memory_model::choice_ws-ext_3_8_4_6_F_1085| () Bool false)
(define-fun |memory_model::choice_ws-ext_3_8_4_8_F_1086| () Bool false)
(define-fun |memory_model::choice_ws-ext_3_8_4_14_F_1087| () Bool false)
(define-fun |memory_model::choice_ws-ext_3_8_5_1_F_1088| () Bool false)
(define-fun |memory_model::choice_ws-ext_3_8_5_6_F_1089| () Bool false)
(define-fun |memory_model::choice_ws-ext_3_8_5_8_F_1090| () Bool false)
(define-fun |memory_model::choice_ws-ext_3_8_5_14_F_1091| () Bool false)
(define-fun |memory_model::choice_ws-ext_3_8_6_1_F_1092| () Bool false)
(define-fun |memory_model::choice_ws-ext_3_8_6_6_F_1093| () Bool false)
(define-fun |memory_model::choice_ws-ext_3_8_6_8_F_1094| () Bool false)
(define-fun |memory_model::choice_ws-ext_3_8_6_14_F_1095| () Bool false)
(define-fun |memory_model::choice_ws-ext_3_14_4_1_F_1096| () Bool false)
(define-fun |memory_model::choice_ws-ext_3_14_4_6_F_1097| () Bool false)
(define-fun |memory_model::choice_ws-ext_3_14_4_8_F_1098| () Bool false)
(define-fun |memory_model::choice_ws-ext_3_14_4_14_F_1099| () Bool false)
(define-fun |memory_model::choice_ws-ext_3_14_5_1_F_1100| () Bool false)
(define-fun |memory_model::choice_ws-ext_3_14_5_6_F_1101| () Bool false)
(define-fun |memory_model::choice_ws-ext_3_14_5_8_F_1102| () Bool false)
(define-fun |memory_model::choice_ws-ext_3_14_5_14_F_1103| () Bool false)
(define-fun |memory_model::choice_ws-ext_3_14_6_1_F_1104| () Bool false)
(define-fun |memory_model::choice_ws-ext_3_14_6_6_F_1105| () Bool false)
(define-fun |memory_model::choice_ws-ext_3_14_6_8_F_1106| () Bool false)
(define-fun |memory_model::choice_ws-ext_3_14_6_14_F_1107| () Bool false)
(define-fun |memory_model::choice_ws-ext_4_1_5_1_F_1108| () Bool false)
(define-fun |memory_model::choice_ws-ext_4_1_5_6_F_1109| () Bool false)
(define-fun |memory_model::choice_ws-ext_4_1_5_8_F_1110| () Bool false)
(define-fun |memory_model::choice_ws-ext_4_1_5_14_F_1111| () Bool false)
(define-fun |memory_model::choice_ws-ext_4_1_6_1_F_1112| () Bool false)
(define-fun |memory_model::choice_ws-ext_4_1_6_6_F_1113| () Bool false)
(define-fun |memory_model::choice_ws-ext_4_1_6_8_F_1114| () Bool false)
(define-fun |memory_model::choice_ws-ext_4_1_6_14_F_1115| () Bool true)
(define-fun |memory_model::choice_ws-ext_4_6_5_1_F_1116| () Bool false)
(define-fun |memory_model::choice_ws-ext_4_6_5_6_F_1117| () Bool false)
(define-fun |memory_model::choice_ws-ext_4_6_5_8_F_1118| () Bool false)
(define-fun |memory_model::choice_ws-ext_4_6_5_14_F_1119| () Bool false)
(define-fun |memory_model::choice_ws-ext_4_6_6_1_F_1120| () Bool false)
(define-fun |memory_model::choice_ws-ext_4_6_6_6_F_1121| () Bool false)
(define-fun |memory_model::choice_ws-ext_4_6_6_8_F_1122| () Bool false)
(define-fun |memory_model::choice_ws-ext_4_6_6_14_F_1123| () Bool true)
(define-fun |memory_model::choice_ws-ext_4_8_5_1_F_1124| () Bool false)
(define-fun |memory_model::choice_ws-ext_4_8_5_6_F_1125| () Bool false)
(define-fun |memory_model::choice_ws-ext_4_8_5_8_F_1126| () Bool false)
(define-fun |memory_model::choice_ws-ext_4_8_5_14_F_1127| () Bool false)
(define-fun |memory_model::choice_ws-ext_4_8_6_1_F_1128| () Bool false)
(define-fun |memory_model::choice_ws-ext_4_8_6_6_F_1129| () Bool false)
(define-fun |memory_model::choice_ws-ext_4_8_6_8_F_1130| () Bool false)
(define-fun |memory_model::choice_ws-ext_4_8_6_14_F_1131| () Bool true)
(define-fun |memory_model::choice_ws-ext_4_14_5_1_F_1132| () Bool false)
(define-fun |memory_model::choice_ws-ext_4_14_5_6_F_1133| () Bool false)
(define-fun |memory_model::choice_ws-ext_4_14_5_8_F_1134| () Bool false)
(define-fun |memory_model::choice_ws-ext_4_14_5_14_F_1135| () Bool false)
(define-fun |memory_model::choice_ws-ext_4_14_6_1_F_1136| () Bool false)
(define-fun |memory_model::choice_ws-ext_4_14_6_6_F_1137| () Bool false)
(define-fun |memory_model::choice_ws-ext_4_14_6_8_F_1138| () Bool false)
(define-fun |memory_model::choice_ws-ext_4_14_6_14_F_1139| () Bool false)
(define-fun |memory_model::choice_ws-ext_5_1_6_1_F_1140| () Bool true)
(define-fun |memory_model::choice_ws-ext_5_1_6_6_F_1141| () Bool true)
(define-fun |memory_model::choice_ws-ext_5_1_6_8_F_1142| () Bool true)
(define-fun |memory_model::choice_ws-ext_5_1_6_14_F_1143| () Bool true)
(define-fun |memory_model::choice_ws-ext_5_6_6_1_F_1144| () Bool true)
(define-fun |memory_model::choice_ws-ext_5_6_6_6_F_1145| () Bool true)
(define-fun |memory_model::choice_ws-ext_5_6_6_8_F_1146| () Bool true)
(define-fun |memory_model::choice_ws-ext_5_6_6_14_F_1147| () Bool true)
(define-fun |memory_model::choice_ws-ext_5_8_6_1_F_1148| () Bool false)
(define-fun |memory_model::choice_ws-ext_5_8_6_6_F_1149| () Bool false)
(define-fun |memory_model::choice_ws-ext_5_8_6_8_F_1150| () Bool true)
(define-fun |memory_model::choice_ws-ext_5_8_6_14_F_1151| () Bool true)
(define-fun |memory_model::choice_ws-ext_5_14_6_1_F_1152| () Bool false)
(define-fun |memory_model::choice_ws-ext_5_14_6_6_F_1153| () Bool false)
(define-fun |memory_model::choice_ws-ext_5_14_6_8_F_1154| () Bool true)
(define-fun |memory_model::choice_ws-ext_5_14_6_14_F_1155| () Bool true)
(define-fun t1$17$spwnclk$8 () (_ BitVec 8) #b00010011)
(define-fun t1$21$spwnclk$8 () (_ BitVec 8) #b00010110)
(define-fun t1$25$spwnclk$8 () (_ BitVec 8) #b00110011)
(define-fun t1$29$spwnclk$8 () (_ BitVec 8) #b01000100)
(define-fun t1$33$spwnclk$8 () (_ BitVec 8) #b01001101)
(define-fun t1$37$spwnclk$8 () (_ BitVec 8) #b01011100)
(define-fun |__CPROVER_dead_object#1$wclk$8| () (_ BitVec 8) #b00000000)
(define-fun |__CPROVER_deallocated#1$wclk$8| () (_ BitVec 8) #b00000001)
(define-fun |__CPROVER_malloc_is_new_array#1$wclk$8| () (_ BitVec 8) #b00000010)
(define-fun |__CPROVER_malloc_object#1$wclk$8| () (_ BitVec 8) #b00000011)
(define-fun |__CPROVER_malloc_size#1$wclk$8| () (_ BitVec 8) #b00000100)
(define-fun |__CPROVER_memory_leak#1$wclk$8| () (_ BitVec 8) #b00000110)
(define-fun |__CPROVER_next_thread_id#1$wclk$8| () (_ BitVec 8) #b00000111)
(define-fun |__CPROVER_pipe_count#1$wclk$8| () (_ BitVec 8) #b00001000)
(define-fun |main::1::t!0@1#1$wclk$8| () (_ BitVec 8) #b00001111)
(define-fun |__CPROVER_next_thread_id#2$wclk$8| () (_ BitVec 8) #b00010001)
(define-fun |main::1::t!0@1#2$wclk$8| () (_ BitVec 8) #b00010010)
(define-fun |__CPROVER_next_thread_id#3$rclk$8| () (_ BitVec 8) #b00010100)
(define-fun |__CPROVER_next_thread_id#5$wclk$8| () (_ BitVec 8) #b00010100)
(define-fun |main::1::t!0@1#3$wclk$8| () (_ BitVec 8) #b00010101)
(define-fun |__CPROVER_next_thread_id#6$rclk$8| () (_ BitVec 8) #b00010111)
(define-fun |__CPROVER_next_thread_id#8$wclk$8| () (_ BitVec 8) #b00010111)
(define-fun |main::1::t!0@1#4$wclk$8| () (_ BitVec 8) #b00110010)
(define-fun |__CPROVER_next_thread_id#9$rclk$8| () (_ BitVec 8) #b00110100)
(define-fun |__CPROVER_next_thread_id#11$wclk$8| () (_ BitVec 8) #b00110100)
(define-fun |main::1::t!0@1#5$wclk$8| () (_ BitVec 8) #b01000010)
(define-fun |__CPROVER_next_thread_id#12$rclk$8| () (_ BitVec 8) #b01000101)
(define-fun |__CPROVER_next_thread_id#14$wclk$8| () (_ BitVec 8) #b01000101)
(define-fun |main::1::t!0@1#6$wclk$8| () (_ BitVec 8) #b01001100)
(define-fun |__CPROVER_next_thread_id#15$rclk$8| () (_ BitVec 8) #b01010110)
(define-fun |__CPROVER_next_thread_id#17$wclk$8| () (_ BitVec 8) #b01010110)
(define-fun |main::1::t!0@1#7$wclk$8| () (_ BitVec 8) #b01010111)
)

real	0m3.306s
user	0m3.283s
sys	0m0.017s
State: AC Run_time: 3.307906150817871