num of guard = 4
num of elim = 110
num of guard = 4
num of elim = 0
sat
((|B0| true))
((|B1| true))
((|B10| true))
((|B100| true))
((|B101| true))
((|B102| true))
((|B103| true))
((|B104| true))
((|B105| true))
((|B106| true))
((|B107| true))
((|B108| true))
((|B109| true))
((|B11| true))
((|B110| true))
((|B111| true))
((|B112| true))
((|B113| true))
((|B114| true))
((|B115| true))
((|B116| true))
((|B117| true))
((|B118| true))
((|B119| true))
((|B12| true))
((|B120| true))
((|B121| true))
((|B122| true))
((|B123| true))
((|B124| true))
((|B125| true))
((|B126| true))
((|B127| true))
((|B128| true))
((|B129| true))
((|B13| true))
((|B130| true))
((|B131| true))
((|B132| true))
((|B133| true))
((|B134| true))
((|B135| true))
((|B136| true))
((|B137| true))
((|B138| true))
((|B139| true))
((|B14| true))
((|B140| true))
((|B141| true))
((|B142| true))
((|B143| true))
((|B144| true))
((|B145| true))
((|B146| true))
((|B147| true))
((|B148| true))
((|B149| true))
((|B15| true))
((|B150| true))
((|B151| true))
((|B152| true))
((|B153| true))
((|B154| true))
((|B155| true))
((|B156| true))
((|B157| true))
((|B158| true))
((|B159| true))
((|B16| true))
((|B160| true))
((|B161| true))
((|B162| true))
((|B163| true))
((|B164| true))
((|B165| true))
((|B166| true))
((|B167| true))
((|B168| true))
((|B169| true))
((|B17| true))
((|B170| true))
((|B171| true))
((|B172| true))
((|B173| true))
((|B174| true))
((|B175| true))
((|B176| true))
((|B177| true))
((|B178| true))
((|B179| true))
((|B18| true))
((|B180| true))
((|B181| true))
((|B182| true))
((|B183| true))
((|B184| true))
((|B185| true))
((|B186| true))
((|B187| true))
((|B188| true))
((|B189| true))
((|B19| true))
((|B190| true))
((|B191| false))
((|B192| true))
((|B193| false))
((|B194| true))
((|B2| true))
((|B20| true))
((|B21| true))
((|B22| true))
((|B23| true))
((|B24| true))
((|B25| true))
((|B26| true))
((|B27| true))
((|B28| true))
((|B29| true))
((|B3| true))
((|B30| true))
((|B31| true))
((|B32| true))
((|B33| true))
((|B34| true))
((|B35| true))
((|B36| true))
((|B37| true))
((|B38| true))
((|B39| true))
((|B4| true))
((|B40| true))
((|B41| true))
((|B42| true))
((|B43| true))
((|B44| true))
((|B45| true))
((|B46| true))
((|B47| true))
((|B48| true))
((|B49| true))
((|B5| true))
((|B50| true))
((|B51| true))
((|B52| true))
((|B53| true))
((|B54| true))
((|B55| false))
((|B56| true))
((|B57| true))
((|B58| true))
((|B59| true))
((|B6| true))
((|B60| true))
((|B61| true))
((|B62| true))
((|B63| true))
((|B64| true))
((|B65| true))
((|B66| true))
((|B67| true))
((|B68| true))
((|B69| true))
((|B7| true))
((|B70| false))
((|B71| false))
((|B72| false))
((|B73| false))
((|B74| false))
((|B75| false))
((|B76| false))
((|B77| true))
((|B78| true))
((|B79| true))
((|B8| true))
((|B80| true))
((|B81| true))
((|B82| true))
((|B83| true))
((|B84| true))
((|B85| true))
((|B86| true))
((|B87| true))
((|B88| true))
((|B89| true))
((|B9| true))
((|B90| true))
((|B91| true))
((|B92| true))
((|B93| true))
((|B94| true))
((|B95| true))
((|B96| true))
((|B97| true))
((|B98| true))
((|B99| true))
((|P0#return_value!1#1| #x00000000))
((|P0#return_value!1#2| #x00000000))
((|P0#return_value!2#1| #x00000000))
((|P0#return_value!3#1| #x00000000))
((|P0#return_value!4#1| #x00000000))
((|P0::$tmp::return_value___VERIFIER_nondet_pointer$1!1@1#1| #x00000000))
((|P0::$tmp::return_value___VERIFIER_nondet_pointer$1!1@1#2| #x00000000))
((|P0::arg!1@1#1| #x00000000))
((|P1#return_value!1#1| #x00000000))
((|P1#return_value!2#1| #x00000000))
((|P1#return_value!2#2| #x00000000))
((|P1#return_value!3#1| #x00000000))
((|P1#return_value!4#1| #x00000000))
((|P1::$tmp::return_value___VERIFIER_nondet_pointer$1!2@1#1| #x00000000))
((|P1::$tmp::return_value___VERIFIER_nondet_pointer$1!2@1#2| #x00000000))
((|P1::$tmp::return_value___VERIFIER_nondet_pointer$2!2@1#1| #x00000000))
((|P1::$tmp::return_value___VERIFIER_nondet_pointer$2!2@1#2| #xffffffff))
((|P1::$tmp::return_value___VERIFIER_nondet_pointer$3!2@1#1| #x00000000))
((|P1::$tmp::return_value___VERIFIER_nondet_pointer$3!2@1#2| #x00000000))
((|P1::arg!2@1#1| #x00000000))
((|P2#return_value!1#1| #x00000000))
((|P2#return_value!2#1| #x00000000))
((|P2#return_value!3#1| #x00000000))
((|P2#return_value!3#2| #x00000000))
((|P2#return_value!4#1| #x00000000))
((|P2::$tmp::return_value___VERIFIER_nondet_pointer$1!3@1#1| #x00000000))
((|P2::$tmp::return_value___VERIFIER_nondet_pointer$1!3@1#2| #x00000000))
((|P2::arg!3@1#1| #x00000000))
((|P3#return_value!1#1| #x00000000))
((|P3#return_value!2#1| #x00000000))
((|P3#return_value!3#1| #x00000000))
((|P3#return_value!4#1| #x00000000))
((|P3#return_value!4#2| #x00000000))
((|P3::$tmp::return_value___VERIFIER_nondet_pointer$1!4@1#1| #x00000000))
((|P3::$tmp::return_value___VERIFIER_nondet_pointer$1!4@1#2| #x00000000))
((|P3::arg!4@1#1| #x00000000))
((|__CPROVER_dead_object#1| #x00000000))
((|__CPROVER_dead_object#1$wclk$8| (- 75)))
((|__CPROVER_deallocated#1| #x00000000))
((|__CPROVER_deallocated#1$wclk$8| (- 74)))
((|__CPROVER_malloc_is_new_array#1| false))
((|__CPROVER_malloc_is_new_array#1$wclk$8| (- 73)))
((|__CPROVER_malloc_object#1| #x00000000))
((|__CPROVER_malloc_object#1$wclk$8| (- 72)))
((|__CPROVER_malloc_size#1| #x00000000))
((|__CPROVER_malloc_size#1$wclk$8| (- 71)))
((|__CPROVER_memory_leak#1| #x00000000))
((|__CPROVER_memory_leak#1$wclk$8| (- 70)))
((|__CPROVER_next_thread_id#1| #x00000000))
((|__CPROVER_next_thread_id#1$wclk$8| (- 69)))
((|__CPROVER_next_thread_id#10| #x00000003))
((|__CPROVER_next_thread_id#11| #x00000004))
((|__CPROVER_next_thread_id#11$wclk$8| (- 20)))
((|__CPROVER_next_thread_id#2| #x00000001))
((|__CPROVER_next_thread_id#2$wclk$8| (- 32)))
((|__CPROVER_next_thread_id#3| #x00000001))
((|__CPROVER_next_thread_id#3$rclk$8| (- 28)))
((|__CPROVER_next_thread_id#4| #x00000001))
((|__CPROVER_next_thread_id#5| #x00000002))
((|__CPROVER_next_thread_id#5$wclk$8| (- 28)))
((|__CPROVER_next_thread_id#6| #x00000002))
((|__CPROVER_next_thread_id#6$rclk$8| (- 24)))
((|__CPROVER_next_thread_id#7| #x00000002))
((|__CPROVER_next_thread_id#8| #x00000003))
((|__CPROVER_next_thread_id#8$wclk$8| (- 24)))
((|__CPROVER_next_thread_id#9| #x00000003))
((|__CPROVER_next_thread_id#9$rclk$8| (- 20)))
((|__CPROVER_pipe_count#1| #x00000000))
((|__CPROVER_pipe_count#1$wclk$8| (- 68)))
((|__CPROVER_rounding_mode!0#1| #x00000000))
((|__CPROVER_rounding_mode!1#1| #x00000000))
((|__CPROVER_rounding_mode!2#1| #x00000000))
((|__CPROVER_rounding_mode!3#1| #x00000000))
((|__CPROVER_rounding_mode!4#1| #x00000000))
((|__CPROVER_thread_id!0#1| #x00000000))
((|__CPROVER_thread_id!1#1| #x00000000))
((|__CPROVER_thread_id!1#2| #x00000000))
((|__CPROVER_thread_id!2#1| #x00000000))
((|__CPROVER_thread_id!2#2| #x00000001))
((|__CPROVER_thread_id!3#1| #x00000000))
((|__CPROVER_thread_id!3#2| #x00000000))
((|__CPROVER_thread_id!4#1| #x00000000))
((|__CPROVER_thread_id!4#2| #x00000010))
((|__CPROVER_threads_exited#1| ((as const (Array (_ BitVec 32) Bool)) false)))
((|__CPROVER_threads_exited#1$wclk$8| (- 67)))
((|__CPROVER_threads_exited#2| ((as const (Array (_ BitVec 32) Bool)) false)))
((|__CPROVER_threads_exited#2$rclk$8| (- 3)))
((|__CPROVER_threads_exited#3| (store ((as const (Array (_ BitVec 32) Bool)) false) #x00000000 true)))
((|__CPROVER_threads_exited#3$wclk$8| 1))
((|__CPROVER_threads_exited#4| ((as const (Array (_ BitVec 32) Bool)) false)))
((|__CPROVER_threads_exited#4$rclk$8| (- 5)))
((|__CPROVER_threads_exited#5| (store ((as const (Array (_ BitVec 32) Bool)) false) #x00000001 true)))
((|__CPROVER_threads_exited#5$wclk$8| (- 1)))
((|__CPROVER_threads_exited#6| (lambda ((x!1 (_ BitVec 32))) (= x!1 #x00000001))))
((|__CPROVER_threads_exited#6$rclk$8| 0))
((|__CPROVER_threads_exited#7| (store (lambda ((x!1 (_ BitVec 32))) (= x!1 #x00000001)) #x00000000 true)))
((|__CPROVER_threads_exited#7$wclk$8| 2))
((|__CPROVER_threads_exited#8| ((as const (Array (_ BitVec 32) Bool)) false)))
((|__CPROVER_threads_exited#8$rclk$8| (- 6)))
((|__CPROVER_threads_exited#9| (store ((as const (Array (_ BitVec 32) Bool)) false) #x00000010 true)))
((|__CPROVER_threads_exited#9$wclk$8| (- 2)))
((|__VERIFIER_assert::expression!0@1#1| #x00000000))
((|__VERIFIER_assert::expression!3@1#1| #x00000001))
((|__VERIFIER_nondet_pointer#return_value!1#1| #x00000000))
((|__VERIFIER_nondet_pointer#return_value!2#1| #x00000000))
((|__VERIFIER_nondet_pointer#return_value!3#1| #x00000000))
((|__VERIFIER_nondet_pointer#return_value!4#1| #x00000000))
((|__unbuffered_cnt#1| #x00000000))
((|__unbuffered_cnt#1$wclk$8| (- 66)))
((|__unbuffered_cnt#10| #x00000002))
((|__unbuffered_cnt#10$rclk$8| (- 5)))
((|__unbuffered_cnt#11| #x00000002))
((|__unbuffered_cnt#12| #x00000003))
((|__unbuffered_cnt#13| #x00000003))
((|__unbuffered_cnt#13$wclk$8| (- 5)))
((|__unbuffered_cnt#14| #x00000000))
((|__unbuffered_cnt#14$rclk$8| (- 7)))
((|__unbuffered_cnt#15| #x00000000))
((|__unbuffered_cnt#16| #x00000001))
((|__unbuffered_cnt#16$wclk$8| (- 7)))
((|__unbuffered_cnt#2| #x00000004))
((|__unbuffered_cnt#2$rclk$8| (- 3)))
((|__unbuffered_cnt#3| #x00000004))
((|__unbuffered_cnt#4| #x00000003))
((|__unbuffered_cnt#4$rclk$8| (- 4)))
((|__unbuffered_cnt#5| #x00000003))
((|__unbuffered_cnt#6| #x00000004))
((|__unbuffered_cnt#6$wclk$8| (- 4)))
((|__unbuffered_cnt#7| #x00000001))
((|__unbuffered_cnt#7$rclk$8| (- 6)))
((|__unbuffered_cnt#8| #x00000001))
((|__unbuffered_cnt#9| #x00000002))
((|__unbuffered_cnt#9$wclk$8| (- 6)))
((|__unbuffered_p0_EAX#1| #x00000000))
((|__unbuffered_p0_EAX#1$wclk$8| (- 65)))
((|__unbuffered_p0_EAX#2| #x00000000))
((|__unbuffered_p0_EAX#2$rclk$8| 0))
((|__unbuffered_p0_EAX#3| #x00000000))
((|__unbuffered_p0_EAX#4| #x00000000))
((|__unbuffered_p0_EAX#4$wclk$8| (- 12)))
((|__unbuffered_p1_EAX#1| #x00000000))
((|__unbuffered_p1_EAX#1$wclk$8| (- 64)))
((|__unbuffered_p1_EAX#2| #x00000000))
((|__unbuffered_p1_EAX#2$rclk$8| 0))
((|__unbuffered_p1_EAX#3| #x00000000))
((|__unbuffered_p1_EAX#4| #x00000000))
((|__unbuffered_p1_EAX#4$wclk$8| (- 10)))
((|__unbuffered_p2_EAX#1| #x00000000))
((|__unbuffered_p2_EAX#1$wclk$8| (- 63)))
((|__unbuffered_p2_EAX#2| #x00000000))
((|__unbuffered_p2_EAX#2$rclk$8| 0))
((|__unbuffered_p2_EAX#3| #x00000000))
((|__unbuffered_p2_EAX#4| #x00000000))
((|__unbuffered_p2_EAX#5| #xffffffff))
((|__unbuffered_p2_EAX#5$rclk$8| (- 18)))
((|__unbuffered_p2_EAX#6| #x00000000))
((|__unbuffered_p2_EAX#6$wclk$8| (- 18)))
((|__unbuffered_p3_EAX#1| #x00000000))
((|__unbuffered_p3_EAX#1$wclk$8| (- 62)))
((|__unbuffered_p3_EAX#2| #x00000001))
((|__unbuffered_p3_EAX#2$rclk$8| 0))
((|__unbuffered_p3_EAX#3| #x00000001))
((|__unbuffered_p3_EAX#4| #x00000001))
((|__unbuffered_p3_EAX#4$wclk$8| (- 15)))
((|__unbuffered_p3_EBX#1| #x00000000))
((|__unbuffered_p3_EBX#1$wclk$8| (- 61)))
((|__unbuffered_p3_EBX#2| #x00000000))
((|__unbuffered_p3_EBX#2$rclk$8| 0))
((|__unbuffered_p3_EBX#3| #x00000000))
((|__unbuffered_p3_EBX#4| #x00000000))
((|__unbuffered_p3_EBX#4$wclk$8| (- 14)))
((|a#1| #x00000000))
((|a#1$wclk$8| (- 60)))
((|a#2| #x00000001))
((|a#2$wclk$8| (- 16)))
((|a#3| #x00000001))
((|a#3$rclk$8| (- 15)))
((|a#4| #x00000001))
((|b#1| #x00000000))
((|b#1$wclk$8| (- 59)))
((|b#2| #x00000001))
((|b#2$wclk$8| (- 13)))
((|b#3| #x00000000))
((|b#3$rclk$8| (- 14)))
((|b#4| #x00000000))
((|goto_symex::&92;guard#1| true))
((|goto_symex::&92;guard#2| false))
((|main#return_value!0#1| #x00000000))
((|main#return_value!1#1| #x00000000))
((|main#return_value!2#1| #x00000000))
((|main#return_value!3#1| #x00000000))
((|main#return_value!4#1| #x00000000))
((|main$tmp_guard0#1| #x00))
((|main$tmp_guard0#1$wclk$8| (- 58)))
((|main$tmp_guard0#2| #x01))
((|main$tmp_guard0#2$wclk$8| (- 3)))
((|main$tmp_guard0#3| #x01))
((|main$tmp_guard0#3$rclk$8| (- 2)))
((|main$tmp_guard1#1| #x00))
((|main$tmp_guard1#1$wclk$8| (- 57)))
((|main$tmp_guard1#2| #x00))
((|main$tmp_guard1#3| #xff))
((|main$tmp_guard1#3$rclk$8| 0))
((|main$tmp_guard1#4| #x00))
((|main$tmp_guard1#4$wclk$8| 0))
((|main$tmp_guard1#5| #x00))
((|main$tmp_guard1#5$rclk$8| 1))
((|main$tmp_guard1#6| #x00))
((|main$tmp_guard1#6$rclk$8| 2))
((|main::1::t959!0@1| #x00000000))
((|main::1::t959!0@1#1| #x00000000))
((|main::1::t959!0@1#1$wclk$8| (- 33)))
((|main::1::t959!0@1#2| #x00000001))
((|main::1::t959!0@1#2$wclk$8| (- 31)))
((|main::1::t960!0@1| #x00000000))
((|main::1::t960!0@1#1| #x00000000))
((|main::1::t960!0@1#1$wclk$8| (- 29)))
((|main::1::t960!0@1#2| #x00000002))
((|main::1::t960!0@1#2$wclk$8| (- 27)))
((|main::1::t960!0@1$wclk$8| (- 78)))
((|main::1::t961!0@1| #x00000000))
((|main::1::t961!0@1#1| #x00000000))
((|main::1::t961!0@1#1$wclk$8| (- 25)))
((|main::1::t961!0@1#2| #x00000003))
((|main::1::t961!0@1#2$wclk$8| (- 23)))
((|main::1::t961!0@1$wclk$8| (- 77)))
((|main::1::t962!0@1| #x00000000))
((|main::1::t962!0@1#1| #x00000000))
((|main::1::t962!0@1#1$wclk$8| (- 21)))
((|main::1::t962!0@1#2| #x00000004))
((|main::1::t962!0@1#2$wclk$8| (- 19)))
((|main::1::t962!0@1$wclk$8| (- 76)))
((|memory_model::choice_rf_0_50_0_46_T_17| true))
((|memory_model::choice_rf_0_50_0_9_T_16| false))
((|memory_model::choice_rf_0_55_0_46_T_19| false))
((|memory_model::choice_rf_0_55_0_51_T_20| true))
((|memory_model::choice_rf_0_55_0_9_T_18| false))
((|memory_model::choice_rf_0_60_0_46_T_22| false))
((|memory_model::choice_rf_0_60_0_51_T_23| false))
((|memory_model::choice_rf_0_60_0_56_T_24| true))
((|memory_model::choice_rf_0_60_0_9_T_21| false))
((|memory_model::choice_rf_0_64_0_12_F_27| false))
((|memory_model::choice_rf_0_64_1_4_F_28| true))
((|memory_model::choice_rf_0_64_2_21_F_29| false))
((|memory_model::choice_rf_0_64_3_38_F_30| false))
((|memory_model::choice_rf_0_64_4_19_F_31| false))
((|memory_model::choice_rf_0_66_0_20_F_63| false))
((|memory_model::choice_rf_0_66_0_65_F_64| true))
((|memory_model::choice_rf_0_67_0_42_F_152| false))
((|memory_model::choice_rf_0_67_2_12_F_153| true))
((|memory_model::choice_rf_0_67_3_21_F_154| false))
((|memory_model::choice_rf_0_68_0_33_F_99| false))
((|memory_model::choice_rf_0_68_3_16_F_100| true))
((|memory_model::choice_rf_0_69_0_25_F_70| false))
((|memory_model::choice_rf_0_69_2_15_F_71| false))
((|memory_model::choice_rf_0_69_3_36_F_72| false))
((|memory_model::choice_rf_0_69_4_17_F_73| true))
((|memory_model::choice_rf_0_70_0_43_F_163| false))
((|memory_model::choice_rf_0_70_2_14_F_164| false))
((|memory_model::choice_rf_0_70_3_19_F_165| false))
((|memory_model::choice_rf_0_70_3_35_F_166| false))
((|memory_model::choice_rf_0_70_4_16_F_167| true))
((|memory_model::choice_rf_0_71_0_40_F_115| false))
((|memory_model::choice_rf_0_71_2_13_F_116| true))
((|memory_model::choice_rf_0_71_3_20_F_117| false))
((|memory_model::choice_rf_0_72_0_28_F_86| true))
((|memory_model::choice_rf_0_73_0_41_F_128| false))
((|memory_model::choice_rf_0_73_2_10_F_129| false))
((|memory_model::choice_rf_0_73_3_18_F_130| false))
((|memory_model::choice_rf_0_73_3_34_F_131| false))
((|memory_model::choice_rf_0_73_4_15_F_132| true))
((|memory_model::choice_rf_0_79_0_21_F_65| false))
((|memory_model::choice_rf_0_80_0_17_F_57| false))
((|memory_model::choice_rf_0_80_4_5_F_58| true))
((|memory_model::choice_rf_0_81_0_16_F_55| false))
((|memory_model::choice_rf_0_81_4_3_F_56| true))
((|memory_model::choice_rf_0_82_0_15_F_52| false))
((|memory_model::choice_rf_0_82_3_24_F_53| true))
((|memory_model::choice_rf_0_83_0_14_F_50| false))
((|memory_model::choice_rf_0_83_2_11_F_51| true))
((|memory_model::choice_rf_0_84_0_13_F_48| false))
((|memory_model::choice_rf_0_84_1_2_F_49| true))
((|memory_model::choice_rf_0_86_0_21_F_66| false))
((|memory_model::choice_rf_0_86_0_85_F_67| true))
((|memory_model::choice_rf_0_87_0_21_F_68| false))
((|memory_model::choice_rf_0_87_0_85_F_69| true))
((|memory_model::choice_rf_1_1_0_24_F_25| true))
((|memory_model::choice_rf_1_1_2_0_F_26| false))
((|memory_model::choice_rf_1_3_0_12_F_32| false))
((|memory_model::choice_rf_1_3_2_21_F_33| false))
((|memory_model::choice_rf_1_3_3_38_F_34| true))
((|memory_model::choice_rf_1_3_4_19_F_35| false))
((|memory_model::choice_rf_1_5_0_11_T_0| true))
((|memory_model::choice_rf_1_5_2_23_T_1| false))
((|memory_model::choice_rf_1_5_3_40_T_2| false))
((|memory_model::choice_rf_1_5_4_21_T_3| false))
((|memory_model::choice_rf_2_1_0_42_F_155| false))
((|memory_model::choice_rf_2_1_3_21_F_156| true))
((|memory_model::choice_rf_2_20_0_12_F_36| false))
((|memory_model::choice_rf_2_20_1_4_F_37| false))
((|memory_model::choice_rf_2_20_3_38_F_38| false))
((|memory_model::choice_rf_2_20_4_19_F_39| true))
((|memory_model::choice_rf_2_22_0_11_T_4| true))
((|memory_model::choice_rf_2_22_1_6_T_5| false))
((|memory_model::choice_rf_2_22_3_40_T_6| false))
((|memory_model::choice_rf_2_22_4_21_T_7| false))
((|memory_model::choice_rf_2_2_0_40_F_118| false))
((|memory_model::choice_rf_2_2_3_20_F_119| true))
((|memory_model::choice_rf_2_3_0_35_F_104| false))
((|memory_model::choice_rf_2_3_3_14_F_105| true))
((|memory_model::choice_rf_2_4_0_30_F_90| true))
((|memory_model::choice_rf_2_5_0_41_F_133| false))
((|memory_model::choice_rf_2_5_0_76_F_134| false))
((|memory_model::choice_rf_2_5_3_18_F_135| true))
((|memory_model::choice_rf_2_5_3_34_F_136| false))
((|memory_model::choice_rf_2_5_4_15_F_137| false))
((|memory_model::choice_rf_2_6_0_43_F_168| false))
((|memory_model::choice_rf_2_6_0_77_F_169| false))
((|memory_model::choice_rf_2_6_3_19_F_170| true))
((|memory_model::choice_rf_2_6_3_35_F_171| false))
((|memory_model::choice_rf_2_6_4_16_F_172| false))
((|memory_model::choice_rf_2_7_0_25_F_74| true))
((|memory_model::choice_rf_2_7_0_78_F_75| false))
((|memory_model::choice_rf_2_7_3_36_F_76| false))
((|memory_model::choice_rf_2_7_4_17_F_77| false))
((|memory_model::choice_rf_3_0_0_36_F_108| false))
((|memory_model::choice_rf_3_10_0_41_F_138| true))
((|memory_model::choice_rf_3_10_0_76_F_139| false))
((|memory_model::choice_rf_3_10_2_10_F_140| false))
((|memory_model::choice_rf_3_10_4_15_F_141| false))
((|memory_model::choice_rf_3_11_0_40_F_120| true))
((|memory_model::choice_rf_3_11_2_13_F_121| false))
((|memory_model::choice_rf_3_1_0_35_F_106| false))
((|memory_model::choice_rf_3_1_2_8_F_107| false))
((|memory_model::choice_rf_3_22_0_15_F_54| false))
((|memory_model::choice_rf_3_23_0_44_F_183| true))
((|memory_model::choice_rf_3_23_4_0_F_184| false))
((|memory_model::choice_rf_3_25_0_42_F_157| false))
((|memory_model::choice_rf_3_25_2_12_F_158| true))
((|memory_model::choice_rf_3_25_3_21_F_159| false))
((|memory_model::choice_rf_3_26_0_36_F_109| false))
((|memory_model::choice_rf_3_26_3_13_F_110| true))
((|memory_model::choice_rf_3_27_0_25_F_78| false))
((|memory_model::choice_rf_3_27_0_78_F_79| false))
((|memory_model::choice_rf_3_27_2_15_F_80| true))
((|memory_model::choice_rf_3_27_4_17_F_81| false))
((|memory_model::choice_rf_3_28_0_43_F_173| false))
((|memory_model::choice_rf_3_28_0_77_F_174| false))
((|memory_model::choice_rf_3_28_2_14_F_175| true))
((|memory_model::choice_rf_3_28_3_19_F_176| false))
((|memory_model::choice_rf_3_28_4_16_F_177| false))
((|memory_model::choice_rf_3_29_0_40_F_122| false))
((|memory_model::choice_rf_3_29_2_13_F_123| true))
((|memory_model::choice_rf_3_29_3_20_F_124| false))
((|memory_model::choice_rf_3_2_0_30_F_91| true))
((|memory_model::choice_rf_3_2_2_9_F_92| false))
((|memory_model::choice_rf_3_30_0_31_F_94| false))
((|memory_model::choice_rf_3_30_3_12_F_95| true))
((|memory_model::choice_rf_3_31_0_41_F_142| false))
((|memory_model::choice_rf_3_31_0_76_F_143| false))
((|memory_model::choice_rf_3_31_2_10_F_144| true))
((|memory_model::choice_rf_3_31_3_18_F_145| false))
((|memory_model::choice_rf_3_31_4_15_F_146| false))
((|memory_model::choice_rf_3_37_0_12_F_40| false))
((|memory_model::choice_rf_3_37_1_4_F_41| false))
((|memory_model::choice_rf_3_37_2_21_F_42| true))
((|memory_model::choice_rf_3_37_4_19_F_43| false))
((|memory_model::choice_rf_3_39_0_11_T_8| false))
((|memory_model::choice_rf_3_39_1_6_T_9| false))
((|memory_model::choice_rf_3_39_2_23_T_10| true))
((|memory_model::choice_rf_3_39_4_21_T_11| false))
((|memory_model::choice_rf_3_3_0_34_F_103| false))
((|memory_model::choice_rf_3_4_0_29_F_89| true))
((|memory_model::choice_rf_3_5_0_33_F_101| false))
((|memory_model::choice_rf_3_5_0_74_F_102| false))
((|memory_model::choice_rf_3_6_0_32_F_96| true))
((|memory_model::choice_rf_3_6_4_13_F_97| false))
((|memory_model::choice_rf_3_7_0_31_F_93| true))
((|memory_model::choice_rf_3_8_0_28_F_87| true))
((|memory_model::choice_rf_3_8_0_75_F_88| false))
((|memory_model::choice_rf_3_9_0_37_F_111| false))
((|memory_model::choice_rf_3_9_4_14_F_112| false))
((|memory_model::choice_rf_4_10_0_32_F_98| true))
((|memory_model::choice_rf_4_11_0_37_F_113| false))
((|memory_model::choice_rf_4_11_3_17_F_114| true))
((|memory_model::choice_rf_4_12_0_41_F_147| false))
((|memory_model::choice_rf_4_12_0_76_F_148| false))
((|memory_model::choice_rf_4_12_2_10_F_149| false))
((|memory_model::choice_rf_4_12_3_18_F_150| false))
((|memory_model::choice_rf_4_12_3_34_F_151| true))
((|memory_model::choice_rf_4_18_0_12_F_44| true))
((|memory_model::choice_rf_4_18_1_4_F_45| false))
((|memory_model::choice_rf_4_18_2_21_F_46| false))
((|memory_model::choice_rf_4_18_3_38_F_47| false))
((|memory_model::choice_rf_4_20_0_11_T_12| true))
((|memory_model::choice_rf_4_20_1_6_T_13| false))
((|memory_model::choice_rf_4_20_2_23_T_14| false))
((|memory_model::choice_rf_4_20_3_40_T_15| false))
((|memory_model::choice_rf_4_2_0_18_F_59| false))
((|memory_model::choice_rf_4_2_4_1_F_60| true))
((|memory_model::choice_rf_4_4_0_19_F_61| true))
((|memory_model::choice_rf_4_4_1_0_F_62| false))
((|memory_model::choice_rf_4_6_0_42_F_160| false))
((|memory_model::choice_rf_4_6_2_12_F_161| true))
((|memory_model::choice_rf_4_6_3_21_F_162| false))
((|memory_model::choice_rf_4_7_0_25_F_82| false))
((|memory_model::choice_rf_4_7_0_78_F_83| false))
((|memory_model::choice_rf_4_7_2_15_F_84| false))
((|memory_model::choice_rf_4_7_3_36_F_85| true))
((|memory_model::choice_rf_4_8_0_43_F_178| false))
((|memory_model::choice_rf_4_8_0_77_F_179| false))
((|memory_model::choice_rf_4_8_2_14_F_180| false))
((|memory_model::choice_rf_4_8_3_19_F_181| false))
((|memory_model::choice_rf_4_8_3_35_F_182| true))
((|memory_model::choice_rf_4_9_0_40_F_125| false))
((|memory_model::choice_rf_4_9_2_13_F_126| true))
((|memory_model::choice_rf_4_9_3_20_F_127| false))
((|memory_model::choice_ws-ext_0_11_1_6_T_185| true))
((|memory_model::choice_ws-ext_0_11_2_23_T_186| true))
((|memory_model::choice_ws-ext_0_11_3_40_T_187| true))
((|memory_model::choice_ws-ext_0_11_4_21_T_188| true))
((|memory_model::choice_ws-ext_0_12_1_4_F_196| true))
((|memory_model::choice_ws-ext_0_12_2_21_F_197| true))
((|memory_model::choice_ws-ext_0_12_3_38_F_198| true))
((|memory_model::choice_ws-ext_0_12_4_19_F_199| true))
((|memory_model::choice_ws-ext_0_13_1_2_F_206| true))
((|memory_model::choice_ws-ext_0_14_2_11_F_207| true))
((|memory_model::choice_ws-ext_0_15_3_24_F_208| true))
((|memory_model::choice_ws-ext_0_16_4_3_F_209| true))
((|memory_model::choice_ws-ext_0_17_4_5_F_210| true))
((|memory_model::choice_ws-ext_0_18_4_1_F_211| true))
((|memory_model::choice_ws-ext_0_19_1_0_F_212| true))
((|memory_model::choice_ws-ext_0_22_2_19_F_272| true))
((|memory_model::choice_ws-ext_0_23_2_18_F_273| true))
((|memory_model::choice_ws-ext_0_24_2_0_F_195| true))
((|memory_model::choice_ws-ext_0_25_2_15_F_213| true))
((|memory_model::choice_ws-ext_0_25_3_36_F_214| true))
((|memory_model::choice_ws-ext_0_25_4_17_F_215| true))
((|memory_model::choice_ws-ext_0_26_2_17_F_222| true))
((|memory_model::choice_ws-ext_0_27_2_16_F_223| true))
((|memory_model::choice_ws-ext_0_30_2_9_F_224| true))
((|memory_model::choice_ws-ext_0_31_3_12_F_225| true))
((|memory_model::choice_ws-ext_0_31_3_33_F_226| true))
((|memory_model::choice_ws-ext_0_32_4_13_F_227| true))
((|memory_model::choice_ws-ext_0_33_3_16_F_228| true))
((|memory_model::choice_ws-ext_0_34_3_15_F_230| true))
((|memory_model::choice_ws-ext_0_35_2_8_F_231| true))
((|memory_model::choice_ws-ext_0_35_3_14_F_232| true))
((|memory_model::choice_ws-ext_0_36_3_13_F_234| true))
((|memory_model::choice_ws-ext_0_36_3_32_F_235| true))
((|memory_model::choice_ws-ext_0_37_3_17_F_236| true))
((|memory_model::choice_ws-ext_0_37_4_14_F_237| true))
((|memory_model::choice_ws-ext_0_40_2_13_F_239| true))
((|memory_model::choice_ws-ext_0_40_3_20_F_240| true))
((|memory_model::choice_ws-ext_0_41_2_10_F_242| true))
((|memory_model::choice_ws-ext_0_41_3_18_F_243| true))
((|memory_model::choice_ws-ext_0_41_3_34_F_244| true))
((|memory_model::choice_ws-ext_0_41_4_15_F_245| true))
((|memory_model::choice_ws-ext_0_42_2_12_F_255| true))
((|memory_model::choice_ws-ext_0_42_3_21_F_256| true))
((|memory_model::choice_ws-ext_0_43_2_14_F_258| true))
((|memory_model::choice_ws-ext_0_43_3_19_F_259| true))
((|memory_model::choice_ws-ext_0_43_3_35_F_260| true))
((|memory_model::choice_ws-ext_0_43_4_16_F_261| true))
((|memory_model::choice_ws-ext_0_44_4_0_F_271| true))
((|memory_model::choice_ws-ext_0_74_3_16_F_229| false))
((|memory_model::choice_ws-ext_0_76_2_10_F_246| false))
((|memory_model::choice_ws-ext_0_76_3_18_F_247| false))
((|memory_model::choice_ws-ext_0_76_3_34_F_248| false))
((|memory_model::choice_ws-ext_0_76_4_15_F_249| false))
((|memory_model::choice_ws-ext_0_77_2_14_F_262| false))
((|memory_model::choice_ws-ext_0_77_3_19_F_263| false))
((|memory_model::choice_ws-ext_0_77_3_35_F_264| false))
((|memory_model::choice_ws-ext_0_77_4_16_F_265| false))
((|memory_model::choice_ws-ext_0_78_2_15_F_216| false))
((|memory_model::choice_ws-ext_0_78_3_36_F_217| false))
((|memory_model::choice_ws-ext_0_78_4_17_F_218| false))
((|memory_model::choice_ws-ext_1_4_2_21_F_200| false))
((|memory_model::choice_ws-ext_1_4_3_38_F_201| false))
((|memory_model::choice_ws-ext_1_4_4_19_F_202| false))
((|memory_model::choice_ws-ext_1_6_2_23_T_189| false))
((|memory_model::choice_ws-ext_1_6_3_40_T_190| true))
((|memory_model::choice_ws-ext_1_6_4_21_T_191| false))
((|memory_model::choice_ws-ext_2_10_3_18_F_250| false))
((|memory_model::choice_ws-ext_2_10_3_34_F_251| true))
((|memory_model::choice_ws-ext_2_10_4_15_F_252| true))
((|memory_model::choice_ws-ext_2_12_3_21_F_257| false))
((|memory_model::choice_ws-ext_2_13_3_20_F_241| false))
((|memory_model::choice_ws-ext_2_14_3_19_F_266| false))
((|memory_model::choice_ws-ext_2_14_3_35_F_267| true))
((|memory_model::choice_ws-ext_2_14_4_16_F_268| true))
((|memory_model::choice_ws-ext_2_15_3_36_F_219| true))
((|memory_model::choice_ws-ext_2_15_4_17_F_220| true))
((|memory_model::choice_ws-ext_2_21_3_38_F_203| true))
((|memory_model::choice_ws-ext_2_21_4_19_F_204| false))
((|memory_model::choice_ws-ext_2_23_3_40_T_192| true))
((|memory_model::choice_ws-ext_2_23_4_21_T_193| false))
((|memory_model::choice_ws-ext_2_8_3_14_F_233| false))
((|memory_model::choice_ws-ext_3_17_4_14_F_238| true))
((|memory_model::choice_ws-ext_3_18_4_15_F_253| true))
((|memory_model::choice_ws-ext_3_19_4_16_F_269| true))
((|memory_model::choice_ws-ext_3_34_4_15_F_254| true))
((|memory_model::choice_ws-ext_3_35_4_16_F_270| true))
((|memory_model::choice_ws-ext_3_36_4_17_F_221| true))
((|memory_model::choice_ws-ext_3_38_4_19_F_205| false))
((|memory_model::choice_ws-ext_3_40_4_21_T_194| false))
((|nondet_symex::nondet0| #x00000000))
((|nondet_symex::nondet1| #x00000000))
((|nondet_symex::nondet2| #xffffffff))
((|nondet_symex::nondet3| #x00000000))
((|nondet_symex::nondet4| #x00000000))
((|nondet_symex::nondet5| #x00000000))
((|pthread_create#return_value!0#1| #x00000000))
((|pthread_create#return_value!0#2| #x00000000))
((|pthread_create#return_value!0#3| #x00000000))
((|pthread_create#return_value!0#4| #x00000000))
((|pthread_create#return_value!1#1| #x00000000))
((|pthread_create#return_value!2#1| #x00000000))
((|pthread_create#return_value!3#1| #x00000000))
((|pthread_create#return_value!4#1| #x00000000))
((|pthread_create::1::this_thread_id!0@1#1| #x00000000))
((|pthread_create::1::this_thread_id!0@1#2| #x00000001))
((|pthread_create::1::this_thread_id!0@2#1| #x00000000))
((|pthread_create::1::this_thread_id!0@2#2| #x00000002))
((|pthread_create::1::this_thread_id!0@3#1| #x00000000))
((|pthread_create::1::this_thread_id!0@3#2| #x00000003))
((|pthread_create::1::this_thread_id!0@4#1| #x00000000))
((|pthread_create::1::this_thread_id!0@4#2| #x00000004))
((|pthread_create::1::this_thread_id!1@0#0| #x00000000))
((|pthread_create::1::this_thread_id!2@0#0| #x00000001))
((|pthread_create::1::this_thread_id!3@0#0| #x00000000))
((|pthread_create::1::this_thread_id!4@0#0| #x00000010))
((|pthread_create::arg!0@1#1| #x00000000))
((|pthread_create::arg!0@2#1| #x00000000))
((|pthread_create::arg!0@3#1| #x00000000))
((|pthread_create::arg!0@4#1| #x00000000))
((|pthread_create::arg!1@0#1| #x00000000))
((|pthread_create::arg!2@0#1| #x00000000))
((|pthread_create::arg!3@0#1| #x00000000))
((|pthread_create::arg!4@0#1| #x00000000))
((|pthread_create::attr!0@1#1| #x00000000))
((|pthread_create::attr!0@2#1| #x00000000))
((|pthread_create::attr!0@3#1| #x00000000))
((|pthread_create::attr!0@4#1| #x00000000))
((|pthread_create::attr!1@0#1| #x00000000))
((|pthread_create::attr!2@0#1| #x00000000))
((|pthread_create::attr!3@0#1| #x00000000))
((|pthread_create::attr!4@0#1| #x00000000))
((|pthread_create::start_routine!0@1#1| #x03000000))
((|pthread_create::start_routine!0@2#1| #x05000000))
((|pthread_create::start_routine!0@3#1| #x07000000))
((|pthread_create::start_routine!0@4#1| #x09000000))
((|pthread_create::start_routine!1@0#1| #x03000000))
((|pthread_create::start_routine!2@0#1| #x05000000))
((|pthread_create::start_routine!3@0#1| #x07000000))
((|pthread_create::start_routine!4@0#1| #x09000000))
((|pthread_create::thread!0@1#1| #x02000000))
((|pthread_create::thread!0@2#1| #x04000000))
((|pthread_create::thread!0@3#1| #x06000000))
((|pthread_create::thread!0@4#1| #x08000000))
((|pthread_create::thread!1@0#1| #x02000000))
((|pthread_create::thread!2@0#1| #x04000000))
((|pthread_create::thread!3@0#1| #x06000000))
((|pthread_create::thread!4@0#1| #x08000000))
((|return'!0#1| #x00000000))
((|t1$48$spwnclk$8| (- 30)))
((|t1$53$spwnclk$8| (- 26)))
((|t1$58$spwnclk$8| (- 22)))
((|t1$63$spwnclk$8| (- 18)))
((|weak$$choice0#1| #x00))
((|weak$$choice0#1$wclk$8| (- 56)))
((|weak$$choice0#2| #x00))
((|weak$$choice0#2$wclk$8| (- 10)))
((|weak$$choice2#1| #x00))
((|weak$$choice2#1$wclk$8| (- 55)))
((|weak$$choice2#2| #x01))
((|weak$$choice2#2$wclk$8| (- 10)))
((|x#1| #x00000000))
((|x#1$wclk$8| (- 54)))
((|x#2| #x00000000))
((|x#2$rclk$8| (- 12)))
((|x#3| #x00000000))
((|x#4| #x00000001))
((|x#4$wclk$8| (- 11)))
((|y#1| #x00000000))
((|y#1$wclk$8| (- 53)))
((|y#10| #x00000000))
((|y#10$rclk$8| (- 9)))
((|y#11| #x00000000))
((|y#12| #x00000001))
((|y#13| #x00000001))
((|y#13$wclk$8| (- 9)))
((|y#14| #x00000001))
((|y#14$rclk$8| (- 8)))
((|y#15| #x00000001))
((|y#16| #x00000001))
((|y#16$wclk$8| (- 8)))
((|y#2| #x00000001))
((|y#2$rclk$8| (- 1)))
((|y#3| #x00000001))
((|y#4| #x00000001))
((|y#5| #x00000001))
((|y#5$wclk$8| (- 1)))
((|y#6| #x00000000))
((|y#6$rclk$8| (- 10)))
((|y#7| #x00000000))
((|y#8| #x00000000))
((|y#9| #x00000000))
((|y#9$wclk$8| (- 10)))
((|y$flush_delayed#1| #x00))
((|y$flush_delayed#1$wclk$8| (- 52)))
((|y$flush_delayed#2| #x01))
((|y$flush_delayed#3| #x00))
((|y$flush_delayed#3$wclk$8| (- 10)))
((|y$mem_tmp#1| #x00000000))
((|y$mem_tmp#1$wclk$8| (- 51)))
((|y$mem_tmp#2| #x00000000))
((|y$mem_tmp#2$wclk$8| (- 10)))
((|y$r_buff0_thd0#1| #x00))
((|y$r_buff0_thd0#1$wclk$8| (- 50)))
((|y$r_buff0_thd0#10| #x00))
((|y$r_buff0_thd0#10$wclk$8| (- 1)))
((|y$r_buff0_thd0#11| #x00))
((|y$r_buff0_thd0#11$rclk$8| (- 19)))
((|y$r_buff0_thd0#12| #x00))
((|y$r_buff0_thd0#2| #x00))
((|y$r_buff0_thd0#2$rclk$8| (- 1)))
((|y$r_buff0_thd0#3| #x00))
((|y$r_buff0_thd0#4| #x00))
((|y$r_buff0_thd0#5| #x00))
((|y$r_buff0_thd0#6| #x00))
((|y$r_buff0_thd0#7| #x00))
((|y$r_buff0_thd0#8| #x00))
((|y$r_buff0_thd0#9| #x00))
((|y$r_buff0_thd1#1| #x00))
((|y$r_buff0_thd1#1$wclk$8| (- 49)))
((|y$r_buff0_thd1#2| #x00))
((|y$r_buff0_thd1#2$rclk$8| (- 19)))
((|y$r_buff0_thd1#3| #x00))
((|y$r_buff0_thd2#1| #x00))
((|y$r_buff0_thd2#1$wclk$8| (- 48)))
((|y$r_buff0_thd2#2| #x00))
((|y$r_buff0_thd2#2$rclk$8| (- 10)))
((|y$r_buff0_thd2#3| #x00))
((|y$r_buff0_thd2#4| #x00))
((|y$r_buff0_thd2#4$wclk$8| (- 10)))
((|y$r_buff0_thd2#5| #x00))
((|y$r_buff0_thd2#5$rclk$8| (- 19)))
((|y$r_buff0_thd2#6| #x00))
((|y$r_buff0_thd3#1| #x00))
((|y$r_buff0_thd3#1$wclk$8| (- 47)))
((|y$r_buff0_thd3#10| #x01))
((|y$r_buff0_thd3#11| #x01))
((|y$r_buff0_thd3#12| #x01))
((|y$r_buff0_thd3#13| #x01))
((|y$r_buff0_thd3#14| #x01))
((|y$r_buff0_thd3#14$wclk$8| (- 9)))
((|y$r_buff0_thd3#2| #x00))
((|y$r_buff0_thd3#2$rclk$8| (- 19)))
((|y$r_buff0_thd3#3| #x00))
((|y$r_buff0_thd3#4| #x01))
((|y$r_buff0_thd3#5| #x01))
((|y$r_buff0_thd3#5$wclk$8| (- 19)))
((|y$r_buff0_thd3#6| #x01))
((|y$r_buff0_thd3#6$rclk$8| (- 9)))
((|y$r_buff0_thd3#7| #x01))
((|y$r_buff0_thd3#8| #x01))
((|y$r_buff0_thd3#9| #x01))
((|y$r_buff0_thd4#1| #x00))
((|y$r_buff0_thd4#1$wclk$8| (- 46)))
((|y$r_buff0_thd4#2| #x00))
((|y$r_buff0_thd4#2$rclk$8| (- 19)))
((|y$r_buff0_thd4#3| #x00))
((|y$r_buff0_thd4#4| #x00))
((|y$r_buff0_thd4#4$rclk$8| (- 8)))
((|y$r_buff0_thd4#5| #x00))
((|y$r_buff0_thd4#6| #x00))
((|y$r_buff0_thd4#6$wclk$8| (- 8)))
((|y$r_buff1_thd0#1| #x00))
((|y$r_buff1_thd0#1$wclk$8| (- 45)))
((|y$r_buff1_thd0#10| #x00))
((|y$r_buff1_thd0#10$rclk$8| (- 19)))
((|y$r_buff1_thd0#11| #x00))
((|y$r_buff1_thd0#11$wclk$8| (- 19)))
((|y$r_buff1_thd0#2| #x00))
((|y$r_buff1_thd0#2$rclk$8| (- 1)))
((|y$r_buff1_thd0#3| #x00))
((|y$r_buff1_thd0#4| #x00))
((|y$r_buff1_thd0#5| #x00))
((|y$r_buff1_thd0#6| #x00))
((|y$r_buff1_thd0#7| #x00))
((|y$r_buff1_thd0#8| #x00))
((|y$r_buff1_thd0#8$wclk$8| (- 1)))
((|y$r_buff1_thd0#9| #x00))
((|y$r_buff1_thd1#1| #x00))
((|y$r_buff1_thd1#1$wclk$8| (- 44)))
((|y$r_buff1_thd1#2| #x00))
((|y$r_buff1_thd1#3| #xff))
((|y$r_buff1_thd1#3$rclk$8| (- 19)))
((|y$r_buff1_thd1#4| #x00))
((|y$r_buff1_thd1#4$wclk$8| (- 19)))
((|y$r_buff1_thd2#1| #x00))
((|y$r_buff1_thd2#1$wclk$8| (- 43)))
((|y$r_buff1_thd2#2| #x00))
((|y$r_buff1_thd2#2$rclk$8| (- 10)))
((|y$r_buff1_thd2#3| #x00))
((|y$r_buff1_thd2#4| #x00))
((|y$r_buff1_thd2#4$wclk$8| (- 10)))
((|y$r_buff1_thd2#5| #x00))
((|y$r_buff1_thd2#6| #x00))
((|y$r_buff1_thd2#6$rclk$8| (- 19)))
((|y$r_buff1_thd2#7| #x00))
((|y$r_buff1_thd2#7$wclk$8| (- 19)))
((|y$r_buff1_thd3#1| #x00))
((|y$r_buff1_thd3#1$wclk$8| (- 42)))
((|y$r_buff1_thd3#10| #x00))
((|y$r_buff1_thd3#11| #x00))
((|y$r_buff1_thd3#11$wclk$8| (- 9)))
((|y$r_buff1_thd3#2| #x00))
((|y$r_buff1_thd3#3| #xff))
((|y$r_buff1_thd3#3$rclk$8| (- 19)))
((|y$r_buff1_thd3#4| #x00))
((|y$r_buff1_thd3#4$wclk$8| (- 19)))
((|y$r_buff1_thd3#5| #x00))
((|y$r_buff1_thd3#5$rclk$8| (- 9)))
((|y$r_buff1_thd3#6| #x00))
((|y$r_buff1_thd3#7| #x00))
((|y$r_buff1_thd3#8| #x00))
((|y$r_buff1_thd3#9| #x00))
((|y$r_buff1_thd4#1| #x00))
((|y$r_buff1_thd4#1$wclk$8| (- 41)))
((|y$r_buff1_thd4#2| #x00))
((|y$r_buff1_thd4#3| #x00))
((|y$r_buff1_thd4#3$rclk$8| (- 19)))
((|y$r_buff1_thd4#4| #x00))
((|y$r_buff1_thd4#4$wclk$8| (- 19)))
((|y$r_buff1_thd4#5| #x00))
((|y$r_buff1_thd4#5$rclk$8| (- 8)))
((|y$r_buff1_thd4#6| #x00))
((|y$r_buff1_thd4#7| #x00))
((|y$r_buff1_thd4#7$wclk$8| (- 8)))
((|y$read_delayed#1| #x00))
((|y$read_delayed#1$wclk$8| (- 40)))
((|y$read_delayed_var#1| #x00000000))
((|y$read_delayed_var#1$wclk$8| (- 39)))
((|y$w_buff0#1| #x00000000))
((|y$w_buff0#1$wclk$8| (- 38)))
((|y$w_buff0#10| #x00000001))
((|y$w_buff0#10$rclk$8| (- 9)))
((|y$w_buff0#11| #x00000001))
((|y$w_buff0#12| #x00000001))
((|y$w_buff0#12$rclk$8| (- 8)))
((|y$w_buff0#13| #x00000001))
((|y$w_buff0#2| #x00000001))
((|y$w_buff0#2$rclk$8| (- 1)))
((|y$w_buff0#3| #x00000001))
((|y$w_buff0#4| #x00000001))
((|y$w_buff0#4$rclk$8| (- 10)))
((|y$w_buff0#5| #x00000001))
((|y$w_buff0#6| #x00000001))
((|y$w_buff0#6$wclk$8| (- 10)))
((|y$w_buff0#7| #x00000000))
((|y$w_buff0#7$rclk$8| (- 19)))
((|y$w_buff0#8| #x00000000))
((|y$w_buff0#9| #x00000001))
((|y$w_buff0#9$wclk$8| (- 19)))
((|y$w_buff0_used#1| #x00))
((|y$w_buff0_used#1$wclk$8| (- 37)))
((|y$w_buff0_used#10| #x00))
((|y$w_buff0_used#10$wclk$8| (- 1)))
((|y$w_buff0_used#11| #x01))
((|y$w_buff0_used#11$rclk$8| (- 10)))
((|y$w_buff0_used#12| #x01))
((|y$w_buff0_used#13| #x01))
((|y$w_buff0_used#13$wclk$8| (- 10)))
((|y$w_buff0_used#14| #x00))
((|y$w_buff0_used#14$rclk$8| (- 19)))
((|y$w_buff0_used#15| #x00))
((|y$w_buff0_used#16| #x01))
((|y$w_buff0_used#16$wclk$8| (- 19)))
((|y$w_buff0_used#17| #x01))
((|y$w_buff0_used#17$rclk$8| (- 9)))
((|y$w_buff0_used#18| #x01))
((|y$w_buff0_used#19| #x01))
((|y$w_buff0_used#2| #x00))
((|y$w_buff0_used#2$rclk$8| (- 1)))
((|y$w_buff0_used#20| #x01))
((|y$w_buff0_used#21| #x00))
((|y$w_buff0_used#22| #x00))
((|y$w_buff0_used#23| #x00))
((|y$w_buff0_used#24| #x00))
((|y$w_buff0_used#25| #x00))
((|y$w_buff0_used#25$wclk$8| (- 9)))
((|y$w_buff0_used#26| #x00))
((|y$w_buff0_used#26$rclk$8| (- 8)))
((|y$w_buff0_used#27| #x00))
((|y$w_buff0_used#28| #x00))
((|y$w_buff0_used#28$wclk$8| (- 8)))
((|y$w_buff0_used#3| #x00))
((|y$w_buff0_used#4| #x00))
((|y$w_buff0_used#5| #x00))
((|y$w_buff0_used#6| #x00))
((|y$w_buff0_used#7| #x00))
((|y$w_buff0_used#8| #x00))
((|y$w_buff0_used#9| #x00))
((|y$w_buff1#1| #x00000000))
((|y$w_buff1#1$wclk$8| (- 36)))
((|y$w_buff1#10| #x00000000))
((|y$w_buff1#10$rclk$8| (- 8)))
((|y$w_buff1#11| #x00000000))
((|y$w_buff1#2| #x00000000))
((|y$w_buff1#2$rclk$8| (- 1)))
((|y$w_buff1#3| #x00000000))
((|y$w_buff1#4| #x00000000))
((|y$w_buff1#4$rclk$8| (- 10)))
((|y$w_buff1#5| #x00000000))
((|y$w_buff1#6| #x00000000))
((|y$w_buff1#6$wclk$8| (- 10)))
((|y$w_buff1#7| #x00000000))
((|y$w_buff1#7$wclk$8| (- 19)))
((|y$w_buff1#8| #x00000000))
((|y$w_buff1#8$rclk$8| (- 9)))
((|y$w_buff1#9| #x00000000))
((|y$w_buff1_used#1| #x00))
((|y$w_buff1_used#1$wclk$8| (- 35)))
((|y$w_buff1_used#10| #x00))
((|y$w_buff1_used#11| #x00))
((|y$w_buff1_used#11$wclk$8| (- 10)))
((|y$w_buff1_used#12| #x00))
((|y$w_buff1_used#12$wclk$8| (- 19)))
((|y$w_buff1_used#13| #x00))
((|y$w_buff1_used#13$rclk$8| (- 9)))
((|y$w_buff1_used#14| #x00))
((|y$w_buff1_used#15| #x00))
((|y$w_buff1_used#16| #x00))
((|y$w_buff1_used#17| #x00))
((|y$w_buff1_used#18| #x00))
((|y$w_buff1_used#19| #x00))
((|y$w_buff1_used#19$wclk$8| (- 9)))
((|y$w_buff1_used#2| #x00))
((|y$w_buff1_used#2$rclk$8| (- 1)))
((|y$w_buff1_used#20| #x00))
((|y$w_buff1_used#20$rclk$8| (- 8)))
((|y$w_buff1_used#21| #x00))
((|y$w_buff1_used#22| #x00))
((|y$w_buff1_used#22$wclk$8| (- 8)))
((|y$w_buff1_used#3| #x00))
((|y$w_buff1_used#4| #x00))
((|y$w_buff1_used#5| #x00))
((|y$w_buff1_used#6| #x00))
((|y$w_buff1_used#7| #x00))
((|y$w_buff1_used#8| #x00))
((|y$w_buff1_used#8$wclk$8| (- 1)))
((|y$w_buff1_used#9| #x00))
((|y$w_buff1_used#9$rclk$8| (- 10)))
((|z#1| #x00000000))
((|z#1$wclk$8| (- 34)))
((|z#2| #x00000000))
((|z#2$rclk$8| (- 18)))
((|z#3| #x00000000))
((|z#4| #x00000001))
((|z#4$wclk$8| (- 17)))
(model 
  (define-fun |memory_model::choice_rf_4_6_3_21_F_162| () Bool
    false)
  (define-fun |memory_model::choice_ws-ext_2_23_3_40_T_192| () Bool
    true)
  (define-fun |memory_model::choice_ws-ext_0_74_3_16_F_229| () Bool
    false)
  (define-fun |memory_model::choice_rf_0_83_0_14_F_50| () Bool
    false)
  (define-fun |memory_model::choice_ws-ext_2_23_4_21_T_193| () Bool
    false)
  (define-fun |memory_model::choice_rf_3_31_0_41_F_142| () Bool
    false)
  (define-fun |memory_model::choice_ws-ext_0_33_3_16_F_228| () Bool
    true)
  (define-fun |memory_model::choice_rf_3_25_0_42_F_157| () Bool
    false)
  (define-fun |y$r_buff0_thd4#2| () (_ BitVec 8)
    #x00)
  (define-fun |memory_model::choice_rf_0_69_0_25_F_70| () Bool
    false)
  (define-fun |memory_model::choice_rf_3_37_2_21_F_42| () Bool
    true)
  (define-fun |memory_model::choice_rf_2_1_3_21_F_156| () Bool
    true)
  (define-fun |y$r_buff0_thd3#2| () (_ BitVec 8)
    #x00)
  (define-fun |memory_model::choice_rf_3_30_3_12_F_95| () Bool
    true)
  (define-fun |main::1::t960!0@1#1$wclk$8| () Int
    (- 29))
  (define-fun |main$tmp_guard1#2| () (_ BitVec 8)
    #x00)
  (define-fun |memory_model::choice_ws-ext_1_6_4_21_T_191| () Bool
    false)
  (define-fun |memory_model::choice_ws-ext_3_18_4_15_F_253| () Bool
    true)
  (define-fun |main$tmp_guard0#3$rclk$8| () Int
    (- 2))
  (define-fun |y$flush_delayed#1$wclk$8| () Int
    (- 52))
  (define-fun |memory_model::choice_rf_3_30_0_31_F_94| () Bool
    false)
  (define-fun |memory_model::choice_ws-ext_0_78_3_36_F_217| () Bool
    false)
  (define-fun |main$tmp_guard1#5$rclk$8| () Int
    1)
  (define-fun |__CPROVER_next_thread_id#6| () (_ BitVec 32)
    #x00000002)
  (define-fun |memory_model::choice_ws-ext_0_42_2_12_F_255| () Bool
    true)
  (define-fun |z#2| () (_ BitVec 32)
    #x00000000)
  (define-fun |memory_model::choice_rf_4_8_0_77_F_179| () Bool
    false)
  (define-fun |memory_model::choice_ws-ext_1_4_4_19_F_202| () Bool
    false)
  (define-fun |memory_model::choice_rf_4_20_2_23_T_14| () Bool
    false)
  (define-fun |memory_model::choice_ws-ext_0_43_3_19_F_259| () Bool
    true)
  (define-fun |memory_model::choice_rf_4_12_0_41_F_147| () Bool
    false)
  (define-fun |memory_model::choice_rf_2_22_0_11_T_4| () Bool
    true)
  (define-fun |memory_model::choice_rf_2_5_4_15_F_137| () Bool
    false)
  (define-fun |memory_model::choice_rf_3_29_0_40_F_122| () Bool
    false)
  (define-fun |y#2| () (_ BitVec 32)
    #x00000001)
  (define-fun |memory_model::choice_rf_1_5_0_11_T_0| () Bool
    true)
  (define-fun |memory_model::choice_rf_3_31_2_10_F_144| () Bool
    true)
  (define-fun |pthread_create::1::this_thread_id!4@0#0| () (_ BitVec 32)
    #x00000010)
  (define-fun |__unbuffered_p3_EBX#4$wclk$8| () Int
    (- 14))
  (define-fun |memory_model::choice_rf_2_7_3_36_F_76| () Bool
    false)
  (define-fun |memory_model::choice_ws-ext_0_18_4_1_F_211| () Bool
    true)
  (define-fun |memory_model::choice_ws-ext_2_10_3_18_F_250| () Bool
    false)
  (define-fun |memory_model::choice_rf_0_64_1_4_F_28| () Bool
    true)
  (define-fun |memory_model::choice_rf_2_3_0_35_F_104| () Bool
    false)
  (define-fun |__unbuffered_p1_EAX#1$wclk$8| () Int
    (- 64))
  (define-fun |memory_model::choice_rf_3_23_0_44_F_183| () Bool
    true)
  (define-fun |__unbuffered_cnt#2| () (_ BitVec 32)
    #x00000004)
  (define-fun |memory_model::choice_rf_3_39_4_21_T_11| () Bool
    false)
  (define-fun |memory_model::choice_rf_4_11_0_37_F_113| () Bool
    false)
  (define-fun |memory_model::choice_ws-ext_0_77_2_14_F_262| () Bool
    false)
  (define-fun |goto_symex::&92;guard#1| () Bool
    true)
  (define-fun |memory_model::choice_ws-ext_0_37_4_14_F_237| () Bool
    true)
  (define-fun |memory_model::choice_rf_0_55_0_46_T_19| () Bool
    false)
  (define-fun |__unbuffered_p2_EAX#1$wclk$8| () Int
    (- 63))
  (define-fun |memory_model::choice_rf_3_39_2_23_T_10| () Bool
    true)
  (define-fun |memory_model::choice_ws-ext_0_27_2_16_F_223| () Bool
    true)
  (define-fun |y$w_buff1#1$wclk$8| () Int
    (- 36))
  (define-fun |memory_model::choice_ws-ext_0_19_1_0_F_212| () Bool
    true)
  (define-fun |memory_model::choice_ws-ext_3_40_4_21_T_194| () Bool
    false)
  (define-fun |main::1::t962!0@1#1$wclk$8| () Int
    (- 21))
  (define-fun |__CPROVER_threads_exited#2$rclk$8| () Int
    (- 3))
  (define-fun |memory_model::choice_rf_2_20_1_4_F_37| () Bool
    false)
  (define-fun |memory_model::choice_rf_2_7_0_78_F_75| () Bool
    false)
  (define-fun |memory_model::choice_ws-ext_2_21_3_38_F_203| () Bool
    true)
  (define-fun |memory_model::choice_ws-ext_0_42_3_21_F_256| () Bool
    true)
  (define-fun |y#5$wclk$8| () Int
    (- 1))
  (define-fun |__CPROVER_threads_exited#2| () (Array (_ BitVec 32) Bool)
    ((as const (Array (_ BitVec 32) Bool)) false))
  (define-fun |memory_model::choice_rf_4_6_2_12_F_161| () Bool
    true)
  (define-fun |y$w_buff0_used#17| () (_ BitVec 8)
    #x01)
  (define-fun |y$r_buff1_thd0#2| () (_ BitVec 8)
    #x00)
  (define-fun |memory_model::choice_ws-ext_2_14_4_16_F_268| () Bool
    true)
  (define-fun |y$w_buff0#1$wclk$8| () Int
    (- 38))
  (define-fun |memory_model::choice_ws-ext_2_14_3_35_F_267| () Bool
    true)
  (define-fun |pthread_create::1::this_thread_id!1@0#0| () (_ BitVec 32)
    #x00000000)
  (define-fun |__unbuffered_cnt#4| () (_ BitVec 32)
    #x00000003)
  (define-fun |memory_model::choice_rf_3_29_2_13_F_123| () Bool
    true)
  (define-fun |a#3| () (_ BitVec 32)
    #x00000001)
  (define-fun |memory_model::choice_rf_0_64_2_21_F_29| () Bool
    false)
  (define-fun |memory_model::choice_rf_4_11_3_17_F_114| () Bool
    true)
  (define-fun |memory_model::choice_rf_4_7_0_78_F_83| () Bool
    false)
  (define-fun |__unbuffered_cnt#9$wclk$8| () Int
    (- 6))
  (define-fun |y$r_buff0_thd3#1$wclk$8| () Int
    (- 47))
  (define-fun |memory_model::choice_ws-ext_0_78_4_17_F_218| () Bool
    false)
  (define-fun |memory_model::choice_rf_4_18_3_38_F_47| () Bool
    false)
  (define-fun |memory_model::choice_rf_2_5_0_41_F_133| () Bool
    false)
  (define-fun |memory_model::choice_rf_4_8_3_19_F_181| () Bool
    false)
  (define-fun |memory_model::choice_ws-ext_0_76_3_34_F_248| () Bool
    false)
  (define-fun |memory_model::choice_ws-ext_0_44_4_0_F_271| () Bool
    true)
  (define-fun |__unbuffered_p2_EAX#6$wclk$8| () Int
    (- 18))
  (define-fun |y$r_buff1_thd3#1$wclk$8| () Int
    (- 42))
  (define-fun |memory_model::choice_rf_4_12_3_34_F_151| () Bool
    true)
  (define-fun |y#14| () (_ BitVec 32)
    #x00000001)
  (define-fun |memory_model::choice_rf_1_5_2_23_T_1| () Bool
    false)
  (define-fun |memory_model::choice_rf_4_2_4_1_F_60| () Bool
    true)
  (define-fun |memory_model::choice_rf_0_70_4_16_F_167| () Bool
    true)
  (define-fun |memory_model::choice_ws-ext_0_15_3_24_F_208| () Bool
    true)
  (define-fun |memory_model::choice_ws-ext_0_77_4_16_F_265| () Bool
    false)
  (define-fun |memory_model::choice_ws-ext_0_43_3_35_F_260| () Bool
    true)
  (define-fun |memory_model::choice_ws-ext_0_14_2_11_F_207| () Bool
    true)
  (define-fun |z#1$wclk$8| () Int
    (- 34))
  (define-fun |memory_model::choice_rf_3_27_0_78_F_79| () Bool
    false)
  (define-fun |memory_model::choice_rf_0_70_0_43_F_163| () Bool
    false)
  (define-fun |y$w_buff1_used#1$wclk$8| () Int
    (- 35))
  (define-fun |y$w_buff1_used#2| () (_ BitVec 8)
    #x00)
  (define-fun |memory_model::choice_rf_0_82_3_24_F_53| () Bool
    true)
  (define-fun |y$w_buff0#12| () (_ BitVec 32)
    #x00000001)
  (define-fun |memory_model::choice_rf_4_12_2_10_F_149| () Bool
    false)
  (define-fun |memory_model::choice_ws-ext_3_17_4_14_F_238| () Bool
    true)
  (define-fun |memory_model::choice_rf_4_12_0_76_F_148| () Bool
    false)
  (define-fun |main::1::t961!0@1#2$wclk$8| () Int
    (- 23))
  (define-fun |y$w_buff0#2| () (_ BitVec 32)
    #x00000001)
  (define-fun |__unbuffered_cnt#7| () (_ BitVec 32)
    #x00000001)
  (define-fun |memory_model::choice_ws-ext_2_10_3_34_F_251| () Bool
    true)
  (define-fun |__unbuffered_p0_EAX#4$wclk$8| () Int
    (- 12))
  (define-fun |memory_model::choice_rf_0_69_3_36_F_72| () Bool
    false)
  (define-fun |y$w_buff1#4| () (_ BitVec 32)
    #x00000000)
  (define-fun |y$r_buff0_thd0#11| () (_ BitVec 8)
    #x00)
  (define-fun |memory_model::choice_rf_0_71_0_40_F_115| () Bool
    false)
  (define-fun |memory_model::choice_rf_4_12_3_18_F_150| () Bool
    false)
  (define-fun |memory_model::choice_ws-ext_0_11_4_21_T_188| () Bool
    true)
  (define-fun |memory_model::choice_ws-ext_0_43_2_14_F_258| () Bool
    true)
  (define-fun |memory_model::choice_rf_3_37_0_12_F_40| () Bool
    false)
  (define-fun |memory_model::choice_rf_0_60_0_51_T_23| () Bool
    false)
  (define-fun |memory_model::choice_rf_1_5_3_40_T_2| () Bool
    false)
  (define-fun |memory_model::choice_ws-ext_0_26_2_17_F_222| () Bool
    true)
  (define-fun |pthread_create::1::this_thread_id!2@0#0| () (_ BitVec 32)
    #x00000001)
  (define-fun |memory_model::choice_rf_0_83_2_11_F_51| () Bool
    true)
  (define-fun |memory_model::choice_rf_3_28_3_19_F_176| () Bool
    false)
  (define-fun |main$tmp_guard1#5| () (_ BitVec 8)
    #x00)
  (define-fun |y$w_buff1_used#20| () (_ BitVec 8)
    #x00)
  (define-fun |memory_model::choice_rf_4_18_1_4_F_45| () Bool
    false)
  (define-fun |memory_model::choice_rf_3_28_4_16_F_177| () Bool
    false)
  (define-fun |memory_model::choice_rf_0_87_0_21_F_68| () Bool
    false)
  (define-fun |memory_model::choice_rf_2_7_0_25_F_74| () Bool
    true)
  (define-fun |memory_model::choice_rf_4_7_2_15_F_84| () Bool
    false)
  (define-fun |memory_model::choice_ws-ext_1_4_2_21_F_200| () Bool
    false)
  (define-fun |memory_model::choice_ws-ext_0_30_2_9_F_224| () Bool
    true)
  (define-fun |y#10| () (_ BitVec 32)
    #x00000000)
  (define-fun |memory_model::choice_ws-ext_0_43_4_16_F_261| () Bool
    true)
  (define-fun |memory_model::choice_rf_4_4_1_0_F_62| () Bool
    false)
  (define-fun |memory_model::choice_ws-ext_0_11_2_23_T_186| () Bool
    true)
  (define-fun |memory_model::choice_ws-ext_0_77_3_35_F_264| () Bool
    false)
  (define-fun |goto_symex::&92;guard#2| () Bool
    false)
  (define-fun |memory_model::choice_rf_2_20_4_19_F_39| () Bool
    true)
  (define-fun |memory_model::choice_rf_0_87_0_85_F_69| () Bool
    true)
  (define-fun |memory_model::choice_rf_3_10_0_41_F_138| () Bool
    true)
  (define-fun |memory_model::choice_rf_0_50_0_9_T_16| () Bool
    false)
  (define-fun |memory_model::choice_ws-ext_0_34_3_15_F_230| () Bool
    true)
  (define-fun |memory_model::choice_ws-ext_0_40_2_13_F_239| () Bool
    true)
  (define-fun t1$48$spwnclk$8 () Int
    (- 30))
  (define-fun |memory_model::choice_rf_0_67_0_42_F_152| () Bool
    false)
  (define-fun |memory_model::choice_rf_1_1_0_24_F_25| () Bool
    true)
  (define-fun |memory_model::choice_rf_4_20_3_40_T_15| () Bool
    false)
  (define-fun |memory_model::choice_ws-ext_2_15_3_36_F_219| () Bool
    true)
  (define-fun |memory_model::choice_ws-ext_3_19_4_16_F_269| () Bool
    true)
  (define-fun |x#2| () (_ BitVec 32)
    #x00000000)
  (define-fun |y$r_buff1_thd0#1$wclk$8| () Int
    (- 45))
  (define-fun |b#3| () (_ BitVec 32)
    #x00000000)
  (define-fun |__unbuffered_cnt#16$wclk$8| () Int
    (- 7))
  (define-fun |__CPROVER_threads_exited#9$wclk$8| () Int
    (- 2))
  (define-fun |memory_model::choice_rf_3_31_3_18_F_145| () Bool
    false)
  (define-fun |main$tmp_guard1#1$wclk$8| () Int
    (- 57))
  (define-fun |b#1$wclk$8| () Int
    (- 59))
  (define-fun |memory_model::choice_rf_3_31_0_76_F_143| () Bool
    false)
  (define-fun |memory_model::choice_rf_4_9_2_13_F_126| () Bool
    true)
  (define-fun |memory_model::choice_rf_4_8_0_43_F_178| () Bool
    false)
  (define-fun |memory_model::choice_rf_3_23_4_0_F_184| () Bool
    false)
  (define-fun |memory_model::choice_rf_0_60_0_9_T_21| () Bool
    false)
  (define-fun |y$read_delayed#1$wclk$8| () Int
    (- 40))
  (define-fun |y$r_buff1_thd4#5| () (_ BitVec 8)
    #x00)
  (define-fun |memory_model::choice_rf_1_3_0_12_F_32| () Bool
    false)
  (define-fun |memory_model::choice_ws-ext_2_8_3_14_F_233| () Bool
    false)
  (define-fun |main$tmp_guard1#4$wclk$8| () Int
    0)
  (define-fun |main::1::t961!0@1#1$wclk$8| () Int
    (- 25))
  (define-fun |memory_model::choice_ws-ext_0_41_4_15_F_245| () Bool
    true)
  (define-fun |__unbuffered_cnt#10| () (_ BitVec 32)
    #x00000002)
  (define-fun |memory_model::choice_rf_4_2_0_18_F_59| () Bool
    false)
  (define-fun |memory_model::choice_rf_3_10_2_10_F_140| () Bool
    false)
  (define-fun |memory_model::choice_rf_2_6_0_43_F_168| () Bool
    false)
  (define-fun |y$w_buff1#7$wclk$8| () Int
    (- 19))
  (define-fun |memory_model::choice_ws-ext_2_12_3_21_F_257| () Bool
    false)
  (define-fun |memory_model::choice_rf_2_2_0_40_F_118| () Bool
    false)
  (define-fun |y$w_buff0_used#2| () (_ BitVec 8)
    #x00)
  (define-fun |y$r_buff0_thd4#1$wclk$8| () Int
    (- 46))
  (define-fun |weak$$choice0#1$wclk$8| () Int
    (- 56))
  (define-fun |main::1::t960!0@1#2$wclk$8| () Int
    (- 27))
  (define-fun |memory_model::choice_rf_0_70_2_14_F_164| () Bool
    false)
  (define-fun |y$r_buff1_thd2#2| () (_ BitVec 8)
    #x00)
  (define-fun |memory_model::choice_rf_3_6_0_32_F_96| () Bool
    true)
  (define-fun |memory_model::choice_rf_0_60_0_46_T_22| () Bool
    false)
  (define-fun |memory_model::choice_rf_2_6_3_19_F_170| () Bool
    true)
  (define-fun |__unbuffered_p1_EAX#2| () (_ BitVec 32)
    #x00000000)
  (define-fun |memory_model::choice_ws-ext_2_21_4_19_F_204| () Bool
    false)
  (define-fun |memory_model::choice_ws-ext_0_41_3_18_F_243| () Bool
    true)
  (define-fun |memory_model::choice_ws-ext_0_12_4_19_F_199| () Bool
    true)
  (define-fun |y$w_buff0#7| () (_ BitVec 32)
    #x00000000)
  (define-fun |__CPROVER_next_thread_id#11$wclk$8| () Int
    (- 20))
  (define-fun |memory_model::choice_ws-ext_0_17_4_5_F_210| () Bool
    true)
  (define-fun |memory_model::choice_rf_3_37_1_4_F_41| () Bool
    false)
  (define-fun |memory_model::choice_rf_3_28_0_43_F_173| () Bool
    false)
  (define-fun |y$w_buff1_used#9| () (_ BitVec 8)
    #x00)
  (define-fun |memory_model::choice_rf_0_64_0_12_F_27| () Bool
    false)
  (define-fun |weak$$choice0#2$wclk$8| () Int
    (- 10))
  (define-fun |memory_model::choice_ws-ext_0_25_2_15_F_213| () Bool
    true)
  (define-fun |y#1$wclk$8| () Int
    (- 53))
  (define-fun |memory_model::choice_ws-ext_0_78_2_15_F_216| () Bool
    false)
  (define-fun |memory_model::choice_rf_3_7_0_31_F_93| () Bool
    true)
  (define-fun |memory_model::choice_rf_0_84_0_13_F_48| () Bool
    false)
  (define-fun |memory_model::choice_ws-ext_3_36_4_17_F_221| () Bool
    true)
  (define-fun |memory_model::choice_rf_1_5_4_21_T_3| () Bool
    false)
  (define-fun |y$w_buff0_used#1$wclk$8| () Int
    (- 37))
  (define-fun |memory_model::choice_rf_2_22_1_6_T_5| () Bool
    false)
  (define-fun |memory_model::choice_rf_3_28_2_14_F_175| () Bool
    true)
  (define-fun |memory_model::choice_ws-ext_2_10_4_15_F_252| () Bool
    true)
  (define-fun |memory_model::choice_rf_0_80_0_17_F_57| () Bool
    false)
  (define-fun |memory_model::choice_rf_2_5_0_76_F_134| () Bool
    false)
  (define-fun |memory_model::choice_rf_2_7_4_17_F_77| () Bool
    false)
  (define-fun |memory_model::choice_ws-ext_1_6_3_40_T_190| () Bool
    true)
  (define-fun |y$r_buff0_thd2#5| () (_ BitVec 8)
    #x00)
  (define-fun |y$r_buff1_thd1#1$wclk$8| () Int
    (- 44))
  (define-fun |memory_model::choice_rf_3_39_1_6_T_9| () Bool
    false)
  (define-fun |__unbuffered_p3_EBX#2| () (_ BitVec 32)
    #x00000000)
  (define-fun |memory_model::choice_rf_2_3_3_14_F_105| () Bool
    true)
  (define-fun |y$w_buff0_used#11| () (_ BitVec 8)
    #x01)
  (define-fun |memory_model::choice_rf_4_18_0_12_F_44| () Bool
    true)
  (define-fun |memory_model::choice_rf_2_6_3_35_F_171| () Bool
    false)
  (define-fun |memory_model::choice_ws-ext_0_23_2_18_F_273| () Bool
    true)
  (define-fun |memory_model::choice_rf_0_73_0_41_F_128| () Bool
    false)
  (define-fun |y$read_delayed_var#1$wclk$8| () Int
    (- 39))
  (define-fun |memory_model::choice_ws-ext_0_32_4_13_F_227| () Bool
    true)
  (define-fun |memory_model::choice_ws-ext_0_77_3_19_F_263| () Bool
    false)
  (define-fun |memory_model::choice_rf_4_6_0_42_F_160| () Bool
    false)
  (define-fun |y$r_buff0_thd3#6| () (_ BitVec 8)
    #x01)
  (define-fun |memory_model::choice_rf_0_68_0_33_F_99| () Bool
    false)
  (define-fun |memory_model::choice_rf_0_81_0_16_F_55| () Bool
    false)
  (define-fun |memory_model::choice_rf_0_66_0_20_F_63| () Bool
    false)
  (define-fun |memory_model::choice_rf_0_60_0_56_T_24| () Bool
    true)
  (define-fun |memory_model::choice_rf_0_67_2_12_F_153| () Bool
    true)
  (define-fun |memory_model::choice_rf_3_10_4_15_F_141| () Bool
    false)
  (define-fun |memory_model::choice_ws-ext_0_12_3_38_F_198| () Bool
    true)
  (define-fun |y#13$wclk$8| () Int
    (- 9))
  (define-fun |__unbuffered_p3_EAX#4$wclk$8| () Int
    (- 15))
  (define-fun |y$w_buff0#10| () (_ BitVec 32)
    #x00000001)
  (define-fun |__unbuffered_cnt#6$wclk$8| () Int
    (- 4))
  (define-fun |memory_model::choice_rf_2_2_3_20_F_119| () Bool
    true)
  (define-fun |memory_model::choice_rf_0_72_0_28_F_86| () Bool
    true)
  (define-fun |__unbuffered_p3_EAX#2| () (_ BitVec 32)
    #x00000001)
  (define-fun |__CPROVER_threads_exited#3$wclk$8| () Int
    1)
  (define-fun |memory_model::choice_rf_0_81_4_3_F_56| () Bool
    true)
  (define-fun |memory_model::choice_rf_3_37_4_19_F_43| () Bool
    false)
  (define-fun |x#1$wclk$8| () Int
    (- 54))
  (define-fun |memory_model::choice_rf_3_25_3_21_F_159| () Bool
    false)
  (define-fun |memory_model::choice_rf_4_7_3_36_F_85| () Bool
    true)
  (define-fun |__CPROVER_threads_exited#4| () (Array (_ BitVec 32) Bool)
    ((as const (Array (_ BitVec 32) Bool)) false))
  (define-fun |pthread_create::1::this_thread_id!3@0#0| () (_ BitVec 32)
    #x00000000)
  (define-fun |y$r_buff1_thd4#1$wclk$8| () Int
    (- 41))
  (define-fun |memory_model::choice_ws-ext_0_31_3_33_F_226| () Bool
    true)
  (define-fun |memory_model::choice_rf_4_8_3_35_F_182| () Bool
    true)
  (define-fun |y#6| () (_ BitVec 32)
    #x00000000)
  (define-fun |memory_model::choice_ws-ext_2_14_3_19_F_266| () Bool
    false)
  (define-fun |memory_model::choice_ws-ext_0_36_3_13_F_234| () Bool
    true)
  (define-fun |__CPROVER_threads_exited#1$wclk$8| () Int
    (- 67))
  (define-fun |memory_model::choice_ws-ext_0_31_3_12_F_225| () Bool
    true)
  (define-fun |memory_model::choice_rf_3_11_2_13_F_121| () Bool
    false)
  (define-fun |main::1::t959!0@1#2$wclk$8| () Int
    (- 31))
  (define-fun |memory_model::choice_rf_4_20_0_11_T_12| () Bool
    true)
  (define-fun |memory_model::choice_ws-ext_0_35_2_8_F_231| () Bool
    true)
  (define-fun |__CPROVER_next_thread_id#5$wclk$8| () Int
    (- 28))
  (define-fun |main::1::t962!0@1#2$wclk$8| () Int
    (- 19))
  (define-fun |memory_model::choice_ws-ext_0_25_4_17_F_215| () Bool
    true)
  (define-fun |__unbuffered_cnt#14| () (_ BitVec 32)
    #x00000000)
  (define-fun |memory_model::choice_rf_0_50_0_46_T_17| () Bool
    true)
  (define-fun |main$tmp_guard0#1$wclk$8| () Int
    (- 58))
  (define-fun |memory_model::choice_ws-ext_0_12_2_21_F_197| () Bool
    true)
  (define-fun t1$63$spwnclk$8 () Int
    (- 18))
  (define-fun |memory_model::choice_rf_0_80_4_5_F_58| () Bool
    true)
  (define-fun |memory_model::choice_ws-ext_3_38_4_19_F_205| () Bool
    false)
  (define-fun |memory_model::choice_ws-ext_0_25_3_36_F_214| () Bool
    true)
  (define-fun |y$w_buff0_used#14| () (_ BitVec 8)
    #x00)
  (define-fun |__unbuffered_cnt#13$wclk$8| () Int
    (- 5))
  (define-fun |memory_model::choice_rf_4_8_2_14_F_180| () Bool
    false)
  (define-fun |memory_model::choice_ws-ext_0_12_1_4_F_196| () Bool
    true)
  (define-fun |memory_model::choice_rf_3_27_4_17_F_81| () Bool
    false)
  (define-fun |__CPROVER_next_thread_id#9| () (_ BitVec 32)
    #x00000003)
  (define-fun |y$w_buff1_used#13| () (_ BitVec 8)
    #x00)
  (define-fun |memory_model::choice_rf_2_20_3_38_F_38| () Bool
    false)
  (define-fun |memory_model::choice_ws-ext_0_36_3_32_F_235| () Bool
    true)
  (define-fun |y$r_buff0_thd0#1$wclk$8| () Int
    (- 50))
  (define-fun |memory_model::choice_rf_3_27_0_25_F_78| () Bool
    false)
  (define-fun |memory_model::choice_rf_3_8_0_75_F_88| () Bool
    false)
  (define-fun |memory_model::choice_rf_2_22_3_40_T_6| () Bool
    false)
  (define-fun |memory_model::choice_rf_3_2_0_30_F_91| () Bool
    true)
  (define-fun |memory_model::choice_rf_3_27_2_15_F_80| () Bool
    true)
  (define-fun |__CPROVER_next_thread_id#2$wclk$8| () Int
    (- 32))
  (define-fun |__CPROVER_threads_exited#8$rclk$8| () Int
    (- 6))
  (define-fun |memory_model::choice_rf_3_26_3_13_F_110| () Bool
    true)
  (define-fun |memory_model::choice_rf_2_6_4_16_F_172| () Bool
    false)
  (define-fun |memory_model::choice_rf_0_67_3_21_F_154| () Bool
    false)
  (define-fun |memory_model::choice_ws-ext_0_37_3_17_F_236| () Bool
    true)
  (define-fun |memory_model::choice_ws-ext_2_13_3_20_F_241| () Bool
    false)
  (define-fun |a#1$wclk$8| () Int
    (- 60))
  (define-fun |y$r_buff1_thd2#1$wclk$8| () Int
    (- 43))
  (define-fun |memory_model::choice_rf_3_25_2_12_F_158| () Bool
    true)
  (define-fun |memory_model::choice_rf_0_70_3_35_F_166| () Bool
    false)
  (define-fun |__CPROVER_threads_exited#6| () (Array (_ BitVec 32) Bool)
    (lambda ((x!1 (_ BitVec 32))) (= x!1 #x00000001)))
  (define-fun |b#2$wclk$8| () Int
    (- 13))
  (define-fun t1$53$spwnclk$8 () Int
    (- 26))
  (define-fun |memory_model::choice_rf_0_71_2_13_F_116| () Bool
    true)
  (define-fun |memory_model::choice_rf_3_2_2_9_F_92| () Bool
    false)
  (define-fun |memory_model::choice_rf_1_1_2_0_F_26| () Bool
    false)
  (define-fun |__CPROVER_threads_exited#8| () (Array (_ BitVec 32) Bool)
    ((as const (Array (_ BitVec 32) Bool)) false))
  (define-fun |y$w_buff0#4| () (_ BitVec 32)
    #x00000001)
  (define-fun |memory_model::choice_rf_4_9_0_40_F_125| () Bool
    false)
  (define-fun |main::1::t959!0@1#1$wclk$8| () Int
    (- 33))
  (define-fun |__unbuffered_p0_EAX#2| () (_ BitVec 32)
    #x00000000)
  (define-fun |__unbuffered_cnt#1$wclk$8| () Int
    (- 66))
  (define-fun |y$w_buff0_used#26| () (_ BitVec 8)
    #x00)
  (define-fun |memory_model::choice_rf_3_10_0_76_F_139| () Bool
    false)
  (define-fun |memory_model::choice_ws-ext_0_41_3_34_F_244| () Bool
    true)
  (define-fun |memory_model::choice_rf_4_18_2_21_F_46| () Bool
    false)
  (define-fun |memory_model::choice_ws-ext_2_15_4_17_F_220| () Bool
    true)
  (define-fun t1$58$spwnclk$8 () Int
    (- 22))
  (define-fun |memory_model::choice_rf_0_69_2_15_F_71| () Bool
    false)
  (define-fun |memory_model::choice_rf_0_66_0_65_F_64| () Bool
    true)
  (define-fun |memory_model::choice_rf_2_5_3_34_F_136| () Bool
    false)
  (define-fun |y$r_buff0_thd1#1$wclk$8| () Int
    (- 49))
  (define-fun |memory_model::choice_ws-ext_0_16_4_3_F_209| () Bool
    true)
  (define-fun |y$w_buff1#10| () (_ BitVec 32)
    #x00000000)
  (define-fun |memory_model::choice_rf_3_8_0_28_F_87| () Bool
    true)
  (define-fun |memory_model::choice_ws-ext_0_76_2_10_F_246| () Bool
    false)
  (define-fun |__unbuffered_p0_EAX#1$wclk$8| () Int
    (- 65))
  (define-fun |y$w_buff1#2| () (_ BitVec 32)
    #x00000000)
  (define-fun |memory_model::choice_rf_0_86_0_85_F_67| () Bool
    true)
  (define-fun |memory_model::choice_rf_0_64_4_19_F_31| () Bool
    false)
  (define-fun |memory_model::choice_rf_0_86_0_21_F_66| () Bool
    false)
  (define-fun |memory_model::choice_ws-ext_0_40_3_20_F_240| () Bool
    true)
  (define-fun |__CPROVER_threads_exited#6$rclk$8| () Int
    0)
  (define-fun |memory_model::choice_rf_0_69_4_17_F_73| () Bool
    true)
  (define-fun |y$w_buff1#8| () (_ BitVec 32)
    #x00000000)
  (define-fun |weak$$choice2#1$wclk$8| () Int
    (- 55))
  (define-fun |__CPROVER_threads_exited#7$wclk$8| () Int
    2)
  (define-fun |main$tmp_guard1#3$rclk$8| () Int
    0)
  (define-fun |memory_model::choice_rf_3_29_3_20_F_124| () Bool
    false)
  (define-fun |memory_model::choice_rf_0_82_0_15_F_52| () Bool
    false)
  (define-fun |__unbuffered_p3_EAX#1$wclk$8| () Int
    (- 62))
  (define-fun |memory_model::choice_rf_3_39_0_11_T_8| () Bool
    false)
  (define-fun |memory_model::choice_rf_0_84_1_2_F_49| () Bool
    true)
  (define-fun |memory_model::choice_rf_2_5_3_18_F_135| () Bool
    true)
  (define-fun array_of.0 () (Array (_ BitVec 32) Bool)
    ((as const (Array (_ BitVec 32) Bool)) false))
  (define-fun |main$tmp_guard0#2$wclk$8| () Int
    (- 3))
  (define-fun |y$r_buff1_thd3#5| () (_ BitVec 8)
    #x00)
  (define-fun |y$r_buff0_thd2#1$wclk$8| () Int
    (- 48))
  (define-fun |z#4$wclk$8| () Int
    (- 17))
  (define-fun |y$mem_tmp#1$wclk$8| () Int
    (- 51))
  (define-fun |memory_model::choice_rf_2_22_4_21_T_7| () Bool
    false)
  (define-fun |memory_model::choice_rf_0_73_3_18_F_130| () Bool
    false)
  (define-fun |main$tmp_guard1#6$rclk$8| () Int
    2)
  (define-fun |memory_model::choice_ws-ext_1_4_3_38_F_201| () Bool
    false)
  (define-fun |memory_model::choice_ws-ext_0_76_4_15_F_249| () Bool
    false)
  (define-fun |y#16$wclk$8| () Int
    (- 8))
  (define-fun |memory_model::choice_rf_0_55_0_51_T_20| () Bool
    true)
  (define-fun |memory_model::choice_rf_0_73_4_15_F_132| () Bool
    true)
  (define-fun |memory_model::choice_rf_0_55_0_9_T_18| () Bool
    false)
  (define-fun |memory_model::choice_rf_1_3_3_38_F_34| () Bool
    true)
  (define-fun |memory_model::choice_rf_4_9_3_20_F_127| () Bool
    false)
  (define-fun |x#4$wclk$8| () Int
    (- 11))
  (define-fun |memory_model::choice_rf_4_20_1_6_T_13| () Bool
    false)
  (define-fun |memory_model::choice_ws-ext_0_41_2_10_F_242| () Bool
    true)
  (define-fun |__unbuffered_p2_EAX#2| () (_ BitVec 32)
    #x00000000)
  (define-fun |memory_model::choice_rf_0_73_3_34_F_131| () Bool
    false)
  (define-fun |memory_model::choice_ws-ext_0_11_1_6_T_185| () Bool
    true)
  (define-fun |memory_model::choice_rf_2_20_0_12_F_36| () Bool
    false)
  (define-fun |memory_model::choice_rf_0_71_3_20_F_117| () Bool
    false)
  (define-fun |main$tmp_guard0#3| () (_ BitVec 8)
    #x01)
  (define-fun |memory_model::choice_rf_2_6_0_77_F_169| () Bool
    false)
  (define-fun |memory_model::choice_rf_0_64_3_38_F_30| () Bool
    false)
  (define-fun |__unbuffered_p3_EBX#1$wclk$8| () Int
    (- 61))
  (define-fun |__CPROVER_threads_exited#5$wclk$8| () Int
    (- 1))
  (define-fun |memory_model::choice_rf_0_70_3_19_F_165| () Bool
    false)
  (define-fun |memory_model::choice_ws-ext_1_6_2_23_T_189| () Bool
    false)
  (define-fun |memory_model::choice_rf_1_3_2_21_F_33| () Bool
    false)
  (define-fun |a#2$wclk$8| () Int
    (- 16))
  (define-fun |memory_model::choice_rf_3_6_4_13_F_97| () Bool
    false)
  (define-fun |memory_model::choice_ws-ext_0_76_3_18_F_247| () Bool
    false)
  (define-fun |memory_model::choice_rf_3_4_0_29_F_89| () Bool
    true)
  (define-fun |memory_model::choice_ws-ext_0_11_3_40_T_187| () Bool
    true)
  (define-fun |__CPROVER_next_thread_id#3| () (_ BitVec 32)
    #x00000001)
  (define-fun |memory_model::choice_rf_0_73_2_10_F_129| () Bool
    false)
  (define-fun |memory_model::choice_rf_3_31_4_15_F_146| () Bool
    false)
  (define-fun |__CPROVER_next_thread_id#8$wclk$8| () Int
    (- 24))
  (define-fun |memory_model::choice_rf_2_1_0_42_F_155| () Bool
    false)
  (define-fun |memory_model::choice_rf_4_4_0_19_F_61| () Bool
    true)
  (define-fun |memory_model::choice_rf_3_26_0_36_F_109| () Bool
    false)
  (define-fun |__CPROVER_threads_exited#4$rclk$8| () Int
    (- 5))
  (define-fun |memory_model::choice_ws-ext_0_22_2_19_F_272| () Bool
    true)
  (define-fun |memory_model::choice_rf_4_7_0_25_F_82| () Bool
    false)
  (define-fun |memory_model::choice_ws-ext_3_35_4_16_F_270| () Bool
    true)
  (define-fun |memory_model::choice_rf_1_3_4_19_F_35| () Bool
    false)
  (define-fun |memory_model::choice_rf_0_68_3_16_F_100| () Bool
    true)
  (define-fun |memory_model::choice_ws-ext_0_35_3_14_F_232| () Bool
    true)
  (define-fun |memory_model::choice_rf_3_28_0_77_F_174| () Bool
    false)
  (define-fun |memory_model::choice_ws-ext_0_13_1_2_F_206| () Bool
    true)
  (define-fun |memory_model::choice_ws-ext_3_34_4_15_F_254| () Bool
    true)
  (define-fun |main$tmp_guard1#6| () (_ BitVec 8)
    #x00)
  (define-fun |memory_model::choice_ws-ext_0_24_2_0_F_195| () Bool
    true)
  (define-fun |memory_model::choice_rf_3_11_0_40_F_120| () Bool
    true)
  (define-fun |__CPROVER_pipe_count#1$wclk$8| () Int
    (- 68))
  (define-fun |__CPROVER_next_thread_id#1$wclk$8| () Int
    (- 69))
  (define-fun |__CPROVER_memory_leak#1$wclk$8| () Int
    (- 70))
  (define-fun |__CPROVER_malloc_size#1$wclk$8| () Int
    (- 71))
  (define-fun |__CPROVER_malloc_object#1$wclk$8| () Int
    (- 72))
  (define-fun |__CPROVER_malloc_is_new_array#1$wclk$8| () Int
    (- 73))
  (define-fun |__CPROVER_deallocated#1$wclk$8| () Int
    (- 74))
  (define-fun |__CPROVER_dead_object#1$wclk$8| () Int
    (- 75))
  (define-fun |main::1::t962!0@1$wclk$8| () Int
    (- 76))
  (define-fun |main::1::t961!0@1$wclk$8| () Int
    (- 77))
  (define-fun |main::1::t960!0@1$wclk$8| () Int
    (- 78))
  (define-fun |memory_model::choice_rf_3_9_4_14_F_112| () Bool
    false)
  (define-fun |memory_model::choice_rf_3_9_0_37_F_111| () Bool
    false)
  (define-fun |y$r_buff1_thd3#3| () (_ BitVec 8)
    #xff)
  (define-fun |memory_model::choice_rf_3_0_0_36_F_108| () Bool
    false)
  (define-fun |memory_model::choice_rf_3_1_2_8_F_107| () Bool
    false)
  (define-fun |memory_model::choice_rf_3_1_0_35_F_106| () Bool
    false)
  (define-fun |y$r_buff1_thd1#3| () (_ BitVec 8)
    #xff)
  (define-fun |memory_model::choice_rf_3_3_0_34_F_103| () Bool
    false)
  (define-fun |memory_model::choice_rf_3_5_0_74_F_102| () Bool
    false)
  (define-fun |memory_model::choice_rf_3_5_0_33_F_101| () Bool
    false)
  (define-fun |y$r_buff0_thd1#2| () (_ BitVec 8)
    #x00)
  (define-fun |y$r_buff0_thd0#2| () (_ BitVec 8)
    #x00)
  (define-fun |nondet_symex::nondet2| () (_ BitVec 32)
    #xffffffff)
  (define-fun |main$tmp_guard1#3| () (_ BitVec 8)
    #xff)
  (define-fun |memory_model::choice_rf_0_79_0_21_F_65| () Bool
    false)
  (define-fun |__unbuffered_p2_EAX#5| () (_ BitVec 32)
    #xffffffff)
  (define-fun |memory_model::choice_rf_3_22_0_15_F_54| () Bool
    false)
  (define-fun |__unbuffered_cnt#14$rclk$8| () Int
    (- 7))
  (define-fun |y$w_buff1#10$rclk$8| () Int
    (- 8))
  (define-fun |y#14$rclk$8| () Int
    (- 8))
  (define-fun |y$w_buff1_used#20$rclk$8| () Int
    (- 8))
  (define-fun |y$w_buff0#12$rclk$8| () Int
    (- 8))
  (define-fun |y$r_buff0_thd4#4$rclk$8| () Int
    (- 8))
  (define-fun |y$r_buff1_thd4#5$rclk$8| () Int
    (- 8))
  (define-fun |y$w_buff0_used#26$rclk$8| () Int
    (- 8))
  (define-fun |y$r_buff0_thd4#6$wclk$8| () Int
    (- 8))
  (define-fun |y$r_buff1_thd4#7$wclk$8| () Int
    (- 8))
  (define-fun |y$w_buff0_used#28$wclk$8| () Int
    (- 8))
  (define-fun |y$w_buff1_used#22$wclk$8| () Int
    (- 8))
  (define-fun |b#3$rclk$8| () Int
    (- 14))
  (define-fun |a#3$rclk$8| () Int
    (- 15))
  (define-fun |__unbuffered_cnt#10$rclk$8| () Int
    (- 5))
  (define-fun |y$w_buff1#8$rclk$8| () Int
    (- 9))
  (define-fun |y$r_buff1_thd3#5$rclk$8| () Int
    (- 9))
  (define-fun |y#10$rclk$8| () Int
    (- 9))
  (define-fun |y$w_buff1_used#13$rclk$8| () Int
    (- 9))
  (define-fun |y$w_buff0#10$rclk$8| () Int
    (- 9))
  (define-fun |y$r_buff0_thd3#6$rclk$8| () Int
    (- 9))
  (define-fun |y$w_buff0_used#17$rclk$8| () Int
    (- 9))
  (define-fun |y$r_buff1_thd3#11$wclk$8| () Int
    (- 9))
  (define-fun |y$r_buff0_thd3#14$wclk$8| () Int
    (- 9))
  (define-fun |y$w_buff0_used#25$wclk$8| () Int
    (- 9))
  (define-fun |y$w_buff1_used#19$wclk$8| () Int
    (- 9))
  (define-fun |__unbuffered_p2_EAX#5$rclk$8| () Int
    (- 18))
  (define-fun |z#2$rclk$8| () Int
    (- 18))
  (define-fun |y$r_buff1_thd3#3$rclk$8| () Int
    (- 19))
  (define-fun |y$r_buff1_thd2#6$rclk$8| () Int
    (- 19))
  (define-fun |y$r_buff0_thd2#5$rclk$8| () Int
    (- 19))
  (define-fun |y$r_buff1_thd1#3$rclk$8| () Int
    (- 19))
  (define-fun |y$r_buff0_thd1#2$rclk$8| () Int
    (- 19))
  (define-fun |y$r_buff1_thd0#10$rclk$8| () Int
    (- 19))
  (define-fun |y$r_buff0_thd4#2$rclk$8| () Int
    (- 19))
  (define-fun |y$r_buff0_thd3#2$rclk$8| () Int
    (- 19))
  (define-fun |y$r_buff0_thd0#11$rclk$8| () Int
    (- 19))
  (define-fun |y$r_buff1_thd4#3$rclk$8| () Int
    (- 19))
  (define-fun |y$w_buff0_used#14$rclk$8| () Int
    (- 19))
  (define-fun |y$w_buff0#7$rclk$8| () Int
    (- 19))
  (define-fun |y$r_buff0_thd3#5$wclk$8| () Int
    (- 19))
  (define-fun |y$r_buff1_thd3#4$wclk$8| () Int
    (- 19))
  (define-fun |y$r_buff1_thd2#7$wclk$8| () Int
    (- 19))
  (define-fun |y$r_buff1_thd1#4$wclk$8| () Int
    (- 19))
  (define-fun |y$r_buff1_thd0#11$wclk$8| () Int
    (- 19))
  (define-fun |y$r_buff1_thd4#4$wclk$8| () Int
    (- 19))
  (define-fun |y$w_buff0_used#16$wclk$8| () Int
    (- 19))
  (define-fun |y$w_buff1_used#12$wclk$8| () Int
    (- 19))
  (define-fun |y$w_buff0#9$wclk$8| () Int
    (- 19))
  (define-fun |__unbuffered_cnt#7$rclk$8| () Int
    (- 6))
  (define-fun |y$w_buff1#4$rclk$8| () Int
    (- 10))
  (define-fun |y$w_buff0#4$rclk$8| () Int
    (- 10))
  (define-fun |y$r_buff1_thd2#2$rclk$8| () Int
    (- 10))
  (define-fun |y$r_buff0_thd2#2$rclk$8| () Int
    (- 10))
  (define-fun |y$w_buff0_used#11$rclk$8| () Int
    (- 10))
  (define-fun |y$w_buff1_used#9$rclk$8| () Int
    (- 10))
  (define-fun |y#6$rclk$8| () Int
    (- 10))
  (define-fun |y$r_buff1_thd2#4$wclk$8| () Int
    (- 10))
  (define-fun |y$r_buff0_thd2#4$wclk$8| () Int
    (- 10))
  (define-fun |y$w_buff0_used#13$wclk$8| () Int
    (- 10))
  (define-fun |__unbuffered_p1_EAX#4$wclk$8| () Int
    (- 10))
  (define-fun |y$w_buff1#6$wclk$8| () Int
    (- 10))
  (define-fun |y$w_buff0#6$wclk$8| () Int
    (- 10))
  (define-fun |y$w_buff1_used#11$wclk$8| () Int
    (- 10))
  (define-fun |y#9$wclk$8| () Int
    (- 10))
  (define-fun |y$mem_tmp#2$wclk$8| () Int
    (- 10))
  (define-fun |y$flush_delayed#3$wclk$8| () Int
    (- 10))
  (define-fun |weak$$choice2#2$wclk$8| () Int
    (- 10))
  (define-fun |__unbuffered_cnt#4$rclk$8| () Int
    (- 4))
  (define-fun |x#2$rclk$8| () Int
    (- 12))
  (define-fun |__unbuffered_p3_EBX#2$rclk$8| () Int
    0)
  (define-fun |__unbuffered_p3_EAX#2$rclk$8| () Int
    0)
  (define-fun |__unbuffered_p2_EAX#2$rclk$8| () Int
    0)
  (define-fun |__unbuffered_p1_EAX#2$rclk$8| () Int
    0)
  (define-fun |__unbuffered_p0_EAX#2$rclk$8| () Int
    0)
  (define-fun |y$w_buff1#2$rclk$8| () Int
    (- 1))
  (define-fun |y$r_buff1_thd0#2$rclk$8| () Int
    (- 1))
  (define-fun |y#2$rclk$8| () Int
    (- 1))
  (define-fun |y$w_buff1_used#2$rclk$8| () Int
    (- 1))
  (define-fun |y$w_buff0#2$rclk$8| () Int
    (- 1))
  (define-fun |y$r_buff0_thd0#2$rclk$8| () Int
    (- 1))
  (define-fun |y$w_buff0_used#2$rclk$8| () Int
    (- 1))
  (define-fun |y$r_buff1_thd0#8$wclk$8| () Int
    (- 1))
  (define-fun |y$r_buff0_thd0#10$wclk$8| () Int
    (- 1))
  (define-fun |y$w_buff0_used#10$wclk$8| () Int
    (- 1))
  (define-fun |y$w_buff1_used#8$wclk$8| () Int
    (- 1))
  (define-fun |__unbuffered_cnt#2$rclk$8| () Int
    (- 3))
  (define-fun |__CPROVER_next_thread_id#9$rclk$8| () Int
    (- 20))
  (define-fun |__CPROVER_next_thread_id#6$rclk$8| () Int
    (- 24))
  (define-fun |__CPROVER_next_thread_id#3$rclk$8| () Int
    (- 28))
  (define-fun |memory_model::choice_rf_4_10_0_32_F_98| () Bool
    true)
  (define-fun |y$r_buff0_thd4#4| () (_ BitVec 8)
    #x00)
  (define-fun |memory_model::choice_rf_2_4_0_30_F_90| () Bool
    true)
  (define-fun |y$r_buff0_thd2#2| () (_ BitVec 8)
    #x00)
  (define-fun |__unbuffered_cnt#12| () (_ BitVec 32)
    #x00000003)
  (define-fun |y$r_buff1_thd3#10| () (_ BitVec 8)
    #x00)
  (define-fun |y$r_buff0_thd3#12| () (_ BitVec 8)
    #x01)
  (define-fun |y$w_buff1_used#17| () (_ BitVec 8)
    #x00)
  (define-fun |y$w_buff0_used#21| () (_ BitVec 8)
    #x00)
  (define-fun |y#12| () (_ BitVec 32)
    #x00000001)
  (define-fun |__unbuffered_p2_EAX#4| () (_ BitVec 32)
    #x00000000)
  (define-fun |y$r_buff0_thd3#4| () (_ BitVec 8)
    #x01)
  (define-fun |y$r_buff1_thd4#2| () (_ BitVec 8)
    #x00)
  (define-fun |y$r_buff1_thd3#2| () (_ BitVec 8)
    #x00)
  (define-fun |y$r_buff1_thd2#5| () (_ BitVec 8)
    #x00)
  (define-fun |y$r_buff1_thd1#2| () (_ BitVec 8)
    #x00)
  (define-fun |y$r_buff1_thd0#9| () (_ BitVec 8)
    #x00)
  (define-fun |y$r_buff1_thd0#7| () (_ BitVec 8)
    #x00)
  (define-fun |y$r_buff0_thd0#8| () (_ BitVec 8)
    #x00)
  (define-fun |y$w_buff1_used#6| () (_ BitVec 8)
    #x00)
  (define-fun |y$w_buff0_used#6| () (_ BitVec 8)
    #x00)
  (define-fun |y#4| () (_ BitVec 32)
    #x00000001)
  (define-fun |main::1::t959!0@1#1| () (_ BitVec 32)
    #x00000000)
  (define-fun |pthread_create::1::this_thread_id!0@1#1| () (_ BitVec 32)
    #x00000000)
  (define-fun |main::1::t960!0@1#1| () (_ BitVec 32)
    #x00000000)
  (define-fun |pthread_create::1::this_thread_id!0@2#1| () (_ BitVec 32)
    #x00000000)
  (define-fun |main::1::t961!0@1#1| () (_ BitVec 32)
    #x00000000)
  (define-fun |pthread_create::1::this_thread_id!0@3#1| () (_ BitVec 32)
    #x00000000)
  (define-fun |main::1::t962!0@1#1| () (_ BitVec 32)
    #x00000000)
  (define-fun |pthread_create::1::this_thread_id!0@4#1| () (_ BitVec 32)
    #x00000000)
  (define-fun |P0::$tmp::return_value___VERIFIER_nondet_pointer$1!1@1#1| () (_ BitVec 32)
    #x00000000)
  (define-fun |P1::$tmp::return_value___VERIFIER_nondet_pointer$1!2@1#1| () (_ BitVec 32)
    #x00000000)
  (define-fun |P1::$tmp::return_value___VERIFIER_nondet_pointer$2!2@1#1| () (_ BitVec 32)
    #x00000000)
  (define-fun |P1::$tmp::return_value___VERIFIER_nondet_pointer$3!2@1#1| () (_ BitVec 32)
    #x00000000)
  (define-fun |P2::$tmp::return_value___VERIFIER_nondet_pointer$1!3@1#1| () (_ BitVec 32)
    #x00000000)
  (define-fun |P3::$tmp::return_value___VERIFIER_nondet_pointer$1!4@1#1| () (_ BitVec 32)
    #x00000000)
  (define-fun |nondet_symex::nondet0| () (_ BitVec 32)
    #x00000000)
  (define-fun |nondet_symex::nondet3| () (_ BitVec 32)
    #x00000000)
  (define-fun |nondet_symex::nondet1| () (_ BitVec 32)
    #x00000000)
  (define-fun |nondet_symex::nondet4| () (_ BitVec 32)
    #x00000000)
  (define-fun |nondet_symex::nondet5| () (_ BitVec 32)
    #x00000000)
  (define-fun |main::1::t959!0@1| () (_ BitVec 32)
    #x00000000)
  (define-fun |main::1::t960!0@1| () (_ BitVec 32)
    #x00000000)
  (define-fun |main::1::t961!0@1| () (_ BitVec 32)
    #x00000000)
  (define-fun |main::1::t962!0@1| () (_ BitVec 32)
    #x00000000)
  (define-fun |y$r_buff1_thd0#10| () (_ BitVec 8)
    #x00)
  (define-fun |y$r_buff1_thd2#6| () (_ BitVec 8)
    #x00)
  (define-fun |y$r_buff1_thd4#3| () (_ BitVec 8)
    #x00)
)
(:added-eqs               2570
 :arith-add-rows          9613
 :arith-assert-lower      372
 :arith-assert-upper      346
 :arith-bound-prop        259
 :arith-conflicts         10
 :arith-eq-adapter        1
 :arith-offset-eqs        1
 :arith-pivots            278
 :array-ax1               4
 :array-ax2               6
 :array-def-store         4
 :array-exp-ax2           1
 :binary-propagations     4918
 :bv-bit2core             9297
 :bv-diseqs               6
 :bv-dynamic-diseqs       13
 :bv->core-eq             62
 :conflicts               90
 :decisions               574
 :del-clause              584
 :eliminated-applications 40
 :eliminated-vars         112
 :final-checks            3
 :max-memory              7.56
 :memory                  4.58
 :minimized-lits          147
 :mk-bool-var             2966
 :mk-clause               1717
 :num-allocs              9008960
 :num-checks              1
 :propagations            8038
 :rlimit-count            857549
 :time                    0.04
 :total-time              0.06)

real	0m0.063s
user	0m0.059s
sys	0m0.003s
State: AC Run_time: 0.06457901000976562