num of guard = 4
num of elim = 131
num of guard = 4
num of elim = 0
sat
((|B0| true))
((|B1| true))
((|B10| true))
((|B100| true))
((|B101| true))
((|B102| true))
((|B103| true))
((|B104| true))
((|B105| true))
((|B106| true))
((|B107| true))
((|B108| true))
((|B109| true))
((|B11| true))
((|B110| true))
((|B111| true))
((|B112| true))
((|B113| true))
((|B114| true))
((|B115| true))
((|B116| true))
((|B117| true))
((|B118| true))
((|B119| true))
((|B12| true))
((|B120| true))
((|B121| true))
((|B122| true))
((|B123| true))
((|B124| true))
((|B125| true))
((|B126| true))
((|B127| true))
((|B128| true))
((|B129| true))
((|B13| true))
((|B130| true))
((|B131| true))
((|B132| true))
((|B133| true))
((|B134| true))
((|B135| true))
((|B136| true))
((|B137| true))
((|B138| true))
((|B139| true))
((|B14| true))
((|B140| true))
((|B141| true))
((|B142| true))
((|B143| true))
((|B144| true))
((|B145| true))
((|B146| true))
((|B147| true))
((|B148| true))
((|B149| true))
((|B15| true))
((|B150| true))
((|B151| true))
((|B152| true))
((|B153| true))
((|B154| true))
((|B155| true))
((|B156| true))
((|B157| true))
((|B158| true))
((|B159| true))
((|B16| true))
((|B160| true))
((|B161| true))
((|B162| true))
((|B163| true))
((|B164| true))
((|B165| true))
((|B166| true))
((|B167| true))
((|B168| true))
((|B169| true))
((|B17| true))
((|B170| true))
((|B171| true))
((|B172| true))
((|B173| true))
((|B174| true))
((|B175| true))
((|B176| true))
((|B177| true))
((|B178| true))
((|B179| true))
((|B18| true))
((|B180| true))
((|B181| true))
((|B182| true))
((|B183| true))
((|B184| true))
((|B185| true))
((|B186| true))
((|B187| true))
((|B188| false))
((|B189| true))
((|B19| true))
((|B190| false))
((|B191| true))
((|B2| true))
((|B20| true))
((|B21| true))
((|B22| true))
((|B23| true))
((|B24| true))
((|B25| true))
((|B26| true))
((|B27| true))
((|B28| true))
((|B29| true))
((|B3| true))
((|B30| true))
((|B31| true))
((|B32| true))
((|B33| true))
((|B34| true))
((|B35| true))
((|B36| true))
((|B37| true))
((|B38| true))
((|B39| true))
((|B4| true))
((|B40| true))
((|B41| true))
((|B42| true))
((|B43| true))
((|B44| true))
((|B45| true))
((|B46| true))
((|B47| true))
((|B48| true))
((|B49| true))
((|B5| true))
((|B50| true))
((|B51| true))
((|B52| true))
((|B53| true))
((|B54| false))
((|B55| true))
((|B56| true))
((|B57| true))
((|B58| true))
((|B59| true))
((|B6| true))
((|B60| true))
((|B61| true))
((|B62| true))
((|B63| true))
((|B64| true))
((|B65| true))
((|B66| true))
((|B67| true))
((|B68| false))
((|B69| false))
((|B7| true))
((|B70| false))
((|B71| false))
((|B72| false))
((|B73| false))
((|B74| false))
((|B75| true))
((|B76| true))
((|B77| true))
((|B78| true))
((|B79| true))
((|B8| true))
((|B80| true))
((|B81| true))
((|B82| true))
((|B83| true))
((|B84| true))
((|B85| true))
((|B86| true))
((|B87| true))
((|B88| true))
((|B89| true))
((|B9| true))
((|B90| true))
((|B91| true))
((|B92| true))
((|B93| true))
((|B94| true))
((|B95| true))
((|B96| true))
((|B97| true))
((|B98| true))
((|B99| true))
((|P0#return_value!1#1| #x00000000))
((|P0#return_value!1#2| #x00000000))
((|P0#return_value!2#1| #x00000000))
((|P0#return_value!3#1| #x00000000))
((|P0#return_value!4#1| #x00000000))
((|P0::$tmp::return_value___VERIFIER_nondet_pointer$1!1@1#1| #x00000000))
((|P0::$tmp::return_value___VERIFIER_nondet_pointer$1!1@1#2| #x00000000))
((|P0::arg!1@1#1| #x00000000))
((|P1#return_value!1#1| #x00000000))
((|P1#return_value!2#1| #x00000000))
((|P1#return_value!2#2| #x00000000))
((|P1#return_value!3#1| #x00000000))
((|P1#return_value!4#1| #x00000000))
((|P1::$tmp::return_value___VERIFIER_nondet_pointer$1!2@1#1| #x00000000))
((|P1::$tmp::return_value___VERIFIER_nondet_pointer$1!2@1#2| #x00000000))
((|P1::arg!2@1#1| #x00000000))
((|P2#return_value!1#1| #x00000000))
((|P2#return_value!2#1| #x00000000))
((|P2#return_value!3#1| #x00000000))
((|P2#return_value!3#2| #x00000000))
((|P2#return_value!4#1| #x00000000))
((|P2::$tmp::return_value___VERIFIER_nondet_pointer$1!3@1#1| #x00000000))
((|P2::$tmp::return_value___VERIFIER_nondet_pointer$1!3@1#2| #x00000000))
((|P2::arg!3@1#1| #x00000000))
((|P3#return_value!1#1| #x00000000))
((|P3#return_value!2#1| #x00000000))
((|P3#return_value!3#1| #x00000000))
((|P3#return_value!4#1| #x00000000))
((|P3#return_value!4#2| #x00000000))
((|P3::$tmp::return_value___VERIFIER_nondet_pointer$1!4@1#1| #x00000000))
((|P3::$tmp::return_value___VERIFIER_nondet_pointer$1!4@1#2| #x00000000))
((|P3::$tmp::return_value___VERIFIER_nondet_pointer$2!4@1#1| #x00000000))
((|P3::$tmp::return_value___VERIFIER_nondet_pointer$2!4@1#2| #xffffffff))
((|P3::$tmp::return_value___VERIFIER_nondet_pointer$3!4@1#1| #x00000000))
((|P3::$tmp::return_value___VERIFIER_nondet_pointer$3!4@1#2| #x00000000))
((|P3::arg!4@1#1| #x00000000))
((|__CPROVER_dead_object#1| #x00000000))
((|__CPROVER_dead_object#1$wclk$8| (- 68)))
((|__CPROVER_deallocated#1| #x00000000))
((|__CPROVER_deallocated#1$wclk$8| (- 67)))
((|__CPROVER_malloc_is_new_array#1| false))
((|__CPROVER_malloc_is_new_array#1$wclk$8| (- 66)))
((|__CPROVER_malloc_object#1| #x00000000))
((|__CPROVER_malloc_object#1$wclk$8| (- 65)))
((|__CPROVER_malloc_size#1| #x00000000))
((|__CPROVER_malloc_size#1$wclk$8| (- 64)))
((|__CPROVER_memory_leak#1| #x00000000))
((|__CPROVER_memory_leak#1$wclk$8| (- 63)))
((|__CPROVER_next_thread_id#1| #x00000000))
((|__CPROVER_next_thread_id#1$wclk$8| (- 62)))
((|__CPROVER_next_thread_id#10| #x00000003))
((|__CPROVER_next_thread_id#11| #x00000004))
((|__CPROVER_next_thread_id#11$wclk$8| (- 15)))
((|__CPROVER_next_thread_id#2| #x00000001))
((|__CPROVER_next_thread_id#2$wclk$8| (- 27)))
((|__CPROVER_next_thread_id#3| #x00000001))
((|__CPROVER_next_thread_id#3$rclk$8| (- 23)))
((|__CPROVER_next_thread_id#4| #x00000001))
((|__CPROVER_next_thread_id#5| #x00000002))
((|__CPROVER_next_thread_id#5$wclk$8| (- 23)))
((|__CPROVER_next_thread_id#6| #x00000002))
((|__CPROVER_next_thread_id#6$rclk$8| (- 19)))
((|__CPROVER_next_thread_id#7| #x00000002))
((|__CPROVER_next_thread_id#8| #x00000003))
((|__CPROVER_next_thread_id#8$wclk$8| (- 19)))
((|__CPROVER_next_thread_id#9| #x00000003))
((|__CPROVER_next_thread_id#9$rclk$8| (- 15)))
((|__CPROVER_pipe_count#1| #x00000000))
((|__CPROVER_pipe_count#1$wclk$8| (- 61)))
((|__CPROVER_rounding_mode!0#1| #x00000000))
((|__CPROVER_rounding_mode!1#1| #x00000000))
((|__CPROVER_rounding_mode!2#1| #x00000000))
((|__CPROVER_rounding_mode!3#1| #x00000000))
((|__CPROVER_rounding_mode!4#1| #x00000000))
((|__CPROVER_thread_id!0#1| #x00000000))
((|__CPROVER_thread_id!1#1| #x00000000))
((|__CPROVER_thread_id!1#2| #x00001000))
((|__CPROVER_thread_id!2#1| #x00000000))
((|__CPROVER_thread_id!2#2| #x00000000))
((|__CPROVER_thread_id!3#1| #x00000000))
((|__CPROVER_thread_id!3#2| #x00000000))
((|__CPROVER_thread_id!4#1| #x00000000))
((|__CPROVER_thread_id!4#2| #x00000000))
((|__CPROVER_threads_exited#1| (lambda ((x!1 (_ BitVec 32))) (= x!1 #x00000000))))
((|__CPROVER_threads_exited#1$wclk$8| (- 60)))
((|__CPROVER_threads_exited#2| (lambda ((x!1 (_ BitVec 32))) (= x!1 #x00000000))))
((|__CPROVER_threads_exited#2$rclk$8| 0))
((|__CPROVER_threads_exited#3| (store (lambda ((x!1 (_ BitVec 32))) (= x!1 #x00000000)) #x00001000 true)))
((|__CPROVER_threads_exited#3$wclk$8| 1))
((|__CPROVER_threads_exited#4| (lambda ((x!1 (_ BitVec 32))) (= x!1 #x00000000))))
((|__CPROVER_threads_exited#4$rclk$8| (- 6)))
((|__CPROVER_threads_exited#5| (store (lambda ((x!1 (_ BitVec 32))) (= x!1 #x00000000)) #x00000000 true)))
((|__CPROVER_threads_exited#5$wclk$8| (- 2)))
((|__CPROVER_threads_exited#6| (lambda ((x!1 (_ BitVec 32))) (= x!1 #x00000000))))
((|__CPROVER_threads_exited#6$rclk$8| (- 4)))
((|__CPROVER_threads_exited#7| (store (lambda ((x!1 (_ BitVec 32))) (= x!1 #x00000000)) #x00000000 true)))
((|__CPROVER_threads_exited#7$wclk$8| (- 3)))
((|__CPROVER_threads_exited#8| (lambda ((x!1 (_ BitVec 32))) (= x!1 #x00000000))))
((|__CPROVER_threads_exited#8$rclk$8| (- 5)))
((|__CPROVER_threads_exited#9| (store (lambda ((x!1 (_ BitVec 32))) (= x!1 #x00000000)) #x00000000 true)))
((|__CPROVER_threads_exited#9$wclk$8| (- 1)))
((|__VERIFIER_assert::expression!0@1#1| #x00000000))
((|__VERIFIER_assert::expression!1@1#1| #x00000001))
((|__VERIFIER_nondet_pointer#return_value!1#1| #x00000000))
((|__VERIFIER_nondet_pointer#return_value!2#1| #x00000000))
((|__VERIFIER_nondet_pointer#return_value!3#1| #x00000000))
((|__VERIFIER_nondet_pointer#return_value!4#1| #x00000000))
((|__unbuffered_cnt#1| #x00000000))
((|__unbuffered_cnt#1$wclk$8| (- 59)))
((|__unbuffered_cnt#10| #x00000001))
((|__unbuffered_cnt#10$wclk$8| (- 7)))
((|__unbuffered_cnt#11| #x00000002))
((|__unbuffered_cnt#11$rclk$8| (- 5)))
((|__unbuffered_cnt#12| #x00000002))
((|__unbuffered_cnt#13| #x00000003))
((|__unbuffered_cnt#13$wclk$8| (- 5)))
((|__unbuffered_cnt#14| #x00000001))
((|__unbuffered_cnt#14$rclk$8| (- 6)))
((|__unbuffered_cnt#15| #x00000001))
((|__unbuffered_cnt#16| #x00000002))
((|__unbuffered_cnt#16$wclk$8| (- 6)))
((|__unbuffered_cnt#2| #x00000004))
((|__unbuffered_cnt#2$rclk$8| (- 3)))
((|__unbuffered_cnt#3| #x00000004))
((|__unbuffered_cnt#4| #x00000003))
((|__unbuffered_cnt#4$rclk$8| (- 4)))
((|__unbuffered_cnt#5| #x00000003))
((|__unbuffered_cnt#6| #x00000004))
((|__unbuffered_cnt#7| #x00000004))
((|__unbuffered_cnt#7$wclk$8| (- 4)))
((|__unbuffered_cnt#8| #x00000000))
((|__unbuffered_cnt#8$rclk$8| (- 7)))
((|__unbuffered_cnt#9| #x00000000))
((|__unbuffered_p0_EAX#1| #x00000000))
((|__unbuffered_p0_EAX#1$wclk$8| (- 58)))
((|__unbuffered_p0_EAX#2| #x00000000))
((|__unbuffered_p0_EAX#2$rclk$8| 0))
((|__unbuffered_p0_EAX#3| #x00000000))
((|__unbuffered_p0_EAX#4| #x00000000))
((|__unbuffered_p0_EAX#5| #x00000000))
((|__unbuffered_p0_EAX#5$rclk$8| (- 17)))
((|__unbuffered_p0_EAX#6| #x00000000))
((|__unbuffered_p0_EAX#6$wclk$8| (- 17)))
((|__unbuffered_p1_EAX#1| #x00000000))
((|__unbuffered_p1_EAX#1$wclk$8| (- 57)))
((|__unbuffered_p1_EAX#2| #x00000000))
((|__unbuffered_p1_EAX#2$rclk$8| 0))
((|__unbuffered_p1_EAX#3| #x00000000))
((|__unbuffered_p1_EAX#4| #x00000000))
((|__unbuffered_p1_EAX#4$wclk$8| (- 15)))
((|__unbuffered_p2_EAX#1| #x00000000))
((|__unbuffered_p2_EAX#1$wclk$8| (- 56)))
((|__unbuffered_p2_EAX#2| #x00000000))
((|__unbuffered_p2_EAX#2$rclk$8| 0))
((|__unbuffered_p2_EAX#3| #x00000000))
((|__unbuffered_p2_EAX#4| #x00000000))
((|__unbuffered_p2_EAX#4$wclk$8| (- 13)))
((|__unbuffered_p3_EAX#1| #x00000000))
((|__unbuffered_p3_EAX#1$wclk$8| (- 55)))
((|__unbuffered_p3_EAX#2| #x00000000))
((|__unbuffered_p3_EAX#2$rclk$8| 0))
((|__unbuffered_p3_EAX#3| #x00000000))
((|__unbuffered_p3_EAX#4| #x00000000))
((|__unbuffered_p3_EAX#4$wclk$8| (- 11)))
((|a#1| #x00000000))
((|a#1$wclk$8| (- 54)))
((|a#10| #x00000001))
((|a#10$rclk$8| (- 8)))
((|a#11| #x00000001))
((|a#12| #x00000001))
((|a#12$wclk$8| (- 8)))
((|a#13| #x00000001))
((|a#13$rclk$8| (- 7)))
((|a#14| #x00000001))
((|a#15| #x00000001))
((|a#15$wclk$8| (- 7)))
((|a#16| #x00000000))
((|a#16$rclk$8| (- 11)))
((|a#17| #x00000000))
((|a#18| #x00000000))
((|a#19| #x00000000))
((|a#19$wclk$8| (- 11)))
((|a#2| #x00000001))
((|a#2$rclk$8| (- 1)))
((|a#20| #x00000000))
((|a#20$rclk$8| (- 10)))
((|a#21| #x00000000))
((|a#22| #x00000000))
((|a#22$wclk$8| (- 10)))
((|a#3| #x00000001))
((|a#4| #x00000001))
((|a#5| #x00000001))
((|a#5$wclk$8| (- 1)))
((|a#6| #x00000000))
((|a#6$rclk$8| (- 9)))
((|a#7| #x00000000))
((|a#8| #x00000001))
((|a#9| #x00000001))
((|a#9$wclk$8| (- 9)))
((|a$flush_delayed#1| #x00))
((|a$flush_delayed#1$wclk$8| (- 53)))
((|a$flush_delayed#2| #x01))
((|a$flush_delayed#3| #x00))
((|a$flush_delayed#3$wclk$8| (- 11)))
((|a$mem_tmp#1| #x00000000))
((|a$mem_tmp#1$wclk$8| (- 52)))
((|a$mem_tmp#2| #x00000000))
((|a$mem_tmp#2$wclk$8| (- 11)))
((|a$r_buff0_thd0#1| #x00))
((|a$r_buff0_thd0#1$wclk$8| (- 51)))
((|a$r_buff0_thd0#10| #x00))
((|a$r_buff0_thd0#10$wclk$8| (- 1)))
((|a$r_buff0_thd0#11| #x00))
((|a$r_buff0_thd0#11$rclk$8| (- 18)))
((|a$r_buff0_thd0#12| #x00))
((|a$r_buff0_thd0#2| #x00))
((|a$r_buff0_thd0#2$rclk$8| (- 1)))
((|a$r_buff0_thd0#3| #x00))
((|a$r_buff0_thd0#4| #x00))
((|a$r_buff0_thd0#5| #x00))
((|a$r_buff0_thd0#6| #x00))
((|a$r_buff0_thd0#7| #x00))
((|a$r_buff0_thd0#8| #x00))
((|a$r_buff0_thd0#9| #x00))
((|a$r_buff0_thd1#1| #x00))
((|a$r_buff0_thd1#1$wclk$8| (- 50)))
((|a$r_buff0_thd1#10| #x01))
((|a$r_buff0_thd1#11| #x01))
((|a$r_buff0_thd1#12| #x01))
((|a$r_buff0_thd1#13| #x01))
((|a$r_buff0_thd1#14| #x01))
((|a$r_buff0_thd1#14$wclk$8| (- 9)))
((|a$r_buff0_thd1#2| #x00))
((|a$r_buff0_thd1#2$rclk$8| (- 18)))
((|a$r_buff0_thd1#3| #x00))
((|a$r_buff0_thd1#4| #x01))
((|a$r_buff0_thd1#5| #x01))
((|a$r_buff0_thd1#5$wclk$8| (- 18)))
((|a$r_buff0_thd1#6| #x01))
((|a$r_buff0_thd1#6$rclk$8| (- 9)))
((|a$r_buff0_thd1#7| #x01))
((|a$r_buff0_thd1#8| #x01))
((|a$r_buff0_thd1#9| #x01))
((|a$r_buff0_thd2#1| #x00))
((|a$r_buff0_thd2#1$wclk$8| (- 49)))
((|a$r_buff0_thd2#2| #x00))
((|a$r_buff0_thd2#2$rclk$8| (- 18)))
((|a$r_buff0_thd2#3| #x00))
((|a$r_buff0_thd2#4| #x00))
((|a$r_buff0_thd2#4$rclk$8| (- 8)))
((|a$r_buff0_thd2#5| #x00))
((|a$r_buff0_thd2#6| #x00))
((|a$r_buff0_thd2#6$wclk$8| (- 8)))
((|a$r_buff0_thd3#1| #x00))
((|a$r_buff0_thd3#1$wclk$8| (- 48)))
((|a$r_buff0_thd3#2| #x00))
((|a$r_buff0_thd3#2$rclk$8| (- 18)))
((|a$r_buff0_thd3#3| #x00))
((|a$r_buff0_thd3#4| #x00))
((|a$r_buff0_thd3#4$rclk$8| (- 7)))
((|a$r_buff0_thd3#5| #x00))
((|a$r_buff0_thd3#6| #x00))
((|a$r_buff0_thd3#6$wclk$8| (- 7)))
((|a$r_buff0_thd4#1| #x00))
((|a$r_buff0_thd4#1$wclk$8| (- 47)))
((|a$r_buff0_thd4#2| #x00))
((|a$r_buff0_thd4#2$rclk$8| (- 18)))
((|a$r_buff0_thd4#3| #x00))
((|a$r_buff0_thd4#4| #x00))
((|a$r_buff0_thd4#4$rclk$8| (- 11)))
((|a$r_buff0_thd4#5| #x00))
((|a$r_buff0_thd4#6| #x00))
((|a$r_buff0_thd4#6$wclk$8| (- 11)))
((|a$r_buff0_thd4#7| #x00))
((|a$r_buff0_thd4#7$rclk$8| (- 10)))
((|a$r_buff0_thd4#8| #x00))
((|a$r_buff0_thd4#9| #x00))
((|a$r_buff0_thd4#9$wclk$8| (- 10)))
((|a$r_buff1_thd0#1| #x00))
((|a$r_buff1_thd0#1$wclk$8| (- 46)))
((|a$r_buff1_thd0#10| #x00))
((|a$r_buff1_thd0#10$rclk$8| (- 18)))
((|a$r_buff1_thd0#11| #x00))
((|a$r_buff1_thd0#11$wclk$8| (- 18)))
((|a$r_buff1_thd0#2| #x00))
((|a$r_buff1_thd0#2$rclk$8| (- 1)))
((|a$r_buff1_thd0#3| #x00))
((|a$r_buff1_thd0#4| #x00))
((|a$r_buff1_thd0#5| #x00))
((|a$r_buff1_thd0#6| #x00))
((|a$r_buff1_thd0#7| #x00))
((|a$r_buff1_thd0#8| #x00))
((|a$r_buff1_thd0#8$wclk$8| (- 1)))
((|a$r_buff1_thd0#9| #x00))
((|a$r_buff1_thd1#1| #x00))
((|a$r_buff1_thd1#1$wclk$8| (- 45)))
((|a$r_buff1_thd1#10| #x00))
((|a$r_buff1_thd1#11| #x00))
((|a$r_buff1_thd1#11$wclk$8| (- 9)))
((|a$r_buff1_thd1#2| #x00))
((|a$r_buff1_thd1#3| #xff))
((|a$r_buff1_thd1#3$rclk$8| (- 18)))
((|a$r_buff1_thd1#4| #x00))
((|a$r_buff1_thd1#4$wclk$8| (- 18)))
((|a$r_buff1_thd1#5| #x00))
((|a$r_buff1_thd1#5$rclk$8| (- 9)))
((|a$r_buff1_thd1#6| #x00))
((|a$r_buff1_thd1#7| #x00))
((|a$r_buff1_thd1#8| #x00))
((|a$r_buff1_thd1#9| #x00))
((|a$r_buff1_thd2#1| #x00))
((|a$r_buff1_thd2#1$wclk$8| (- 44)))
((|a$r_buff1_thd2#2| #x00))
((|a$r_buff1_thd2#3| #x00))
((|a$r_buff1_thd2#3$rclk$8| (- 18)))
((|a$r_buff1_thd2#4| #x00))
((|a$r_buff1_thd2#4$wclk$8| (- 18)))
((|a$r_buff1_thd2#5| #x00))
((|a$r_buff1_thd2#5$rclk$8| (- 8)))
((|a$r_buff1_thd2#6| #x00))
((|a$r_buff1_thd2#7| #x00))
((|a$r_buff1_thd2#7$wclk$8| (- 8)))
((|a$r_buff1_thd3#1| #x00))
((|a$r_buff1_thd3#1$wclk$8| (- 43)))
((|a$r_buff1_thd3#2| #x00))
((|a$r_buff1_thd3#3| #x00))
((|a$r_buff1_thd3#3$rclk$8| (- 18)))
((|a$r_buff1_thd3#4| #x00))
((|a$r_buff1_thd3#4$wclk$8| (- 18)))
((|a$r_buff1_thd3#5| #x00))
((|a$r_buff1_thd3#5$rclk$8| (- 7)))
((|a$r_buff1_thd3#6| #x00))
((|a$r_buff1_thd3#7| #x00))
((|a$r_buff1_thd3#7$wclk$8| (- 7)))
((|a$r_buff1_thd4#1| #x00))
((|a$r_buff1_thd4#1$wclk$8| (- 42)))
((|a$r_buff1_thd4#10| #x00))
((|a$r_buff1_thd4#10$wclk$8| (- 10)))
((|a$r_buff1_thd4#2| #x00))
((|a$r_buff1_thd4#3| #x00))
((|a$r_buff1_thd4#3$rclk$8| (- 18)))
((|a$r_buff1_thd4#4| #x00))
((|a$r_buff1_thd4#4$wclk$8| (- 18)))
((|a$r_buff1_thd4#5| #x00))
((|a$r_buff1_thd4#5$rclk$8| (- 11)))
((|a$r_buff1_thd4#6| #x00))
((|a$r_buff1_thd4#7| #x00))
((|a$r_buff1_thd4#7$wclk$8| (- 11)))
((|a$r_buff1_thd4#8| #x00))
((|a$r_buff1_thd4#8$rclk$8| (- 10)))
((|a$r_buff1_thd4#9| #x00))
((|a$read_delayed#1| #x00))
((|a$read_delayed#1$wclk$8| (- 41)))
((|a$read_delayed_var#1| #x00000000))
((|a$read_delayed_var#1$wclk$8| (- 40)))
((|a$w_buff0#1| #x00000000))
((|a$w_buff0#1$wclk$8| (- 39)))
((|a$w_buff0#10| #x00000001))
((|a$w_buff0#11| #x00000001))
((|a$w_buff0#11$rclk$8| (- 7)))
((|a$w_buff0#12| #x00000001))
((|a$w_buff0#13| #x00000001))
((|a$w_buff0#13$rclk$8| (- 11)))
((|a$w_buff0#14| #x00000001))
((|a$w_buff0#15| #x00000001))
((|a$w_buff0#15$wclk$8| (- 11)))
((|a$w_buff0#16| #x00000001))
((|a$w_buff0#16$rclk$8| (- 10)))
((|a$w_buff0#17| #x00000001))
((|a$w_buff0#2| #x00000001))
((|a$w_buff0#2$rclk$8| (- 1)))
((|a$w_buff0#3| #x00000001))
((|a$w_buff0#4| #x00000000))
((|a$w_buff0#4$rclk$8| (- 18)))
((|a$w_buff0#5| #x00000000))
((|a$w_buff0#6| #x00000001))
((|a$w_buff0#6$wclk$8| (- 18)))
((|a$w_buff0#7| #x00000001))
((|a$w_buff0#7$rclk$8| (- 9)))
((|a$w_buff0#8| #x00000001))
((|a$w_buff0#9| #x00000001))
((|a$w_buff0#9$rclk$8| (- 8)))
((|a$w_buff0_used#1| #x00))
((|a$w_buff0_used#1$wclk$8| (- 38)))
((|a$w_buff0_used#10| #x00))
((|a$w_buff0_used#10$wclk$8| (- 1)))
((|a$w_buff0_used#11| #x00))
((|a$w_buff0_used#11$rclk$8| (- 18)))
((|a$w_buff0_used#12| #x00))
((|a$w_buff0_used#13| #x01))
((|a$w_buff0_used#13$wclk$8| (- 18)))
((|a$w_buff0_used#14| #x01))
((|a$w_buff0_used#14$rclk$8| (- 9)))
((|a$w_buff0_used#15| #x01))
((|a$w_buff0_used#16| #x01))
((|a$w_buff0_used#17| #x01))
((|a$w_buff0_used#18| #x00))
((|a$w_buff0_used#19| #x00))
((|a$w_buff0_used#2| #x00))
((|a$w_buff0_used#2$rclk$8| (- 1)))
((|a$w_buff0_used#20| #x00))
((|a$w_buff0_used#21| #x00))
((|a$w_buff0_used#22| #x00))
((|a$w_buff0_used#22$wclk$8| (- 9)))
((|a$w_buff0_used#23| #x00))
((|a$w_buff0_used#23$rclk$8| (- 8)))
((|a$w_buff0_used#24| #x00))
((|a$w_buff0_used#25| #x00))
((|a$w_buff0_used#25$wclk$8| (- 8)))
((|a$w_buff0_used#26| #x00))
((|a$w_buff0_used#26$rclk$8| (- 7)))
((|a$w_buff0_used#27| #x00))
((|a$w_buff0_used#28| #x00))
((|a$w_buff0_used#28$wclk$8| (- 7)))
((|a$w_buff0_used#29| #x01))
((|a$w_buff0_used#29$rclk$8| (- 11)))
((|a$w_buff0_used#3| #x00))
((|a$w_buff0_used#30| #x01))
((|a$w_buff0_used#31| #x01))
((|a$w_buff0_used#31$wclk$8| (- 11)))
((|a$w_buff0_used#32| #x01))
((|a$w_buff0_used#32$rclk$8| (- 10)))
((|a$w_buff0_used#33| #x01))
((|a$w_buff0_used#34| #x01))
((|a$w_buff0_used#34$wclk$8| (- 10)))
((|a$w_buff0_used#4| #x00))
((|a$w_buff0_used#5| #x00))
((|a$w_buff0_used#6| #x00))
((|a$w_buff0_used#7| #x00))
((|a$w_buff0_used#8| #x00))
((|a$w_buff0_used#9| #x00))
((|a$w_buff1#1| #x00000000))
((|a$w_buff1#1$wclk$8| (- 37)))
((|a$w_buff1#10| #x00000000))
((|a$w_buff1#11| #x00000000))
((|a$w_buff1#11$rclk$8| (- 11)))
((|a$w_buff1#12| #x00000000))
((|a$w_buff1#13| #x00000000))
((|a$w_buff1#13$wclk$8| (- 11)))
((|a$w_buff1#14| #x00000000))
((|a$w_buff1#14$rclk$8| (- 10)))
((|a$w_buff1#15| #x00000000))
((|a$w_buff1#2| #x00000000))
((|a$w_buff1#2$rclk$8| (- 1)))
((|a$w_buff1#3| #x00000000))
((|a$w_buff1#4| #x00000000))
((|a$w_buff1#4$wclk$8| (- 18)))
((|a$w_buff1#5| #x00000000))
((|a$w_buff1#5$rclk$8| (- 9)))
((|a$w_buff1#6| #x00000000))
((|a$w_buff1#7| #x00000000))
((|a$w_buff1#7$rclk$8| (- 8)))
((|a$w_buff1#8| #x00000000))
((|a$w_buff1#9| #x00000000))
((|a$w_buff1#9$rclk$8| (- 7)))
((|a$w_buff1_used#1| #x00))
((|a$w_buff1_used#1$wclk$8| (- 36)))
((|a$w_buff1_used#10| #x00))
((|a$w_buff1_used#10$rclk$8| (- 9)))
((|a$w_buff1_used#11| #x00))
((|a$w_buff1_used#12| #x00))
((|a$w_buff1_used#13| #x00))
((|a$w_buff1_used#14| #x00))
((|a$w_buff1_used#15| #x00))
((|a$w_buff1_used#16| #x00))
((|a$w_buff1_used#16$wclk$8| (- 9)))
((|a$w_buff1_used#17| #x00))
((|a$w_buff1_used#17$rclk$8| (- 8)))
((|a$w_buff1_used#18| #x00))
((|a$w_buff1_used#19| #x00))
((|a$w_buff1_used#19$wclk$8| (- 8)))
((|a$w_buff1_used#2| #x00))
((|a$w_buff1_used#2$rclk$8| (- 1)))
((|a$w_buff1_used#20| #x00))
((|a$w_buff1_used#20$rclk$8| (- 7)))
((|a$w_buff1_used#21| #x00))
((|a$w_buff1_used#22| #x00))
((|a$w_buff1_used#22$wclk$8| (- 7)))
((|a$w_buff1_used#23| #x00))
((|a$w_buff1_used#23$rclk$8| (- 11)))
((|a$w_buff1_used#24| #x00))
((|a$w_buff1_used#25| #x00))
((|a$w_buff1_used#25$wclk$8| (- 11)))
((|a$w_buff1_used#26| #x00))
((|a$w_buff1_used#26$rclk$8| (- 10)))
((|a$w_buff1_used#27| #x00))
((|a$w_buff1_used#28| #x00))
((|a$w_buff1_used#28$wclk$8| (- 10)))
((|a$w_buff1_used#3| #x00))
((|a$w_buff1_used#4| #x00))
((|a$w_buff1_used#5| #x00))
((|a$w_buff1_used#6| #x00))
((|a$w_buff1_used#7| #x00))
((|a$w_buff1_used#8| #x00))
((|a$w_buff1_used#8$wclk$8| (- 1)))
((|a$w_buff1_used#9| #x00))
((|a$w_buff1_used#9$wclk$8| (- 18)))
((|goto_symex::&92;guard#1| true))
((|goto_symex::&92;guard#2| false))
((|main#return_value!0#1| #x00000000))
((|main#return_value!1#1| #x00000000))
((|main#return_value!2#1| #x00000000))
((|main#return_value!3#1| #x00000000))
((|main#return_value!4#1| #x00000000))
((|main$tmp_guard0#1| #x00))
((|main$tmp_guard0#1$wclk$8| (- 35)))
((|main$tmp_guard0#2| #x01))
((|main$tmp_guard0#2$wclk$8| (- 3)))
((|main$tmp_guard0#3| #x01))
((|main$tmp_guard0#3$rclk$8| (- 2)))
((|main$tmp_guard1#1| #x00))
((|main$tmp_guard1#1$wclk$8| (- 34)))
((|main$tmp_guard1#2| #x00))
((|main$tmp_guard1#3| #xff))
((|main$tmp_guard1#3$rclk$8| 0))
((|main$tmp_guard1#4| #x00))
((|main$tmp_guard1#4$wclk$8| 0))
((|main$tmp_guard1#5| #x00))
((|main$tmp_guard1#5$rclk$8| 1))
((|main$tmp_guard1#6| #x00))
((|main$tmp_guard1#6$rclk$8| 2))
((|main::1::t1347!0@1| #x00000000))
((|main::1::t1347!0@1#1| #x00000000))
((|main::1::t1347!0@1#1$wclk$8| (- 28)))
((|main::1::t1347!0@1#2| #x00000001))
((|main::1::t1347!0@1#2$wclk$8| (- 26)))
((|main::1::t1348!0@1| #x00000000))
((|main::1::t1348!0@1#1| #x00000000))
((|main::1::t1348!0@1#1$wclk$8| (- 24)))
((|main::1::t1348!0@1#2| #x00000002))
((|main::1::t1348!0@1#2$wclk$8| (- 22)))
((|main::1::t1348!0@1$wclk$8| (- 71)))
((|main::1::t1349!0@1| #x00000000))
((|main::1::t1349!0@1#1| #x00000000))
((|main::1::t1349!0@1#1$wclk$8| (- 20)))
((|main::1::t1349!0@1#2| #x00000003))
((|main::1::t1349!0@1#2$wclk$8| (- 18)))
((|main::1::t1349!0@1$wclk$8| (- 70)))
((|main::1::t1350!0@1| #x00000000))
((|main::1::t1350!0@1#1| #x00000000))
((|main::1::t1350!0@1#1$wclk$8| (- 16)))
((|main::1::t1350!0@1#2| #x00000004))
((|main::1::t1350!0@1#2$wclk$8| (- 14)))
((|main::1::t1350!0@1$wclk$8| (- 69)))
((|memory_model::choice_rf_0_48_0_44_T_17| true))
((|memory_model::choice_rf_0_48_0_9_T_16| false))
((|memory_model::choice_rf_0_53_0_44_T_19| false))
((|memory_model::choice_rf_0_53_0_49_T_20| true))
((|memory_model::choice_rf_0_53_0_9_T_18| false))
((|memory_model::choice_rf_0_58_0_44_T_22| false))
((|memory_model::choice_rf_0_58_0_49_T_23| false))
((|memory_model::choice_rf_0_58_0_54_T_24| true))
((|memory_model::choice_rf_0_58_0_9_T_21| false))
((|memory_model::choice_rf_0_62_0_12_F_27| false))
((|memory_model::choice_rf_0_62_1_38_F_28| true))
((|memory_model::choice_rf_0_62_2_16_F_29| false))
((|memory_model::choice_rf_0_62_3_16_F_30| false))
((|memory_model::choice_rf_0_62_4_33_F_31| false))
((|memory_model::choice_rf_0_64_0_36_F_257| false))
((|memory_model::choice_rf_0_64_0_63_F_258| true))
((|memory_model::choice_rf_0_65_0_17_F_57| false))
((|memory_model::choice_rf_0_65_1_36_F_58| false))
((|memory_model::choice_rf_0_65_2_14_F_59| false))
((|memory_model::choice_rf_0_65_3_14_F_60| true))
((|memory_model::choice_rf_0_65_4_15_F_61| false))
((|memory_model::choice_rf_0_65_4_31_F_62| false))
((|memory_model::choice_rf_0_66_0_34_F_199| false))
((|memory_model::choice_rf_0_66_1_21_F_200| false))
((|memory_model::choice_rf_0_66_4_12_F_201| true))
((|memory_model::choice_rf_0_67_0_25_F_110| false))
((|memory_model::choice_rf_0_67_1_17_F_111| true))
((|memory_model::choice_rf_0_68_0_35_F_216| false))
((|memory_model::choice_rf_0_68_1_19_F_217| false))
((|memory_model::choice_rf_0_68_1_34_F_218| false))
((|memory_model::choice_rf_0_68_2_12_F_219| false))
((|memory_model::choice_rf_0_68_3_12_F_220| true))
((|memory_model::choice_rf_0_68_4_10_F_221| false))
((|memory_model::choice_rf_0_68_4_29_F_222| false))
((|memory_model::choice_rf_0_69_0_32_F_133| false))
((|memory_model::choice_rf_0_69_1_20_F_134| false))
((|memory_model::choice_rf_0_69_4_13_F_135| true))
((|memory_model::choice_rf_0_70_0_20_F_92| true))
((|memory_model::choice_rf_0_71_0_33_F_152| false))
((|memory_model::choice_rf_0_71_1_18_F_153| false))
((|memory_model::choice_rf_0_71_1_35_F_154| false))
((|memory_model::choice_rf_0_71_2_13_F_155| false))
((|memory_model::choice_rf_0_71_3_13_F_156| true))
((|memory_model::choice_rf_0_71_4_11_F_157| false))
((|memory_model::choice_rf_0_71_4_30_F_158| false))
((|memory_model::choice_rf_0_77_0_37_F_259| false))
((|memory_model::choice_rf_0_78_0_16_F_55| false))
((|memory_model::choice_rf_0_78_4_14_F_56| true))
((|memory_model::choice_rf_0_79_0_15_F_53| false))
((|memory_model::choice_rf_0_79_3_2_F_54| true))
((|memory_model::choice_rf_0_80_0_14_F_51| false))
((|memory_model::choice_rf_0_80_2_2_F_52| true))
((|memory_model::choice_rf_0_81_0_13_F_48| false))
((|memory_model::choice_rf_0_81_1_24_F_49| true))
((|memory_model::choice_rf_0_83_0_37_F_260| false))
((|memory_model::choice_rf_0_83_0_82_F_261| true))
((|memory_model::choice_rf_0_84_0_37_F_262| false))
((|memory_model::choice_rf_0_84_0_82_F_263| true))
((|memory_model::choice_rf_1_0_0_23_F_101| true))
((|memory_model::choice_rf_1_0_3_11_F_102| false))
((|memory_model::choice_rf_1_10_0_33_F_159| true))
((|memory_model::choice_rf_1_10_0_75_F_160| false))
((|memory_model::choice_rf_1_10_2_13_F_161| false))
((|memory_model::choice_rf_1_10_3_13_F_162| false))
((|memory_model::choice_rf_1_10_4_11_F_163| false))
((|memory_model::choice_rf_1_10_4_30_F_164| false))
((|memory_model::choice_rf_1_11_0_32_F_136| true))
((|memory_model::choice_rf_1_11_4_13_F_137| false))
((|memory_model::choice_rf_1_1_0_22_F_98| true))
((|memory_model::choice_rf_1_1_2_11_F_99| false))
((|memory_model::choice_rf_1_22_0_13_F_50| true))
((|memory_model::choice_rf_1_23_0_40_F_25| true))
((|memory_model::choice_rf_1_23_2_0_F_26| false))
((|memory_model::choice_rf_1_25_0_17_F_63| false))
((|memory_model::choice_rf_1_25_0_76_F_64| false))
((|memory_model::choice_rf_1_25_2_14_F_65| false))
((|memory_model::choice_rf_1_25_3_14_F_66| false))
((|memory_model::choice_rf_1_25_4_15_F_67| false))
((|memory_model::choice_rf_1_25_4_31_F_68| true))
((|memory_model::choice_rf_1_26_0_34_F_202| false))
((|memory_model::choice_rf_1_26_1_21_F_203| false))
((|memory_model::choice_rf_1_26_4_12_F_204| true))
((|memory_model::choice_rf_1_27_0_26_F_115| false))
((|memory_model::choice_rf_1_27_1_14_F_116| true))
((|memory_model::choice_rf_1_28_0_35_F_223| false))
((|memory_model::choice_rf_1_28_0_74_F_224| false))
((|memory_model::choice_rf_1_28_1_19_F_225| false))
((|memory_model::choice_rf_1_28_2_12_F_226| false))
((|memory_model::choice_rf_1_28_3_12_F_227| false))
((|memory_model::choice_rf_1_28_4_10_F_228| false))
((|memory_model::choice_rf_1_28_4_29_F_229| true))
((|memory_model::choice_rf_1_29_0_32_F_138| false))
((|memory_model::choice_rf_1_29_1_20_F_139| false))
((|memory_model::choice_rf_1_29_4_13_F_140| true))
((|memory_model::choice_rf_1_2_0_27_F_117| false))
((|memory_model::choice_rf_1_2_2_10_F_118| false))
((|memory_model::choice_rf_1_30_0_21_F_96| false))
((|memory_model::choice_rf_1_30_1_12_F_97| true))
((|memory_model::choice_rf_1_31_0_33_F_165| false))
((|memory_model::choice_rf_1_31_0_75_F_166| false))
((|memory_model::choice_rf_1_31_1_18_F_167| false))
((|memory_model::choice_rf_1_31_2_13_F_168| false))
((|memory_model::choice_rf_1_31_3_13_F_169| false))
((|memory_model::choice_rf_1_31_4_11_F_170| false))
((|memory_model::choice_rf_1_31_4_30_F_171| true))
((|memory_model::choice_rf_1_37_0_12_F_32| false))
((|memory_model::choice_rf_1_37_2_16_F_33| false))
((|memory_model::choice_rf_1_37_3_16_F_34| true))
((|memory_model::choice_rf_1_37_4_33_F_35| false))
((|memory_model::choice_rf_1_39_0_11_T_0| false))
((|memory_model::choice_rf_1_39_2_18_T_1| false))
((|memory_model::choice_rf_1_39_3_18_T_2| false))
((|memory_model::choice_rf_1_39_4_35_T_3| true))
((|memory_model::choice_rf_1_3_0_26_F_114| false))
((|memory_model::choice_rf_1_4_0_29_F_125| false))
((|memory_model::choice_rf_1_4_4_27_F_127| false))
((|memory_model::choice_rf_1_4_4_8_F_126| false))
((|memory_model::choice_rf_1_5_0_24_F_104| true))
((|memory_model::choice_rf_1_5_4_28_F_106| false))
((|memory_model::choice_rf_1_5_4_9_F_105| false))
((|memory_model::choice_rf_1_6_0_28_F_121| false))
((|memory_model::choice_rf_1_6_3_10_F_122| false))
((|memory_model::choice_rf_1_7_0_25_F_112| false))
((|memory_model::choice_rf_1_7_0_72_F_113| false))
((|memory_model::choice_rf_1_8_0_21_F_95| true))
((|memory_model::choice_rf_1_9_0_20_F_93| true))
((|memory_model::choice_rf_1_9_0_73_F_94| false))
((|memory_model::choice_rf_2_15_0_12_F_36| true))
((|memory_model::choice_rf_2_15_1_38_F_37| false))
((|memory_model::choice_rf_2_15_3_16_F_38| false))
((|memory_model::choice_rf_2_15_4_33_F_39| false))
((|memory_model::choice_rf_2_17_0_11_T_4| true))
((|memory_model::choice_rf_2_17_1_40_T_5| false))
((|memory_model::choice_rf_2_17_3_18_T_6| false))
((|memory_model::choice_rf_2_17_4_35_T_7| false))
((|memory_model::choice_rf_2_1_0_41_F_264| true))
((|memory_model::choice_rf_2_1_3_0_F_265| false))
((|memory_model::choice_rf_2_3_0_17_F_69| false))
((|memory_model::choice_rf_2_3_0_76_F_70| false))
((|memory_model::choice_rf_2_3_1_36_F_71| true))
((|memory_model::choice_rf_2_3_3_14_F_72| false))
((|memory_model::choice_rf_2_3_4_15_F_73| false))
((|memory_model::choice_rf_2_3_4_31_F_74| false))
((|memory_model::choice_rf_2_4_0_34_F_205| false))
((|memory_model::choice_rf_2_4_1_21_F_206| false))
((|memory_model::choice_rf_2_4_4_12_F_207| true))
((|memory_model::choice_rf_2_5_0_27_F_119| false))
((|memory_model::choice_rf_2_5_1_13_F_120| true))
((|memory_model::choice_rf_2_6_0_35_F_230| false))
((|memory_model::choice_rf_2_6_0_74_F_231| false))
((|memory_model::choice_rf_2_6_1_19_F_232| false))
((|memory_model::choice_rf_2_6_1_34_F_233| true))
((|memory_model::choice_rf_2_6_3_12_F_234| false))
((|memory_model::choice_rf_2_6_4_10_F_235| false))
((|memory_model::choice_rf_2_6_4_29_F_236| false))
((|memory_model::choice_rf_2_7_0_32_F_141| false))
((|memory_model::choice_rf_2_7_1_20_F_142| false))
((|memory_model::choice_rf_2_7_4_13_F_143| true))
((|memory_model::choice_rf_2_8_0_22_F_100| true))
((|memory_model::choice_rf_2_9_0_33_F_172| false))
((|memory_model::choice_rf_2_9_0_75_F_173| false))
((|memory_model::choice_rf_2_9_1_18_F_174| false))
((|memory_model::choice_rf_2_9_1_35_F_175| true))
((|memory_model::choice_rf_2_9_3_13_F_176| false))
((|memory_model::choice_rf_2_9_4_11_F_177| false))
((|memory_model::choice_rf_2_9_4_30_F_178| false))
((|memory_model::choice_rf_3_15_0_12_F_40| false))
((|memory_model::choice_rf_3_15_1_38_F_41| false))
((|memory_model::choice_rf_3_15_2_16_F_42| false))
((|memory_model::choice_rf_3_15_4_33_F_43| true))
((|memory_model::choice_rf_3_17_0_11_T_8| true))
((|memory_model::choice_rf_3_17_1_40_T_9| false))
((|memory_model::choice_rf_3_17_2_18_T_10| false))
((|memory_model::choice_rf_3_17_4_35_T_11| false))
((|memory_model::choice_rf_3_1_0_42_F_266| true))
((|memory_model::choice_rf_3_1_4_0_F_267| false))
((|memory_model::choice_rf_3_3_0_17_F_75| false))
((|memory_model::choice_rf_3_3_0_76_F_76| false))
((|memory_model::choice_rf_3_3_1_36_F_77| false))
((|memory_model::choice_rf_3_3_2_14_F_78| true))
((|memory_model::choice_rf_3_3_4_15_F_79| false))
((|memory_model::choice_rf_3_3_4_31_F_80| false))
((|memory_model::choice_rf_3_4_0_34_F_208| false))
((|memory_model::choice_rf_3_4_1_21_F_209| false))
((|memory_model::choice_rf_3_4_4_12_F_210| true))
((|memory_model::choice_rf_3_5_0_28_F_123| false))
((|memory_model::choice_rf_3_5_1_16_F_124| true))
((|memory_model::choice_rf_3_6_0_35_F_237| false))
((|memory_model::choice_rf_3_6_0_74_F_238| false))
((|memory_model::choice_rf_3_6_1_19_F_239| false))
((|memory_model::choice_rf_3_6_1_34_F_240| false))
((|memory_model::choice_rf_3_6_2_12_F_241| true))
((|memory_model::choice_rf_3_6_4_10_F_242| false))
((|memory_model::choice_rf_3_6_4_29_F_243| false))
((|memory_model::choice_rf_3_7_0_32_F_144| false))
((|memory_model::choice_rf_3_7_1_20_F_145| false))
((|memory_model::choice_rf_3_7_4_13_F_146| true))
((|memory_model::choice_rf_3_8_0_23_F_103| true))
((|memory_model::choice_rf_3_9_0_33_F_179| false))
((|memory_model::choice_rf_3_9_0_75_F_180| false))
((|memory_model::choice_rf_3_9_1_18_F_181| false))
((|memory_model::choice_rf_3_9_1_35_F_182| false))
((|memory_model::choice_rf_3_9_2_13_F_183| true))
((|memory_model::choice_rf_3_9_4_11_F_184| false))
((|memory_model::choice_rf_3_9_4_30_F_185| false))
((|memory_model::choice_rf_4_1_0_34_F_211| false))
((|memory_model::choice_rf_4_1_1_21_F_212| true))
((|memory_model::choice_rf_4_20_0_17_F_86| false))
((|memory_model::choice_rf_4_20_0_76_F_87| false))
((|memory_model::choice_rf_4_20_1_36_F_88| false))
((|memory_model::choice_rf_4_20_2_14_F_89| false))
((|memory_model::choice_rf_4_20_3_14_F_90| false))
((|memory_model::choice_rf_4_20_4_15_F_91| true))
((|memory_model::choice_rf_4_21_0_34_F_213| false))
((|memory_model::choice_rf_4_21_1_21_F_214| false))
((|memory_model::choice_rf_4_21_4_12_F_215| true))
((|memory_model::choice_rf_4_22_0_35_F_250| false))
((|memory_model::choice_rf_4_22_0_74_F_251| false))
((|memory_model::choice_rf_4_22_1_19_F_252| false))
((|memory_model::choice_rf_4_22_1_34_F_253| false))
((|memory_model::choice_rf_4_22_2_12_F_254| false))
((|memory_model::choice_rf_4_22_3_12_F_255| false))
((|memory_model::choice_rf_4_22_4_10_F_256| true))
((|memory_model::choice_rf_4_23_0_32_F_149| false))
((|memory_model::choice_rf_4_23_1_20_F_150| false))
((|memory_model::choice_rf_4_23_4_13_F_151| true))
((|memory_model::choice_rf_4_24_0_29_F_130| false))
((|memory_model::choice_rf_4_24_1_15_F_131| false))
((|memory_model::choice_rf_4_24_4_8_F_132| true))
((|memory_model::choice_rf_4_25_0_24_F_108| false))
((|memory_model::choice_rf_4_25_4_9_F_109| true))
((|memory_model::choice_rf_4_26_0_33_F_192| false))
((|memory_model::choice_rf_4_26_0_75_F_193| false))
((|memory_model::choice_rf_4_26_1_18_F_194| false))
((|memory_model::choice_rf_4_26_1_35_F_195| false))
((|memory_model::choice_rf_4_26_2_13_F_196| false))
((|memory_model::choice_rf_4_26_3_13_F_197| false))
((|memory_model::choice_rf_4_26_4_11_F_198| true))
((|memory_model::choice_rf_4_2_0_32_F_147| false))
((|memory_model::choice_rf_4_2_1_20_F_148| true))
((|memory_model::choice_rf_4_32_0_12_F_44| false))
((|memory_model::choice_rf_4_32_1_38_F_45| false))
((|memory_model::choice_rf_4_32_2_16_F_46| true))
((|memory_model::choice_rf_4_32_3_16_F_47| false))
((|memory_model::choice_rf_4_34_0_11_T_12| true))
((|memory_model::choice_rf_4_34_1_40_T_13| false))
((|memory_model::choice_rf_4_34_2_18_T_14| false))
((|memory_model::choice_rf_4_34_3_18_T_15| false))
((|memory_model::choice_rf_4_3_0_35_F_244| false))
((|memory_model::choice_rf_4_3_0_74_F_245| false))
((|memory_model::choice_rf_4_3_1_19_F_246| true))
((|memory_model::choice_rf_4_3_1_34_F_247| false))
((|memory_model::choice_rf_4_3_2_12_F_248| false))
((|memory_model::choice_rf_4_3_3_12_F_249| false))
((|memory_model::choice_rf_4_4_0_29_F_128| false))
((|memory_model::choice_rf_4_4_1_15_F_129| true))
((|memory_model::choice_rf_4_5_0_24_F_107| true))
((|memory_model::choice_rf_4_6_0_33_F_186| false))
((|memory_model::choice_rf_4_6_0_75_F_187| false))
((|memory_model::choice_rf_4_6_1_18_F_188| true))
((|memory_model::choice_rf_4_6_1_35_F_189| false))
((|memory_model::choice_rf_4_6_2_13_F_190| false))
((|memory_model::choice_rf_4_6_3_13_F_191| false))
((|memory_model::choice_rf_4_7_0_17_F_81| true))
((|memory_model::choice_rf_4_7_0_76_F_82| false))
((|memory_model::choice_rf_4_7_1_36_F_83| false))
((|memory_model::choice_rf_4_7_2_14_F_84| false))
((|memory_model::choice_rf_4_7_3_14_F_85| false))
((|memory_model::choice_ws-ext_0_11_1_40_T_268| true))
((|memory_model::choice_ws-ext_0_11_2_18_T_269| true))
((|memory_model::choice_ws-ext_0_11_3_18_T_270| true))
((|memory_model::choice_ws-ext_0_11_4_35_T_271| true))
((|memory_model::choice_ws-ext_0_12_1_38_F_279| true))
((|memory_model::choice_ws-ext_0_12_2_16_F_280| true))
((|memory_model::choice_ws-ext_0_12_3_16_F_281| true))
((|memory_model::choice_ws-ext_0_12_4_33_F_282| true))
((|memory_model::choice_ws-ext_0_13_1_24_F_289| true))
((|memory_model::choice_ws-ext_0_14_2_2_F_290| true))
((|memory_model::choice_ws-ext_0_15_3_2_F_291| true))
((|memory_model::choice_ws-ext_0_16_4_14_F_292| true))
((|memory_model::choice_ws-ext_0_17_1_36_F_293| true))
((|memory_model::choice_ws-ext_0_17_2_14_F_294| true))
((|memory_model::choice_ws-ext_0_17_3_14_F_295| true))
((|memory_model::choice_ws-ext_0_17_4_15_F_296| true))
((|memory_model::choice_ws-ext_0_17_4_31_F_297| true))
((|memory_model::choice_ws-ext_0_18_4_16_F_312| true))
((|memory_model::choice_ws-ext_0_19_4_17_F_313| true))
((|memory_model::choice_ws-ext_0_21_1_12_F_314| true))
((|memory_model::choice_ws-ext_0_21_1_33_F_315| true))
((|memory_model::choice_ws-ext_0_22_2_11_F_316| true))
((|memory_model::choice_ws-ext_0_23_3_11_F_317| true))
((|memory_model::choice_ws-ext_0_24_4_28_F_319| true))
((|memory_model::choice_ws-ext_0_24_4_9_F_318| true))
((|memory_model::choice_ws-ext_0_25_1_17_F_320| true))
((|memory_model::choice_ws-ext_0_26_1_14_F_322| true))
((|memory_model::choice_ws-ext_0_26_1_32_F_323| true))
((|memory_model::choice_ws-ext_0_27_1_13_F_324| true))
((|memory_model::choice_ws-ext_0_27_2_10_F_325| true))
((|memory_model::choice_ws-ext_0_28_1_16_F_327| true))
((|memory_model::choice_ws-ext_0_28_3_10_F_328| true))
((|memory_model::choice_ws-ext_0_29_1_15_F_330| true))
((|memory_model::choice_ws-ext_0_29_4_27_F_332| true))
((|memory_model::choice_ws-ext_0_29_4_8_F_331| true))
((|memory_model::choice_ws-ext_0_32_1_20_F_335| true))
((|memory_model::choice_ws-ext_0_32_4_13_F_336| true))
((|memory_model::choice_ws-ext_0_33_1_18_F_338| true))
((|memory_model::choice_ws-ext_0_33_1_35_F_339| true))
((|memory_model::choice_ws-ext_0_33_2_13_F_340| true))
((|memory_model::choice_ws-ext_0_33_3_13_F_341| true))
((|memory_model::choice_ws-ext_0_33_4_11_F_342| true))
((|memory_model::choice_ws-ext_0_33_4_30_F_343| true))
((|memory_model::choice_ws-ext_0_34_1_21_F_363| true))
((|memory_model::choice_ws-ext_0_34_4_12_F_364| true))
((|memory_model::choice_ws-ext_0_35_1_19_F_366| true))
((|memory_model::choice_ws-ext_0_35_1_34_F_367| true))
((|memory_model::choice_ws-ext_0_35_2_12_F_368| true))
((|memory_model::choice_ws-ext_0_35_3_12_F_369| true))
((|memory_model::choice_ws-ext_0_35_4_10_F_370| true))
((|memory_model::choice_ws-ext_0_35_4_29_F_371| true))
((|memory_model::choice_ws-ext_0_38_4_19_F_393| true))
((|memory_model::choice_ws-ext_0_39_4_18_F_394| true))
((|memory_model::choice_ws-ext_0_40_2_0_F_278| true))
((|memory_model::choice_ws-ext_0_41_3_0_F_391| true))
((|memory_model::choice_ws-ext_0_42_4_0_F_392| true))
((|memory_model::choice_ws-ext_0_72_1_17_F_321| false))
((|memory_model::choice_ws-ext_0_74_1_19_F_372| false))
((|memory_model::choice_ws-ext_0_74_1_34_F_373| false))
((|memory_model::choice_ws-ext_0_74_2_12_F_374| false))
((|memory_model::choice_ws-ext_0_74_3_12_F_375| false))
((|memory_model::choice_ws-ext_0_74_4_10_F_376| false))
((|memory_model::choice_ws-ext_0_74_4_29_F_377| false))
((|memory_model::choice_ws-ext_0_75_1_18_F_344| false))
((|memory_model::choice_ws-ext_0_75_1_35_F_345| false))
((|memory_model::choice_ws-ext_0_75_2_13_F_346| false))
((|memory_model::choice_ws-ext_0_75_3_13_F_347| false))
((|memory_model::choice_ws-ext_0_75_4_11_F_348| false))
((|memory_model::choice_ws-ext_0_75_4_30_F_349| false))
((|memory_model::choice_ws-ext_0_76_1_36_F_298| false))
((|memory_model::choice_ws-ext_0_76_2_14_F_299| false))
((|memory_model::choice_ws-ext_0_76_3_14_F_300| false))
((|memory_model::choice_ws-ext_0_76_4_15_F_301| false))
((|memory_model::choice_ws-ext_0_76_4_31_F_302| false))
((|memory_model::choice_ws-ext_1_13_2_10_F_326| true))
((|memory_model::choice_ws-ext_1_15_4_27_F_334| true))
((|memory_model::choice_ws-ext_1_15_4_8_F_333| true))
((|memory_model::choice_ws-ext_1_16_3_10_F_329| true))
((|memory_model::choice_ws-ext_1_18_2_13_F_350| true))
((|memory_model::choice_ws-ext_1_18_3_13_F_351| true))
((|memory_model::choice_ws-ext_1_18_4_11_F_352| true))
((|memory_model::choice_ws-ext_1_18_4_30_F_353| true))
((|memory_model::choice_ws-ext_1_19_2_12_F_378| true))
((|memory_model::choice_ws-ext_1_19_3_12_F_379| true))
((|memory_model::choice_ws-ext_1_19_4_10_F_380| true))
((|memory_model::choice_ws-ext_1_19_4_29_F_381| true))
((|memory_model::choice_ws-ext_1_20_4_13_F_337| true))
((|memory_model::choice_ws-ext_1_21_4_12_F_365| true))
((|memory_model::choice_ws-ext_1_34_2_12_F_382| true))
((|memory_model::choice_ws-ext_1_34_3_12_F_383| true))
((|memory_model::choice_ws-ext_1_34_4_10_F_384| false))
((|memory_model::choice_ws-ext_1_34_4_29_F_385| false))
((|memory_model::choice_ws-ext_1_35_2_13_F_354| true))
((|memory_model::choice_ws-ext_1_35_3_13_F_355| true))
((|memory_model::choice_ws-ext_1_35_4_11_F_356| false))
((|memory_model::choice_ws-ext_1_35_4_30_F_357| false))
((|memory_model::choice_ws-ext_1_36_2_14_F_303| true))
((|memory_model::choice_ws-ext_1_36_3_14_F_304| true))
((|memory_model::choice_ws-ext_1_36_4_15_F_305| false))
((|memory_model::choice_ws-ext_1_36_4_31_F_306| false))
((|memory_model::choice_ws-ext_1_38_2_16_F_283| false))
((|memory_model::choice_ws-ext_1_38_3_16_F_284| false))
((|memory_model::choice_ws-ext_1_38_4_33_F_285| false))
((|memory_model::choice_ws-ext_1_40_2_18_T_272| false))
((|memory_model::choice_ws-ext_1_40_3_18_T_273| false))
((|memory_model::choice_ws-ext_1_40_4_35_T_274| false))
((|memory_model::choice_ws-ext_2_12_3_12_F_386| true))
((|memory_model::choice_ws-ext_2_12_4_10_F_387| false))
((|memory_model::choice_ws-ext_2_12_4_29_F_388| false))
((|memory_model::choice_ws-ext_2_13_3_13_F_358| true))
((|memory_model::choice_ws-ext_2_13_4_11_F_359| false))
((|memory_model::choice_ws-ext_2_13_4_30_F_360| false))
((|memory_model::choice_ws-ext_2_14_3_14_F_307| true))
((|memory_model::choice_ws-ext_2_14_4_15_F_308| false))
((|memory_model::choice_ws-ext_2_14_4_31_F_309| false))
((|memory_model::choice_ws-ext_2_16_3_16_F_286| true))
((|memory_model::choice_ws-ext_2_16_4_33_F_287| true))
((|memory_model::choice_ws-ext_2_18_3_18_T_275| false))
((|memory_model::choice_ws-ext_2_18_4_35_T_276| true))
((|memory_model::choice_ws-ext_3_12_4_10_F_389| false))
((|memory_model::choice_ws-ext_3_12_4_29_F_390| false))
((|memory_model::choice_ws-ext_3_13_4_11_F_361| false))
((|memory_model::choice_ws-ext_3_13_4_30_F_362| false))
((|memory_model::choice_ws-ext_3_14_4_15_F_310| false))
((|memory_model::choice_ws-ext_3_14_4_31_F_311| false))
((|memory_model::choice_ws-ext_3_16_4_33_F_288| false))
((|memory_model::choice_ws-ext_3_18_4_35_T_277| true))
((|nondet_symex::nondet0| #x00000000))
((|nondet_symex::nondet1| #x00000000))
((|nondet_symex::nondet2| #x00000000))
((|nondet_symex::nondet3| #x00000000))
((|nondet_symex::nondet4| #xffffffff))
((|nondet_symex::nondet5| #x00000000))
((|pthread_create#return_value!0#1| #x00000000))
((|pthread_create#return_value!0#2| #x00000000))
((|pthread_create#return_value!0#3| #x00000000))
((|pthread_create#return_value!0#4| #x00000000))
((|pthread_create#return_value!1#1| #x00000000))
((|pthread_create#return_value!2#1| #x00000000))
((|pthread_create#return_value!3#1| #x00000000))
((|pthread_create#return_value!4#1| #x00000000))
((|pthread_create::1::this_thread_id!0@1#1| #x00000000))
((|pthread_create::1::this_thread_id!0@1#2| #x00000001))
((|pthread_create::1::this_thread_id!0@2#1| #x00000000))
((|pthread_create::1::this_thread_id!0@2#2| #x00000002))
((|pthread_create::1::this_thread_id!0@3#1| #x00000000))
((|pthread_create::1::this_thread_id!0@3#2| #x00000003))
((|pthread_create::1::this_thread_id!0@4#1| #x00000000))
((|pthread_create::1::this_thread_id!0@4#2| #x00000004))
((|pthread_create::1::this_thread_id!1@0#0| #x00001000))
((|pthread_create::1::this_thread_id!2@0#0| #x00000000))
((|pthread_create::1::this_thread_id!3@0#0| #x00000000))
((|pthread_create::1::this_thread_id!4@0#0| #x00000000))
((|pthread_create::arg!0@1#1| #x00000000))
((|pthread_create::arg!0@2#1| #x00000000))
((|pthread_create::arg!0@3#1| #x00000000))
((|pthread_create::arg!0@4#1| #x00000000))
((|pthread_create::arg!1@0#1| #x00000000))
((|pthread_create::arg!2@0#1| #x00000000))
((|pthread_create::arg!3@0#1| #x00000000))
((|pthread_create::arg!4@0#1| #x00000000))
((|pthread_create::attr!0@1#1| #x00000000))
((|pthread_create::attr!0@2#1| #x00000000))
((|pthread_create::attr!0@3#1| #x00000000))
((|pthread_create::attr!0@4#1| #x00000000))
((|pthread_create::attr!1@0#1| #x00000000))
((|pthread_create::attr!2@0#1| #x00000000))
((|pthread_create::attr!3@0#1| #x00000000))
((|pthread_create::attr!4@0#1| #x00000000))
((|pthread_create::start_routine!0@1#1| #x03000000))
((|pthread_create::start_routine!0@2#1| #x05000000))
((|pthread_create::start_routine!0@3#1| #x07000000))
((|pthread_create::start_routine!0@4#1| #x09000000))
((|pthread_create::start_routine!1@0#1| #x03000000))
((|pthread_create::start_routine!2@0#1| #x05000000))
((|pthread_create::start_routine!3@0#1| #x07000000))
((|pthread_create::start_routine!4@0#1| #x09000000))
((|pthread_create::thread!0@1#1| #x02000000))
((|pthread_create::thread!0@2#1| #x04000000))
((|pthread_create::thread!0@3#1| #x06000000))
((|pthread_create::thread!0@4#1| #x08000000))
((|pthread_create::thread!1@0#1| #x02000000))
((|pthread_create::thread!2@0#1| #x04000000))
((|pthread_create::thread!3@0#1| #x06000000))
((|pthread_create::thread!4@0#1| #x08000000))
((|return'!0#1| #x00000000))
((|t1$46$spwnclk$8| (- 25)))
((|t1$51$spwnclk$8| (- 21)))
((|t1$56$spwnclk$8| (- 17)))
((|t1$61$spwnclk$8| (- 13)))
((|weak$$choice0#1| #x00))
((|weak$$choice0#1$wclk$8| (- 33)))
((|weak$$choice0#2| #x00))
((|weak$$choice0#2$wclk$8| (- 11)))
((|weak$$choice2#1| #x00))
((|weak$$choice2#1$wclk$8| (- 32)))
((|weak$$choice2#2| #x01))
((|weak$$choice2#2$wclk$8| (- 11)))
((|x#1| #x00000000))
((|x#1$wclk$8| (- 31)))
((|x#2| #x00000000))
((|x#2$rclk$8| (- 17)))
((|x#3| #x00000000))
((|x#4| #x00000001))
((|x#4$wclk$8| (- 16)))
((|y#1| #x00000000))
((|y#1$wclk$8| (- 30)))
((|y#2| #x00000000))
((|y#2$rclk$8| (- 15)))
((|y#3| #x00000000))
((|y#4| #x00000001))
((|y#4$wclk$8| (- 14)))
((|z#1| #x00000000))
((|z#1$wclk$8| (- 29)))
((|z#2| #x00000000))
((|z#2$rclk$8| (- 13)))
((|z#3| #x00000000))
((|z#4| #x00000001))
((|z#4$wclk$8| (- 12)))
(model 
  (define-fun |memory_model::choice_rf_1_39_3_18_T_2| () Bool
    false)
  (define-fun |memory_model::choice_rf_0_62_2_16_F_29| () Bool
    false)
  (define-fun |memory_model::choice_ws-ext_1_35_2_13_F_354| () Bool
    true)
  (define-fun |memory_model::choice_ws-ext_1_19_4_29_F_381| () Bool
    true)
  (define-fun |memory_model::choice_rf_4_21_0_34_F_213| () Bool
    false)
  (define-fun |memory_model::choice_rf_3_4_0_34_F_208| () Bool
    false)
  (define-fun |memory_model::choice_ws-ext_1_40_2_18_T_272| () Bool
    false)
  (define-fun |memory_model::choice_ws-ext_3_14_4_31_F_311| () Bool
    false)
  (define-fun |memory_model::choice_rf_2_6_3_12_F_234| () Bool
    false)
  (define-fun |memory_model::choice_ws-ext_1_19_4_10_F_380| () Bool
    true)
  (define-fun |memory_model::choice_ws-ext_0_11_1_40_T_268| () Bool
    true)
  (define-fun |memory_model::choice_ws-ext_0_33_2_13_F_340| () Bool
    true)
  (define-fun |memory_model::choice_ws-ext_1_18_4_30_F_353| () Bool
    true)
  (define-fun |memory_model::choice_rf_4_34_0_11_T_12| () Bool
    true)
  (define-fun |memory_model::choice_rf_2_4_4_12_F_207| () Bool
    true)
  (define-fun |memory_model::choice_rf_1_25_4_15_F_67| () Bool
    false)
  (define-fun |memory_model::choice_rf_0_66_1_21_F_200| () Bool
    false)
  (define-fun |memory_model::choice_rf_3_15_1_38_F_41| () Bool
    false)
  (define-fun |main$tmp_guard1#2| () (_ BitVec 8)
    #x00)
  (define-fun |memory_model::choice_rf_2_6_1_19_F_232| () Bool
    false)
  (define-fun |memory_model::choice_ws-ext_0_12_1_38_F_279| () Bool
    true)
  (define-fun |memory_model::choice_ws-ext_0_17_2_14_F_294| () Bool
    true)
  (define-fun |memory_model::choice_rf_0_53_0_9_T_18| () Bool
    false)
  (define-fun |memory_model::choice_rf_1_1_2_11_F_99| () Bool
    false)
  (define-fun |memory_model::choice_ws-ext_0_21_1_33_F_315| () Bool
    true)
  (define-fun |memory_model::choice_rf_3_9_4_11_F_184| () Bool
    false)
  (define-fun |memory_model::choice_ws-ext_0_74_1_19_F_372| () Bool
    false)
  (define-fun |main$tmp_guard0#3$rclk$8| () Int
    (- 2))
  (define-fun |memory_model::choice_ws-ext_0_29_4_27_F_332| () Bool
    true)
  (define-fun |memory_model::choice_rf_4_2_1_20_F_148| () Bool
    true)
  (define-fun |memory_model::choice_rf_0_84_0_37_F_262| () Bool
    false)
  (define-fun |__CPROVER_next_thread_id#6| () (_ BitVec 32)
    #x00000002)
  (define-fun |main$tmp_guard1#5$rclk$8| () Int
    1)
  (define-fun |z#2| () (_ BitVec 32)
    #x00000000)
  (define-fun |memory_model::choice_rf_1_25_0_17_F_63| () Bool
    false)
  (define-fun |memory_model::choice_rf_3_3_4_31_F_80| () Bool
    false)
  (define-fun |memory_model::choice_rf_4_32_1_38_F_45| () Bool
    false)
  (define-fun |memory_model::choice_ws-ext_1_34_2_12_F_382| () Bool
    true)
  (define-fun |memory_model::choice_ws-ext_0_17_4_31_F_297| () Bool
    true)
  (define-fun |memory_model::choice_rf_4_20_3_14_F_90| () Bool
    false)
  (define-fun |memory_model::choice_rf_0_66_4_12_F_201| () Bool
    true)
  (define-fun |main::1::t1349!0@1#2$wclk$8| () Int
    (- 18))
  (define-fun |memory_model::choice_rf_4_26_0_33_F_192| () Bool
    false)
  (define-fun |y#2| () (_ BitVec 32)
    #x00000000)
  (define-fun |memory_model::choice_rf_3_7_1_20_F_145| () Bool
    false)
  (define-fun |pthread_create::1::this_thread_id!4@0#0| () (_ BitVec 32)
    #x00000000)
  (define-fun |a$w_buff1_used#17| () (_ BitVec 8)
    #x00)
  (define-fun |a#12$wclk$8| () Int
    (- 8))
  (define-fun |memory_model::choice_rf_4_34_2_18_T_14| () Bool
    false)
  (define-fun |memory_model::choice_rf_4_22_0_35_F_250| () Bool
    false)
  (define-fun |memory_model::choice_ws-ext_0_35_4_29_F_371| () Bool
    true)
  (define-fun |memory_model::choice_ws-ext_0_33_1_35_F_339| () Bool
    true)
  (define-fun |memory_model::choice_rf_0_64_0_36_F_257| () Bool
    false)
  (define-fun |memory_model::choice_rf_4_6_0_33_F_186| () Bool
    false)
  (define-fun |memory_model::choice_rf_1_26_4_12_F_204| () Bool
    true)
  (define-fun |memory_model::choice_ws-ext_1_36_3_14_F_304| () Bool
    true)
  (define-fun |a$w_buff0#11| () (_ BitVec 32)
    #x00000001)
  (define-fun |__unbuffered_p1_EAX#1$wclk$8| () Int
    (- 57))
  (define-fun |a$w_buff0#9| () (_ BitVec 32)
    #x00000001)
  (define-fun |memory_model::choice_rf_0_62_1_38_F_28| () Bool
    true)
  (define-fun |memory_model::choice_rf_4_20_2_14_F_89| () Bool
    false)
  (define-fun |memory_model::choice_rf_3_6_0_74_F_238| () Bool
    false)
  (define-fun |memory_model::choice_ws-ext_0_32_1_20_F_335| () Bool
    true)
  (define-fun |__unbuffered_cnt#2| () (_ BitVec 32)
    #x00000004)
  (define-fun |a$w_buff0#2| () (_ BitVec 32)
    #x00000001)
  (define-fun |memory_model::choice_rf_1_29_1_20_F_139| () Bool
    false)
  (define-fun |a$r_buff1_thd0#1$wclk$8| () Int
    (- 46))
  (define-fun |memory_model::choice_rf_0_68_4_10_F_221| () Bool
    false)
  (define-fun |memory_model::choice_rf_1_28_2_12_F_226| () Bool
    false)
  (define-fun |memory_model::choice_ws-ext_2_13_4_11_F_359| () Bool
    false)
  (define-fun |goto_symex::&92;guard#1| () Bool
    true)
  (define-fun |__unbuffered_p2_EAX#1$wclk$8| () Int
    (- 56))
  (define-fun |memory_model::choice_rf_0_80_0_14_F_51| () Bool
    false)
  (define-fun |memory_model::choice_rf_3_7_0_32_F_144| () Bool
    false)
  (define-fun |__unbuffered_cnt#8| () (_ BitVec 32)
    #x00000000)
  (define-fun |memory_model::choice_rf_3_17_4_35_T_11| () Bool
    false)
  (define-fun |memory_model::choice_rf_0_71_0_33_F_152| () Bool
    false)
  (define-fun |memory_model::choice_rf_4_26_1_18_F_194| () Bool
    false)
  (define-fun |memory_model::choice_rf_3_1_0_42_F_266| () Bool
    true)
  (define-fun |memory_model::choice_rf_1_27_1_14_F_116| () Bool
    true)
  (define-fun |memory_model::choice_rf_0_78_4_14_F_56| () Bool
    true)
  (define-fun |memory_model::choice_rf_2_9_0_33_F_172| () Bool
    false)
  (define-fun |memory_model::choice_rf_0_67_0_25_F_110| () Bool
    false)
  (define-fun |memory_model::choice_rf_4_23_1_20_F_150| () Bool
    false)
  (define-fun |memory_model::choice_rf_4_3_0_35_F_244| () Bool
    false)
  (define-fun |memory_model::choice_ws-ext_2_14_3_14_F_307| () Bool
    true)
  (define-fun |a$w_buff0#4| () (_ BitVec 32)
    #x00000000)
  (define-fun |memory_model::choice_ws-ext_0_11_3_18_T_270| () Bool
    true)
  (define-fun |__CPROVER_threads_exited#2$rclk$8| () Int
    0)
  (define-fun |memory_model::choice_rf_2_15_0_12_F_36| () Bool
    true)
  (define-fun |memory_model::choice_rf_1_11_4_13_F_137| () Bool
    false)
  (define-fun |memory_model::choice_rf_3_17_0_11_T_8| () Bool
    true)
  (define-fun |memory_model::choice_ws-ext_0_24_4_28_F_319| () Bool
    true)
  (define-fun |a$w_buff0_used#26| () (_ BitVec 8)
    #x00)
  (define-fun |memory_model::choice_rf_0_71_1_35_F_154| () Bool
    false)
  (define-fun |memory_model::choice_ws-ext_0_17_1_36_F_293| () Bool
    true)
  (define-fun |memory_model::choice_rf_1_1_0_22_F_98| () Bool
    true)
  (define-fun |a$r_buff0_thd2#1$wclk$8| () Int
    (- 49))
  (define-fun |memory_model::choice_rf_4_24_4_8_F_132| () Bool
    true)
  (define-fun |memory_model::choice_ws-ext_0_75_1_18_F_344| () Bool
    false)
  (define-fun |__CPROVER_threads_exited#2| () (Array (_ BitVec 32) Bool)
    (lambda ((x!1 (_ BitVec 32))) (= x!1 #x00000000)))
  (define-fun |memory_model::choice_rf_2_7_1_20_F_142| () Bool
    false)
  (define-fun |memory_model::choice_rf_3_5_0_28_F_123| () Bool
    false)
  (define-fun |memory_model::choice_rf_1_28_0_35_F_223| () Bool
    false)
  (define-fun |memory_model::choice_ws-ext_1_15_4_8_F_333| () Bool
    true)
  (define-fun |memory_model::choice_rf_4_7_3_14_F_85| () Bool
    false)
  (define-fun |memory_model::choice_rf_4_20_4_15_F_91| () Bool
    true)
  (define-fun |memory_model::choice_rf_0_69_1_20_F_134| () Bool
    false)
  (define-fun |memory_model::choice_rf_2_6_0_35_F_230| () Bool
    false)
  (define-fun |memory_model::choice_ws-ext_0_35_1_19_F_366| () Bool
    true)
  (define-fun |memory_model::choice_ws-ext_0_27_1_13_F_324| () Bool
    true)
  (define-fun |memory_model::choice_rf_4_22_4_10_F_256| () Bool
    true)
  (define-fun |a$r_buff1_thd3#1$wclk$8| () Int
    (- 43))
  (define-fun |memory_model::choice_rf_4_7_0_17_F_81| () Bool
    true)
  (define-fun |memory_model::choice_rf_2_3_0_17_F_69| () Bool
    false)
  (define-fun |memory_model::choice_rf_4_22_0_74_F_251| () Bool
    false)
  (define-fun |memory_model::choice_rf_3_15_4_33_F_43| () Bool
    true)
  (define-fun |memory_model::choice_ws-ext_0_35_2_12_F_368| () Bool
    true)
  (define-fun |pthread_create::1::this_thread_id!1@0#0| () (_ BitVec 32)
    #x00001000)
  (define-fun |memory_model::choice_ws-ext_0_33_1_18_F_338| () Bool
    true)
  (define-fun |__unbuffered_cnt#4| () (_ BitVec 32)
    #x00000003)
  (define-fun |memory_model::choice_ws-ext_1_35_4_11_F_356| () Bool
    false)
  (define-fun |main::1::t1347!0@1#1$wclk$8| () Int
    (- 28))
  (define-fun |memory_model::choice_rf_0_53_0_44_T_19| () Bool
    false)
  (define-fun |memory_model::choice_rf_1_0_0_23_F_101| () Bool
    true)
  (define-fun |memory_model::choice_ws-ext_0_18_4_16_F_312| () Bool
    true)
  (define-fun t1$51$spwnclk$8 () Int
    (- 21))
  (define-fun |memory_model::choice_rf_4_22_1_34_F_253| () Bool
    false)
  (define-fun |memory_model::choice_rf_0_83_0_82_F_261| () Bool
    true)
  (define-fun |memory_model::choice_rf_0_65_3_14_F_60| () Bool
    true)
  (define-fun |memory_model::choice_rf_4_32_0_12_F_44| () Bool
    false)
  (define-fun |a$w_buff0_used#23| () (_ BitVec 8)
    #x00)
  (define-fun |main::1::t1349!0@1#1$wclk$8| () Int
    (- 20))
  (define-fun |memory_model::choice_rf_4_22_2_12_F_254| () Bool
    false)
  (define-fun |a$r_buff1_thd4#8| () (_ BitVec 8)
    #x00)
  (define-fun |memory_model::choice_rf_0_53_0_49_T_20| () Bool
    true)
  (define-fun |memory_model::choice_rf_0_68_1_34_F_218| () Bool
    false)
  (define-fun |memory_model::choice_rf_3_3_1_36_F_77| () Bool
    false)
  (define-fun |memory_model::choice_ws-ext_0_13_1_24_F_289| () Bool
    true)
  (define-fun |memory_model::choice_ws-ext_0_23_3_11_F_317| () Bool
    true)
  (define-fun |memory_model::choice_ws-ext_3_12_4_29_F_390| () Bool
    false)
  (define-fun |a$read_delayed#1$wclk$8| () Int
    (- 41))
  (define-fun |y#4$wclk$8| () Int
    (- 14))
  (define-fun |memory_model::choice_rf_4_24_0_29_F_130| () Bool
    false)
  (define-fun |a$w_buff1#2| () (_ BitVec 32)
    #x00000000)
  (define-fun |memory_model::choice_ws-ext_0_74_4_10_F_376| () Bool
    false)
  (define-fun |a#10| () (_ BitVec 32)
    #x00000001)
  (define-fun |z#1$wclk$8| () Int
    (- 29))
  (define-fun |memory_model::choice_rf_0_62_3_16_F_30| () Bool
    false)
  (define-fun |memory_model::choice_rf_0_58_0_9_T_21| () Bool
    false)
  (define-fun |memory_model::choice_rf_4_32_3_16_F_47| () Bool
    false)
  (define-fun |a#20| () (_ BitVec 32)
    #x00000000)
  (define-fun |memory_model::choice_rf_1_10_2_13_F_161| () Bool
    false)
  (define-fun |a$w_buff1#5| () (_ BitVec 32)
    #x00000000)
  (define-fun |memory_model::choice_rf_4_4_1_15_F_129| () Bool
    true)
  (define-fun |memory_model::choice_rf_1_31_1_18_F_167| () Bool
    false)
  (define-fun |memory_model::choice_ws-ext_1_18_2_13_F_350| () Bool
    true)
  (define-fun |main::1::t1350!0@1#2$wclk$8| () Int
    (- 14))
  (define-fun |memory_model::choice_rf_0_65_0_17_F_57| () Bool
    false)
  (define-fun |memory_model::choice_rf_3_9_0_33_F_179| () Bool
    false)
  (define-fun |a#15$wclk$8| () Int
    (- 7))
  (define-fun |a$w_buff0#13| () (_ BitVec 32)
    #x00000001)
  (define-fun |memory_model::choice_rf_1_29_4_13_F_140| () Bool
    true)
  (define-fun |memory_model::choice_rf_2_17_3_18_T_6| () Bool
    false)
  (define-fun |memory_model::choice_rf_1_37_3_16_F_34| () Bool
    true)
  (define-fun |memory_model::choice_ws-ext_0_72_1_17_F_321| () Bool
    false)
  (define-fun |a$read_delayed_var#1$wclk$8| () Int
    (- 40))
  (define-fun |memory_model::choice_ws-ext_1_13_2_10_F_326| () Bool
    true)
  (define-fun |memory_model::choice_rf_2_4_0_34_F_205| () Bool
    false)
  (define-fun |pthread_create::1::this_thread_id!2@0#0| () (_ BitVec 32)
    #x00000000)
  (define-fun |a$r_buff0_thd1#1$wclk$8| () Int
    (- 50))
  (define-fun |main$tmp_guard1#5| () (_ BitVec 8)
    #x00)
  (define-fun |memory_model::choice_rf_0_71_3_13_F_156| () Bool
    true)
  (define-fun |memory_model::choice_rf_2_3_4_31_F_74| () Bool
    false)
  (define-fun |memory_model::choice_rf_4_23_4_13_F_151| () Bool
    true)
  (define-fun |memory_model::choice_ws-ext_0_33_3_13_F_341| () Bool
    true)
  (define-fun |memory_model::choice_rf_2_6_4_29_F_236| () Bool
    false)
  (define-fun |memory_model::choice_ws-ext_0_29_4_8_F_331| () Bool
    true)
  (define-fun |a$w_buff1_used#1$wclk$8| () Int
    (- 36))
  (define-fun |memory_model::choice_ws-ext_3_12_4_10_F_389| () Bool
    false)
  (define-fun |a$r_buff1_thd1#1$wclk$8| () Int
    (- 45))
  (define-fun |memory_model::choice_rf_4_3_1_19_F_246| () Bool
    true)
  (define-fun |memory_model::choice_rf_1_39_4_35_T_3| () Bool
    true)
  (define-fun |memory_model::choice_ws-ext_0_29_1_15_F_330| () Bool
    true)
  (define-fun |a$mem_tmp#1$wclk$8| () Int
    (- 52))
  (define-fun |goto_symex::&92;guard#2| () Bool
    false)
  (define-fun |memory_model::choice_ws-ext_2_13_3_13_F_358| () Bool
    true)
  (define-fun |memory_model::choice_rf_2_6_0_74_F_231| () Bool
    false)
  (define-fun |memory_model::choice_rf_4_2_0_32_F_147| () Bool
    false)
  (define-fun |memory_model::choice_ws-ext_0_41_3_0_F_391| () Bool
    true)
  (define-fun |memory_model::choice_rf_3_6_4_10_F_242| () Bool
    false)
  (define-fun |memory_model::choice_rf_2_17_1_40_T_5| () Bool
    false)
  (define-fun |memory_model::choice_ws-ext_1_38_4_33_F_285| () Bool
    false)
  (define-fun |memory_model::choice_rf_1_25_4_31_F_68| () Bool
    true)
  (define-fun |memory_model::choice_rf_3_9_4_30_F_185| () Bool
    false)
  (define-fun |memory_model::choice_ws-ext_0_76_2_14_F_299| () Bool
    false)
  (define-fun |memory_model::choice_rf_2_1_0_41_F_264| () Bool
    true)
  (define-fun |x#2| () (_ BitVec 32)
    #x00000000)
  (define-fun |memory_model::choice_ws-ext_0_75_1_35_F_345| () Bool
    false)
  (define-fun |memory_model::choice_ws-ext_1_21_4_12_F_365| () Bool
    true)
  (define-fun |a$r_buff0_thd0#11| () (_ BitVec 8)
    #x00)
  (define-fun |memory_model::choice_rf_2_3_4_15_F_73| () Bool
    false)
  (define-fun |memory_model::choice_ws-ext_0_33_4_30_F_343| () Bool
    true)
  (define-fun |memory_model::choice_ws-ext_0_14_2_2_F_290| () Bool
    true)
  (define-fun |memory_model::choice_ws-ext_1_18_4_11_F_352| () Bool
    true)
  (define-fun |__unbuffered_cnt#16$wclk$8| () Int
    (- 6))
  (define-fun |__CPROVER_threads_exited#9$wclk$8| () Int
    (- 1))
  (define-fun |main$tmp_guard1#1$wclk$8| () Int
    (- 34))
  (define-fun |memory_model::choice_rf_0_81_0_13_F_48| () Bool
    false)
  (define-fun |memory_model::choice_rf_0_68_4_29_F_222| () Bool
    false)
  (define-fun |memory_model::choice_rf_1_5_4_28_F_106| () Bool
    false)
  (define-fun |memory_model::choice_rf_3_4_4_12_F_210| () Bool
    true)
  (define-fun |memory_model::choice_rf_0_68_0_35_F_216| () Bool
    false)
  (define-fun |memory_model::choice_rf_0_62_4_33_F_31| () Bool
    false)
  (define-fun |memory_model::choice_ws-ext_0_74_2_12_F_374| () Bool
    false)
  (define-fun |memory_model::choice_ws-ext_1_15_4_27_F_334| () Bool
    true)
  (define-fun |a$r_buff1_thd2#5| () (_ BitVec 8)
    #x00)
  (define-fun |memory_model::choice_rf_2_15_4_33_F_39| () Bool
    false)
  (define-fun |memory_model::choice_rf_1_29_0_32_F_138| () Bool
    false)
  (define-fun |memory_model::choice_rf_4_26_3_13_F_197| () Bool
    false)
  (define-fun |a$w_buff0_used#2| () (_ BitVec 8)
    #x00)
  (define-fun |a$r_buff0_thd3#2| () (_ BitVec 8)
    #x00)
  (define-fun |main$tmp_guard1#4$wclk$8| () Int
    0)
  (define-fun |memory_model::choice_rf_2_17_4_35_T_7| () Bool
    false)
  (define-fun |memory_model::choice_ws-ext_0_28_3_10_F_328| () Bool
    true)
  (define-fun |memory_model::choice_rf_0_62_0_12_F_27| () Bool
    false)
  (define-fun |memory_model::choice_rf_0_58_0_44_T_22| () Bool
    false)
  (define-fun |memory_model::choice_ws-ext_1_36_4_31_F_306| () Bool
    false)
  (define-fun |memory_model::choice_ws-ext_3_18_4_35_T_277| () Bool
    true)
  (define-fun |memory_model::choice_rf_1_5_0_24_F_104| () Bool
    true)
  (define-fun |__unbuffered_p1_EAX#4$wclk$8| () Int
    (- 15))
  (define-fun |a$w_buff1#7| () (_ BitVec 32)
    #x00000000)
  (define-fun |memory_model::choice_rf_2_15_3_16_F_38| () Bool
    false)
  (define-fun |memory_model::choice_rf_4_6_1_18_F_188| () Bool
    true)
  (define-fun |memory_model::choice_rf_0_65_1_36_F_58| () Bool
    false)
  (define-fun |weak$$choice0#1$wclk$8| () Int
    (- 33))
  (define-fun |main::1::t1347!0@1#2$wclk$8| () Int
    (- 26))
  (define-fun |memory_model::choice_rf_2_5_1_13_F_120| () Bool
    true)
  (define-fun |memory_model::choice_rf_3_4_1_21_F_209| () Bool
    false)
  (define-fun |memory_model::choice_rf_4_6_3_13_F_191| () Bool
    false)
  (define-fun |memory_model::choice_rf_4_1_1_21_F_212| () Bool
    true)
  (define-fun |memory_model::choice_rf_2_3_1_36_F_71| () Bool
    true)
  (define-fun |memory_model::choice_rf_4_6_0_75_F_187| () Bool
    false)
  (define-fun |__unbuffered_p1_EAX#2| () (_ BitVec 32)
    #x00000000)
  (define-fun |memory_model::choice_rf_4_7_0_76_F_82| () Bool
    false)
  (define-fun |memory_model::choice_rf_4_34_3_18_T_15| () Bool
    false)
  (define-fun |__CPROVER_next_thread_id#11$wclk$8| () Int
    (- 15))
  (define-fun |memory_model::choice_rf_2_7_0_32_F_141| () Bool
    false)
  (define-fun |memory_model::choice_rf_1_8_0_21_F_95| () Bool
    true)
  (define-fun |memory_model::choice_ws-ext_0_76_4_15_F_301| () Bool
    false)
  (define-fun |memory_model::choice_rf_4_32_2_16_F_46| () Bool
    true)
  (define-fun |memory_model::choice_rf_0_67_1_17_F_111| () Bool
    true)
  (define-fun |weak$$choice0#2$wclk$8| () Int
    (- 11))
  (define-fun |a$r_buff1_thd4#1$wclk$8| () Int
    (- 42))
  (define-fun |y#1$wclk$8| () Int
    (- 30))
  (define-fun |memory_model::choice_ws-ext_0_76_1_36_F_298| () Bool
    false)
  (define-fun |memory_model::choice_rf_1_23_0_40_F_25| () Bool
    true)
  (define-fun |a$w_buff0_used#1$wclk$8| () Int
    (- 38))
  (define-fun |memory_model::choice_rf_4_26_4_11_F_198| () Bool
    true)
  (define-fun |memory_model::choice_rf_0_81_1_24_F_49| () Bool
    true)
  (define-fun |memory_model::choice_rf_3_9_1_18_F_181| () Bool
    false)
  (define-fun |memory_model::choice_rf_1_28_4_10_F_228| () Bool
    false)
  (define-fun |memory_model::choice_ws-ext_0_12_4_33_F_282| () Bool
    true)
  (define-fun |memory_model::choice_rf_1_10_4_30_F_164| () Bool
    false)
  (define-fun |memory_model::choice_rf_0_71_4_30_F_158| () Bool
    false)
  (define-fun |memory_model::choice_rf_1_31_0_33_F_165| () Bool
    false)
  (define-fun |memory_model::choice_rf_3_9_0_75_F_180| () Bool
    false)
  (define-fun |memory_model::choice_ws-ext_0_21_1_12_F_314| () Bool
    true)
  (define-fun |memory_model::choice_rf_2_9_4_30_F_178| () Bool
    false)
  (define-fun |memory_model::choice_ws-ext_0_33_4_11_F_342| () Bool
    true)
  (define-fun |memory_model::choice_ws-ext_0_24_4_9_F_318| () Bool
    true)
  (define-fun |a$r_buff0_thd4#2| () (_ BitVec 8)
    #x00)
  (define-fun |main::1::t1348!0@1#1$wclk$8| () Int
    (- 24))
  (define-fun |memory_model::choice_rf_0_58_0_49_T_23| () Bool
    false)
  (define-fun |memory_model::choice_rf_0_65_4_31_F_62| () Bool
    false)
  (define-fun |memory_model::choice_rf_4_3_0_74_F_245| () Bool
    false)
  (define-fun |memory_model::choice_ws-ext_0_27_2_10_F_325| () Bool
    true)
  (define-fun |memory_model::choice_rf_0_69_0_32_F_133| () Bool
    false)
  (define-fun |memory_model::choice_ws-ext_3_13_4_11_F_361| () Bool
    false)
  (define-fun |memory_model::choice_rf_2_7_4_13_F_143| () Bool
    true)
  (define-fun |memory_model::choice_rf_1_30_1_12_F_97| () Bool
    true)
  (define-fun |memory_model::choice_rf_0_64_0_63_F_258| () Bool
    true)
  (define-fun |memory_model::choice_ws-ext_1_36_2_14_F_303| () Bool
    true)
  (define-fun t1$61$spwnclk$8 () Int
    (- 13))
  (define-fun |memory_model::choice_ws-ext_0_16_4_14_F_292| () Bool
    true)
  (define-fun |memory_model::choice_ws-ext_1_19_2_12_F_378| () Bool
    true)
  (define-fun |memory_model::choice_rf_0_83_0_37_F_260| () Bool
    false)
  (define-fun |__unbuffered_p2_EAX#4$wclk$8| () Int
    (- 13))
  (define-fun |memory_model::choice_ws-ext_1_38_3_16_F_284| () Bool
    false)
  (define-fun |a$r_buff1_thd0#2| () (_ BitVec 8)
    #x00)
  (define-fun |memory_model::choice_rf_3_17_1_40_T_9| () Bool
    false)
  (define-fun |memory_model::choice_ws-ext_1_36_4_15_F_305| () Bool
    false)
  (define-fun |memory_model::choice_rf_1_25_0_76_F_64| () Bool
    false)
  (define-fun |__unbuffered_cnt#7$wclk$8| () Int
    (- 4))
  (define-fun |memory_model::choice_rf_2_9_1_18_F_174| () Bool
    false)
  (define-fun |memory_model::choice_rf_1_28_4_29_F_229| () Bool
    true)
  (define-fun |memory_model::choice_ws-ext_2_14_4_15_F_308| () Bool
    false)
  (define-fun |a#13| () (_ BitVec 32)
    #x00000001)
  (define-fun t1$46$spwnclk$8 () Int
    (- 25))
  (define-fun |memory_model::choice_rf_4_4_0_29_F_128| () Bool
    false)
  (define-fun |memory_model::choice_rf_1_37_4_33_F_35| () Bool
    false)
  (define-fun |memory_model::choice_rf_4_20_1_36_F_88| () Bool
    false)
  (define-fun |__unbuffered_p3_EAX#2| () (_ BitVec 32)
    #x00000000)
  (define-fun |memory_model::choice_ws-ext_0_75_4_30_F_349| () Bool
    false)
  (define-fun |__CPROVER_threads_exited#3$wclk$8| () Int
    1)
  (define-fun |memory_model::choice_ws-ext_2_18_3_18_T_275| () Bool
    false)
  (define-fun |a$w_buff1_used#26| () (_ BitVec 8)
    #x00)
  (define-fun |a$w_buff0_used#11| () (_ BitVec 8)
    #x00)
  (define-fun |x#1$wclk$8| () Int
    (- 31))
  (define-fun |__unbuffered_cnt#11| () (_ BitVec 32)
    #x00000002)
  (define-fun |memory_model::choice_ws-ext_1_34_4_10_F_384| () Bool
    false)
  (define-fun |a$w_buff0_used#14| () (_ BitVec 8)
    #x01)
  (define-fun |main::1::t1348!0@1#2$wclk$8| () Int
    (- 22))
  (define-fun |memory_model::choice_ws-ext_3_14_4_15_F_310| () Bool
    false)
  (define-fun |memory_model::choice_rf_4_24_1_15_F_131| () Bool
    false)
  (define-fun |memory_model::choice_rf_1_0_3_11_F_102| () Bool
    false)
  (define-fun |memory_model::choice_rf_1_25_3_14_F_66| () Bool
    false)
  (define-fun |memory_model::choice_ws-ext_2_12_3_12_F_386| () Bool
    true)
  (define-fun |__CPROVER_threads_exited#4| () (Array (_ BitVec 32) Bool)
    (lambda ((x!1 (_ BitVec 32))) (= x!1 #x00000000)))
  (define-fun |pthread_create::1::this_thread_id!3@0#0| () (_ BitVec 32)
    #x00000000)
  (define-fun |memory_model::choice_ws-ext_0_40_2_0_F_278| () Bool
    true)
  (define-fun |memory_model::choice_rf_3_6_2_12_F_241| () Bool
    true)
  (define-fun |memory_model::choice_ws-ext_2_12_4_10_F_387| () Bool
    false)
  (define-fun |memory_model::choice_ws-ext_2_16_4_33_F_287| () Bool
    true)
  (define-fun |a#16| () (_ BitVec 32)
    #x00000000)
  (define-fun |a#22$wclk$8| () Int
    (- 10))
  (define-fun |memory_model::choice_ws-ext_0_17_4_15_F_296| () Bool
    true)
  (define-fun |memory_model::choice_ws-ext_0_35_3_12_F_369| () Bool
    true)
  (define-fun |memory_model::choice_ws-ext_0_74_1_34_F_373| () Bool
    false)
  (define-fun |memory_model::choice_rf_0_68_3_12_F_220| () Bool
    true)
  (define-fun |memory_model::choice_rf_4_26_0_75_F_193| () Bool
    false)
  (define-fun |memory_model::choice_rf_3_6_1_34_F_240| () Bool
    false)
  (define-fun |__CPROVER_threads_exited#1$wclk$8| () Int
    (- 60))
  (define-fun |memory_model::choice_rf_0_65_4_15_F_61| () Bool
    false)
  (define-fun |memory_model::choice_ws-ext_3_13_4_30_F_362| () Bool
    false)
  (define-fun |__CPROVER_next_thread_id#5$wclk$8| () Int
    (- 23))
  (define-fun |memory_model::choice_rf_4_7_1_36_F_83| () Bool
    false)
  (define-fun |memory_model::choice_rf_1_23_2_0_F_26| () Bool
    false)
  (define-fun |memory_model::choice_ws-ext_0_12_2_16_F_280| () Bool
    true)
  (define-fun |memory_model::choice_rf_4_22_1_19_F_252| () Bool
    false)
  (define-fun |memory_model::choice_ws-ext_0_35_1_34_F_367| () Bool
    true)
  (define-fun |__unbuffered_cnt#14| () (_ BitVec 32)
    #x00000001)
  (define-fun |memory_model::choice_rf_3_3_0_17_F_75| () Bool
    false)
  (define-fun |memory_model::choice_rf_3_3_4_15_F_79| () Bool
    false)
  (define-fun |a$w_buff1_used#10| () (_ BitVec 8)
    #x00)
  (define-fun |a$r_buff0_thd2#2| () (_ BitVec 8)
    #x00)
  (define-fun |memory_model::choice_rf_1_10_0_33_F_159| () Bool
    true)
  (define-fun |memory_model::choice_rf_1_30_0_21_F_96| () Bool
    false)
  (define-fun |memory_model::choice_rf_4_23_0_32_F_149| () Bool
    false)
  (define-fun |a$w_buff0#1$wclk$8| () Int
    (- 39))
  (define-fun |memory_model::choice_ws-ext_0_17_3_14_F_295| () Bool
    true)
  (define-fun |main$tmp_guard0#1$wclk$8| () Int
    (- 35))
  (define-fun |a$r_buff1_thd1#5| () (_ BitVec 8)
    #x00)
  (define-fun |memory_model::choice_rf_0_48_0_44_T_17| () Bool
    true)
  (define-fun |memory_model::choice_rf_1_10_0_75_F_160| () Bool
    false)
  (define-fun |memory_model::choice_rf_2_9_3_13_F_176| () Bool
    false)
  (define-fun |memory_model::choice_ws-ext_3_16_4_33_F_288| () Bool
    false)
  (define-fun |memory_model::choice_ws-ext_0_38_4_19_F_393| () Bool
    true)
  (define-fun |a$w_buff0#16| () (_ BitVec 32)
    #x00000001)
  (define-fun |memory_model::choice_rf_1_9_0_20_F_93| () Bool
    true)
  (define-fun |__unbuffered_cnt#13$wclk$8| () Int
    (- 5))
  (define-fun |a$w_buff0_used#29| () (_ BitVec 8)
    #x01)
  (define-fun |__CPROVER_next_thread_id#9| () (_ BitVec 32)
    #x00000003)
  (define-fun |memory_model::choice_rf_0_84_0_82_F_263| () Bool
    true)
  (define-fun |memory_model::choice_rf_0_79_3_2_F_54| () Bool
    true)
  (define-fun |memory_model::choice_rf_3_9_2_13_F_183| () Bool
    true)
  (define-fun |a$w_buff0_used#32| () (_ BitVec 8)
    #x01)
  (define-fun |a$r_buff0_thd3#1$wclk$8| () Int
    (- 48))
  (define-fun |a$w_buff1#1$wclk$8| () Int
    (- 37))
  (define-fun |a$r_buff1_thd2#1$wclk$8| () Int
    (- 44))
  (define-fun |a$r_buff0_thd4#1$wclk$8| () Int
    (- 47))
  (define-fun |memory_model::choice_rf_0_58_0_54_T_24| () Bool
    true)
  (define-fun |memory_model::choice_rf_1_31_4_11_F_170| () Bool
    false)
  (define-fun |memory_model::choice_rf_0_80_2_2_F_52| () Bool
    true)
  (define-fun |a$r_buff1_thd3#5| () (_ BitVec 8)
    #x00)
  (define-fun |memory_model::choice_rf_0_79_0_15_F_53| () Bool
    false)
  (define-fun |memory_model::choice_rf_2_5_0_27_F_119| () Bool
    false)
  (define-fun |memory_model::choice_rf_1_11_0_32_F_136| () Bool
    true)
  (define-fun |memory_model::choice_ws-ext_0_11_4_35_T_271| () Bool
    true)
  (define-fun |memory_model::choice_ws-ext_2_18_4_35_T_276| () Bool
    true)
  (define-fun |memory_model::choice_ws-ext_1_35_4_30_F_357| () Bool
    false)
  (define-fun |memory_model::choice_rf_1_28_3_12_F_227| () Bool
    false)
  (define-fun |memory_model::choice_rf_1_10_4_11_F_163| () Bool
    false)
  (define-fun |memory_model::choice_rf_1_31_4_30_F_171| () Bool
    true)
  (define-fun |memory_model::choice_ws-ext_0_74_3_12_F_375| () Bool
    false)
  (define-fun |__CPROVER_threads_exited#8$rclk$8| () Int
    (- 5))
  (define-fun |memory_model::choice_rf_2_1_3_0_F_265| () Bool
    false)
  (define-fun |a$r_buff0_thd0#1$wclk$8| () Int
    (- 51))
  (define-fun |__CPROVER_next_thread_id#2$wclk$8| () Int
    (- 27))
  (define-fun |memory_model::choice_rf_0_70_0_20_F_92| () Bool
    true)
  (define-fun |a#1$wclk$8| () Int
    (- 54))
  (define-fun |memory_model::choice_rf_3_6_4_29_F_243| () Bool
    false)
  (define-fun |memory_model::choice_rf_4_6_1_35_F_189| () Bool
    false)
  (define-fun |memory_model::choice_ws-ext_1_16_3_10_F_329| () Bool
    true)
  (define-fun |a$r_buff0_thd1#2| () (_ BitVec 8)
    #x00)
  (define-fun |a#6| () (_ BitVec 32)
    #x00000000)
  (define-fun |memory_model::choice_rf_3_9_1_35_F_182| () Bool
    false)
  (define-fun |memory_model::choice_ws-ext_2_16_3_16_F_286| () Bool
    true)
  (define-fun |memory_model::choice_ws-ext_1_34_3_12_F_383| () Bool
    true)
  (define-fun |__CPROVER_threads_exited#6| () (Array (_ BitVec 32) Bool)
    (lambda ((x!1 (_ BitVec 32))) (= x!1 #x00000000)))
  (define-fun |memory_model::choice_ws-ext_0_25_1_17_F_320| () Bool
    true)
  (define-fun |memory_model::choice_ws-ext_0_75_3_13_F_347| () Bool
    false)
  (define-fun |memory_model::choice_rf_3_15_0_12_F_40| () Bool
    false)
  (define-fun |memory_model::choice_rf_4_26_2_13_F_196| () Bool
    false)
  (define-fun |memory_model::choice_rf_3_17_2_18_T_10| () Bool
    false)
  (define-fun |memory_model::choice_ws-ext_0_42_4_0_F_392| () Bool
    true)
  (define-fun |a$flush_delayed#1$wclk$8| () Int
    (- 53))
  (define-fun |memory_model::choice_rf_1_39_0_11_T_0| () Bool
    false)
  (define-fun |memory_model::choice_rf_2_17_0_11_T_4| () Bool
    true)
  (define-fun |memory_model::choice_ws-ext_1_40_3_18_T_273| () Bool
    false)
  (define-fun |memory_model::choice_ws-ext_1_19_3_12_F_379| () Bool
    true)
  (define-fun |memory_model::choice_ws-ext_2_12_4_29_F_388| () Bool
    false)
  (define-fun |__CPROVER_threads_exited#8| () (Array (_ BitVec 32) Bool)
    (lambda ((x!1 (_ BitVec 32))) (= x!1 #x00000000)))
  (define-fun |memory_model::choice_rf_0_66_0_34_F_199| () Bool
    false)
  (define-fun |memory_model::choice_rf_2_6_1_34_F_233| () Bool
    true)
  (define-fun |memory_model::choice_rf_1_39_2_18_T_1| () Bool
    false)
  (define-fun |memory_model::choice_rf_0_68_2_12_F_219| () Bool
    false)
  (define-fun |memory_model::choice_rf_0_78_0_16_F_55| () Bool
    false)
  (define-fun |memory_model::choice_rf_3_3_0_76_F_76| () Bool
    false)
  (define-fun |memory_model::choice_rf_2_4_1_21_F_206| () Bool
    false)
  (define-fun |memory_model::choice_rf_3_6_0_35_F_237| () Bool
    false)
  (define-fun |__unbuffered_p0_EAX#2| () (_ BitVec 32)
    #x00000000)
  (define-fun |a#2| () (_ BitVec 32)
    #x00000001)
  (define-fun |__unbuffered_cnt#1$wclk$8| () Int
    (- 59))
  (define-fun |memory_model::choice_rf_3_6_1_19_F_239| () Bool
    false)
  (define-fun |memory_model::choice_ws-ext_0_34_4_12_F_364| () Bool
    true)
  (define-fun |memory_model::choice_rf_2_3_3_14_F_72| () Bool
    false)
  (define-fun |memory_model::choice_ws-ext_0_32_4_13_F_336| () Bool
    true)
  (define-fun |memory_model::choice_ws-ext_0_74_4_29_F_377| () Bool
    false)
  (define-fun |a#5$wclk$8| () Int
    (- 1))
  (define-fun |memory_model::choice_ws-ext_0_76_4_31_F_302| () Bool
    false)
  (define-fun |memory_model::choice_rf_3_7_4_13_F_146| () Bool
    true)
  (define-fun |memory_model::choice_rf_4_3_1_34_F_247| () Bool
    false)
  (define-fun |memory_model::choice_rf_1_31_0_75_F_166| () Bool
    false)
  (define-fun |memory_model::choice_rf_4_1_0_34_F_211| () Bool
    false)
  (define-fun |memory_model::choice_rf_0_71_2_13_F_155| () Bool
    false)
  (define-fun |memory_model::choice_ws-ext_2_13_4_30_F_360| () Bool
    false)
  (define-fun |memory_model::choice_rf_3_1_4_0_F_267| () Bool
    false)
  (define-fun |main::1::t1350!0@1#1$wclk$8| () Int
    (- 16))
  (define-fun |memory_model::choice_rf_1_10_3_13_F_162| () Bool
    false)
  (define-fun |memory_model::choice_ws-ext_2_14_4_31_F_309| () Bool
    false)
  (define-fun |memory_model::choice_ws-ext_1_35_3_13_F_355| () Bool
    true)
  (define-fun |__unbuffered_p0_EAX#1$wclk$8| () Int
    (- 58))
  (define-fun |memory_model::choice_ws-ext_0_22_2_11_F_316| () Bool
    true)
  (define-fun |__CPROVER_threads_exited#6$rclk$8| () Int
    (- 4))
  (define-fun |a$w_buff1_used#23| () (_ BitVec 8)
    #x00)
  (define-fun |weak$$choice2#1$wclk$8| () Int
    (- 32))
  (define-fun |memory_model::choice_rf_4_21_1_21_F_214| () Bool
    false)
  (define-fun |memory_model::choice_rf_4_25_0_24_F_108| () Bool
    false)
  (define-fun |__CPROVER_threads_exited#7$wclk$8| () Int
    (- 3))
  (define-fun |memory_model::choice_ws-ext_1_34_4_29_F_385| () Bool
    false)
  (define-fun |memory_model::choice_ws-ext_0_26_1_32_F_323| () Bool
    true)
  (define-fun |memory_model::choice_ws-ext_0_15_3_2_F_291| () Bool
    true)
  (define-fun |main$tmp_guard1#3$rclk$8| () Int
    0)
  (define-fun |memory_model::choice_rf_0_65_2_14_F_59| () Bool
    false)
  (define-fun |__unbuffered_p3_EAX#1$wclk$8| () Int
    (- 55))
  (define-fun |memory_model::choice_ws-ext_1_38_2_16_F_283| () Bool
    false)
  (define-fun |memory_model::choice_rf_3_3_2_14_F_78| () Bool
    true)
  (define-fun |memory_model::choice_rf_1_37_2_16_F_33| () Bool
    false)
  (define-fun |memory_model::choice_rf_2_15_1_38_F_37| () Bool
    false)
  (define-fun |memory_model::choice_rf_0_71_1_18_F_153| () Bool
    false)
  (define-fun |memory_model::choice_rf_4_3_2_12_F_248| () Bool
    false)
  (define-fun |__unbuffered_cnt#10$wclk$8| () Int
    (- 7))
  (define-fun |memory_model::choice_rf_1_31_2_13_F_168| () Bool
    false)
  (define-fun |memory_model::choice_rf_4_20_0_17_F_86| () Bool
    false)
  (define-fun |memory_model::choice_rf_1_37_0_12_F_32| () Bool
    false)
  (define-fun |memory_model::choice_rf_1_5_4_9_F_105| () Bool
    false)
  (define-fun array_of.0 () (Array (_ BitVec 32) Bool)
    (lambda ((x!1 (_ BitVec 32))) (= x!1 #x00000000)))
  (define-fun |main$tmp_guard0#2$wclk$8| () Int
    (- 3))
  (define-fun |z#4$wclk$8| () Int
    (- 12))
  (define-fun |memory_model::choice_rf_0_69_4_13_F_135| () Bool
    true)
  (define-fun |memory_model::choice_rf_4_21_4_12_F_215| () Bool
    true)
  (define-fun |a$w_buff0#7| () (_ BitVec 32)
    #x00000001)
  (define-fun |memory_model::choice_rf_4_34_1_40_T_13| () Bool
    false)
  (define-fun |memory_model::choice_rf_2_9_4_11_F_177| () Bool
    false)
  (define-fun |a$r_buff0_thd1#6| () (_ BitVec 8)
    #x01)
  (define-fun |memory_model::choice_rf_4_6_2_13_F_190| () Bool
    false)
  (define-fun |main$tmp_guard1#6$rclk$8| () Int
    2)
  (define-fun |memory_model::choice_rf_4_25_4_9_F_109| () Bool
    true)
  (define-fun |memory_model::choice_rf_4_22_3_12_F_255| () Bool
    false)
  (define-fun |memory_model::choice_rf_0_48_0_9_T_16| () Bool
    false)
  (define-fun |memory_model::choice_rf_1_31_3_13_F_169| () Bool
    false)
  (define-fun |__unbuffered_p0_EAX#6$wclk$8| () Int
    (- 17))
  (define-fun |memory_model::choice_rf_2_9_0_75_F_173| () Bool
    false)
  (define-fun |memory_model::choice_rf_1_28_1_19_F_225| () Bool
    false)
  (define-fun |memory_model::choice_rf_3_5_1_16_F_124| () Bool
    true)
  (define-fun |memory_model::choice_rf_1_26_1_21_F_203| () Bool
    false)
  (define-fun |memory_model::choice_ws-ext_0_75_4_11_F_348| () Bool
    false)
  (define-fun |x#4$wclk$8| () Int
    (- 16))
  (define-fun |memory_model::choice_ws-ext_0_11_2_18_T_269| () Bool
    true)
  (define-fun |memory_model::choice_rf_2_6_4_10_F_235| () Bool
    false)
  (define-fun |a$w_buff1#14| () (_ BitVec 32)
    #x00000000)
  (define-fun |__unbuffered_p2_EAX#2| () (_ BitVec 32)
    #x00000000)
  (define-fun |memory_model::choice_rf_3_15_2_16_F_42| () Bool
    false)
  (define-fun |a$w_buff1_used#2| () (_ BitVec 8)
    #x00)
  (define-fun |memory_model::choice_ws-ext_1_40_4_35_T_274| () Bool
    false)
  (define-fun |memory_model::choice_rf_4_20_0_76_F_87| () Bool
    false)
  (define-fun |memory_model::choice_rf_0_71_4_11_F_157| () Bool
    false)
  (define-fun |main$tmp_guard0#3| () (_ BitVec 8)
    #x01)
  (define-fun |memory_model::choice_ws-ext_0_26_1_14_F_322| () Bool
    true)
  (define-fun |a$w_buff1_used#20| () (_ BitVec 8)
    #x00)
  (define-fun |memory_model::choice_ws-ext_0_39_4_18_F_394| () Bool
    true)
  (define-fun |memory_model::choice_rf_1_25_2_14_F_65| () Bool
    false)
  (define-fun |memory_model::choice_rf_1_9_0_73_F_94| () Bool
    false)
  (define-fun |__CPROVER_threads_exited#5$wclk$8| () Int
    (- 2))
  (define-fun |memory_model::choice_rf_4_3_3_12_F_249| () Bool
    false)
  (define-fun |memory_model::choice_ws-ext_0_35_4_10_F_370| () Bool
    true)
  (define-fun |memory_model::choice_ws-ext_0_12_3_16_F_281| () Bool
    true)
  (define-fun |memory_model::choice_ws-ext_0_19_4_17_F_313| () Bool
    true)
  (define-fun |a$r_buff1_thd4#5| () (_ BitVec 8)
    #x00)
  (define-fun |a#9$wclk$8| () Int
    (- 9))
  (define-fun |memory_model::choice_rf_2_3_0_76_F_70| () Bool
    false)
  (define-fun |memory_model::choice_rf_1_27_0_26_F_115| () Bool
    false)
  (define-fun |a$w_buff1#4$wclk$8| () Int
    (- 18))
  (define-fun |memory_model::choice_rf_4_7_2_14_F_84| () Bool
    false)
  (define-fun |__CPROVER_next_thread_id#3| () (_ BitVec 32)
    #x00000001)
  (define-fun |memory_model::choice_ws-ext_1_18_3_13_F_351| () Bool
    true)
  (define-fun |memory_model::choice_rf_1_26_0_34_F_202| () Bool
    false)
  (define-fun |__CPROVER_next_thread_id#8$wclk$8| () Int
    (- 19))
  (define-fun |memory_model::choice_rf_0_68_1_19_F_217| () Bool
    false)
  (define-fun |memory_model::choice_ws-ext_0_75_2_13_F_346| () Bool
    false)
  (define-fun |__CPROVER_threads_exited#4$rclk$8| () Int
    (- 6))
  (define-fun t1$56$spwnclk$8 () Int
    (- 17))
  (define-fun |memory_model::choice_rf_2_9_1_35_F_175| () Bool
    true)
  (define-fun |memory_model::choice_rf_4_26_1_35_F_195| () Bool
    false)
  (define-fun |a$w_buff1#11| () (_ BitVec 32)
    #x00000000)
  (define-fun |memory_model::choice_ws-ext_0_28_1_16_F_327| () Bool
    true)
  (define-fun |a$w_buff1#9| () (_ BitVec 32)
    #x00000000)
  (define-fun |memory_model::choice_ws-ext_0_76_3_14_F_300| () Bool
    false)
  (define-fun |main$tmp_guard1#6| () (_ BitVec 8)
    #x00)
  (define-fun |memory_model::choice_ws-ext_0_34_1_21_F_363| () Bool
    true)
  (define-fun |memory_model::choice_ws-ext_1_20_4_13_F_337| () Bool
    true)
  (define-fun |memory_model::choice_rf_1_28_0_74_F_224| () Bool
    false)
  (define-fun |__CPROVER_pipe_count#1$wclk$8| () Int
    (- 61))
  (define-fun |__CPROVER_next_thread_id#1$wclk$8| () Int
    (- 62))
  (define-fun |__CPROVER_memory_leak#1$wclk$8| () Int
    (- 63))
  (define-fun |__CPROVER_malloc_size#1$wclk$8| () Int
    (- 64))
  (define-fun |__CPROVER_malloc_object#1$wclk$8| () Int
    (- 65))
  (define-fun |__CPROVER_malloc_is_new_array#1$wclk$8| () Int
    (- 66))
  (define-fun |__CPROVER_deallocated#1$wclk$8| () Int
    (- 67))
  (define-fun |__CPROVER_dead_object#1$wclk$8| () Int
    (- 68))
  (define-fun |main::1::t1350!0@1$wclk$8| () Int
    (- 69))
  (define-fun |main::1::t1349!0@1$wclk$8| () Int
    (- 70))
  (define-fun |main::1::t1348!0@1$wclk$8| () Int
    (- 71))
  (define-fun |main$tmp_guard1#3| () (_ BitVec 8)
    #xff)
  (define-fun |memory_model::choice_rf_0_77_0_37_F_259| () Bool
    false)
  (define-fun |memory_model::choice_rf_1_4_4_27_F_127| () Bool
    false)
  (define-fun |memory_model::choice_rf_1_4_4_8_F_126| () Bool
    false)
  (define-fun |memory_model::choice_rf_1_4_0_29_F_125| () Bool
    false)
  (define-fun |memory_model::choice_rf_1_6_3_10_F_122| () Bool
    false)
  (define-fun |memory_model::choice_rf_1_6_0_28_F_121| () Bool
    false)
  (define-fun |memory_model::choice_rf_1_2_2_10_F_118| () Bool
    false)
  (define-fun |memory_model::choice_rf_1_2_0_27_F_117| () Bool
    false)
  (define-fun |a$r_buff1_thd1#3| () (_ BitVec 8)
    #xff)
  (define-fun |memory_model::choice_rf_1_3_0_26_F_114| () Bool
    false)
  (define-fun |memory_model::choice_rf_1_7_0_72_F_113| () Bool
    false)
  (define-fun |memory_model::choice_rf_1_7_0_25_F_112| () Bool
    false)
  (define-fun |a$r_buff0_thd0#2| () (_ BitVec 8)
    #x00)
  (define-fun |a$r_buff0_thd4#7| () (_ BitVec 8)
    #x00)
  (define-fun |nondet_symex::nondet4| () (_ BitVec 32)
    #xffffffff)
  (define-fun |__unbuffered_p0_EAX#5| () (_ BitVec 32)
    #x00000000)
  (define-fun |memory_model::choice_rf_1_22_0_13_F_50| () Bool
    true)
  (define-fun |__unbuffered_cnt#14$rclk$8| () Int
    (- 6))
  (define-fun |a#20$rclk$8| () Int
    (- 10))
  (define-fun |a$w_buff1#14$rclk$8| () Int
    (- 10))
  (define-fun |a$w_buff1_used#26$rclk$8| () Int
    (- 10))
  (define-fun |a$w_buff0#16$rclk$8| () Int
    (- 10))
  (define-fun |a$r_buff1_thd4#8$rclk$8| () Int
    (- 10))
  (define-fun |a$r_buff0_thd4#7$rclk$8| () Int
    (- 10))
  (define-fun |a$w_buff0_used#32$rclk$8| () Int
    (- 10))
  (define-fun |a$r_buff1_thd4#10$wclk$8| () Int
    (- 10))
  (define-fun |a$r_buff0_thd4#9$wclk$8| () Int
    (- 10))
  (define-fun |a$w_buff1_used#28$wclk$8| () Int
    (- 10))
  (define-fun |a$w_buff0_used#34$wclk$8| () Int
    (- 10))
  (define-fun |a$w_buff1#11$rclk$8| () Int
    (- 11))
  (define-fun |a$w_buff0#13$rclk$8| () Int
    (- 11))
  (define-fun |a$w_buff1_used#23$rclk$8| () Int
    (- 11))
  (define-fun |a$r_buff1_thd4#5$rclk$8| () Int
    (- 11))
  (define-fun |a$r_buff0_thd4#4$rclk$8| () Int
    (- 11))
  (define-fun |a$w_buff0_used#29$rclk$8| () Int
    (- 11))
  (define-fun |a#16$rclk$8| () Int
    (- 11))
  (define-fun |a$r_buff1_thd4#7$wclk$8| () Int
    (- 11))
  (define-fun |a$r_buff0_thd4#6$wclk$8| () Int
    (- 11))
  (define-fun |a$w_buff1_used#25$wclk$8| () Int
    (- 11))
  (define-fun |a$w_buff0_used#31$wclk$8| () Int
    (- 11))
  (define-fun |a$w_buff1#13$wclk$8| () Int
    (- 11))
  (define-fun |a$w_buff0#15$wclk$8| () Int
    (- 11))
  (define-fun |__unbuffered_p3_EAX#4$wclk$8| () Int
    (- 11))
  (define-fun |a#19$wclk$8| () Int
    (- 11))
  (define-fun |a$flush_delayed#3$wclk$8| () Int
    (- 11))
  (define-fun |a$mem_tmp#2$wclk$8| () Int
    (- 11))
  (define-fun |weak$$choice2#2$wclk$8| () Int
    (- 11))
  (define-fun |__unbuffered_cnt#11$rclk$8| () Int
    (- 5))
  (define-fun |a#13$rclk$8| () Int
    (- 7))
  (define-fun |a$w_buff1#9$rclk$8| () Int
    (- 7))
  (define-fun |a$r_buff1_thd3#5$rclk$8| () Int
    (- 7))
  (define-fun |a$w_buff1_used#20$rclk$8| () Int
    (- 7))
  (define-fun |a$w_buff0#11$rclk$8| () Int
    (- 7))
  (define-fun |a$r_buff0_thd3#4$rclk$8| () Int
    (- 7))
  (define-fun |a$w_buff0_used#26$rclk$8| () Int
    (- 7))
  (define-fun |a$r_buff1_thd3#7$wclk$8| () Int
    (- 7))
  (define-fun |a$r_buff0_thd3#6$wclk$8| () Int
    (- 7))
  (define-fun |a$w_buff1_used#22$wclk$8| () Int
    (- 7))
  (define-fun |a$w_buff0_used#28$wclk$8| () Int
    (- 7))
  (define-fun |z#2$rclk$8| () Int
    (- 13))
  (define-fun |__unbuffered_cnt#8$rclk$8| () Int
    (- 7))
  (define-fun |a#10$rclk$8| () Int
    (- 8))
  (define-fun |a$w_buff1#7$rclk$8| () Int
    (- 8))
  (define-fun |a$r_buff1_thd2#5$rclk$8| () Int
    (- 8))
  (define-fun |a$w_buff1_used#17$rclk$8| () Int
    (- 8))
  (define-fun |a$w_buff0#9$rclk$8| () Int
    (- 8))
  (define-fun |a$r_buff0_thd2#4$rclk$8| () Int
    (- 8))
  (define-fun |a$w_buff0_used#23$rclk$8| () Int
    (- 8))
  (define-fun |a$r_buff1_thd2#7$wclk$8| () Int
    (- 8))
  (define-fun |a$r_buff0_thd2#6$wclk$8| () Int
    (- 8))
  (define-fun |a$w_buff1_used#19$wclk$8| () Int
    (- 8))
  (define-fun |a$w_buff0_used#25$wclk$8| () Int
    (- 8))
  (define-fun |y#2$rclk$8| () Int
    (- 15))
  (define-fun |__unbuffered_cnt#4$rclk$8| () Int
    (- 4))
  (define-fun |a#6$rclk$8| () Int
    (- 9))
  (define-fun |a$w_buff1#5$rclk$8| () Int
    (- 9))
  (define-fun |a$r_buff1_thd1#5$rclk$8| () Int
    (- 9))
  (define-fun |a$w_buff1_used#10$rclk$8| () Int
    (- 9))
  (define-fun |a$w_buff0#7$rclk$8| () Int
    (- 9))
  (define-fun |a$r_buff0_thd1#6$rclk$8| () Int
    (- 9))
  (define-fun |a$w_buff0_used#14$rclk$8| () Int
    (- 9))
  (define-fun |a$r_buff1_thd1#11$wclk$8| () Int
    (- 9))
  (define-fun |a$r_buff0_thd1#14$wclk$8| () Int
    (- 9))
  (define-fun |a$w_buff1_used#16$wclk$8| () Int
    (- 9))
  (define-fun |a$w_buff0_used#22$wclk$8| () Int
    (- 9))
  (define-fun |__unbuffered_p0_EAX#5$rclk$8| () Int
    (- 17))
  (define-fun |x#2$rclk$8| () Int
    (- 17))
  (define-fun |a$r_buff0_thd3#2$rclk$8| () Int
    (- 18))
  (define-fun |a$r_buff0_thd2#2$rclk$8| () Int
    (- 18))
  (define-fun |a$r_buff1_thd2#3$rclk$8| () Int
    (- 18))
  (define-fun |a$r_buff1_thd1#3$rclk$8| () Int
    (- 18))
  (define-fun |a$r_buff1_thd4#3$rclk$8| () Int
    (- 18))
  (define-fun |a$r_buff0_thd4#2$rclk$8| () Int
    (- 18))
  (define-fun |a$r_buff1_thd3#3$rclk$8| () Int
    (- 18))
  (define-fun |a$r_buff1_thd0#10$rclk$8| () Int
    (- 18))
  (define-fun |a$r_buff0_thd1#2$rclk$8| () Int
    (- 18))
  (define-fun |a$r_buff0_thd0#11$rclk$8| () Int
    (- 18))
  (define-fun |a$w_buff0_used#11$rclk$8| () Int
    (- 18))
  (define-fun |a$w_buff0#4$rclk$8| () Int
    (- 18))
  (define-fun |a$r_buff0_thd1#5$wclk$8| () Int
    (- 18))
  (define-fun |a$r_buff1_thd2#4$wclk$8| () Int
    (- 18))
  (define-fun |a$r_buff1_thd1#4$wclk$8| () Int
    (- 18))
  (define-fun |a$r_buff1_thd4#4$wclk$8| () Int
    (- 18))
  (define-fun |a$r_buff1_thd3#4$wclk$8| () Int
    (- 18))
  (define-fun |a$r_buff1_thd0#11$wclk$8| () Int
    (- 18))
  (define-fun |a$w_buff0_used#13$wclk$8| () Int
    (- 18))
  (define-fun |a$w_buff1_used#9$wclk$8| () Int
    (- 18))
  (define-fun |a$w_buff0#6$wclk$8| () Int
    (- 18))
  (define-fun |__unbuffered_p3_EAX#2$rclk$8| () Int
    0)
  (define-fun |__unbuffered_p2_EAX#2$rclk$8| () Int
    0)
  (define-fun |__unbuffered_p1_EAX#2$rclk$8| () Int
    0)
  (define-fun |__unbuffered_p0_EAX#2$rclk$8| () Int
    0)
  (define-fun |a#2$rclk$8| () Int
    (- 1))
  (define-fun |a$w_buff1#2$rclk$8| () Int
    (- 1))
  (define-fun |a$r_buff1_thd0#2$rclk$8| () Int
    (- 1))
  (define-fun |a$w_buff1_used#2$rclk$8| () Int
    (- 1))
  (define-fun |a$w_buff0#2$rclk$8| () Int
    (- 1))
  (define-fun |a$r_buff0_thd0#2$rclk$8| () Int
    (- 1))
  (define-fun |a$w_buff0_used#2$rclk$8| () Int
    (- 1))
  (define-fun |a$r_buff1_thd0#8$wclk$8| () Int
    (- 1))
  (define-fun |a$r_buff0_thd0#10$wclk$8| () Int
    (- 1))
  (define-fun |a$w_buff1_used#8$wclk$8| () Int
    (- 1))
  (define-fun |a$w_buff0_used#10$wclk$8| () Int
    (- 1))
  (define-fun |__unbuffered_cnt#2$rclk$8| () Int
    (- 3))
  (define-fun |__CPROVER_next_thread_id#9$rclk$8| () Int
    (- 15))
  (define-fun |__CPROVER_next_thread_id#6$rclk$8| () Int
    (- 19))
  (define-fun |__CPROVER_next_thread_id#3$rclk$8| () Int
    (- 23))
  (define-fun |memory_model::choice_rf_4_5_0_24_F_107| () Bool
    true)
  (define-fun |a$r_buff0_thd4#4| () (_ BitVec 8)
    #x00)
  (define-fun |memory_model::choice_rf_3_8_0_23_F_103| () Bool
    true)
  (define-fun |a$r_buff0_thd3#4| () (_ BitVec 8)
    #x00)
  (define-fun |memory_model::choice_rf_2_8_0_22_F_100| () Bool
    true)
  (define-fun |a$r_buff0_thd2#4| () (_ BitVec 8)
    #x00)
  (define-fun |__unbuffered_cnt#6| () (_ BitVec 32)
    #x00000004)
  (define-fun |a$r_buff1_thd1#10| () (_ BitVec 8)
    #x00)
  (define-fun |a$r_buff0_thd1#12| () (_ BitVec 8)
    #x01)
  (define-fun |a$w_buff1_used#14| () (_ BitVec 8)
    #x00)
  (define-fun |a$w_buff0_used#18| () (_ BitVec 8)
    #x00)
  (define-fun |a#8| () (_ BitVec 32)
    #x00000001)
  (define-fun |__unbuffered_p0_EAX#4| () (_ BitVec 32)
    #x00000000)
  (define-fun |a$r_buff0_thd1#4| () (_ BitVec 8)
    #x01)
  (define-fun |a$r_buff1_thd4#2| () (_ BitVec 8)
    #x00)
  (define-fun |a$r_buff1_thd3#2| () (_ BitVec 8)
    #x00)
  (define-fun |a$r_buff1_thd2#2| () (_ BitVec 8)
    #x00)
  (define-fun |a$r_buff1_thd1#2| () (_ BitVec 8)
    #x00)
  (define-fun |a$r_buff1_thd0#9| () (_ BitVec 8)
    #x00)
  (define-fun |a$r_buff1_thd0#7| () (_ BitVec 8)
    #x00)
  (define-fun |a$r_buff0_thd0#8| () (_ BitVec 8)
    #x00)
  (define-fun |a$w_buff1_used#6| () (_ BitVec 8)
    #x00)
  (define-fun |a$w_buff0_used#6| () (_ BitVec 8)
    #x00)
  (define-fun |a#4| () (_ BitVec 32)
    #x00000001)
  (define-fun |main::1::t1347!0@1#1| () (_ BitVec 32)
    #x00000000)
  (define-fun |pthread_create::1::this_thread_id!0@1#1| () (_ BitVec 32)
    #x00000000)
  (define-fun |main::1::t1348!0@1#1| () (_ BitVec 32)
    #x00000000)
  (define-fun |pthread_create::1::this_thread_id!0@2#1| () (_ BitVec 32)
    #x00000000)
  (define-fun |main::1::t1349!0@1#1| () (_ BitVec 32)
    #x00000000)
  (define-fun |pthread_create::1::this_thread_id!0@3#1| () (_ BitVec 32)
    #x00000000)
  (define-fun |main::1::t1350!0@1#1| () (_ BitVec 32)
    #x00000000)
  (define-fun |pthread_create::1::this_thread_id!0@4#1| () (_ BitVec 32)
    #x00000000)
  (define-fun |P0::$tmp::return_value___VERIFIER_nondet_pointer$1!1@1#1| () (_ BitVec 32)
    #x00000000)
  (define-fun |P1::$tmp::return_value___VERIFIER_nondet_pointer$1!2@1#1| () (_ BitVec 32)
    #x00000000)
  (define-fun |P2::$tmp::return_value___VERIFIER_nondet_pointer$1!3@1#1| () (_ BitVec 32)
    #x00000000)
  (define-fun |P3::$tmp::return_value___VERIFIER_nondet_pointer$1!4@1#1| () (_ BitVec 32)
    #x00000000)
  (define-fun |P3::$tmp::return_value___VERIFIER_nondet_pointer$2!4@1#1| () (_ BitVec 32)
    #x00000000)
  (define-fun |P3::$tmp::return_value___VERIFIER_nondet_pointer$3!4@1#1| () (_ BitVec 32)
    #x00000000)
  (define-fun |nondet_symex::nondet0| () (_ BitVec 32)
    #x00000000)
  (define-fun |nondet_symex::nondet1| () (_ BitVec 32)
    #x00000000)
  (define-fun |nondet_symex::nondet2| () (_ BitVec 32)
    #x00000000)
  (define-fun |nondet_symex::nondet5| () (_ BitVec 32)
    #x00000000)
  (define-fun |nondet_symex::nondet3| () (_ BitVec 32)
    #x00000000)
  (define-fun |a$r_buff1_thd0#10| () (_ BitVec 8)
    #x00)
  (define-fun |a$r_buff1_thd2#3| () (_ BitVec 8)
    #x00)
  (define-fun |a$r_buff1_thd3#3| () (_ BitVec 8)
    #x00)
  (define-fun |a$r_buff1_thd4#3| () (_ BitVec 8)
    #x00)
  (define-fun |main::1::t1347!0@1| () (_ BitVec 32)
    #x00000000)
  (define-fun |main::1::t1348!0@1| () (_ BitVec 32)
    #x00000000)
  (define-fun |main::1::t1349!0@1| () (_ BitVec 32)
    #x00000000)
  (define-fun |main::1::t1350!0@1| () (_ BitVec 32)
    #x00000000)
)
(:added-eqs               8438
 :arith-add-rows          21772
 :arith-assert-lower      722
 :arith-assert-upper      716
 :arith-bound-prop        369
 :arith-conflicts         9
 :arith-eq-adapter        1
 :arith-offset-eqs        1
 :arith-pivots            417
 :array-ax1               4
 :array-ax2               6
 :array-def-store         4
 :array-exp-ax2           2
 :binary-propagations     13063
 :bv-bit2core             22897
 :bv-diseqs               6
 :bv-dynamic-diseqs       164
 :bv->core-eq             58
 :conflicts               189
 :decisions               799
 :del-clause              1858
 :eliminated-applications 41
 :eliminated-vars         134
 :final-checks            3
 :max-memory              8.98
 :memory                  5.30
 :minimized-lits          536
 :mk-bool-var             4518
 :mk-clause               3652
 :num-allocs              16234470
 :num-checks              1
 :propagations            21266
 :restarts                1
 :rlimit-count            1778790
 :time                    0.07
 :total-time              0.09)

real	0m0.097s
user	0m0.094s
sys	0m0.003s
State: AC Run_time: 0.09938240051269531