num of guard = 5
num of elim = 127
num of guard = 5
num of elim = 0
sat
((|B0| true))
((|B1| true))
((|B10| true))
((|B100| true))
((|B101| true))
((|B102| true))
((|B103| true))
((|B104| true))
((|B105| true))
((|B106| true))
((|B107| true))
((|B108| true))
((|B109| true))
((|B11| true))
((|B110| true))
((|B111| true))
((|B112| true))
((|B113| true))
((|B114| true))
((|B115| true))
((|B116| true))
((|B117| true))
((|B118| true))
((|B119| true))
((|B12| true))
((|B120| true))
((|B121| true))
((|B122| true))
((|B123| true))
((|B124| true))
((|B125| true))
((|B126| true))
((|B127| true))
((|B128| true))
((|B129| true))
((|B13| true))
((|B130| true))
((|B131| true))
((|B132| true))
((|B133| true))
((|B134| true))
((|B135| true))
((|B136| true))
((|B137| true))
((|B138| true))
((|B139| true))
((|B14| true))
((|B140| true))
((|B141| true))
((|B142| true))
((|B143| true))
((|B144| true))
((|B145| true))
((|B146| true))
((|B147| true))
((|B148| true))
((|B149| true))
((|B15| true))
((|B150| true))
((|B151| true))
((|B152| true))
((|B153| true))
((|B154| true))
((|B155| true))
((|B156| true))
((|B157| true))
((|B158| true))
((|B159| true))
((|B16| true))
((|B160| true))
((|B161| true))
((|B162| true))
((|B163| true))
((|B164| true))
((|B165| true))
((|B166| false))
((|B167| true))
((|B168| true))
((|B169| false))
((|B17| true))
((|B170| false))
((|B171| false))
((|B172| true))
((|B173| true))
((|B174| true))
((|B175| true))
((|B176| true))
((|B177| true))
((|B178| true))
((|B179| false))
((|B18| true))
((|B180| true))
((|B181| true))
((|B182| true))
((|B183| true))
((|B184| true))
((|B185| true))
((|B186| true))
((|B187| true))
((|B188| true))
((|B189| true))
((|B19| true))
((|B190| true))
((|B191| true))
((|B192| true))
((|B193| true))
((|B194| true))
((|B195| true))
((|B196| true))
((|B197| true))
((|B198| true))
((|B199| true))
((|B2| true))
((|B20| true))
((|B200| true))
((|B201| true))
((|B202| false))
((|B203| false))
((|B204| false))
((|B205| false))
((|B206| false))
((|B207| false))
((|B208| false))
((|B209| true))
((|B21| true))
((|B210| true))
((|B211| true))
((|B212| true))
((|B213| true))
((|B214| true))
((|B215| true))
((|B216| true))
((|B217| true))
((|B218| true))
((|B219| true))
((|B22| true))
((|B220| true))
((|B221| true))
((|B222| true))
((|B223| true))
((|B224| true))
((|B225| true))
((|B226| true))
((|B227| true))
((|B228| true))
((|B229| true))
((|B23| true))
((|B230| true))
((|B231| true))
((|B232| true))
((|B233| true))
((|B234| true))
((|B235| true))
((|B236| true))
((|B237| true))
((|B238| true))
((|B239| true))
((|B24| true))
((|B240| true))
((|B241| true))
((|B242| true))
((|B243| true))
((|B244| true))
((|B245| true))
((|B246| true))
((|B247| true))
((|B248| true))
((|B249| true))
((|B25| true))
((|B250| true))
((|B251| true))
((|B252| true))
((|B253| true))
((|B254| true))
((|B255| true))
((|B256| true))
((|B257| true))
((|B258| true))
((|B259| true))
((|B26| true))
((|B260| true))
((|B261| true))
((|B262| true))
((|B263| true))
((|B264| true))
((|B265| true))
((|B266| true))
((|B267| true))
((|B268| true))
((|B269| true))
((|B27| true))
((|B270| true))
((|B271| true))
((|B272| true))
((|B273| true))
((|B274| true))
((|B275| true))
((|B276| true))
((|B277| true))
((|B278| true))
((|B279| true))
((|B28| true))
((|B280| true))
((|B281| true))
((|B282| true))
((|B283| true))
((|B284| true))
((|B285| true))
((|B286| true))
((|B287| true))
((|B288| true))
((|B289| true))
((|B29| true))
((|B290| true))
((|B291| true))
((|B292| true))
((|B293| true))
((|B294| true))
((|B295| true))
((|B296| true))
((|B297| true))
((|B298| true))
((|B299| true))
((|B3| true))
((|B30| true))
((|B300| true))
((|B301| true))
((|B302| true))
((|B303| true))
((|B304| true))
((|B305| true))
((|B306| true))
((|B307| true))
((|B308| true))
((|B309| true))
((|B31| true))
((|B310| true))
((|B311| true))
((|B312| true))
((|B313| true))
((|B314| true))
((|B315| true))
((|B316| true))
((|B317| true))
((|B318| true))
((|B319| true))
((|B32| true))
((|B320| true))
((|B321| true))
((|B322| true))
((|B323| true))
((|B324| true))
((|B325| true))
((|B326| true))
((|B327| true))
((|B328| true))
((|B329| true))
((|B33| true))
((|B330| true))
((|B331| true))
((|B332| true))
((|B333| true))
((|B334| true))
((|B335| false))
((|B336| true))
((|B337| false))
((|B338| true))
((|B34| true))
((|B35| true))
((|B36| true))
((|B37| true))
((|B38| true))
((|B39| true))
((|B4| true))
((|B40| true))
((|B41| true))
((|B42| true))
((|B43| true))
((|B44| true))
((|B45| true))
((|B46| true))
((|B47| true))
((|B48| true))
((|B49| true))
((|B5| true))
((|B50| true))
((|B51| true))
((|B52| true))
((|B53| true))
((|B54| true))
((|B55| true))
((|B56| true))
((|B57| true))
((|B58| true))
((|B59| true))
((|B6| true))
((|B60| true))
((|B61| true))
((|B62| true))
((|B63| true))
((|B64| true))
((|B65| true))
((|B66| true))
((|B67| true))
((|B68| true))
((|B69| true))
((|B7| true))
((|B70| true))
((|B71| true))
((|B72| true))
((|B73| true))
((|B74| true))
((|B75| true))
((|B76| true))
((|B77| true))
((|B78| true))
((|B79| true))
((|B8| true))
((|B80| true))
((|B81| true))
((|B82| true))
((|B83| true))
((|B84| true))
((|B85| true))
((|B86| true))
((|B87| true))
((|B88| true))
((|B89| true))
((|B9| true))
((|B90| true))
((|B91| true))
((|B92| true))
((|B93| true))
((|B94| true))
((|B95| true))
((|B96| true))
((|B97| true))
((|B98| true))
((|B99| true))
((|P0#return_value!1#1| #x00000000))
((|P0#return_value!1#2| #x00000000))
((|P0#return_value!2#1| #x00000000))
((|P0#return_value!3#1| #x00000000))
((|P0#return_value!4#1| #x00000000))
((|P0::$tmp::return_value___VERIFIER_nondet_pointer$1!1@1#1| #x00000000))
((|P0::$tmp::return_value___VERIFIER_nondet_pointer$1!1@1#2| #x00000000))
((|P0::arg!1@1#1| #x00000000))
((|P1#return_value!1#1| #x00000000))
((|P1#return_value!2#1| #x00000000))
((|P1#return_value!2#2| #x00000000))
((|P1#return_value!3#1| #x00000000))
((|P1#return_value!4#1| #x00000000))
((|P1::$tmp::return_value___VERIFIER_nondet_pointer$1!2@1#1| #x00000000))
((|P1::$tmp::return_value___VERIFIER_nondet_pointer$1!2@1#2| #x00000000))
((|P1::arg!2@1#1| #x00000000))
((|P2#return_value!1#1| #x00000000))
((|P2#return_value!2#1| #x00000000))
((|P2#return_value!3#1| #x00000000))
((|P2#return_value!3#2| #x00000000))
((|P2#return_value!4#1| #x00000000))
((|P2::$tmp::return_value___VERIFIER_nondet_pointer$1!3@1#1| #x00000000))
((|P2::$tmp::return_value___VERIFIER_nondet_pointer$1!3@1#2| #x00000000))
((|P2::arg!3@1#1| #x00000000))
((|P3#return_value!1#1| #x00000000))
((|P3#return_value!2#1| #x00000000))
((|P3#return_value!3#1| #x00000000))
((|P3#return_value!4#1| #x00000000))
((|P3#return_value!4#2| #x00000000))
((|P3::$tmp::return_value___VERIFIER_nondet_pointer$1!4@1#1| #x00000000))
((|P3::$tmp::return_value___VERIFIER_nondet_pointer$1!4@1#2| #x00000000))
((|P3::arg!4@1#1| #x00000000))
((|__CPROVER_dead_object#1| #x00000000))
((|__CPROVER_dead_object#1$wclk$8| (- 72)))
((|__CPROVER_deallocated#1| #x00000000))
((|__CPROVER_deallocated#1$wclk$8| (- 71)))
((|__CPROVER_malloc_is_new_array#1| false))
((|__CPROVER_malloc_is_new_array#1$wclk$8| (- 70)))
((|__CPROVER_malloc_object#1| #x00000000))
((|__CPROVER_malloc_object#1$wclk$8| (- 69)))
((|__CPROVER_malloc_size#1| #x00000000))
((|__CPROVER_malloc_size#1$wclk$8| (- 68)))
((|__CPROVER_memory_leak#1| #x00000000))
((|__CPROVER_memory_leak#1$wclk$8| (- 67)))
((|__CPROVER_next_thread_id#1| #x00000000))
((|__CPROVER_next_thread_id#1$wclk$8| (- 66)))
((|__CPROVER_next_thread_id#10| #x00000003))
((|__CPROVER_next_thread_id#11| #x00000004))
((|__CPROVER_next_thread_id#11$wclk$8| (- 19)))
((|__CPROVER_next_thread_id#2| #x00000001))
((|__CPROVER_next_thread_id#2$wclk$8| (- 31)))
((|__CPROVER_next_thread_id#3| #x00000001))
((|__CPROVER_next_thread_id#3$rclk$8| (- 27)))
((|__CPROVER_next_thread_id#4| #x00000001))
((|__CPROVER_next_thread_id#5| #x00000002))
((|__CPROVER_next_thread_id#5$wclk$8| (- 27)))
((|__CPROVER_next_thread_id#6| #x00000002))
((|__CPROVER_next_thread_id#6$rclk$8| (- 23)))
((|__CPROVER_next_thread_id#7| #x00000002))
((|__CPROVER_next_thread_id#8| #x00000003))
((|__CPROVER_next_thread_id#8$wclk$8| (- 23)))
((|__CPROVER_next_thread_id#9| #x00000003))
((|__CPROVER_next_thread_id#9$rclk$8| (- 19)))
((|__CPROVER_pipe_count#1| #x00000000))
((|__CPROVER_pipe_count#1$wclk$8| (- 65)))
((|__CPROVER_rounding_mode!0#1| #x00000000))
((|__CPROVER_rounding_mode!1#1| #x00000000))
((|__CPROVER_rounding_mode!2#1| #x00000000))
((|__CPROVER_rounding_mode!3#1| #x00000000))
((|__CPROVER_rounding_mode!4#1| #x00000000))
((|__CPROVER_thread_id!0#1| #x00000000))
((|__CPROVER_thread_id!1#1| #x00000000))
((|__CPROVER_thread_id!1#2| #x10000000))
((|__CPROVER_thread_id!2#1| #x00000000))
((|__CPROVER_thread_id!2#2| #x00000000))
((|__CPROVER_thread_id!3#1| #x00000000))
((|__CPROVER_thread_id!3#2| #x00000000))
((|__CPROVER_thread_id!4#1| #x00000000))
((|__CPROVER_thread_id!4#2| #x00008000))
((|__CPROVER_threads_exited#1| (lambda ((x!1 (_ BitVec 32))) (= x!1 #x00000000))))
((|__CPROVER_threads_exited#1$wclk$8| (- 64)))
((|__CPROVER_threads_exited#2| (lambda ((x!1 (_ BitVec 32))) (= x!1 #x00000000))))
((|__CPROVER_threads_exited#2$rclk$8| (- 6)))
((|__CPROVER_threads_exited#3| (store (lambda ((x!1 (_ BitVec 32))) (= x!1 #x00000000)) #x10000000 true)))
((|__CPROVER_threads_exited#3$wclk$8| 1))
((|__CPROVER_threads_exited#4| (lambda ((x!1 (_ BitVec 32))) (= x!1 #x00000000))))
((|__CPROVER_threads_exited#4$rclk$8| (- 7)))
((|__CPROVER_threads_exited#5| (store (lambda ((x!1 (_ BitVec 32))) (= x!1 #x00000000)) #x00000000 true)))
((|__CPROVER_threads_exited#5$wclk$8| (- 3)))
((|__CPROVER_threads_exited#6| (lambda ((x!1 (_ BitVec 32))) (= x!1 #x00000000))))
((|__CPROVER_threads_exited#6$rclk$8| (- 4)))
((|__CPROVER_threads_exited#7| (store (lambda ((x!1 (_ BitVec 32))) (= x!1 #x00000000)) #x00000000 true)))
((|__CPROVER_threads_exited#7$wclk$8| (- 2)))
((|__CPROVER_threads_exited#8| (lambda ((x!1 (_ BitVec 32))) (= x!1 #x00000000))))
((|__CPROVER_threads_exited#8$rclk$8| (- 1)))
((|__CPROVER_threads_exited#9| (store (lambda ((x!1 (_ BitVec 32))) (= x!1 #x00000000)) #x00008000 true)))
((|__CPROVER_threads_exited#9$wclk$8| 0))
((|__VERIFIER_assert::expression!0@1#1| #x00000000))
((|__VERIFIER_assert::expression!4@1#1| #x00000001))
((|__VERIFIER_nondet_pointer#return_value!1#1| #x00000000))
((|__VERIFIER_nondet_pointer#return_value!2#1| #x00000000))
((|__VERIFIER_nondet_pointer#return_value!3#1| #x00000000))
((|__VERIFIER_nondet_pointer#return_value!4#1| #x00000000))
((|__unbuffered_cnt#1| #x00000000))
((|__unbuffered_cnt#1$wclk$8| (- 63)))
((|__unbuffered_cnt#10| #x00000002))
((|__unbuffered_cnt#10$rclk$8| (- 5)))
((|__unbuffered_cnt#11| #x00000002))
((|__unbuffered_cnt#12| #x00000003))
((|__unbuffered_cnt#12$wclk$8| (- 5)))
((|__unbuffered_cnt#13| #x00000003))
((|__unbuffered_cnt#13$rclk$8| (- 4)))
((|__unbuffered_cnt#14| #x00000003))
((|__unbuffered_cnt#15| #x00000004))
((|__unbuffered_cnt#16| #x00000004))
((|__unbuffered_cnt#16$wclk$8| (- 4)))
((|__unbuffered_cnt#2| #x00000004))
((|__unbuffered_cnt#2$rclk$8| (- 3)))
((|__unbuffered_cnt#3| #x00000004))
((|__unbuffered_cnt#4| #x00000001))
((|__unbuffered_cnt#4$rclk$8| (- 7)))
((|__unbuffered_cnt#5| #x00000001))
((|__unbuffered_cnt#6| #x00000002))
((|__unbuffered_cnt#6$wclk$8| (- 7)))
((|__unbuffered_cnt#7| #x00000000))
((|__unbuffered_cnt#7$rclk$8| (- 8)))
((|__unbuffered_cnt#8| #x00000000))
((|__unbuffered_cnt#9| #x00000001))
((|__unbuffered_cnt#9$wclk$8| (- 8)))
((|__unbuffered_p0_EAX#1| #x00000000))
((|__unbuffered_p0_EAX#1$wclk$8| (- 62)))
((|__unbuffered_p0_EAX#2| #x00000000))
((|__unbuffered_p0_EAX#2$rclk$8| 0))
((|__unbuffered_p0_EAX#3| #x00000000))
((|__unbuffered_p0_EAX#4| #x00000000))
((|__unbuffered_p0_EAX#4$wclk$8| (- 11)))
((|__unbuffered_p3_EAX#1| #x00000000))
((|__unbuffered_p3_EAX#1$wclk$8| (- 61)))
((|__unbuffered_p3_EAX#2| #x00000001))
((|__unbuffered_p3_EAX#2$rclk$8| 0))
((|__unbuffered_p3_EAX#3| #x00000001))
((|__unbuffered_p3_EAX#4| #x00000001))
((|__unbuffered_p3_EAX#5| #xffffffff))
((|__unbuffered_p3_EAX#5$rclk$8| (- 14)))
((|__unbuffered_p3_EAX#6| #x00000001))
((|__unbuffered_p3_EAX#6$wclk$8| (- 14)))
((|__unbuffered_p3_EBX#1| #x00000000))
((|__unbuffered_p3_EBX#1$wclk$8| (- 60)))
((|__unbuffered_p3_EBX#2| #x00000000))
((|__unbuffered_p3_EBX#2$rclk$8| 0))
((|__unbuffered_p3_EBX#3| #x00000000))
((|__unbuffered_p3_EBX#4| #x00000000))
((|__unbuffered_p3_EBX#5| #xffffffff))
((|__unbuffered_p3_EBX#5$rclk$8| (- 13)))
((|__unbuffered_p3_EBX#6| #x00000000))
((|__unbuffered_p3_EBX#6$wclk$8| (- 13)))
((|a#1| #x00000000))
((|a#1$wclk$8| (- 59)))
((|a#2| #x00000001))
((|a#3| #xffffffff))
((|a#3$rclk$8| (- 15)))
((|a#4| #x00000001))
((|a#4$wclk$8| (- 15)))
((|a#5| #x00000001))
((|a#5$rclk$8| (- 14)))
((|a#6| #x00000001))
((|b#1| #x00000000))
((|b#1$wclk$8| (- 58)))
((|b#2| #x00000001))
((|b#2$wclk$8| (- 12)))
((|b#3| #x00000000))
((|b#3$rclk$8| (- 13)))
((|b#4| #x00000000))
((|goto_symex::&92;guard#1| true))
((|goto_symex::&92;guard#2| false))
((|main#return_value!0#1| #x00000000))
((|main#return_value!1#1| #x00000000))
((|main#return_value!2#1| #x00000000))
((|main#return_value!3#1| #x00000000))
((|main#return_value!4#1| #x00000000))
((|main$tmp_guard0#1| #x00))
((|main$tmp_guard0#1$wclk$8| (- 57)))
((|main$tmp_guard0#2| #x01))
((|main$tmp_guard0#2$wclk$8| (- 3)))
((|main$tmp_guard0#3| #x01))
((|main$tmp_guard0#3$rclk$8| (- 2)))
((|main$tmp_guard1#1| #x00))
((|main$tmp_guard1#1$wclk$8| (- 56)))
((|main$tmp_guard1#2| #x00))
((|main$tmp_guard1#3| #xff))
((|main$tmp_guard1#3$rclk$8| 0))
((|main$tmp_guard1#4| #x00))
((|main$tmp_guard1#4$wclk$8| 0))
((|main$tmp_guard1#5| #x00))
((|main$tmp_guard1#5$rclk$8| 1))
((|main$tmp_guard1#6| #x00))
((|main$tmp_guard1#6$rclk$8| 2))
((|main::$tmp::return_value___VERIFIER_nondet_pointer$1!0@1#1| #x00000000))
((|main::$tmp::return_value___VERIFIER_nondet_pointer$1!0@1#2| #x00000000))
((|main::$tmp::return_value___VERIFIER_nondet_pointer$2!0@1#1| #x00000000))
((|main::$tmp::return_value___VERIFIER_nondet_pointer$2!0@1#2| #xffffffff))
((|main::1::t1239!0@1| #x00000000))
((|main::1::t1239!0@1#1| #x00000000))
((|main::1::t1239!0@1#1$wclk$8| (- 32)))
((|main::1::t1239!0@1#2| #x00000001))
((|main::1::t1239!0@1#2$wclk$8| (- 30)))
((|main::1::t1240!0@1| #x00000000))
((|main::1::t1240!0@1#1| #x00000000))
((|main::1::t1240!0@1#1$wclk$8| (- 28)))
((|main::1::t1240!0@1#2| #x00000002))
((|main::1::t1240!0@1#2$wclk$8| (- 26)))
((|main::1::t1240!0@1$wclk$8| (- 75)))
((|main::1::t1241!0@1| #x00000000))
((|main::1::t1241!0@1#1| #x00000000))
((|main::1::t1241!0@1#1$wclk$8| (- 24)))
((|main::1::t1241!0@1#2| #x00000003))
((|main::1::t1241!0@1#2$wclk$8| (- 22)))
((|main::1::t1241!0@1$wclk$8| (- 74)))
((|main::1::t1242!0@1| #x00000000))
((|main::1::t1242!0@1#1| #x00000000))
((|main::1::t1242!0@1#1$wclk$8| (- 20)))
((|main::1::t1242!0@1#2| #x00000004))
((|main::1::t1242!0@1#2$wclk$8| (- 18)))
((|main::1::t1242!0@1$wclk$8| (- 73)))
((|memory_model::choice_rf_0_105_0_100_F_65| true))
((|memory_model::choice_rf_0_105_0_19_F_64| false))
((|memory_model::choice_rf_0_106_0_100_F_67| true))
((|memory_model::choice_rf_0_106_0_19_F_66| false))
((|memory_model::choice_rf_0_48_0_44_T_17| true))
((|memory_model::choice_rf_0_48_0_9_T_16| false))
((|memory_model::choice_rf_0_53_0_44_T_19| false))
((|memory_model::choice_rf_0_53_0_49_T_20| true))
((|memory_model::choice_rf_0_53_0_9_T_18| false))
((|memory_model::choice_rf_0_58_0_44_T_22| false))
((|memory_model::choice_rf_0_58_0_49_T_23| false))
((|memory_model::choice_rf_0_58_0_54_T_24| true))
((|memory_model::choice_rf_0_58_0_9_T_21| false))
((|memory_model::choice_rf_0_62_0_12_F_27| false))
((|memory_model::choice_rf_0_62_1_4_F_28| false))
((|memory_model::choice_rf_0_62_2_3_F_29| false))
((|memory_model::choice_rf_0_62_3_15_F_30| false))
((|memory_model::choice_rf_0_62_4_43_F_31| true))
((|memory_model::choice_rf_0_64_0_18_F_61| false))
((|memory_model::choice_rf_0_64_0_63_F_62| true))
((|memory_model::choice_rf_0_65_0_24_F_71| false))
((|memory_model::choice_rf_0_65_3_13_F_73| false))
((|memory_model::choice_rf_0_65_3_1_F_72| false))
((|memory_model::choice_rf_0_65_4_41_F_74| true))
((|memory_model::choice_rf_0_66_0_41_F_158| false))
((|memory_model::choice_rf_0_66_4_21_F_159| true))
((|memory_model::choice_rf_0_67_0_42_F_168| false))
((|memory_model::choice_rf_0_67_3_10_F_169| false))
((|memory_model::choice_rf_0_67_4_19_F_170| false))
((|memory_model::choice_rf_0_67_4_38_F_171| true))
((|memory_model::choice_rf_0_68_0_39_F_123| false))
((|memory_model::choice_rf_0_68_4_20_F_124| true))
((|memory_model::choice_rf_0_69_0_32_F_106| false))
((|memory_model::choice_rf_0_69_4_15_F_107| true))
((|memory_model::choice_rf_0_70_0_27_F_92| true))
((|memory_model::choice_rf_0_71_0_40_F_135| false))
((|memory_model::choice_rf_0_71_3_12_F_136| false))
((|memory_model::choice_rf_0_71_4_18_F_137| false))
((|memory_model::choice_rf_0_71_4_40_F_138| true))
((|memory_model::choice_rf_0_77_0_19_F_63| false))
((|memory_model::choice_rf_0_78_0_15_F_53| false))
((|memory_model::choice_rf_0_78_4_29_F_54| true))
((|memory_model::choice_rf_0_79_0_14_F_50| false))
((|memory_model::choice_rf_0_79_4_26_F_51| true))
((|memory_model::choice_rf_0_80_0_20_F_187| false))
((|memory_model::choice_rf_0_81_0_21_F_188| false))
((|memory_model::choice_rf_0_82_0_25_F_90| true))
((|memory_model::choice_rf_0_83_0_24_F_75| false))
((|memory_model::choice_rf_0_83_0_76_F_76| true))
((|memory_model::choice_rf_0_83_3_13_F_78| false))
((|memory_model::choice_rf_0_83_3_1_F_77| false))
((|memory_model::choice_rf_0_83_4_41_F_79| false))
((|memory_model::choice_rf_0_84_0_23_F_68| false))
((|memory_model::choice_rf_0_84_2_1_F_69| false))
((|memory_model::choice_rf_0_84_3_0_F_70| true))
((|memory_model::choice_rf_0_85_0_40_F_139| false))
((|memory_model::choice_rf_0_85_0_75_F_140| true))
((|memory_model::choice_rf_0_85_3_12_F_141| false))
((|memory_model::choice_rf_0_85_4_18_F_142| false))
((|memory_model::choice_rf_0_85_4_40_F_143| false))
((|memory_model::choice_rf_0_86_0_27_F_93| false))
((|memory_model::choice_rf_0_86_0_73_F_94| true))
((|memory_model::choice_rf_0_87_0_32_F_108| false))
((|memory_model::choice_rf_0_87_0_72_F_109| true))
((|memory_model::choice_rf_0_87_4_15_F_110| false))
((|memory_model::choice_rf_0_88_0_42_F_172| false))
((|memory_model::choice_rf_0_88_0_74_F_173| true))
((|memory_model::choice_rf_0_88_3_10_F_174| false))
((|memory_model::choice_rf_0_88_4_19_F_175| false))
((|memory_model::choice_rf_0_88_4_38_F_176| false))
((|memory_model::choice_rf_0_89_0_39_F_125| false))
((|memory_model::choice_rf_0_89_4_20_F_126| true))
((|memory_model::choice_rf_0_90_0_26_F_91| false))
((|memory_model::choice_rf_0_91_0_13_F_48| false))
((|memory_model::choice_rf_0_91_1_2_F_49| true))
((|memory_model::choice_rf_0_92_0_41_F_160| false))
((|memory_model::choice_rf_0_92_4_21_F_161| true))
((|memory_model::choice_rf_1_1_0_22_F_25| true))
((|memory_model::choice_rf_1_1_2_0_F_26| false))
((|memory_model::choice_rf_1_3_0_12_F_32| false))
((|memory_model::choice_rf_1_3_2_3_F_33| true))
((|memory_model::choice_rf_1_3_3_15_F_34| false))
((|memory_model::choice_rf_1_3_4_43_F_35| false))
((|memory_model::choice_rf_1_5_0_11_T_0| true))
((|memory_model::choice_rf_1_5_2_5_T_1| false))
((|memory_model::choice_rf_1_5_3_17_T_2| false))
((|memory_model::choice_rf_1_5_4_45_T_3| false))
((|memory_model::choice_rf_2_2_0_12_F_36| true))
((|memory_model::choice_rf_2_2_1_4_F_37| false))
((|memory_model::choice_rf_2_2_3_15_F_38| false))
((|memory_model::choice_rf_2_2_4_43_F_39| false))
((|memory_model::choice_rf_2_4_0_11_T_4| true))
((|memory_model::choice_rf_2_4_1_6_T_5| false))
((|memory_model::choice_rf_2_4_3_17_T_6| false))
((|memory_model::choice_rf_2_4_4_45_T_7| false))
((|memory_model::choice_rf_3_14_0_12_F_40| false))
((|memory_model::choice_rf_3_14_1_4_F_41| true))
((|memory_model::choice_rf_3_14_2_3_F_42| false))
((|memory_model::choice_rf_3_14_4_43_F_43| false))
((|memory_model::choice_rf_3_16_0_11_T_8| true))
((|memory_model::choice_rf_3_16_1_6_T_9| false))
((|memory_model::choice_rf_3_16_2_5_T_10| false))
((|memory_model::choice_rf_3_16_4_45_T_11| false))
((|memory_model::choice_rf_3_2_0_24_F_80| false))
((|memory_model::choice_rf_3_2_0_76_F_81| false))
((|memory_model::choice_rf_3_2_0_99_F_82| false))
((|memory_model::choice_rf_3_2_3_1_F_83| true))
((|memory_model::choice_rf_3_2_4_41_F_84| false))
((|memory_model::choice_rf_3_3_0_41_F_162| false))
((|memory_model::choice_rf_3_3_0_97_F_163| false))
((|memory_model::choice_rf_3_3_4_21_F_164| true))
((|memory_model::choice_rf_3_4_0_35_F_116| false))
((|memory_model::choice_rf_3_4_4_17_F_117| true))
((|memory_model::choice_rf_3_5_0_42_F_177| false))
((|memory_model::choice_rf_3_5_0_74_F_178| false))
((|memory_model::choice_rf_3_5_0_95_F_179| false))
((|memory_model::choice_rf_3_5_4_19_F_180| true))
((|memory_model::choice_rf_3_5_4_38_F_181| false))
((|memory_model::choice_rf_3_6_0_39_F_127| false))
((|memory_model::choice_rf_3_6_0_98_F_128| false))
((|memory_model::choice_rf_3_6_4_20_F_129| true))
((|memory_model::choice_rf_3_7_0_30_F_100| true))
((|memory_model::choice_rf_3_8_0_40_F_144| false))
((|memory_model::choice_rf_3_8_0_75_F_145| false))
((|memory_model::choice_rf_3_8_0_96_F_146| false))
((|memory_model::choice_rf_3_8_4_18_F_147| true))
((|memory_model::choice_rf_3_8_4_40_F_148| false))
((|memory_model::choice_rf_4_0_0_36_F_120| false))
((|memory_model::choice_rf_4_10_0_40_F_149| true))
((|memory_model::choice_rf_4_10_0_75_F_150| false))
((|memory_model::choice_rf_4_10_0_96_F_151| false))
((|memory_model::choice_rf_4_10_3_12_F_152| false))
((|memory_model::choice_rf_4_11_0_39_F_130| true))
((|memory_model::choice_rf_4_11_0_98_F_131| false))
((|memory_model::choice_rf_4_1_0_31_F_103| true))
((|memory_model::choice_rf_4_22_0_16_F_56| false))
((|memory_model::choice_rf_4_24_0_14_F_52| false))
((|memory_model::choice_rf_4_25_0_16_F_57| false))
((|memory_model::choice_rf_4_25_4_23_F_58| true))
((|memory_model::choice_rf_4_27_0_15_F_55| false))
((|memory_model::choice_rf_4_28_0_17_F_59| true))
((|memory_model::choice_rf_4_28_1_0_F_60| false))
((|memory_model::choice_rf_4_2_0_35_F_118| false))
((|memory_model::choice_rf_4_2_3_11_F_119| false))
((|memory_model::choice_rf_4_30_0_41_F_165| false))
((|memory_model::choice_rf_4_30_0_97_F_166| false))
((|memory_model::choice_rf_4_30_4_21_F_167| true))
((|memory_model::choice_rf_4_31_0_24_F_85| false))
((|memory_model::choice_rf_4_31_0_76_F_86| false))
((|memory_model::choice_rf_4_31_0_99_F_87| false))
((|memory_model::choice_rf_4_31_3_13_F_89| true))
((|memory_model::choice_rf_4_31_3_1_F_88| false))
((|memory_model::choice_rf_4_32_0_36_F_121| false))
((|memory_model::choice_rf_4_32_4_16_F_122| true))
((|memory_model::choice_rf_4_33_0_42_F_182| false))
((|memory_model::choice_rf_4_33_0_74_F_183| false))
((|memory_model::choice_rf_4_33_0_95_F_184| false))
((|memory_model::choice_rf_4_33_3_10_F_185| true))
((|memory_model::choice_rf_4_33_4_19_F_186| false))
((|memory_model::choice_rf_4_34_0_39_F_132| false))
((|memory_model::choice_rf_4_34_0_98_F_133| false))
((|memory_model::choice_rf_4_34_4_20_F_134| true))
((|memory_model::choice_rf_4_35_0_31_F_104| false))
((|memory_model::choice_rf_4_35_4_14_F_105| true))
((|memory_model::choice_rf_4_36_0_40_F_153| false))
((|memory_model::choice_rf_4_36_0_75_F_154| false))
((|memory_model::choice_rf_4_36_0_96_F_155| false))
((|memory_model::choice_rf_4_36_3_12_F_156| true))
((|memory_model::choice_rf_4_36_4_18_F_157| false))
((|memory_model::choice_rf_4_3_0_30_F_101| true))
((|memory_model::choice_rf_4_3_3_9_F_102| false))
((|memory_model::choice_rf_4_42_0_12_F_44| false))
((|memory_model::choice_rf_4_42_1_4_F_45| false))
((|memory_model::choice_rf_4_42_2_3_F_46| false))
((|memory_model::choice_rf_4_42_3_15_F_47| true))
((|memory_model::choice_rf_4_44_0_11_T_12| false))
((|memory_model::choice_rf_4_44_1_6_T_13| false))
((|memory_model::choice_rf_4_44_2_5_T_14| false))
((|memory_model::choice_rf_4_44_3_17_T_15| true))
((|memory_model::choice_rf_4_4_0_34_F_115| false))
((|memory_model::choice_rf_4_5_0_29_F_99| true))
((|memory_model::choice_rf_4_6_0_33_F_114| false))
((|memory_model::choice_rf_4_7_0_28_F_98| true))
((|memory_model::choice_rf_4_8_0_32_F_111| false))
((|memory_model::choice_rf_4_8_0_72_F_112| false))
((|memory_model::choice_rf_4_8_0_93_F_113| false))
((|memory_model::choice_rf_4_9_0_27_F_95| true))
((|memory_model::choice_rf_4_9_0_73_F_96| false))
((|memory_model::choice_rf_4_9_0_94_F_97| false))
((|memory_model::choice_ws-ext_0_11_1_6_T_189| true))
((|memory_model::choice_ws-ext_0_11_2_5_T_190| true))
((|memory_model::choice_ws-ext_0_11_3_17_T_191| true))
((|memory_model::choice_ws-ext_0_11_4_45_T_192| true))
((|memory_model::choice_ws-ext_0_12_1_4_F_200| true))
((|memory_model::choice_ws-ext_0_12_2_3_F_201| true))
((|memory_model::choice_ws-ext_0_12_3_15_F_202| true))
((|memory_model::choice_ws-ext_0_12_4_43_F_203| true))
((|memory_model::choice_ws-ext_0_13_1_2_F_210| true))
((|memory_model::choice_ws-ext_0_14_4_26_F_211| true))
((|memory_model::choice_ws-ext_0_15_4_29_F_212| true))
((|memory_model::choice_ws-ext_0_16_4_23_F_213| true))
((|memory_model::choice_ws-ext_0_17_1_0_F_214| true))
((|memory_model::choice_ws-ext_0_22_2_0_F_199| true))
((|memory_model::choice_ws-ext_0_23_2_1_F_215| true))
((|memory_model::choice_ws-ext_0_23_3_0_F_216| true))
((|memory_model::choice_ws-ext_0_24_3_13_F_219| true))
((|memory_model::choice_ws-ext_0_24_3_1_F_218| true))
((|memory_model::choice_ws-ext_0_24_4_41_F_220| true))
((|memory_model::choice_ws-ext_0_30_3_9_F_229| true))
((|memory_model::choice_ws-ext_0_31_4_14_F_230| true))
((|memory_model::choice_ws-ext_0_31_4_37_F_231| true))
((|memory_model::choice_ws-ext_0_32_4_15_F_232| true))
((|memory_model::choice_ws-ext_0_33_4_13_F_235| true))
((|memory_model::choice_ws-ext_0_34_4_12_F_236| true))
((|memory_model::choice_ws-ext_0_35_3_11_F_237| true))
((|memory_model::choice_ws-ext_0_35_4_17_F_238| true))
((|memory_model::choice_ws-ext_0_36_4_16_F_240| true))
((|memory_model::choice_ws-ext_0_36_4_39_F_241| true))
((|memory_model::choice_ws-ext_0_39_4_20_F_242| true))
((|memory_model::choice_ws-ext_0_40_3_12_F_244| true))
((|memory_model::choice_ws-ext_0_40_4_18_F_245| true))
((|memory_model::choice_ws-ext_0_40_4_40_F_246| true))
((|memory_model::choice_ws-ext_0_41_4_21_F_255| true))
((|memory_model::choice_ws-ext_0_42_3_10_F_257| true))
((|memory_model::choice_ws-ext_0_42_4_19_F_258| true))
((|memory_model::choice_ws-ext_0_42_4_38_F_259| true))
((|memory_model::choice_ws-ext_0_72_4_15_F_233| false))
((|memory_model::choice_ws-ext_0_74_3_10_F_260| false))
((|memory_model::choice_ws-ext_0_74_4_19_F_261| false))
((|memory_model::choice_ws-ext_0_74_4_38_F_262| false))
((|memory_model::choice_ws-ext_0_75_3_12_F_247| false))
((|memory_model::choice_ws-ext_0_75_4_18_F_248| false))
((|memory_model::choice_ws-ext_0_75_4_40_F_249| false))
((|memory_model::choice_ws-ext_0_76_3_13_F_222| false))
((|memory_model::choice_ws-ext_0_76_3_1_F_221| false))
((|memory_model::choice_ws-ext_0_76_4_41_F_223| false))
((|memory_model::choice_ws-ext_0_93_4_15_F_234| false))
((|memory_model::choice_ws-ext_0_95_3_10_F_263| false))
((|memory_model::choice_ws-ext_0_95_4_19_F_264| false))
((|memory_model::choice_ws-ext_0_95_4_38_F_265| false))
((|memory_model::choice_ws-ext_0_96_3_12_F_250| false))
((|memory_model::choice_ws-ext_0_96_4_18_F_251| false))
((|memory_model::choice_ws-ext_0_96_4_40_F_252| false))
((|memory_model::choice_ws-ext_0_97_4_21_F_256| false))
((|memory_model::choice_ws-ext_0_98_4_20_F_243| false))
((|memory_model::choice_ws-ext_0_99_3_13_F_225| false))
((|memory_model::choice_ws-ext_0_99_3_1_F_224| false))
((|memory_model::choice_ws-ext_0_99_4_41_F_226| false))
((|memory_model::choice_ws-ext_1_4_2_3_F_204| false))
((|memory_model::choice_ws-ext_1_4_3_15_F_205| true))
((|memory_model::choice_ws-ext_1_4_4_43_F_206| true))
((|memory_model::choice_ws-ext_1_6_2_5_T_193| false))
((|memory_model::choice_ws-ext_1_6_3_17_T_194| false))
((|memory_model::choice_ws-ext_1_6_4_45_T_195| false))
((|memory_model::choice_ws-ext_2_1_3_0_F_217| true))
((|memory_model::choice_ws-ext_2_3_3_15_F_207| true))
((|memory_model::choice_ws-ext_2_3_4_43_F_208| true))
((|memory_model::choice_ws-ext_2_5_3_17_T_196| true))
((|memory_model::choice_ws-ext_2_5_4_45_T_197| true))
((|memory_model::choice_ws-ext_3_10_4_19_F_266| false))
((|memory_model::choice_ws-ext_3_10_4_38_F_267| true))
((|memory_model::choice_ws-ext_3_11_4_17_F_239| false))
((|memory_model::choice_ws-ext_3_12_4_18_F_253| false))
((|memory_model::choice_ws-ext_3_12_4_40_F_254| true))
((|memory_model::choice_ws-ext_3_13_4_41_F_228| true))
((|memory_model::choice_ws-ext_3_15_4_43_F_209| true))
((|memory_model::choice_ws-ext_3_17_4_45_T_198| true))
((|memory_model::choice_ws-ext_3_1_4_41_F_227| true))
((|nondet_symex::nondet0| #x00000000))
((|nondet_symex::nondet1| #xffffffff))
((|nondet_symex::nondet2| #x00000000))
((|nondet_symex::nondet3| #x00000000))
((|nondet_symex::nondet4| #x00000000))
((|nondet_symex::nondet5| #x00000000))
((|pthread_create#return_value!0#1| #x00000000))
((|pthread_create#return_value!0#2| #x00000000))
((|pthread_create#return_value!0#3| #x00000000))
((|pthread_create#return_value!0#4| #x00000000))
((|pthread_create#return_value!1#1| #x00000000))
((|pthread_create#return_value!2#1| #x00000000))
((|pthread_create#return_value!3#1| #x00000000))
((|pthread_create#return_value!4#1| #x00000000))
((|pthread_create::1::this_thread_id!0@1#1| #x00000000))
((|pthread_create::1::this_thread_id!0@1#2| #x00000001))
((|pthread_create::1::this_thread_id!0@2#1| #x00000000))
((|pthread_create::1::this_thread_id!0@2#2| #x00000002))
((|pthread_create::1::this_thread_id!0@3#1| #x00000000))
((|pthread_create::1::this_thread_id!0@3#2| #x00000003))
((|pthread_create::1::this_thread_id!0@4#1| #x00000000))
((|pthread_create::1::this_thread_id!0@4#2| #x00000004))
((|pthread_create::1::this_thread_id!1@0#0| #x10000000))
((|pthread_create::1::this_thread_id!2@0#0| #x00000000))
((|pthread_create::1::this_thread_id!3@0#0| #x00000000))
((|pthread_create::1::this_thread_id!4@0#0| #x00008000))
((|pthread_create::arg!0@1#1| #x00000000))
((|pthread_create::arg!0@2#1| #x00000000))
((|pthread_create::arg!0@3#1| #x00000000))
((|pthread_create::arg!0@4#1| #x00000000))
((|pthread_create::arg!1@0#1| #x00000000))
((|pthread_create::arg!2@0#1| #x00000000))
((|pthread_create::arg!3@0#1| #x00000000))
((|pthread_create::arg!4@0#1| #x00000000))
((|pthread_create::attr!0@1#1| #x00000000))
((|pthread_create::attr!0@2#1| #x00000000))
((|pthread_create::attr!0@3#1| #x00000000))
((|pthread_create::attr!0@4#1| #x00000000))
((|pthread_create::attr!1@0#1| #x00000000))
((|pthread_create::attr!2@0#1| #x00000000))
((|pthread_create::attr!3@0#1| #x00000000))
((|pthread_create::attr!4@0#1| #x00000000))
((|pthread_create::start_routine!0@1#1| #x03000000))
((|pthread_create::start_routine!0@2#1| #x05000000))
((|pthread_create::start_routine!0@3#1| #x07000000))
((|pthread_create::start_routine!0@4#1| #x09000000))
((|pthread_create::start_routine!1@0#1| #x03000000))
((|pthread_create::start_routine!2@0#1| #x05000000))
((|pthread_create::start_routine!3@0#1| #x07000000))
((|pthread_create::start_routine!4@0#1| #x09000000))
((|pthread_create::thread!0@1#1| #x02000000))
((|pthread_create::thread!0@2#1| #x04000000))
((|pthread_create::thread!0@3#1| #x06000000))
((|pthread_create::thread!0@4#1| #x08000000))
((|pthread_create::thread!1@0#1| #x02000000))
((|pthread_create::thread!2@0#1| #x04000000))
((|pthread_create::thread!3@0#1| #x06000000))
((|pthread_create::thread!4@0#1| #x08000000))
((|return'!0#1| #x00000000))
((|t1$46$spwnclk$8| (- 29)))
((|t1$51$spwnclk$8| (- 25)))
((|t1$56$spwnclk$8| (- 21)))
((|t1$61$spwnclk$8| (- 17)))
((|weak$$choice0#1| #x00))
((|weak$$choice0#1$wclk$8| (- 55)))
((|weak$$choice0#2| #x00))
((|weak$$choice0#3| #xff))
((|weak$$choice0#3$rclk$8| 0))
((|weak$$choice0#4| #x00))
((|weak$$choice0#4$wclk$8| 0))
((|weak$$choice2#1| #x00))
((|weak$$choice2#1$wclk$8| (- 54)))
((|weak$$choice2#10| #x01))
((|weak$$choice2#11| #x01))
((|weak$$choice2#11$wclk$8| 0))
((|weak$$choice2#2| #x01))
((|weak$$choice2#3| #x00))
((|weak$$choice2#3$rclk$8| 0))
((|weak$$choice2#4| #x01))
((|weak$$choice2#5| #x01))
((|weak$$choice2#6| #x01))
((|weak$$choice2#7| #x01))
((|weak$$choice2#8| #x01))
((|weak$$choice2#9| #x01))
((|x#1| #x00000000))
((|x#1$wclk$8| (- 53)))
((|x#2| #x00000000))
((|x#2$rclk$8| (- 11)))
((|x#3| #x00000000))
((|x#4| #x00000001))
((|x#4$wclk$8| (- 10)))
((|y#1| #x00000000))
((|y#1$wclk$8| (- 52)))
((|y#2| #x00000002))
((|y#2$rclk$8| 0))
((|y#3| #x00000002))
((|y#4| #x00000001))
((|y#4$wclk$8| (- 9)))
((|y#5| #x00000002))
((|y#5$wclk$8| (- 8)))
((|z#1| #x00000000))
((|z#1$wclk$8| (- 51)))
((|z#10| #x00000002))
((|z#11| #x00000002))
((|z#12| #x00000002))
((|z#13| #x00000002))
((|z#14| #x00000002))
((|z#14$wclk$8| 0))
((|z#15| #x00000001))
((|z#15$wclk$8| (- 7)))
((|z#16| #x00000001))
((|z#16$rclk$8| (- 6)))
((|z#17| #x00000001))
((|z#18| #x00000001))
((|z#18$wclk$8| (- 6)))
((|z#19| #x00000001))
((|z#19$rclk$8| (- 5)))
((|z#2| #x00000002))
((|z#2$rclk$8| (- 1)))
((|z#20| #x00000001))
((|z#21| #x00000002))
((|z#22| #x00000002))
((|z#22$wclk$8| (- 5)))
((|z#3| #x00000002))
((|z#4| #x00000002))
((|z#5| #x00000002))
((|z#5$wclk$8| (- 1)))
((|z#6| #x00000002))
((|z#6$rclk$8| 0))
((|z#7| #x00000002))
((|z#8| #x00000002))
((|z#9| #x00000002))
((|z$flush_delayed#1| #x00))
((|z$flush_delayed#1$wclk$8| (- 50)))
((|z$flush_delayed#2| #x01))
((|z$flush_delayed#3| #x00))
((|z$flush_delayed#3$rclk$8| 0))
((|z$flush_delayed#4| #x01))
((|z$flush_delayed#5| #x01))
((|z$flush_delayed#6| #x00))
((|z$flush_delayed#7| #x00))
((|z$flush_delayed#7$wclk$8| 0))
((|z$mem_tmp#1| #x00000000))
((|z$mem_tmp#1$wclk$8| (- 49)))
((|z$mem_tmp#2| #x00000002))
((|z$mem_tmp#3| #x00000000))
((|z$mem_tmp#3$rclk$8| 0))
((|z$mem_tmp#4| #x00000002))
((|z$mem_tmp#5| #x00000002))
((|z$mem_tmp#5$wclk$8| 0))
((|z$r_buff0_thd0#1| #x00))
((|z$r_buff0_thd0#1$wclk$8| (- 48)))
((|z$r_buff0_thd0#10| #x00))
((|z$r_buff0_thd0#10$wclk$8| (- 1)))
((|z$r_buff0_thd0#11| #x00))
((|z$r_buff0_thd0#11$rclk$8| 0))
((|z$r_buff0_thd0#12| #x00))
((|z$r_buff0_thd0#13| #x00))
((|z$r_buff0_thd0#14| #x00))
((|z$r_buff0_thd0#15| #x00))
((|z$r_buff0_thd0#16| #x00))
((|z$r_buff0_thd0#17| #x00))
((|z$r_buff0_thd0#18| #x00))
((|z$r_buff0_thd0#19| #x00))
((|z$r_buff0_thd0#2| #x00))
((|z$r_buff0_thd0#2$rclk$8| (- 1)))
((|z$r_buff0_thd0#20| #x00))
((|z$r_buff0_thd0#21| #x00))
((|z$r_buff0_thd0#22| #x00))
((|z$r_buff0_thd0#23| #x00))
((|z$r_buff0_thd0#24| #x00))
((|z$r_buff0_thd0#25| #x00))
((|z$r_buff0_thd0#26| #x00))
((|z$r_buff0_thd0#27| #x00))
((|z$r_buff0_thd0#28| #x00))
((|z$r_buff0_thd0#29| #x00))
((|z$r_buff0_thd0#3| #x00))
((|z$r_buff0_thd0#30| #x00))
((|z$r_buff0_thd0#31| #x00))
((|z$r_buff0_thd0#32| #x00))
((|z$r_buff0_thd0#33| #x00))
((|z$r_buff0_thd0#34| #x00))
((|z$r_buff0_thd0#35| #x00))
((|z$r_buff0_thd0#36| #x00))
((|z$r_buff0_thd0#37| #x00))
((|z$r_buff0_thd0#37$wclk$8| 0))
((|z$r_buff0_thd0#38| #x00))
((|z$r_buff0_thd0#38$rclk$8| (- 16)))
((|z$r_buff0_thd0#39| #x00))
((|z$r_buff0_thd0#4| #x00))
((|z$r_buff0_thd0#5| #x00))
((|z$r_buff0_thd0#6| #x00))
((|z$r_buff0_thd0#7| #x00))
((|z$r_buff0_thd0#8| #x00))
((|z$r_buff0_thd0#9| #x00))
((|z$r_buff0_thd1#1| #x00))
((|z$r_buff0_thd1#1$wclk$8| (- 47)))
((|z$r_buff0_thd1#2| #x00))
((|z$r_buff0_thd1#2$rclk$8| (- 16)))
((|z$r_buff0_thd1#3| #x00))
((|z$r_buff0_thd2#1| #x00))
((|z$r_buff0_thd2#1$wclk$8| (- 46)))
((|z$r_buff0_thd2#2| #x00))
((|z$r_buff0_thd2#2$rclk$8| (- 16)))
((|z$r_buff0_thd2#3| #x00))
((|z$r_buff0_thd3#1| #x00))
((|z$r_buff0_thd3#1$wclk$8| (- 45)))
((|z$r_buff0_thd3#2| #x00))
((|z$r_buff0_thd3#2$rclk$8| (- 6)))
((|z$r_buff0_thd3#3| #x00))
((|z$r_buff0_thd3#4| #x00))
((|z$r_buff0_thd3#4$wclk$8| (- 6)))
((|z$r_buff0_thd3#5| #x00))
((|z$r_buff0_thd3#5$rclk$8| (- 16)))
((|z$r_buff0_thd3#6| #x00))
((|z$r_buff0_thd4#1| #x00))
((|z$r_buff0_thd4#1$wclk$8| (- 44)))
((|z$r_buff0_thd4#10| #x01))
((|z$r_buff0_thd4#11| #x01))
((|z$r_buff0_thd4#12| #x01))
((|z$r_buff0_thd4#13| #x01))
((|z$r_buff0_thd4#14| #x01))
((|z$r_buff0_thd4#14$wclk$8| (- 5)))
((|z$r_buff0_thd4#2| #x00))
((|z$r_buff0_thd4#2$rclk$8| (- 16)))
((|z$r_buff0_thd4#3| #x00))
((|z$r_buff0_thd4#4| #x01))
((|z$r_buff0_thd4#5| #x01))
((|z$r_buff0_thd4#5$wclk$8| (- 16)))
((|z$r_buff0_thd4#6| #x01))
((|z$r_buff0_thd4#6$rclk$8| (- 5)))
((|z$r_buff0_thd4#7| #x01))
((|z$r_buff0_thd4#8| #x01))
((|z$r_buff0_thd4#9| #x01))
((|z$r_buff1_thd0#1| #x00))
((|z$r_buff1_thd0#1$wclk$8| (- 43)))
((|z$r_buff1_thd0#10| #x00))
((|z$r_buff1_thd0#11| #x00))
((|z$r_buff1_thd0#12| #x00))
((|z$r_buff1_thd0#13| #x00))
((|z$r_buff1_thd0#14| #x00))
((|z$r_buff1_thd0#15| #x00))
((|z$r_buff1_thd0#16| #x00))
((|z$r_buff1_thd0#17| #x00))
((|z$r_buff1_thd0#18| #x00))
((|z$r_buff1_thd0#19| #x00))
((|z$r_buff1_thd0#2| #x00))
((|z$r_buff1_thd0#2$rclk$8| (- 1)))
((|z$r_buff1_thd0#20| #x00))
((|z$r_buff1_thd0#20$wclk$8| 0))
((|z$r_buff1_thd0#21| #x00))
((|z$r_buff1_thd0#22| #x00))
((|z$r_buff1_thd0#22$rclk$8| (- 16)))
((|z$r_buff1_thd0#23| #x00))
((|z$r_buff1_thd0#23$wclk$8| (- 16)))
((|z$r_buff1_thd0#3| #x00))
((|z$r_buff1_thd0#4| #x00))
((|z$r_buff1_thd0#5| #x00))
((|z$r_buff1_thd0#6| #x00))
((|z$r_buff1_thd0#7| #x00))
((|z$r_buff1_thd0#8| #x00))
((|z$r_buff1_thd0#8$wclk$8| (- 1)))
((|z$r_buff1_thd0#9| #x00))
((|z$r_buff1_thd0#9$rclk$8| 0))
((|z$r_buff1_thd1#1| #x00))
((|z$r_buff1_thd1#1$wclk$8| (- 42)))
((|z$r_buff1_thd1#2| #x00))
((|z$r_buff1_thd1#3| #xff))
((|z$r_buff1_thd1#3$rclk$8| (- 16)))
((|z$r_buff1_thd1#4| #x00))
((|z$r_buff1_thd1#4$wclk$8| (- 16)))
((|z$r_buff1_thd2#1| #x00))
((|z$r_buff1_thd2#1$wclk$8| (- 41)))
((|z$r_buff1_thd2#2| #x00))
((|z$r_buff1_thd2#3| #xff))
((|z$r_buff1_thd2#3$rclk$8| (- 16)))
((|z$r_buff1_thd2#4| #x00))
((|z$r_buff1_thd2#4$wclk$8| (- 16)))
((|z$r_buff1_thd3#1| #x00))
((|z$r_buff1_thd3#1$wclk$8| (- 40)))
((|z$r_buff1_thd3#2| #x00))
((|z$r_buff1_thd3#2$rclk$8| (- 6)))
((|z$r_buff1_thd3#3| #x00))
((|z$r_buff1_thd3#4| #x00))
((|z$r_buff1_thd3#4$wclk$8| (- 6)))
((|z$r_buff1_thd3#5| #x00))
((|z$r_buff1_thd3#6| #x00))
((|z$r_buff1_thd3#6$rclk$8| (- 16)))
((|z$r_buff1_thd3#7| #x00))
((|z$r_buff1_thd3#7$wclk$8| (- 16)))
((|z$r_buff1_thd4#1| #x00))
((|z$r_buff1_thd4#1$wclk$8| (- 39)))
((|z$r_buff1_thd4#10| #x00))
((|z$r_buff1_thd4#11| #x00))
((|z$r_buff1_thd4#11$wclk$8| (- 5)))
((|z$r_buff1_thd4#2| #x00))
((|z$r_buff1_thd4#3| #xff))
((|z$r_buff1_thd4#3$rclk$8| (- 16)))
((|z$r_buff1_thd4#4| #x00))
((|z$r_buff1_thd4#4$wclk$8| (- 16)))
((|z$r_buff1_thd4#5| #x00))
((|z$r_buff1_thd4#5$rclk$8| (- 5)))
((|z$r_buff1_thd4#6| #x00))
((|z$r_buff1_thd4#7| #x00))
((|z$r_buff1_thd4#8| #x00))
((|z$r_buff1_thd4#9| #x00))
((|z$read_delayed#1| #x00))
((|z$read_delayed#1$wclk$8| (- 38)))
((|z$read_delayed_var#1| #x00000000))
((|z$read_delayed_var#1$wclk$8| (- 37)))
((|z$w_buff0#1| #x00000000))
((|z$w_buff0#1$wclk$8| (- 36)))
((|z$w_buff0#10| #x00000002))
((|z$w_buff0#11| #x00000002))
((|z$w_buff0#11$wclk$8| 0))
((|z$w_buff0#12| #x00000002))
((|z$w_buff0#12$rclk$8| (- 6)))
((|z$w_buff0#13| #x00000002))
((|z$w_buff0#14| #x00000000))
((|z$w_buff0#14$rclk$8| (- 16)))
((|z$w_buff0#15| #x00000000))
((|z$w_buff0#16| #x00000002))
((|z$w_buff0#16$wclk$8| (- 16)))
((|z$w_buff0#17| #x00000002))
((|z$w_buff0#17$rclk$8| (- 5)))
((|z$w_buff0#18| #x00000002))
((|z$w_buff0#2| #x00000002))
((|z$w_buff0#2$rclk$8| (- 1)))
((|z$w_buff0#3| #x00000002))
((|z$w_buff0#4| #x00000002))
((|z$w_buff0#4$rclk$8| 0))
((|z$w_buff0#5| #x00000002))
((|z$w_buff0#6| #x00000002))
((|z$w_buff0#7| #x00000002))
((|z$w_buff0#8| #x00000002))
((|z$w_buff0#9| #x00000002))
((|z$w_buff0_used#1| #x00))
((|z$w_buff0_used#1$wclk$8| (- 35)))
((|z$w_buff0_used#10| #x00))
((|z$w_buff0_used#10$wclk$8| (- 1)))
((|z$w_buff0_used#11| #x00))
((|z$w_buff0_used#11$rclk$8| 0))
((|z$w_buff0_used#12| #x00))
((|z$w_buff0_used#13| #x00))
((|z$w_buff0_used#14| #x00))
((|z$w_buff0_used#15| #x00))
((|z$w_buff0_used#16| #x00))
((|z$w_buff0_used#17| #x00))
((|z$w_buff0_used#18| #x00))
((|z$w_buff0_used#19| #x00))
((|z$w_buff0_used#2| #x00))
((|z$w_buff0_used#2$rclk$8| (- 1)))
((|z$w_buff0_used#20| #x00))
((|z$w_buff0_used#21| #x00))
((|z$w_buff0_used#22| #x00))
((|z$w_buff0_used#23| #x00))
((|z$w_buff0_used#24| #x00))
((|z$w_buff0_used#25| #x00))
((|z$w_buff0_used#26| #x00))
((|z$w_buff0_used#27| #x00))
((|z$w_buff0_used#28| #x00))
((|z$w_buff0_used#29| #x00))
((|z$w_buff0_used#3| #x00))
((|z$w_buff0_used#30| #x00))
((|z$w_buff0_used#30$wclk$8| 0))
((|z$w_buff0_used#31| #x01))
((|z$w_buff0_used#31$rclk$8| (- 6)))
((|z$w_buff0_used#32| #x01))
((|z$w_buff0_used#33| #x01))
((|z$w_buff0_used#33$wclk$8| (- 6)))
((|z$w_buff0_used#34| #x00))
((|z$w_buff0_used#34$rclk$8| (- 16)))
((|z$w_buff0_used#35| #x00))
((|z$w_buff0_used#36| #x01))
((|z$w_buff0_used#36$wclk$8| (- 16)))
((|z$w_buff0_used#37| #x01))
((|z$w_buff0_used#37$rclk$8| (- 5)))
((|z$w_buff0_used#38| #x01))
((|z$w_buff0_used#39| #x01))
((|z$w_buff0_used#4| #x00))
((|z$w_buff0_used#40| #x01))
((|z$w_buff0_used#41| #x00))
((|z$w_buff0_used#42| #x00))
((|z$w_buff0_used#43| #x00))
((|z$w_buff0_used#44| #x00))
((|z$w_buff0_used#45| #x00))
((|z$w_buff0_used#45$wclk$8| (- 5)))
((|z$w_buff0_used#5| #x00))
((|z$w_buff0_used#6| #x00))
((|z$w_buff0_used#7| #x00))
((|z$w_buff0_used#8| #x00))
((|z$w_buff0_used#9| #x00))
((|z$w_buff1#1| #x00000000))
((|z$w_buff1#1$wclk$8| (- 34)))
((|z$w_buff1#10| #x00000000))
((|z$w_buff1#11| #x00000000))
((|z$w_buff1#11$wclk$8| 0))
((|z$w_buff1#12| #x00000000))
((|z$w_buff1#12$rclk$8| (- 6)))
((|z$w_buff1#13| #x00000000))
((|z$w_buff1#14| #x00000000))
((|z$w_buff1#14$wclk$8| (- 16)))
((|z$w_buff1#15| #x00000000))
((|z$w_buff1#15$rclk$8| (- 5)))
((|z$w_buff1#16| #x00000000))
((|z$w_buff1#2| #x00000000))
((|z$w_buff1#2$rclk$8| (- 1)))
((|z$w_buff1#3| #x00000000))
((|z$w_buff1#4| #x00000000))
((|z$w_buff1#4$rclk$8| 0))
((|z$w_buff1#5| #x00000000))
((|z$w_buff1#6| #x00000000))
((|z$w_buff1#7| #x00000000))
((|z$w_buff1#8| #x00000000))
((|z$w_buff1#9| #x00000000))
((|z$w_buff1_used#1| #x00))
((|z$w_buff1_used#1$wclk$8| (- 33)))
((|z$w_buff1_used#10| #x00))
((|z$w_buff1_used#11| #x00))
((|z$w_buff1_used#12| #x00))
((|z$w_buff1_used#13| #x00))
((|z$w_buff1_used#14| #x00))
((|z$w_buff1_used#15| #x00))
((|z$w_buff1_used#16| #x00))
((|z$w_buff1_used#17| #x00))
((|z$w_buff1_used#18| #x00))
((|z$w_buff1_used#19| #x00))
((|z$w_buff1_used#2| #x00))
((|z$w_buff1_used#2$rclk$8| (- 1)))
((|z$w_buff1_used#20| #x00))
((|z$w_buff1_used#20$wclk$8| 0))
((|z$w_buff1_used#21| #x00))
((|z$w_buff1_used#21$rclk$8| (- 6)))
((|z$w_buff1_used#22| #x00))
((|z$w_buff1_used#23| #x00))
((|z$w_buff1_used#23$wclk$8| (- 6)))
((|z$w_buff1_used#24| #x00))
((|z$w_buff1_used#24$wclk$8| (- 16)))
((|z$w_buff1_used#25| #x00))
((|z$w_buff1_used#25$rclk$8| (- 5)))
((|z$w_buff1_used#26| #x00))
((|z$w_buff1_used#27| #x00))
((|z$w_buff1_used#28| #x00))
((|z$w_buff1_used#29| #x00))
((|z$w_buff1_used#3| #x00))
((|z$w_buff1_used#30| #x00))
((|z$w_buff1_used#31| #x00))
((|z$w_buff1_used#31$wclk$8| (- 5)))
((|z$w_buff1_used#4| #x00))
((|z$w_buff1_used#5| #x00))
((|z$w_buff1_used#6| #x00))
((|z$w_buff1_used#7| #x00))
((|z$w_buff1_used#8| #x00))
((|z$w_buff1_used#8$wclk$8| (- 1)))
((|z$w_buff1_used#9| #x00))
((|z$w_buff1_used#9$rclk$8| 0))
(model 
  (define-fun |memory_model::choice_ws-ext_3_1_4_41_F_227| () Bool
    true)
  (define-fun |z$r_buff0_thd4#2| () (_ BitVec 8)
    #x00)
  (define-fun |memory_model::choice_rf_0_69_4_15_F_107| () Bool
    true)
  (define-fun |memory_model::choice_ws-ext_0_75_4_18_F_248| () Bool
    false)
  (define-fun |z$r_buff0_thd2#1$wclk$8| () Int
    (- 46))
  (define-fun |memory_model::choice_rf_1_5_4_45_T_3| () Bool
    false)
  (define-fun |memory_model::choice_ws-ext_0_12_2_3_F_201| () Bool
    true)
  (define-fun |memory_model::choice_rf_4_33_0_95_F_184| () Bool
    false)
  (define-fun |memory_model::choice_rf_0_83_4_41_F_79| () Bool
    false)
  (define-fun |z$r_buff1_thd0#1$wclk$8| () Int
    (- 43))
  (define-fun |memory_model::choice_ws-ext_2_5_4_45_T_197| () Bool
    true)
  (define-fun |z$mem_tmp#1$wclk$8| () Int
    (- 49))
  (define-fun |main$tmp_guard1#2| () (_ BitVec 8)
    #x00)
  (define-fun |memory_model::choice_rf_0_53_0_9_T_18| () Bool
    false)
  (define-fun |memory_model::choice_ws-ext_0_98_4_20_F_243| () Bool
    false)
  (define-fun |memory_model::choice_rf_0_71_0_40_F_135| () Bool
    false)
  (define-fun |main$tmp_guard0#3$rclk$8| () Int
    (- 2))
  (define-fun |memory_model::choice_rf_3_2_0_24_F_80| () Bool
    false)
  (define-fun |memory_model::choice_rf_0_66_4_21_F_159| () Bool
    true)
  (define-fun |main$tmp_guard1#5$rclk$8| () Int
    1)
  (define-fun |__CPROVER_next_thread_id#6| () (_ BitVec 32)
    #x00000002)
  (define-fun |z#2| () (_ BitVec 32)
    #x00000002)
  (define-fun |memory_model::choice_rf_0_88_0_42_F_172| () Bool
    false)
  (define-fun |memory_model::choice_rf_4_30_0_41_F_165| () Bool
    false)
  (define-fun |z$r_buff1_thd4#5| () (_ BitVec 8)
    #x00)
  (define-fun |memory_model::choice_rf_3_6_0_39_F_127| () Bool
    false)
  (define-fun |memory_model::choice_rf_0_66_0_41_F_158| () Bool
    false)
  (define-fun |memory_model::choice_rf_0_70_0_27_F_92| () Bool
    true)
  (define-fun |memory_model::choice_rf_0_87_0_72_F_109| () Bool
    true)
  (define-fun |memory_model::choice_ws-ext_0_24_3_13_F_219| () Bool
    true)
  (define-fun |memory_model::choice_rf_3_4_4_17_F_117| () Bool
    true)
  (define-fun |y#2| () (_ BitVec 32)
    #x00000002)
  (define-fun |z$r_buff0_thd1#1$wclk$8| () Int
    (- 47))
  (define-fun |memory_model::choice_rf_3_5_0_95_F_179| () Bool
    false)
  (define-fun |memory_model::choice_rf_1_5_0_11_T_0| () Bool
    true)
  (define-fun |pthread_create::1::this_thread_id!4@0#0| () (_ BitVec 32)
    #x00008000)
  (define-fun |memory_model::choice_ws-ext_0_11_4_45_T_192| () Bool
    true)
  (define-fun |z$r_buff1_thd3#2| () (_ BitVec 8)
    #x00)
  (define-fun |memory_model::choice_rf_0_105_0_19_F_64| () Bool
    false)
  (define-fun |z$w_buff1#15| () (_ BitVec 32)
    #x00000000)
  (define-fun |memory_model::choice_rf_3_5_0_42_F_177| () Bool
    false)
  (define-fun |memory_model::choice_rf_0_85_3_12_F_141| () Bool
    false)
  (define-fun |memory_model::choice_rf_4_36_3_12_F_156| () Bool
    true)
  (define-fun |memory_model::choice_rf_3_5_0_74_F_178| () Bool
    false)
  (define-fun |memory_model::choice_ws-ext_2_5_3_17_T_196| () Bool
    true)
  (define-fun |memory_model::choice_rf_3_2_3_1_F_83| () Bool
    true)
  (define-fun |memory_model::choice_rf_0_83_3_1_F_77| () Bool
    false)
  (define-fun |z$r_buff1_thd0#9| () (_ BitVec 8)
    #x00)
  (define-fun |__unbuffered_cnt#2| () (_ BitVec 32)
    #x00000004)
  (define-fun |memory_model::choice_ws-ext_0_24_4_41_F_220| () Bool
    true)
  (define-fun |memory_model::choice_rf_4_44_0_11_T_12| () Bool
    false)
  (define-fun |goto_symex::&92;guard#1| () Bool
    true)
  (define-fun |z$w_buff1#2| () (_ BitVec 32)
    #x00000000)
  (define-fun |memory_model::choice_rf_4_28_0_17_F_59| () Bool
    true)
  (define-fun |z$r_buff0_thd4#6| () (_ BitVec 8)
    #x01)
  (define-fun |z$w_buff0_used#1$wclk$8| () Int
    (- 35))
  (define-fun |main::1::t1239!0@1#1$wclk$8| () Int
    (- 32))
  (define-fun |memory_model::choice_rf_2_2_1_4_F_37| () Bool
    false)
  (define-fun |z$flush_delayed#1$wclk$8| () Int
    (- 50))
  (define-fun |memory_model::choice_rf_1_5_3_17_T_2| () Bool
    false)
  (define-fun |memory_model::choice_rf_4_44_2_5_T_14| () Bool
    false)
  (define-fun |memory_model::choice_ws-ext_1_6_3_17_T_194| () Bool
    false)
  (define-fun |memory_model::choice_rf_3_14_4_43_F_43| () Bool
    false)
  (define-fun |__CPROVER_threads_exited#2$rclk$8| () Int
    (- 6))
  (define-fun |memory_model::choice_rf_3_16_1_6_T_9| () Bool
    false)
  (define-fun |memory_model::choice_rf_4_10_0_96_F_151| () Bool
    false)
  (define-fun |memory_model::choice_ws-ext_0_39_4_20_F_242| () Bool
    true)
  (define-fun |memory_model::choice_ws-ext_0_74_3_10_F_260| () Bool
    false)
  (define-fun |memory_model::choice_rf_4_3_0_30_F_101| () Bool
    true)
  (define-fun |z$w_buff0#1$wclk$8| () Int
    (- 36))
  (define-fun |memory_model::choice_rf_2_2_3_15_F_38| () Bool
    false)
  (define-fun |y#5$wclk$8| () Int
    (- 8))
  (define-fun |__CPROVER_threads_exited#2| () (Array (_ BitVec 32) Bool)
    (lambda ((x!1 (_ BitVec 32))) (= x!1 #x00000000)))
  (define-fun |memory_model::choice_rf_0_65_0_24_F_71| () Bool
    false)
  (define-fun |memory_model::choice_rf_4_11_0_39_F_130| () Bool
    true)
  (define-fun |memory_model::choice_ws-ext_0_11_3_17_T_191| () Bool
    true)
  (define-fun |z$w_buff0_used#37| () (_ BitVec 8)
    #x01)
  (define-fun |z#16| () (_ BitVec 32)
    #x00000001)
  (define-fun |z#15$wclk$8| () Int
    (- 7))
  (define-fun |z$r_buff0_thd4#1$wclk$8| () Int
    (- 44))
  (define-fun |z$r_buff1_thd2#1$wclk$8| () Int
    (- 41))
  (define-fun |pthread_create::1::this_thread_id!1@0#0| () (_ BitVec 32)
    #x10000000)
  (define-fun |__unbuffered_cnt#4| () (_ BitVec 32)
    #x00000001)
  (define-fun |memory_model::choice_rf_0_62_3_15_F_30| () Bool
    false)
  (define-fun |memory_model::choice_rf_0_88_4_19_F_175| () Bool
    false)
  (define-fun |memory_model::choice_rf_4_32_0_36_F_121| () Bool
    false)
  (define-fun |memory_model::choice_rf_3_3_0_97_F_163| () Bool
    false)
  (define-fun |memory_model::choice_rf_0_53_0_44_T_19| () Bool
    false)
  (define-fun |memory_model::choice_rf_4_36_0_40_F_153| () Bool
    false)
  (define-fun |memory_model::choice_rf_3_6_0_98_F_128| () Bool
    false)
  (define-fun t1$51$spwnclk$8 () Int
    (- 25))
  (define-fun |memory_model::choice_rf_0_89_0_39_F_125| () Bool
    false)
  (define-fun |memory_model::choice_rf_0_89_4_20_F_126| () Bool
    true)
  (define-fun |__unbuffered_cnt#9$wclk$8| () Int
    (- 8))
  (define-fun |z$r_buff0_thd3#1$wclk$8| () Int
    (- 45))
  (define-fun |memory_model::choice_rf_0_53_0_49_T_20| () Bool
    true)
  (define-fun |memory_model::choice_rf_0_71_4_40_F_138| () Bool
    true)
  (define-fun |memory_model::choice_ws-ext_0_33_4_13_F_235| () Bool
    true)
  (define-fun |z$w_buff1#4| () (_ BitVec 32)
    #x00000000)
  (define-fun |__unbuffered_cnt#13| () (_ BitVec 32)
    #x00000003)
  (define-fun |memory_model::choice_rf_3_8_4_40_F_148| () Bool
    false)
  (define-fun |memory_model::choice_rf_4_9_0_73_F_96| () Bool
    false)
  (define-fun |y#4$wclk$8| () Int
    (- 9))
  (define-fun |z$w_buff0#2| () (_ BitVec 32)
    #x00000002)
  (define-fun |memory_model::choice_ws-ext_0_11_1_6_T_189| () Bool
    true)
  (define-fun |memory_model::choice_rf_4_31_0_24_F_85| () Bool
    false)
  (define-fun |z#1$wclk$8| () Int
    (- 51))
  (define-fun |memory_model::choice_rf_0_58_0_9_T_21| () Bool
    false)
  (define-fun |a#4$wclk$8| () Int
    (- 15))
  (define-fun |memory_model::choice_rf_4_36_4_18_F_157| () Bool
    false)
  (define-fun |memory_model::choice_rf_3_8_0_75_F_145| () Bool
    false)
  (define-fun |z$w_buff0_used#31| () (_ BitVec 8)
    #x01)
  (define-fun |memory_model::choice_rf_0_84_3_0_F_70| () Bool
    true)
  (define-fun |memory_model::choice_ws-ext_0_32_4_15_F_232| () Bool
    true)
  (define-fun |__unbuffered_cnt#7| () (_ BitVec 32)
    #x00000000)
  (define-fun |memory_model::choice_ws-ext_0_24_3_1_F_218| () Bool
    true)
  (define-fun |memory_model::choice_rf_2_4_3_17_T_6| () Bool
    false)
  (define-fun |memory_model::choice_ws-ext_0_16_4_23_F_213| () Bool
    true)
  (define-fun |__unbuffered_p0_EAX#4$wclk$8| () Int
    (- 11))
  (define-fun |memory_model::choice_ws-ext_3_17_4_45_T_198| () Bool
    true)
  (define-fun |memory_model::choice_rf_0_67_3_10_F_169| () Bool
    false)
  (define-fun |main::1::t1241!0@1#1$wclk$8| () Int
    (- 24))
  (define-fun |memory_model::choice_ws-ext_0_74_4_19_F_261| () Bool
    false)
  (define-fun |memory_model::choice_rf_0_71_4_18_F_137| () Bool
    false)
  (define-fun |z$r_buff0_thd0#38| () (_ BitVec 8)
    #x00)
  (define-fun |memory_model::choice_ws-ext_2_3_3_15_F_207| () Bool
    true)
  (define-fun |memory_model::choice_rf_0_86_0_73_F_94| () Bool
    true)
  (define-fun |memory_model::choice_rf_3_14_0_12_F_40| () Bool
    false)
  (define-fun |pthread_create::1::this_thread_id!2@0#0| () (_ BitVec 32)
    #x00000000)
  (define-fun |memory_model::choice_ws-ext_0_30_3_9_F_229| () Bool
    true)
  (define-fun |memory_model::choice_rf_0_83_3_13_F_78| () Bool
    false)
  (define-fun |main$tmp_guard1#5| () (_ BitVec 8)
    #x00)
  (define-fun |memory_model::choice_ws-ext_0_42_4_38_F_259| () Bool
    true)
  (define-fun |memory_model::choice_rf_0_62_2_3_F_29| () Bool
    false)
  (define-fun |goto_symex::&92;guard#2| () Bool
    false)
  (define-fun |memory_model::choice_ws-ext_0_72_4_15_F_233| () Bool
    false)
  (define-fun |memory_model::choice_rf_4_25_4_23_F_58| () Bool
    true)
  (define-fun |memory_model::choice_ws-ext_0_36_4_39_F_241| () Bool
    true)
  (define-fun |x#2| () (_ BitVec 32)
    #x00000000)
  (define-fun |b#3| () (_ BitVec 32)
    #x00000000)
  (define-fun |memory_model::choice_rf_4_42_3_15_F_47| () Bool
    true)
  (define-fun |memory_model::choice_ws-ext_0_75_4_40_F_249| () Bool
    false)
  (define-fun |__unbuffered_cnt#16$wclk$8| () Int
    (- 4))
  (define-fun |memory_model::choice_rf_2_4_4_45_T_7| () Bool
    false)
  (define-fun |memory_model::choice_rf_0_84_2_1_F_69| () Bool
    false)
  (define-fun |memory_model::choice_rf_4_33_3_10_F_185| () Bool
    true)
  (define-fun |memory_model::choice_ws-ext_0_35_3_11_F_237| () Bool
    true)
  (define-fun |__CPROVER_threads_exited#9$wclk$8| () Int
    0)
  (define-fun |main$tmp_guard1#1$wclk$8| () Int
    (- 56))
  (define-fun |z$w_buff0#4| () (_ BitVec 32)
    #x00000002)
  (define-fun |b#1$wclk$8| () Int
    (- 58))
  (define-fun |memory_model::choice_rf_0_105_0_100_F_65| () Bool
    true)
  (define-fun |memory_model::choice_rf_0_71_3_12_F_136| () Bool
    false)
  (define-fun |main::1::t1239!0@1#2$wclk$8| () Int
    (- 30))
  (define-fun |a#5| () (_ BitVec 32)
    #x00000001)
  (define-fun |memory_model::choice_rf_0_62_1_4_F_28| () Bool
    false)
  (define-fun |memory_model::choice_rf_4_34_0_39_F_132| () Bool
    false)
  (define-fun |memory_model::choice_rf_4_31_3_13_F_89| () Bool
    true)
  (define-fun |memory_model::choice_ws-ext_0_97_4_21_F_256| () Bool
    false)
  (define-fun |memory_model::choice_ws-ext_0_95_4_19_F_264| () Bool
    false)
  (define-fun |memory_model::choice_rf_1_3_0_12_F_32| () Bool
    false)
  (define-fun |memory_model::choice_ws-ext_0_12_4_43_F_203| () Bool
    true)
  (define-fun |memory_model::choice_rf_1_1_0_22_F_25| () Bool
    true)
  (define-fun |z$w_buff0#17| () (_ BitVec 32)
    #x00000002)
  (define-fun |memory_model::choice_rf_4_33_4_19_F_186| () Bool
    false)
  (define-fun |main$tmp_guard1#4$wclk$8| () Int
    0)
  (define-fun |z$r_buff1_thd0#2| () (_ BitVec 8)
    #x00)
  (define-fun |memory_model::choice_ws-ext_0_14_4_26_F_211| () Bool
    true)
  (define-fun |memory_model::choice_rf_0_62_0_12_F_27| () Bool
    false)
  (define-fun |memory_model::choice_ws-ext_3_12_4_40_F_254| () Bool
    true)
  (define-fun |__unbuffered_cnt#10| () (_ BitVec 32)
    #x00000002)
  (define-fun |memory_model::choice_rf_0_58_0_44_T_22| () Bool
    false)
  (define-fun |memory_model::choice_rf_4_31_3_1_F_88| () Bool
    false)
  (define-fun |memory_model::choice_ws-ext_0_31_4_37_F_231| () Bool
    true)
  (define-fun |memory_model::choice_rf_4_10_3_12_F_152| () Bool
    false)
  (define-fun |memory_model::choice_rf_3_8_0_96_F_146| () Bool
    false)
  (define-fun |z$w_buff1_used#25| () (_ BitVec 8)
    #x00)
  (define-fun |memory_model::choice_rf_4_33_0_42_F_182| () Bool
    false)
  (define-fun |memory_model::choice_rf_4_34_0_98_F_133| () Bool
    false)
  (define-fun |weak$$choice0#1$wclk$8| () Int
    (- 55))
  (define-fun |memory_model::choice_rf_4_32_4_16_F_122| () Bool
    true)
  (define-fun |__unbuffered_p3_EAX#6$wclk$8| () Int
    (- 14))
  (define-fun |memory_model::choice_rf_0_85_4_18_F_142| () Bool
    false)
  (define-fun |memory_model::choice_rf_0_85_4_40_F_143| () Bool
    false)
  (define-fun |__CPROVER_next_thread_id#11$wclk$8| () Int
    (- 19))
  (define-fun |memory_model::choice_rf_0_106_0_19_F_66| () Bool
    false)
  (define-fun |memory_model::choice_rf_0_88_0_74_F_173| () Bool
    true)
  (define-fun |z$r_buff1_thd3#1$wclk$8| () Int
    (- 40))
  (define-fun |memory_model::choice_ws-ext_3_10_4_38_F_267| () Bool
    true)
  (define-fun |memory_model::choice_rf_4_3_3_9_F_102| () Bool
    false)
  (define-fun |y#1$wclk$8| () Int
    (- 52))
  (define-fun |memory_model::choice_ws-ext_0_11_2_5_T_190| () Bool
    true)
  (define-fun |memory_model::choice_rf_3_8_0_40_F_144| () Bool
    false)
  (define-fun |memory_model::choice_ws-ext_0_99_3_13_F_225| () Bool
    false)
  (define-fun |memory_model::choice_ws-ext_0_40_4_18_F_245| () Bool
    true)
  (define-fun |memory_model::choice_rf_3_5_4_19_F_180| () Bool
    true)
  (define-fun |memory_model::choice_ws-ext_0_15_4_29_F_212| () Bool
    true)
  (define-fun |z$r_buff0_thd0#11| () (_ BitVec 8)
    #x00)
  (define-fun |z$w_buff1_used#9| () (_ BitVec 8)
    #x00)
  (define-fun |memory_model::choice_rf_0_87_0_32_F_108| () Bool
    false)
  (define-fun |weak$$choice0#4$wclk$8| () Int
    0)
  (define-fun |memory_model::choice_rf_0_91_0_13_F_48| () Bool
    false)
  (define-fun |memory_model::choice_rf_3_16_4_45_T_11| () Bool
    false)
  (define-fun |memory_model::choice_rf_0_58_0_49_T_23| () Bool
    false)
  (define-fun |memory_model::choice_rf_0_83_0_24_F_75| () Bool
    false)
  (define-fun |z#18$wclk$8| () Int
    (- 6))
  (define-fun |memory_model::choice_ws-ext_0_76_3_1_F_221| () Bool
    false)
  (define-fun |__unbuffered_p3_EBX#2| () (_ BitVec 32)
    #x00000000)
  (define-fun |main::1::t1242!0@1#1$wclk$8| () Int
    (- 20))
  (define-fun |memory_model::choice_rf_4_35_4_14_F_105| () Bool
    true)
  (define-fun |z$w_buff1_used#1$wclk$8| () Int
    (- 33))
  (define-fun |memory_model::choice_ws-ext_0_34_4_12_F_236| () Bool
    true)
  (define-fun |memory_model::choice_rf_4_30_0_97_F_166| () Bool
    false)
  (define-fun |memory_model::choice_ws-ext_3_15_4_43_F_209| () Bool
    true)
  (define-fun |z$w_buff1_used#21| () (_ BitVec 8)
    #x00)
  (define-fun |z$w_buff0_used#2| () (_ BitVec 8)
    #x00)
  (define-fun |memory_model::choice_rf_0_64_0_18_F_61| () Bool
    false)
  (define-fun t1$61$spwnclk$8 () Int
    (- 17))
  (define-fun |memory_model::choice_ws-ext_0_40_4_40_F_246| () Bool
    true)
  (define-fun |__unbuffered_cnt#12$wclk$8| () Int
    (- 5))
  (define-fun |memory_model::choice_rf_0_87_4_15_F_110| () Bool
    false)
  (define-fun t1$46$spwnclk$8 () Int
    (- 29))
  (define-fun |__unbuffered_cnt#6$wclk$8| () Int
    (- 7))
  (define-fun |__unbuffered_p3_EAX#2| () (_ BitVec 32)
    #x00000001)
  (define-fun |memory_model::choice_rf_2_2_4_43_F_39| () Bool
    false)
  (define-fun |__CPROVER_threads_exited#3$wclk$8| () Int
    1)
  (define-fun |memory_model::choice_ws-ext_3_12_4_18_F_253| () Bool
    false)
  (define-fun |memory_model::choice_rf_4_10_0_75_F_150| () Bool
    false)
  (define-fun |z$read_delayed_var#1$wclk$8| () Int
    (- 37))
  (define-fun |x#1$wclk$8| () Int
    (- 53))
  (define-fun |z$w_buff1#1$wclk$8| () Int
    (- 34))
  (define-fun |memory_model::choice_rf_4_34_4_20_F_134| () Bool
    true)
  (define-fun |memory_model::choice_ws-ext_0_95_4_38_F_265| () Bool
    false)
  (define-fun |memory_model::choice_rf_0_106_0_100_F_67| () Bool
    true)
  (define-fun |memory_model::choice_rf_0_78_0_15_F_53| () Bool
    false)
  (define-fun |main::1::t1241!0@1#2$wclk$8| () Int
    (- 22))
  (define-fun |__CPROVER_threads_exited#4| () (Array (_ BitVec 32) Bool)
    (lambda ((x!1 (_ BitVec 32))) (= x!1 #x00000000)))
  (define-fun |pthread_create::1::this_thread_id!3@0#0| () (_ BitVec 32)
    #x00000000)
  (define-fun |memory_model::choice_rf_4_36_0_75_F_154| () Bool
    false)
  (define-fun |memory_model::choice_rf_3_3_0_41_F_162| () Bool
    false)
  (define-fun |memory_model::choice_rf_0_92_0_41_F_160| () Bool
    false)
  (define-fun |memory_model::choice_ws-ext_0_36_4_16_F_240| () Bool
    true)
  (define-fun |memory_model::choice_ws-ext_0_42_4_19_F_258| () Bool
    true)
  (define-fun |memory_model::choice_rf_0_84_0_23_F_68| () Bool
    false)
  (define-fun |memory_model::choice_rf_3_14_2_3_F_42| () Bool
    false)
  (define-fun |memory_model::choice_ws-ext_0_23_2_1_F_215| () Bool
    true)
  (define-fun |memory_model::choice_ws-ext_1_6_2_5_T_193| () Bool
    false)
  (define-fun |__CPROVER_threads_exited#1$wclk$8| () Int
    (- 64))
  (define-fun |z$w_buff0#12| () (_ BitVec 32)
    #x00000002)
  (define-fun |__CPROVER_next_thread_id#5$wclk$8| () Int
    (- 27))
  (define-fun |memory_model::choice_ws-ext_0_40_3_12_F_244| () Bool
    true)
  (define-fun |memory_model::choice_rf_4_44_3_17_T_15| () Bool
    true)
  (define-fun |memory_model::choice_ws-ext_0_35_4_17_F_238| () Bool
    true)
  (define-fun |memory_model::choice_rf_0_69_0_32_F_106| () Bool
    false)
  (define-fun |memory_model::choice_rf_0_85_0_40_F_139| () Bool
    false)
  (define-fun |memory_model::choice_rf_3_3_4_21_F_164| () Bool
    true)
  (define-fun |main$tmp_guard0#1$wclk$8| () Int
    (- 57))
  (define-fun |memory_model::choice_ws-ext_1_4_3_15_F_205| () Bool
    true)
  (define-fun |memory_model::choice_rf_0_48_0_44_T_17| () Bool
    true)
  (define-fun |memory_model::choice_ws-ext_0_12_3_15_F_202| () Bool
    true)
  (define-fun |memory_model::choice_rf_0_68_0_39_F_123| () Bool
    false)
  (define-fun |memory_model::choice_ws-ext_2_1_3_0_F_217| () Bool
    true)
  (define-fun |memory_model::choice_rf_0_67_0_42_F_168| () Bool
    false)
  (define-fun |memory_model::choice_rf_0_65_4_41_F_74| () Bool
    true)
  (define-fun |memory_model::choice_rf_4_30_4_21_F_167| () Bool
    true)
  (define-fun |__CPROVER_next_thread_id#9| () (_ BitVec 32)
    #x00000003)
  (define-fun |memory_model::choice_rf_4_36_0_96_F_155| () Bool
    false)
  (define-fun |memory_model::choice_rf_4_31_0_76_F_86| () Bool
    false)
  (define-fun |memory_model::choice_ws-ext_0_96_3_12_F_250| () Bool
    false)
  (define-fun |z#6| () (_ BitVec 32)
    #x00000002)
  (define-fun |memory_model::choice_rf_3_16_0_11_T_8| () Bool
    true)
  (define-fun |memory_model::choice_rf_0_58_0_54_T_24| () Bool
    true)
  (define-fun |memory_model::choice_ws-ext_0_22_2_0_F_199| () Bool
    true)
  (define-fun |memory_model::choice_rf_3_5_4_38_F_181| () Bool
    false)
  (define-fun |z$w_buff1#12| () (_ BitVec 32)
    #x00000000)
  (define-fun |memory_model::choice_rf_4_10_0_40_F_149| () Bool
    true)
  (define-fun |memory_model::choice_rf_4_28_1_0_F_60| () Bool
    false)
  (define-fun |memory_model::choice_ws-ext_0_31_4_14_F_230| () Bool
    true)
  (define-fun |__CPROVER_next_thread_id#2$wclk$8| () Int
    (- 31))
  (define-fun |__CPROVER_threads_exited#8$rclk$8| () Int
    (- 1))
  (define-fun |z$r_buff1_thd4#1$wclk$8| () Int
    (- 39))
  (define-fun |memory_model::choice_rf_1_5_2_5_T_1| () Bool
    false)
  (define-fun |memory_model::choice_rf_0_79_0_14_F_50| () Bool
    false)
  (define-fun |memory_model::choice_ws-ext_0_12_1_4_F_200| () Bool
    true)
  (define-fun |a#1$wclk$8| () Int
    (- 59))
  (define-fun |memory_model::choice_rf_3_2_0_99_F_82| () Bool
    false)
  (define-fun |memory_model::choice_rf_4_33_0_74_F_183| () Bool
    false)
  (define-fun |main::1::t1240!0@1#1$wclk$8| () Int
    (- 28))
  (define-fun |memory_model::choice_rf_4_9_0_27_F_95| () Bool
    true)
  (define-fun |__CPROVER_threads_exited#6| () (Array (_ BitVec 32) Bool)
    (lambda ((x!1 (_ BitVec 32))) (= x!1 #x00000000)))
  (define-fun |b#2$wclk$8| () Int
    (- 12))
  (define-fun |z#19| () (_ BitVec 32)
    #x00000001)
  (define-fun |memory_model::choice_rf_0_92_4_21_F_161| () Bool
    true)
  (define-fun |memory_model::choice_rf_0_83_0_76_F_76| () Bool
    true)
  (define-fun |memory_model::choice_ws-ext_3_13_4_41_F_228| () Bool
    true)
  (define-fun |memory_model::choice_rf_3_4_0_35_F_116| () Bool
    false)
  (define-fun |memory_model::choice_ws-ext_0_76_3_13_F_222| () Bool
    false)
  (define-fun |memory_model::choice_rf_2_4_1_6_T_5| () Bool
    false)
  (define-fun |memory_model::choice_rf_0_62_4_43_F_31| () Bool
    true)
  (define-fun |memory_model::choice_rf_1_3_2_3_F_33| () Bool
    true)
  (define-fun |memory_model::choice_rf_1_1_2_0_F_26| () Bool
    false)
  (define-fun |__CPROVER_threads_exited#8| () (Array (_ BitVec 32) Bool)
    (lambda ((x!1 (_ BitVec 32))) (= x!1 #x00000000)))
  (define-fun |memory_model::choice_rf_0_85_0_75_F_140| () Bool
    true)
  (define-fun |memory_model::choice_rf_0_88_3_10_F_174| () Bool
    false)
  (define-fun |memory_model::choice_rf_0_79_4_26_F_51| () Bool
    true)
  (define-fun |__unbuffered_p0_EAX#2| () (_ BitVec 32)
    #x00000000)
  (define-fun |memory_model::choice_rf_0_67_4_38_F_171| () Bool
    true)
  (define-fun |__unbuffered_cnt#1$wclk$8| () Int
    (- 63))
  (define-fun |memory_model::choice_rf_0_91_1_2_F_49| () Bool
    true)
  (define-fun |memory_model::choice_rf_4_5_0_29_F_99| () Bool
    true)
  (define-fun |memory_model::choice_rf_3_8_4_18_F_147| () Bool
    true)
  (define-fun |memory_model::choice_rf_0_86_0_27_F_93| () Bool
    false)
  (define-fun |memory_model::choice_ws-ext_1_4_2_3_F_204| () Bool
    false)
  (define-fun |z$r_buff0_thd0#1$wclk$8| () Int
    (- 48))
  (define-fun |memory_model::choice_rf_0_88_4_38_F_176| () Bool
    false)
  (define-fun |memory_model::choice_rf_0_68_4_20_F_124| () Bool
    true)
  (define-fun |memory_model::choice_ws-ext_0_42_3_10_F_257| () Bool
    true)
  (define-fun |memory_model::choice_ws-ext_0_93_4_15_F_234| () Bool
    false)
  (define-fun |__unbuffered_p3_EBX#6$wclk$8| () Int
    (- 13))
  (define-fun |memory_model::choice_ws-ext_0_75_3_12_F_247| () Bool
    false)
  (define-fun |__unbuffered_p0_EAX#1$wclk$8| () Int
    (- 62))
  (define-fun |memory_model::choice_rf_4_42_2_3_F_46| () Bool
    false)
  (define-fun |memory_model::choice_rf_0_64_0_63_F_62| () Bool
    true)
  (define-fun |__CPROVER_threads_exited#6$rclk$8| () Int
    (- 4))
  (define-fun |weak$$choice2#1$wclk$8| () Int
    (- 54))
  (define-fun |memory_model::choice_ws-ext_0_17_1_0_F_214| () Bool
    true)
  (define-fun |__CPROVER_threads_exited#7$wclk$8| () Int
    (- 2))
  (define-fun |z$w_buff0_used#11| () (_ BitVec 8)
    #x00)
  (define-fun |z$read_delayed#1$wclk$8| () Int
    (- 38))
  (define-fun |main$tmp_guard1#3$rclk$8| () Int
    0)
  (define-fun |__unbuffered_p3_EAX#1$wclk$8| () Int
    (- 61))
  (define-fun |main::1::t1240!0@1#2$wclk$8| () Int
    (- 26))
  (define-fun |memory_model::choice_rf_4_44_1_6_T_13| () Bool
    false)
  (define-fun |memory_model::choice_ws-ext_1_6_4_45_T_195| () Bool
    false)
  (define-fun |z$w_buff1_used#2| () (_ BitVec 8)
    #x00)
  (define-fun |memory_model::choice_rf_4_11_0_98_F_131| () Bool
    false)
  (define-fun array_of.0 () (Array (_ BitVec 32) Bool)
    (lambda ((x!1 (_ BitVec 32))) (= x!1 #x00000000)))
  (define-fun |main$tmp_guard0#2$wclk$8| () Int
    (- 3))
  (define-fun |memory_model::choice_rf_4_9_0_94_F_97| () Bool
    false)
  (define-fun |memory_model::choice_ws-ext_0_23_3_0_F_216| () Bool
    true)
  (define-fun |memory_model::choice_ws-ext_0_96_4_18_F_251| () Bool
    false)
  (define-fun |memory_model::choice_rf_3_2_4_41_F_84| () Bool
    false)
  (define-fun |memory_model::choice_ws-ext_0_76_4_41_F_223| () Bool
    false)
  (define-fun |memory_model::choice_ws-ext_0_41_4_21_F_255| () Bool
    true)
  (define-fun |memory_model::choice_rf_4_1_0_31_F_103| () Bool
    true)
  (define-fun |memory_model::choice_rf_4_42_0_12_F_44| () Bool
    false)
  (define-fun |main$tmp_guard1#6$rclk$8| () Int
    2)
  (define-fun |memory_model::choice_ws-ext_0_99_3_1_F_224| () Bool
    false)
  (define-fun |z$w_buff1#14$wclk$8| () Int
    (- 16))
  (define-fun |memory_model::choice_rf_1_3_3_15_F_34| () Bool
    false)
  (define-fun |memory_model::choice_ws-ext_0_74_4_38_F_262| () Bool
    false)
  (define-fun |memory_model::choice_rf_0_48_0_9_T_16| () Bool
    false)
  (define-fun |memory_model::choice_ws-ext_0_99_4_41_F_226| () Bool
    false)
  (define-fun |memory_model::choice_ws-ext_0_95_3_10_F_263| () Bool
    false)
  (define-fun |z$w_buff0#14| () (_ BitVec 32)
    #x00000000)
  (define-fun |memory_model::choice_ws-ext_1_4_4_43_F_206| () Bool
    true)
  (define-fun |memory_model::choice_ws-ext_2_3_4_43_F_208| () Bool
    true)
  (define-fun |x#4$wclk$8| () Int
    (- 10))
  (define-fun |z#5$wclk$8| () Int
    (- 1))
  (define-fun |memory_model::choice_rf_4_31_0_99_F_87| () Bool
    false)
  (define-fun |memory_model::choice_rf_4_35_0_31_F_104| () Bool
    false)
  (define-fun |memory_model::choice_rf_3_14_1_4_F_41| () Bool
    true)
  (define-fun |memory_model::choice_rf_4_42_1_4_F_45| () Bool
    false)
  (define-fun |memory_model::choice_rf_4_7_0_28_F_98| () Bool
    true)
  (define-fun |memory_model::choice_rf_0_67_4_19_F_170| () Bool
    false)
  (define-fun |memory_model::choice_rf_0_78_4_29_F_54| () Bool
    true)
  (define-fun |memory_model::choice_rf_3_6_4_20_F_129| () Bool
    true)
  (define-fun |main$tmp_guard0#3| () (_ BitVec 8)
    #x01)
  (define-fun |z#22$wclk$8| () Int
    (- 5))
  (define-fun |__unbuffered_p3_EBX#1$wclk$8| () Int
    (- 60))
  (define-fun |z$r_buff0_thd3#5| () (_ BitVec 8)
    #x00)
  (define-fun |memory_model::choice_ws-ext_0_96_4_40_F_252| () Bool
    false)
  (define-fun |__CPROVER_threads_exited#5$wclk$8| () Int
    (- 3))
  (define-fun |memory_model::choice_ws-ext_0_13_1_2_F_210| () Bool
    true)
  (define-fun |memory_model::choice_ws-ext_3_10_4_19_F_266| () Bool
    false)
  (define-fun |memory_model::choice_rf_4_25_0_16_F_57| () Bool
    false)
  (define-fun |__CPROVER_next_thread_id#3| () (_ BitVec 32)
    #x00000001)
  (define-fun |memory_model::choice_rf_0_65_3_1_F_72| () Bool
    false)
  (define-fun |memory_model::choice_rf_2_2_0_12_F_36| () Bool
    true)
  (define-fun |memory_model::choice_rf_3_16_2_5_T_10| () Bool
    false)
  (define-fun |memory_model::choice_rf_1_3_4_43_F_35| () Bool
    false)
  (define-fun |z$r_buff1_thd1#1$wclk$8| () Int
    (- 42))
  (define-fun |__CPROVER_next_thread_id#8$wclk$8| () Int
    (- 23))
  (define-fun |main::1::t1242!0@1#2$wclk$8| () Int
    (- 18))
  (define-fun |memory_model::choice_rf_0_65_3_13_F_73| () Bool
    false)
  (define-fun |__CPROVER_threads_exited#4$rclk$8| () Int
    (- 7))
  (define-fun t1$56$spwnclk$8 () Int
    (- 21))
  (define-fun |z$w_buff0_used#34| () (_ BitVec 8)
    #x00)
  (define-fun |memory_model::choice_rf_2_4_0_11_T_4| () Bool
    true)
  (define-fun |memory_model::choice_ws-ext_3_11_4_17_F_239| () Bool
    false)
  (define-fun |main$tmp_guard1#6| () (_ BitVec 8)
    #x00)
  (define-fun |memory_model::choice_rf_3_2_0_76_F_81| () Bool
    false)
  (define-fun |__CPROVER_pipe_count#1$wclk$8| () Int
    (- 65))
  (define-fun |__CPROVER_next_thread_id#1$wclk$8| () Int
    (- 66))
  (define-fun |__CPROVER_memory_leak#1$wclk$8| () Int
    (- 67))
  (define-fun |__CPROVER_malloc_size#1$wclk$8| () Int
    (- 68))
  (define-fun |__CPROVER_malloc_object#1$wclk$8| () Int
    (- 69))
  (define-fun |__CPROVER_malloc_is_new_array#1$wclk$8| () Int
    (- 70))
  (define-fun |__CPROVER_deallocated#1$wclk$8| () Int
    (- 71))
  (define-fun |__CPROVER_dead_object#1$wclk$8| () Int
    (- 72))
  (define-fun |main::1::t1242!0@1$wclk$8| () Int
    (- 73))
  (define-fun |main::1::t1241!0@1$wclk$8| () Int
    (- 74))
  (define-fun |main::1::t1240!0@1$wclk$8| () Int
    (- 75))
  (define-fun |memory_model::choice_rf_0_81_0_21_F_188| () Bool
    false)
  (define-fun |weak$$choice0#3| () (_ BitVec 8)
    #xff)
  (define-fun |memory_model::choice_rf_0_80_0_20_F_187| () Bool
    false)
  (define-fun |z$r_buff1_thd4#3| () (_ BitVec 8)
    #xff)
  (define-fun |memory_model::choice_rf_4_0_0_36_F_120| () Bool
    false)
  (define-fun |memory_model::choice_rf_4_2_3_11_F_119| () Bool
    false)
  (define-fun |memory_model::choice_rf_4_2_0_35_F_118| () Bool
    false)
  (define-fun |z$r_buff1_thd2#3| () (_ BitVec 8)
    #xff)
  (define-fun |memory_model::choice_rf_4_4_0_34_F_115| () Bool
    false)
  (define-fun |z$r_buff1_thd1#3| () (_ BitVec 8)
    #xff)
  (define-fun |memory_model::choice_rf_4_6_0_33_F_114| () Bool
    false)
  (define-fun |memory_model::choice_rf_4_8_0_93_F_113| () Bool
    false)
  (define-fun |memory_model::choice_rf_4_8_0_72_F_112| () Bool
    false)
  (define-fun |memory_model::choice_rf_4_8_0_32_F_111| () Bool
    false)
  (define-fun |z$r_buff0_thd2#2| () (_ BitVec 8)
    #x00)
  (define-fun |z$r_buff0_thd1#2| () (_ BitVec 8)
    #x00)
  (define-fun |memory_model::choice_rf_0_90_0_26_F_91| () Bool
    false)
  (define-fun |memory_model::choice_rf_0_82_0_25_F_90| () Bool
    true)
  (define-fun |nondet_symex::nondet1| () (_ BitVec 32)
    #xffffffff)
  (define-fun |z$flush_delayed#3| () (_ BitVec 8)
    #x00)
  (define-fun |z$r_buff0_thd0#2| () (_ BitVec 8)
    #x00)
  (define-fun |main$tmp_guard1#3| () (_ BitVec 8)
    #xff)
  (define-fun |memory_model::choice_rf_0_77_0_19_F_63| () Bool
    false)
  (define-fun |a#3| () (_ BitVec 32)
    #xffffffff)
  (define-fun |memory_model::choice_rf_4_22_0_16_F_56| () Bool
    false)
  (define-fun |__unbuffered_p3_EBX#5| () (_ BitVec 32)
    #xffffffff)
  (define-fun |memory_model::choice_rf_4_27_0_15_F_55| () Bool
    false)
  (define-fun |__unbuffered_p3_EAX#5| () (_ BitVec 32)
    #xffffffff)
  (define-fun |memory_model::choice_rf_4_24_0_14_F_52| () Bool
    false)
  (define-fun |__unbuffered_cnt#13$rclk$8| () Int
    (- 4))
  (define-fun |z$w_buff1#15$rclk$8| () Int
    (- 5))
  (define-fun |z#19$rclk$8| () Int
    (- 5))
  (define-fun |z$r_buff1_thd4#5$rclk$8| () Int
    (- 5))
  (define-fun |z$w_buff1_used#25$rclk$8| () Int
    (- 5))
  (define-fun |z$w_buff0#17$rclk$8| () Int
    (- 5))
  (define-fun |z$r_buff0_thd4#6$rclk$8| () Int
    (- 5))
  (define-fun |z$w_buff0_used#37$rclk$8| () Int
    (- 5))
  (define-fun |z$r_buff0_thd4#14$wclk$8| () Int
    (- 5))
  (define-fun |z$w_buff1_used#31$wclk$8| () Int
    (- 5))
  (define-fun |z$r_buff1_thd4#11$wclk$8| () Int
    (- 5))
  (define-fun |z$w_buff0_used#45$wclk$8| () Int
    (- 5))
  (define-fun |__unbuffered_p3_EBX#5$rclk$8| () Int
    (- 13))
  (define-fun |b#3$rclk$8| () Int
    (- 13))
  (define-fun |__unbuffered_p3_EAX#5$rclk$8| () Int
    (- 14))
  (define-fun |a#5$rclk$8| () Int
    (- 14))
  (define-fun |a#3$rclk$8| () Int
    (- 15))
  (define-fun |z$r_buff1_thd4#3$rclk$8| () Int
    (- 16))
  (define-fun |z$r_buff0_thd4#2$rclk$8| () Int
    (- 16))
  (define-fun |z$r_buff1_thd3#6$rclk$8| () Int
    (- 16))
  (define-fun |z$r_buff0_thd3#5$rclk$8| () Int
    (- 16))
  (define-fun |z$r_buff1_thd2#3$rclk$8| () Int
    (- 16))
  (define-fun |z$r_buff0_thd2#2$rclk$8| () Int
    (- 16))
  (define-fun |z$r_buff1_thd1#3$rclk$8| () Int
    (- 16))
  (define-fun |z$r_buff0_thd1#2$rclk$8| () Int
    (- 16))
  (define-fun |z$r_buff1_thd0#22$rclk$8| () Int
    (- 16))
  (define-fun |z$r_buff0_thd0#38$rclk$8| () Int
    (- 16))
  (define-fun |z$w_buff0_used#34$rclk$8| () Int
    (- 16))
  (define-fun |z$w_buff0#14$rclk$8| () Int
    (- 16))
  (define-fun |z$r_buff1_thd2#4$wclk$8| () Int
    (- 16))
  (define-fun |z$r_buff1_thd1#4$wclk$8| () Int
    (- 16))
  (define-fun |z$r_buff0_thd4#5$wclk$8| () Int
    (- 16))
  (define-fun |z$r_buff1_thd0#23$wclk$8| () Int
    (- 16))
  (define-fun |z$r_buff1_thd4#4$wclk$8| () Int
    (- 16))
  (define-fun |z$r_buff1_thd3#7$wclk$8| () Int
    (- 16))
  (define-fun |z$w_buff0_used#36$wclk$8| () Int
    (- 16))
  (define-fun |z$w_buff1_used#24$wclk$8| () Int
    (- 16))
  (define-fun |z$w_buff0#16$wclk$8| () Int
    (- 16))
  (define-fun |__unbuffered_cnt#10$rclk$8| () Int
    (- 5))
  (define-fun |z#16$rclk$8| () Int
    (- 6))
  (define-fun |z$w_buff1#12$rclk$8| () Int
    (- 6))
  (define-fun |z$r_buff1_thd3#2$rclk$8| () Int
    (- 6))
  (define-fun |z$w_buff1_used#21$rclk$8| () Int
    (- 6))
  (define-fun |z$w_buff0#12$rclk$8| () Int
    (- 6))
  (define-fun |z$r_buff0_thd3#2$rclk$8| () Int
    (- 6))
  (define-fun |z$w_buff0_used#31$rclk$8| () Int
    (- 6))
  (define-fun |z$r_buff0_thd3#4$wclk$8| () Int
    (- 6))
  (define-fun |z$w_buff1_used#23$wclk$8| () Int
    (- 6))
  (define-fun |z$r_buff1_thd3#4$wclk$8| () Int
    (- 6))
  (define-fun |z$w_buff0_used#33$wclk$8| () Int
    (- 6))
  (define-fun |__unbuffered_cnt#7$rclk$8| () Int
    (- 8))
  (define-fun |__unbuffered_cnt#4$rclk$8| () Int
    (- 7))
  (define-fun |x#2$rclk$8| () Int
    (- 11))
  (define-fun |z$flush_delayed#7$wclk$8| () Int
    0)
  (define-fun |z$mem_tmp#5$wclk$8| () Int
    0)
  (define-fun |weak$$choice2#11$wclk$8| () Int
    0)
  (define-fun |__unbuffered_p3_EBX#2$rclk$8| () Int
    0)
  (define-fun |__unbuffered_p3_EAX#2$rclk$8| () Int
    0)
  (define-fun |weak$$choice0#3$rclk$8| () Int
    0)
  (define-fun |weak$$choice2#3$rclk$8| () Int
    0)
  (define-fun |z$flush_delayed#3$rclk$8| () Int
    0)
  (define-fun |z#6$rclk$8| () Int
    0)
  (define-fun |y#2$rclk$8| () Int
    0)
  (define-fun |z$w_buff0_used#11$rclk$8| () Int
    0)
  (define-fun |z$r_buff0_thd0#11$rclk$8| () Int
    0)
  (define-fun |z$r_buff1_thd0#9$rclk$8| () Int
    0)
  (define-fun |z$w_buff1_used#9$rclk$8| () Int
    0)
  (define-fun |z$w_buff0#4$rclk$8| () Int
    0)
  (define-fun |z$mem_tmp#3$rclk$8| () Int
    0)
  (define-fun |__unbuffered_p0_EAX#2$rclk$8| () Int
    0)
  (define-fun |z$w_buff1#4$rclk$8| () Int
    0)
  (define-fun |z$r_buff1_thd0#20$wclk$8| () Int
    0)
  (define-fun |z$r_buff0_thd0#37$wclk$8| () Int
    0)
  (define-fun |z$w_buff1_used#20$wclk$8| () Int
    0)
  (define-fun |z$w_buff0_used#30$wclk$8| () Int
    0)
  (define-fun |z$w_buff1#11$wclk$8| () Int
    0)
  (define-fun |z$w_buff0#11$wclk$8| () Int
    0)
  (define-fun |z#14$wclk$8| () Int
    0)
  (define-fun |z#2$rclk$8| () Int
    (- 1))
  (define-fun |z$w_buff1#2$rclk$8| () Int
    (- 1))
  (define-fun |z$w_buff1_used#2$rclk$8| () Int
    (- 1))
  (define-fun |z$w_buff0#2$rclk$8| () Int
    (- 1))
  (define-fun |z$r_buff1_thd0#2$rclk$8| () Int
    (- 1))
  (define-fun |z$r_buff0_thd0#2$rclk$8| () Int
    (- 1))
  (define-fun |z$w_buff0_used#2$rclk$8| () Int
    (- 1))
  (define-fun |z$r_buff1_thd0#8$wclk$8| () Int
    (- 1))
  (define-fun |z$r_buff0_thd0#10$wclk$8| () Int
    (- 1))
  (define-fun |z$w_buff1_used#8$wclk$8| () Int
    (- 1))
  (define-fun |z$w_buff0_used#10$wclk$8| () Int
    (- 1))
  (define-fun |__unbuffered_cnt#2$rclk$8| () Int
    (- 3))
  (define-fun |__CPROVER_next_thread_id#9$rclk$8| () Int
    (- 19))
  (define-fun |__CPROVER_next_thread_id#6$rclk$8| () Int
    (- 23))
  (define-fun |__CPROVER_next_thread_id#3$rclk$8| () Int
    (- 27))
  (define-fun |memory_model::choice_rf_3_7_0_30_F_100| () Bool
    true)
  (define-fun |z$r_buff0_thd3#2| () (_ BitVec 8)
    #x00)
  (define-fun |__unbuffered_cnt#15| () (_ BitVec 32)
    #x00000004)
  (define-fun |z$r_buff1_thd4#10| () (_ BitVec 8)
    #x00)
  (define-fun |z$r_buff0_thd4#12| () (_ BitVec 8)
    #x01)
  (define-fun |z$w_buff1_used#29| () (_ BitVec 8)
    #x00)
  (define-fun |z$w_buff0_used#41| () (_ BitVec 8)
    #x00)
  (define-fun |z#21| () (_ BitVec 32)
    #x00000002)
  (define-fun |__unbuffered_p3_EBX#4| () (_ BitVec 32)
    #x00000000)
  (define-fun |__unbuffered_p3_EAX#4| () (_ BitVec 32)
    #x00000001)
  (define-fun |a#2| () (_ BitVec 32)
    #x00000001)
  (define-fun |z$r_buff0_thd4#4| () (_ BitVec 8)
    #x01)
  (define-fun |z$r_buff1_thd4#2| () (_ BitVec 8)
    #x00)
  (define-fun |z$r_buff1_thd3#5| () (_ BitVec 8)
    #x00)
  (define-fun |z$r_buff1_thd2#2| () (_ BitVec 8)
    #x00)
  (define-fun |z$r_buff1_thd1#2| () (_ BitVec 8)
    #x00)
  (define-fun |z$r_buff1_thd0#21| () (_ BitVec 8)
    #x00)
  (define-fun |z$flush_delayed#6| () (_ BitVec 8)
    #x00)
  (define-fun |z#13| () (_ BitVec 32)
    #x00000002)
  (define-fun |z$r_buff1_thd0#19| () (_ BitVec 8)
    #x00)
  (define-fun |z$r_buff0_thd0#33| () (_ BitVec 8)
    #x00)
  (define-fun |z$w_buff1_used#17| () (_ BitVec 8)
    #x00)
  (define-fun |z$w_buff0_used#23| () (_ BitVec 8)
    #x00)
  (define-fun |z$w_buff1#10| () (_ BitVec 32)
    #x00000000)
  (define-fun |z$w_buff0#10| () (_ BitVec 32)
    #x00000002)
  (define-fun |z#9| () (_ BitVec 32)
    #x00000002)
  (define-fun |z$mem_tmp#2| () (_ BitVec 32)
    #x00000002)
  (define-fun |z$flush_delayed#2| () (_ BitVec 8)
    #x01)
  (define-fun |weak$$choice2#2| () (_ BitVec 8)
    #x01)
  (define-fun |nondet_symex::nondet0| () (_ BitVec 32)
    #x00000000)
  (define-fun |weak$$choice0#2| () (_ BitVec 8)
    #x00)
  (define-fun |z$r_buff1_thd0#7| () (_ BitVec 8)
    #x00)
  (define-fun |z$r_buff0_thd0#8| () (_ BitVec 8)
    #x00)
  (define-fun |z$w_buff1_used#6| () (_ BitVec 8)
    #x00)
  (define-fun |z$w_buff0_used#6| () (_ BitVec 8)
    #x00)
  (define-fun |z#4| () (_ BitVec 32)
    #x00000002)
  (define-fun |main::1::t1239!0@1#1| () (_ BitVec 32)
    #x00000000)
  (define-fun |pthread_create::1::this_thread_id!0@1#1| () (_ BitVec 32)
    #x00000000)
  (define-fun |main::1::t1240!0@1#1| () (_ BitVec 32)
    #x00000000)
  (define-fun |pthread_create::1::this_thread_id!0@2#1| () (_ BitVec 32)
    #x00000000)
  (define-fun |main::1::t1241!0@1#1| () (_ BitVec 32)
    #x00000000)
  (define-fun |pthread_create::1::this_thread_id!0@3#1| () (_ BitVec 32)
    #x00000000)
  (define-fun |main::1::t1242!0@1#1| () (_ BitVec 32)
    #x00000000)
  (define-fun |pthread_create::1::this_thread_id!0@4#1| () (_ BitVec 32)
    #x00000000)
  (define-fun |main::$tmp::return_value___VERIFIER_nondet_pointer$1!0@1#1| () (_ BitVec 32)
    #x00000000)
  (define-fun |main::$tmp::return_value___VERIFIER_nondet_pointer$2!0@1#1| () (_ BitVec 32)
    #x00000000)
  (define-fun |P0::$tmp::return_value___VERIFIER_nondet_pointer$1!1@1#1| () (_ BitVec 32)
    #x00000000)
  (define-fun |P1::$tmp::return_value___VERIFIER_nondet_pointer$1!2@1#1| () (_ BitVec 32)
    #x00000000)
  (define-fun |P2::$tmp::return_value___VERIFIER_nondet_pointer$1!3@1#1| () (_ BitVec 32)
    #x00000000)
  (define-fun |P3::$tmp::return_value___VERIFIER_nondet_pointer$1!4@1#1| () (_ BitVec 32)
    #x00000000)
  (define-fun |nondet_symex::nondet2| () (_ BitVec 32)
    #x00000000)
  (define-fun |nondet_symex::nondet3| () (_ BitVec 32)
    #x00000000)
  (define-fun |nondet_symex::nondet4| () (_ BitVec 32)
    #x00000000)
  (define-fun |nondet_symex::nondet5| () (_ BitVec 32)
    #x00000000)
  (define-fun |main::1::t1239!0@1| () (_ BitVec 32)
    #x00000000)
  (define-fun |main::1::t1240!0@1| () (_ BitVec 32)
    #x00000000)
  (define-fun |main::1::t1241!0@1| () (_ BitVec 32)
    #x00000000)
  (define-fun |main::1::t1242!0@1| () (_ BitVec 32)
    #x00000000)
  (define-fun |weak$$choice2#3| () (_ BitVec 8)
    #x00)
  (define-fun |z$mem_tmp#3| () (_ BitVec 32)
    #x00000000)
  (define-fun |z$r_buff1_thd0#22| () (_ BitVec 8)
    #x00)
  (define-fun |z$r_buff1_thd3#6| () (_ BitVec 8)
    #x00)
)
(:added-eqs               2349
 :arith-add-rows          9031
 :arith-assert-lower      313
 :arith-assert-upper      464
 :arith-bound-prop        326
 :arith-conflicts         3
 :arith-eq-adapter        2
 :arith-offset-eqs        7
 :arith-pivots            249
 :array-ax1               4
 :array-ax2               6
 :array-def-store         3
 :array-exp-ax2           2
 :binary-propagations     5307
 :bv-bit2core             8207
 :bv-diseqs               6
 :bv-dynamic-diseqs       19
 :bv->core-eq             96
 :conflicts               105
 :decisions               1029
 :del-clause              881
 :eliminated-applications 53
 :eliminated-vars         128
 :final-checks            2
 :max-memory              7.99
 :memory                  4.98
 :minimized-lits          223
 :mk-bool-var             2903
 :mk-clause               1880
 :num-allocs              9842376
 :num-checks              1
 :propagations            9317
 :restarts                1
 :rlimit-count            838187
 :time                    0.04
 :total-time              0.06)

real	0m0.067s
user	0m0.057s
sys	0m0.010s
State: AC Run_time: 0.06889152526855469