num of guard = 5
num of elim = 176
num of guard = 5
num of elim = 0
unsat
(error "line 12876 column 17: model is not available")
(error "line 12877 column 17: model is not available")
(error "line 12878 column 18: model is not available")
(error "line 12879 column 19: model is not available")
(error "line 12880 column 19: model is not available")
(error "line 12881 column 19: model is not available")
(error "line 12882 column 19: model is not available")
(error "line 12883 column 19: model is not available")
(error "line 12884 column 19: model is not available")
(error "line 12885 column 19: model is not available")
(error "line 12886 column 19: model is not available")
(error "line 12887 column 19: model is not available")
(error "line 12888 column 19: model is not available")
(error "line 12889 column 18: model is not available")
(error "line 12890 column 19: model is not available")
(error "line 12891 column 19: model is not available")
(error "line 12892 column 19: model is not available")
(error "line 12893 column 19: model is not available")
(error "line 12894 column 19: model is not available")
(error "line 12895 column 19: model is not available")
(error "line 12896 column 19: model is not available")
(error "line 12897 column 19: model is not available")
(error "line 12898 column 19: model is not available")
(error "line 12899 column 19: model is not available")
(error "line 12900 column 18: model is not available")
(error "line 12901 column 19: model is not available")
(error "line 12902 column 19: model is not available")
(error "line 12903 column 19: model is not available")
(error "line 12904 column 19: model is not available")
(error "line 12905 column 19: model is not available")
(error "line 12906 column 19: model is not available")
(error "line 12907 column 19: model is not available")
(error "line 12908 column 19: model is not available")
(error "line 12909 column 19: model is not available")
(error "line 12910 column 19: model is not available")
(error "line 12911 column 18: model is not available")
(error "line 12912 column 19: model is not available")
(error "line 12913 column 19: model is not available")
(error "line 12914 column 19: model is not available")
(error "line 12915 column 19: model is not available")
(error "line 12916 column 19: model is not available")
(error "line 12917 column 19: model is not available")
(error "line 12918 column 19: model is not available")
(error "line 12919 column 19: model is not available")
(error "line 12920 column 19: model is not available")
(error "line 12921 column 19: model is not available")
(error "line 12922 column 18: model is not available")
(error "line 12923 column 19: model is not available")
(error "line 12924 column 19: model is not available")
(error "line 12925 column 19: model is not available")
(error "line 12926 column 19: model is not available")
(error "line 12927 column 19: model is not available")
(error "line 12928 column 19: model is not available")
(error "line 12929 column 19: model is not available")
(error "line 12930 column 19: model is not available")
(error "line 12931 column 19: model is not available")
(error "line 12932 column 19: model is not available")
(error "line 12933 column 18: model is not available")
(error "line 12934 column 19: model is not available")
(error "line 12935 column 19: model is not available")
(error "line 12936 column 19: model is not available")
(error "line 12937 column 19: model is not available")
(error "line 12938 column 19: model is not available")
(error "line 12939 column 19: model is not available")
(error "line 12940 column 19: model is not available")
(error "line 12941 column 19: model is not available")
(error "line 12942 column 19: model is not available")
(error "line 12943 column 19: model is not available")
(error "line 12944 column 18: model is not available")
(error "line 12945 column 19: model is not available")
(error "line 12946 column 19: model is not available")
(error "line 12947 column 19: model is not available")
(error "line 12948 column 19: model is not available")
(error "line 12949 column 19: model is not available")
(error "line 12950 column 19: model is not available")
(error "line 12951 column 19: model is not available")
(error "line 12952 column 19: model is not available")
(error "line 12953 column 19: model is not available")
(error "line 12954 column 19: model is not available")
(error "line 12955 column 18: model is not available")
(error "line 12956 column 19: model is not available")
(error "line 12957 column 19: model is not available")
(error "line 12958 column 19: model is not available")
(error "line 12959 column 19: model is not available")
(error "line 12960 column 19: model is not available")
(error "line 12961 column 19: model is not available")
(error "line 12962 column 19: model is not available")
(error "line 12963 column 19: model is not available")
(error "line 12964 column 19: model is not available")
(error "line 12965 column 19: model is not available")
(error "line 12966 column 18: model is not available")
(error "line 12967 column 19: model is not available")
(error "line 12968 column 19: model is not available")
(error "line 12969 column 19: model is not available")
(error "line 12970 column 19: model is not available")
(error "line 12971 column 19: model is not available")
(error "line 12972 column 19: model is not available")
(error "line 12973 column 19: model is not available")
(error "line 12974 column 19: model is not available")
(error "line 12975 column 19: model is not available")
(error "line 12976 column 19: model is not available")
(error "line 12977 column 18: model is not available")
(error "line 12978 column 19: model is not available")
(error "line 12979 column 19: model is not available")
(error "line 12980 column 19: model is not available")
(error "line 12981 column 19: model is not available")
(error "line 12982 column 19: model is not available")
(error "line 12983 column 19: model is not available")
(error "line 12984 column 19: model is not available")
(error "line 12985 column 19: model is not available")
(error "line 12986 column 19: model is not available")
(error "line 12987 column 19: model is not available")
(error "line 12988 column 17: model is not available")
(error "line 12989 column 18: model is not available")
(error "line 12990 column 19: model is not available")
(error "line 12991 column 19: model is not available")
(error "line 12992 column 19: model is not available")
(error "line 12993 column 19: model is not available")
(error "line 12994 column 19: model is not available")
(error "line 12995 column 19: model is not available")
(error "line 12996 column 19: model is not available")
(error "line 12997 column 19: model is not available")
(error "line 12998 column 19: model is not available")
(error "line 12999 column 19: model is not available")
(error "line 13000 column 18: model is not available")
(error "line 13001 column 19: model is not available")
(error "line 13002 column 19: model is not available")
(error "line 13003 column 19: model is not available")
(error "line 13004 column 19: model is not available")
(error "line 13005 column 19: model is not available")
(error "line 13006 column 19: model is not available")
(error "line 13007 column 19: model is not available")
(error "line 13008 column 19: model is not available")
(error "line 13009 column 19: model is not available")
(error "line 13010 column 19: model is not available")
(error "line 13011 column 18: model is not available")
(error "line 13012 column 19: model is not available")
(error "line 13013 column 19: model is not available")
(error "line 13014 column 19: model is not available")
(error "line 13015 column 19: model is not available")
(error "line 13016 column 19: model is not available")
(error "line 13017 column 19: model is not available")
(error "line 13018 column 19: model is not available")
(error "line 13019 column 19: model is not available")
(error "line 13020 column 19: model is not available")
(error "line 13021 column 19: model is not available")
(error "line 13022 column 18: model is not available")
(error "line 13023 column 19: model is not available")
(error "line 13024 column 19: model is not available")
(error "line 13025 column 19: model is not available")
(error "line 13026 column 19: model is not available")
(error "line 13027 column 19: model is not available")
(error "line 13028 column 19: model is not available")
(error "line 13029 column 19: model is not available")
(error "line 13030 column 19: model is not available")
(error "line 13031 column 19: model is not available")
(error "line 13032 column 19: model is not available")
(error "line 13033 column 18: model is not available")
(error "line 13034 column 19: model is not available")
(error "line 13035 column 19: model is not available")
(error "line 13036 column 19: model is not available")
(error "line 13037 column 19: model is not available")
(error "line 13038 column 19: model is not available")
(error "line 13039 column 19: model is not available")
(error "line 13040 column 19: model is not available")
(error "line 13041 column 19: model is not available")
(error "line 13042 column 19: model is not available")
(error "line 13043 column 19: model is not available")
(error "line 13044 column 18: model is not available")
(error "line 13045 column 19: model is not available")
(error "line 13046 column 19: model is not available")
(error "line 13047 column 19: model is not available")
(error "line 13048 column 19: model is not available")
(error "line 13049 column 19: model is not available")
(error "line 13050 column 19: model is not available")
(error "line 13051 column 19: model is not available")
(error "line 13052 column 19: model is not available")
(error "line 13053 column 19: model is not available")
(error "line 13054 column 19: model is not available")
(error "line 13055 column 18: model is not available")
(error "line 13056 column 19: model is not available")
(error "line 13057 column 19: model is not available")
(error "line 13058 column 19: model is not available")
(error "line 13059 column 19: model is not available")
(error "line 13060 column 19: model is not available")
(error "line 13061 column 19: model is not available")
(error "line 13062 column 19: model is not available")
(error "line 13063 column 19: model is not available")
(error "line 13064 column 19: model is not available")
(error "line 13065 column 19: model is not available")
(error "line 13066 column 18: model is not available")
(error "line 13067 column 19: model is not available")
(error "line 13068 column 19: model is not available")
(error "line 13069 column 19: model is not available")
(error "line 13070 column 19: model is not available")
(error "line 13071 column 19: model is not available")
(error "line 13072 column 19: model is not available")
(error "line 13073 column 19: model is not available")
(error "line 13074 column 19: model is not available")
(error "line 13075 column 19: model is not available")
(error "line 13076 column 19: model is not available")
(error "line 13077 column 18: model is not available")
(error "line 13078 column 19: model is not available")
(error "line 13079 column 19: model is not available")
(error "line 13080 column 19: model is not available")
(error "line 13081 column 19: model is not available")
(error "line 13082 column 19: model is not available")
(error "line 13083 column 19: model is not available")
(error "line 13084 column 19: model is not available")
(error "line 13085 column 19: model is not available")
(error "line 13086 column 19: model is not available")
(error "line 13087 column 19: model is not available")
(error "line 13088 column 18: model is not available")
(error "line 13089 column 19: model is not available")
(error "line 13090 column 19: model is not available")
(error "line 13091 column 19: model is not available")
(error "line 13092 column 19: model is not available")
(error "line 13093 column 19: model is not available")
(error "line 13094 column 19: model is not available")
(error "line 13095 column 19: model is not available")
(error "line 13096 column 19: model is not available")
(error "line 13097 column 19: model is not available")
(error "line 13098 column 19: model is not available")
(error "line 13099 column 17: model is not available")
(error "line 13100 column 18: model is not available")
(error "line 13101 column 19: model is not available")
(error "line 13102 column 19: model is not available")
(error "line 13103 column 19: model is not available")
(error "line 13104 column 19: model is not available")
(error "line 13105 column 19: model is not available")
(error "line 13106 column 19: model is not available")
(error "line 13107 column 19: model is not available")
(error "line 13108 column 19: model is not available")
(error "line 13109 column 19: model is not available")
(error "line 13110 column 19: model is not available")
(error "line 13111 column 18: model is not available")
(error "line 13112 column 19: model is not available")
(error "line 13113 column 19: model is not available")
(error "line 13114 column 19: model is not available")
(error "line 13115 column 19: model is not available")
(error "line 13116 column 19: model is not available")
(error "line 13117 column 19: model is not available")
(error "line 13118 column 19: model is not available")
(error "line 13119 column 19: model is not available")
(error "line 13120 column 19: model is not available")
(error "line 13121 column 19: model is not available")
(error "line 13122 column 18: model is not available")
(error "line 13123 column 19: model is not available")
(error "line 13124 column 19: model is not available")
(error "line 13125 column 19: model is not available")
(error "line 13126 column 19: model is not available")
(error "line 13127 column 19: model is not available")
(error "line 13128 column 19: model is not available")
(error "line 13129 column 19: model is not available")
(error "line 13130 column 19: model is not available")
(error "line 13131 column 19: model is not available")
(error "line 13132 column 19: model is not available")
(error "line 13133 column 18: model is not available")
(error "line 13134 column 19: model is not available")
(error "line 13135 column 19: model is not available")
(error "line 13136 column 19: model is not available")
(error "line 13137 column 19: model is not available")
(error "line 13138 column 19: model is not available")
(error "line 13139 column 19: model is not available")
(error "line 13140 column 19: model is not available")
(error "line 13141 column 19: model is not available")
(error "line 13142 column 19: model is not available")
(error "line 13143 column 19: model is not available")
(error "line 13144 column 18: model is not available")
(error "line 13145 column 19: model is not available")
(error "line 13146 column 19: model is not available")
(error "line 13147 column 19: model is not available")
(error "line 13148 column 19: model is not available")
(error "line 13149 column 19: model is not available")
(error "line 13150 column 19: model is not available")
(error "line 13151 column 19: model is not available")
(error "line 13152 column 19: model is not available")
(error "line 13153 column 19: model is not available")
(error "line 13154 column 19: model is not available")
(error "line 13155 column 18: model is not available")
(error "line 13156 column 19: model is not available")
(error "line 13157 column 19: model is not available")
(error "line 13158 column 19: model is not available")
(error "line 13159 column 19: model is not available")
(error "line 13160 column 19: model is not available")
(error "line 13161 column 19: model is not available")
(error "line 13162 column 19: model is not available")
(error "line 13163 column 19: model is not available")
(error "line 13164 column 19: model is not available")
(error "line 13165 column 19: model is not available")
(error "line 13166 column 18: model is not available")
(error "line 13167 column 19: model is not available")
(error "line 13168 column 19: model is not available")
(error "line 13169 column 19: model is not available")
(error "line 13170 column 19: model is not available")
(error "line 13171 column 19: model is not available")
(error "line 13172 column 19: model is not available")
(error "line 13173 column 19: model is not available")
(error "line 13174 column 19: model is not available")
(error "line 13175 column 19: model is not available")
(error "line 13176 column 19: model is not available")
(error "line 13177 column 18: model is not available")
(error "line 13178 column 19: model is not available")
(error "line 13179 column 19: model is not available")
(error "line 13180 column 19: model is not available")
(error "line 13181 column 19: model is not available")
(error "line 13182 column 19: model is not available")
(error "line 13183 column 19: model is not available")
(error "line 13184 column 19: model is not available")
(error "line 13185 column 19: model is not available")
(error "line 13186 column 19: model is not available")
(error "line 13187 column 19: model is not available")
(error "line 13188 column 18: model is not available")
(error "line 13189 column 19: model is not available")
(error "line 13190 column 19: model is not available")
(error "line 13191 column 19: model is not available")
(error "line 13192 column 19: model is not available")
(error "line 13193 column 19: model is not available")
(error "line 13194 column 19: model is not available")
(error "line 13195 column 19: model is not available")
(error "line 13196 column 19: model is not available")
(error "line 13197 column 19: model is not available")
(error "line 13198 column 19: model is not available")
(error "line 13199 column 18: model is not available")
(error "line 13200 column 19: model is not available")
(error "line 13201 column 19: model is not available")
(error "line 13202 column 19: model is not available")
(error "line 13203 column 19: model is not available")
(error "line 13204 column 19: model is not available")
(error "line 13205 column 19: model is not available")
(error "line 13206 column 19: model is not available")
(error "line 13207 column 19: model is not available")
(error "line 13208 column 19: model is not available")
(error "line 13209 column 19: model is not available")
(error "line 13210 column 17: model is not available")
(error "line 13211 column 18: model is not available")
(error "line 13212 column 19: model is not available")
(error "line 13213 column 19: model is not available")
(error "line 13214 column 19: model is not available")
(error "line 13215 column 19: model is not available")
(error "line 13216 column 19: model is not available")
(error "line 13217 column 19: model is not available")
(error "line 13218 column 19: model is not available")
(error "line 13219 column 19: model is not available")
(error "line 13220 column 19: model is not available")
(error "line 13221 column 19: model is not available")
(error "line 13222 column 18: model is not available")
(error "line 13223 column 19: model is not available")
(error "line 13224 column 19: model is not available")
(error "line 13225 column 19: model is not available")
(error "line 13226 column 19: model is not available")
(error "line 13227 column 19: model is not available")
(error "line 13228 column 19: model is not available")
(error "line 13229 column 19: model is not available")
(error "line 13230 column 19: model is not available")
(error "line 13231 column 19: model is not available")
(error "line 13232 column 19: model is not available")
(error "line 13233 column 18: model is not available")
(error "line 13234 column 19: model is not available")
(error "line 13235 column 19: model is not available")
(error "line 13236 column 19: model is not available")
(error "line 13237 column 19: model is not available")
(error "line 13238 column 19: model is not available")
(error "line 13239 column 19: model is not available")
(error "line 13240 column 19: model is not available")
(error "line 13241 column 19: model is not available")
(error "line 13242 column 19: model is not available")
(error "line 13243 column 19: model is not available")
(error "line 13244 column 18: model is not available")
(error "line 13245 column 19: model is not available")
(error "line 13246 column 19: model is not available")
(error "line 13247 column 19: model is not available")
(error "line 13248 column 19: model is not available")
(error "line 13249 column 19: model is not available")
(error "line 13250 column 19: model is not available")
(error "line 13251 column 19: model is not available")
(error "line 13252 column 19: model is not available")
(error "line 13253 column 19: model is not available")
(error "line 13254 column 18: model is not available")
(error "line 13255 column 18: model is not available")
(error "line 13256 column 18: model is not available")
(error "line 13257 column 18: model is not available")
(error "line 13258 column 18: model is not available")
(error "line 13259 column 18: model is not available")
(error "line 13260 column 17: model is not available")
(error "line 13261 column 18: model is not available")
(error "line 13262 column 18: model is not available")
(error "line 13263 column 18: model is not available")
(error "line 13264 column 18: model is not available")
(error "line 13265 column 18: model is not available")
(error "line 13266 column 18: model is not available")
(error "line 13267 column 18: model is not available")
(error "line 13268 column 18: model is not available")
(error "line 13269 column 18: model is not available")
(error "line 13270 column 18: model is not available")
(error "line 13271 column 17: model is not available")
(error "line 13272 column 18: model is not available")
(error "line 13273 column 18: model is not available")
(error "line 13274 column 18: model is not available")
(error "line 13275 column 18: model is not available")
(error "line 13276 column 18: model is not available")
(error "line 13277 column 18: model is not available")
(error "line 13278 column 18: model is not available")
(error "line 13279 column 18: model is not available")
(error "line 13280 column 18: model is not available")
(error "line 13281 column 18: model is not available")
(error "line 13282 column 17: model is not available")
(error "line 13283 column 18: model is not available")
(error "line 13284 column 18: model is not available")
(error "line 13285 column 18: model is not available")
(error "line 13286 column 18: model is not available")
(error "line 13287 column 18: model is not available")
(error "line 13288 column 18: model is not available")
(error "line 13289 column 18: model is not available")
(error "line 13290 column 18: model is not available")
(error "line 13291 column 18: model is not available")
(error "line 13292 column 18: model is not available")
(error "line 13293 column 17: model is not available")
(error "line 13294 column 18: model is not available")
(error "line 13295 column 18: model is not available")
(error "line 13296 column 18: model is not available")
(error "line 13297 column 18: model is not available")
(error "line 13298 column 18: model is not available")
(error "line 13299 column 18: model is not available")
(error "line 13300 column 18: model is not available")
(error "line 13301 column 18: model is not available")
(error "line 13302 column 18: model is not available")
(error "line 13303 column 18: model is not available")
(error "line 13304 column 17: model is not available")
(error "line 13305 column 18: model is not available")
(error "line 13306 column 18: model is not available")
(error "line 13307 column 18: model is not available")
(error "line 13308 column 18: model is not available")
(error "line 13309 column 18: model is not available")
(error "line 13310 column 18: model is not available")
(error "line 13311 column 18: model is not available")
(error "line 13312 column 18: model is not available")
(error "line 13313 column 18: model is not available")
(error "line 13314 column 18: model is not available")
(error "line 13315 column 34: model is not available")
(error "line 13316 column 34: model is not available")
(error "line 13317 column 34: model is not available")
(error "line 13318 column 71: model is not available")
(error "line 13319 column 71: model is not available")
(error "line 13320 column 28: model is not available")
(error "line 13321 column 34: model is not available")
(error "line 13322 column 34: model is not available")
(error "line 13323 column 34: model is not available")
(error "line 13324 column 71: model is not available")
(error "line 13325 column 71: model is not available")
(error "line 13326 column 28: model is not available")
(error "line 13327 column 38: model is not available")
(error "line 13328 column 45: model is not available")
(error "line 13329 column 38: model is not available")
(error "line 13330 column 45: model is not available")
(error "line 13331 column 46: model is not available")
(error "line 13332 column 53: model is not available")
(error "line 13333 column 40: model is not available")
(error "line 13334 column 47: model is not available")
(error "line 13335 column 38: model is not available")
(error "line 13336 column 45: model is not available")
(error "line 13337 column 38: model is not available")
(error "line 13338 column 45: model is not available")
(error "line 13339 column 41: model is not available")
(error "line 13340 column 48: model is not available")
(error "line 13341 column 41: model is not available")
(error "line 13342 column 48: model is not available")
(error "line 13343 column 41: model is not available")
(error "line 13344 column 48: model is not available")
(error "line 13345 column 41: model is not available")
(error "line 13346 column 41: model is not available")
(error "line 13347 column 48: model is not available")
(error "line 13348 column 37: model is not available")
(error "line 13349 column 44: model is not available")
(error "line 13350 column 42: model is not available")
(error "line 13351 column 42: model is not available")
(error "line 13352 column 42: model is not available")
(error "line 13353 column 38: model is not available")
(error "line 13354 column 38: model is not available")
(error "line 13355 column 38: model is not available")
(error "line 13356 column 38: model is not available")
(error "line 13357 column 38: model is not available")
(error "line 13358 column 41: model is not available")
(error "line 13359 column 48: model is not available")
(error "line 13360 column 41: model is not available")
(error "line 13361 column 48: model is not available")
(error "line 13362 column 41: model is not available")
(error "line 13363 column 48: model is not available")
(error "line 13364 column 41: model is not available")
(error "line 13365 column 48: model is not available")
(error "line 13366 column 41: model is not available")
(error "line 13367 column 48: model is not available")
(error "line 13368 column 50: model is not available")
(error "line 13369 column 50: model is not available")
(error "line 13370 column 54: model is not available")
(error "line 13371 column 54: model is not available")
(error "line 13372 column 57: model is not available")
(error "line 13373 column 57: model is not available")
(error "line 13374 column 33: model is not available")
(error "line 13375 column 40: model is not available")
(error "line 13376 column 34: model is not available")
(error "line 13377 column 41: model is not available")
(error "line 13378 column 33: model is not available")
(error "line 13379 column 40: model is not available")
(error "line 13380 column 33: model is not available")
(error "line 13381 column 33: model is not available")
(error "line 13382 column 40: model is not available")
(error "line 13383 column 33: model is not available")
(error "line 13384 column 33: model is not available")
(error "line 13385 column 40: model is not available")
(error "line 13386 column 33: model is not available")
(error "line 13387 column 40: model is not available")
(error "line 13388 column 33: model is not available")
(error "line 13389 column 33: model is not available")
(error "line 13390 column 36: model is not available")
(error "line 13391 column 43: model is not available")
(error "line 13392 column 36: model is not available")
(error "line 13393 column 43: model is not available")
(error "line 13394 column 36: model is not available")
(error "line 13395 column 36: model is not available")
(error "line 13396 column 43: model is not available")
(error "line 13397 column 36: model is not available")
(error "line 13398 column 43: model is not available")
(error "line 13399 column 36: model is not available")
(error "line 13400 column 43: model is not available")
(error "line 13401 column 36: model is not available")
(error "line 13402 column 36: model is not available")
(error "line 13403 column 36: model is not available")
(error "line 13404 column 43: model is not available")
(error "line 13405 column 36: model is not available")
(error "line 13406 column 43: model is not available")
(error "line 13407 column 36: model is not available")
(error "line 13408 column 43: model is not available")
(error "line 13409 column 36: model is not available")
(error "line 13410 column 43: model is not available")
(error "line 13411 column 36: model is not available")
(error "line 13412 column 36: model is not available")
(error "line 13413 column 36: model is not available")
(error "line 13414 column 43: model is not available")
(error "line 13415 column 36: model is not available")
(error "line 13416 column 43: model is not available")
(error "line 13417 column 38: model is not available")
(error "line 13418 column 38: model is not available")
(error "line 13419 column 36: model is not available")
(error "line 13420 column 36: model is not available")
(error "line 13421 column 36: model is not available")
(error "line 13422 column 32: model is not available")
(error "line 13423 column 39: model is not available")
(error "line 13424 column 32: model is not available")
(error "line 13425 column 39: model is not available")
(error "line 13426 column 32: model is not available")
(error "line 13427 column 39: model is not available")
(error "line 13428 column 32: model is not available")
(error "line 13429 column 39: model is not available")
(error "line 13430 column 32: model is not available")
(error "line 13431 column 32: model is not available")
(error "line 13432 column 39: model is not available")
(error "line 13433 column 32: model is not available")
(error "line 13434 column 39: model is not available")
(error "line 13435 column 32: model is not available")
(error "line 13436 column 39: model is not available")
(error "line 13437 column 32: model is not available")
(error "line 13438 column 39: model is not available")
(error "line 13439 column 33: model is not available")
(error "line 13440 column 35: model is not available")
(error "line 13441 column 42: model is not available")
(error "line 13442 column 35: model is not available")
(error "line 13443 column 42: model is not available")
(error "line 13444 column 33: model is not available")
(error "line 13445 column 35: model is not available")
(error "line 13446 column 42: model is not available")
(error "line 13447 column 35: model is not available")
(error "line 13448 column 42: model is not available")
(error "line 13449 column 40: model is not available")
(error "line 13450 column 52: model is not available")
(error "line 13451 column 51: model is not available")
(error "line 13452 column 53: model is not available")
(error "line 13453 column 53: model is not available")
(error "line 13454 column 53: model is not available")
(error "line 13455 column 53: model is not available")
(error "line 13456 column 53: model is not available")
(error "line 13457 column 54: model is not available")
(error "line 13458 column 54: model is not available")
(error "line 13459 column 54: model is not available")
(error "line 13460 column 54: model is not available")
(error "line 13461 column 54: model is not available")
(error "line 13462 column 54: model is not available")
(error "line 13463 column 54: model is not available")
(error "line 13464 column 54: model is not available")
(error "line 13465 column 54: model is not available")
(error "line 13466 column 54: model is not available")
(error "line 13467 column 54: model is not available")
(error "line 13468 column 54: model is not available")
(error "line 13469 column 54: model is not available")
(error "line 13470 column 54: model is not available")
(error "line 13471 column 54: model is not available")
(error "line 13472 column 54: model is not available")
(error "line 13473 column 54: model is not available")
(error "line 13474 column 53: model is not available")
(error "line 13475 column 52: model is not available")
(error "line 13476 column 51: model is not available")
(error "line 13477 column 52: model is not available")
(error "line 13478 column 52: model is not available")
(error "line 13479 column 53: model is not available")
(error "line 13480 column 53: model is not available")
(error "line 13481 column 53: model is not available")
(error "line 13482 column 54: model is not available")
(error "line 13483 column 54: model is not available")
(error "line 13484 column 54: model is not available")
(error "line 13485 column 54: model is not available")
(error "line 13486 column 54: model is not available")
(error "line 13487 column 54: model is not available")
(error "line 13488 column 54: model is not available")
(error "line 13489 column 53: model is not available")
(error "line 13490 column 53: model is not available")
(error "line 13491 column 54: model is not available")
(error "line 13492 column 54: model is not available")
(error "line 13493 column 54: model is not available")
(error "line 13494 column 54: model is not available")
(error "line 13495 column 54: model is not available")
(error "line 13496 column 54: model is not available")
(error "line 13497 column 53: model is not available")
(error "line 13498 column 53: model is not available")
(error "line 13499 column 52: model is not available")
(error "line 13500 column 53: model is not available")
(error "line 13501 column 53: model is not available")
(error "line 13502 column 53: model is not available")
(error "line 13503 column 53: model is not available")
(error "line 13504 column 53: model is not available")
(error "line 13505 column 54: model is not available")
(error "line 13506 column 54: model is not available")
(error "line 13507 column 54: model is not available")
(error "line 13508 column 54: model is not available")
(error "line 13509 column 54: model is not available")
(error "line 13510 column 54: model is not available")
(error "line 13511 column 54: model is not available")
(error "line 13512 column 54: model is not available")
(error "line 13513 column 53: model is not available")
(error "line 13514 column 53: model is not available")
(error "line 13515 column 53: model is not available")
(error "line 13516 column 53: model is not available")
(error "line 13517 column 54: model is not available")
(error "line 13518 column 54: model is not available")
(error "line 13519 column 54: model is not available")
(error "line 13520 column 54: model is not available")
(error "line 13521 column 54: model is not available")
(error "line 13522 column 54: model is not available")
(error "line 13523 column 54: model is not available")
(error "line 13524 column 54: model is not available")
(error "line 13525 column 54: model is not available")
(error "line 13526 column 54: model is not available")
(error "line 13527 column 54: model is not available")
(error "line 13528 column 53: model is not available")
(error "line 13529 column 53: model is not available")
(error "line 13530 column 53: model is not available")
(error "line 13531 column 54: model is not available")
(error "line 13532 column 54: model is not available")
(error "line 13533 column 54: model is not available")
(error "line 13534 column 54: model is not available")
(error "line 13535 column 54: model is not available")
(error "line 13536 column 54: model is not available")
(error "line 13537 column 54: model is not available")
(error "line 13538 column 54: model is not available")
(error "line 13539 column 53: model is not available")
(error "line 13540 column 53: model is not available")
(error "line 13541 column 53: model is not available")
(error "line 13542 column 53: model is not available")
(error "line 13543 column 53: model is not available")
(error "line 13544 column 53: model is not available")
(error "line 13545 column 53: model is not available")
(error "line 13546 column 53: model is not available")
(error "line 13547 column 53: model is not available")
(error "line 13548 column 53: model is not available")
(error "line 13549 column 54: model is not available")
(error "line 13550 column 54: model is not available")
(error "line 13551 column 54: model is not available")
(error "line 13552 column 54: model is not available")
(error "line 13553 column 54: model is not available")
(error "line 13554 column 54: model is not available")
(error "line 13555 column 54: model is not available")
(error "line 13556 column 54: model is not available")
(error "line 13557 column 54: model is not available")
(error "line 13558 column 53: model is not available")
(error "line 13559 column 54: model is not available")
(error "line 13560 column 54: model is not available")
(error "line 13561 column 54: model is not available")
(error "line 13562 column 54: model is not available")
(error "line 13563 column 54: model is not available")
(error "line 13564 column 54: model is not available")
(error "line 13565 column 54: model is not available")
(error "line 13566 column 54: model is not available")
(error "line 13567 column 53: model is not available")
(error "line 13568 column 52: model is not available")
(error "line 13569 column 54: model is not available")
(error "line 13570 column 54: model is not available")
(error "line 13571 column 54: model is not available")
(error "line 13572 column 54: model is not available")
(error "line 13573 column 54: model is not available")
(error "line 13574 column 54: model is not available")
(error "line 13575 column 54: model is not available")
(error "line 13576 column 53: model is not available")
(error "line 13577 column 53: model is not available")
(error "line 13578 column 53: model is not available")
(error "line 13579 column 52: model is not available")
(error "line 13580 column 53: model is not available")
(error "line 13581 column 53: model is not available")
(error "line 13582 column 53: model is not available")
(error "line 13583 column 52: model is not available")
(error "line 13584 column 52: model is not available")
(error "line 13585 column 52: model is not available")
(error "line 13586 column 51: model is not available")
(error "line 13587 column 52: model is not available")
(error "line 13588 column 52: model is not available")
(error "line 13589 column 53: model is not available")
(error "line 13590 column 53: model is not available")
(error "line 13591 column 53: model is not available")
(error "line 13592 column 53: model is not available")
(error "line 13593 column 53: model is not available")
(error "line 13594 column 53: model is not available")
(error "line 13595 column 53: model is not available")
(error "line 13596 column 52: model is not available")
(error "line 13597 column 53: model is not available")
(error "line 13598 column 53: model is not available")
(error "line 13599 column 53: model is not available")
(error "line 13600 column 53: model is not available")
(error "line 13601 column 54: model is not available")
(error "line 13602 column 54: model is not available")
(error "line 13603 column 54: model is not available")
(error "line 13604 column 54: model is not available")
(error "line 13605 column 54: model is not available")
(error "line 13606 column 54: model is not available")
(error "line 13607 column 54: model is not available")
(error "line 13608 column 54: model is not available")
(error "line 13609 column 54: model is not available")
(error "line 13610 column 54: model is not available")
(error "line 13611 column 54: model is not available")
(error "line 13612 column 54: model is not available")
(error "line 13613 column 54: model is not available")
(error "line 13614 column 54: model is not available")
(error "line 13615 column 54: model is not available")
(error "line 13616 column 53: model is not available")
(error "line 13617 column 54: model is not available")
(error "line 13618 column 54: model is not available")
(error "line 13619 column 54: model is not available")
(error "line 13620 column 54: model is not available")
(error "line 13621 column 54: model is not available")
(error "line 13622 column 54: model is not available")
(error "line 13623 column 54: model is not available")
(error "line 13624 column 54: model is not available")
(error "line 13625 column 53: model is not available")
(error "line 13626 column 54: model is not available")
(error "line 13627 column 54: model is not available")
(error "line 13628 column 54: model is not available")
(error "line 13629 column 54: model is not available")
(error "line 13630 column 54: model is not available")
(error "line 13631 column 54: model is not available")
(error "line 13632 column 54: model is not available")
(error "line 13633 column 54: model is not available")
(error "line 13634 column 53: model is not available")
(error "line 13635 column 53: model is not available")
(error "line 13636 column 53: model is not available")
(error "line 13637 column 53: model is not available")
(error "line 13638 column 53: model is not available")
(error "line 13639 column 53: model is not available")
(error "line 13640 column 53: model is not available")
(error "line 13641 column 53: model is not available")
(error "line 13642 column 51: model is not available")
(error "line 13643 column 52: model is not available")
(error "line 13644 column 53: model is not available")
(error "line 13645 column 53: model is not available")
(error "line 13646 column 53: model is not available")
(error "line 13647 column 53: model is not available")
(error "line 13648 column 53: model is not available")
(error "line 13649 column 53: model is not available")
(error "line 13650 column 52: model is not available")
(error "line 13651 column 53: model is not available")
(error "line 13652 column 53: model is not available")
(error "line 13653 column 53: model is not available")
(error "line 13654 column 53: model is not available")
(error "line 13655 column 53: model is not available")
(error "line 13656 column 53: model is not available")
(error "line 13657 column 53: model is not available")
(error "line 13658 column 54: model is not available")
(error "line 13659 column 53: model is not available")
(error "line 13660 column 54: model is not available")
(error "line 13661 column 54: model is not available")
(error "line 13662 column 53: model is not available")
(error "line 13663 column 54: model is not available")
(error "line 13664 column 54: model is not available")
(error "line 13665 column 54: model is not available")
(error "line 13666 column 54: model is not available")
(error "line 13667 column 53: model is not available")
(error "line 13668 column 54: model is not available")
(error "line 13669 column 53: model is not available")
(error "line 13670 column 54: model is not available")
(error "line 13671 column 54: model is not available")
(error "line 13672 column 54: model is not available")
(error "line 13673 column 54: model is not available")
(error "line 13674 column 54: model is not available")
(error "line 13675 column 54: model is not available")
(error "line 13676 column 54: model is not available")
(error "line 13677 column 54: model is not available")
(error "line 13678 column 53: model is not available")
(error "line 13679 column 54: model is not available")
(error "line 13680 column 54: model is not available")
(error "line 13681 column 54: model is not available")
(error "line 13682 column 54: model is not available")
(error "line 13683 column 54: model is not available")
(error "line 13684 column 54: model is not available")
(error "line 13685 column 54: model is not available")
(error "line 13686 column 53: model is not available")
(error "line 13687 column 53: model is not available")
(error "line 13688 column 53: model is not available")
(error "line 13689 column 53: model is not available")
(error "line 13690 column 53: model is not available")
(error "line 13691 column 53: model is not available")
(error "line 13692 column 52: model is not available")
(error "line 13693 column 53: model is not available")
(error "line 13694 column 53: model is not available")
(error "line 13695 column 53: model is not available")
(error "line 13696 column 54: model is not available")
(error "line 13697 column 54: model is not available")
(error "line 13698 column 54: model is not available")
(error "line 13699 column 54: model is not available")
(error "line 13700 column 53: model is not available")
(error "line 13701 column 53: model is not available")
(error "line 13702 column 53: model is not available")
(error "line 13703 column 52: model is not available")
(error "line 13704 column 53: model is not available")
(error "line 13705 column 53: model is not available")
(error "line 13706 column 53: model is not available")
(error "line 13707 column 54: model is not available")
(error "line 13708 column 54: model is not available")
(error "line 13709 column 54: model is not available")
(error "line 13710 column 54: model is not available")
(error "line 13711 column 54: model is not available")
(error "line 13712 column 54: model is not available")
(error "line 13713 column 53: model is not available")
(error "line 13714 column 53: model is not available")
(error "line 13715 column 53: model is not available")
(error "line 13716 column 53: model is not available")
(error "line 13717 column 53: model is not available")
(error "line 13718 column 53: model is not available")
(error "line 13719 column 52: model is not available")
(error "line 13720 column 53: model is not available")
(error "line 13721 column 53: model is not available")
(error "line 13722 column 53: model is not available")
(error "line 13723 column 53: model is not available")
(error "line 13724 column 54: model is not available")
(error "line 13725 column 54: model is not available")
(error "line 13726 column 54: model is not available")
(error "line 13727 column 54: model is not available")
(error "line 13728 column 54: model is not available")
(error "line 13729 column 54: model is not available")
(error "line 13730 column 54: model is not available")
(error "line 13731 column 53: model is not available")
(error "line 13732 column 54: model is not available")
(error "line 13733 column 54: model is not available")
(error "line 13734 column 54: model is not available")
(error "line 13735 column 54: model is not available")
(error "line 13736 column 54: model is not available")
(error "line 13737 column 54: model is not available")
(error "line 13738 column 54: model is not available")
(error "line 13739 column 54: model is not available")
(error "line 13740 column 54: model is not available")
(error "line 13741 column 54: model is not available")
(error "line 13742 column 54: model is not available")
(error "line 13743 column 54: model is not available")
(error "line 13744 column 54: model is not available")
(error "line 13745 column 52: model is not available")
(error "line 13746 column 52: model is not available")
(error "line 13747 column 52: model is not available")
(error "line 13748 column 54: model is not available")
(error "line 13749 column 54: model is not available")
(error "line 13750 column 53: model is not available")
(error "line 13751 column 54: model is not available")
(error "line 13752 column 54: model is not available")
(error "line 13753 column 54: model is not available")
(error "line 13754 column 54: model is not available")
(error "line 13755 column 54: model is not available")
(error "line 13756 column 54: model is not available")
(error "line 13757 column 54: model is not available")
(error "line 13758 column 54: model is not available")
(error "line 13759 column 53: model is not available")
(error "line 13760 column 53: model is not available")
(error "line 13761 column 51: model is not available")
(error "line 13762 column 52: model is not available")
(error "line 13763 column 53: model is not available")
(error "line 13764 column 53: model is not available")
(error "line 13765 column 53: model is not available")
(error "line 13766 column 53: model is not available")
(error "line 13767 column 53: model is not available")
(error "line 13768 column 53: model is not available")
(error "line 13769 column 53: model is not available")
(error "line 13770 column 53: model is not available")
(error "line 13771 column 53: model is not available")
(error "line 13772 column 52: model is not available")
(error "line 13773 column 53: model is not available")
(error "line 13774 column 53: model is not available")
(error "line 13775 column 53: model is not available")
(error "line 13776 column 58: model is not available")
(error "line 13777 column 58: model is not available")
(error "line 13778 column 58: model is not available")
(error "line 13779 column 58: model is not available")
(error "line 13780 column 58: model is not available")
(error "line 13781 column 58: model is not available")
(error "line 13782 column 58: model is not available")
(error "line 13783 column 58: model is not available")
(error "line 13784 column 58: model is not available")
(error "line 13785 column 57: model is not available")
(error "line 13786 column 58: model is not available")
(error "line 13787 column 58: model is not available")
(error "line 13788 column 58: model is not available")
(error "line 13789 column 58: model is not available")
(error "line 13790 column 58: model is not available")
(error "line 13791 column 58: model is not available")
(error "line 13792 column 58: model is not available")
(error "line 13793 column 58: model is not available")
(error "line 13794 column 58: model is not available")
(error "line 13795 column 58: model is not available")
(error "line 13796 column 58: model is not available")
(error "line 13797 column 57: model is not available")
(error "line 13798 column 58: model is not available")
(error "line 13799 column 58: model is not available")
(error "line 13800 column 57: model is not available")
(error "line 13801 column 58: model is not available")
(error "line 13802 column 58: model is not available")
(error "line 13803 column 58: model is not available")
(error "line 13804 column 57: model is not available")
(error "line 13805 column 58: model is not available")
(error "line 13806 column 58: model is not available")
(error "line 13807 column 58: model is not available")
(error "line 13808 column 57: model is not available")
(error "line 13809 column 58: model is not available")
(error "line 13810 column 58: model is not available")
(error "line 13811 column 58: model is not available")
(error "line 13812 column 58: model is not available")
(error "line 13813 column 58: model is not available")
(error "line 13814 column 58: model is not available")
(error "line 13815 column 58: model is not available")
(error "line 13816 column 58: model is not available")
(error "line 13817 column 58: model is not available")
(error "line 13818 column 58: model is not available")
(error "line 13819 column 58: model is not available")
(error "line 13820 column 58: model is not available")
(error "line 13821 column 58: model is not available")
(error "line 13822 column 58: model is not available")
(error "line 13823 column 58: model is not available")
(error "line 13824 column 58: model is not available")
(error "line 13825 column 58: model is not available")
(error "line 13826 column 58: model is not available")
(error "line 13827 column 58: model is not available")
(error "line 13828 column 58: model is not available")
(error "line 13829 column 58: model is not available")
(error "line 13830 column 58: model is not available")
(error "line 13831 column 58: model is not available")
(error "line 13832 column 58: model is not available")
(error "line 13833 column 58: model is not available")
(error "line 13834 column 58: model is not available")
(error "line 13835 column 58: model is not available")
(error "line 13836 column 58: model is not available")
(error "line 13837 column 58: model is not available")
(error "line 13838 column 58: model is not available")
(error "line 13839 column 58: model is not available")
(error "line 13840 column 58: model is not available")
(error "line 13841 column 57: model is not available")
(error "line 13842 column 58: model is not available")
(error "line 13843 column 58: model is not available")
(error "line 13844 column 58: model is not available")
(error "line 13845 column 58: model is not available")
(error "line 13846 column 58: model is not available")
(error "line 13847 column 58: model is not available")
(error "line 13848 column 58: model is not available")
(error "line 13849 column 58: model is not available")
(error "line 13850 column 58: model is not available")
(error "line 13851 column 58: model is not available")
(error "line 13852 column 58: model is not available")
(error "line 13853 column 58: model is not available")
(error "line 13854 column 58: model is not available")
(error "line 13855 column 58: model is not available")
(error "line 13856 column 58: model is not available")
(error "line 13857 column 58: model is not available")
(error "line 13858 column 58: model is not available")
(error "line 13859 column 58: model is not available")
(error "line 13860 column 58: model is not available")
(error "line 13861 column 58: model is not available")
(error "line 13862 column 58: model is not available")
(error "line 13863 column 58: model is not available")
(error "line 13864 column 58: model is not available")
(error "line 13865 column 58: model is not available")
(error "line 13866 column 58: model is not available")
(error "line 13867 column 58: model is not available")
(error "line 13868 column 58: model is not available")
(error "line 13869 column 58: model is not available")
(error "line 13870 column 57: model is not available")
(error "line 13871 column 58: model is not available")
(error "line 13872 column 58: model is not available")
(error "line 13873 column 58: model is not available")
(error "line 13874 column 58: model is not available")
(error "line 13875 column 58: model is not available")
(error "line 13876 column 58: model is not available")
(error "line 13877 column 58: model is not available")
(error "line 13878 column 58: model is not available")
(error "line 13879 column 58: model is not available")
(error "line 13880 column 57: model is not available")
(error "line 13881 column 57: model is not available")
(error "line 13882 column 57: model is not available")
(error "line 13883 column 57: model is not available")
(error "line 13884 column 58: model is not available")
(error "line 13885 column 58: model is not available")
(error "line 13886 column 58: model is not available")
(error "line 13887 column 58: model is not available")
(error "line 13888 column 58: model is not available")
(error "line 13889 column 58: model is not available")
(error "line 13890 column 58: model is not available")
(error "line 13891 column 58: model is not available")
(error "line 13892 column 58: model is not available")
(error "line 13893 column 58: model is not available")
(error "line 13894 column 58: model is not available")
(error "line 13895 column 58: model is not available")
(error "line 13896 column 58: model is not available")
(error "line 13897 column 58: model is not available")
(error "line 13898 column 58: model is not available")
(error "line 13899 column 58: model is not available")
(error "line 13900 column 58: model is not available")
(error "line 13901 column 58: model is not available")
(error "line 13902 column 58: model is not available")
(error "line 13903 column 58: model is not available")
(error "line 13904 column 58: model is not available")
(error "line 13905 column 58: model is not available")
(error "line 13906 column 58: model is not available")
(error "line 13907 column 58: model is not available")
(error "line 13908 column 58: model is not available")
(error "line 13909 column 58: model is not available")
(error "line 13910 column 58: model is not available")
(error "line 13911 column 58: model is not available")
(error "line 13912 column 58: model is not available")
(error "line 13913 column 58: model is not available")
(error "line 13914 column 58: model is not available")
(error "line 13915 column 58: model is not available")
(error "line 13916 column 58: model is not available")
(error "line 13917 column 58: model is not available")
(error "line 13918 column 58: model is not available")
(error "line 13919 column 58: model is not available")
(error "line 13920 column 57: model is not available")
(error "line 13921 column 36: model is not available")
(error "line 13922 column 36: model is not available")
(error "line 13923 column 36: model is not available")
(error "line 13924 column 36: model is not available")
(error "line 13925 column 36: model is not available")
(error "line 13926 column 36: model is not available")
(error "line 13927 column 36: model is not available")
(error "line 13928 column 36: model is not available")
(error "line 13929 column 46: model is not available")
(error "line 13930 column 46: model is not available")
(error "line 13931 column 46: model is not available")
(error "line 13932 column 46: model is not available")
(error "line 13933 column 54: model is not available")
(error "line 13934 column 54: model is not available")
(error "line 13935 column 54: model is not available")
(error "line 13936 column 54: model is not available")
(error "line 13937 column 54: model is not available")
(error "line 13938 column 54: model is not available")
(error "line 13939 column 40: model is not available")
(error "line 13940 column 40: model is not available")
(error "line 13941 column 40: model is not available")
(error "line 13942 column 40: model is not available")
(error "line 13943 column 41: model is not available")
(error "line 13944 column 41: model is not available")
(error "line 13945 column 41: model is not available")
(error "line 13946 column 41: model is not available")
(error "line 13947 column 50: model is not available")
(error "line 13948 column 50: model is not available")
(error "line 13949 column 50: model is not available")
(error "line 13950 column 50: model is not available")
(error "line 13951 column 43: model is not available")
(error "line 13952 column 43: model is not available")
(error "line 13953 column 43: model is not available")
(error "line 13954 column 43: model is not available")
(error "line 13955 column 26: model is not available")
(error "line 13956 column 30: model is not available")
(error "line 13957 column 30: model is not available")
(error "line 13958 column 30: model is not available")
(error "line 13959 column 37: model is not available")
(error "line 13960 column 30: model is not available")
(error "line 13961 column 30: model is not available")
(error "line 13962 column 37: model is not available")
(error "line 13963 column 30: model is not available")
(error "line 13964 column 37: model is not available")
(error "line 13965 column 30: model is not available")
(error "line 13966 column 37: model is not available")
(error "line 13967 column 30: model is not available")
(error "line 13968 column 30: model is not available")
(error "line 13969 column 37: model is not available")
(error "line 13970 column 30: model is not available")
(error "line 13971 column 37: model is not available")
(error "line 13972 column 30: model is not available")
(error "line 13973 column 37: model is not available")
(error "line 13974 column 31: model is not available")
(error "line 13975 column 31: model is not available")
(error "line 13976 column 38: model is not available")
(error "line 13977 column 31: model is not available")
(error "line 13978 column 38: model is not available")
(error "line 13979 column 31: model is not available")
(error "line 13980 column 31: model is not available")
(error "line 13981 column 38: model is not available")
(error "line 13982 column 31: model is not available")
(error "line 13983 column 31: model is not available")
(error "line 13984 column 31: model is not available")
(error "line 13985 column 31: model is not available")
(error "line 13986 column 31: model is not available")
(error "line 13987 column 30: model is not available")
(error "line 13988 column 31: model is not available")
(error "line 13989 column 31: model is not available")
(error "line 13990 column 31: model is not available")
(error "line 13991 column 38: model is not available")
(error "line 13992 column 30: model is not available")
(error "line 13993 column 37: model is not available")
(error "line 13994 column 30: model is not available")
(error "line 13995 column 30: model is not available")
(error "line 13996 column 30: model is not available")
(error "line 13997 column 30: model is not available")
(error "line 13998 column 30: model is not available")
(error "line 13999 column 30: model is not available")
(error "line 14000 column 18: model is not available")
(error "line 14001 column 25: model is not available")
(error "line 14002 column 19: model is not available")
(error "line 14003 column 19: model is not available")
(error "line 14004 column 19: model is not available")
(error "line 14005 column 19: model is not available")
(error "line 14006 column 19: model is not available")
(error "line 14007 column 26: model is not available")
(error "line 14008 column 19: model is not available")
(error "line 14009 column 26: model is not available")
(error "line 14010 column 19: model is not available")
(error "line 14011 column 26: model is not available")
(error "line 14012 column 19: model is not available")
(error "line 14013 column 19: model is not available")
(error "line 14014 column 26: model is not available")
(error "line 14015 column 19: model is not available")
(error "line 14016 column 26: model is not available")
(error "line 14017 column 18: model is not available")
(error "line 14018 column 25: model is not available")
(error "line 14019 column 19: model is not available")
(error "line 14020 column 19: model is not available")
(error "line 14021 column 19: model is not available")
(error "line 14022 column 26: model is not available")
(error "line 14023 column 19: model is not available")
(error "line 14024 column 26: model is not available")
(error "line 14025 column 19: model is not available")
(error "line 14026 column 19: model is not available")
(error "line 14027 column 26: model is not available")
(error "line 14028 column 19: model is not available")
(error "line 14029 column 26: model is not available")
(error "line 14030 column 19: model is not available")
(error "line 14031 column 19: model is not available")
(error "line 14032 column 19: model is not available")
(error "line 14033 column 18: model is not available")
(error "line 14034 column 19: model is not available")
(error "line 14035 column 19: model is not available")
(error "line 14036 column 19: model is not available")
(error "line 14037 column 19: model is not available")
(error "line 14038 column 19: model is not available")
(error "line 14039 column 26: model is not available")
(error "line 14040 column 19: model is not available")
(error "line 14041 column 26: model is not available")
(error "line 14042 column 19: model is not available")
(error "line 14043 column 19: model is not available")
(error "line 14044 column 19: model is not available")
(error "line 14045 column 26: model is not available")
(error "line 14046 column 18: model is not available")
(error "line 14047 column 18: model is not available")
(error "line 14048 column 25: model is not available")
(error "line 14049 column 18: model is not available")
(error "line 14050 column 25: model is not available")
(error "line 14051 column 18: model is not available")
(error "line 14052 column 18: model is not available")
(error "line 14053 column 18: model is not available")
(error "line 14054 column 32: model is not available")
(error "line 14055 column 39: model is not available")
(error "line 14056 column 33: model is not available")
(error "line 14057 column 33: model is not available")
(error "line 14058 column 40: model is not available")
(error "line 14059 column 33: model is not available")
(error "line 14060 column 33: model is not available")
(error "line 14061 column 33: model is not available")
(error "line 14062 column 33: model is not available")
(error "line 14063 column 40: model is not available")
(error "line 14064 column 32: model is not available")
(error "line 14065 column 32: model is not available")
(error "line 14066 column 39: model is not available")
(error "line 14067 column 32: model is not available")
(error "line 14068 column 32: model is not available")
(error "line 14069 column 32: model is not available")
(error "line 14070 column 32: model is not available")
(error "line 14071 column 39: model is not available")
(error "line 14072 column 32: model is not available")
(error "line 14073 column 32: model is not available")
(error "line 14074 column 39: model is not available")
(error "line 14075 column 26: model is not available")
(error "line 14076 column 33: model is not available")
(error "line 14077 column 27: model is not available")
(error "line 14078 column 34: model is not available")
(error "line 14079 column 26: model is not available")
(error "line 14080 column 26: model is not available")
(error "line 14081 column 33: model is not available")
(error "line 14082 column 26: model is not available")
(error "line 14083 column 26: model is not available")
(error "line 14084 column 33: model is not available")
(error "line 14085 column 26: model is not available")
(error "line 14086 column 33: model is not available")
(error "line 14087 column 26: model is not available")
(error "line 14088 column 26: model is not available")
(error "line 14089 column 33: model is not available")
(error "line 14090 column 26: model is not available")
(error "line 14091 column 31: model is not available")
(error "line 14092 column 38: model is not available")
(error "line 14093 column 32: model is not available")
(error "line 14094 column 39: model is not available")
(error "line 14095 column 32: model is not available")
(error "line 14096 column 39: model is not available")
(error "line 14097 column 32: model is not available")
(error "line 14098 column 32: model is not available")
(error "line 14099 column 32: model is not available")
(error "line 14100 column 32: model is not available")
(error "line 14101 column 32: model is not available")
(error "line 14102 column 32: model is not available")
(error "line 14103 column 32: model is not available")
(error "line 14104 column 32: model is not available")
(error "line 14105 column 31: model is not available")
(error "line 14106 column 38: model is not available")
(error "line 14107 column 32: model is not available")
(error "line 14108 column 32: model is not available")
(error "line 14109 column 32: model is not available")
(error "line 14110 column 32: model is not available")
(error "line 14111 column 32: model is not available")
(error "line 14112 column 32: model is not available")
(error "line 14113 column 32: model is not available")
(error "line 14114 column 32: model is not available")
(error "line 14115 column 32: model is not available")
(error "line 14116 column 32: model is not available")
(error "line 14117 column 31: model is not available")
(error "line 14118 column 32: model is not available")
(error "line 14119 column 32: model is not available")
(error "line 14120 column 32: model is not available")
(error "line 14121 column 32: model is not available")
(error "line 14122 column 32: model is not available")
(error "line 14123 column 32: model is not available")
(error "line 14124 column 32: model is not available")
(error "line 14125 column 32: model is not available")
(error "line 14126 column 39: model is not available")
(error "line 14127 column 32: model is not available")
(error "line 14128 column 39: model is not available")
(error "line 14129 column 32: model is not available")
(error "line 14130 column 31: model is not available")
(error "line 14131 column 31: model is not available")
(error "line 14132 column 31: model is not available")
(error "line 14133 column 31: model is not available")
(error "line 14134 column 31: model is not available")
(error "line 14135 column 31: model is not available")
(error "line 14136 column 31: model is not available")
(error "line 14137 column 38: model is not available")
(error "line 14138 column 32: model is not available")
(error "line 14139 column 39: model is not available")
(error "line 14140 column 32: model is not available")
(error "line 14141 column 39: model is not available")
(error "line 14142 column 32: model is not available")
(error "line 14143 column 31: model is not available")
(error "line 14144 column 38: model is not available")
(error "line 14145 column 31: model is not available")
(error "line 14146 column 31: model is not available")
(error "line 14147 column 38: model is not available")
(error "line 14148 column 31: model is not available")
(error "line 14149 column 38: model is not available")
(error "line 14150 column 31: model is not available")
(error "line 14151 column 31: model is not available")
(error "line 14152 column 38: model is not available")
(error "line 14153 column 31: model is not available")
(error "line 14154 column 38: model is not available")
(error "line 14155 column 31: model is not available")
(error "line 14156 column 31: model is not available")
(error "line 14157 column 38: model is not available")
(error "line 14158 column 32: model is not available")
(error "line 14159 column 32: model is not available")
(error "line 14160 column 32: model is not available")
(error "line 14161 column 32: model is not available")
(error "line 14162 column 32: model is not available")
(error "line 14163 column 32: model is not available")
(error "line 14164 column 32: model is not available")
(error "line 14165 column 32: model is not available")
(error "line 14166 column 32: model is not available")
(error "line 14167 column 32: model is not available")
(error "line 14168 column 31: model is not available")
(error "line 14169 column 38: model is not available")
(error "line 14170 column 32: model is not available")
(error "line 14171 column 32: model is not available")
(error "line 14172 column 32: model is not available")
(error "line 14173 column 32: model is not available")
(error "line 14174 column 32: model is not available")
(error "line 14175 column 32: model is not available")
(error "line 14176 column 32: model is not available")
(error "line 14177 column 32: model is not available")
(error "line 14178 column 32: model is not available")
(error "line 14179 column 32: model is not available")
(error "line 14180 column 31: model is not available")
(error "line 14181 column 32: model is not available")
(error "line 14182 column 32: model is not available")
(error "line 14183 column 32: model is not available")
(error "line 14184 column 39: model is not available")
(error "line 14185 column 32: model is not available")
(error "line 14186 column 39: model is not available")
(error "line 14187 column 32: model is not available")
(error "line 14188 column 32: model is not available")
(error "line 14189 column 32: model is not available")
(error "line 14190 column 32: model is not available")
(error "line 14191 column 32: model is not available")
(error "line 14192 column 32: model is not available")
(error "line 14193 column 31: model is not available")
(error "line 14194 column 32: model is not available")
(error "line 14195 column 32: model is not available")
(error "line 14196 column 39: model is not available")
(error "line 14197 column 31: model is not available")
(error "line 14198 column 38: model is not available")
(error "line 14199 column 31: model is not available")
(error "line 14200 column 38: model is not available")
(error "line 14201 column 31: model is not available")
(error "line 14202 column 31: model is not available")
(error "line 14203 column 31: model is not available")
(error "line 14204 column 31: model is not available")
(error "line 14205 column 38: model is not available")
(error "line 14206 column 32: model is not available")
(error "line 14207 column 32: model is not available")
(error "line 14208 column 32: model is not available")
(error "line 14209 column 32: model is not available")
(error "line 14210 column 32: model is not available")
(error "line 14211 column 32: model is not available")
(error "line 14212 column 32: model is not available")
(error "line 14213 column 32: model is not available")
(error "line 14214 column 32: model is not available")
(error "line 14215 column 32: model is not available")
(error "line 14216 column 31: model is not available")
(error "line 14217 column 38: model is not available")
(error "line 14218 column 32: model is not available")
(error "line 14219 column 39: model is not available")
(error "line 14220 column 32: model is not available")
(error "line 14221 column 32: model is not available")
(error "line 14222 column 39: model is not available")
(error "line 14223 column 32: model is not available")
(error "line 14224 column 39: model is not available")
(error "line 14225 column 31: model is not available")
(error "line 14226 column 31: model is not available")
(error "line 14227 column 31: model is not available")
(error "line 14228 column 31: model is not available")
(error "line 14229 column 31: model is not available")
(error "line 14230 column 31: model is not available")
(error "line 14231 column 38: model is not available")
(error "line 14232 column 31: model is not available")
(error "line 14233 column 38: model is not available")
(error "line 14234 column 31: model is not available")
(error "line 14235 column 38: model is not available")
(error "line 14236 column 32: model is not available")
(error "line 14237 column 39: model is not available")
(error "line 14238 column 32: model is not available")
(error "line 14239 column 32: model is not available")
(error "line 14240 column 39: model is not available")
(error "line 14241 column 32: model is not available")
(error "line 14242 column 39: model is not available")
(error "line 14243 column 31: model is not available")
(error "line 14244 column 38: model is not available")
(error "line 14245 column 31: model is not available")
(error "line 14246 column 31: model is not available")
(error "line 14247 column 38: model is not available")
(error "line 14248 column 31: model is not available")
(error "line 14249 column 38: model is not available")
(error "line 14250 column 31: model is not available")
(error "line 14251 column 31: model is not available")
(error "line 14252 column 38: model is not available")
(error "line 14253 column 31: model is not available")
(error "line 14254 column 38: model is not available")
(error "line 14255 column 31: model is not available")
(error "line 14256 column 31: model is not available")
(error "line 14257 column 38: model is not available")
(error "line 14258 column 32: model is not available")
(error "line 14259 column 32: model is not available")
(error "line 14260 column 32: model is not available")
(error "line 14261 column 32: model is not available")
(error "line 14262 column 32: model is not available")
(error "line 14263 column 32: model is not available")
(error "line 14264 column 32: model is not available")
(error "line 14265 column 39: model is not available")
(error "line 14266 column 32: model is not available")
(error "line 14267 column 39: model is not available")
(error "line 14268 column 32: model is not available")
(error "line 14269 column 32: model is not available")
(error "line 14270 column 31: model is not available")
(error "line 14271 column 32: model is not available")
(error "line 14272 column 32: model is not available")
(error "line 14273 column 32: model is not available")
(error "line 14274 column 32: model is not available")
(error "line 14275 column 39: model is not available")
(error "line 14276 column 31: model is not available")
(error "line 14277 column 38: model is not available")
(error "line 14278 column 31: model is not available")
(error "line 14279 column 38: model is not available")
(error "line 14280 column 31: model is not available")
(error "line 14281 column 38: model is not available")
(error "line 14282 column 31: model is not available")
(error "line 14283 column 31: model is not available")
(error "line 14284 column 31: model is not available")
(error "line 14285 column 31: model is not available")
(error "line 14286 column 31: model is not available")
(error "line 14287 column 38: model is not available")
(error "line 14288 column 35: model is not available")
(error "line 14289 column 42: model is not available")
(error "line 14290 column 26: model is not available")
(error "line 14291 column 33: model is not available")
(error "line 14292 column 27: model is not available")
(error "line 14293 column 27: model is not available")
(error "line 14294 column 34: model is not available")
(error "line 14295 column 27: model is not available")
(error "line 14296 column 34: model is not available")
(error "line 14297 column 27: model is not available")
(error "line 14298 column 27: model is not available")
(error "line 14299 column 34: model is not available")
(error "line 14300 column 27: model is not available")
(error "line 14301 column 27: model is not available")
(error "line 14302 column 34: model is not available")
(error "line 14303 column 27: model is not available")
(error "line 14304 column 34: model is not available")
(error "line 14305 column 27: model is not available")
(error "line 14306 column 27: model is not available")
(error "line 14307 column 34: model is not available")
(error "line 14308 column 26: model is not available")
(error "line 14309 column 33: model is not available")
(error "line 14310 column 27: model is not available")
(error "line 14311 column 27: model is not available")
(error "line 14312 column 34: model is not available")
(error "line 14313 column 27: model is not available")
(error "line 14314 column 34: model is not available")
(error "line 14315 column 27: model is not available")
(error "line 14316 column 27: model is not available")
(error "line 14317 column 27: model is not available")
(error "line 14318 column 27: model is not available")
(error "line 14319 column 27: model is not available")
(error "line 14320 column 27: model is not available")
(error "line 14321 column 27: model is not available")
(error "line 14322 column 34: model is not available")
(error "line 14323 column 26: model is not available")
(error "line 14324 column 27: model is not available")
(error "line 14325 column 34: model is not available")
(error "line 14326 column 27: model is not available")
(error "line 14327 column 26: model is not available")
(error "line 14328 column 33: model is not available")
(error "line 14329 column 26: model is not available")
(error "line 14330 column 26: model is not available")
(error "line 14331 column 26: model is not available")
(error "line 14332 column 26: model is not available")
(error "line 14333 column 26: model is not available")
(error "line 14334 column 31: model is not available")
(error "line 14335 column 38: model is not available")
(error "line 14336 column 32: model is not available")
(error "line 14337 column 39: model is not available")
(error "line 14338 column 32: model is not available")
(error "line 14339 column 39: model is not available")
(error "line 14340 column 32: model is not available")
(error "line 14341 column 32: model is not available")
(error "line 14342 column 32: model is not available")
(error "line 14343 column 32: model is not available")
(error "line 14344 column 32: model is not available")
(error "line 14345 column 32: model is not available")
(error "line 14346 column 32: model is not available")
(error "line 14347 column 32: model is not available")
(error "line 14348 column 31: model is not available")
(error "line 14349 column 38: model is not available")
(error "line 14350 column 32: model is not available")
(error "line 14351 column 32: model is not available")
(error "line 14352 column 32: model is not available")
(error "line 14353 column 32: model is not available")
(error "line 14354 column 32: model is not available")
(error "line 14355 column 32: model is not available")
(error "line 14356 column 32: model is not available")
(error "line 14357 column 32: model is not available")
(error "line 14358 column 32: model is not available")
(error "line 14359 column 32: model is not available")
(error "line 14360 column 31: model is not available")
(error "line 14361 column 32: model is not available")
(error "line 14362 column 39: model is not available")
(error "line 14363 column 32: model is not available")
(error "line 14364 column 39: model is not available")
(error "line 14365 column 32: model is not available")
(error "line 14366 column 32: model is not available")
(error "line 14367 column 39: model is not available")
(error "line 14368 column 32: model is not available")
(error "line 14369 column 39: model is not available")
(error "line 14370 column 32: model is not available")
(error "line 14371 column 32: model is not available")
(error "line 14372 column 39: model is not available")
(error "line 14373 column 32: model is not available")
(error "line 14374 column 39: model is not available")
(error "line 14375 column 32: model is not available")
(error "line 14376 column 32: model is not available")
(error "line 14377 column 39: model is not available")
(error "line 14378 column 31: model is not available")
(error "line 14379 column 32: model is not available")
(error "line 14380 column 39: model is not available")
(error "line 14381 column 32: model is not available")
(error "line 14382 column 32: model is not available")
(error "line 14383 column 39: model is not available")
(error "line 14384 column 32: model is not available")
(error "line 14385 column 39: model is not available")
(error "line 14386 column 32: model is not available")
(error "line 14387 column 32: model is not available")
(error "line 14388 column 32: model is not available")
(error "line 14389 column 32: model is not available")
(error "line 14390 column 32: model is not available")
(error "line 14391 column 32: model is not available")
(error "line 14392 column 31: model is not available")
(error "line 14393 column 32: model is not available")
(error "line 14394 column 32: model is not available")
(error "line 14395 column 32: model is not available")
(error "line 14396 column 32: model is not available")
(error "line 14397 column 32: model is not available")
(error "line 14398 column 32: model is not available")
(error "line 14399 column 32: model is not available")
(error "line 14400 column 32: model is not available")
(error "line 14401 column 32: model is not available")
(error "line 14402 column 32: model is not available")
(error "line 14403 column 31: model is not available")
(error "line 14404 column 32: model is not available")
(error "line 14405 column 32: model is not available")
(error "line 14406 column 32: model is not available")
(error "line 14407 column 39: model is not available")
(error "line 14408 column 32: model is not available")
(error "line 14409 column 39: model is not available")
(error "line 14410 column 32: model is not available")
(error "line 14411 column 32: model is not available")
(error "line 14412 column 32: model is not available")
(error "line 14413 column 32: model is not available")
(error "line 14414 column 32: model is not available")
(error "line 14415 column 32: model is not available")
(error "line 14416 column 31: model is not available")
(error "line 14417 column 32: model is not available")
(error "line 14418 column 32: model is not available")
(error "line 14419 column 39: model is not available")
(error "line 14420 column 31: model is not available")
(error "line 14421 column 31: model is not available")
(error "line 14422 column 26: model is not available")
(error "line 14423 column 33: model is not available")
(error "line 14424 column 27: model is not available")
(error "line 14425 column 27: model is not available")
(error "line 14426 column 34: model is not available")
(error "line 14427 column 27: model is not available")
(error "line 14428 column 34: model is not available")
(error "line 14429 column 27: model is not available")
(error "line 14430 column 27: model is not available")
(error "line 14431 column 34: model is not available")
(error "line 14432 column 27: model is not available")
(error "line 14433 column 27: model is not available")
(error "line 14434 column 34: model is not available")
(error "line 14435 column 27: model is not available")
(error "line 14436 column 34: model is not available")
(error "line 14437 column 27: model is not available")
(error "line 14438 column 27: model is not available")
(error "line 14439 column 34: model is not available")
(error "line 14440 column 26: model is not available")
(error "line 14441 column 33: model is not available")
(error "line 14442 column 27: model is not available")
(error "line 14443 column 34: model is not available")
(error "line 14444 column 27: model is not available")
(error "line 14445 column 27: model is not available")
(error "line 14446 column 27: model is not available")
(error "line 14447 column 27: model is not available")
(error "line 14448 column 27: model is not available")
(error "line 14449 column 27: model is not available")
(error "line 14450 column 27: model is not available")
(error "line 14451 column 34: model is not available")
(error "line 14452 column 27: model is not available")
(error "line 14453 column 34: model is not available")
(error "line 14454 column 27: model is not available")
(error "line 14455 column 26: model is not available")
(error "line 14456 column 26: model is not available")
(error "line 14457 column 33: model is not available")
(error "line 14458 column 26: model is not available")
(error "line 14459 column 26: model is not available")
(error "line 14460 column 26: model is not available")
(error "line 14461 column 26: model is not available")
(error "line 14462 column 26: model is not available")
(error "line 14463 column 31: model is not available")
(error "line 14464 column 38: model is not available")
(error "line 14465 column 32: model is not available")
(error "line 14466 column 32: model is not available")
(error "line 14467 column 32: model is not available")
(error "line 14468 column 32: model is not available")
(error "line 14469 column 32: model is not available")
(error "line 14470 column 32: model is not available")
(error "line 14471 column 32: model is not available")
(error "line 14472 column 32: model is not available")
(error "line 14473 column 32: model is not available")
(error "line 14474 column 32: model is not available")
(error "line 14475 column 31: model is not available")
(error "line 14476 column 38: model is not available")
(error "line 14477 column 32: model is not available")
(error "line 14478 column 39: model is not available")
(error "line 14479 column 32: model is not available")
(error "line 14480 column 39: model is not available")
(error "line 14481 column 32: model is not available")
(error "line 14482 column 32: model is not available")
(error "line 14483 column 39: model is not available")
(error "line 14484 column 32: model is not available")
(error "line 14485 column 39: model is not available")
(error "line 14486 column 32: model is not available")
(error "line 14487 column 32: model is not available")
(error "line 14488 column 39: model is not available")
(error "line 14489 column 32: model is not available")
(error "line 14490 column 39: model is not available")
(error "line 14491 column 32: model is not available")
(error "line 14492 column 32: model is not available")
(error "line 14493 column 39: model is not available")
(error "line 14494 column 31: model is not available")
(error "line 14495 column 32: model is not available")
(error "line 14496 column 39: model is not available")
(error "line 14497 column 32: model is not available")
(error "line 14498 column 39: model is not available")
(error "line 14499 column 32: model is not available")
(error "line 14500 column 32: model is not available")
(error "line 14501 column 32: model is not available")
(error "line 14502 column 32: model is not available")
(error "line 14503 column 32: model is not available")
(error "line 14504 column 32: model is not available")
(error "line 14505 column 32: model is not available")
(error "line 14506 column 32: model is not available")
(error "line 14507 column 31: model is not available")
(error "line 14508 column 32: model is not available")
(error "line 14509 column 32: model is not available")
(error "line 14510 column 32: model is not available")
(error "line 14511 column 39: model is not available")
(error "line 14512 column 32: model is not available")
(error "line 14513 column 39: model is not available")
(error "line 14514 column 32: model is not available")
(error "line 14515 column 32: model is not available")
(error "line 14516 column 32: model is not available")
(error "line 14517 column 32: model is not available")
(error "line 14518 column 32: model is not available")
(error "line 14519 column 32: model is not available")
(error "line 14520 column 39: model is not available")
(error "line 14521 column 31: model is not available")
(error "line 14522 column 31: model is not available")
(error "line 14523 column 31: model is not available")
(error "line 14524 column 31: model is not available")
(error "line 14525 column 38: model is not available")
(error "line 14526 column 31: model is not available")
(error "line 14527 column 38: model is not available")
(error "line 14528 column 18: model is not available")
(error "line 14529 column 25: model is not available")
(error "line 14530 column 18: model is not available")
(error "line 14531 column 18: model is not available")
(error "line 14532 column 25: model is not available")
(error "line 14533 column 18: model is not available")
(error "line 14534 column 25: model is not available")
(error "line 14535 column 18: model is not available")
(error "line 14536 column 25: model is not available")
(error "line 14537 column 18: model is not available")
(error "line 14539 column 10: model is not available")
(:added-eqs               4239
 :arith-add-rows          8978
 :arith-assert-lower      244
 :arith-assert-upper      439
 :arith-bound-prop        401
 :arith-conflicts         2
 :arith-eq-adapter        3
 :arith-fixed-eqs         1
 :arith-offset-eqs        50
 :arith-pivots            185
 :array-ax1               2
 :binary-propagations     5181
 :bv-bit2core             9481
 :bv-diseqs               2
 :bv-dynamic-diseqs       61
 :bv->core-eq             8
 :conflicts               65
 :decisions               106
 :del-clause              1766
 :eliminated-applications 64
 :eliminated-vars         177
 :max-memory              8.84
 :memory                  5.54
 :minimized-lits          19
 :mk-bool-var             3493
 :mk-clause               2656
 :num-allocs              20493661
 :num-checks              1
 :propagations            8224
 :rlimit-count            919583
 :time                    0.06
 :total-time              0.09)

real	0m0.091s
user	0m0.087s
sys	0m0.003s
State: RE Run_time: 0.09286212921142578