sat
((|B0| true))
((|B1| true))
((|B10| true))
((|B100| true))
((|B101| true))
((|B102| true))
((|B103| true))
((|B104| true))
((|B105| true))
((|B106| true))
((|B107| true))
((|B108| true))
((|B109| true))
((|B11| true))
((|B110| true))
((|B111| true))
((|B112| true))
((|B113| true))
((|B114| true))
((|B115| true))
((|B116| true))
((|B117| true))
((|B118| true))
((|B119| true))
((|B12| true))
((|B120| true))
((|B121| true))
((|B122| true))
((|B123| true))
((|B124| true))
((|B125| true))
((|B126| true))
((|B127| true))
((|B128| true))
((|B129| true))
((|B13| true))
((|B130| true))
((|B131| true))
((|B132| true))
((|B133| true))
((|B134| true))
((|B135| true))
((|B136| true))
((|B137| true))
((|B138| true))
((|B139| true))
((|B14| true))
((|B140| true))
((|B141| true))
((|B142| true))
((|B143| true))
((|B144| true))
((|B145| true))
((|B146| true))
((|B147| true))
((|B148| true))
((|B149| true))
((|B15| true))
((|B150| true))
((|B151| true))
((|B152| true))
((|B153| true))
((|B154| true))
((|B155| true))
((|B156| true))
((|B157| true))
((|B158| true))
((|B159| true))
((|B16| true))
((|B160| true))
((|B161| true))
((|B162| true))
((|B163| true))
((|B164| true))
((|B165| true))
((|B166| false))
((|B167| false))
((|B168| true))
((|B169| true))
((|B17| true))
((|B170| false))
((|B171| true))
((|B172| false))
((|B173| true))
((|B174| true))
((|B175| true))
((|B176| true))
((|B177| false))
((|B178| true))
((|B179| true))
((|B18| true))
((|B180| true))
((|B181| true))
((|B182| true))
((|B183| true))
((|B184| true))
((|B185| true))
((|B186| true))
((|B187| true))
((|B188| true))
((|B189| true))
((|B19| true))
((|B190| true))
((|B191| true))
((|B192| true))
((|B193| true))
((|B194| true))
((|B195| true))
((|B196| true))
((|B197| true))
((|B198| true))
((|B199| true))
((|B2| true))
((|B20| true))
((|B200| false))
((|B201| false))
((|B202| false))
((|B203| false))
((|B204| false))
((|B205| false))
((|B206| false))
((|B207| true))
((|B208| true))
((|B209| true))
((|B21| true))
((|B210| true))
((|B211| true))
((|B212| true))
((|B213| true))
((|B214| true))
((|B215| true))
((|B216| true))
((|B217| true))
((|B218| true))
((|B219| true))
((|B22| true))
((|B220| true))
((|B221| true))
((|B222| true))
((|B223| true))
((|B224| true))
((|B225| true))
((|B226| true))
((|B227| true))
((|B228| true))
((|B229| true))
((|B23| true))
((|B230| true))
((|B231| true))
((|B232| true))
((|B233| true))
((|B234| true))
((|B235| true))
((|B236| true))
((|B237| true))
((|B238| true))
((|B239| true))
((|B24| true))
((|B240| true))
((|B241| true))
((|B242| true))
((|B243| true))
((|B244| true))
((|B245| true))
((|B246| true))
((|B247| true))
((|B248| true))
((|B249| true))
((|B25| true))
((|B250| true))
((|B251| true))
((|B252| true))
((|B253| true))
((|B254| true))
((|B255| true))
((|B256| true))
((|B257| true))
((|B258| true))
((|B259| true))
((|B26| true))
((|B260| true))
((|B261| true))
((|B262| true))
((|B263| true))
((|B264| true))
((|B265| true))
((|B266| true))
((|B267| true))
((|B268| true))
((|B269| true))
((|B27| true))
((|B270| true))
((|B271| true))
((|B272| true))
((|B273| true))
((|B274| true))
((|B275| true))
((|B276| true))
((|B277| true))
((|B278| true))
((|B279| true))
((|B28| true))
((|B280| true))
((|B281| true))
((|B282| true))
((|B283| true))
((|B284| true))
((|B285| true))
((|B286| true))
((|B287| true))
((|B288| true))
((|B289| true))
((|B29| true))
((|B290| true))
((|B291| true))
((|B292| true))
((|B293| true))
((|B294| true))
((|B295| true))
((|B296| true))
((|B297| true))
((|B298| true))
((|B299| true))
((|B3| true))
((|B30| true))
((|B300| true))
((|B301| true))
((|B302| true))
((|B303| true))
((|B304| true))
((|B305| true))
((|B306| true))
((|B307| true))
((|B308| true))
((|B309| true))
((|B31| true))
((|B310| true))
((|B311| true))
((|B312| true))
((|B313| true))
((|B314| true))
((|B315| true))
((|B316| true))
((|B317| false))
((|B318| true))
((|B319| false))
((|B32| true))
((|B320| true))
((|B33| true))
((|B34| true))
((|B35| true))
((|B36| true))
((|B37| true))
((|B38| true))
((|B39| true))
((|B4| true))
((|B40| true))
((|B41| true))
((|B42| true))
((|B43| true))
((|B44| true))
((|B45| true))
((|B46| true))
((|B47| true))
((|B48| true))
((|B49| true))
((|B5| true))
((|B50| true))
((|B51| true))
((|B52| true))
((|B53| true))
((|B54| true))
((|B55| true))
((|B56| true))
((|B57| true))
((|B58| true))
((|B59| true))
((|B6| true))
((|B60| true))
((|B61| true))
((|B62| true))
((|B63| true))
((|B64| true))
((|B65| true))
((|B66| true))
((|B67| true))
((|B68| true))
((|B69| true))
((|B7| true))
((|B70| true))
((|B71| true))
((|B72| true))
((|B73| true))
((|B74| true))
((|B75| true))
((|B76| true))
((|B77| true))
((|B78| true))
((|B79| true))
((|B8| true))
((|B80| true))
((|B81| true))
((|B82| true))
((|B83| true))
((|B84| true))
((|B85| true))
((|B86| true))
((|B87| true))
((|B88| true))
((|B89| true))
((|B9| true))
((|B90| true))
((|B91| true))
((|B92| true))
((|B93| true))
((|B94| true))
((|B95| true))
((|B96| true))
((|B97| true))
((|B98| true))
((|B99| true))
((|P0#return_value!1#1| #x00000000))
((|P0#return_value!1#2| #x00000000))
((|P0#return_value!2#1| #x00000000))
((|P0::$tmp::return_value___VERIFIER_nondet_pointer$1!1@1#1| #x00000000))
((|P0::$tmp::return_value___VERIFIER_nondet_pointer$1!1@1#2| #x00000000))
((|P0::arg!1@1#1| #x00000000))
((|P1#return_value!1#1| #x00000000))
((|P1#return_value!2#1| #x00000000))
((|P1#return_value!2#2| #x00000000))
((|P1::$tmp::return_value___VERIFIER_nondet_pointer$1!2@1#1| #x00000000))
((|P1::$tmp::return_value___VERIFIER_nondet_pointer$1!2@1#2| #x00000000))
((|P1::arg!2@1#1| #x00000000))
((|__CPROVER_dead_object#1| #x00000000))
((|__CPROVER_dead_object#1$wclk$8| (- 54)))
((|__CPROVER_deallocated#1| #x00000000))
((|__CPROVER_deallocated#1$wclk$8| (- 53)))
((|__CPROVER_malloc_is_new_array#1| false))
((|__CPROVER_malloc_is_new_array#1$wclk$8| (- 52)))
((|__CPROVER_malloc_object#1| #x00000000))
((|__CPROVER_malloc_object#1$wclk$8| (- 51)))
((|__CPROVER_malloc_size#1| #x00000000))
((|__CPROVER_malloc_size#1$wclk$8| (- 50)))
((|__CPROVER_memory_leak#1| #x00000000))
((|__CPROVER_memory_leak#1$wclk$8| (- 49)))
((|__CPROVER_next_thread_id#1| #x00000000))
((|__CPROVER_next_thread_id#1$wclk$8| (- 48)))
((|__CPROVER_next_thread_id#2| #x00000001))
((|__CPROVER_next_thread_id#2$wclk$8| (- 21)))
((|__CPROVER_next_thread_id#3| #x00000001))
((|__CPROVER_next_thread_id#3$rclk$8| (- 17)))
((|__CPROVER_next_thread_id#4| #x00000001))
((|__CPROVER_next_thread_id#5| #x00000002))
((|__CPROVER_next_thread_id#5$wclk$8| (- 17)))
((|__CPROVER_pipe_count#1| #x00000000))
((|__CPROVER_pipe_count#1$wclk$8| (- 47)))
((|__CPROVER_rounding_mode!0#1| #x00000000))
((|__CPROVER_rounding_mode!1#1| #x00000000))
((|__CPROVER_rounding_mode!2#1| #x00000000))
((|__CPROVER_thread_id!0#1| #x00000000))
((|__CPROVER_thread_id!1#1| #x00000000))
((|__CPROVER_thread_id!1#2| #x00000000))
((|__CPROVER_thread_id!2#1| #x00000000))
((|__CPROVER_thread_id!2#2| #x00000000))
((|__CPROVER_threads_exited#1| ((as const (Array (_ BitVec 32) Bool)) false)))
((|__CPROVER_threads_exited#1$wclk$8| (- 46)))
((|__CPROVER_threads_exited#2| ((as const (Array (_ BitVec 32) Bool)) false)))
((|__CPROVER_threads_exited#2$rclk$8| (- 6)))
((|__CPROVER_threads_exited#3| (store ((as const (Array (_ BitVec 32) Bool)) false) #x00000000 true)))
((|__CPROVER_threads_exited#3$wclk$8| (- 3)))
((|__CPROVER_threads_exited#4| ((as const (Array (_ BitVec 32) Bool)) false)))
((|__CPROVER_threads_exited#4$rclk$8| (- 5)))
((|__CPROVER_threads_exited#5| (store ((as const (Array (_ BitVec 32) Bool)) false) #x00000000 true)))
((|__CPROVER_threads_exited#5$wclk$8| (- 4)))
((|__VERIFIER_assert::expression!0@1#1| #x00000000))
((|__VERIFIER_assert::expression!2@1#1| #x00000001))
((|__VERIFIER_nondet_pointer#return_value!1#1| #x00000000))
((|__VERIFIER_nondet_pointer#return_value!2#1| #x00000000))
((|__unbuffered_cnt#1| #x00000000))
((|__unbuffered_cnt#1$wclk$8| (- 45)))
((|__unbuffered_cnt#10| #x00000002))
((|__unbuffered_cnt#10$wclk$8| (- 6)))
((|__unbuffered_cnt#2| #x00000002))
((|__unbuffered_cnt#2$rclk$8| (- 5)))
((|__unbuffered_cnt#3| #x00000002))
((|__unbuffered_cnt#4| #x00000000))
((|__unbuffered_cnt#4$rclk$8| (- 7)))
((|__unbuffered_cnt#5| #x00000000))
((|__unbuffered_cnt#6| #x00000001))
((|__unbuffered_cnt#6$wclk$8| (- 7)))
((|__unbuffered_cnt#7| #x00000001))
((|__unbuffered_cnt#7$rclk$8| (- 6)))
((|__unbuffered_cnt#8| #x00000001))
((|__unbuffered_cnt#9| #x00000002))
((|__unbuffered_p1_EAX#1| #x00000000))
((|__unbuffered_p1_EAX#1$wclk$8| (- 44)))
((|__unbuffered_p1_EAX#2| #x00000001))
((|__unbuffered_p1_EAX#2$rclk$8| (- 2)))
((|__unbuffered_p1_EAX#3| #x00000001))
((|__unbuffered_p1_EAX#4| #x00000001))
((|__unbuffered_p1_EAX#5| #xffffffff))
((|__unbuffered_p1_EAX#5$rclk$8| (- 12)))
((|__unbuffered_p1_EAX#6| #x00000001))
((|__unbuffered_p1_EAX#6$wclk$8| (- 12)))
((|__unbuffered_p1_EBX#1| #x00000000))
((|__unbuffered_p1_EBX#1$wclk$8| (- 43)))
((|__unbuffered_p1_EBX#2| #x00000001))
((|__unbuffered_p1_EBX#2$rclk$8| (- 2)))
((|__unbuffered_p1_EBX#3| #x00000001))
((|__unbuffered_p1_EBX#4| #x00000001))
((|__unbuffered_p1_EBX#5| #xffffffff))
((|__unbuffered_p1_EBX#5$rclk$8| (- 11)))
((|__unbuffered_p1_EBX#6| #x00000001))
((|__unbuffered_p1_EBX#6$wclk$8| (- 11)))
((|goto_symex::&92;guard#1| true))
((|goto_symex::&92;guard#2| false))
((|main#return_value!0#1| #x00000000))
((|main#return_value!1#1| #x00000000))
((|main#return_value!2#1| #x00000000))
((|main$tmp_guard0#1| #x00))
((|main$tmp_guard0#1$wclk$8| (- 42)))
((|main$tmp_guard0#2| #x01))
((|main$tmp_guard0#2$wclk$8| (- 5)))
((|main$tmp_guard0#3| #x01))
((|main$tmp_guard0#3$rclk$8| (- 4)))
((|main$tmp_guard1#1| #x00))
((|main$tmp_guard1#1$wclk$8| (- 41)))
((|main$tmp_guard1#2| #x00))
((|main$tmp_guard1#3| #xff))
((|main$tmp_guard1#3$rclk$8| (- 2)))
((|main$tmp_guard1#4| #x00))
((|main$tmp_guard1#4$wclk$8| (- 2)))
((|main$tmp_guard1#5| #x00))
((|main$tmp_guard1#5$rclk$8| (- 1)))
((|main$tmp_guard1#6| #x00))
((|main$tmp_guard1#6$rclk$8| 0))
((|main::$tmp::return_value___VERIFIER_nondet_pointer$1!0@1#1| #x00000000))
((|main::$tmp::return_value___VERIFIER_nondet_pointer$1!0@1#2| #x00000000))
((|main::$tmp::return_value___VERIFIER_nondet_pointer$2!0@1#1| #x00000000))
((|main::$tmp::return_value___VERIFIER_nondet_pointer$2!0@1#2| #xffffffff))
((|main::1::t1589!0@1| #x00000000))
((|main::1::t1589!0@1#1| #x00000000))
((|main::1::t1589!0@1#1$wclk$8| (- 22)))
((|main::1::t1589!0@1#2| #x00000001))
((|main::1::t1589!0@1#2$wclk$8| (- 20)))
((|main::1::t1590!0@1| #x00000000))
((|main::1::t1590!0@1#1| #x00000000))
((|main::1::t1590!0@1#1$wclk$8| (- 18)))
((|main::1::t1590!0@1#2| #x00000002))
((|main::1::t1590!0@1#2$wclk$8| (- 16)))
((|main::1::t1590!0@1$wclk$8| (- 55)))
((|memory_model::choice_rf_0_38_0_34_T_5| true))
((|memory_model::choice_rf_0_38_0_7_T_4| false))
((|memory_model::choice_rf_0_42_0_10_F_25| false))
((|memory_model::choice_rf_0_42_1_15_F_26| false))
((|memory_model::choice_rf_0_42_2_37_F_27| true))
((|memory_model::choice_rf_0_44_0_13_F_38| false))
((|memory_model::choice_rf_0_44_0_43_F_39| true))
((|memory_model::choice_rf_0_45_0_30_F_109| false))
((|memory_model::choice_rf_0_45_2_15_F_110| true))
((|memory_model::choice_rf_0_46_0_23_F_59| false))
((|memory_model::choice_rf_0_46_2_11_F_60| true))
((|memory_model::choice_rf_0_47_0_17_F_6| false))
((|memory_model::choice_rf_0_47_1_13_F_8| false))
((|memory_model::choice_rf_0_47_1_1_F_7| false))
((|memory_model::choice_rf_0_47_2_35_F_9| true))
((|memory_model::choice_rf_0_48_0_31_F_119| false))
((|memory_model::choice_rf_0_48_1_12_F_120| false))
((|memory_model::choice_rf_0_48_2_13_F_121| false))
((|memory_model::choice_rf_0_48_2_34_F_122| true))
((|memory_model::choice_rf_0_49_0_28_F_74| false))
((|memory_model::choice_rf_0_49_2_14_F_75| true))
((|memory_model::choice_rf_0_50_0_20_F_47| true))
((|memory_model::choice_rf_0_51_0_29_F_86| false))
((|memory_model::choice_rf_0_51_1_11_F_87| false))
((|memory_model::choice_rf_0_51_2_12_F_88| false))
((|memory_model::choice_rf_0_51_2_33_F_89| true))
((|memory_model::choice_rf_0_57_0_12_F_35| false))
((|memory_model::choice_rf_0_57_2_23_F_36| true))
((|memory_model::choice_rf_0_58_0_15_F_149| false))
((|memory_model::choice_rf_0_59_0_16_F_150| true))
((|memory_model::choice_rf_0_60_0_29_F_90| false))
((|memory_model::choice_rf_0_60_0_54_F_91| true))
((|memory_model::choice_rf_0_60_1_11_F_92| false))
((|memory_model::choice_rf_0_60_2_12_F_93| false))
((|memory_model::choice_rf_0_60_2_33_F_94| false))
((|memory_model::choice_rf_0_61_0_17_F_10| false))
((|memory_model::choice_rf_0_61_0_56_F_11| true))
((|memory_model::choice_rf_0_61_1_13_F_13| false))
((|memory_model::choice_rf_0_61_1_1_F_12| false))
((|memory_model::choice_rf_0_61_2_35_F_14| false))
((|memory_model::choice_rf_0_62_0_14_F_40| false))
((|memory_model::choice_rf_0_63_0_31_F_123| false))
((|memory_model::choice_rf_0_63_0_55_F_124| true))
((|memory_model::choice_rf_0_63_1_12_F_125| false))
((|memory_model::choice_rf_0_63_2_13_F_126| false))
((|memory_model::choice_rf_0_63_2_34_F_127| false))
((|memory_model::choice_rf_0_64_0_19_F_46| false))
((|memory_model::choice_rf_0_65_0_23_F_61| false))
((|memory_model::choice_rf_0_65_0_52_F_62| true))
((|memory_model::choice_rf_0_65_2_11_F_63| false))
((|memory_model::choice_rf_0_66_0_28_F_76| false))
((|memory_model::choice_rf_0_66_2_14_F_77| true))
((|memory_model::choice_rf_0_67_0_20_F_48| false))
((|memory_model::choice_rf_0_67_0_53_F_49| true))
((|memory_model::choice_rf_0_68_0_30_F_111| false))
((|memory_model::choice_rf_0_68_2_15_F_112| true))
((|memory_model::choice_rf_0_69_0_18_F_45| true))
((|memory_model::choice_rf_0_70_0_32_F_138| false))
((|memory_model::choice_rf_0_70_1_0_F_139| true))
((|memory_model::choice_rf_0_70_2_17_F_140| false))
((|memory_model::choice_rf_0_71_0_11_F_32| false))
((|memory_model::choice_rf_0_71_2_20_F_33| true))
((|memory_model::choice_rf_0_84_0_14_F_41| false))
((|memory_model::choice_rf_0_84_0_79_F_42| true))
((|memory_model::choice_rf_0_85_0_14_F_43| false))
((|memory_model::choice_rf_0_85_0_79_F_44| true))
((|memory_model::choice_rf_1_14_0_10_F_28| true))
((|memory_model::choice_rf_1_14_2_37_F_29| false))
((|memory_model::choice_rf_1_16_0_9_T_0| true))
((|memory_model::choice_rf_1_16_2_39_T_1| false))
((|memory_model::choice_rf_1_2_0_17_F_15| false))
((|memory_model::choice_rf_1_2_0_56_F_16| false))
((|memory_model::choice_rf_1_2_0_77_F_17| false))
((|memory_model::choice_rf_1_2_1_1_F_18| true))
((|memory_model::choice_rf_1_2_2_35_F_19| false))
((|memory_model::choice_rf_1_3_0_30_F_113| false))
((|memory_model::choice_rf_1_3_0_74_F_114| false))
((|memory_model::choice_rf_1_3_2_15_F_115| true))
((|memory_model::choice_rf_1_4_0_24_F_67| false))
((|memory_model::choice_rf_1_4_2_10_F_68| true))
((|memory_model::choice_rf_1_5_0_31_F_128| false))
((|memory_model::choice_rf_1_5_0_55_F_129| false))
((|memory_model::choice_rf_1_5_0_76_F_130| false))
((|memory_model::choice_rf_1_5_2_13_F_131| true))
((|memory_model::choice_rf_1_5_2_34_F_132| false))
((|memory_model::choice_rf_1_6_0_28_F_78| false))
((|memory_model::choice_rf_1_6_0_75_F_79| false))
((|memory_model::choice_rf_1_6_2_14_F_80| true))
((|memory_model::choice_rf_1_7_0_21_F_53| true))
((|memory_model::choice_rf_1_8_0_29_F_95| false))
((|memory_model::choice_rf_1_8_0_54_F_96| false))
((|memory_model::choice_rf_1_8_0_81_F_97| false))
((|memory_model::choice_rf_1_8_2_12_F_98| true))
((|memory_model::choice_rf_1_8_2_33_F_99| false))
((|memory_model::choice_rf_2_0_0_25_F_71| false))
((|memory_model::choice_rf_2_16_0_32_F_141| false))
((|memory_model::choice_rf_2_16_1_0_F_142| false))
((|memory_model::choice_rf_2_18_0_11_F_34| false))
((|memory_model::choice_rf_2_19_0_32_F_143| false))
((|memory_model::choice_rf_2_19_1_0_F_144| false))
((|memory_model::choice_rf_2_19_2_17_F_145| true))
((|memory_model::choice_rf_2_1_0_22_F_56| true))
((|memory_model::choice_rf_2_21_0_12_F_37| false))
((|memory_model::choice_rf_2_22_0_32_F_146| false))
((|memory_model::choice_rf_2_22_1_0_F_147| false))
((|memory_model::choice_rf_2_22_2_17_F_148| true))
((|memory_model::choice_rf_2_24_0_17_F_20| false))
((|memory_model::choice_rf_2_24_0_56_F_21| false))
((|memory_model::choice_rf_2_24_0_77_F_22| false))
((|memory_model::choice_rf_2_24_1_13_F_24| true))
((|memory_model::choice_rf_2_24_1_1_F_23| false))
((|memory_model::choice_rf_2_25_0_30_F_116| false))
((|memory_model::choice_rf_2_25_0_74_F_117| false))
((|memory_model::choice_rf_2_25_2_15_F_118| true))
((|memory_model::choice_rf_2_26_0_25_F_72| false))
((|memory_model::choice_rf_2_26_2_9_F_73| true))
((|memory_model::choice_rf_2_27_0_31_F_133| false))
((|memory_model::choice_rf_2_27_0_55_F_134| false))
((|memory_model::choice_rf_2_27_0_76_F_135| false))
((|memory_model::choice_rf_2_27_1_12_F_136| true))
((|memory_model::choice_rf_2_27_2_13_F_137| false))
((|memory_model::choice_rf_2_28_0_28_F_83| false))
((|memory_model::choice_rf_2_28_0_75_F_84| false))
((|memory_model::choice_rf_2_28_2_14_F_85| true))
((|memory_model::choice_rf_2_29_0_22_F_57| false))
((|memory_model::choice_rf_2_29_2_8_F_58| true))
((|memory_model::choice_rf_2_2_0_24_F_69| false))
((|memory_model::choice_rf_2_2_1_9_F_70| false))
((|memory_model::choice_rf_2_30_0_29_F_104| false))
((|memory_model::choice_rf_2_30_0_54_F_105| false))
((|memory_model::choice_rf_2_30_0_81_F_106| false))
((|memory_model::choice_rf_2_30_1_11_F_107| true))
((|memory_model::choice_rf_2_30_2_12_F_108| false))
((|memory_model::choice_rf_2_36_0_10_F_30| false))
((|memory_model::choice_rf_2_36_1_15_F_31| true))
((|memory_model::choice_rf_2_38_0_9_T_2| true))
((|memory_model::choice_rf_2_38_1_17_T_3| false))
((|memory_model::choice_rf_2_3_0_21_F_54| true))
((|memory_model::choice_rf_2_3_1_10_F_55| false))
((|memory_model::choice_rf_2_4_0_23_F_64| false))
((|memory_model::choice_rf_2_4_0_52_F_65| false))
((|memory_model::choice_rf_2_4_0_72_F_66| false))
((|memory_model::choice_rf_2_5_0_20_F_50| true))
((|memory_model::choice_rf_2_5_0_53_F_51| false))
((|memory_model::choice_rf_2_5_0_73_F_52| false))
((|memory_model::choice_rf_2_6_0_29_F_100| true))
((|memory_model::choice_rf_2_6_0_54_F_101| false))
((|memory_model::choice_rf_2_6_0_81_F_102| false))
((|memory_model::choice_rf_2_6_1_11_F_103| false))
((|memory_model::choice_rf_2_7_0_28_F_81| true))
((|memory_model::choice_rf_2_7_0_75_F_82| false))
((|memory_model::choice_ws-ext_0_10_1_15_F_165| true))
((|memory_model::choice_ws-ext_0_10_2_37_F_166| true))
((|memory_model::choice_ws-ext_0_11_2_20_F_168| true))
((|memory_model::choice_ws-ext_0_12_2_23_F_169| true))
((|memory_model::choice_ws-ext_0_17_1_13_F_155| true))
((|memory_model::choice_ws-ext_0_17_1_1_F_154| true))
((|memory_model::choice_ws-ext_0_17_2_35_F_156| true))
((|memory_model::choice_ws-ext_0_21_1_10_F_170| true))
((|memory_model::choice_ws-ext_0_22_2_32_F_172| true))
((|memory_model::choice_ws-ext_0_22_2_8_F_171| true))
((|memory_model::choice_ws-ext_0_23_2_11_F_173| true))
((|memory_model::choice_ws-ext_0_24_1_9_F_176| true))
((|memory_model::choice_ws-ext_0_24_2_10_F_177| true))
((|memory_model::choice_ws-ext_0_25_2_31_F_180| true))
((|memory_model::choice_ws-ext_0_25_2_9_F_179| true))
((|memory_model::choice_ws-ext_0_28_2_14_F_181| true))
((|memory_model::choice_ws-ext_0_29_1_11_F_183| true))
((|memory_model::choice_ws-ext_0_29_2_12_F_184| true))
((|memory_model::choice_ws-ext_0_29_2_33_F_185| true))
((|memory_model::choice_ws-ext_0_30_2_15_F_194| true))
((|memory_model::choice_ws-ext_0_31_1_12_F_196| true))
((|memory_model::choice_ws-ext_0_31_2_13_F_197| true))
((|memory_model::choice_ws-ext_0_31_2_34_F_198| true))
((|memory_model::choice_ws-ext_0_32_1_0_F_207| true))
((|memory_model::choice_ws-ext_0_32_2_17_F_208| true))
((|memory_model::choice_ws-ext_0_52_2_11_F_174| false))
((|memory_model::choice_ws-ext_0_54_1_11_F_186| false))
((|memory_model::choice_ws-ext_0_54_2_12_F_187| false))
((|memory_model::choice_ws-ext_0_54_2_33_F_188| false))
((|memory_model::choice_ws-ext_0_55_1_12_F_199| false))
((|memory_model::choice_ws-ext_0_55_2_13_F_200| false))
((|memory_model::choice_ws-ext_0_55_2_34_F_201| false))
((|memory_model::choice_ws-ext_0_56_1_13_F_158| false))
((|memory_model::choice_ws-ext_0_56_1_1_F_157| false))
((|memory_model::choice_ws-ext_0_56_2_35_F_159| false))
((|memory_model::choice_ws-ext_0_72_2_11_F_175| false))
((|memory_model::choice_ws-ext_0_74_2_15_F_195| false))
((|memory_model::choice_ws-ext_0_75_2_14_F_182| false))
((|memory_model::choice_ws-ext_0_76_1_12_F_202| false))
((|memory_model::choice_ws-ext_0_76_2_13_F_203| false))
((|memory_model::choice_ws-ext_0_76_2_34_F_204| false))
((|memory_model::choice_ws-ext_0_77_1_13_F_161| false))
((|memory_model::choice_ws-ext_0_77_1_1_F_160| false))
((|memory_model::choice_ws-ext_0_77_2_35_F_162| false))
((|memory_model::choice_ws-ext_0_81_1_11_F_189| false))
((|memory_model::choice_ws-ext_0_81_2_12_F_190| false))
((|memory_model::choice_ws-ext_0_81_2_33_F_191| false))
((|memory_model::choice_ws-ext_0_9_1_17_T_151| true))
((|memory_model::choice_ws-ext_0_9_2_39_T_152| true))
((|memory_model::choice_ws-ext_1_0_2_17_F_209| false))
((|memory_model::choice_ws-ext_1_11_2_12_F_192| false))
((|memory_model::choice_ws-ext_1_11_2_33_F_193| true))
((|memory_model::choice_ws-ext_1_12_2_13_F_205| false))
((|memory_model::choice_ws-ext_1_12_2_34_F_206| true))
((|memory_model::choice_ws-ext_1_13_2_35_F_164| true))
((|memory_model::choice_ws-ext_1_15_2_37_F_167| true))
((|memory_model::choice_ws-ext_1_17_2_39_T_153| false))
((|memory_model::choice_ws-ext_1_1_2_35_F_163| true))
((|memory_model::choice_ws-ext_1_9_2_10_F_178| false))
((|nondet_symex::nondet0| #x00000000))
((|nondet_symex::nondet1| #xffffffff))
((|nondet_symex::nondet2| #x00000000))
((|nondet_symex::nondet3| #x00000000))
((|pthread_create#return_value!0#1| #x00000000))
((|pthread_create#return_value!0#2| #x00000000))
((|pthread_create#return_value!1#1| #x00000000))
((|pthread_create#return_value!2#1| #x00000000))
((|pthread_create::1::this_thread_id!0@1#1| #x00000000))
((|pthread_create::1::this_thread_id!0@1#2| #x00000001))
((|pthread_create::1::this_thread_id!0@2#1| #x00000000))
((|pthread_create::1::this_thread_id!0@2#2| #x00000002))
((|pthread_create::1::this_thread_id!1@0#0| #x00000000))
((|pthread_create::1::this_thread_id!2@0#0| #x00000000))
((|pthread_create::arg!0@1#1| #x00000000))
((|pthread_create::arg!0@2#1| #x00000000))
((|pthread_create::arg!1@0#1| #x00000000))
((|pthread_create::arg!2@0#1| #x00000000))
((|pthread_create::attr!0@1#1| #x00000000))
((|pthread_create::attr!0@2#1| #x00000000))
((|pthread_create::attr!1@0#1| #x00000000))
((|pthread_create::attr!2@0#1| #x00000000))
((|pthread_create::start_routine!0@1#1| #x03000000))
((|pthread_create::start_routine!0@2#1| #x05000000))
((|pthread_create::start_routine!1@0#1| #x03000000))
((|pthread_create::start_routine!2@0#1| #x05000000))
((|pthread_create::thread!0@1#1| #x02000000))
((|pthread_create::thread!0@2#1| #x04000000))
((|pthread_create::thread!1@0#1| #x02000000))
((|pthread_create::thread!2@0#1| #x04000000))
((|return'!0#1| #x00000000))
((|t1$36$spwnclk$8| (- 19)))
((|t1$41$spwnclk$8| (- 15)))
((|weak$$choice0#1| #x00))
((|weak$$choice0#1$wclk$8| (- 40)))
((|weak$$choice0#2| #x00))
((|weak$$choice0#3| #xff))
((|weak$$choice0#3$rclk$8| (- 2)))
((|weak$$choice0#4| #x00))
((|weak$$choice0#4$wclk$8| (- 2)))
((|weak$$choice2#1| #x00))
((|weak$$choice2#1$wclk$8| (- 39)))
((|weak$$choice2#10| #x01))
((|weak$$choice2#11| #x01))
((|weak$$choice2#11$wclk$8| (- 2)))
((|weak$$choice2#2| #x01))
((|weak$$choice2#3| #x00))
((|weak$$choice2#3$rclk$8| (- 2)))
((|weak$$choice2#4| #x01))
((|weak$$choice2#5| #x01))
((|weak$$choice2#6| #x01))
((|weak$$choice2#7| #x01))
((|weak$$choice2#8| #x01))
((|weak$$choice2#9| #x01))
((|x#1| #x00000000))
((|x#1$wclk$8| (- 38)))
((|x#10| #x00000002))
((|x#11| #x00000002))
((|x#12| #x00000002))
((|x#13| #x00000002))
((|x#14| #x00000002))
((|x#14$wclk$8| (- 2)))
((|x#15| #x00000001))
((|x#15$wclk$8| (- 9)))
((|x#16| #x00000001))
((|x#16$rclk$8| (- 8)))
((|x#17| #x00000001))
((|x#18| #x00000001))
((|x#18$wclk$8| (- 8)))
((|x#19| #x00000001))
((|x#19$rclk$8| (- 7)))
((|x#2| #x00000002))
((|x#2$rclk$8| (- 3)))
((|x#20| #x00000001))
((|x#21| #x00000002))
((|x#22| #x00000002))
((|x#22$wclk$8| (- 7)))
((|x#3| #x00000002))
((|x#4| #x00000002))
((|x#5| #x00000002))
((|x#5$wclk$8| (- 3)))
((|x#6| #x00000002))
((|x#6$rclk$8| (- 2)))
((|x#7| #x00000002))
((|x#8| #x00000002))
((|x#9| #x00000002))
((|x$flush_delayed#1| #x00))
((|x$flush_delayed#1$wclk$8| (- 37)))
((|x$flush_delayed#2| #x01))
((|x$flush_delayed#3| #x00))
((|x$flush_delayed#3$rclk$8| (- 2)))
((|x$flush_delayed#4| #x01))
((|x$flush_delayed#5| #x01))
((|x$flush_delayed#6| #x00))
((|x$flush_delayed#7| #x00))
((|x$flush_delayed#7$wclk$8| (- 2)))
((|x$mem_tmp#1| #x00000000))
((|x$mem_tmp#1$wclk$8| (- 36)))
((|x$mem_tmp#2| #x00000002))
((|x$mem_tmp#3| #x00000000))
((|x$mem_tmp#3$rclk$8| (- 2)))
((|x$mem_tmp#4| #x00000002))
((|x$mem_tmp#5| #x00000002))
((|x$mem_tmp#5$wclk$8| (- 2)))
((|x$r_buff0_thd0#1| #x00))
((|x$r_buff0_thd0#1$wclk$8| (- 35)))
((|x$r_buff0_thd0#10| #x00))
((|x$r_buff0_thd0#10$wclk$8| (- 3)))
((|x$r_buff0_thd0#11| #x00))
((|x$r_buff0_thd0#11$rclk$8| (- 2)))
((|x$r_buff0_thd0#12| #x00))
((|x$r_buff0_thd0#13| #x00))
((|x$r_buff0_thd0#14| #x00))
((|x$r_buff0_thd0#15| #x00))
((|x$r_buff0_thd0#16| #x00))
((|x$r_buff0_thd0#17| #x00))
((|x$r_buff0_thd0#18| #x00))
((|x$r_buff0_thd0#19| #x00))
((|x$r_buff0_thd0#2| #x00))
((|x$r_buff0_thd0#2$rclk$8| (- 3)))
((|x$r_buff0_thd0#20| #x00))
((|x$r_buff0_thd0#21| #x00))
((|x$r_buff0_thd0#22| #x00))
((|x$r_buff0_thd0#23| #x00))
((|x$r_buff0_thd0#24| #x00))
((|x$r_buff0_thd0#25| #x00))
((|x$r_buff0_thd0#26| #x00))
((|x$r_buff0_thd0#27| #x00))
((|x$r_buff0_thd0#28| #x00))
((|x$r_buff0_thd0#29| #x00))
((|x$r_buff0_thd0#3| #x00))
((|x$r_buff0_thd0#30| #x00))
((|x$r_buff0_thd0#31| #x00))
((|x$r_buff0_thd0#32| #x00))
((|x$r_buff0_thd0#33| #x00))
((|x$r_buff0_thd0#34| #x00))
((|x$r_buff0_thd0#35| #x00))
((|x$r_buff0_thd0#36| #x00))
((|x$r_buff0_thd0#37| #x00))
((|x$r_buff0_thd0#37$wclk$8| (- 2)))
((|x$r_buff0_thd0#38| #x00))
((|x$r_buff0_thd0#38$rclk$8| (- 14)))
((|x$r_buff0_thd0#39| #x00))
((|x$r_buff0_thd0#4| #x00))
((|x$r_buff0_thd0#5| #x00))
((|x$r_buff0_thd0#6| #x00))
((|x$r_buff0_thd0#7| #x00))
((|x$r_buff0_thd0#8| #x00))
((|x$r_buff0_thd0#9| #x00))
((|x$r_buff0_thd1#1| #x00))
((|x$r_buff0_thd1#1$wclk$8| (- 34)))
((|x$r_buff0_thd1#2| #x00))
((|x$r_buff0_thd1#2$rclk$8| (- 8)))
((|x$r_buff0_thd1#3| #x00))
((|x$r_buff0_thd1#4| #x00))
((|x$r_buff0_thd1#4$wclk$8| (- 8)))
((|x$r_buff0_thd1#5| #x00))
((|x$r_buff0_thd1#5$rclk$8| (- 14)))
((|x$r_buff0_thd1#6| #x00))
((|x$r_buff0_thd2#1| #x00))
((|x$r_buff0_thd2#1$wclk$8| (- 33)))
((|x$r_buff0_thd2#10| #x01))
((|x$r_buff0_thd2#11| #x01))
((|x$r_buff0_thd2#12| #x01))
((|x$r_buff0_thd2#13| #x01))
((|x$r_buff0_thd2#14| #x01))
((|x$r_buff0_thd2#14$wclk$8| (- 7)))
((|x$r_buff0_thd2#2| #x00))
((|x$r_buff0_thd2#2$rclk$8| (- 14)))
((|x$r_buff0_thd2#3| #x00))
((|x$r_buff0_thd2#4| #x01))
((|x$r_buff0_thd2#5| #x01))
((|x$r_buff0_thd2#5$wclk$8| (- 14)))
((|x$r_buff0_thd2#6| #x01))
((|x$r_buff0_thd2#6$rclk$8| (- 7)))
((|x$r_buff0_thd2#7| #x01))
((|x$r_buff0_thd2#8| #x01))
((|x$r_buff0_thd2#9| #x01))
((|x$r_buff1_thd0#1| #x00))
((|x$r_buff1_thd0#1$wclk$8| (- 32)))
((|x$r_buff1_thd0#10| #x00))
((|x$r_buff1_thd0#11| #x00))
((|x$r_buff1_thd0#12| #x00))
((|x$r_buff1_thd0#13| #x00))
((|x$r_buff1_thd0#14| #x00))
((|x$r_buff1_thd0#15| #x00))
((|x$r_buff1_thd0#16| #x00))
((|x$r_buff1_thd0#17| #x00))
((|x$r_buff1_thd0#18| #x00))
((|x$r_buff1_thd0#19| #x00))
((|x$r_buff1_thd0#2| #x00))
((|x$r_buff1_thd0#2$rclk$8| (- 3)))
((|x$r_buff1_thd0#20| #x00))
((|x$r_buff1_thd0#20$wclk$8| (- 2)))
((|x$r_buff1_thd0#21| #x00))
((|x$r_buff1_thd0#22| #x00))
((|x$r_buff1_thd0#22$rclk$8| (- 14)))
((|x$r_buff1_thd0#23| #x00))
((|x$r_buff1_thd0#23$wclk$8| (- 14)))
((|x$r_buff1_thd0#3| #x00))
((|x$r_buff1_thd0#4| #x00))
((|x$r_buff1_thd0#5| #x00))
((|x$r_buff1_thd0#6| #x00))
((|x$r_buff1_thd0#7| #x00))
((|x$r_buff1_thd0#8| #x00))
((|x$r_buff1_thd0#8$wclk$8| (- 3)))
((|x$r_buff1_thd0#9| #x00))
((|x$r_buff1_thd0#9$rclk$8| (- 2)))
((|x$r_buff1_thd1#1| #x00))
((|x$r_buff1_thd1#1$wclk$8| (- 31)))
((|x$r_buff1_thd1#2| #x00))
((|x$r_buff1_thd1#2$rclk$8| (- 8)))
((|x$r_buff1_thd1#3| #x00))
((|x$r_buff1_thd1#4| #x00))
((|x$r_buff1_thd1#4$wclk$8| (- 8)))
((|x$r_buff1_thd1#5| #x00))
((|x$r_buff1_thd1#6| #x00))
((|x$r_buff1_thd1#6$rclk$8| (- 14)))
((|x$r_buff1_thd1#7| #x00))
((|x$r_buff1_thd1#7$wclk$8| (- 14)))
((|x$r_buff1_thd2#1| #x00))
((|x$r_buff1_thd2#1$wclk$8| (- 30)))
((|x$r_buff1_thd2#10| #x00))
((|x$r_buff1_thd2#11| #x00))
((|x$r_buff1_thd2#11$wclk$8| (- 7)))
((|x$r_buff1_thd2#2| #x00))
((|x$r_buff1_thd2#3| #xff))
((|x$r_buff1_thd2#3$rclk$8| (- 14)))
((|x$r_buff1_thd2#4| #x00))
((|x$r_buff1_thd2#4$wclk$8| (- 14)))
((|x$r_buff1_thd2#5| #x00))
((|x$r_buff1_thd2#5$rclk$8| (- 7)))
((|x$r_buff1_thd2#6| #x00))
((|x$r_buff1_thd2#7| #x00))
((|x$r_buff1_thd2#8| #x00))
((|x$r_buff1_thd2#9| #x00))
((|x$read_delayed#1| #x00))
((|x$read_delayed#1$wclk$8| (- 29)))
((|x$read_delayed_var#1| #x00000000))
((|x$read_delayed_var#1$wclk$8| (- 28)))
((|x$w_buff0#1| #x00000000))
((|x$w_buff0#1$wclk$8| (- 27)))
((|x$w_buff0#10| #x00000002))
((|x$w_buff0#11| #x00000002))
((|x$w_buff0#11$wclk$8| (- 2)))
((|x$w_buff0#12| #x00000002))
((|x$w_buff0#12$rclk$8| (- 8)))
((|x$w_buff0#13| #x00000002))
((|x$w_buff0#14| #x00000000))
((|x$w_buff0#14$rclk$8| (- 14)))
((|x$w_buff0#15| #x00000000))
((|x$w_buff0#16| #x00000002))
((|x$w_buff0#16$wclk$8| (- 14)))
((|x$w_buff0#17| #x00000002))
((|x$w_buff0#17$rclk$8| (- 7)))
((|x$w_buff0#18| #x00000002))
((|x$w_buff0#2| #x00000002))
((|x$w_buff0#2$rclk$8| (- 3)))
((|x$w_buff0#3| #x00000002))
((|x$w_buff0#4| #x00000002))
((|x$w_buff0#4$rclk$8| (- 2)))
((|x$w_buff0#5| #x00000002))
((|x$w_buff0#6| #x00000002))
((|x$w_buff0#7| #x00000002))
((|x$w_buff0#8| #x00000002))
((|x$w_buff0#9| #x00000002))
((|x$w_buff0_used#1| #x00))
((|x$w_buff0_used#1$wclk$8| (- 26)))
((|x$w_buff0_used#10| #x00))
((|x$w_buff0_used#10$wclk$8| (- 3)))
((|x$w_buff0_used#11| #x00))
((|x$w_buff0_used#11$rclk$8| (- 2)))
((|x$w_buff0_used#12| #x00))
((|x$w_buff0_used#13| #x00))
((|x$w_buff0_used#14| #x00))
((|x$w_buff0_used#15| #x00))
((|x$w_buff0_used#16| #x00))
((|x$w_buff0_used#17| #x00))
((|x$w_buff0_used#18| #x00))
((|x$w_buff0_used#19| #x00))
((|x$w_buff0_used#2| #x00))
((|x$w_buff0_used#2$rclk$8| (- 3)))
((|x$w_buff0_used#20| #x00))
((|x$w_buff0_used#21| #x00))
((|x$w_buff0_used#22| #x00))
((|x$w_buff0_used#23| #x00))
((|x$w_buff0_used#24| #x00))
((|x$w_buff0_used#25| #x00))
((|x$w_buff0_used#26| #x00))
((|x$w_buff0_used#27| #x00))
((|x$w_buff0_used#28| #x00))
((|x$w_buff0_used#29| #x00))
((|x$w_buff0_used#3| #x00))
((|x$w_buff0_used#30| #x00))
((|x$w_buff0_used#30$wclk$8| (- 2)))
((|x$w_buff0_used#31| #x01))
((|x$w_buff0_used#31$rclk$8| (- 8)))
((|x$w_buff0_used#32| #x01))
((|x$w_buff0_used#33| #x01))
((|x$w_buff0_used#33$wclk$8| (- 8)))
((|x$w_buff0_used#34| #x00))
((|x$w_buff0_used#34$rclk$8| (- 14)))
((|x$w_buff0_used#35| #x00))
((|x$w_buff0_used#36| #x01))
((|x$w_buff0_used#36$wclk$8| (- 14)))
((|x$w_buff0_used#37| #x01))
((|x$w_buff0_used#37$rclk$8| (- 7)))
((|x$w_buff0_used#38| #x01))
((|x$w_buff0_used#39| #x01))
((|x$w_buff0_used#4| #x00))
((|x$w_buff0_used#40| #x01))
((|x$w_buff0_used#41| #x00))
((|x$w_buff0_used#42| #x00))
((|x$w_buff0_used#43| #x00))
((|x$w_buff0_used#44| #x00))
((|x$w_buff0_used#45| #x00))
((|x$w_buff0_used#45$wclk$8| (- 7)))
((|x$w_buff0_used#5| #x00))
((|x$w_buff0_used#6| #x00))
((|x$w_buff0_used#7| #x00))
((|x$w_buff0_used#8| #x00))
((|x$w_buff0_used#9| #x00))
((|x$w_buff1#1| #x00000000))
((|x$w_buff1#1$wclk$8| (- 25)))
((|x$w_buff1#10| #x00000000))
((|x$w_buff1#11| #x00000000))
((|x$w_buff1#11$wclk$8| (- 2)))
((|x$w_buff1#12| #x00000000))
((|x$w_buff1#12$rclk$8| (- 8)))
((|x$w_buff1#13| #x00000000))
((|x$w_buff1#14| #x00000000))
((|x$w_buff1#14$wclk$8| (- 14)))
((|x$w_buff1#15| #x00000000))
((|x$w_buff1#15$rclk$8| (- 7)))
((|x$w_buff1#16| #x00000000))
((|x$w_buff1#2| #x00000000))
((|x$w_buff1#2$rclk$8| (- 3)))
((|x$w_buff1#3| #x00000000))
((|x$w_buff1#4| #x00000000))
((|x$w_buff1#4$rclk$8| (- 2)))
((|x$w_buff1#5| #x00000000))
((|x$w_buff1#6| #x00000000))
((|x$w_buff1#7| #x00000000))
((|x$w_buff1#8| #x00000000))
((|x$w_buff1#9| #x00000000))
((|x$w_buff1_used#1| #x00))
((|x$w_buff1_used#1$wclk$8| (- 24)))
((|x$w_buff1_used#10| #x00))
((|x$w_buff1_used#11| #x00))
((|x$w_buff1_used#12| #x00))
((|x$w_buff1_used#13| #x00))
((|x$w_buff1_used#14| #x00))
((|x$w_buff1_used#15| #x00))
((|x$w_buff1_used#16| #x00))
((|x$w_buff1_used#17| #x00))
((|x$w_buff1_used#18| #x00))
((|x$w_buff1_used#19| #x00))
((|x$w_buff1_used#2| #x00))
((|x$w_buff1_used#2$rclk$8| (- 3)))
((|x$w_buff1_used#20| #x00))
((|x$w_buff1_used#20$wclk$8| (- 2)))
((|x$w_buff1_used#21| #x00))
((|x$w_buff1_used#21$rclk$8| (- 8)))
((|x$w_buff1_used#22| #x00))
((|x$w_buff1_used#23| #x00))
((|x$w_buff1_used#23$wclk$8| (- 8)))
((|x$w_buff1_used#24| #x00))
((|x$w_buff1_used#24$wclk$8| (- 14)))
((|x$w_buff1_used#25| #x00))
((|x$w_buff1_used#25$rclk$8| (- 7)))
((|x$w_buff1_used#26| #x00))
((|x$w_buff1_used#27| #x00))
((|x$w_buff1_used#28| #x00))
((|x$w_buff1_used#29| #x00))
((|x$w_buff1_used#3| #x00))
((|x$w_buff1_used#30| #x00))
((|x$w_buff1_used#31| #x00))
((|x$w_buff1_used#31$wclk$8| (- 7)))
((|x$w_buff1_used#4| #x00))
((|x$w_buff1_used#5| #x00))
((|x$w_buff1_used#6| #x00))
((|x$w_buff1_used#7| #x00))
((|x$w_buff1_used#8| #x00))
((|x$w_buff1_used#8$wclk$8| (- 3)))
((|x$w_buff1_used#9| #x00))
((|x$w_buff1_used#9$rclk$8| (- 2)))
((|y#1| #x00000000))
((|y#1$wclk$8| (- 23)))
((|y#10| #x00000001))
((|y#10$rclk$8| (- 11)))
((|y#11| #x00000001))
((|y#2| #x00000002))
((|y#2$rclk$8| (- 2)))
((|y#3| #x00000002))
((|y#4| #x00000002))
((|y#4$wclk$8| (- 10)))
((|y#5| #x00000001))
((|y#6| #x00000000))
((|y#6$rclk$8| (- 13)))
((|y#7| #x00000001))
((|y#7$wclk$8| (- 13)))
((|y#8| #x00000001))
((|y#8$rclk$8| (- 12)))
((|y#9| #x00000001))
(model 
  (define-fun |memory_model::choice_rf_2_28_0_28_F_83| () Bool
    false)
  (define-fun |memory_model::choice_rf_2_25_2_15_F_118| () Bool
    true)
  (define-fun |memory_model::choice_ws-ext_0_77_1_1_F_160| () Bool
    false)
  (define-fun |memory_model::choice_ws-ext_0_76_2_13_F_203| () Bool
    false)
  (define-fun |memory_model::choice_rf_1_8_0_54_F_96| () Bool
    false)
  (define-fun |memory_model::choice_rf_0_47_1_1_F_7| () Bool
    false)
  (define-fun |memory_model::choice_rf_0_70_0_32_F_138| () Bool
    false)
  (define-fun |memory_model::choice_ws-ext_0_72_2_11_F_175| () Bool
    false)
  (define-fun |x$mem_tmp#1$wclk$8| () Int
    (- 36))
  (define-fun |memory_model::choice_rf_0_85_0_79_F_44| () Bool
    true)
  (define-fun |memory_model::choice_rf_0_47_2_35_F_9| () Bool
    true)
  (define-fun |memory_model::choice_rf_0_66_0_28_F_76| () Bool
    false)
  (define-fun |memory_model::choice_rf_0_51_1_11_F_87| () Bool
    false)
  (define-fun |x$w_buff0_used#2| () (_ BitVec 8)
    #x00)
  (define-fun |main::1::t1590!0@1#2$wclk$8| () Int
    (- 16))
  (define-fun |memory_model::choice_ws-ext_1_12_2_34_F_206| () Bool
    true)
  (define-fun |memory_model::choice_rf_2_6_1_11_F_103| () Bool
    false)
  (define-fun |__unbuffered_p1_EBX#6$wclk$8| () Int
    (- 11))
  (define-fun |memory_model::choice_rf_2_26_0_25_F_72| () Bool
    false)
  (define-fun |x$r_buff0_thd0#38| () (_ BitVec 8)
    #x00)
  (define-fun |x$r_buff0_thd2#2| () (_ BitVec 8)
    #x00)
  (define-fun |x$w_buff0_used#1$wclk$8| () Int
    (- 26))
  (define-fun |y#7$wclk$8| () Int
    (- 13))
  (define-fun |memory_model::choice_ws-ext_1_0_2_17_F_209| () Bool
    false)
  (define-fun |memory_model::choice_rf_2_24_1_1_F_23| () Bool
    false)
  (define-fun |memory_model::choice_rf_1_2_1_1_F_18| () Bool
    true)
  (define-fun |x$w_buff0#2| () (_ BitVec 32)
    #x00000002)
  (define-fun |x$flush_delayed#1$wclk$8| () Int
    (- 37))
  (define-fun |memory_model::choice_ws-ext_0_9_1_17_T_151| () Bool
    true)
  (define-fun |memory_model::choice_ws-ext_0_30_2_15_F_194| () Bool
    true)
  (define-fun |weak$$choice0#4$wclk$8| () Int
    (- 2))
  (define-fun |memory_model::choice_ws-ext_0_55_2_34_F_201| () Bool
    false)
  (define-fun |memory_model::choice_rf_0_71_2_20_F_33| () Bool
    true)
  (define-fun |__unbuffered_p1_EAX#6$wclk$8| () Int
    (- 12))
  (define-fun |memory_model::choice_ws-ext_0_22_2_32_F_172| () Bool
    true)
  (define-fun |memory_model::choice_rf_1_4_2_10_F_68| () Bool
    true)
  (define-fun |main$tmp_guard0#3$rclk$8| () Int
    (- 4))
  (define-fun t1$36$spwnclk$8 () Int
    (- 19))
  (define-fun |x#15$wclk$8| () Int
    (- 9))
  (define-fun |memory_model::choice_ws-ext_0_54_2_33_F_188| () Bool
    false)
  (define-fun |x$w_buff0#14| () (_ BitVec 32)
    #x00000000)
  (define-fun |memory_model::choice_rf_1_16_2_39_T_1| () Bool
    false)
  (define-fun |memory_model::choice_ws-ext_0_11_2_20_F_168| () Bool
    true)
  (define-fun |memory_model::choice_rf_2_36_0_10_F_30| () Bool
    false)
  (define-fun |__unbuffered_p1_EBX#1$wclk$8| () Int
    (- 43))
  (define-fun |main$tmp_guard1#5$rclk$8| () Int
    (- 1))
  (define-fun |memory_model::choice_rf_0_85_0_14_F_43| () Bool
    false)
  (define-fun |memory_model::choice_rf_2_27_2_13_F_137| () Bool
    false)
  (define-fun |x$r_buff0_thd2#6| () (_ BitVec 8)
    #x01)
  (define-fun |x$r_buff1_thd2#5| () (_ BitVec 8)
    #x00)
  (define-fun |memory_model::choice_rf_2_6_0_54_F_101| () Bool
    false)
  (define-fun |x$r_buff0_thd1#1$wclk$8| () Int
    (- 34))
  (define-fun |y#2| () (_ BitVec 32)
    #x00000002)
  (define-fun |memory_model::choice_rf_0_46_2_11_F_60| () Bool
    true)
  (define-fun |memory_model::choice_rf_2_1_0_22_F_56| () Bool
    true)
  (define-fun |__unbuffered_cnt#6$wclk$8| () Int
    (- 7))
  (define-fun |main::1::t1590!0@1#1$wclk$8| () Int
    (- 18))
  (define-fun |x$r_buff1_thd2#1$wclk$8| () Int
    (- 30))
  (define-fun |__CPROVER_threads_exited#3$wclk$8| () Int
    (- 3))
  (define-fun |memory_model::choice_rf_0_70_1_0_F_139| () Bool
    true)
  (define-fun |memory_model::choice_rf_1_2_0_77_F_17| () Bool
    false)
  (define-fun |memory_model::choice_rf_0_68_0_30_F_111| () Bool
    false)
  (define-fun |memory_model::choice_ws-ext_1_17_2_39_T_153| () Bool
    false)
  (define-fun |memory_model::choice_ws-ext_0_17_1_13_F_155| () Bool
    true)
  (define-fun |memory_model::choice_rf_2_25_0_74_F_117| () Bool
    false)
  (define-fun |x#1$wclk$8| () Int
    (- 38))
  (define-fun |x$w_buff1#4| () (_ BitVec 32)
    #x00000000)
  (define-fun |memory_model::choice_ws-ext_0_29_2_33_F_185| () Bool
    true)
  (define-fun |memory_model::choice_ws-ext_0_31_1_12_F_196| () Bool
    true)
  (define-fun |x$w_buff0#17| () (_ BitVec 32)
    #x00000002)
  (define-fun |memory_model::choice_rf_2_5_0_53_F_51| () Bool
    false)
  (define-fun |memory_model::choice_ws-ext_0_74_2_15_F_195| () Bool
    false)
  (define-fun |__unbuffered_p1_EAX#1$wclk$8| () Int
    (- 44))
  (define-fun |x$read_delayed_var#1$wclk$8| () Int
    (- 28))
  (define-fun |memory_model::choice_rf_0_50_0_20_F_47| () Bool
    true)
  (define-fun t1$41$spwnclk$8 () Int
    (- 15))
  (define-fun |memory_model::choice_rf_1_6_2_14_F_80| () Bool
    true)
  (define-fun |memory_model::choice_ws-ext_0_24_1_9_F_176| () Bool
    true)
  (define-fun |memory_model::choice_rf_0_84_0_79_F_42| () Bool
    true)
  (define-fun |x#5$wclk$8| () Int
    (- 3))
  (define-fun |x#6| () (_ BitVec 32)
    #x00000002)
  (define-fun |memory_model::choice_rf_2_28_2_14_F_85| () Bool
    true)
  (define-fun |__CPROVER_threads_exited#4| () (Array (_ BitVec 32) Bool)
    ((as const (Array (_ BitVec 32) Bool)) false))
  (define-fun |__unbuffered_cnt#2| () (_ BitVec 32)
    #x00000002)
  (define-fun |memory_model::choice_rf_2_22_0_32_F_146| () Bool
    false)
  (define-fun |memory_model::choice_rf_2_24_0_77_F_22| () Bool
    false)
  (define-fun |memory_model::choice_rf_1_14_2_37_F_29| () Bool
    false)
  (define-fun |memory_model::choice_rf_1_6_0_28_F_78| () Bool
    false)
  (define-fun |x$w_buff1#1$wclk$8| () Int
    (- 25))
  (define-fun |memory_model::choice_ws-ext_0_77_1_13_F_161| () Bool
    false)
  (define-fun |memory_model::choice_rf_0_46_0_23_F_59| () Bool
    false)
  (define-fun |memory_model::choice_ws-ext_0_32_2_17_F_208| () Bool
    true)
  (define-fun |memory_model::choice_rf_0_47_1_13_F_8| () Bool
    false)
  (define-fun |x#19| () (_ BitVec 32)
    #x00000001)
  (define-fun |__CPROVER_threads_exited#1$wclk$8| () Int
    (- 46))
  (define-fun |__CPROVER_next_thread_id#5$wclk$8| () Int
    (- 17))
  (define-fun |memory_model::choice_rf_0_63_2_13_F_126| () Bool
    false)
  (define-fun |x$w_buff1_used#2| () (_ BitVec 8)
    #x00)
  (define-fun |memory_model::choice_ws-ext_0_12_2_23_F_169| () Bool
    true)
  (define-fun |__CPROVER_threads_exited#2$rclk$8| () Int
    (- 6))
  (define-fun |memory_model::choice_rf_0_66_2_14_F_77| () Bool
    true)
  (define-fun |memory_model::choice_rf_2_19_1_0_F_144| () Bool
    false)
  (define-fun |memory_model::choice_rf_2_29_2_8_F_58| () Bool
    true)
  (define-fun |x$w_buff0#1$wclk$8| () Int
    (- 27))
  (define-fun |main::1::t1589!0@1#2$wclk$8| () Int
    (- 20))
  (define-fun |main$tmp_guard0#1$wclk$8| () Int
    (- 42))
  (define-fun |memory_model::choice_rf_0_63_1_12_F_125| () Bool
    false)
  (define-fun |memory_model::choice_ws-ext_0_54_2_12_F_187| () Bool
    false)
  (define-fun |__CPROVER_threads_exited#2| () (Array (_ BitVec 32) Bool)
    ((as const (Array (_ BitVec 32) Bool)) false))
  (define-fun |memory_model::choice_rf_0_42_2_37_F_27| () Bool
    true)
  (define-fun |memory_model::choice_rf_0_63_0_31_F_123| () Bool
    false)
  (define-fun |memory_model::choice_rf_0_47_0_17_F_6| () Bool
    false)
  (define-fun |memory_model::choice_rf_2_24_0_56_F_21| () Bool
    false)
  (define-fun |memory_model::choice_rf_2_24_0_17_F_20| () Bool
    false)
  (define-fun |x$w_buff1#14$wclk$8| () Int
    (- 14))
  (define-fun |memory_model::choice_rf_1_14_0_10_F_28| () Bool
    true)
  (define-fun |memory_model::choice_rf_0_65_2_11_F_63| () Bool
    false)
  (define-fun |memory_model::choice_rf_2_26_2_9_F_73| () Bool
    true)
  (define-fun |memory_model::choice_rf_2_30_2_12_F_108| () Bool
    false)
  (define-fun |memory_model::choice_rf_2_27_0_76_F_135| () Bool
    false)
  (define-fun |memory_model::choice_rf_0_48_2_34_F_122| () Bool
    true)
  (define-fun |memory_model::choice_ws-ext_0_10_2_37_F_166| () Bool
    true)
  (define-fun |memory_model::choice_ws-ext_0_25_2_9_F_179| () Bool
    true)
  (define-fun |pthread_create::1::this_thread_id!1@0#0| () (_ BitVec 32)
    #x00000000)
  (define-fun |x$w_buff1_used#21| () (_ BitVec 8)
    #x00)
  (define-fun |memory_model::choice_ws-ext_0_21_1_10_F_170| () Bool
    true)
  (define-fun |__unbuffered_cnt#4| () (_ BitVec 32)
    #x00000000)
  (define-fun |memory_model::choice_rf_0_57_2_23_F_36| () Bool
    true)
  (define-fun |x$w_buff1#2| () (_ BitVec 32)
    #x00000000)
  (define-fun |memory_model::choice_rf_0_65_0_23_F_61| () Bool
    false)
  (define-fun |memory_model::choice_rf_1_8_2_33_F_99| () Bool
    false)
  (define-fun |x$r_buff0_thd2#1$wclk$8| () Int
    (- 33))
  (define-fun |x$w_buff0#12| () (_ BitVec 32)
    #x00000002)
  (define-fun |memory_model::choice_ws-ext_0_17_1_1_F_154| () Bool
    true)
  (define-fun |__CPROVER_next_thread_id#2$wclk$8| () Int
    (- 21))
  (define-fun |memory_model::choice_rf_0_42_0_10_F_25| () Bool
    false)
  (define-fun |memory_model::choice_rf_2_7_0_75_F_82| () Bool
    false)
  (define-fun |memory_model::choice_rf_1_5_0_55_F_129| () Bool
    false)
  (define-fun |memory_model::choice_rf_0_70_2_17_F_140| () Bool
    false)
  (define-fun |memory_model::choice_rf_2_30_0_54_F_105| () Bool
    false)
  (define-fun |memory_model::choice_rf_1_3_2_15_F_115| () Bool
    true)
  (define-fun |memory_model::choice_ws-ext_0_31_2_34_F_198| () Bool
    true)
  (define-fun |memory_model::choice_rf_2_19_0_32_F_143| () Bool
    false)
  (define-fun |memory_model::choice_rf_1_16_0_9_T_0| () Bool
    true)
  (define-fun |y#4$wclk$8| () Int
    (- 10))
  (define-fun |x$w_buff0#4| () (_ BitVec 32)
    #x00000002)
  (define-fun |memory_model::choice_ws-ext_0_54_1_11_F_186| () Bool
    false)
  (define-fun |memory_model::choice_rf_2_38_0_9_T_2| () Bool
    true)
  (define-fun |memory_model::choice_rf_0_60_1_11_F_92| () Bool
    false)
  (define-fun |memory_model::choice_rf_0_68_2_15_F_112| () Bool
    true)
  (define-fun |x$w_buff1_used#1$wclk$8| () Int
    (- 24))
  (define-fun |memory_model::choice_rf_1_5_2_13_F_131| () Bool
    true)
  (define-fun |memory_model::choice_rf_0_60_0_54_F_91| () Bool
    true)
  (define-fun |memory_model::choice_rf_2_38_1_17_T_3| () Bool
    false)
  (define-fun |memory_model::choice_rf_1_3_0_30_F_113| () Bool
    false)
  (define-fun |memory_model::choice_ws-ext_1_9_2_10_F_178| () Bool
    false)
  (define-fun |x$w_buff1#12| () (_ BitVec 32)
    #x00000000)
  (define-fun |x$w_buff1_used#25| () (_ BitVec 8)
    #x00)
  (define-fun |x$r_buff1_thd1#1$wclk$8| () Int
    (- 31))
  (define-fun |memory_model::choice_rf_1_5_0_31_F_128| () Bool
    false)
  (define-fun |memory_model::choice_rf_0_51_2_12_F_88| () Bool
    false)
  (define-fun |memory_model::choice_ws-ext_0_32_1_0_F_207| () Bool
    true)
  (define-fun |memory_model::choice_rf_1_2_2_35_F_19| () Bool
    false)
  (define-fun |memory_model::choice_rf_1_2_0_56_F_16| () Bool
    false)
  (define-fun |memory_model::choice_rf_0_65_0_52_F_62| () Bool
    true)
  (define-fun |memory_model::choice_rf_0_84_0_14_F_41| () Bool
    false)
  (define-fun |memory_model::choice_ws-ext_0_17_2_35_F_156| () Bool
    true)
  (define-fun |memory_model::choice_rf_1_8_0_81_F_97| () Bool
    false)
  (define-fun |x$w_buff1_used#9| () (_ BitVec 8)
    #x00)
  (define-fun |__unbuffered_cnt#7| () (_ BitVec 32)
    #x00000001)
  (define-fun |__unbuffered_p1_EBX#2| () (_ BitVec 32)
    #x00000001)
  (define-fun |x$r_buff1_thd0#9| () (_ BitVec 8)
    #x00)
  (define-fun |memory_model::choice_ws-ext_0_76_2_34_F_204| () Bool
    false)
  (define-fun |memory_model::choice_rf_0_71_0_11_F_32| () Bool
    false)
  (define-fun |memory_model::choice_rf_1_4_0_24_F_67| () Bool
    false)
  (define-fun |x$r_buff1_thd1#2| () (_ BitVec 8)
    #x00)
  (define-fun |x$w_buff0_used#37| () (_ BitVec 8)
    #x01)
  (define-fun |x#22$wclk$8| () Int
    (- 7))
  (define-fun |__unbuffered_cnt#1$wclk$8| () Int
    (- 45))
  (define-fun |memory_model::choice_ws-ext_0_9_2_39_T_152| () Bool
    true)
  (define-fun |memory_model::choice_rf_0_61_0_56_F_11| () Bool
    true)
  (define-fun |memory_model::choice_ws-ext_0_10_1_15_F_165| () Bool
    true)
  (define-fun |memory_model::choice_rf_2_6_0_29_F_100| () Bool
    true)
  (define-fun |x$w_buff0_used#11| () (_ BitVec 8)
    #x00)
  (define-fun |x$r_buff0_thd0#11| () (_ BitVec 8)
    #x00)
  (define-fun |memory_model::choice_rf_0_61_0_17_F_10| () Bool
    false)
  (define-fun |pthread_create::1::this_thread_id!2@0#0| () (_ BitVec 32)
    #x00000000)
  (define-fun |memory_model::choice_rf_2_30_1_11_F_107| () Bool
    true)
  (define-fun |x$w_buff1#15| () (_ BitVec 32)
    #x00000000)
  (define-fun |memory_model::choice_rf_0_63_2_34_F_127| () Bool
    false)
  (define-fun |memory_model::choice_ws-ext_0_75_2_14_F_182| () Bool
    false)
  (define-fun |main$tmp_guard1#5| () (_ BitVec 8)
    #x00)
  (define-fun |memory_model::choice_rf_0_44_0_43_F_39| () Bool
    true)
  (define-fun |memory_model::choice_rf_0_38_0_7_T_4| () Bool
    false)
  (define-fun |memory_model::choice_rf_2_19_2_17_F_145| () Bool
    true)
  (define-fun |memory_model::choice_ws-ext_0_25_2_31_F_180| () Bool
    true)
  (define-fun |memory_model::choice_ws-ext_0_81_1_11_F_189| () Bool
    false)
  (define-fun |memory_model::choice_ws-ext_1_12_2_13_F_205| () Bool
    false)
  (define-fun |weak$$choice2#1$wclk$8| () Int
    (- 39))
  (define-fun |x$read_delayed#1$wclk$8| () Int
    (- 29))
  (define-fun |y#10| () (_ BitVec 32)
    #x00000001)
  (define-fun |memory_model::choice_rf_1_8_0_29_F_95| () Bool
    false)
  (define-fun |memory_model::choice_rf_2_27_0_55_F_134| () Bool
    false)
  (define-fun |memory_model::choice_rf_0_61_2_35_F_14| () Bool
    false)
  (define-fun |memory_model::choice_ws-ext_0_29_1_11_F_183| () Bool
    true)
  (define-fun |memory_model::choice_ws-ext_0_31_2_13_F_197| () Bool
    true)
  (define-fun |memory_model::choice_rf_0_49_0_28_F_74| () Bool
    false)
  (define-fun |__unbuffered_cnt#10$wclk$8| () Int
    (- 6))
  (define-fun |memory_model::choice_rf_2_22_1_0_F_147| () Bool
    false)
  (define-fun |memory_model::choice_rf_2_29_0_22_F_57| () Bool
    false)
  (define-fun |memory_model::choice_rf_2_30_0_81_F_106| () Bool
    false)
  (define-fun |memory_model::choice_rf_0_48_0_31_F_119| () Bool
    false)
  (define-fun |memory_model::choice_ws-ext_0_55_1_12_F_199| () Bool
    false)
  (define-fun array_of.0 () (Array (_ BitVec 32) Bool)
    ((as const (Array (_ BitVec 32) Bool)) false))
  (define-fun |x#16| () (_ BitVec 32)
    #x00000001)
  (define-fun |memory_model::choice_rf_2_5_0_73_F_52| () Bool
    false)
  (define-fun |memory_model::choice_rf_0_49_2_14_F_75| () Bool
    true)
  (define-fun |memory_model::choice_rf_0_63_0_55_F_124| () Bool
    true)
  (define-fun |memory_model::choice_rf_0_60_2_12_F_93| () Bool
    false)
  (define-fun |memory_model::choice_ws-ext_0_24_2_10_F_177| () Bool
    true)
  (define-fun |memory_model::choice_rf_0_60_0_29_F_90| () Bool
    false)
  (define-fun |main$tmp_guard0#2$wclk$8| () Int
    (- 5))
  (define-fun |x#18$wclk$8| () Int
    (- 8))
  (define-fun |x#2| () (_ BitVec 32)
    #x00000002)
  (define-fun |memory_model::choice_rf_1_8_2_12_F_98| () Bool
    true)
  (define-fun |memory_model::choice_rf_2_5_0_20_F_50| () Bool
    true)
  (define-fun |memory_model::choice_rf_0_45_2_15_F_110| () Bool
    true)
  (define-fun |memory_model::choice_rf_2_28_0_75_F_84| () Bool
    false)
  (define-fun |memory_model::choice_ws-ext_0_77_2_35_F_162| () Bool
    false)
  (define-fun |memory_model::choice_rf_0_60_2_33_F_94| () Bool
    false)
  (define-fun |main$tmp_guard1#6$rclk$8| () Int
    0)
  (define-fun |memory_model::choice_rf_0_48_2_13_F_121| () Bool
    false)
  (define-fun |memory_model::choice_ws-ext_0_22_2_8_F_171| () Bool
    true)
  (define-fun |x$w_buff0_used#31| () (_ BitVec 8)
    #x01)
  (define-fun |x$w_buff0_used#34| () (_ BitVec 8)
    #x00)
  (define-fun |memory_model::choice_ws-ext_0_76_1_12_F_202| () Bool
    false)
  (define-fun |main$tmp_guard1#1$wclk$8| () Int
    (- 41))
  (define-fun |memory_model::choice_rf_1_5_2_34_F_132| () Bool
    false)
  (define-fun |memory_model::choice_rf_0_45_0_30_F_109| () Bool
    false)
  (define-fun |memory_model::choice_rf_0_48_1_12_F_120| () Bool
    false)
  (define-fun |memory_model::choice_rf_2_3_1_10_F_55| () Bool
    false)
  (define-fun |memory_model::choice_rf_2_25_0_30_F_116| () Bool
    false)
  (define-fun |memory_model::choice_ws-ext_0_29_2_12_F_184| () Bool
    true)
  (define-fun |memory_model::choice_rf_0_51_2_33_F_89| () Bool
    true)
  (define-fun |memory_model::choice_rf_2_27_1_12_F_136| () Bool
    true)
  (define-fun |memory_model::choice_ws-ext_0_28_2_14_F_181| () Bool
    true)
  (define-fun |memory_model::choice_rf_2_6_0_81_F_102| () Bool
    false)
  (define-fun |memory_model::choice_ws-ext_1_11_2_33_F_193| () Bool
    true)
  (define-fun |memory_model::choice_rf_0_67_0_20_F_48| () Bool
    false)
  (define-fun |memory_model::choice_ws-ext_1_11_2_12_F_192| () Bool
    false)
  (define-fun |memory_model::choice_ws-ext_0_23_2_11_F_173| () Bool
    true)
  (define-fun |main$tmp_guard0#3| () (_ BitVec 8)
    #x01)
  (define-fun |memory_model::choice_rf_2_30_0_29_F_104| () Bool
    false)
  (define-fun |memory_model::choice_ws-ext_0_56_1_1_F_157| () Bool
    false)
  (define-fun |memory_model::choice_rf_2_22_2_17_F_148| () Bool
    true)
  (define-fun |x$r_buff1_thd0#2| () (_ BitVec 8)
    #x00)
  (define-fun |x$r_buff0_thd0#1$wclk$8| () Int
    (- 35))
  (define-fun |memory_model::choice_rf_2_36_1_15_F_31| () Bool
    true)
  (define-fun |__CPROVER_threads_exited#5$wclk$8| () Int
    (- 4))
  (define-fun |memory_model::choice_ws-ext_1_1_2_35_F_163| () Bool
    true)
  (define-fun |memory_model::choice_rf_0_61_1_13_F_13| () Bool
    false)
  (define-fun |memory_model::choice_rf_0_44_0_13_F_38| () Bool
    false)
  (define-fun |memory_model::choice_rf_0_67_0_53_F_49| () Bool
    true)
  (define-fun |memory_model::choice_rf_2_27_0_31_F_133| () Bool
    false)
  (define-fun |memory_model::choice_ws-ext_0_52_2_11_F_174| () Bool
    false)
  (define-fun |main::1::t1589!0@1#1$wclk$8| () Int
    (- 22))
  (define-fun |__CPROVER_next_thread_id#3| () (_ BitVec 32)
    #x00000001)
  (define-fun |weak$$choice0#1$wclk$8| () Int
    (- 40))
  (define-fun |memory_model::choice_rf_1_3_0_74_F_114| () Bool
    false)
  (define-fun |memory_model::choice_ws-ext_1_15_2_37_F_167| () Bool
    true)
  (define-fun |memory_model::choice_ws-ext_1_13_2_35_F_164| () Bool
    true)
  (define-fun |memory_model::choice_ws-ext_0_81_2_33_F_191| () Bool
    false)
  (define-fun |memory_model::choice_rf_2_24_1_13_F_24| () Bool
    true)
  (define-fun |memory_model::choice_ws-ext_0_56_1_13_F_158| () Bool
    false)
  (define-fun |memory_model::choice_rf_0_51_0_29_F_86| () Bool
    false)
  (define-fun |memory_model::choice_ws-ext_0_81_2_12_F_190| () Bool
    false)
  (define-fun |weak$$choice2#3| () (_ BitVec 8)
    #x00)
  (define-fun |__CPROVER_threads_exited#4$rclk$8| () Int
    (- 5))
  (define-fun |__unbuffered_p1_EAX#2| () (_ BitVec 32)
    #x00000001)
  (define-fun |memory_model::choice_rf_0_38_0_34_T_5| () Bool
    true)
  (define-fun |memory_model::choice_ws-ext_0_55_2_13_F_200| () Bool
    false)
  (define-fun |memory_model::choice_rf_1_6_0_75_F_79| () Bool
    false)
  (define-fun |memory_model::choice_rf_1_2_0_17_F_15| () Bool
    false)
  (define-fun |memory_model::choice_rf_1_5_0_76_F_130| () Bool
    false)
  (define-fun |memory_model::choice_rf_2_7_0_28_F_81| () Bool
    true)
  (define-fun |memory_model::choice_rf_0_42_1_15_F_26| () Bool
    false)
  (define-fun |memory_model::choice_ws-ext_0_56_2_35_F_159| () Bool
    false)
  (define-fun |y#8| () (_ BitVec 32)
    #x00000001)
  (define-fun |memory_model::choice_rf_2_3_0_21_F_54| () Bool
    true)
  (define-fun |x$r_buff0_thd1#5| () (_ BitVec 8)
    #x00)
  (define-fun |memory_model::choice_rf_0_61_1_1_F_12| () Bool
    false)
  (define-fun |y#1$wclk$8| () Int
    (- 23))
  (define-fun |main$tmp_guard1#6| () (_ BitVec 8)
    #x00)
  (define-fun |x$r_buff1_thd0#1$wclk$8| () Int
    (- 32))
  (define-fun |memory_model::choice_rf_0_57_0_12_F_35| () Bool
    false)
  (define-fun |__CPROVER_pipe_count#1$wclk$8| () Int
    (- 47))
  (define-fun |__CPROVER_next_thread_id#1$wclk$8| () Int
    (- 48))
  (define-fun |__CPROVER_memory_leak#1$wclk$8| () Int
    (- 49))
  (define-fun |__CPROVER_malloc_size#1$wclk$8| () Int
    (- 50))
  (define-fun |__CPROVER_malloc_object#1$wclk$8| () Int
    (- 51))
  (define-fun |__CPROVER_malloc_is_new_array#1$wclk$8| () Int
    (- 52))
  (define-fun |__CPROVER_deallocated#1$wclk$8| () Int
    (- 53))
  (define-fun |__CPROVER_dead_object#1$wclk$8| () Int
    (- 54))
  (define-fun |main::1::t1590!0@1$wclk$8| () Int
    (- 55))
  (define-fun |memory_model::choice_rf_0_59_0_16_F_150| () Bool
    true)
  (define-fun |weak$$choice0#3| () (_ BitVec 8)
    #xff)
  (define-fun |memory_model::choice_rf_0_58_0_15_F_149| () Bool
    false)
  (define-fun |memory_model::choice_rf_2_16_1_0_F_142| () Bool
    false)
  (define-fun |memory_model::choice_rf_2_16_0_32_F_141| () Bool
    false)
  (define-fun |x$r_buff1_thd2#3| () (_ BitVec 8)
    #xff)
  (define-fun |memory_model::choice_rf_2_0_0_25_F_71| () Bool
    false)
  (define-fun |memory_model::choice_rf_2_2_1_9_F_70| () Bool
    false)
  (define-fun |memory_model::choice_rf_2_2_0_24_F_69| () Bool
    false)
  (define-fun |memory_model::choice_rf_2_4_0_72_F_66| () Bool
    false)
  (define-fun |memory_model::choice_rf_2_4_0_52_F_65| () Bool
    false)
  (define-fun |memory_model::choice_rf_2_4_0_23_F_64| () Bool
    false)
  (define-fun |memory_model::choice_rf_0_64_0_19_F_46| () Bool
    false)
  (define-fun |memory_model::choice_rf_0_69_0_18_F_45| () Bool
    true)
  (define-fun |main$tmp_guard1#3| () (_ BitVec 8)
    #xff)
  (define-fun |memory_model::choice_rf_0_62_0_14_F_40| () Bool
    false)
  (define-fun |__unbuffered_p1_EBX#5| () (_ BitVec 32)
    #xffffffff)
  (define-fun |memory_model::choice_rf_2_21_0_12_F_37| () Bool
    false)
  (define-fun |__unbuffered_p1_EAX#5| () (_ BitVec 32)
    #xffffffff)
  (define-fun |memory_model::choice_rf_2_18_0_11_F_34| () Bool
    false)
  (define-fun |nondet_symex::nondet1| () (_ BitVec 32)
    #xffffffff)
  (define-fun |x$flush_delayed#3| () (_ BitVec 8)
    #x00)
  (define-fun |x$r_buff0_thd0#2| () (_ BitVec 8)
    #x00)
  (define-fun |__unbuffered_cnt#7$rclk$8| () Int
    (- 6))
  (define-fun |x#19$rclk$8| () Int
    (- 7))
  (define-fun |x$w_buff1#15$rclk$8| () Int
    (- 7))
  (define-fun |x$r_buff1_thd2#5$rclk$8| () Int
    (- 7))
  (define-fun |x$w_buff1_used#25$rclk$8| () Int
    (- 7))
  (define-fun |x$w_buff0#17$rclk$8| () Int
    (- 7))
  (define-fun |x$r_buff0_thd2#6$rclk$8| () Int
    (- 7))
  (define-fun |x$w_buff0_used#37$rclk$8| () Int
    (- 7))
  (define-fun |x$r_buff1_thd2#11$wclk$8| () Int
    (- 7))
  (define-fun |x$r_buff0_thd2#14$wclk$8| () Int
    (- 7))
  (define-fun |x$w_buff0_used#45$wclk$8| () Int
    (- 7))
  (define-fun |x$w_buff1_used#31$wclk$8| () Int
    (- 7))
  (define-fun |__unbuffered_p1_EBX#5$rclk$8| () Int
    (- 11))
  (define-fun |y#10$rclk$8| () Int
    (- 11))
  (define-fun |__unbuffered_p1_EAX#5$rclk$8| () Int
    (- 12))
  (define-fun |y#8$rclk$8| () Int
    (- 12))
  (define-fun |y#6$rclk$8| () Int
    (- 13))
  (define-fun |x$r_buff1_thd2#3$rclk$8| () Int
    (- 14))
  (define-fun |x$r_buff0_thd2#2$rclk$8| () Int
    (- 14))
  (define-fun |x$r_buff1_thd1#6$rclk$8| () Int
    (- 14))
  (define-fun |x$r_buff0_thd1#5$rclk$8| () Int
    (- 14))
  (define-fun |x$r_buff1_thd0#22$rclk$8| () Int
    (- 14))
  (define-fun |x$r_buff0_thd0#38$rclk$8| () Int
    (- 14))
  (define-fun |x$w_buff0_used#34$rclk$8| () Int
    (- 14))
  (define-fun |x$w_buff0#14$rclk$8| () Int
    (- 14))
  (define-fun |x$r_buff0_thd2#5$wclk$8| () Int
    (- 14))
  (define-fun |x$r_buff1_thd2#4$wclk$8| () Int
    (- 14))
  (define-fun |x$r_buff1_thd1#7$wclk$8| () Int
    (- 14))
  (define-fun |x$r_buff1_thd0#23$wclk$8| () Int
    (- 14))
  (define-fun |x$w_buff0_used#36$wclk$8| () Int
    (- 14))
  (define-fun |x$w_buff1_used#24$wclk$8| () Int
    (- 14))
  (define-fun |x$w_buff0#16$wclk$8| () Int
    (- 14))
  (define-fun |__unbuffered_cnt#4$rclk$8| () Int
    (- 7))
  (define-fun |x#16$rclk$8| () Int
    (- 8))
  (define-fun |x$w_buff1#12$rclk$8| () Int
    (- 8))
  (define-fun |x$r_buff1_thd1#2$rclk$8| () Int
    (- 8))
  (define-fun |x$w_buff1_used#21$rclk$8| () Int
    (- 8))
  (define-fun |x$w_buff0#12$rclk$8| () Int
    (- 8))
  (define-fun |x$r_buff0_thd1#2$rclk$8| () Int
    (- 8))
  (define-fun |x$w_buff0_used#31$rclk$8| () Int
    (- 8))
  (define-fun |x$r_buff1_thd1#4$wclk$8| () Int
    (- 8))
  (define-fun |x$r_buff0_thd1#4$wclk$8| () Int
    (- 8))
  (define-fun |x$w_buff0_used#33$wclk$8| () Int
    (- 8))
  (define-fun |x$w_buff1_used#23$wclk$8| () Int
    (- 8))
  (define-fun |__unbuffered_p1_EBX#2$rclk$8| () Int
    (- 2))
  (define-fun |weak$$choice0#3$rclk$8| () Int
    (- 2))
  (define-fun |weak$$choice2#3$rclk$8| () Int
    (- 2))
  (define-fun |x$w_buff0_used#11$rclk$8| () Int
    (- 2))
  (define-fun |x#6$rclk$8| () Int
    (- 2))
  (define-fun |main$tmp_guard1#3$rclk$8| () Int
    (- 2))
  (define-fun |x$w_buff1_used#9$rclk$8| () Int
    (- 2))
  (define-fun |x$mem_tmp#3$rclk$8| () Int
    (- 2))
  (define-fun |x$r_buff1_thd0#9$rclk$8| () Int
    (- 2))
  (define-fun |x$w_buff0#4$rclk$8| () Int
    (- 2))
  (define-fun |x$r_buff0_thd0#11$rclk$8| () Int
    (- 2))
  (define-fun |x$w_buff1#4$rclk$8| () Int
    (- 2))
  (define-fun |x$flush_delayed#3$rclk$8| () Int
    (- 2))
  (define-fun |y#2$rclk$8| () Int
    (- 2))
  (define-fun |__unbuffered_p1_EAX#2$rclk$8| () Int
    (- 2))
  (define-fun |x$r_buff1_thd0#20$wclk$8| () Int
    (- 2))
  (define-fun |x$r_buff0_thd0#37$wclk$8| () Int
    (- 2))
  (define-fun |x$w_buff1#11$wclk$8| () Int
    (- 2))
  (define-fun |x$w_buff0#11$wclk$8| () Int
    (- 2))
  (define-fun |x$w_buff1_used#20$wclk$8| () Int
    (- 2))
  (define-fun |x#14$wclk$8| () Int
    (- 2))
  (define-fun |x$mem_tmp#5$wclk$8| () Int
    (- 2))
  (define-fun |main$tmp_guard1#4$wclk$8| () Int
    (- 2))
  (define-fun |x$flush_delayed#7$wclk$8| () Int
    (- 2))
  (define-fun |x$w_buff0_used#30$wclk$8| () Int
    (- 2))
  (define-fun |weak$$choice2#11$wclk$8| () Int
    (- 2))
  (define-fun |x$w_buff1#2$rclk$8| () Int
    (- 3))
  (define-fun |x$r_buff1_thd0#2$rclk$8| () Int
    (- 3))
  (define-fun |x#2$rclk$8| () Int
    (- 3))
  (define-fun |x$w_buff1_used#2$rclk$8| () Int
    (- 3))
  (define-fun |x$w_buff0#2$rclk$8| () Int
    (- 3))
  (define-fun |x$r_buff0_thd0#2$rclk$8| () Int
    (- 3))
  (define-fun |x$w_buff0_used#2$rclk$8| () Int
    (- 3))
  (define-fun |x$r_buff1_thd0#8$wclk$8| () Int
    (- 3))
  (define-fun |x$r_buff0_thd0#10$wclk$8| () Int
    (- 3))
  (define-fun |x$w_buff0_used#10$wclk$8| () Int
    (- 3))
  (define-fun |x$w_buff1_used#8$wclk$8| () Int
    (- 3))
  (define-fun |__unbuffered_cnt#2$rclk$8| () Int
    (- 5))
  (define-fun |__CPROVER_next_thread_id#3$rclk$8| () Int
    (- 17))
  (define-fun |memory_model::choice_rf_1_7_0_21_F_53| () Bool
    true)
  (define-fun |x$r_buff0_thd1#2| () (_ BitVec 8)
    #x00)
  (define-fun |__unbuffered_cnt#9| () (_ BitVec 32)
    #x00000002)
  (define-fun |x$r_buff1_thd2#10| () (_ BitVec 8)
    #x00)
  (define-fun |x$r_buff0_thd2#12| () (_ BitVec 8)
    #x01)
  (define-fun |x$w_buff1_used#29| () (_ BitVec 8)
    #x00)
  (define-fun |x$w_buff0_used#41| () (_ BitVec 8)
    #x00)
  (define-fun |x#21| () (_ BitVec 32)
    #x00000002)
  (define-fun |__unbuffered_p1_EBX#4| () (_ BitVec 32)
    #x00000001)
  (define-fun |__unbuffered_p1_EAX#4| () (_ BitVec 32)
    #x00000001)
  (define-fun |y#5| () (_ BitVec 32)
    #x00000001)
  (define-fun |x$r_buff0_thd2#4| () (_ BitVec 8)
    #x01)
  (define-fun |x$r_buff1_thd2#2| () (_ BitVec 8)
    #x00)
  (define-fun |x$r_buff1_thd1#5| () (_ BitVec 8)
    #x00)
  (define-fun |x$r_buff1_thd0#21| () (_ BitVec 8)
    #x00)
  (define-fun |goto_symex::&92;guard#2| () Bool
    false)
  (define-fun |goto_symex::&92;guard#1| () Bool
    true)
  (define-fun |x$flush_delayed#6| () (_ BitVec 8)
    #x00)
  (define-fun |x#13| () (_ BitVec 32)
    #x00000002)
  (define-fun |main$tmp_guard1#2| () (_ BitVec 8)
    #x00)
  (define-fun |x$r_buff1_thd0#19| () (_ BitVec 8)
    #x00)
  (define-fun |x$r_buff0_thd0#33| () (_ BitVec 8)
    #x00)
  (define-fun |x$w_buff1_used#17| () (_ BitVec 8)
    #x00)
  (define-fun |x$w_buff0_used#23| () (_ BitVec 8)
    #x00)
  (define-fun |x$w_buff1#10| () (_ BitVec 32)
    #x00000000)
  (define-fun |x$w_buff0#10| () (_ BitVec 32)
    #x00000002)
  (define-fun |x#9| () (_ BitVec 32)
    #x00000002)
  (define-fun |x$mem_tmp#2| () (_ BitVec 32)
    #x00000002)
  (define-fun |x$flush_delayed#2| () (_ BitVec 8)
    #x01)
  (define-fun |weak$$choice2#2| () (_ BitVec 8)
    #x01)
  (define-fun |nondet_symex::nondet0| () (_ BitVec 32)
    #x00000000)
  (define-fun |weak$$choice0#2| () (_ BitVec 8)
    #x00)
  (define-fun |x$r_buff1_thd0#7| () (_ BitVec 8)
    #x00)
  (define-fun |x$r_buff0_thd0#8| () (_ BitVec 8)
    #x00)
  (define-fun |x$w_buff1_used#6| () (_ BitVec 8)
    #x00)
  (define-fun |x$w_buff0_used#6| () (_ BitVec 8)
    #x00)
  (define-fun |x#4| () (_ BitVec 32)
    #x00000002)
  (define-fun B320 () Bool
    true)
  (define-fun B319 () Bool
    false)
  (define-fun B318 () Bool
    true)
  (define-fun B317 () Bool
    false)
  (define-fun |P1::$tmp::return_value___VERIFIER_nondet_pointer$1!2@1#1| () (_ BitVec 32)
    #x00000000)
  (define-fun B316 () Bool
    true)
  (define-fun |P0::$tmp::return_value___VERIFIER_nondet_pointer$1!1@1#1| () (_ BitVec 32)
    #x00000000)
  (define-fun B315 () Bool
    true)
  (define-fun |main::$tmp::return_value___VERIFIER_nondet_pointer$2!0@1#1| () (_ BitVec 32)
    #x00000000)
  (define-fun B314 () Bool
    true)
  (define-fun |main::$tmp::return_value___VERIFIER_nondet_pointer$1!0@1#1| () (_ BitVec 32)
    #x00000000)
  (define-fun B313 () Bool
    true)
  (define-fun |pthread_create::1::this_thread_id!0@2#1| () (_ BitVec 32)
    #x00000000)
  (define-fun B312 () Bool
    true)
  (define-fun |main::1::t1590!0@1#1| () (_ BitVec 32)
    #x00000000)
  (define-fun B311 () Bool
    true)
  (define-fun |pthread_create::1::this_thread_id!0@1#1| () (_ BitVec 32)
    #x00000000)
  (define-fun B310 () Bool
    true)
  (define-fun |main::1::t1589!0@1#1| () (_ BitVec 32)
    #x00000000)
  (define-fun B309 () Bool
    true)
  (define-fun |__CPROVER_threads_exited#5| () (Array (_ BitVec 32) Bool)
    (store ((as const (Array (_ BitVec 32) Bool)) false) #x00000000 true))
  (define-fun |nondet_symex::nondet3| () (_ BitVec 32)
    #x00000000)
  (define-fun |P1#return_value!2#2| () (_ BitVec 32)
    #x00000000)
  (define-fun |P1::$tmp::return_value___VERIFIER_nondet_pointer$1!2@1#2| () (_ BitVec 32)
    #x00000000)
  (define-fun |__unbuffered_cnt#10| () (_ BitVec 32)
    #x00000002)
  (define-fun |__unbuffered_cnt#8| () (_ BitVec 32)
    #x00000001)
  (define-fun |x$r_buff1_thd2#11| () (_ BitVec 8)
    #x00)
  (define-fun |x$r_buff1_thd2#9| () (_ BitVec 8)
    #x00)
  (define-fun |x$r_buff1_thd2#8| () (_ BitVec 8)
    #x00)
  (define-fun |x$w_buff1_used#31| () (_ BitVec 8)
    #x00)
  (define-fun |x$r_buff0_thd2#14| () (_ BitVec 8)
    #x01)
  (define-fun |x$w_buff0_used#45| () (_ BitVec 8)
    #x00)
  (define-fun |x$r_buff0_thd2#13| () (_ BitVec 8)
    #x01)
  (define-fun |x$r_buff0_thd2#11| () (_ BitVec 8)
    #x01)
  (define-fun |x$r_buff0_thd2#10| () (_ BitVec 8)
    #x01)
  (define-fun |x$w_buff0_used#44| () (_ BitVec 8)
    #x00)
  (define-fun |x$w_buff1_used#30| () (_ BitVec 8)
    #x00)
  (define-fun |x$w_buff1_used#28| () (_ BitVec 8)
    #x00)
  (define-fun |x$r_buff1_thd2#7| () (_ BitVec 8)
    #x00)
  (define-fun |x$w_buff1_used#27| () (_ BitVec 8)
    #x00)
  (define-fun |x$r_buff0_thd2#9| () (_ BitVec 8)
    #x01)
  (define-fun |x$w_buff0_used#43| () (_ BitVec 8)
    #x00)
  (define-fun |x$w_buff0_used#42| () (_ BitVec 8)
    #x00)
  (define-fun |x$w_buff0_used#40| () (_ BitVec 8)
    #x01)
  (define-fun |x$r_buff0_thd2#8| () (_ BitVec 8)
    #x01)
  (define-fun |x$w_buff0_used#39| () (_ BitVec 8)
    #x01)
  (define-fun |x#22| () (_ BitVec 32)
    #x00000002)
  (define-fun |x#20| () (_ BitVec 32)
    #x00000001)
  (define-fun |x$w_buff1#16| () (_ BitVec 32)
    #x00000000)
  (define-fun |x$r_buff1_thd2#6| () (_ BitVec 8)
    #x00)
  (define-fun |x$w_buff1_used#26| () (_ BitVec 8)
    #x00)
  (define-fun |x$w_buff0#18| () (_ BitVec 32)
    #x00000002)
  (define-fun |x$r_buff0_thd2#7| () (_ BitVec 8)
    #x01)
  (define-fun |x$w_buff0_used#38| () (_ BitVec 8)
    #x01)
  (define-fun |__unbuffered_p1_EBX#6| () (_ BitVec 32)
    #x00000001)
  (define-fun |y#11| () (_ BitVec 32)
    #x00000001)
  (define-fun |__unbuffered_p1_EAX#6| () (_ BitVec 32)
    #x00000001)
  (define-fun |y#9| () (_ BitVec 32)
    #x00000001)
  (define-fun |y#7| () (_ BitVec 32)
    #x00000001)
  (define-fun |x$r_buff0_thd2#5| () (_ BitVec 8)
    #x01)
  (define-fun |x$r_buff1_thd2#4| () (_ BitVec 8)
    #x00)
  (define-fun |x$r_buff0_thd2#3| () (_ BitVec 8)
    #x00)
  (define-fun |x$r_buff1_thd1#7| () (_ BitVec 8)
    #x00)
  (define-fun |x$r_buff0_thd1#6| () (_ BitVec 8)
    #x00)
  (define-fun |x$r_buff1_thd0#23| () (_ BitVec 8)
    #x00)
  (define-fun |x$r_buff0_thd0#39| () (_ BitVec 8)
    #x00)
  (define-fun |__VERIFIER_assert::expression!2@1#1| () (_ BitVec 32)
    #x00000001)
  (define-fun |x$w_buff0_used#36| () (_ BitVec 8)
    #x01)
  (define-fun |x$w_buff1_used#24| () (_ BitVec 8)
    #x00)
  (define-fun |x$w_buff0_used#35| () (_ BitVec 8)
    #x00)
  (define-fun |x$w_buff0#16| () (_ BitVec 32)
    #x00000002)
  (define-fun |x$w_buff1#14| () (_ BitVec 32)
    #x00000000)
  (define-fun |x$w_buff0#15| () (_ BitVec 32)
    #x00000000)
  (define-fun |P1::arg!2@1#1| () (_ BitVec 32)
    #x00000000)
  (define-fun |__CPROVER_thread_id!2#2| () (_ BitVec 32)
    #x00000000)
  (define-fun |__CPROVER_threads_exited#3| () (Array (_ BitVec 32) Bool)
    (store ((as const (Array (_ BitVec 32) Bool)) false) #x00000000 true))
  (define-fun |nondet_symex::nondet2| () (_ BitVec 32)
    #x00000000)
  (define-fun |P0#return_value!1#2| () (_ BitVec 32)
    #x00000000)
  (define-fun |P0::$tmp::return_value___VERIFIER_nondet_pointer$1!1@1#2| () (_ BitVec 32)
    #x00000000)
  (define-fun |__unbuffered_cnt#6| () (_ BitVec 32)
    #x00000001)
  (define-fun |__unbuffered_cnt#5| () (_ BitVec 32)
    #x00000000)
  (define-fun |x$r_buff1_thd1#4| () (_ BitVec 8)
    #x00)
  (define-fun |x$r_buff0_thd1#4| () (_ BitVec 8)
    #x00)
  (define-fun |x$w_buff1_used#23| () (_ BitVec 8)
    #x00)
  (define-fun |x$w_buff0_used#33| () (_ BitVec 8)
    #x01)
  (define-fun |x#18| () (_ BitVec 32)
    #x00000001)
  (define-fun |x#17| () (_ BitVec 32)
    #x00000001)
  (define-fun |x$w_buff1#13| () (_ BitVec 32)
    #x00000000)
  (define-fun |x$r_buff1_thd1#3| () (_ BitVec 8)
    #x00)
  (define-fun |x$w_buff1_used#22| () (_ BitVec 8)
    #x00)
  (define-fun |x$w_buff0#13| () (_ BitVec 32)
    #x00000002)
  (define-fun |x$r_buff0_thd1#3| () (_ BitVec 8)
    #x00)
  (define-fun |x$w_buff0_used#32| () (_ BitVec 8)
    #x01)
  (define-fun |x#15| () (_ BitVec 32)
    #x00000001)
  (define-fun |y#4| () (_ BitVec 32)
    #x00000002)
  (define-fun |P0::arg!1@1#1| () (_ BitVec 32)
    #x00000000)
  (define-fun |__CPROVER_thread_id!1#2| () (_ BitVec 32)
    #x00000000)
  (define-fun |return'!0#1| () (_ BitVec 32)
    #x00000000)
  (define-fun |main#return_value!0#1| () (_ BitVec 32)
    #x00000000)
  (define-fun |__VERIFIER_assert::expression!0@1#1| () (_ BitVec 32)
    #x00000000)
  (define-fun |x$flush_delayed#7| () (_ BitVec 8)
    #x00)
  (define-fun |x#14| () (_ BitVec 32)
    #x00000002)
  (define-fun |x#12| () (_ BitVec 32)
    #x00000002)
  (define-fun |x$mem_tmp#5| () (_ BitVec 32)
    #x00000002)
  (define-fun |x$flush_delayed#5| () (_ BitVec 8)
    #x01)
  (define-fun |main$tmp_guard1#4| () (_ BitVec 8)
    #x00)
  (define-fun |__unbuffered_p1_EBX#3| () (_ BitVec 32)
    #x00000001)
  (define-fun |__unbuffered_p1_EAX#3| () (_ BitVec 32)
    #x00000001)
  (define-fun |y#3| () (_ BitVec 32)
    #x00000002)
  (define-fun |x#11| () (_ BitVec 32)
    #x00000002)
  (define-fun |x$r_buff1_thd0#20| () (_ BitVec 8)
    #x00)
  (define-fun |x$r_buff0_thd0#37| () (_ BitVec 8)
    #x00)
  (define-fun |x$w_buff0_used#30| () (_ BitVec 8)
    #x00)
  (define-fun |x$r_buff1_thd0#18| () (_ BitVec 8)
    #x00)
  (define-fun |x$r_buff1_thd0#17| () (_ BitVec 8)
    #x00)
  (define-fun |x$r_buff0_thd0#36| () (_ BitVec 8)
    #x00)
  (define-fun |x$w_buff1_used#20| () (_ BitVec 8)
    #x00)
  (define-fun |x$r_buff0_thd0#35| () (_ BitVec 8)
    #x00)
  (define-fun |x$w_buff0_used#29| () (_ BitVec 8)
    #x00)
  (define-fun |x$r_buff1_thd0#16| () (_ BitVec 8)
    #x00)
  (define-fun |weak$$choice2#11| () (_ BitVec 8)
    #x01)
  (define-fun |x$r_buff0_thd0#34| () (_ BitVec 8)
    #x00)
  (define-fun |x$r_buff0_thd0#32| () (_ BitVec 8)
    #x00)
  (define-fun |x$r_buff0_thd0#31| () (_ BitVec 8)
    #x00)
  (define-fun |x$w_buff0_used#28| () (_ BitVec 8)
    #x00)
  (define-fun |x$r_buff0_thd0#30| () (_ BitVec 8)
    #x00)
  (define-fun |x$r_buff1_thd0#15| () (_ BitVec 8)
    #x00)
  (define-fun |x$r_buff0_thd0#29| () (_ BitVec 8)
    #x00)
  (define-fun |x$w_buff1_used#19| () (_ BitVec 8)
    #x00)
  (define-fun |x$r_buff0_thd0#28| () (_ BitVec 8)
    #x00)
  (define-fun |x$w_buff0_used#27| () (_ BitVec 8)
    #x00)
  (define-fun |x$r_buff0_thd0#27| () (_ BitVec 8)
    #x00)
  (define-fun |weak$$choice2#10| () (_ BitVec 8)
    #x01)
  (define-fun |x$w_buff1_used#18| () (_ BitVec 8)
    #x00)
  (define-fun |x$r_buff0_thd0#26| () (_ BitVec 8)
    #x00)
  (define-fun |x$w_buff0_used#26| () (_ BitVec 8)
    #x00)
  (define-fun |x$w_buff1_used#16| () (_ BitVec 8)
    #x00)
  (define-fun |x$r_buff1_thd0#14| () (_ BitVec 8)
    #x00)
  (define-fun |x$r_buff0_thd0#25| () (_ BitVec 8)
    #x00)
  (define-fun |x$w_buff1_used#15| () (_ BitVec 8)
    #x00)
  (define-fun |x$r_buff0_thd0#24| () (_ BitVec 8)
    #x00)
  (define-fun |x$w_buff0_used#25| () (_ BitVec 8)
    #x00)
  (define-fun |x$w_buff1_used#14| () (_ BitVec 8)
    #x00)
  (define-fun |weak$$choice2#9| () (_ BitVec 8)
    #x01)
  (define-fun |x$w_buff0_used#24| () (_ BitVec 8)
    #x00)
  (define-fun |x$w_buff0_used#22| () (_ BitVec 8)
    #x00)
  (define-fun |x$r_buff0_thd0#23| () (_ BitVec 8)
    #x00)
  (define-fun |x$w_buff0_used#21| () (_ BitVec 8)
    #x00)
  (define-fun |x$w_buff0_used#20| () (_ BitVec 8)
    #x00)
  (define-fun |x$r_buff1_thd0#13| () (_ BitVec 8)
    #x00)
  (define-fun |x$r_buff0_thd0#22| () (_ BitVec 8)
    #x00)
  (define-fun |x$w_buff1_used#13| () (_ BitVec 8)
    #x00)
  (define-fun |x$r_buff0_thd0#21| () (_ BitVec 8)
    #x00)
  (define-fun |x$w_buff0_used#19| () (_ BitVec 8)
    #x00)
  (define-fun |x$w_buff0_used#18| () (_ BitVec 8)
    #x00)
  (define-fun |weak$$choice2#8| () (_ BitVec 8)
    #x01)
  (define-fun |x$w_buff1#11| () (_ BitVec 32)
    #x00000000)
  (define-fun |x$w_buff1#9| () (_ BitVec 32)
    #x00000000)
  (define-fun |x$w_buff1#8| () (_ BitVec 32)
    #x00000000)
  (define-fun |x$r_buff0_thd0#20| () (_ BitVec 8)
    #x00)
  (define-fun |x$w_buff0_used#17| () (_ BitVec 8)
    #x00)
  (define-fun |x$w_buff1#7| () (_ BitVec 32)
    #x00000000)
  (define-fun |x$r_buff1_thd0#12| () (_ BitVec 8)
    #x00)
  (define-fun |x$r_buff0_thd0#19| () (_ BitVec 8)
    #x00)
  (define-fun |x$w_buff1_used#12| () (_ BitVec 8)
    #x00)
  (define-fun |x$r_buff0_thd0#18| () (_ BitVec 8)
    #x00)
  (define-fun |x$w_buff0_used#16| () (_ BitVec 8)
    #x00)
  (define-fun |x$w_buff1#6| () (_ BitVec 32)
    #x00000000)
  (define-fun |weak$$choice2#7| () (_ BitVec 8)
    #x01)
  (define-fun |x$w_buff0#11| () (_ BitVec 32)
    #x00000002)
  (define-fun |x$w_buff0#9| () (_ BitVec 32)
    #x00000002)
  (define-fun |x$w_buff0#8| () (_ BitVec 32)
    #x00000002)
  (define-fun |x$r_buff0_thd0#17| () (_ BitVec 8)
    #x00)
  (define-fun |x$w_buff0_used#15| () (_ BitVec 8)
    #x00)
  (define-fun |x$w_buff0#7| () (_ BitVec 32)
    #x00000002)
  (define-fun |x$r_buff1_thd0#11| () (_ BitVec 8)
    #x00)
  (define-fun |x$r_buff0_thd0#16| () (_ BitVec 8)
    #x00)
  (define-fun |x$w_buff1_used#11| () (_ BitVec 8)
    #x00)
  (define-fun |x$r_buff0_thd0#15| () (_ BitVec 8)
    #x00)
  (define-fun |x$w_buff0_used#14| () (_ BitVec 8)
    #x00)
  (define-fun |x$w_buff0#6| () (_ BitVec 32)
    #x00000002)
  (define-fun |weak$$choice2#6| () (_ BitVec 8)
    #x01)
  (define-fun |x#10| () (_ BitVec 32)
    #x00000002)
  (define-fun |x$w_buff1#5| () (_ BitVec 32)
    #x00000000)
  (define-fun |x$w_buff0#5| () (_ BitVec 32)
    #x00000002)
  (define-fun |x$r_buff0_thd0#14| () (_ BitVec 8)
    #x00)
  (define-fun |x$w_buff0_used#13| () (_ BitVec 8)
    #x00)
  (define-fun |x#8| () (_ BitVec 32)
    #x00000002)
  (define-fun |x$r_buff1_thd0#10| () (_ BitVec 8)
    #x00)
  (define-fun |x$r_buff0_thd0#13| () (_ BitVec 8)
    #x00)
  (define-fun |x$w_buff1_used#10| () (_ BitVec 8)
    #x00)
  (define-fun |x$r_buff0_thd0#12| () (_ BitVec 8)
    #x00)
  (define-fun |x$w_buff0_used#12| () (_ BitVec 8)
    #x00)
  (define-fun |x$mem_tmp#4| () (_ BitVec 32)
    #x00000002)
  (define-fun |x#7| () (_ BitVec 32)
    #x00000002)
  (define-fun |x$flush_delayed#4| () (_ BitVec 8)
    #x01)
  (define-fun |weak$$choice2#5| () (_ BitVec 8)
    #x01)
  (define-fun |weak$$choice2#4| () (_ BitVec 8)
    #x01)
  (define-fun |main::$tmp::return_value___VERIFIER_nondet_pointer$2!0@1#2| () (_ BitVec 32)
    #xffffffff)
  (define-fun |weak$$choice0#4| () (_ BitVec 8)
    #x00)
  (define-fun |main::$tmp::return_value___VERIFIER_nondet_pointer$1!0@1#2| () (_ BitVec 32)
    #x00000000)
  (define-fun |x$r_buff1_thd0#8| () (_ BitVec 8)
    #x00)
  (define-fun |x$r_buff1_thd0#6| () (_ BitVec 8)
    #x00)
  (define-fun |x$r_buff1_thd0#5| () (_ BitVec 8)
    #x00)
  (define-fun |x$w_buff1_used#8| () (_ BitVec 8)
    #x00)
  (define-fun |x$r_buff0_thd0#10| () (_ BitVec 8)
    #x00)
  (define-fun |x$w_buff0_used#10| () (_ BitVec 8)
    #x00)
  (define-fun |x$r_buff0_thd0#9| () (_ BitVec 8)
    #x00)
  (define-fun |x$r_buff0_thd0#7| () (_ BitVec 8)
    #x00)
  (define-fun |x$r_buff0_thd0#6| () (_ BitVec 8)
    #x00)
  (define-fun |x$w_buff0_used#9| () (_ BitVec 8)
    #x00)
  (define-fun |x$w_buff1_used#7| () (_ BitVec 8)
    #x00)
  (define-fun |x$w_buff1_used#5| () (_ BitVec 8)
    #x00)
  (define-fun |x$r_buff1_thd0#4| () (_ BitVec 8)
    #x00)
  (define-fun |x$w_buff1_used#4| () (_ BitVec 8)
    #x00)
  (define-fun |x$r_buff0_thd0#5| () (_ BitVec 8)
    #x00)
  (define-fun |x$w_buff0_used#8| () (_ BitVec 8)
    #x00)
  (define-fun |x$w_buff0_used#7| () (_ BitVec 8)
    #x00)
  (define-fun |x$w_buff0_used#5| () (_ BitVec 8)
    #x00)
  (define-fun |x$r_buff0_thd0#4| () (_ BitVec 8)
    #x00)
  (define-fun |x$w_buff0_used#4| () (_ BitVec 8)
    #x00)
  (define-fun |x#5| () (_ BitVec 32)
    #x00000002)
  (define-fun |x#3| () (_ BitVec 32)
    #x00000002)
  (define-fun |x$w_buff1#3| () (_ BitVec 32)
    #x00000000)
  (define-fun |x$r_buff1_thd0#3| () (_ BitVec 8)
    #x00)
  (define-fun |x$w_buff1_used#3| () (_ BitVec 8)
    #x00)
  (define-fun |x$w_buff0#3| () (_ BitVec 32)
    #x00000002)
  (define-fun |x$r_buff0_thd0#3| () (_ BitVec 8)
    #x00)
  (define-fun |x$w_buff0_used#3| () (_ BitVec 8)
    #x00)
  (define-fun |main$tmp_guard0#2| () (_ BitVec 8)
    #x01)
  (define-fun |__unbuffered_cnt#3| () (_ BitVec 32)
    #x00000002)
  (define-fun |pthread_create#return_value!0#2| () (_ BitVec 32)
    #x00000000)
  (define-fun |pthread_create#return_value!2#1| () (_ BitVec 32)
    #x00000000)
  (define-fun |__CPROVER_thread_id!2#1| () (_ BitVec 32)
    #x00000000)
  (define-fun |__CPROVER_rounding_mode!2#1| () (_ BitVec 32)
    #x00000000)
  (define-fun |P1#return_value!2#1| () (_ BitVec 32)
    #x00000000)
  (define-fun |main#return_value!2#1| () (_ BitVec 32)
    #x00000000)
  (define-fun |P0#return_value!2#1| () (_ BitVec 32)
    #x00000000)
  (define-fun |__VERIFIER_nondet_pointer#return_value!2#1| () (_ BitVec 32)
    #x00000000)
  (define-fun |pthread_create::arg!2@0#1| () (_ BitVec 32)
    #x00000000)
  (define-fun |pthread_create::start_routine!2@0#1| () (_ BitVec 32)
    #x05000000)
  (define-fun |pthread_create::attr!2@0#1| () (_ BitVec 32)
    #x00000000)
  (define-fun |pthread_create::thread!2@0#1| () (_ BitVec 32)
    #x04000000)
  (define-fun |main::1::t1590!0@1#2| () (_ BitVec 32)
    #x00000002)
  (define-fun |pthread_create::1::this_thread_id!0@2#2| () (_ BitVec 32)
    #x00000002)
  (define-fun |__CPROVER_next_thread_id#5| () (_ BitVec 32)
    #x00000002)
  (define-fun |__CPROVER_next_thread_id#4| () (_ BitVec 32)
    #x00000001)
  (define-fun |pthread_create::arg!0@2#1| () (_ BitVec 32)
    #x00000000)
  (define-fun |pthread_create::start_routine!0@2#1| () (_ BitVec 32)
    #x05000000)
  (define-fun |pthread_create::attr!0@2#1| () (_ BitVec 32)
    #x00000000)
  (define-fun |pthread_create::thread!0@2#1| () (_ BitVec 32)
    #x04000000)
  (define-fun |pthread_create#return_value!0#1| () (_ BitVec 32)
    #x00000000)
  (define-fun |pthread_create#return_value!1#1| () (_ BitVec 32)
    #x00000000)
  (define-fun |__CPROVER_thread_id!1#1| () (_ BitVec 32)
    #x00000000)
  (define-fun |__CPROVER_rounding_mode!1#1| () (_ BitVec 32)
    #x00000000)
  (define-fun |P1#return_value!1#1| () (_ BitVec 32)
    #x00000000)
  (define-fun |main#return_value!1#1| () (_ BitVec 32)
    #x00000000)
  (define-fun |P0#return_value!1#1| () (_ BitVec 32)
    #x00000000)
  (define-fun |__VERIFIER_nondet_pointer#return_value!1#1| () (_ BitVec 32)
    #x00000000)
  (define-fun |pthread_create::arg!1@0#1| () (_ BitVec 32)
    #x00000000)
  (define-fun |pthread_create::start_routine!1@0#1| () (_ BitVec 32)
    #x03000000)
  (define-fun |pthread_create::attr!1@0#1| () (_ BitVec 32)
    #x00000000)
  (define-fun |pthread_create::thread!1@0#1| () (_ BitVec 32)
    #x02000000)
  (define-fun |main::1::t1589!0@1#2| () (_ BitVec 32)
    #x00000001)
  (define-fun |pthread_create::1::this_thread_id!0@1#2| () (_ BitVec 32)
    #x00000001)
  (define-fun |__CPROVER_next_thread_id#2| () (_ BitVec 32)
    #x00000001)
  (define-fun |pthread_create::arg!0@1#1| () (_ BitVec 32)
    #x00000000)
  (define-fun |pthread_create::start_routine!0@1#1| () (_ BitVec 32)
    #x03000000)
  (define-fun |pthread_create::attr!0@1#1| () (_ BitVec 32)
    #x00000000)
  (define-fun |pthread_create::thread!0@1#1| () (_ BitVec 32)
    #x02000000)
  (define-fun |y#1| () (_ BitVec 32)
    #x00000000)
  (define-fun |x$w_buff1_used#1| () (_ BitVec 8)
    #x00)
  (define-fun |x$w_buff1#1| () (_ BitVec 32)
    #x00000000)
  (define-fun |x$w_buff0_used#1| () (_ BitVec 8)
    #x00)
  (define-fun |x$w_buff0#1| () (_ BitVec 32)
    #x00000000)
  (define-fun |x$read_delayed_var#1| () (_ BitVec 32)
    #x00000000)
  (define-fun |x$read_delayed#1| () (_ BitVec 8)
    #x00)
  (define-fun |x$r_buff1_thd2#1| () (_ BitVec 8)
    #x00)
  (define-fun |x$r_buff1_thd1#1| () (_ BitVec 8)
    #x00)
  (define-fun |x$r_buff1_thd0#1| () (_ BitVec 8)
    #x00)
  (define-fun |x$r_buff0_thd2#1| () (_ BitVec 8)
    #x00)
  (define-fun |x$r_buff0_thd1#1| () (_ BitVec 8)
    #x00)
  (define-fun |x$r_buff0_thd0#1| () (_ BitVec 8)
    #x00)
  (define-fun |x$mem_tmp#1| () (_ BitVec 32)
    #x00000000)
  (define-fun |x$flush_delayed#1| () (_ BitVec 8)
    #x00)
  (define-fun |x#1| () (_ BitVec 32)
    #x00000000)
  (define-fun |weak$$choice2#1| () (_ BitVec 8)
    #x00)
  (define-fun |weak$$choice0#1| () (_ BitVec 8)
    #x00)
  (define-fun |main$tmp_guard1#1| () (_ BitVec 8)
    #x00)
  (define-fun |main$tmp_guard0#1| () (_ BitVec 8)
    #x00)
  (define-fun |__unbuffered_p1_EBX#1| () (_ BitVec 32)
    #x00000000)
  (define-fun |__unbuffered_p1_EAX#1| () (_ BitVec 32)
    #x00000000)
  (define-fun |__unbuffered_cnt#1| () (_ BitVec 32)
    #x00000000)
  (define-fun |__CPROVER_threads_exited#1| () (Array (_ BitVec 32) Bool)
    ((as const (Array (_ BitVec 32) Bool)) false))
  (define-fun |__CPROVER_thread_id!0#1| () (_ BitVec 32)
    #x00000000)
  (define-fun |__CPROVER_rounding_mode!0#1| () (_ BitVec 32)
    #x00000000)
  (define-fun |__CPROVER_pipe_count#1| () (_ BitVec 32)
    #x00000000)
  (define-fun |__CPROVER_next_thread_id#1| () (_ BitVec 32)
    #x00000000)
  (define-fun |__CPROVER_memory_leak#1| () (_ BitVec 32)
    #x00000000)
  (define-fun |__CPROVER_malloc_size#1| () (_ BitVec 32)
    #x00000000)
  (define-fun |__CPROVER_malloc_object#1| () (_ BitVec 32)
    #x00000000)
  (define-fun |__CPROVER_malloc_is_new_array#1| () Bool
    false)
  (define-fun |__CPROVER_deallocated#1| () (_ BitVec 32)
    #x00000000)
  (define-fun |__CPROVER_dead_object#1| () (_ BitVec 32)
    #x00000000)
  (define-fun B308 () Bool
    true)
  (define-fun B307 () Bool
    true)
  (define-fun B306 () Bool
    true)
  (define-fun B305 () Bool
    true)
  (define-fun B304 () Bool
    true)
  (define-fun B303 () Bool
    true)
  (define-fun B302 () Bool
    true)
  (define-fun B301 () Bool
    true)
  (define-fun B300 () Bool
    true)
  (define-fun B299 () Bool
    true)
  (define-fun B298 () Bool
    true)
  (define-fun B297 () Bool
    true)
  (define-fun B296 () Bool
    true)
  (define-fun B295 () Bool
    true)
  (define-fun B294 () Bool
    true)
  (define-fun B293 () Bool
    true)
  (define-fun B292 () Bool
    true)
  (define-fun B291 () Bool
    true)
  (define-fun B290 () Bool
    true)
  (define-fun B289 () Bool
    true)
  (define-fun B288 () Bool
    true)
  (define-fun B287 () Bool
    true)
  (define-fun B286 () Bool
    true)
  (define-fun B285 () Bool
    true)
  (define-fun B284 () Bool
    true)
  (define-fun B283 () Bool
    true)
  (define-fun B282 () Bool
    true)
  (define-fun B281 () Bool
    true)
  (define-fun B280 () Bool
    true)
  (define-fun B279 () Bool
    true)
  (define-fun B278 () Bool
    true)
  (define-fun B277 () Bool
    true)
  (define-fun B276 () Bool
    true)
  (define-fun B275 () Bool
    true)
  (define-fun B274 () Bool
    true)
  (define-fun B273 () Bool
    true)
  (define-fun B272 () Bool
    true)
  (define-fun B271 () Bool
    true)
  (define-fun B270 () Bool
    true)
  (define-fun B269 () Bool
    true)
  (define-fun B268 () Bool
    true)
  (define-fun B267 () Bool
    true)
  (define-fun B266 () Bool
    true)
  (define-fun B265 () Bool
    true)
  (define-fun B264 () Bool
    true)
  (define-fun B263 () Bool
    true)
  (define-fun B262 () Bool
    true)
  (define-fun B261 () Bool
    true)
  (define-fun B260 () Bool
    true)
  (define-fun B259 () Bool
    true)
  (define-fun B258 () Bool
    true)
  (define-fun B257 () Bool
    true)
  (define-fun B256 () Bool
    true)
  (define-fun B255 () Bool
    true)
  (define-fun B254 () Bool
    true)
  (define-fun B253 () Bool
    true)
  (define-fun B252 () Bool
    true)
  (define-fun B251 () Bool
    true)
  (define-fun B250 () Bool
    true)
  (define-fun B249 () Bool
    true)
  (define-fun B248 () Bool
    true)
  (define-fun B247 () Bool
    true)
  (define-fun B246 () Bool
    true)
  (define-fun B245 () Bool
    true)
  (define-fun B244 () Bool
    true)
  (define-fun B243 () Bool
    true)
  (define-fun B242 () Bool
    true)
  (define-fun B241 () Bool
    true)
  (define-fun B240 () Bool
    true)
  (define-fun B239 () Bool
    true)
  (define-fun B238 () Bool
    true)
  (define-fun B237 () Bool
    true)
  (define-fun B236 () Bool
    true)
  (define-fun B235 () Bool
    true)
  (define-fun B234 () Bool
    true)
  (define-fun B233 () Bool
    true)
  (define-fun B232 () Bool
    true)
  (define-fun B231 () Bool
    true)
  (define-fun B230 () Bool
    true)
  (define-fun B229 () Bool
    true)
  (define-fun B228 () Bool
    true)
  (define-fun B227 () Bool
    true)
  (define-fun B226 () Bool
    true)
  (define-fun B225 () Bool
    true)
  (define-fun B224 () Bool
    true)
  (define-fun B223 () Bool
    true)
  (define-fun B222 () Bool
    true)
  (define-fun B221 () Bool
    true)
  (define-fun B220 () Bool
    true)
  (define-fun B219 () Bool
    true)
  (define-fun B218 () Bool
    true)
  (define-fun B217 () Bool
    true)
  (define-fun B216 () Bool
    true)
  (define-fun B215 () Bool
    true)
  (define-fun B214 () Bool
    true)
  (define-fun B213 () Bool
    true)
  (define-fun B212 () Bool
    true)
  (define-fun B211 () Bool
    true)
  (define-fun B210 () Bool
    true)
  (define-fun B209 () Bool
    true)
  (define-fun B208 () Bool
    true)
  (define-fun B207 () Bool
    true)
  (define-fun B206 () Bool
    false)
  (define-fun B205 () Bool
    false)
  (define-fun B204 () Bool
    false)
  (define-fun B203 () Bool
    false)
  (define-fun B202 () Bool
    false)
  (define-fun B201 () Bool
    false)
  (define-fun B200 () Bool
    false)
  (define-fun B199 () Bool
    true)
  (define-fun B198 () Bool
    true)
  (define-fun B197 () Bool
    true)
  (define-fun B196 () Bool
    true)
  (define-fun B195 () Bool
    true)
  (define-fun B194 () Bool
    true)
  (define-fun B193 () Bool
    true)
  (define-fun B192 () Bool
    true)
  (define-fun B191 () Bool
    true)
  (define-fun B190 () Bool
    true)
  (define-fun B189 () Bool
    true)
  (define-fun B188 () Bool
    true)
  (define-fun B187 () Bool
    true)
  (define-fun B186 () Bool
    true)
  (define-fun B185 () Bool
    true)
  (define-fun B184 () Bool
    true)
  (define-fun B183 () Bool
    true)
  (define-fun B182 () Bool
    true)
  (define-fun B181 () Bool
    true)
  (define-fun B180 () Bool
    true)
  (define-fun B179 () Bool
    true)
  (define-fun B178 () Bool
    true)
  (define-fun B177 () Bool
    false)
  (define-fun B176 () Bool
    true)
  (define-fun B175 () Bool
    true)
  (define-fun B174 () Bool
    true)
  (define-fun B173 () Bool
    true)
  (define-fun B172 () Bool
    false)
  (define-fun B171 () Bool
    true)
  (define-fun B170 () Bool
    false)
  (define-fun B169 () Bool
    true)
  (define-fun B168 () Bool
    true)
  (define-fun B167 () Bool
    false)
  (define-fun B166 () Bool
    false)
  (define-fun B165 () Bool
    true)
  (define-fun B164 () Bool
    true)
  (define-fun B163 () Bool
    true)
  (define-fun B162 () Bool
    true)
  (define-fun B161 () Bool
    true)
  (define-fun B160 () Bool
    true)
  (define-fun B159 () Bool
    true)
  (define-fun B158 () Bool
    true)
  (define-fun B157 () Bool
    true)
  (define-fun B156 () Bool
    true)
  (define-fun B155 () Bool
    true)
  (define-fun B154 () Bool
    true)
  (define-fun B153 () Bool
    true)
  (define-fun B152 () Bool
    true)
  (define-fun B151 () Bool
    true)
  (define-fun B150 () Bool
    true)
  (define-fun B149 () Bool
    true)
  (define-fun B148 () Bool
    true)
  (define-fun B147 () Bool
    true)
  (define-fun B146 () Bool
    true)
  (define-fun B145 () Bool
    true)
  (define-fun B144 () Bool
    true)
  (define-fun B143 () Bool
    true)
  (define-fun B142 () Bool
    true)
  (define-fun B141 () Bool
    true)
  (define-fun B140 () Bool
    true)
  (define-fun B139 () Bool
    true)
  (define-fun B138 () Bool
    true)
  (define-fun B137 () Bool
    true)
  (define-fun B136 () Bool
    true)
  (define-fun B135 () Bool
    true)
  (define-fun B134 () Bool
    true)
  (define-fun B133 () Bool
    true)
  (define-fun B132 () Bool
    true)
  (define-fun B131 () Bool
    true)
  (define-fun B130 () Bool
    true)
  (define-fun B129 () Bool
    true)
  (define-fun B128 () Bool
    true)
  (define-fun B127 () Bool
    true)
  (define-fun B126 () Bool
    true)
  (define-fun B125 () Bool
    true)
  (define-fun B124 () Bool
    true)
  (define-fun B123 () Bool
    true)
  (define-fun B122 () Bool
    true)
  (define-fun B121 () Bool
    true)
  (define-fun B120 () Bool
    true)
  (define-fun B119 () Bool
    true)
  (define-fun B118 () Bool
    true)
  (define-fun B117 () Bool
    true)
  (define-fun B116 () Bool
    true)
  (define-fun B115 () Bool
    true)
  (define-fun B114 () Bool
    true)
  (define-fun B113 () Bool
    true)
  (define-fun B112 () Bool
    true)
  (define-fun B111 () Bool
    true)
  (define-fun B110 () Bool
    true)
  (define-fun B109 () Bool
    true)
  (define-fun B108 () Bool
    true)
  (define-fun B107 () Bool
    true)
  (define-fun B106 () Bool
    true)
  (define-fun B105 () Bool
    true)
  (define-fun B104 () Bool
    true)
  (define-fun B103 () Bool
    true)
  (define-fun B102 () Bool
    true)
  (define-fun B101 () Bool
    true)
  (define-fun B100 () Bool
    true)
  (define-fun B99 () Bool
    true)
  (define-fun B98 () Bool
    true)
  (define-fun B97 () Bool
    true)
  (define-fun B96 () Bool
    true)
  (define-fun B95 () Bool
    true)
  (define-fun B94 () Bool
    true)
  (define-fun B93 () Bool
    true)
  (define-fun B92 () Bool
    true)
  (define-fun B91 () Bool
    true)
  (define-fun B90 () Bool
    true)
  (define-fun B89 () Bool
    true)
  (define-fun B88 () Bool
    true)
  (define-fun B87 () Bool
    true)
  (define-fun B86 () Bool
    true)
  (define-fun B85 () Bool
    true)
  (define-fun B84 () Bool
    true)
  (define-fun B83 () Bool
    true)
  (define-fun B82 () Bool
    true)
  (define-fun B81 () Bool
    true)
  (define-fun B80 () Bool
    true)
  (define-fun B79 () Bool
    true)
  (define-fun B78 () Bool
    true)
  (define-fun B77 () Bool
    true)
  (define-fun B76 () Bool
    true)
  (define-fun B75 () Bool
    true)
  (define-fun B74 () Bool
    true)
  (define-fun B73 () Bool
    true)
  (define-fun B72 () Bool
    true)
  (define-fun B71 () Bool
    true)
  (define-fun B70 () Bool
    true)
  (define-fun B69 () Bool
    true)
  (define-fun B68 () Bool
    true)
  (define-fun B67 () Bool
    true)
  (define-fun B66 () Bool
    true)
  (define-fun B65 () Bool
    true)
  (define-fun B64 () Bool
    true)
  (define-fun B63 () Bool
    true)
  (define-fun B62 () Bool
    true)
  (define-fun B61 () Bool
    true)
  (define-fun B60 () Bool
    true)
  (define-fun B59 () Bool
    true)
  (define-fun B58 () Bool
    true)
  (define-fun B57 () Bool
    true)
  (define-fun B56 () Bool
    true)
  (define-fun B55 () Bool
    true)
  (define-fun B54 () Bool
    true)
  (define-fun B53 () Bool
    true)
  (define-fun B52 () Bool
    true)
  (define-fun B51 () Bool
    true)
  (define-fun B50 () Bool
    true)
  (define-fun B49 () Bool
    true)
  (define-fun B48 () Bool
    true)
  (define-fun B47 () Bool
    true)
  (define-fun B46 () Bool
    true)
  (define-fun B45 () Bool
    true)
  (define-fun B44 () Bool
    true)
  (define-fun B43 () Bool
    true)
  (define-fun B42 () Bool
    true)
  (define-fun B41 () Bool
    true)
  (define-fun B40 () Bool
    true)
  (define-fun B39 () Bool
    true)
  (define-fun B38 () Bool
    true)
  (define-fun B37 () Bool
    true)
  (define-fun B36 () Bool
    true)
  (define-fun B35 () Bool
    true)
  (define-fun B34 () Bool
    true)
  (define-fun B33 () Bool
    true)
  (define-fun B32 () Bool
    true)
  (define-fun B31 () Bool
    true)
  (define-fun B30 () Bool
    true)
  (define-fun B29 () Bool
    true)
  (define-fun B28 () Bool
    true)
  (define-fun B27 () Bool
    true)
  (define-fun B26 () Bool
    true)
  (define-fun B25 () Bool
    true)
  (define-fun B24 () Bool
    true)
  (define-fun B23 () Bool
    true)
  (define-fun B22 () Bool
    true)
  (define-fun B21 () Bool
    true)
  (define-fun B20 () Bool
    true)
  (define-fun B19 () Bool
    true)
  (define-fun B18 () Bool
    true)
  (define-fun B17 () Bool
    true)
  (define-fun B16 () Bool
    true)
  (define-fun B15 () Bool
    true)
  (define-fun B14 () Bool
    true)
  (define-fun B13 () Bool
    true)
  (define-fun B12 () Bool
    true)
  (define-fun B11 () Bool
    true)
  (define-fun B10 () Bool
    true)
  (define-fun B9 () Bool
    true)
  (define-fun B8 () Bool
    true)
  (define-fun B7 () Bool
    true)
  (define-fun B6 () Bool
    true)
  (define-fun B5 () Bool
    true)
  (define-fun B4 () Bool
    true)
  (define-fun B3 () Bool
    true)
  (define-fun B2 () Bool
    true)
  (define-fun B1 () Bool
    true)
  (define-fun B0 () Bool
    true)
  (define-fun |main::1::t1589!0@1| () (_ BitVec 32)
    #x00000000)
  (define-fun |main::1::t1590!0@1| () (_ BitVec 32)
    #x00000000)
  (define-fun |x$mem_tmp#3| () (_ BitVec 32)
    #x00000000)
  (define-fun |x$r_buff1_thd0#22| () (_ BitVec 8)
    #x00)
  (define-fun |x$r_buff1_thd1#6| () (_ BitVec 8)
    #x00)
  (define-fun |y#6| () (_ BitVec 32)
    #x00000000)
)
(:added-eqs                      637
 :arith-bound-propagations-cheap 29
 :arith-bound-propagations-lp    145
 :arith-lower                    97
 :arith-make-feasible            24
 :arith-max-columns              200
 :arith-max-rows                 144
 :arith-propagations             29
 :arith-upper                    97
 :array-ax1                      2
 :array-def-store                1
 :binary-propagations            622
 :bv-bit2core                    1783
 :bv-diseqs                      2
 :bv-dynamic-diseqs              4
 :bv->core-eq                    3
 :conflicts                      6
 :decisions                      259
 :del-clause                     113
 :eliminated-applications        43
 :eliminated-vars                119
 :final-checks                   2
 :max-memory                     6.11
 :memory                         4.05
 :minimized-lits                 1
 :mk-bool-var                    1919
 :mk-clause                      857
 :num-allocs                     4703231
 :num-checks                     1
 :propagations                   905
 :rlimit-count                   1968424
 :time                           0.02
 :total-time                     0.17)

real	0m0.174s
user	0m0.171s
sys	0m0.003s
State: AC Run_time: 0.17624306678771973