num of guard = 4
num of elim = 101
num of guard = 4
num of elim = 0
sat
((|B0| true))
((|B1| true))
((|B10| true))
((|B100| true))
((|B101| true))
((|B102| true))
((|B103| true))
((|B104| true))
((|B105| true))
((|B106| true))
((|B107| true))
((|B108| true))
((|B109| true))
((|B11| true))
((|B110| true))
((|B111| true))
((|B112| true))
((|B113| true))
((|B114| true))
((|B115| true))
((|B116| true))
((|B117| true))
((|B118| true))
((|B119| true))
((|B12| true))
((|B120| true))
((|B121| true))
((|B122| true))
((|B123| true))
((|B124| true))
((|B125| true))
((|B126| true))
((|B127| true))
((|B128| true))
((|B129| true))
((|B13| true))
((|B130| true))
((|B131| true))
((|B132| true))
((|B133| true))
((|B134| true))
((|B135| true))
((|B136| true))
((|B137| true))
((|B138| true))
((|B139| true))
((|B14| true))
((|B140| true))
((|B141| true))
((|B142| true))
((|B143| true))
((|B144| true))
((|B145| true))
((|B146| true))
((|B147| true))
((|B148| true))
((|B149| true))
((|B15| true))
((|B150| true))
((|B151| true))
((|B152| true))
((|B153| true))
((|B154| true))
((|B155| true))
((|B156| true))
((|B157| true))
((|B158| true))
((|B159| true))
((|B16| true))
((|B160| true))
((|B161| true))
((|B162| true))
((|B163| true))
((|B164| true))
((|B165| true))
((|B166| true))
((|B167| true))
((|B168| true))
((|B169| true))
((|B17| true))
((|B170| true))
((|B171| true))
((|B172| true))
((|B173| true))
((|B174| true))
((|B175| true))
((|B176| true))
((|B177| false))
((|B178| true))
((|B179| false))
((|B18| true))
((|B180| true))
((|B19| true))
((|B2| true))
((|B20| true))
((|B21| true))
((|B22| true))
((|B23| true))
((|B24| true))
((|B25| true))
((|B26| true))
((|B27| true))
((|B28| true))
((|B29| true))
((|B3| true))
((|B30| true))
((|B31| true))
((|B32| true))
((|B33| true))
((|B34| true))
((|B35| true))
((|B36| true))
((|B37| true))
((|B38| true))
((|B39| true))
((|B4| true))
((|B40| true))
((|B41| true))
((|B42| true))
((|B43| true))
((|B44| true))
((|B45| true))
((|B46| true))
((|B47| true))
((|B48| true))
((|B49| true))
((|B5| true))
((|B50| true))
((|B51| true))
((|B52| true))
((|B53| true))
((|B54| false))
((|B55| true))
((|B56| true))
((|B57| true))
((|B58| true))
((|B59| true))
((|B6| true))
((|B60| true))
((|B61| true))
((|B62| true))
((|B63| true))
((|B64| true))
((|B65| true))
((|B66| true))
((|B67| true))
((|B68| false))
((|B69| false))
((|B7| true))
((|B70| false))
((|B71| false))
((|B72| false))
((|B73| false))
((|B74| false))
((|B75| true))
((|B76| true))
((|B77| true))
((|B78| true))
((|B79| true))
((|B8| true))
((|B80| true))
((|B81| true))
((|B82| true))
((|B83| true))
((|B84| true))
((|B85| true))
((|B86| true))
((|B87| true))
((|B88| true))
((|B89| true))
((|B9| true))
((|B90| true))
((|B91| true))
((|B92| true))
((|B93| true))
((|B94| true))
((|B95| true))
((|B96| true))
((|B97| true))
((|B98| true))
((|B99| true))
((|P0#return_value!1#1| #x00000000))
((|P0#return_value!1#2| #x00000000))
((|P0#return_value!2#1| #x00000000))
((|P0#return_value!3#1| #x00000000))
((|P0::$tmp::return_value___VERIFIER_nondet_pointer$1!1@1#1| #x00000000))
((|P0::$tmp::return_value___VERIFIER_nondet_pointer$1!1@1#2| #x00000000))
((|P0::arg!1@1#1| #x00000000))
((|P1#return_value!1#1| #x00000000))
((|P1#return_value!2#1| #x00000000))
((|P1#return_value!2#2| #x00000000))
((|P1#return_value!3#1| #x00000000))
((|P1::$tmp::return_value___VERIFIER_nondet_pointer$1!2@1#1| #x00000000))
((|P1::$tmp::return_value___VERIFIER_nondet_pointer$1!2@1#2| #x00000000))
((|P1::arg!2@1#1| #x00000000))
((|P2#return_value!1#1| #x00000000))
((|P2#return_value!2#1| #x00000000))
((|P2#return_value!3#1| #x00000000))
((|P2#return_value!3#2| #x00000000))
((|P2::$tmp::return_value___VERIFIER_nondet_pointer$1!3@1#1| #x00000000))
((|P2::$tmp::return_value___VERIFIER_nondet_pointer$1!3@1#2| #x00000000))
((|P2::arg!3@1#1| #x00000000))
((|__CPROVER_dead_object#1| #x00000000))
((|__CPROVER_dead_object#1$wclk$8| (- 58)))
((|__CPROVER_deallocated#1| #x00000000))
((|__CPROVER_deallocated#1$wclk$8| (- 57)))
((|__CPROVER_malloc_is_new_array#1| false))
((|__CPROVER_malloc_is_new_array#1$wclk$8| (- 56)))
((|__CPROVER_malloc_object#1| #x00000000))
((|__CPROVER_malloc_object#1$wclk$8| (- 55)))
((|__CPROVER_malloc_size#1| #x00000000))
((|__CPROVER_malloc_size#1$wclk$8| (- 54)))
((|__CPROVER_memory_leak#1| #x00000000))
((|__CPROVER_memory_leak#1$wclk$8| (- 53)))
((|__CPROVER_next_thread_id#1| #x00000000))
((|__CPROVER_next_thread_id#1$wclk$8| (- 52)))
((|__CPROVER_next_thread_id#2| #x00000001))
((|__CPROVER_next_thread_id#2$wclk$8| (- 22)))
((|__CPROVER_next_thread_id#3| #x00000001))
((|__CPROVER_next_thread_id#3$rclk$8| (- 18)))
((|__CPROVER_next_thread_id#4| #x00000001))
((|__CPROVER_next_thread_id#5| #x00000002))
((|__CPROVER_next_thread_id#5$wclk$8| (- 18)))
((|__CPROVER_next_thread_id#6| #x00000002))
((|__CPROVER_next_thread_id#6$rclk$8| (- 14)))
((|__CPROVER_next_thread_id#7| #x00000002))
((|__CPROVER_next_thread_id#8| #x00000003))
((|__CPROVER_next_thread_id#8$wclk$8| (- 14)))
((|__CPROVER_pipe_count#1| #x00000000))
((|__CPROVER_pipe_count#1$wclk$8| (- 51)))
((|__CPROVER_rounding_mode!0#1| #x00000000))
((|__CPROVER_rounding_mode!1#1| #x00000000))
((|__CPROVER_rounding_mode!2#1| #x00000000))
((|__CPROVER_rounding_mode!3#1| #x00000000))
((|__CPROVER_thread_id!0#1| #x00000000))
((|__CPROVER_thread_id!1#1| #x00000000))
((|__CPROVER_thread_id!1#2| #x00000080))
((|__CPROVER_thread_id!2#1| #x00000000))
((|__CPROVER_thread_id!2#2| #x00000000))
((|__CPROVER_thread_id!3#1| #x00000000))
((|__CPROVER_thread_id!3#2| #x00000000))
((|__CPROVER_threads_exited#1| ((as const (Array (_ BitVec 32) Bool)) false)))
((|__CPROVER_threads_exited#1$wclk$8| (- 50)))
((|__CPROVER_threads_exited#2| ((as const (Array (_ BitVec 32) Bool)) false)))
((|__CPROVER_threads_exited#2$rclk$8| (- 3)))
((|__CPROVER_threads_exited#3| (store ((as const (Array (_ BitVec 32) Bool)) false) #x00000080 true)))
((|__CPROVER_threads_exited#3$wclk$8| (- 2)))
((|__CPROVER_threads_exited#4| (lambda ((x!1 (_ BitVec 32))) (= x!1 #x00000000))))
((|__CPROVER_threads_exited#4$rclk$8| 0))
((|__CPROVER_threads_exited#5| (store (lambda ((x!1 (_ BitVec 32))) (= x!1 #x00000000)) #x00000000 true)))
((|__CPROVER_threads_exited#5$wclk$8| 1))
((|__CPROVER_threads_exited#6| ((as const (Array (_ BitVec 32) Bool)) false)))
((|__CPROVER_threads_exited#6$rclk$8| (- 5)))
((|__CPROVER_threads_exited#7| (store ((as const (Array (_ BitVec 32) Bool)) false) #x00000000 true)))
((|__CPROVER_threads_exited#7$wclk$8| (- 1)))
((|__VERIFIER_assert::expression!0@1#1| #x00000000))
((|__VERIFIER_assert::expression!2@1#1| #x00000001))
((|__VERIFIER_nondet_bool#return_value!1#1| #x00))
((|__VERIFIER_nondet_bool#return_value!2#1| #x00))
((|__VERIFIER_nondet_bool#return_value!3#1| #x00))
((|__VERIFIER_nondet_pointer#return_value!1#1| #x00000000))
((|__VERIFIER_nondet_pointer#return_value!2#1| #x00000000))
((|__VERIFIER_nondet_pointer#return_value!3#1| #x00000000))
((|__unbuffered_cnt#1| #x00000000))
((|__unbuffered_cnt#1$wclk$8| (- 49)))
((|__unbuffered_cnt#10| #x00000002))
((|__unbuffered_cnt#10$wclk$8| (- 5)))
((|__unbuffered_cnt#11| #x00000000))
((|__unbuffered_cnt#11$rclk$8| (- 6)))
((|__unbuffered_cnt#12| #x00000000))
((|__unbuffered_cnt#13| #x00000001))
((|__unbuffered_cnt#13$wclk$8| (- 6)))
((|__unbuffered_cnt#2| #x00000003))
((|__unbuffered_cnt#2$rclk$8| (- 3)))
((|__unbuffered_cnt#3| #x00000003))
((|__unbuffered_cnt#4| #x00000002))
((|__unbuffered_cnt#4$rclk$8| (- 4)))
((|__unbuffered_cnt#5| #x00000002))
((|__unbuffered_cnt#6| #x00000003))
((|__unbuffered_cnt#6$wclk$8| (- 4)))
((|__unbuffered_cnt#7| #x00000001))
((|__unbuffered_cnt#7$rclk$8| (- 5)))
((|__unbuffered_cnt#8| #x00000001))
((|__unbuffered_cnt#9| #x00000002))
((|__unbuffered_p0_EAX#1| #x00000000))
((|__unbuffered_p0_EAX#1$wclk$8| (- 48)))
((|__unbuffered_p0_EAX#2| #x00000002))
((|__unbuffered_p0_EAX#2$rclk$8| 0))
((|__unbuffered_p0_EAX#3| #x00000002))
((|__unbuffered_p0_EAX#4| #x00000002))
((|__unbuffered_p0_EAX#4$wclk$8| (- 9)))
((|__unbuffered_p0_EBX#1| #x00000000))
((|__unbuffered_p0_EBX#1$wclk$8| (- 47)))
((|__unbuffered_p0_EBX#2| #x00000000))
((|__unbuffered_p0_EBX#2$rclk$8| 0))
((|__unbuffered_p0_EBX#3| #x00000000))
((|__unbuffered_p0_EBX#4| #x00000000))
((|__unbuffered_p0_EBX#4$wclk$8| (- 8)))
((|__unbuffered_p2_EAX#1| #x00000000))
((|__unbuffered_p2_EAX#1$wclk$8| (- 46)))
((|__unbuffered_p2_EAX#2| #x00000001))
((|__unbuffered_p2_EAX#2$rclk$8| 0))
((|__unbuffered_p2_EAX#3| #x00000001))
((|__unbuffered_p2_EAX#4| #x00000001))
((|__unbuffered_p2_EAX#4$wclk$8| (- 11)))
((|goto_symex::&92;guard#1| true))
((|goto_symex::&92;guard#2| false))
((|main#return_value!0#1| #x00000000))
((|main#return_value!1#1| #x00000000))
((|main#return_value!2#1| #x00000000))
((|main#return_value!3#1| #x00000000))
((|main$tmp_guard0#1| #x00))
((|main$tmp_guard0#1$wclk$8| (- 45)))
((|main$tmp_guard0#2| #x01))
((|main$tmp_guard0#2$wclk$8| (- 3)))
((|main$tmp_guard0#3| #x01))
((|main$tmp_guard0#3$rclk$8| (- 2)))
((|main$tmp_guard1#1| #x00))
((|main$tmp_guard1#1$wclk$8| (- 44)))
((|main$tmp_guard1#2| #x00))
((|main$tmp_guard1#3| #xff))
((|main$tmp_guard1#3$rclk$8| 0))
((|main$tmp_guard1#4| #x00))
((|main$tmp_guard1#4$wclk$8| 0))
((|main$tmp_guard1#5| #x00))
((|main$tmp_guard1#5$rclk$8| 1))
((|main$tmp_guard1#6| #x00))
((|main$tmp_guard1#6$rclk$8| 2))
((|main::1::t1842!0@1| #x00000000))
((|main::1::t1842!0@1#1| #x00000000))
((|main::1::t1842!0@1#1$wclk$8| (- 23)))
((|main::1::t1842!0@1#2| #x00000001))
((|main::1::t1842!0@1#2$wclk$8| (- 21)))
((|main::1::t1843!0@1| #x00000000))
((|main::1::t1843!0@1#1| #x00000000))
((|main::1::t1843!0@1#1$wclk$8| (- 19)))
((|main::1::t1843!0@1#2| #x00000002))
((|main::1::t1843!0@1#2$wclk$8| (- 17)))
((|main::1::t1843!0@1$wclk$8| (- 60)))
((|main::1::t1844!0@1| #x00000000))
((|main::1::t1844!0@1#1| #x00000000))
((|main::1::t1844!0@1#1$wclk$8| (- 15)))
((|main::1::t1844!0@1#2| #x00000003))
((|main::1::t1844!0@1#2$wclk$8| (- 13)))
((|main::1::t1844!0@1$wclk$8| (- 59)))
((|memory_model::choice_rf_0_42_0_38_T_10| true))
((|memory_model::choice_rf_0_42_0_8_T_9| false))
((|memory_model::choice_rf_0_47_0_38_T_12| false))
((|memory_model::choice_rf_0_47_0_43_T_13| true))
((|memory_model::choice_rf_0_47_0_8_T_11| false))
((|memory_model::choice_rf_0_51_0_11_F_30| false))
((|memory_model::choice_rf_0_51_1_22_F_31| true))
((|memory_model::choice_rf_0_51_2_34_F_32| false))
((|memory_model::choice_rf_0_51_3_16_F_33| false))
((|memory_model::choice_rf_0_53_0_15_F_49| false))
((|memory_model::choice_rf_0_53_0_52_F_50| true))
((|memory_model::choice_rf_0_54_0_34_F_120| false))
((|memory_model::choice_rf_0_54_1_12_F_121| true))
((|memory_model::choice_rf_0_54_2_18_F_122| false))
((|memory_model::choice_rf_0_55_0_35_F_131| false))
((|memory_model::choice_rf_0_55_1_11_F_132| false))
((|memory_model::choice_rf_0_55_2_16_F_133| false))
((|memory_model::choice_rf_0_55_2_30_F_134| true))
((|memory_model::choice_rf_0_55_3_11_F_135| false))
((|memory_model::choice_rf_0_56_0_32_F_83| false))
((|memory_model::choice_rf_0_56_1_13_F_84| true))
((|memory_model::choice_rf_0_56_2_17_F_85| false))
((|memory_model::choice_rf_0_57_0_26_F_68| false))
((|memory_model::choice_rf_0_57_2_13_F_69| true))
((|memory_model::choice_rf_0_58_0_22_F_56| true))
((|memory_model::choice_rf_0_59_0_19_F_14| false))
((|memory_model::choice_rf_0_59_1_15_F_15| false))
((|memory_model::choice_rf_0_59_2_32_F_16| true))
((|memory_model::choice_rf_0_59_3_14_F_17| false))
((|memory_model::choice_rf_0_60_0_33_F_96| false))
((|memory_model::choice_rf_0_60_1_14_F_97| false))
((|memory_model::choice_rf_0_60_2_15_F_98| false))
((|memory_model::choice_rf_0_60_2_31_F_99| true))
((|memory_model::choice_rf_0_60_3_13_F_100| false))
((|memory_model::choice_rf_0_66_0_16_F_51| false))
((|memory_model::choice_rf_0_67_0_14_F_47| false))
((|memory_model::choice_rf_0_67_3_1_F_48| true))
((|memory_model::choice_rf_0_68_0_13_F_45| false))
((|memory_model::choice_rf_0_68_1_9_F_46| true))
((|memory_model::choice_rf_0_69_0_12_F_43| false))
((|memory_model::choice_rf_0_69_1_1_F_44| true))
((|memory_model::choice_rf_0_70_0_36_F_151| false))
((|memory_model::choice_rf_0_70_2_20_F_152| false))
((|memory_model::choice_rf_0_70_3_2_F_153| true))
((|memory_model::choice_rf_0_72_0_16_F_52| false))
((|memory_model::choice_rf_0_72_0_71_F_53| true))
((|memory_model::choice_rf_0_73_0_16_F_54| false))
((|memory_model::choice_rf_0_73_0_71_F_55| true))
((|memory_model::choice_rf_1_0_0_36_F_154| false))
((|memory_model::choice_rf_1_0_2_20_F_155| false))
((|memory_model::choice_rf_1_0_3_2_F_156| true))
((|memory_model::choice_rf_1_21_0_11_F_34| false))
((|memory_model::choice_rf_1_21_2_34_F_35| true))
((|memory_model::choice_rf_1_21_3_16_F_36| false))
((|memory_model::choice_rf_1_23_0_10_T_0| true))
((|memory_model::choice_rf_1_23_2_36_T_1| false))
((|memory_model::choice_rf_1_23_3_18_T_2| false))
((|memory_model::choice_rf_1_2_0_34_F_123| false))
((|memory_model::choice_rf_1_2_2_18_F_124| true))
((|memory_model::choice_rf_1_3_0_32_F_86| false))
((|memory_model::choice_rf_1_3_2_17_F_87| true))
((|memory_model::choice_rf_1_4_0_27_F_72| false))
((|memory_model::choice_rf_1_4_2_12_F_73| true))
((|memory_model::choice_rf_1_5_0_35_F_136| false))
((|memory_model::choice_rf_1_5_0_63_F_137| false))
((|memory_model::choice_rf_1_5_2_16_F_138| true))
((|memory_model::choice_rf_1_5_2_30_F_139| false))
((|memory_model::choice_rf_1_5_3_11_F_140| false))
((|memory_model::choice_rf_1_6_0_23_F_59| true))
((|memory_model::choice_rf_1_7_0_33_F_101| false))
((|memory_model::choice_rf_1_7_0_64_F_102| false))
((|memory_model::choice_rf_1_7_2_15_F_103| true))
((|memory_model::choice_rf_1_7_2_31_F_104| false))
((|memory_model::choice_rf_1_7_3_13_F_105| false))
((|memory_model::choice_rf_1_8_0_19_F_18| true))
((|memory_model::choice_rf_1_8_0_65_F_19| false))
((|memory_model::choice_rf_1_8_2_32_F_20| false))
((|memory_model::choice_rf_1_8_3_14_F_21| false))
((|memory_model::choice_rf_2_0_0_28_F_76| false))
((|memory_model::choice_rf_2_19_0_36_F_157| true))
((|memory_model::choice_rf_2_19_3_2_F_158| false))
((|memory_model::choice_rf_2_1_0_27_F_74| false))
((|memory_model::choice_rf_2_1_1_10_F_75| false))
((|memory_model::choice_rf_2_21_0_34_F_125| false))
((|memory_model::choice_rf_2_21_1_12_F_126| true))
((|memory_model::choice_rf_2_21_2_18_F_127| false))
((|memory_model::choice_rf_2_22_0_28_F_77| false))
((|memory_model::choice_rf_2_22_2_11_F_78| true))
((|memory_model::choice_rf_2_23_0_35_F_141| false))
((|memory_model::choice_rf_2_23_0_63_F_142| false))
((|memory_model::choice_rf_2_23_1_11_F_143| false))
((|memory_model::choice_rf_2_23_2_16_F_144| false))
((|memory_model::choice_rf_2_23_3_11_F_145| true))
((|memory_model::choice_rf_2_24_0_32_F_90| false))
((|memory_model::choice_rf_2_24_1_13_F_91| true))
((|memory_model::choice_rf_2_24_2_17_F_92| false))
((|memory_model::choice_rf_2_25_0_24_F_63| false))
((|memory_model::choice_rf_2_25_2_10_F_64| true))
((|memory_model::choice_rf_2_26_0_19_F_22| false))
((|memory_model::choice_rf_2_26_0_65_F_23| false))
((|memory_model::choice_rf_2_26_1_15_F_24| false))
((|memory_model::choice_rf_2_26_3_14_F_25| true))
((|memory_model::choice_rf_2_27_0_33_F_110| false))
((|memory_model::choice_rf_2_27_0_64_F_111| false))
((|memory_model::choice_rf_2_27_1_14_F_112| false))
((|memory_model::choice_rf_2_27_2_15_F_113| false))
((|memory_model::choice_rf_2_27_3_13_F_114| true))
((|memory_model::choice_rf_2_2_0_24_F_62| true))
((|memory_model::choice_rf_2_33_0_11_F_37| false))
((|memory_model::choice_rf_2_33_1_22_F_38| false))
((|memory_model::choice_rf_2_33_3_16_F_39| true))
((|memory_model::choice_rf_2_35_0_10_T_3| false))
((|memory_model::choice_rf_2_35_1_24_T_4| false))
((|memory_model::choice_rf_2_35_3_18_T_5| true))
((|memory_model::choice_rf_2_3_0_23_F_60| true))
((|memory_model::choice_rf_2_3_1_17_F_61| false))
((|memory_model::choice_rf_2_4_0_25_F_65| true))
((|memory_model::choice_rf_2_4_3_10_F_66| false))
((|memory_model::choice_rf_2_5_0_26_F_70| false))
((|memory_model::choice_rf_2_5_0_61_F_71| false))
((|memory_model::choice_rf_2_6_0_22_F_57| true))
((|memory_model::choice_rf_2_6_0_62_F_58| false))
((|memory_model::choice_rf_2_7_0_29_F_79| false))
((|memory_model::choice_rf_2_7_3_12_F_80| false))
((|memory_model::choice_rf_2_8_0_33_F_106| true))
((|memory_model::choice_rf_2_8_0_64_F_107| false))
((|memory_model::choice_rf_2_8_1_14_F_108| false))
((|memory_model::choice_rf_2_8_3_13_F_109| false))
((|memory_model::choice_rf_2_9_0_32_F_88| true))
((|memory_model::choice_rf_2_9_1_13_F_89| false))
((|memory_model::choice_rf_3_0_0_36_F_159| false))
((|memory_model::choice_rf_3_0_2_20_F_160| true))
((|memory_model::choice_rf_3_15_0_11_F_40| true))
((|memory_model::choice_rf_3_15_1_22_F_41| false))
((|memory_model::choice_rf_3_15_2_34_F_42| false))
((|memory_model::choice_rf_3_17_0_10_T_6| true))
((|memory_model::choice_rf_3_17_1_24_T_7| false))
((|memory_model::choice_rf_3_17_2_36_T_8| false))
((|memory_model::choice_rf_3_3_0_34_F_128| false))
((|memory_model::choice_rf_3_3_1_12_F_129| true))
((|memory_model::choice_rf_3_3_2_18_F_130| false))
((|memory_model::choice_rf_3_4_0_35_F_146| false))
((|memory_model::choice_rf_3_4_0_63_F_147| false))
((|memory_model::choice_rf_3_4_1_11_F_148| true))
((|memory_model::choice_rf_3_4_2_16_F_149| false))
((|memory_model::choice_rf_3_4_2_30_F_150| false))
((|memory_model::choice_rf_3_5_0_32_F_93| false))
((|memory_model::choice_rf_3_5_1_13_F_94| true))
((|memory_model::choice_rf_3_5_2_17_F_95| false))
((|memory_model::choice_rf_3_6_0_25_F_67| true))
((|memory_model::choice_rf_3_7_0_19_F_26| false))
((|memory_model::choice_rf_3_7_0_65_F_27| false))
((|memory_model::choice_rf_3_7_1_15_F_28| true))
((|memory_model::choice_rf_3_7_2_32_F_29| false))
((|memory_model::choice_rf_3_8_0_29_F_81| false))
((|memory_model::choice_rf_3_8_2_14_F_82| true))
((|memory_model::choice_rf_3_9_0_33_F_115| false))
((|memory_model::choice_rf_3_9_0_64_F_116| false))
((|memory_model::choice_rf_3_9_1_14_F_117| true))
((|memory_model::choice_rf_3_9_2_15_F_118| false))
((|memory_model::choice_rf_3_9_2_31_F_119| false))
((|memory_model::choice_ws-ext_0_10_1_24_T_161| true))
((|memory_model::choice_ws-ext_0_10_2_36_T_162| true))
((|memory_model::choice_ws-ext_0_10_3_18_T_163| true))
((|memory_model::choice_ws-ext_0_11_1_22_F_176| true))
((|memory_model::choice_ws-ext_0_11_2_34_F_177| true))
((|memory_model::choice_ws-ext_0_11_3_16_F_178| true))
((|memory_model::choice_ws-ext_0_12_1_1_F_182| true))
((|memory_model::choice_ws-ext_0_13_1_9_F_183| true))
((|memory_model::choice_ws-ext_0_14_3_1_F_184| true))
((|memory_model::choice_ws-ext_0_17_1_20_F_236| true))
((|memory_model::choice_ws-ext_0_18_1_19_F_237| true))
((|memory_model::choice_ws-ext_0_19_1_15_F_167| true))
((|memory_model::choice_ws-ext_0_19_2_32_F_168| true))
((|memory_model::choice_ws-ext_0_19_3_14_F_169| true))
((|memory_model::choice_ws-ext_0_20_1_18_F_185| true))
((|memory_model::choice_ws-ext_0_21_1_16_F_186| true))
((|memory_model::choice_ws-ext_0_23_1_17_F_187| true))
((|memory_model::choice_ws-ext_0_24_2_10_F_188| true))
((|memory_model::choice_ws-ext_0_24_2_29_F_189| true))
((|memory_model::choice_ws-ext_0_25_3_10_F_190| true))
((|memory_model::choice_ws-ext_0_26_2_13_F_191| true))
((|memory_model::choice_ws-ext_0_27_1_10_F_193| true))
((|memory_model::choice_ws-ext_0_27_2_12_F_194| true))
((|memory_model::choice_ws-ext_0_28_2_11_F_196| true))
((|memory_model::choice_ws-ext_0_28_2_28_F_197| true))
((|memory_model::choice_ws-ext_0_29_2_14_F_198| true))
((|memory_model::choice_ws-ext_0_29_3_12_F_199| true))
((|memory_model::choice_ws-ext_0_32_1_13_F_201| true))
((|memory_model::choice_ws-ext_0_32_2_17_F_202| true))
((|memory_model::choice_ws-ext_0_33_1_14_F_204| true))
((|memory_model::choice_ws-ext_0_33_2_15_F_205| true))
((|memory_model::choice_ws-ext_0_33_2_31_F_206| true))
((|memory_model::choice_ws-ext_0_33_3_13_F_207| true))
((|memory_model::choice_ws-ext_0_34_1_12_F_217| true))
((|memory_model::choice_ws-ext_0_34_2_18_F_218| true))
((|memory_model::choice_ws-ext_0_35_1_11_F_220| true))
((|memory_model::choice_ws-ext_0_35_2_16_F_221| true))
((|memory_model::choice_ws-ext_0_35_2_30_F_222| true))
((|memory_model::choice_ws-ext_0_35_3_11_F_223| true))
((|memory_model::choice_ws-ext_0_36_2_20_F_233| true))
((|memory_model::choice_ws-ext_0_36_3_2_F_234| true))
((|memory_model::choice_ws-ext_0_61_2_13_F_192| false))
((|memory_model::choice_ws-ext_0_63_1_11_F_224| false))
((|memory_model::choice_ws-ext_0_63_2_16_F_225| false))
((|memory_model::choice_ws-ext_0_63_2_30_F_226| false))
((|memory_model::choice_ws-ext_0_63_3_11_F_227| false))
((|memory_model::choice_ws-ext_0_64_1_14_F_208| false))
((|memory_model::choice_ws-ext_0_64_2_15_F_209| false))
((|memory_model::choice_ws-ext_0_64_2_31_F_210| false))
((|memory_model::choice_ws-ext_0_64_3_13_F_211| false))
((|memory_model::choice_ws-ext_0_65_1_15_F_170| false))
((|memory_model::choice_ws-ext_0_65_2_32_F_171| false))
((|memory_model::choice_ws-ext_0_65_3_14_F_172| false))
((|memory_model::choice_ws-ext_1_10_2_12_F_195| false))
((|memory_model::choice_ws-ext_1_11_2_16_F_228| false))
((|memory_model::choice_ws-ext_1_11_2_30_F_229| true))
((|memory_model::choice_ws-ext_1_11_3_11_F_230| true))
((|memory_model::choice_ws-ext_1_12_2_18_F_219| false))
((|memory_model::choice_ws-ext_1_13_2_17_F_203| false))
((|memory_model::choice_ws-ext_1_14_2_15_F_212| false))
((|memory_model::choice_ws-ext_1_14_2_31_F_213| true))
((|memory_model::choice_ws-ext_1_14_3_13_F_214| true))
((|memory_model::choice_ws-ext_1_15_2_32_F_173| true))
((|memory_model::choice_ws-ext_1_15_3_14_F_174| true))
((|memory_model::choice_ws-ext_1_22_2_34_F_179| false))
((|memory_model::choice_ws-ext_1_22_3_16_F_180| false))
((|memory_model::choice_ws-ext_1_24_2_36_T_164| true))
((|memory_model::choice_ws-ext_1_24_3_18_T_165| true))
((|memory_model::choice_ws-ext_2_14_3_12_F_200| true))
((|memory_model::choice_ws-ext_2_15_3_13_F_215| true))
((|memory_model::choice_ws-ext_2_16_3_11_F_231| true))
((|memory_model::choice_ws-ext_2_20_3_2_F_235| true))
((|memory_model::choice_ws-ext_2_30_3_11_F_232| false))
((|memory_model::choice_ws-ext_2_31_3_13_F_216| false))
((|memory_model::choice_ws-ext_2_32_3_14_F_175| false))
((|memory_model::choice_ws-ext_2_34_3_16_F_181| false))
((|memory_model::choice_ws-ext_2_36_3_18_T_166| false))
((|nondet_symex::nondet0| false))
((|nondet_symex::nondet1| false))
((|nondet_symex::nondet2| #x00000000))
((|nondet_symex::nondet3| #x00000000))
((|nondet_symex::nondet4| #x00000000))
((|pthread_create#return_value!0#1| #x00000000))
((|pthread_create#return_value!0#2| #x00000000))
((|pthread_create#return_value!0#3| #x00000000))
((|pthread_create#return_value!1#1| #x00000000))
((|pthread_create#return_value!2#1| #x00000000))
((|pthread_create#return_value!3#1| #x00000000))
((|pthread_create::1::this_thread_id!0@1#1| #x00000000))
((|pthread_create::1::this_thread_id!0@1#2| #x00000001))
((|pthread_create::1::this_thread_id!0@2#1| #x00000000))
((|pthread_create::1::this_thread_id!0@2#2| #x00000002))
((|pthread_create::1::this_thread_id!0@3#1| #x00000000))
((|pthread_create::1::this_thread_id!0@3#2| #x00000003))
((|pthread_create::1::this_thread_id!1@0#0| #x00000080))
((|pthread_create::1::this_thread_id!2@0#0| #x00000000))
((|pthread_create::1::this_thread_id!3@0#0| #x00000000))
((|pthread_create::arg!0@1#1| #x00000000))
((|pthread_create::arg!0@2#1| #x00000000))
((|pthread_create::arg!0@3#1| #x00000000))
((|pthread_create::arg!1@0#1| #x00000000))
((|pthread_create::arg!2@0#1| #x00000000))
((|pthread_create::arg!3@0#1| #x00000000))
((|pthread_create::attr!0@1#1| #x00000000))
((|pthread_create::attr!0@2#1| #x00000000))
((|pthread_create::attr!0@3#1| #x00000000))
((|pthread_create::attr!1@0#1| #x00000000))
((|pthread_create::attr!2@0#1| #x00000000))
((|pthread_create::attr!3@0#1| #x00000000))
((|pthread_create::start_routine!0@1#1| #x03000000))
((|pthread_create::start_routine!0@2#1| #x05000000))
((|pthread_create::start_routine!0@3#1| #x07000000))
((|pthread_create::start_routine!1@0#1| #x03000000))
((|pthread_create::start_routine!2@0#1| #x05000000))
((|pthread_create::start_routine!3@0#1| #x07000000))
((|pthread_create::thread!0@1#1| #x02000000))
((|pthread_create::thread!0@2#1| #x04000000))
((|pthread_create::thread!0@3#1| #x06000000))
((|pthread_create::thread!1@0#1| #x02000000))
((|pthread_create::thread!2@0#1| #x04000000))
((|pthread_create::thread!3@0#1| #x06000000))
((|return'!0#1| #x00000000))
((|t1$40$spwnclk$8| (- 20)))
((|t1$45$spwnclk$8| (- 16)))
((|t1$50$spwnclk$8| (- 12)))
((|weak$$choice0#1| #x00))
((|weak$$choice0#1$wclk$8| (- 43)))
((|weak$$choice0#2| #x00))
((|weak$$choice0#2$wclk$8| (- 8)))
((|weak$$choice2#1| #x00))
((|weak$$choice2#1$wclk$8| (- 42)))
((|weak$$choice2#2| #x00))
((|weak$$choice2#2$wclk$8| (- 8)))
((|x#1| #x00000000))
((|x#1$wclk$8| (- 41)))
((|x#10| #x00000000))
((|x#10$rclk$8| (- 6)))
((|x#11| #x00000000))
((|x#12| #x00000001))
((|x#13| #x00000001))
((|x#13$wclk$8| (- 6)))
((|x#14| #x00000000))
((|x#14$rclk$8| (- 7)))
((|x#15| #x00000000))
((|x#16| #x00000000))
((|x#16$wclk$8| (- 7)))
((|x#2| #x00000001))
((|x#2$rclk$8| (- 1)))
((|x#3| #x00000001))
((|x#4| #x00000001))
((|x#5| #x00000001))
((|x#5$wclk$8| (- 1)))
((|x#6| #x00000000))
((|x#6$rclk$8| (- 8)))
((|x#7| #x00000000))
((|x#8| #x00000000))
((|x#9| #x00000000))
((|x#9$wclk$8| (- 8)))
((|x$flush_delayed#1| #x00))
((|x$flush_delayed#1$wclk$8| (- 40)))
((|x$flush_delayed#2| #x00))
((|x$flush_delayed#3| #x00))
((|x$flush_delayed#3$wclk$8| (- 8)))
((|x$mem_tmp#1| #x00000000))
((|x$mem_tmp#1$wclk$8| (- 39)))
((|x$mem_tmp#2| #x00000000))
((|x$mem_tmp#2$wclk$8| (- 8)))
((|x$r_buff0_thd0#1| #x00))
((|x$r_buff0_thd0#1$wclk$8| (- 38)))
((|x$r_buff0_thd0#10| #x00))
((|x$r_buff0_thd0#10$wclk$8| (- 1)))
((|x$r_buff0_thd0#11| #x00))
((|x$r_buff0_thd0#11$rclk$8| (- 13)))
((|x$r_buff0_thd0#12| #x00))
((|x$r_buff0_thd0#2| #x00))
((|x$r_buff0_thd0#2$rclk$8| (- 1)))
((|x$r_buff0_thd0#3| #x00))
((|x$r_buff0_thd0#4| #x00))
((|x$r_buff0_thd0#5| #x00))
((|x$r_buff0_thd0#6| #x00))
((|x$r_buff0_thd0#7| #x00))
((|x$r_buff0_thd0#8| #x00))
((|x$r_buff0_thd0#9| #x00))
((|x$r_buff0_thd1#1| #x00))
((|x$r_buff0_thd1#1$wclk$8| (- 37)))
((|x$r_buff0_thd1#2| #x00))
((|x$r_buff0_thd1#2$rclk$8| (- 8)))
((|x$r_buff0_thd1#3| #x00))
((|x$r_buff0_thd1#4| #x00))
((|x$r_buff0_thd1#4$wclk$8| (- 8)))
((|x$r_buff0_thd1#5| #x00))
((|x$r_buff0_thd1#5$rclk$8| (- 13)))
((|x$r_buff0_thd1#6| #x00))
((|x$r_buff0_thd2#1| #x00))
((|x$r_buff0_thd2#1$wclk$8| (- 36)))
((|x$r_buff0_thd2#10| #x01))
((|x$r_buff0_thd2#11| #x01))
((|x$r_buff0_thd2#12| #x01))
((|x$r_buff0_thd2#13| #x01))
((|x$r_buff0_thd2#14| #x01))
((|x$r_buff0_thd2#14$wclk$8| (- 6)))
((|x$r_buff0_thd2#2| #x00))
((|x$r_buff0_thd2#2$rclk$8| (- 13)))
((|x$r_buff0_thd2#3| #x00))
((|x$r_buff0_thd2#4| #x01))
((|x$r_buff0_thd2#5| #x01))
((|x$r_buff0_thd2#5$wclk$8| (- 13)))
((|x$r_buff0_thd2#6| #x01))
((|x$r_buff0_thd2#6$rclk$8| (- 6)))
((|x$r_buff0_thd2#7| #x01))
((|x$r_buff0_thd2#8| #x01))
((|x$r_buff0_thd2#9| #x01))
((|x$r_buff0_thd3#1| #x00))
((|x$r_buff0_thd3#1$wclk$8| (- 35)))
((|x$r_buff0_thd3#2| #x00))
((|x$r_buff0_thd3#2$rclk$8| (- 13)))
((|x$r_buff0_thd3#3| #x00))
((|x$r_buff0_thd3#4| #x00))
((|x$r_buff0_thd3#4$rclk$8| (- 7)))
((|x$r_buff0_thd3#5| #x00))
((|x$r_buff0_thd3#6| #x00))
((|x$r_buff0_thd3#6$wclk$8| (- 7)))
((|x$r_buff1_thd0#1| #x00))
((|x$r_buff1_thd0#1$wclk$8| (- 34)))
((|x$r_buff1_thd0#10| #x00))
((|x$r_buff1_thd0#10$rclk$8| (- 13)))
((|x$r_buff1_thd0#11| #x00))
((|x$r_buff1_thd0#11$wclk$8| (- 13)))
((|x$r_buff1_thd0#2| #x00))
((|x$r_buff1_thd0#2$rclk$8| (- 1)))
((|x$r_buff1_thd0#3| #x00))
((|x$r_buff1_thd0#4| #x00))
((|x$r_buff1_thd0#5| #x00))
((|x$r_buff1_thd0#6| #x00))
((|x$r_buff1_thd0#7| #x00))
((|x$r_buff1_thd0#8| #x00))
((|x$r_buff1_thd0#8$wclk$8| (- 1)))
((|x$r_buff1_thd0#9| #x00))
((|x$r_buff1_thd1#1| #x00))
((|x$r_buff1_thd1#1$wclk$8| (- 33)))
((|x$r_buff1_thd1#2| #x00))
((|x$r_buff1_thd1#2$rclk$8| (- 8)))
((|x$r_buff1_thd1#3| #x00))
((|x$r_buff1_thd1#4| #x00))
((|x$r_buff1_thd1#4$wclk$8| (- 8)))
((|x$r_buff1_thd1#5| #x00))
((|x$r_buff1_thd1#6| #x00))
((|x$r_buff1_thd1#6$rclk$8| (- 13)))
((|x$r_buff1_thd1#7| #x00))
((|x$r_buff1_thd1#7$wclk$8| (- 13)))
((|x$r_buff1_thd2#1| #x00))
((|x$r_buff1_thd2#1$wclk$8| (- 32)))
((|x$r_buff1_thd2#10| #x00))
((|x$r_buff1_thd2#11| #x00))
((|x$r_buff1_thd2#11$wclk$8| (- 6)))
((|x$r_buff1_thd2#2| #x00))
((|x$r_buff1_thd2#3| #xff))
((|x$r_buff1_thd2#3$rclk$8| (- 13)))
((|x$r_buff1_thd2#4| #x00))
((|x$r_buff1_thd2#4$wclk$8| (- 13)))
((|x$r_buff1_thd2#5| #x00))
((|x$r_buff1_thd2#5$rclk$8| (- 6)))
((|x$r_buff1_thd2#6| #x00))
((|x$r_buff1_thd2#7| #x00))
((|x$r_buff1_thd2#8| #x00))
((|x$r_buff1_thd2#9| #x00))
((|x$r_buff1_thd3#1| #x00))
((|x$r_buff1_thd3#1$wclk$8| (- 31)))
((|x$r_buff1_thd3#2| #x00))
((|x$r_buff1_thd3#3| #x00))
((|x$r_buff1_thd3#3$rclk$8| (- 13)))
((|x$r_buff1_thd3#4| #x00))
((|x$r_buff1_thd3#4$wclk$8| (- 13)))
((|x$r_buff1_thd3#5| #x00))
((|x$r_buff1_thd3#5$rclk$8| (- 7)))
((|x$r_buff1_thd3#6| #x00))
((|x$r_buff1_thd3#7| #x00))
((|x$r_buff1_thd3#7$wclk$8| (- 7)))
((|x$read_delayed#1| #x00))
((|x$read_delayed#1$wclk$8| (- 30)))
((|x$read_delayed_var#1| #x00000000))
((|x$read_delayed_var#1$wclk$8| (- 29)))
((|x$w_buff0#1| #x00000000))
((|x$w_buff0#1$wclk$8| (- 28)))
((|x$w_buff0#10| #x00000001))
((|x$w_buff0#10$rclk$8| (- 6)))
((|x$w_buff0#11| #x00000001))
((|x$w_buff0#12| #x00000001))
((|x$w_buff0#12$rclk$8| (- 7)))
((|x$w_buff0#13| #x00000001))
((|x$w_buff0#2| #x00000001))
((|x$w_buff0#2$rclk$8| (- 1)))
((|x$w_buff0#3| #x00000001))
((|x$w_buff0#4| #x00000001))
((|x$w_buff0#4$rclk$8| (- 8)))
((|x$w_buff0#5| #x00000001))
((|x$w_buff0#6| #x00000001))
((|x$w_buff0#6$wclk$8| (- 8)))
((|x$w_buff0#7| #x00000000))
((|x$w_buff0#7$rclk$8| (- 13)))
((|x$w_buff0#8| #x00000000))
((|x$w_buff0#9| #x00000001))
((|x$w_buff0#9$wclk$8| (- 13)))
((|x$w_buff0_used#1| #x00))
((|x$w_buff0_used#1$wclk$8| (- 27)))
((|x$w_buff0_used#10| #x00))
((|x$w_buff0_used#10$wclk$8| (- 1)))
((|x$w_buff0_used#11| #x01))
((|x$w_buff0_used#11$rclk$8| (- 8)))
((|x$w_buff0_used#12| #x01))
((|x$w_buff0_used#13| #x01))
((|x$w_buff0_used#13$wclk$8| (- 8)))
((|x$w_buff0_used#14| #x00))
((|x$w_buff0_used#14$rclk$8| (- 13)))
((|x$w_buff0_used#15| #x00))
((|x$w_buff0_used#16| #x01))
((|x$w_buff0_used#16$wclk$8| (- 13)))
((|x$w_buff0_used#17| #x01))
((|x$w_buff0_used#17$rclk$8| (- 6)))
((|x$w_buff0_used#18| #x01))
((|x$w_buff0_used#19| #x01))
((|x$w_buff0_used#2| #x00))
((|x$w_buff0_used#2$rclk$8| (- 1)))
((|x$w_buff0_used#20| #x01))
((|x$w_buff0_used#21| #x00))
((|x$w_buff0_used#22| #x00))
((|x$w_buff0_used#23| #x00))
((|x$w_buff0_used#24| #x00))
((|x$w_buff0_used#25| #x00))
((|x$w_buff0_used#25$wclk$8| (- 6)))
((|x$w_buff0_used#26| #x01))
((|x$w_buff0_used#26$rclk$8| (- 7)))
((|x$w_buff0_used#27| #x01))
((|x$w_buff0_used#28| #x01))
((|x$w_buff0_used#28$wclk$8| (- 7)))
((|x$w_buff0_used#3| #x00))
((|x$w_buff0_used#4| #x00))
((|x$w_buff0_used#5| #x00))
((|x$w_buff0_used#6| #x00))
((|x$w_buff0_used#7| #x00))
((|x$w_buff0_used#8| #x00))
((|x$w_buff0_used#9| #x00))
((|x$w_buff1#1| #x00000000))
((|x$w_buff1#1$wclk$8| (- 26)))
((|x$w_buff1#10| #x00000000))
((|x$w_buff1#10$rclk$8| (- 7)))
((|x$w_buff1#11| #x00000000))
((|x$w_buff1#2| #x00000000))
((|x$w_buff1#2$rclk$8| (- 1)))
((|x$w_buff1#3| #x00000000))
((|x$w_buff1#4| #x00000000))
((|x$w_buff1#4$rclk$8| (- 8)))
((|x$w_buff1#5| #x00000000))
((|x$w_buff1#6| #x00000000))
((|x$w_buff1#6$wclk$8| (- 8)))
((|x$w_buff1#7| #x00000000))
((|x$w_buff1#7$wclk$8| (- 13)))
((|x$w_buff1#8| #x00000000))
((|x$w_buff1#8$rclk$8| (- 6)))
((|x$w_buff1#9| #x00000000))
((|x$w_buff1_used#1| #x00))
((|x$w_buff1_used#1$wclk$8| (- 25)))
((|x$w_buff1_used#10| #x00))
((|x$w_buff1_used#11| #x00))
((|x$w_buff1_used#11$wclk$8| (- 8)))
((|x$w_buff1_used#12| #x00))
((|x$w_buff1_used#12$wclk$8| (- 13)))
((|x$w_buff1_used#13| #x00))
((|x$w_buff1_used#13$rclk$8| (- 6)))
((|x$w_buff1_used#14| #x00))
((|x$w_buff1_used#15| #x00))
((|x$w_buff1_used#16| #x00))
((|x$w_buff1_used#17| #x00))
((|x$w_buff1_used#18| #x00))
((|x$w_buff1_used#19| #x00))
((|x$w_buff1_used#19$wclk$8| (- 6)))
((|x$w_buff1_used#2| #x00))
((|x$w_buff1_used#2$rclk$8| (- 1)))
((|x$w_buff1_used#20| #x00))
((|x$w_buff1_used#20$rclk$8| (- 7)))
((|x$w_buff1_used#21| #x00))
((|x$w_buff1_used#22| #x00))
((|x$w_buff1_used#22$wclk$8| (- 7)))
((|x$w_buff1_used#3| #x00))
((|x$w_buff1_used#4| #x00))
((|x$w_buff1_used#5| #x00))
((|x$w_buff1_used#6| #x00))
((|x$w_buff1_used#7| #x00))
((|x$w_buff1_used#8| #x00))
((|x$w_buff1_used#8$wclk$8| (- 1)))
((|x$w_buff1_used#9| #x00))
((|x$w_buff1_used#9$rclk$8| (- 8)))
((|y#1| #x00000000))
((|y#1$wclk$8| (- 24)))
((|y#10| #x00000001))
((|y#11| #x00000002))
((|y#11$wclk$8| (- 10)))
((|y#2| #x00000002))
((|y#2$rclk$8| 0))
((|y#3| #x00000002))
((|y#4| #x00000002))
((|y#4$rclk$8| (- 9)))
((|y#5| #x00000002))
((|y#6| #x00000001))
((|y#7| #x00000000))
((|y#7$rclk$8| (- 12)))
((|y#8| #x00000001))
((|y#8$wclk$8| (- 12)))
((|y#9| #x00000001))
((|y#9$rclk$8| (- 11)))
(model 
  (define-fun |memory_model::choice_rf_0_42_0_8_T_9| () Bool
    false)
  (define-fun |memory_model::choice_rf_0_55_0_35_F_131| () Bool
    false)
  (define-fun |x$r_buff0_thd3#2| () (_ BitVec 8)
    #x00)
  (define-fun |memory_model::choice_rf_2_24_2_17_F_92| () Bool
    false)
  (define-fun |x$mem_tmp#1$wclk$8| () Int
    (- 39))
  (define-fun |memory_model::choice_rf_0_70_0_36_F_151| () Bool
    false)
  (define-fun |main::1::t1844!0@1#1$wclk$8| () Int
    (- 15))
  (define-fun |memory_model::choice_rf_3_8_0_29_F_81| () Bool
    false)
  (define-fun |x$w_buff0_used#14| () (_ BitVec 8)
    #x00)
  (define-fun |x$w_buff0_used#2| () (_ BitVec 8)
    #x00)
  (define-fun |y#4| () (_ BitVec 32)
    #x00000002)
  (define-fun t1$50$spwnclk$8 () Int
    (- 12))
  (define-fun |x$w_buff0_used#1$wclk$8| () Int
    (- 27))
  (define-fun |memory_model::choice_rf_0_67_0_14_F_47| () Bool
    false)
  (define-fun |memory_model::choice_ws-ext_0_24_2_10_F_188| () Bool
    true)
  (define-fun |y#9| () (_ BitVec 32)
    #x00000001)
  (define-fun |x$r_buff0_thd2#2| () (_ BitVec 8)
    #x00)
  (define-fun |memory_model::choice_rf_2_21_1_12_F_126| () Bool
    true)
  (define-fun |memory_model::choice_ws-ext_0_35_2_30_F_222| () Bool
    true)
  (define-fun |x$w_buff0#2| () (_ BitVec 32)
    #x00000001)
  (define-fun |x$flush_delayed#1$wclk$8| () Int
    (- 40))
  (define-fun t1$45$spwnclk$8 () Int
    (- 16))
  (define-fun |memory_model::choice_ws-ext_0_14_3_1_F_184| () Bool
    true)
  (define-fun |memory_model::choice_ws-ext_1_22_2_34_F_179| () Bool
    false)
  (define-fun |memory_model::choice_rf_0_53_0_15_F_49| () Bool
    false)
  (define-fun |memory_model::choice_rf_1_5_2_30_F_139| () Bool
    false)
  (define-fun |main$tmp_guard1#2| () (_ BitVec 8)
    #x00)
  (define-fun |memory_model::choice_rf_2_25_2_10_F_64| () Bool
    true)
  (define-fun |memory_model::choice_ws-ext_0_28_2_11_F_196| () Bool
    true)
  (define-fun |memory_model::choice_ws-ext_0_32_1_13_F_201| () Bool
    true)
  (define-fun |memory_model::choice_ws-ext_0_23_1_17_F_187| () Bool
    true)
  (define-fun |memory_model::choice_rf_2_33_1_22_F_38| () Bool
    false)
  (define-fun |x$w_buff1_used#13| () (_ BitVec 8)
    #x00)
  (define-fun |memory_model::choice_ws-ext_0_19_2_32_F_168| () Bool
    true)
  (define-fun |memory_model::choice_rf_3_7_0_19_F_26| () Bool
    false)
  (define-fun |memory_model::choice_rf_3_17_1_24_T_7| () Bool
    false)
  (define-fun |memory_model::choice_rf_3_5_0_32_F_93| () Bool
    false)
  (define-fun |memory_model::choice_rf_2_23_0_35_F_141| () Bool
    false)
  (define-fun |main$tmp_guard0#3$rclk$8| () Int
    (- 2))
  (define-fun |memory_model::choice_rf_0_60_1_14_F_97| () Bool
    false)
  (define-fun |memory_model::choice_rf_2_9_1_13_F_89| () Bool
    false)
  (define-fun |memory_model::choice_rf_0_59_2_32_F_16| () Bool
    true)
  (define-fun |memory_model::choice_rf_0_42_0_38_T_10| () Bool
    true)
  (define-fun |memory_model::choice_rf_1_0_3_2_F_156| () Bool
    true)
  (define-fun |__CPROVER_next_thread_id#6| () (_ BitVec 32)
    #x00000002)
  (define-fun |x#10| () (_ BitVec 32)
    #x00000000)
  (define-fun |memory_model::choice_rf_2_23_2_16_F_144| () Bool
    false)
  (define-fun |memory_model::choice_ws-ext_2_30_3_11_F_232| () Bool
    false)
  (define-fun |memory_model::choice_rf_0_69_0_12_F_43| () Bool
    false)
  (define-fun |x#14| () (_ BitVec 32)
    #x00000000)
  (define-fun |x$r_buff1_thd2#5| () (_ BitVec 8)
    #x00)
  (define-fun |x$r_buff0_thd2#6| () (_ BitVec 8)
    #x01)
  (define-fun |__unbuffered_p2_EAX#4$wclk$8| () Int
    (- 11))
  (define-fun |memory_model::choice_ws-ext_0_20_1_18_F_185| () Bool
    true)
  (define-fun |main$tmp_guard1#5$rclk$8| () Int
    1)
  (define-fun |x$r_buff0_thd1#1$wclk$8| () Int
    (- 37))
  (define-fun |memory_model::choice_rf_2_2_0_24_F_62| () Bool
    true)
  (define-fun |memory_model::choice_rf_2_35_3_18_T_5| () Bool
    true)
  (define-fun |memory_model::choice_rf_1_8_0_19_F_18| () Bool
    true)
  (define-fun |memory_model::choice_rf_0_56_1_13_F_84| () Bool
    true)
  (define-fun |memory_model::choice_rf_3_9_2_31_F_119| () Bool
    false)
  (define-fun |memory_model::choice_rf_2_27_0_64_F_111| () Bool
    false)
  (define-fun |memory_model::choice_rf_3_4_2_16_F_149| () Bool
    false)
  (define-fun |memory_model::choice_rf_3_3_2_18_F_130| () Bool
    false)
  (define-fun |memory_model::choice_ws-ext_1_15_2_32_F_173| () Bool
    true)
  (define-fun |memory_model::choice_ws-ext_1_10_2_12_F_195| () Bool
    false)
  (define-fun |memory_model::choice_rf_0_59_0_19_F_14| () Bool
    false)
  (define-fun |memory_model::choice_ws-ext_0_11_3_16_F_178| () Bool
    true)
  (define-fun |y#2| () (_ BitVec 32)
    #x00000002)
  (define-fun |__CPROVER_threads_exited#3$wclk$8| () Int
    (- 2))
  (define-fun |__unbuffered_cnt#6$wclk$8| () Int
    (- 4))
  (define-fun |memory_model::choice_rf_2_23_3_11_F_145| () Bool
    true)
  (define-fun |x$r_buff1_thd2#1$wclk$8| () Int
    (- 32))
  (define-fun |x$read_delayed_var#1$wclk$8| () Int
    (- 29))
  (define-fun |x$w_buff1#4| () (_ BitVec 32)
    #x00000000)
  (define-fun |x#1$wclk$8| () Int
    (- 41))
  (define-fun |__unbuffered_cnt#11| () (_ BitVec 32)
    #x00000000)
  (define-fun |memory_model::choice_rf_2_8_0_64_F_107| () Bool
    false)
  (define-fun |memory_model::choice_ws-ext_0_33_1_14_F_204| () Bool
    true)
  (define-fun |memory_model::choice_rf_3_15_2_34_F_42| () Bool
    false)
  (define-fun |memory_model::choice_ws-ext_1_12_2_18_F_219| () Bool
    false)
  (define-fun |memory_model::choice_rf_2_35_0_10_T_3| () Bool
    false)
  (define-fun |x#6| () (_ BitVec 32)
    #x00000000)
  (define-fun |__CPROVER_threads_exited#4| () (Array (_ BitVec 32) Bool)
    (lambda ((x!1 (_ BitVec 32))) (= x!1 #x00000000)))
  (define-fun |x#5$wclk$8| () Int
    (- 1))
  (define-fun |pthread_create::1::this_thread_id!3@0#0| () (_ BitVec 32)
    #x00000000)
  (define-fun |memory_model::choice_rf_2_8_0_33_F_106| () Bool
    true)
  (define-fun |__unbuffered_cnt#2| () (_ BitVec 32)
    #x00000003)
  (define-fun |goto_symex::&92;guard#1| () Bool
    true)
  (define-fun |memory_model::choice_rf_2_24_1_13_F_91| () Bool
    true)
  (define-fun |memory_model::choice_rf_2_23_0_63_F_142| () Bool
    false)
  (define-fun |x$w_buff1#1$wclk$8| () Int
    (- 26))
  (define-fun |__unbuffered_p2_EAX#1$wclk$8| () Int
    (- 46))
  (define-fun |memory_model::choice_ws-ext_0_33_2_31_F_206| () Bool
    true)
  (define-fun |main::1::t1844!0@1#2$wclk$8| () Int
    (- 13))
  (define-fun |memory_model::choice_rf_0_55_2_16_F_133| () Bool
    false)
  (define-fun |memory_model::choice_ws-ext_0_63_3_11_F_227| () Bool
    false)
  (define-fun |memory_model::choice_rf_3_5_1_13_F_94| () Bool
    true)
  (define-fun |memory_model::choice_ws-ext_1_11_2_16_F_228| () Bool
    false)
  (define-fun |memory_model::choice_rf_0_51_2_34_F_32| () Bool
    false)
  (define-fun |memory_model::choice_rf_0_69_1_1_F_44| () Bool
    true)
  (define-fun |memory_model::choice_ws-ext_2_34_3_16_F_181| () Bool
    false)
  (define-fun |memory_model::choice_ws-ext_0_64_2_31_F_210| () Bool
    false)
  (define-fun |memory_model::choice_ws-ext_2_15_3_13_F_215| () Bool
    true)
  (define-fun |memory_model::choice_ws-ext_0_17_1_20_F_236| () Bool
    true)
  (define-fun |__CPROVER_threads_exited#1$wclk$8| () Int
    (- 50))
  (define-fun |memory_model::choice_ws-ext_0_13_1_9_F_183| () Bool
    true)
  (define-fun |memory_model::choice_rf_3_9_1_14_F_117| () Bool
    true)
  (define-fun |memory_model::choice_rf_2_8_1_14_F_108| () Bool
    false)
  (define-fun |memory_model::choice_ws-ext_1_14_3_13_F_214| () Bool
    true)
  (define-fun |memory_model::choice_rf_3_9_2_15_F_118| () Bool
    false)
  (define-fun |__CPROVER_threads_exited#2$rclk$8| () Int
    (- 3))
  (define-fun |x$w_buff1_used#2| () (_ BitVec 8)
    #x00)
  (define-fun |x$w_buff0#1$wclk$8| () Int
    (- 28))
  (define-fun |memory_model::choice_rf_1_8_0_65_F_19| () Bool
    false)
  (define-fun |memory_model::choice_rf_0_68_1_9_F_46| () Bool
    true)
  (define-fun |memory_model::choice_rf_2_27_3_13_F_114| () Bool
    true)
  (define-fun |memory_model::choice_rf_3_3_1_12_F_129| () Bool
    true)
  (define-fun |memory_model::choice_ws-ext_0_25_3_10_F_190| () Bool
    true)
  (define-fun |memory_model::choice_ws-ext_1_13_2_17_F_203| () Bool
    false)
  (define-fun |memory_model::choice_ws-ext_0_34_2_18_F_218| () Bool
    true)
  (define-fun |memory_model::choice_ws-ext_0_10_1_24_T_161| () Bool
    true)
  (define-fun |memory_model::choice_ws-ext_2_14_3_12_F_200| () Bool
    true)
  (define-fun |memory_model::choice_rf_0_51_0_11_F_30| () Bool
    false)
  (define-fun |memory_model::choice_rf_3_4_0_63_F_147| () Bool
    false)
  (define-fun |memory_model::choice_rf_2_6_0_22_F_57| () Bool
    true)
  (define-fun |memory_model::choice_rf_3_4_2_30_F_150| () Bool
    false)
  (define-fun |memory_model::choice_ws-ext_0_27_2_12_F_194| () Bool
    true)
  (define-fun |memory_model::choice_ws-ext_2_20_3_2_F_235| () Bool
    true)
  (define-fun |memory_model::choice_ws-ext_0_18_1_19_F_237| () Bool
    true)
  (define-fun |__CPROVER_threads_exited#2| () (Array (_ BitVec 32) Bool)
    ((as const (Array (_ BitVec 32) Bool)) false))
  (define-fun |x$w_buff0_used#17| () (_ BitVec 8)
    #x01)
  (define-fun |x$w_buff1#8| () (_ BitVec 32)
    #x00000000)
  (define-fun |memory_model::choice_rf_3_0_2_20_F_160| () Bool
    true)
  (define-fun |memory_model::choice_ws-ext_0_29_3_12_F_199| () Bool
    true)
  (define-fun |__unbuffered_cnt#13$wclk$8| () Int
    (- 6))
  (define-fun |x$w_buff0#7| () (_ BitVec 32)
    #x00000000)
  (define-fun |memory_model::choice_ws-ext_2_36_3_18_T_166| () Bool
    false)
  (define-fun |memory_model::choice_rf_3_7_0_65_F_27| () Bool
    false)
  (define-fun |memory_model::choice_rf_0_58_0_22_F_56| () Bool
    true)
  (define-fun |memory_model::choice_ws-ext_0_21_1_16_F_186| () Bool
    true)
  (define-fun |memory_model::choice_rf_1_7_0_64_F_102| () Bool
    false)
  (define-fun |memory_model::choice_rf_2_23_1_11_F_143| () Bool
    false)
  (define-fun |x$w_buff1_used#20| () (_ BitVec 8)
    #x00)
  (define-fun |pthread_create::1::this_thread_id!1@0#0| () (_ BitVec 32)
    #x00000080)
  (define-fun |__unbuffered_cnt#4| () (_ BitVec 32)
    #x00000002)
  (define-fun |memory_model::choice_rf_2_35_1_24_T_4| () Bool
    false)
  (define-fun |memory_model::choice_rf_2_24_0_32_F_90| () Bool
    false)
  (define-fun |main$tmp_guard0#1$wclk$8| () Int
    (- 45))
  (define-fun |__CPROVER_next_thread_id#5$wclk$8| () Int
    (- 18))
  (define-fun |memory_model::choice_rf_2_26_0_65_F_23| () Bool
    false)
  (define-fun |memory_model::choice_ws-ext_0_26_2_13_F_191| () Bool
    true)
  (define-fun |memory_model::choice_rf_3_15_1_22_F_41| () Bool
    false)
  (define-fun |memory_model::choice_rf_0_47_0_43_T_13| () Bool
    true)
  (define-fun |memory_model::choice_rf_1_21_2_34_F_35| () Bool
    true)
  (define-fun |x$w_buff1#2| () (_ BitVec 32)
    #x00000000)
  (define-fun |memory_model::choice_ws-ext_0_64_3_13_F_211| () Bool
    false)
  (define-fun |memory_model::choice_ws-ext_0_61_2_13_F_192| () Bool
    false)
  (define-fun |memory_model::choice_ws-ext_0_36_2_20_F_233| () Bool
    true)
  (define-fun |main::1::t1842!0@1#1$wclk$8| () Int
    (- 23))
  (define-fun |nondet_symex::nondet1| () Bool
    false)
  (define-fun |memory_model::choice_rf_3_7_2_32_F_29| () Bool
    false)
  (define-fun |x$r_buff0_thd2#1$wclk$8| () Int
    (- 36))
  (define-fun |memory_model::choice_rf_0_60_2_15_F_98| () Bool
    false)
  (define-fun |x$w_buff0#12| () (_ BitVec 32)
    #x00000001)
  (define-fun |__CPROVER_next_thread_id#2$wclk$8| () Int
    (- 22))
  (define-fun |memory_model::choice_rf_1_2_2_18_F_124| () Bool
    true)
  (define-fun |__unbuffered_p0_EBX#2| () (_ BitVec 32)
    #x00000000)
  (define-fun |memory_model::choice_rf_0_72_0_16_F_52| () Bool
    false)
  (define-fun |memory_model::choice_rf_2_21_0_34_F_125| () Bool
    false)
  (define-fun |memory_model::choice_rf_3_9_0_33_F_115| () Bool
    false)
  (define-fun |memory_model::choice_ws-ext_0_65_1_15_F_170| () Bool
    false)
  (define-fun |memory_model::choice_rf_0_60_0_33_F_96| () Bool
    false)
  (define-fun |memory_model::choice_rf_2_25_0_24_F_63| () Bool
    false)
  (define-fun |memory_model::choice_ws-ext_0_28_2_28_F_197| () Bool
    true)
  (define-fun |x$w_buff0#4| () (_ BitVec 32)
    #x00000001)
  (define-fun |__CPROVER_threads_exited#6| () (Array (_ BitVec 32) Bool)
    ((as const (Array (_ BitVec 32) Bool)) false))
  (define-fun |x$w_buff1_used#1$wclk$8| () Int
    (- 25))
  (define-fun |memory_model::choice_rf_1_7_2_31_F_104| () Bool
    false)
  (define-fun |memory_model::choice_rf_0_54_0_34_F_120| () Bool
    false)
  (define-fun |memory_model::choice_rf_0_54_1_12_F_121| () Bool
    true)
  (define-fun |memory_model::choice_rf_1_23_0_10_T_0| () Bool
    true)
  (define-fun |memory_model::choice_ws-ext_0_63_1_11_F_224| () Bool
    false)
  (define-fun |memory_model::choice_rf_1_7_3_13_F_105| () Bool
    false)
  (define-fun |x#16$wclk$8| () Int
    (- 7))
  (define-fun |x$r_buff1_thd1#1$wclk$8| () Int
    (- 33))
  (define-fun |memory_model::choice_rf_2_26_0_19_F_22| () Bool
    false)
  (define-fun |memory_model::choice_rf_0_57_0_26_F_68| () Bool
    false)
  (define-fun |memory_model::choice_rf_1_5_0_35_F_136| () Bool
    false)
  (define-fun |memory_model::choice_ws-ext_0_19_3_14_F_169| () Bool
    true)
  (define-fun |memory_model::choice_rf_3_4_1_11_F_148| () Bool
    true)
  (define-fun |memory_model::choice_rf_1_21_0_11_F_34| () Bool
    false)
  (define-fun |memory_model::choice_rf_1_21_3_16_F_36| () Bool
    false)
  (define-fun |memory_model::choice_rf_0_57_2_13_F_69| () Bool
    true)
  (define-fun |x$w_buff1_used#9| () (_ BitVec 8)
    #x00)
  (define-fun |memory_model::choice_ws-ext_0_63_2_30_F_226| () Bool
    false)
  (define-fun |__unbuffered_cnt#7| () (_ BitVec 32)
    #x00000001)
  (define-fun |x$r_buff0_thd3#1$wclk$8| () Int
    (- 35))
  (define-fun |memory_model::choice_rf_1_4_2_12_F_73| () Bool
    true)
  (define-fun |x$w_buff1#10| () (_ BitVec 32)
    #x00000000)
  (define-fun |memory_model::choice_rf_0_60_2_31_F_99| () Bool
    true)
  (define-fun |memory_model::choice_ws-ext_0_64_2_15_F_209| () Bool
    false)
  (define-fun |memory_model::choice_rf_2_6_0_62_F_58| () Bool
    false)
  (define-fun |memory_model::choice_rf_1_5_2_16_F_138| () Bool
    true)
  (define-fun |__unbuffered_p0_EAX#4$wclk$8| () Int
    (- 9))
  (define-fun |memory_model::choice_rf_0_56_0_32_F_83| () Bool
    false)
  (define-fun |__unbuffered_p0_EAX#2| () (_ BitVec 32)
    #x00000002)
  (define-fun |__unbuffered_cnt#1$wclk$8| () Int
    (- 49))
  (define-fun |memory_model::choice_rf_2_26_3_14_F_25| () Bool
    true)
  (define-fun |memory_model::choice_rf_2_8_3_13_F_109| () Bool
    false)
  (define-fun |memory_model::choice_ws-ext_1_15_3_14_F_174| () Bool
    true)
  (define-fun |memory_model::choice_ws-ext_0_11_2_34_F_177| () Bool
    true)
  (define-fun |memory_model::choice_ws-ext_0_27_1_10_F_193| () Bool
    true)
  (define-fun |memory_model::choice_rf_3_17_2_36_T_8| () Bool
    false)
  (define-fun |memory_model::choice_rf_0_51_1_22_F_31| () Bool
    true)
  (define-fun |x$r_buff1_thd1#2| () (_ BitVec 8)
    #x00)
  (define-fun |memory_model::choice_rf_0_47_0_8_T_11| () Bool
    false)
  (define-fun |memory_model::choice_rf_0_55_3_11_F_135| () Bool
    false)
  (define-fun |memory_model::choice_ws-ext_0_24_2_29_F_189| () Bool
    true)
  (define-fun |memory_model::choice_rf_0_72_0_71_F_53| () Bool
    true)
  (define-fun |memory_model::choice_rf_2_26_1_15_F_24| () Bool
    false)
  (define-fun |x$w_buff0_used#11| () (_ BitVec 8)
    #x01)
  (define-fun |x$r_buff0_thd0#11| () (_ BitVec 8)
    #x00)
  (define-fun |memory_model::choice_rf_1_7_0_33_F_101| () Bool
    false)
  (define-fun |x$w_buff0_used#26| () (_ BitVec 8)
    #x01)
  (define-fun |memory_model::choice_ws-ext_0_65_3_14_F_172| () Bool
    false)
  (define-fun |pthread_create::1::this_thread_id!2@0#0| () (_ BitVec 32)
    #x00000000)
  (define-fun |memory_model::choice_rf_1_3_0_32_F_86| () Bool
    false)
  (define-fun |memory_model::choice_rf_1_7_2_15_F_103| () Bool
    true)
  (define-fun |memory_model::choice_rf_1_8_3_14_F_21| () Bool
    false)
  (define-fun |memory_model::choice_rf_0_55_1_11_F_132| () Bool
    false)
  (define-fun |memory_model::choice_rf_2_22_2_11_F_78| () Bool
    true)
  (define-fun |memory_model::choice_ws-ext_0_35_1_11_F_220| () Bool
    true)
  (define-fun |memory_model::choice_rf_3_4_0_35_F_146| () Bool
    false)
  (define-fun |main$tmp_guard1#5| () (_ BitVec 8)
    #x00)
  (define-fun |__unbuffered_p0_EAX#1$wclk$8| () Int
    (- 48))
  (define-fun |__unbuffered_p0_EBX#1$wclk$8| () Int
    (- 47))
  (define-fun |__CPROVER_threads_exited#6$rclk$8| () Int
    (- 5))
  (define-fun |weak$$choice2#1$wclk$8| () Int
    (- 42))
  (define-fun |x$read_delayed#1$wclk$8| () Int
    (- 30))
  (define-fun |memory_model::choice_rf_0_59_1_15_F_15| () Bool
    false)
  (define-fun |memory_model::choice_rf_1_3_2_17_F_87| () Bool
    true)
  (define-fun |memory_model::choice_ws-ext_2_32_3_14_F_175| () Bool
    false)
  (define-fun |memory_model::choice_rf_2_27_0_33_F_110| () Bool
    false)
  (define-fun |memory_model::choice_ws-ext_1_14_2_31_F_213| () Bool
    true)
  (define-fun |__CPROVER_threads_exited#7$wclk$8| () Int
    (- 1))
  (define-fun |main$tmp_guard1#3$rclk$8| () Int
    0)
  (define-fun t1$40$spwnclk$8 () Int
    (- 20))
  (define-fun |memory_model::choice_ws-ext_0_10_3_18_T_163| () Bool
    true)
  (define-fun |memory_model::choice_rf_2_33_3_16_F_39| () Bool
    true)
  (define-fun |memory_model::choice_rf_3_15_0_11_F_40| () Bool
    true)
  (define-fun |memory_model::choice_rf_2_4_3_10_F_66| () Bool
    false)
  (define-fun |goto_symex::&92;guard#2| () Bool
    false)
  (define-fun |x$r_buff1_thd3#1$wclk$8| () Int
    (- 31))
  (define-fun |__unbuffered_cnt#10$wclk$8| () Int
    (- 5))
  (define-fun |memory_model::choice_rf_2_22_0_28_F_77| () Bool
    false)
  (define-fun |memory_model::choice_rf_1_2_0_34_F_123| () Bool
    false)
  (define-fun |memory_model::choice_ws-ext_0_19_1_15_F_167| () Bool
    true)
  (define-fun array_of.0 () (Array (_ BitVec 32) Bool)
    ((as const (Array (_ BitVec 32) Bool)) false))
  (define-fun |main$tmp_guard0#2$wclk$8| () Int
    (- 3))
  (define-fun |memory_model::choice_rf_0_59_3_14_F_17| () Bool
    false)
  (define-fun |memory_model::choice_rf_2_3_0_23_F_60| () Bool
    true)
  (define-fun |memory_model::choice_ws-ext_0_65_2_32_F_171| () Bool
    false)
  (define-fun |memory_model::choice_ws-ext_1_24_3_18_T_165| () Bool
    true)
  (define-fun |memory_model::choice_rf_0_55_2_30_F_134| () Bool
    true)
  (define-fun |memory_model::choice_rf_3_9_0_64_F_116| () Bool
    false)
  (define-fun |memory_model::choice_rf_0_47_0_38_T_12| () Bool
    false)
  (define-fun |x#2| () (_ BitVec 32)
    #x00000001)
  (define-fun |memory_model::choice_rf_0_73_0_16_F_54| () Bool
    false)
  (define-fun |memory_model::choice_rf_0_68_0_13_F_45| () Bool
    false)
  (define-fun |memory_model::choice_rf_3_17_0_10_T_6| () Bool
    true)
  (define-fun |memory_model::choice_rf_0_56_2_17_F_85| () Bool
    false)
  (define-fun |memory_model::choice_rf_1_0_0_36_F_154| () Bool
    false)
  (define-fun |memory_model::choice_ws-ext_1_22_3_16_F_180| () Bool
    false)
  (define-fun |main$tmp_guard1#6$rclk$8| () Int
    2)
  (define-fun |memory_model::choice_rf_2_4_0_25_F_65| () Bool
    true)
  (define-fun |memory_model::choice_rf_2_27_1_14_F_112| () Bool
    false)
  (define-fun |memory_model::choice_rf_3_5_2_17_F_95| () Bool
    false)
  (define-fun |memory_model::choice_ws-ext_0_33_3_13_F_207| () Bool
    true)
  (define-fun |main$tmp_guard1#1$wclk$8| () Int
    (- 44))
  (define-fun |memory_model::choice_ws-ext_1_24_2_36_T_164| () Bool
    true)
  (define-fun |memory_model::choice_ws-ext_1_11_2_30_F_229| () Bool
    true)
  (define-fun |main::1::t1843!0@1#1$wclk$8| () Int
    (- 19))
  (define-fun |memory_model::choice_ws-ext_2_31_3_13_F_216| () Bool
    false)
  (define-fun |memory_model::choice_rf_2_9_0_32_F_88| () Bool
    true)
  (define-fun |memory_model::choice_rf_1_0_2_20_F_155| () Bool
    false)
  (define-fun |memory_model::choice_ws-ext_0_36_3_2_F_234| () Bool
    true)
  (define-fun |memory_model::choice_rf_2_27_2_15_F_113| () Bool
    false)
  (define-fun |x$w_buff1#7$wclk$8| () Int
    (- 13))
  (define-fun |main::1::t1842!0@1#2$wclk$8| () Int
    (- 21))
  (define-fun |memory_model::choice_rf_1_4_0_27_F_72| () Bool
    false)
  (define-fun |memory_model::choice_rf_1_23_3_18_T_2| () Bool
    false)
  (define-fun |memory_model::choice_rf_3_8_2_14_F_82| () Bool
    true)
  (define-fun |memory_model::choice_ws-ext_0_32_2_17_F_202| () Bool
    true)
  (define-fun |x$w_buff0#10| () (_ BitVec 32)
    #x00000001)
  (define-fun |memory_model::choice_rf_0_73_0_71_F_55| () Bool
    true)
  (define-fun |__unbuffered_p2_EAX#2| () (_ BitVec 32)
    #x00000001)
  (define-fun |y#8$wclk$8| () Int
    (- 12))
  (define-fun |memory_model::choice_ws-ext_0_63_2_16_F_225| () Bool
    false)
  (define-fun |main$tmp_guard1#4$wclk$8| () Int
    0)
  (define-fun |memory_model::choice_ws-ext_0_33_2_15_F_205| () Bool
    true)
  (define-fun |memory_model::choice_rf_0_60_3_13_F_100| () Bool
    false)
  (define-fun |memory_model::choice_ws-ext_0_35_2_16_F_221| () Bool
    true)
  (define-fun |main$tmp_guard0#3| () (_ BitVec 8)
    #x01)
  (define-fun |memory_model::choice_rf_3_7_1_15_F_28| () Bool
    true)
  (define-fun |memory_model::choice_rf_0_67_3_1_F_48| () Bool
    true)
  (define-fun |memory_model::choice_rf_1_5_0_63_F_137| () Bool
    false)
  (define-fun |memory_model::choice_rf_0_70_3_2_F_153| () Bool
    true)
  (define-fun |x#13$wclk$8| () Int
    (- 6))
  (define-fun |x$r_buff1_thd0#2| () (_ BitVec 8)
    #x00)
  (define-fun |x$r_buff0_thd0#1$wclk$8| () Int
    (- 38))
  (define-fun |y#11$wclk$8| () Int
    (- 10))
  (define-fun |y#7| () (_ BitVec 32)
    #x00000000)
  (define-fun |main::1::t1843!0@1#2$wclk$8| () Int
    (- 17))
  (define-fun |__CPROVER_threads_exited#5$wclk$8| () Int
    1)
  (define-fun |memory_model::choice_rf_3_3_0_34_F_128| () Bool
    false)
  (define-fun |memory_model::choice_ws-ext_0_34_1_12_F_217| () Bool
    true)
  (define-fun |x$r_buff1_thd3#5| () (_ BitVec 8)
    #x00)
  (define-fun |memory_model::choice_rf_1_5_3_11_F_140| () Bool
    false)
  (define-fun |__CPROVER_next_thread_id#3| () (_ BitVec 32)
    #x00000001)
  (define-fun |memory_model::choice_rf_2_3_1_17_F_61| () Bool
    false)
  (define-fun |weak$$choice0#1$wclk$8| () Int
    (- 43))
  (define-fun |memory_model::choice_ws-ext_1_14_2_15_F_212| () Bool
    false)
  (define-fun |memory_model::choice_rf_0_54_2_18_F_122| () Bool
    false)
  (define-fun |__CPROVER_next_thread_id#8$wclk$8| () Int
    (- 14))
  (define-fun |memory_model::choice_ws-ext_0_35_3_11_F_223| () Bool
    true)
  (define-fun |memory_model::choice_ws-ext_0_29_2_14_F_198| () Bool
    true)
  (define-fun |memory_model::choice_rf_2_33_0_11_F_37| () Bool
    false)
  (define-fun |memory_model::choice_rf_1_8_2_32_F_20| () Bool
    false)
  (define-fun |memory_model::choice_rf_3_0_0_36_F_159| () Bool
    false)
  (define-fun |__CPROVER_threads_exited#4$rclk$8| () Int
    0)
  (define-fun |memory_model::choice_ws-ext_0_64_1_14_F_208| () Bool
    false)
  (define-fun |memory_model::choice_rf_0_51_3_16_F_33| () Bool
    false)
  (define-fun |memory_model::choice_ws-ext_0_11_1_22_F_176| () Bool
    true)
  (define-fun |memory_model::choice_rf_2_21_2_18_F_127| () Bool
    false)
  (define-fun |memory_model::choice_ws-ext_1_11_3_11_F_230| () Bool
    true)
  (define-fun |memory_model::choice_ws-ext_2_16_3_11_F_231| () Bool
    true)
  (define-fun |weak$$choice0#2$wclk$8| () Int
    (- 8))
  (define-fun |x$r_buff0_thd1#5| () (_ BitVec 8)
    #x00)
  (define-fun |memory_model::choice_rf_0_53_0_52_F_50| () Bool
    true)
  (define-fun |memory_model::choice_rf_1_23_2_36_T_1| () Bool
    false)
  (define-fun |memory_model::choice_ws-ext_0_12_1_1_F_182| () Bool
    true)
  (define-fun |y#1$wclk$8| () Int
    (- 24))
  (define-fun |main$tmp_guard1#6| () (_ BitVec 8)
    #x00)
  (define-fun |x$r_buff1_thd0#1$wclk$8| () Int
    (- 34))
  (define-fun |memory_model::choice_ws-ext_0_10_2_36_T_162| () Bool
    true)
  (define-fun |memory_model::choice_rf_0_70_2_20_F_152| () Bool
    false)
  (define-fun |__CPROVER_pipe_count#1$wclk$8| () Int
    (- 51))
  (define-fun |__CPROVER_next_thread_id#1$wclk$8| () Int
    (- 52))
  (define-fun |__CPROVER_memory_leak#1$wclk$8| () Int
    (- 53))
  (define-fun |__CPROVER_malloc_size#1$wclk$8| () Int
    (- 54))
  (define-fun |__CPROVER_malloc_object#1$wclk$8| () Int
    (- 55))
  (define-fun |__CPROVER_malloc_is_new_array#1$wclk$8| () Int
    (- 56))
  (define-fun |__CPROVER_deallocated#1$wclk$8| () Int
    (- 57))
  (define-fun |__CPROVER_dead_object#1$wclk$8| () Int
    (- 58))
  (define-fun |main::1::t1844!0@1$wclk$8| () Int
    (- 59))
  (define-fun |main::1::t1843!0@1$wclk$8| () Int
    (- 60))
  (define-fun |memory_model::choice_rf_2_19_3_2_F_158| () Bool
    false)
  (define-fun |memory_model::choice_rf_2_19_0_36_F_157| () Bool
    true)
  (define-fun |memory_model::choice_rf_2_7_3_12_F_80| () Bool
    false)
  (define-fun |memory_model::choice_rf_2_7_0_29_F_79| () Bool
    false)
  (define-fun |x$r_buff1_thd2#3| () (_ BitVec 8)
    #xff)
  (define-fun |memory_model::choice_rf_2_0_0_28_F_76| () Bool
    false)
  (define-fun |memory_model::choice_rf_2_1_1_10_F_75| () Bool
    false)
  (define-fun |memory_model::choice_rf_2_1_0_27_F_74| () Bool
    false)
  (define-fun |memory_model::choice_rf_2_5_0_61_F_71| () Bool
    false)
  (define-fun |memory_model::choice_rf_2_5_0_26_F_70| () Bool
    false)
  (define-fun |main$tmp_guard1#3| () (_ BitVec 8)
    #xff)
  (define-fun |memory_model::choice_rf_0_66_0_16_F_51| () Bool
    false)
  (define-fun |x$r_buff0_thd0#2| () (_ BitVec 8)
    #x00)
  (define-fun |__unbuffered_cnt#11$rclk$8| () Int
    (- 6))
  (define-fun |x$w_buff1#10$rclk$8| () Int
    (- 7))
  (define-fun |x$w_buff1_used#20$rclk$8| () Int
    (- 7))
  (define-fun |x$w_buff0#12$rclk$8| () Int
    (- 7))
  (define-fun |x$r_buff0_thd3#4$rclk$8| () Int
    (- 7))
  (define-fun |x#14$rclk$8| () Int
    (- 7))
  (define-fun |x$r_buff1_thd3#5$rclk$8| () Int
    (- 7))
  (define-fun |x$w_buff0_used#26$rclk$8| () Int
    (- 7))
  (define-fun |x$r_buff0_thd3#6$wclk$8| () Int
    (- 7))
  (define-fun |x$w_buff1_used#22$wclk$8| () Int
    (- 7))
  (define-fun |x$r_buff1_thd3#7$wclk$8| () Int
    (- 7))
  (define-fun |x$w_buff0_used#28$wclk$8| () Int
    (- 7))
  (define-fun |y#9$rclk$8| () Int
    (- 11))
  (define-fun |__unbuffered_cnt#7$rclk$8| () Int
    (- 5))
  (define-fun |x$w_buff1#8$rclk$8| () Int
    (- 6))
  (define-fun |x$r_buff1_thd2#5$rclk$8| () Int
    (- 6))
  (define-fun |x$w_buff1_used#13$rclk$8| () Int
    (- 6))
  (define-fun |x$w_buff0#10$rclk$8| () Int
    (- 6))
  (define-fun |x$r_buff0_thd2#6$rclk$8| () Int
    (- 6))
  (define-fun |x#10$rclk$8| () Int
    (- 6))
  (define-fun |x$w_buff0_used#17$rclk$8| () Int
    (- 6))
  (define-fun |x$r_buff1_thd2#11$wclk$8| () Int
    (- 6))
  (define-fun |x$r_buff0_thd2#14$wclk$8| () Int
    (- 6))
  (define-fun |x$w_buff1_used#19$wclk$8| () Int
    (- 6))
  (define-fun |x$w_buff0_used#25$wclk$8| () Int
    (- 6))
  (define-fun |y#7$rclk$8| () Int
    (- 12))
  (define-fun |x$r_buff1_thd2#3$rclk$8| () Int
    (- 13))
  (define-fun |x$r_buff1_thd1#6$rclk$8| () Int
    (- 13))
  (define-fun |x$r_buff0_thd2#2$rclk$8| () Int
    (- 13))
  (define-fun |x$r_buff0_thd1#5$rclk$8| () Int
    (- 13))
  (define-fun |x$r_buff0_thd3#2$rclk$8| () Int
    (- 13))
  (define-fun |x$r_buff1_thd0#10$rclk$8| () Int
    (- 13))
  (define-fun |x$r_buff0_thd0#11$rclk$8| () Int
    (- 13))
  (define-fun |x$r_buff1_thd3#3$rclk$8| () Int
    (- 13))
  (define-fun |x$w_buff0_used#14$rclk$8| () Int
    (- 13))
  (define-fun |x$w_buff0#7$rclk$8| () Int
    (- 13))
  (define-fun |x$r_buff0_thd2#5$wclk$8| () Int
    (- 13))
  (define-fun |x$r_buff1_thd2#4$wclk$8| () Int
    (- 13))
  (define-fun |x$r_buff1_thd1#7$wclk$8| () Int
    (- 13))
  (define-fun |x$r_buff1_thd0#11$wclk$8| () Int
    (- 13))
  (define-fun |x$r_buff1_thd3#4$wclk$8| () Int
    (- 13))
  (define-fun |x$w_buff0_used#16$wclk$8| () Int
    (- 13))
  (define-fun |x$w_buff1_used#12$wclk$8| () Int
    (- 13))
  (define-fun |x$w_buff0#9$wclk$8| () Int
    (- 13))
  (define-fun |__unbuffered_cnt#4$rclk$8| () Int
    (- 4))
  (define-fun |x$w_buff1#4$rclk$8| () Int
    (- 8))
  (define-fun |x$w_buff0#4$rclk$8| () Int
    (- 8))
  (define-fun |x$r_buff1_thd1#2$rclk$8| () Int
    (- 8))
  (define-fun |x$w_buff1_used#9$rclk$8| () Int
    (- 8))
  (define-fun |x$r_buff0_thd1#2$rclk$8| () Int
    (- 8))
  (define-fun |x$w_buff0_used#11$rclk$8| () Int
    (- 8))
  (define-fun |x#6$rclk$8| () Int
    (- 8))
  (define-fun |__unbuffered_p0_EBX#4$wclk$8| () Int
    (- 8))
  (define-fun |x$r_buff1_thd1#4$wclk$8| () Int
    (- 8))
  (define-fun |x$w_buff1_used#11$wclk$8| () Int
    (- 8))
  (define-fun |x$w_buff1#6$wclk$8| () Int
    (- 8))
  (define-fun |x$w_buff0#6$wclk$8| () Int
    (- 8))
  (define-fun |x$w_buff0_used#13$wclk$8| () Int
    (- 8))
  (define-fun |x#9$wclk$8| () Int
    (- 8))
  (define-fun |x$mem_tmp#2$wclk$8| () Int
    (- 8))
  (define-fun |x$r_buff0_thd1#4$wclk$8| () Int
    (- 8))
  (define-fun |x$flush_delayed#3$wclk$8| () Int
    (- 8))
  (define-fun |weak$$choice2#2$wclk$8| () Int
    (- 8))
  (define-fun |y#4$rclk$8| () Int
    (- 9))
  (define-fun |__unbuffered_p2_EAX#2$rclk$8| () Int
    0)
  (define-fun |__unbuffered_p0_EBX#2$rclk$8| () Int
    0)
  (define-fun |__unbuffered_p0_EAX#2$rclk$8| () Int
    0)
  (define-fun |y#2$rclk$8| () Int
    0)
  (define-fun |x$w_buff1#2$rclk$8| () Int
    (- 1))
  (define-fun |x$w_buff1_used#2$rclk$8| () Int
    (- 1))
  (define-fun |x$w_buff0#2$rclk$8| () Int
    (- 1))
  (define-fun |x$r_buff1_thd0#2$rclk$8| () Int
    (- 1))
  (define-fun |x$r_buff0_thd0#2$rclk$8| () Int
    (- 1))
  (define-fun |x#2$rclk$8| () Int
    (- 1))
  (define-fun |x$w_buff0_used#2$rclk$8| () Int
    (- 1))
  (define-fun |x$r_buff1_thd0#8$wclk$8| () Int
    (- 1))
  (define-fun |x$r_buff0_thd0#10$wclk$8| () Int
    (- 1))
  (define-fun |x$w_buff1_used#8$wclk$8| () Int
    (- 1))
  (define-fun |x$w_buff0_used#10$wclk$8| () Int
    (- 1))
  (define-fun |__unbuffered_cnt#2$rclk$8| () Int
    (- 3))
  (define-fun |__CPROVER_next_thread_id#6$rclk$8| () Int
    (- 14))
  (define-fun |__CPROVER_next_thread_id#3$rclk$8| () Int
    (- 18))
  (define-fun |memory_model::choice_rf_3_6_0_25_F_67| () Bool
    true)
  (define-fun |x$r_buff0_thd3#4| () (_ BitVec 8)
    #x00)
  (define-fun |memory_model::choice_rf_1_6_0_23_F_59| () Bool
    true)
  (define-fun |x$r_buff0_thd1#2| () (_ BitVec 8)
    #x00)
  (define-fun |__unbuffered_cnt#9| () (_ BitVec 32)
    #x00000002)
  (define-fun |x$r_buff1_thd2#10| () (_ BitVec 8)
    #x00)
  (define-fun |x$r_buff0_thd2#12| () (_ BitVec 8)
    #x01)
  (define-fun |x$w_buff1_used#17| () (_ BitVec 8)
    #x00)
  (define-fun |x$w_buff0_used#21| () (_ BitVec 8)
    #x00)
  (define-fun |x#12| () (_ BitVec 32)
    #x00000001)
  (define-fun |y#6| () (_ BitVec 32)
    #x00000001)
  (define-fun |x$r_buff0_thd2#4| () (_ BitVec 8)
    #x01)
  (define-fun |x$r_buff1_thd3#2| () (_ BitVec 8)
    #x00)
  (define-fun |x$r_buff1_thd2#2| () (_ BitVec 8)
    #x00)
  (define-fun |x$r_buff1_thd1#5| () (_ BitVec 8)
    #x00)
  (define-fun |x$r_buff1_thd0#9| () (_ BitVec 8)
    #x00)
  (define-fun |x$r_buff1_thd0#7| () (_ BitVec 8)
    #x00)
  (define-fun |x$r_buff0_thd0#8| () (_ BitVec 8)
    #x00)
  (define-fun |x$w_buff1_used#6| () (_ BitVec 8)
    #x00)
  (define-fun |x$w_buff0_used#6| () (_ BitVec 8)
    #x00)
  (define-fun |x#4| () (_ BitVec 32)
    #x00000001)
  (define-fun |main::1::t1842!0@1#1| () (_ BitVec 32)
    #x00000000)
  (define-fun |pthread_create::1::this_thread_id!0@1#1| () (_ BitVec 32)
    #x00000000)
  (define-fun |main::1::t1843!0@1#1| () (_ BitVec 32)
    #x00000000)
  (define-fun |pthread_create::1::this_thread_id!0@2#1| () (_ BitVec 32)
    #x00000000)
  (define-fun |main::1::t1844!0@1#1| () (_ BitVec 32)
    #x00000000)
  (define-fun |pthread_create::1::this_thread_id!0@3#1| () (_ BitVec 32)
    #x00000000)
  (define-fun |P0::$tmp::return_value___VERIFIER_nondet_pointer$1!1@1#1| () (_ BitVec 32)
    #x00000000)
  (define-fun |P1::$tmp::return_value___VERIFIER_nondet_pointer$1!2@1#1| () (_ BitVec 32)
    #x00000000)
  (define-fun |P2::$tmp::return_value___VERIFIER_nondet_pointer$1!3@1#1| () (_ BitVec 32)
    #x00000000)
  (define-fun |nondet_symex::nondet2| () (_ BitVec 32)
    #x00000000)
  (define-fun |nondet_symex::nondet3| () (_ BitVec 32)
    #x00000000)
  (define-fun |nondet_symex::nondet4| () (_ BitVec 32)
    #x00000000)
  (define-fun |main::1::t1842!0@1| () (_ BitVec 32)
    #x00000000)
  (define-fun |main::1::t1843!0@1| () (_ BitVec 32)
    #x00000000)
  (define-fun |main::1::t1844!0@1| () (_ BitVec 32)
    #x00000000)
  (define-fun |nondet_symex::nondet0| () Bool
    false)
  (define-fun |x$r_buff1_thd0#10| () (_ BitVec 8)
    #x00)
  (define-fun |x$r_buff1_thd1#6| () (_ BitVec 8)
    #x00)
  (define-fun |x$r_buff1_thd3#3| () (_ BitVec 8)
    #x00)
)
(:added-eqs               1791
 :arith-add-rows          5246
 :arith-assert-lower      235
 :arith-assert-upper      203
 :arith-bound-prop        233
 :arith-conflicts         2
 :arith-eq-adapter        1
 :arith-offset-eqs        1
 :arith-pivots            166
 :array-ax1               3
 :array-ax2               2
 :array-def-store         3
 :binary-propagations     3022
 :bv-bit2core             6168
 :bv-diseqs               4
 :bv-dynamic-diseqs       62
 :bv->core-eq             26
 :conflicts               56
 :decisions               453
 :del-clause              643
 :eliminated-applications 34
 :eliminated-vars         103
 :final-checks            2
 :max-memory              6.79
 :memory                  4.49
 :minimized-lits          79
 :mk-bool-var             2503
 :mk-clause               1540
 :num-allocs              6827144
 :num-checks              1
 :propagations            4734
 :rlimit-count            507709
 :time                    0.03
 :total-time              0.05)

real	0m0.053s
user	0m0.042s
sys	0m0.010s
State: AC Run_time: 0.05447053909301758