num of guard = 4
num of elim = 11
num of guard = 4
num of elim = 0
unsat
(error "line 1732 column 17: model is not available")
(error "line 1733 column 17: model is not available")
(error "line 1734 column 18: model is not available")
(error "line 1735 column 18: model is not available")
(error "line 1736 column 18: model is not available")
(error "line 1737 column 18: model is not available")
(error "line 1738 column 18: model is not available")
(error "line 1739 column 18: model is not available")
(error "line 1740 column 18: model is not available")
(error "line 1741 column 18: model is not available")
(error "line 1742 column 18: model is not available")
(error "line 1743 column 18: model is not available")
(error "line 1744 column 17: model is not available")
(error "line 1745 column 18: model is not available")
(error "line 1746 column 18: model is not available")
(error "line 1747 column 18: model is not available")
(error "line 1748 column 18: model is not available")
(error "line 1749 column 18: model is not available")
(error "line 1750 column 18: model is not available")
(error "line 1751 column 18: model is not available")
(error "line 1752 column 18: model is not available")
(error "line 1753 column 18: model is not available")
(error "line 1754 column 18: model is not available")
(error "line 1755 column 17: model is not available")
(error "line 1756 column 18: model is not available")
(error "line 1757 column 18: model is not available")
(error "line 1758 column 18: model is not available")
(error "line 1759 column 18: model is not available")
(error "line 1760 column 18: model is not available")
(error "line 1761 column 18: model is not available")
(error "line 1762 column 18: model is not available")
(error "line 1763 column 17: model is not available")
(error "line 1764 column 17: model is not available")
(error "line 1765 column 17: model is not available")
(error "line 1766 column 17: model is not available")
(error "line 1767 column 17: model is not available")
(error "line 1768 column 17: model is not available")
(error "line 1769 column 34: model is not available")
(error "line 1770 column 34: model is not available")
(error "line 1771 column 34: model is not available")
(error "line 1772 column 34: model is not available")
(error "line 1773 column 71: model is not available")
(error "line 1774 column 71: model is not available")
(error "line 1775 column 28: model is not available")
(error "line 1776 column 34: model is not available")
(error "line 1777 column 34: model is not available")
(error "line 1778 column 34: model is not available")
(error "line 1779 column 34: model is not available")
(error "line 1780 column 71: model is not available")
(error "line 1781 column 71: model is not available")
(error "line 1782 column 28: model is not available")
(error "line 1783 column 34: model is not available")
(error "line 1784 column 34: model is not available")
(error "line 1785 column 34: model is not available")
(error "line 1786 column 34: model is not available")
(error "line 1787 column 71: model is not available")
(error "line 1788 column 71: model is not available")
(error "line 1789 column 28: model is not available")
(error "line 1790 column 38: model is not available")
(error "line 1791 column 45: model is not available")
(error "line 1792 column 38: model is not available")
(error "line 1793 column 45: model is not available")
(error "line 1794 column 46: model is not available")
(error "line 1795 column 53: model is not available")
(error "line 1796 column 40: model is not available")
(error "line 1797 column 47: model is not available")
(error "line 1798 column 38: model is not available")
(error "line 1799 column 45: model is not available")
(error "line 1800 column 38: model is not available")
(error "line 1801 column 45: model is not available")
(error "line 1802 column 41: model is not available")
(error "line 1803 column 48: model is not available")
(error "line 1804 column 41: model is not available")
(error "line 1805 column 48: model is not available")
(error "line 1806 column 41: model is not available")
(error "line 1807 column 48: model is not available")
(error "line 1808 column 41: model is not available")
(error "line 1809 column 41: model is not available")
(error "line 1810 column 48: model is not available")
(error "line 1811 column 41: model is not available")
(error "line 1812 column 48: model is not available")
(error "line 1813 column 41: model is not available")
(error "line 1814 column 41: model is not available")
(error "line 1815 column 48: model is not available")
(error "line 1816 column 37: model is not available")
(error "line 1817 column 44: model is not available")
(error "line 1818 column 42: model is not available")
(error "line 1819 column 42: model is not available")
(error "line 1820 column 42: model is not available")
(error "line 1821 column 42: model is not available")
(error "line 1822 column 38: model is not available")
(error "line 1823 column 38: model is not available")
(error "line 1824 column 38: model is not available")
(error "line 1825 column 38: model is not available")
(error "line 1826 column 38: model is not available")
(error "line 1827 column 38: model is not available")
(error "line 1828 column 38: model is not available")
(error "line 1829 column 41: model is not available")
(error "line 1830 column 48: model is not available")
(error "line 1831 column 41: model is not available")
(error "line 1832 column 48: model is not available")
(error "line 1833 column 41: model is not available")
(error "line 1834 column 48: model is not available")
(error "line 1835 column 41: model is not available")
(error "line 1836 column 48: model is not available")
(error "line 1837 column 41: model is not available")
(error "line 1838 column 48: model is not available")
(error "line 1839 column 41: model is not available")
(error "line 1840 column 48: model is not available")
(error "line 1841 column 41: model is not available")
(error "line 1842 column 48: model is not available")
(error "line 1843 column 50: model is not available")
(error "line 1844 column 57: model is not available")
(error "line 1845 column 57: model is not available")
(error "line 1846 column 57: model is not available")
(error "line 1847 column 33: model is not available")
(error "line 1848 column 40: model is not available")
(error "line 1849 column 34: model is not available")
(error "line 1850 column 41: model is not available")
(error "line 1851 column 34: model is not available")
(error "line 1852 column 34: model is not available")
(error "line 1853 column 41: model is not available")
(error "line 1854 column 33: model is not available")
(error "line 1855 column 40: model is not available")
(error "line 1856 column 33: model is not available")
(error "line 1857 column 33: model is not available")
(error "line 1858 column 40: model is not available")
(error "line 1859 column 33: model is not available")
(error "line 1860 column 33: model is not available")
(error "line 1861 column 40: model is not available")
(error "line 1862 column 33: model is not available")
(error "line 1863 column 40: model is not available")
(error "line 1864 column 33: model is not available")
(error "line 1865 column 33: model is not available")
(error "line 1866 column 40: model is not available")
(error "line 1867 column 36: model is not available")
(error "line 1868 column 43: model is not available")
(error "line 1869 column 36: model is not available")
(error "line 1870 column 43: model is not available")
(error "line 1871 column 36: model is not available")
(error "line 1872 column 36: model is not available")
(error "line 1873 column 43: model is not available")
(error "line 1874 column 36: model is not available")
(error "line 1875 column 43: model is not available")
(error "line 1876 column 36: model is not available")
(error "line 1877 column 43: model is not available")
(error "line 1878 column 36: model is not available")
(error "line 1879 column 36: model is not available")
(error "line 1880 column 43: model is not available")
(error "line 1881 column 38: model is not available")
(error "line 1882 column 36: model is not available")
(error "line 1883 column 36: model is not available")
(error "line 1884 column 36: model is not available")
(error "line 1885 column 36: model is not available")
(error "line 1886 column 32: model is not available")
(error "line 1887 column 39: model is not available")
(error "line 1888 column 32: model is not available")
(error "line 1889 column 39: model is not available")
(error "line 1890 column 32: model is not available")
(error "line 1891 column 39: model is not available")
(error "line 1892 column 32: model is not available")
(error "line 1893 column 39: model is not available")
(error "line 1894 column 32: model is not available")
(error "line 1895 column 32: model is not available")
(error "line 1896 column 39: model is not available")
(error "line 1897 column 32: model is not available")
(error "line 1898 column 39: model is not available")
(error "line 1899 column 32: model is not available")
(error "line 1900 column 39: model is not available")
(error "line 1901 column 32: model is not available")
(error "line 1902 column 39: model is not available")
(error "line 1903 column 33: model is not available")
(error "line 1904 column 35: model is not available")
(error "line 1905 column 42: model is not available")
(error "line 1906 column 35: model is not available")
(error "line 1907 column 42: model is not available")
(error "line 1908 column 33: model is not available")
(error "line 1909 column 35: model is not available")
(error "line 1910 column 42: model is not available")
(error "line 1911 column 35: model is not available")
(error "line 1912 column 42: model is not available")
(error "line 1913 column 40: model is not available")
(error "line 1914 column 33: model is not available")
(error "line 1915 column 35: model is not available")
(error "line 1916 column 42: model is not available")
(error "line 1917 column 35: model is not available")
(error "line 1918 column 42: model is not available")
(error "line 1919 column 40: model is not available")
(error "line 1920 column 53: model is not available")
(error "line 1921 column 51: model is not available")
(error "line 1922 column 53: model is not available")
(error "line 1923 column 53: model is not available")
(error "line 1924 column 52: model is not available")
(error "line 1925 column 53: model is not available")
(error "line 1926 column 52: model is not available")
(error "line 1927 column 52: model is not available")
(error "line 1928 column 52: model is not available")
(error "line 1929 column 53: model is not available")
(error "line 1930 column 53: model is not available")
(error "line 1931 column 53: model is not available")
(error "line 1932 column 53: model is not available")
(error "line 1933 column 52: model is not available")
(error "line 1934 column 53: model is not available")
(error "line 1935 column 52: model is not available")
(error "line 1936 column 53: model is not available")
(error "line 1937 column 52: model is not available")
(error "line 1938 column 52: model is not available")
(error "line 1939 column 53: model is not available")
(error "line 1940 column 53: model is not available")
(error "line 1941 column 53: model is not available")
(error "line 1942 column 53: model is not available")
(error "line 1943 column 52: model is not available")
(error "line 1944 column 51: model is not available")
(error "line 1945 column 51: model is not available")
(error "line 1946 column 51: model is not available")
(error "line 1947 column 50: model is not available")
(error "line 1948 column 50: model is not available")
(error "line 1949 column 52: model is not available")
(error "line 1950 column 51: model is not available")
(error "line 1951 column 51: model is not available")
(error "line 1952 column 51: model is not available")
(error "line 1953 column 50: model is not available")
(error "line 1954 column 50: model is not available")
(error "line 1955 column 52: model is not available")
(error "line 1956 column 51: model is not available")
(error "line 1957 column 52: model is not available")
(error "line 1958 column 51: model is not available")
(error "line 1959 column 52: model is not available")
(error "line 1960 column 51: model is not available")
(error "line 1961 column 51: model is not available")
(error "line 1962 column 51: model is not available")
(error "line 1963 column 50: model is not available")
(error "line 1964 column 50: model is not available")
(error "line 1965 column 56: model is not available")
(error "line 1966 column 56: model is not available")
(error "line 1967 column 56: model is not available")
(error "line 1968 column 56: model is not available")
(error "line 1969 column 56: model is not available")
(error "line 1970 column 56: model is not available")
(error "line 1971 column 56: model is not available")
(error "line 1972 column 56: model is not available")
(error "line 1973 column 56: model is not available")
(error "line 1974 column 56: model is not available")
(error "line 1975 column 56: model is not available")
(error "line 1976 column 56: model is not available")
(error "line 1977 column 55: model is not available")
(error "line 1978 column 55: model is not available")
(error "line 1979 column 55: model is not available")
(error "line 1980 column 55: model is not available")
(error "line 1981 column 55: model is not available")
(error "line 1982 column 55: model is not available")
(error "line 1983 column 55: model is not available")
(error "line 1984 column 36: model is not available")
(error "line 1985 column 36: model is not available")
(error "line 1986 column 36: model is not available")
(error "line 1987 column 46: model is not available")
(error "line 1988 column 46: model is not available")
(error "line 1989 column 46: model is not available")
(error "line 1990 column 46: model is not available")
(error "line 1991 column 46: model is not available")
(error "line 1992 column 46: model is not available")
(error "line 1993 column 54: model is not available")
(error "line 1994 column 54: model is not available")
(error "line 1995 column 54: model is not available")
(error "line 1996 column 54: model is not available")
(error "line 1997 column 54: model is not available")
(error "line 1998 column 54: model is not available")
(error "line 1999 column 54: model is not available")
(error "line 2000 column 54: model is not available")
(error "line 2001 column 54: model is not available")
(error "line 2002 column 40: model is not available")
(error "line 2003 column 40: model is not available")
(error "line 2004 column 40: model is not available")
(error "line 2005 column 40: model is not available")
(error "line 2006 column 40: model is not available")
(error "line 2007 column 40: model is not available")
(error "line 2008 column 41: model is not available")
(error "line 2009 column 41: model is not available")
(error "line 2010 column 41: model is not available")
(error "line 2011 column 41: model is not available")
(error "line 2012 column 41: model is not available")
(error "line 2013 column 41: model is not available")
(error "line 2014 column 50: model is not available")
(error "line 2015 column 50: model is not available")
(error "line 2016 column 50: model is not available")
(error "line 2017 column 50: model is not available")
(error "line 2018 column 50: model is not available")
(error "line 2019 column 50: model is not available")
(error "line 2020 column 43: model is not available")
(error "line 2021 column 43: model is not available")
(error "line 2022 column 43: model is not available")
(error "line 2023 column 43: model is not available")
(error "line 2024 column 43: model is not available")
(error "line 2025 column 43: model is not available")
(error "line 2026 column 26: model is not available")
(error "line 2027 column 30: model is not available")
(error "line 2028 column 30: model is not available")
(error "line 2029 column 30: model is not available")
(error "line 2030 column 18: model is not available")
(error "line 2031 column 25: model is not available")
(error "line 2032 column 18: model is not available")
(error "line 2033 column 25: model is not available")
(error "line 2034 column 18: model is not available")
(error "line 2035 column 18: model is not available")
(error "line 2036 column 25: model is not available")
(error "line 2037 column 18: model is not available")
(error "line 2038 column 25: model is not available")
(error "line 2039 column 18: model is not available")
(error "line 2040 column 25: model is not available")
(error "line 2041 column 18: model is not available")
(error "line 2042 column 25: model is not available")
(error "line 2043 column 18: model is not available")
(error "line 2044 column 25: model is not available")
(error "line 2045 column 18: model is not available")
(error "line 2046 column 18: model is not available")
(error "line 2047 column 25: model is not available")
(error "line 2048 column 18: model is not available")
(error "line 2049 column 25: model is not available")
(error "line 2050 column 18: model is not available")
(error "line 2051 column 25: model is not available")
(error "line 2052 column 18: model is not available")
(error "line 2054 column 10: model is not available")
(:added-eqs               454
 :arith-add-rows          2017
 :arith-assert-lower      92
 :arith-assert-upper      104
 :arith-bound-prop        101
 :arith-conflicts         4
 :arith-eq-adapter        1
 :arith-offset-eqs        1
 :arith-pivots            89
 :array-ax1               3
 :binary-propagations     1494
 :bv-bit2core             2256
 :bv-diseqs               4
 :bv-dynamic-diseqs       3
 :bv->core-eq             57
 :conflicts               35
 :decisions               160
 :del-clause              201
 :eliminated-applications 24
 :eliminated-vars         14
 :max-memory              4.81
 :memory                  3.59
 :minimized-lits          141
 :mk-bool-var             1028
 :mk-clause               768
 :num-allocs              2466514
 :num-checks              1
 :propagations            2872
 :rlimit-count            139280
 :time                    0.01
 :total-time              0.02)

real	0m0.023s
user	0m0.020s
sys	0m0.003s
State: RE Run_time: 0.025164127349853516