sat
((|B0| true))
((|B1| true))
((|B10| true))
((|B100| true))
((|B101| true))
((|B102| true))
((|B103| true))
((|B104| true))
((|B105| true))
((|B106| true))
((|B107| true))
((|B108| true))
((|B109| false))
((|B11| true))
((|B110| false))
((|B111| false))
((|B12| true))
((|B13| true))
((|B14| true))
((|B15| true))
((|B16| true))
((|B17| true))
((|B18| true))
((|B19| true))
((|B2| true))
((|B20| true))
((|B21| true))
((|B22| true))
((|B23| true))
((|B24| true))
((|B25| true))
((|B26| true))
((|B27| true))
((|B28| true))
((|B29| true))
((|B3| true))
((|B30| true))
((|B31| true))
((|B32| true))
((|B33| true))
((|B34| true))
((|B35| true))
((|B36| true))
((|B37| true))
((|B38| true))
((|B39| true))
((|B4| true))
((|B40| true))
((|B41| true))
((|B42| true))
((|B43| true))
((|B44| true))
((|B45| true))
((|B46| true))
((|B47| true))
((|B48| true))
((|B49| true))
((|B5| true))
((|B50| true))
((|B51| true))
((|B52| true))
((|B53| true))
((|B54| true))
((|B55| true))
((|B56| true))
((|B57| true))
((|B58| true))
((|B59| false))
((|B6| true))
((|B60| false))
((|B61| true))
((|B62| true))
((|B63| false))
((|B64| false))
((|B65| true))
((|B66| true))
((|B67| true))
((|B68| true))
((|B69| true))
((|B7| true))
((|B70| true))
((|B71| true))
((|B72| true))
((|B73| true))
((|B74| true))
((|B75| true))
((|B76| false))
((|B77| false))
((|B78| true))
((|B79| true))
((|B8| true))
((|B80| false))
((|B81| true))
((|B82| true))
((|B83| true))
((|B84| true))
((|B85| true))
((|B86| true))
((|B87| true))
((|B88| true))
((|B89| true))
((|B9| true))
((|B90| true))
((|B91| true))
((|B92| false))
((|B93| false))
((|B94| false))
((|B95| false))
((|B96| false))
((|B97| false))
((|B98| true))
((|B99| true))
((|P0#return_value!1#1| #x00000000))
((|P0#return_value!1#2| #x00000000))
((|P0#return_value!2#1| #x00000000))
((|P0#return_value!3#1| #x00000000))
((|P0::$tmp::return_value___VERIFIER_nondet_pointer$1!1@1#1| #x00000000))
((|P0::$tmp::return_value___VERIFIER_nondet_pointer$1!1@1#2| #x00000000))
((|P0::arg!1@1#1| #x00000000))
((|P1#return_value!1#1| #x00000000))
((|P1#return_value!2#1| #x00000000))
((|P1#return_value!2#2| #x00000000))
((|P1#return_value!3#1| #x00000000))
((|P1::$tmp::return_value___VERIFIER_nondet_pointer$1!2@1#1| #x00000000))
((|P1::$tmp::return_value___VERIFIER_nondet_pointer$1!2@1#2| #x00000000))
((|P1::arg!2@1#1| #x00000000))
((|P2#return_value!1#1| #x00000000))
((|P2#return_value!2#1| #x00000000))
((|P2#return_value!3#1| #x00000000))
((|P2#return_value!3#2| #x00000000))
((|P2::$tmp::return_value___VERIFIER_nondet_pointer$1!3@1#1| #x00000000))
((|P2::$tmp::return_value___VERIFIER_nondet_pointer$1!3@1#2| #x00000000))
((|P2::arg!3@1#1| #x00000000))
((|__CPROVER_dead_object#1| #x00000000))
((|__CPROVER_dead_object#1$wclk$8| (- 60)))
((|__CPROVER_deallocated#1| #x00000000))
((|__CPROVER_deallocated#1$wclk$8| (- 59)))
((|__CPROVER_malloc_is_new_array#1| false))
((|__CPROVER_malloc_is_new_array#1$wclk$8| (- 58)))
((|__CPROVER_malloc_object#1| #x00000000))
((|__CPROVER_malloc_object#1$wclk$8| (- 57)))
((|__CPROVER_malloc_size#1| #x00000000))
((|__CPROVER_malloc_size#1$wclk$8| (- 56)))
((|__CPROVER_memory_leak#1| #x00000000))
((|__CPROVER_memory_leak#1$wclk$8| (- 55)))
((|__CPROVER_next_thread_id#1| #x00000000))
((|__CPROVER_next_thread_id#1$wclk$8| (- 54)))
((|__CPROVER_next_thread_id#2| #x00000001))
((|__CPROVER_next_thread_id#2$wclk$8| (- 7)))
((|__CPROVER_next_thread_id#3| #x00000001))
((|__CPROVER_next_thread_id#3$rclk$8| (- 3)))
((|__CPROVER_next_thread_id#4| #x00000001))
((|__CPROVER_next_thread_id#5| #x00000002))
((|__CPROVER_next_thread_id#5$wclk$8| (- 3)))
((|__CPROVER_next_thread_id#6| #x00000002))
((|__CPROVER_next_thread_id#6$rclk$8| 1))
((|__CPROVER_next_thread_id#7| #x00000002))
((|__CPROVER_next_thread_id#8| #x00000003))
((|__CPROVER_next_thread_id#8$wclk$8| 1))
((|__CPROVER_pipe_count#1| #x00000000))
((|__CPROVER_pipe_count#1$wclk$8| (- 53)))
((|__CPROVER_rounding_mode!0#1| #x00000000))
((|__CPROVER_rounding_mode!1#1| #x00000000))
((|__CPROVER_rounding_mode!2#1| #x00000000))
((|__CPROVER_rounding_mode!3#1| #x00000000))
((|__CPROVER_thread_id!0#1| #x00000000))
((|__CPROVER_thread_id!1#1| #x00000000))
((|__CPROVER_thread_id!1#2| #x00000000))
((|__CPROVER_thread_id!2#1| #x00000000))
((|__CPROVER_thread_id!2#2| #x00000000))
((|__CPROVER_thread_id!3#1| #x00000000))
((|__CPROVER_thread_id!3#2| #x00000000))
((|__CPROVER_threads_exited#1| ((as const (Array (_ BitVec 32) Bool)) false)))
((|__CPROVER_threads_exited#1$wclk$8| (- 52)))
((|__CPROVER_threads_exited#2| (lambda ((x!1 (_ BitVec 32))) (= x!1 #x00000000))))
((|__CPROVER_threads_exited#2$rclk$8| 10))
((|__CPROVER_threads_exited#3| (store (lambda ((x!1 (_ BitVec 32))) (= x!1 #x00000000)) #x00000000 true)))
((|__CPROVER_threads_exited#3$wclk$8| 11))
((|__CPROVER_threads_exited#4| (lambda ((x!1 (_ BitVec 32))) (= x!1 #x00000000))))
((|__CPROVER_threads_exited#4$rclk$8| 12))
((|__CPROVER_threads_exited#5| (store (lambda ((x!1 (_ BitVec 32))) (= x!1 #x00000000)) #x00000000 true)))
((|__CPROVER_threads_exited#5$wclk$8| 13))
((|__CPROVER_threads_exited#6| ((as const (Array (_ BitVec 32) Bool)) false)))
((|__CPROVER_threads_exited#6$rclk$8| 8))
((|__CPROVER_threads_exited#7| (store ((as const (Array (_ BitVec 32) Bool)) false) #x00000000 true)))
((|__CPROVER_threads_exited#7$wclk$8| 9))
((|__VERIFIER_assert::expression!0@1#1| #x00000000))
((|__VERIFIER_nondet_bool#return_value!1#1| #x00))
((|__VERIFIER_nondet_bool#return_value!2#1| #x00))
((|__VERIFIER_nondet_bool#return_value!3#1| #x00))
((|__VERIFIER_nondet_pointer#return_value!1#1| #x00000000))
((|__VERIFIER_nondet_pointer#return_value!2#1| #x00000000))
((|__VERIFIER_nondet_pointer#return_value!3#1| #x00000000))
((|__unbuffered_cnt#1| #x00000000))
((|__unbuffered_cnt#1$wclk$8| (- 51)))
((|__unbuffered_cnt#10| #x00000000))
((|__unbuffered_cnt#10$rclk$8| 7))
((|__unbuffered_cnt#11| #x00000000))
((|__unbuffered_cnt#12| #x00000001))
((|__unbuffered_cnt#12$wclk$8| 7))
((|__unbuffered_cnt#2| #x00000003))
((|__unbuffered_cnt#2$rclk$8| 10))
((|__unbuffered_cnt#3| #x00000003))
((|__unbuffered_cnt#4| #x00000002))
((|__unbuffered_cnt#4$rclk$8| 9))
((|__unbuffered_cnt#5| #x00000002))
((|__unbuffered_cnt#6| #x00000003))
((|__unbuffered_cnt#6$wclk$8| 9))
((|__unbuffered_cnt#7| #x00000001))
((|__unbuffered_cnt#7$rclk$8| 8))
((|__unbuffered_cnt#8| #x00000001))
((|__unbuffered_cnt#9| #x00000002))
((|__unbuffered_cnt#9$wclk$8| 8))
((|__unbuffered_p0_EAX#1| #x00000000))
((|__unbuffered_p0_EAX#1$wclk$8| (- 50)))
((|__unbuffered_p0_EAX#10| #x00000001))
((|__unbuffered_p0_EAX#10$wclk$8| 13))
((|__unbuffered_p0_EAX#11| #x00000000))
((|__unbuffered_p0_EAX#11$wclk$8| 0))
((|__unbuffered_p0_EAX#2| #x00000000))
((|__unbuffered_p0_EAX#2$rclk$8| 13))
((|__unbuffered_p0_EAX#3| #x00000000))
((|__unbuffered_p0_EAX#4| #x00000000))
((|__unbuffered_p0_EAX#5| #x00000000))
((|__unbuffered_p0_EAX#6| #x00000000))
((|__unbuffered_p0_EAX#7| #x00000000))
((|__unbuffered_p0_EAX#8| #x00000001))
((|__unbuffered_p0_EAX#9| #x00000001))
((|__unbuffered_p0_EAX$flush_delayed#1| #x00))
((|__unbuffered_p0_EAX$flush_delayed#1$wclk$8| (- 49)))
((|__unbuffered_p0_EAX$mem_tmp#1| #x00000000))
((|__unbuffered_p0_EAX$mem_tmp#1$wclk$8| (- 48)))
((|__unbuffered_p0_EAX$r_buff0_thd0#1| #x00))
((|__unbuffered_p0_EAX$r_buff0_thd0#1$wclk$8| (- 47)))
((|__unbuffered_p0_EAX$r_buff0_thd1#1| #x00))
((|__unbuffered_p0_EAX$r_buff0_thd1#1$wclk$8| (- 46)))
((|__unbuffered_p0_EAX$r_buff0_thd2#1| #x00))
((|__unbuffered_p0_EAX$r_buff0_thd2#1$wclk$8| (- 45)))
((|__unbuffered_p0_EAX$r_buff0_thd3#1| #x00))
((|__unbuffered_p0_EAX$r_buff0_thd3#1$wclk$8| (- 44)))
((|__unbuffered_p0_EAX$r_buff1_thd0#1| #x00))
((|__unbuffered_p0_EAX$r_buff1_thd0#1$wclk$8| (- 43)))
((|__unbuffered_p0_EAX$r_buff1_thd1#1| #x00))
((|__unbuffered_p0_EAX$r_buff1_thd1#1$wclk$8| (- 42)))
((|__unbuffered_p0_EAX$r_buff1_thd2#1| #x00))
((|__unbuffered_p0_EAX$r_buff1_thd2#1$wclk$8| (- 41)))
((|__unbuffered_p0_EAX$r_buff1_thd3#1| #x00))
((|__unbuffered_p0_EAX$r_buff1_thd3#1$wclk$8| (- 40)))
((|__unbuffered_p0_EAX$read_delayed#1| #x00))
((|__unbuffered_p0_EAX$read_delayed#1$wclk$8| (- 39)))
((|__unbuffered_p0_EAX$read_delayed#2| #x01))
((|__unbuffered_p0_EAX$read_delayed#2$rclk$8| 13))
((|__unbuffered_p0_EAX$read_delayed#3| #x01))
((|__unbuffered_p0_EAX$read_delayed#4| #x01))
((|__unbuffered_p0_EAX$read_delayed#4$wclk$8| 0))
((|__unbuffered_p0_EAX$read_delayed_var#1| #x00000000))
((|__unbuffered_p0_EAX$read_delayed_var#1$wclk$8| (- 38)))
((|__unbuffered_p0_EAX$read_delayed_var#2| #x08000000))
((|__unbuffered_p0_EAX$read_delayed_var#2$wclk$8| 0))
((|__unbuffered_p0_EAX$read_delayed_var$object| #x00000001))
((|__unbuffered_p0_EAX$read_delayed_var$object#0| #x00000000))
((|__unbuffered_p0_EAX$read_delayed_var$object#1| #x00000001))
((|__unbuffered_p0_EAX$read_delayed_var$object#1$rclk$8| 13))
((|__unbuffered_p0_EAX$read_delayed_var$object#2| #x00000001))
((|__unbuffered_p0_EAX$read_delayed_var$object#3| #x00000000))
((|__unbuffered_p0_EAX$read_delayed_var$object#4| #x00000001))
((|__unbuffered_p0_EAX$read_delayed_var$object#5| #x00000000))
((|__unbuffered_p0_EAX$read_delayed_var$object#6| #x00000001))
((|__unbuffered_p0_EAX$read_delayed_var$object$wclk$8| (- 61)))
((|__unbuffered_p0_EAX$w_buff0#1| #x00000000))
((|__unbuffered_p0_EAX$w_buff0#1$wclk$8| (- 37)))
((|__unbuffered_p0_EAX$w_buff0_used#1| #x00))
((|__unbuffered_p0_EAX$w_buff0_used#1$wclk$8| (- 36)))
((|__unbuffered_p0_EAX$w_buff1#1| #x00000000))
((|__unbuffered_p0_EAX$w_buff1#1$wclk$8| (- 35)))
((|__unbuffered_p0_EAX$w_buff1_used#1| #x00))
((|__unbuffered_p0_EAX$w_buff1_used#1$wclk$8| (- 34)))
((|__unbuffered_p0_EBX#1| #x00000000))
((|__unbuffered_p0_EBX#1$wclk$8| (- 33)))
((|__unbuffered_p0_EBX#2| #x00000000))
((|__unbuffered_p0_EBX#2$rclk$8| 13))
((|__unbuffered_p0_EBX#3| #x00000000))
((|__unbuffered_p0_EBX#4| #x00000000))
((|__unbuffered_p0_EBX#4$wclk$8| 1))
((|__unbuffered_p2_EAX#1| #x00000000))
((|__unbuffered_p2_EAX#1$wclk$8| (- 32)))
((|__unbuffered_p2_EAX#2| #x00000002))
((|__unbuffered_p2_EAX#2$rclk$8| 13))
((|__unbuffered_p2_EAX#3| #x00000002))
((|__unbuffered_p2_EAX#4| #x00000002))
((|__unbuffered_p2_EAX#4$wclk$8| 4))
((|goto_symex::&92;guard#1| true))
((|goto_symex::&92;guard#2| true))
((|goto_symex::&92;guard#3| true))
((|main#return_value!0#1| #x00000000))
((|main#return_value!1#1| #x00000000))
((|main#return_value!2#1| #x00000000))
((|main#return_value!3#1| #x00000000))
((|main$tmp_guard0#1| #x00))
((|main$tmp_guard0#1$wclk$8| (- 31)))
((|main$tmp_guard0#2| #x01))
((|main$tmp_guard0#2$wclk$8| 10))
((|main$tmp_guard0#3| #x01))
((|main$tmp_guard0#3$rclk$8| 11))
((|main$tmp_guard1#1| #x00))
((|main$tmp_guard1#1$wclk$8| (- 30)))
((|main$tmp_guard1#2| #x00))
((|main$tmp_guard1#3| #xff))
((|main$tmp_guard1#3$rclk$8| 13))
((|main$tmp_guard1#4| #x00))
((|main$tmp_guard1#4$wclk$8| 13))
((|main$tmp_guard1#5| #x00))
((|main$tmp_guard1#5$rclk$8| 14))
((|main$tmp_guard1#6| #x00))
((|main$tmp_guard1#6$rclk$8| 15))
((|main::$tmp::::tmp_if_expr$1!0@1#0| #x00000000))
((|main::$tmp::::tmp_if_expr$1!0@1#1| #x00000000))
((|main::$tmp::::tmp_if_expr$1!0@1#2| #x00000001))
((|main::$tmp::::tmp_if_expr$1!0@1#3| #x00000000))
((|main::$tmp::::tmp_if_expr$1!0@1#4| #x00000000))
((|main::$tmp::::tmp_if_expr$1!0@1#5| #x00000001))
((|main::$tmp::::tmp_if_expr$1!0@1#6| #x00000000))
((|main::$tmp::::tmp_if_expr$1!0@1#7| #x00000001))
((|main::$tmp::::tmp_if_expr$2!0@1#1| #x00000000))
((|main::$tmp::::tmp_if_expr$2!0@1#2| #x00000001))
((|main::$tmp::::tmp_if_expr$2!0@1#3| #x00000000))
((|main::$tmp::::tmp_if_expr$2!0@1#4| #x00000000))
((|main::$tmp::::tmp_if_expr$2!0@1#5| #x00000001))
((|main::1::t2111!0@1| #x00000000))
((|main::1::t2111!0@1#1| #x00000000))
((|main::1::t2111!0@1#1$wclk$8| (- 8)))
((|main::1::t2111!0@1#2| #x00000001))
((|main::1::t2111!0@1#2$wclk$8| (- 6)))
((|main::1::t2112!0@1| #x00000000))
((|main::1::t2112!0@1#1| #x00000000))
((|main::1::t2112!0@1#1$wclk$8| (- 4)))
((|main::1::t2112!0@1#2| #x00000002))
((|main::1::t2112!0@1#2$wclk$8| (- 2)))
((|main::1::t2112!0@1$wclk$8| (- 63)))
((|main::1::t2113!0@1| #x00000000))
((|main::1::t2113!0@1#1| #x00000000))
((|main::1::t2113!0@1#1$wclk$8| 0))
((|main::1::t2113!0@1#2| #x00000003))
((|main::1::t2113!0@1#2$wclk$8| 2))
((|main::1::t2113!0@1$wclk$8| (- 62)))
((|memory_model::choice_rf_0_60_0_56_T_10| true))
((|memory_model::choice_rf_0_60_0_9_T_9| false))
((|memory_model::choice_rf_0_65_0_56_T_12| false))
((|memory_model::choice_rf_0_65_0_61_T_13| true))
((|memory_model::choice_rf_0_65_0_9_T_11| false))
((|memory_model::choice_rf_0_69_0_12_F_23| false))
((|memory_model::choice_rf_0_69_1_24_F_24| true))
((|memory_model::choice_rf_0_69_2_3_F_25| false))
((|memory_model::choice_rf_0_69_3_16_F_26| false))
((|memory_model::choice_rf_0_71_0_32_F_44| false))
((|memory_model::choice_rf_0_71_0_70_F_45| true))
((|memory_model::choice_rf_0_72_0_38_F_51| false))
((|memory_model::choice_rf_0_72_1_14_F_52| false))
((|memory_model::choice_rf_0_72_3_14_F_54| true))
((|memory_model::choice_rf_0_72_3_2_F_53| false))
((|memory_model::choice_rf_0_73_0_53_F_83| false))
((|memory_model::choice_rf_0_73_1_16_F_84| true))
((|memory_model::choice_rf_0_74_0_45_F_66| true))
((|memory_model::choice_rf_0_75_0_54_F_88| false))
((|memory_model::choice_rf_0_75_1_10_F_89| false))
((|memory_model::choice_rf_0_75_3_12_F_90| true))
((|memory_model::choice_rf_0_76_0_51_F_69| false))
((|memory_model::choice_rf_0_76_1_15_F_70| true))
((|memory_model::choice_rf_0_77_0_41_F_63| true))
((|memory_model::choice_rf_0_78_0_52_F_74| false))
((|memory_model::choice_rf_0_78_1_17_F_75| false))
((|memory_model::choice_rf_0_78_3_13_F_76| true))
((|memory_model::choice_rf_0_84_0_31_F_42| false))
((|memory_model::choice_rf_0_84_3_1_F_43| true))
((|memory_model::choice_rf_0_85_0_30_F_40| false))
((|memory_model::choice_rf_0_85_1_22_F_41| true))
((|memory_model::choice_rf_0_86_0_37_F_14| false))
((|memory_model::choice_rf_0_86_2_0_F_15| false))
((|memory_model::choice_rf_0_86_2_1_F_16| true))
((|memory_model::choice_rf_0_87_0_13_F_36| false))
((|memory_model::choice_rf_0_87_1_8_F_37| false))
((|memory_model::choice_rf_0_88_0_33_F_46| false))
((|memory_model::choice_rf_0_89_0_2_F_98| true))
((|memory_model::choice_rf_0_90_0_24_F_38| false))
((|memory_model::choice_rf_0_90_1_11_F_39| true))
((|memory_model::choice_rf_0_91_0_35_F_97| false))
((|memory_model::choice_rf_0_95_0_33_F_47| false))
((|memory_model::choice_rf_0_95_0_92_F_48| true))
((|memory_model::choice_rf_0_96_0_33_F_49| false))
((|memory_model::choice_rf_0_96_0_92_F_50| true))
((|memory_model::choice_rf_1_0_0_53_F_85| true))
((|memory_model::choice_rf_1_1_0_51_F_71| true))
((|memory_model::choice_rf_1_21_0_37_F_17| true))
((|memory_model::choice_rf_1_21_2_0_F_18| false))
((|memory_model::choice_rf_1_21_2_1_F_19| false))
((|memory_model::choice_rf_1_23_0_12_F_27| false))
((|memory_model::choice_rf_1_23_2_3_F_28| true))
((|memory_model::choice_rf_1_23_3_16_F_29| false))
((|memory_model::choice_rf_1_25_0_11_T_0| false))
((|memory_model::choice_rf_1_25_2_5_T_1| false))
((|memory_model::choice_rf_1_25_3_18_T_2| true))
((|memory_model::choice_rf_1_2_0_46_F_67| true))
((|memory_model::choice_rf_1_3_0_54_F_91| true))
((|memory_model::choice_rf_1_3_0_81_F_92| false))
((|memory_model::choice_rf_1_3_3_12_F_93| false))
((|memory_model::choice_rf_1_4_0_42_F_64| true))
((|memory_model::choice_rf_1_5_0_52_F_77| true))
((|memory_model::choice_rf_1_5_0_82_F_78| false))
((|memory_model::choice_rf_1_5_3_13_F_79| false))
((|memory_model::choice_rf_1_6_0_38_F_55| true))
((|memory_model::choice_rf_1_6_0_83_F_56| false))
((|memory_model::choice_rf_1_6_3_14_F_58| false))
((|memory_model::choice_rf_1_6_3_2_F_57| false))
((|memory_model::choice_rf_2_2_0_12_F_30| false))
((|memory_model::choice_rf_2_2_1_24_F_31| false))
((|memory_model::choice_rf_2_2_3_16_F_32| true))
((|memory_model::choice_rf_2_4_0_11_T_3| false))
((|memory_model::choice_rf_2_4_1_26_T_4| true))
((|memory_model::choice_rf_2_4_3_18_T_5| false))
((|memory_model::choice_rf_3_0_0_37_F_20| false))
((|memory_model::choice_rf_3_0_2_0_F_21| false))
((|memory_model::choice_rf_3_0_2_1_F_22| true))
((|memory_model::choice_rf_3_15_0_12_F_33| true))
((|memory_model::choice_rf_3_15_1_24_F_34| false))
((|memory_model::choice_rf_3_15_2_3_F_35| false))
((|memory_model::choice_rf_3_17_0_11_T_6| true))
((|memory_model::choice_rf_3_17_1_26_T_7| false))
((|memory_model::choice_rf_3_17_2_5_T_8| false))
((|memory_model::choice_rf_3_3_0_38_F_59| false))
((|memory_model::choice_rf_3_3_0_83_F_60| false))
((|memory_model::choice_rf_3_3_1_14_F_61| false))
((|memory_model::choice_rf_3_3_3_2_F_62| true))
((|memory_model::choice_rf_3_4_0_53_F_86| false))
((|memory_model::choice_rf_3_4_1_16_F_87| true))
((|memory_model::choice_rf_3_5_0_54_F_94| false))
((|memory_model::choice_rf_3_5_0_81_F_95| false))
((|memory_model::choice_rf_3_5_1_10_F_96| true))
((|memory_model::choice_rf_3_6_0_51_F_72| false))
((|memory_model::choice_rf_3_6_1_15_F_73| true))
((|memory_model::choice_rf_3_7_0_44_F_65| true))
((|memory_model::choice_rf_3_8_0_48_F_68| true))
((|memory_model::choice_rf_3_9_0_52_F_80| false))
((|memory_model::choice_rf_3_9_0_82_F_81| false))
((|memory_model::choice_rf_3_9_1_17_F_82| true))
((|memory_model::choice_ws-ext_0_11_1_26_T_99| true))
((|memory_model::choice_ws-ext_0_11_2_5_T_100| true))
((|memory_model::choice_ws-ext_0_11_3_18_T_101| true))
((|memory_model::choice_ws-ext_0_12_1_24_F_107| true))
((|memory_model::choice_ws-ext_0_12_2_3_F_108| true))
((|memory_model::choice_ws-ext_0_12_3_16_F_109| true))
((|memory_model::choice_ws-ext_0_13_1_8_F_113| true))
((|memory_model::choice_ws-ext_0_24_1_11_F_115| true))
((|memory_model::choice_ws-ext_0_25_1_20_F_116| true))
((|memory_model::choice_ws-ext_0_30_1_22_F_117| true))
((|memory_model::choice_ws-ext_0_31_3_1_F_118| true))
((|memory_model::choice_ws-ext_0_34_1_7_F_145| true))
((|memory_model::choice_ws-ext_0_36_1_9_F_146| true))
((|memory_model::choice_ws-ext_0_37_2_0_F_105| true))
((|memory_model::choice_ws-ext_0_37_2_1_F_106| true))
((|memory_model::choice_ws-ext_0_38_1_14_F_119| true))
((|memory_model::choice_ws-ext_0_38_3_14_F_121| true))
((|memory_model::choice_ws-ext_0_38_3_2_F_120| true))
((|memory_model::choice_ws-ext_0_39_1_12_F_127| true))
((|memory_model::choice_ws-ext_0_40_1_13_F_128| true))
((|memory_model::choice_ws-ext_0_42_1_18_F_129| true))
((|memory_model::choice_ws-ext_0_44_3_11_F_130| true))
((|memory_model::choice_ws-ext_0_46_1_19_F_131| true))
((|memory_model::choice_ws-ext_0_48_3_10_F_132| true))
((|memory_model::choice_ws-ext_0_51_1_15_F_133| true))
((|memory_model::choice_ws-ext_0_52_1_17_F_134| true))
((|memory_model::choice_ws-ext_0_52_3_13_F_135| true))
((|memory_model::choice_ws-ext_0_53_1_16_F_139| true))
((|memory_model::choice_ws-ext_0_54_1_10_F_140| true))
((|memory_model::choice_ws-ext_0_54_3_12_F_141| true))
((|memory_model::choice_ws-ext_0_81_1_10_F_142| false))
((|memory_model::choice_ws-ext_0_81_3_12_F_143| false))
((|memory_model::choice_ws-ext_0_82_1_17_F_136| false))
((|memory_model::choice_ws-ext_0_82_3_13_F_137| false))
((|memory_model::choice_ws-ext_0_83_1_14_F_122| false))
((|memory_model::choice_ws-ext_0_83_3_14_F_124| false))
((|memory_model::choice_ws-ext_0_83_3_2_F_123| false))
((|memory_model::choice_ws-ext_0_93_1_8_F_114| false))
((|memory_model::choice_ws-ext_1_10_3_12_F_144| true))
((|memory_model::choice_ws-ext_1_14_3_14_F_126| true))
((|memory_model::choice_ws-ext_1_14_3_2_F_125| true))
((|memory_model::choice_ws-ext_1_17_3_13_F_138| true))
((|memory_model::choice_ws-ext_1_24_2_3_F_110| false))
((|memory_model::choice_ws-ext_1_24_3_16_F_111| false))
((|memory_model::choice_ws-ext_1_26_2_5_T_102| true))
((|memory_model::choice_ws-ext_1_26_3_18_T_103| false))
((|memory_model::choice_ws-ext_2_3_3_16_F_112| false))
((|memory_model::choice_ws-ext_2_5_3_18_T_104| false))
((|nondet_symex::nondet0| true))
((|nondet_symex::nondet1| false))
((|nondet_symex::nondet2| false))
((|nondet_symex::nondet3| #x00000000))
((|nondet_symex::nondet4| #x00000000))
((|nondet_symex::nondet5| #x00000000))
((|pthread_create#return_value!0#1| #x00000000))
((|pthread_create#return_value!0#2| #x00000000))
((|pthread_create#return_value!0#3| #x00000000))
((|pthread_create#return_value!1#1| #x00000000))
((|pthread_create#return_value!2#1| #x00000000))
((|pthread_create#return_value!3#1| #x00000000))
((|pthread_create::1::this_thread_id!0@1#1| #x00000000))
((|pthread_create::1::this_thread_id!0@1#2| #x00000001))
((|pthread_create::1::this_thread_id!0@2#1| #x00000000))
((|pthread_create::1::this_thread_id!0@2#2| #x00000002))
((|pthread_create::1::this_thread_id!0@3#1| #x00000000))
((|pthread_create::1::this_thread_id!0@3#2| #x00000003))
((|pthread_create::1::this_thread_id!1@0#0| #x00000000))
((|pthread_create::1::this_thread_id!2@0#0| #x00000000))
((|pthread_create::1::this_thread_id!3@0#0| #x00000000))
((|pthread_create::arg!0@1#1| #x00000000))
((|pthread_create::arg!0@2#1| #x00000000))
((|pthread_create::arg!0@3#1| #x00000000))
((|pthread_create::arg!1@0#1| #x00000000))
((|pthread_create::arg!2@0#1| #x00000000))
((|pthread_create::arg!3@0#1| #x00000000))
((|pthread_create::attr!0@1#1| #x00000000))
((|pthread_create::attr!0@2#1| #x00000000))
((|pthread_create::attr!0@3#1| #x00000000))
((|pthread_create::attr!1@0#1| #x00000000))
((|pthread_create::attr!2@0#1| #x00000000))
((|pthread_create::attr!3@0#1| #x00000000))
((|pthread_create::start_routine!0@1#1| #x03000000))
((|pthread_create::start_routine!0@2#1| #x05000000))
((|pthread_create::start_routine!0@3#1| #x07000000))
((|pthread_create::start_routine!1@0#1| #x03000000))
((|pthread_create::start_routine!2@0#1| #x05000000))
((|pthread_create::start_routine!3@0#1| #x07000000))
((|pthread_create::thread!0@1#1| #x02000000))
((|pthread_create::thread!0@2#1| #x04000000))
((|pthread_create::thread!0@3#1| #x06000000))
((|pthread_create::thread!1@0#1| #x02000000))
((|pthread_create::thread!2@0#1| #x04000000))
((|pthread_create::thread!3@0#1| #x06000000))
((|return'!0#1| #x00000000))
((|t1$58$spwnclk$8| (- 5)))
((|t1$63$spwnclk$8| (- 1)))
((|t1$68$spwnclk$8| 3))
((|weak$$choice0#1| #x00))
((|weak$$choice0#1$wclk$8| (- 29)))
((|weak$$choice0#2| #x00))
((|weak$$choice0#2$wclk$8| 0))
((|weak$$choice1#1| #x00))
((|weak$$choice1#1$wclk$8| (- 28)))
((|weak$$choice1#2| #x01))
((|weak$$choice1#3| #xff))
((|weak$$choice1#3$rclk$8| 13))
((|weak$$choice1#4| #x01))
((|weak$$choice1#5| #x01))
((|weak$$choice1#6| #x01))
((|weak$$choice1#7| #x01))
((|weak$$choice1#7$wclk$8| 13))
((|weak$$choice2#1| #x00))
((|weak$$choice2#1$wclk$8| (- 27)))
((|weak$$choice2#2| #x00))
((|weak$$choice2#2$wclk$8| 0))
((|x#1| #x00000000))
((|x#1$wclk$8| (- 26)))
((|x#2| #x00000002))
((|x#2$rclk$8| 13))
((|x#3| #x00000002))
((|x#4| #x00000000))
((|x#4$rclk$8| 1))
((|x#5| #x00000000))
((|x#6| #x00000001))
((|x#6$wclk$8| 2))
((|x#7| #x00000002))
((|x#7$wclk$8| 3))
((|x#8| #x00000002))
((|x#8$rclk$8| 4))
((|x#9| #x00000002))
((|y| #x00000000))
((|y#1| #x00000000))
((|y#1$wclk$8| (- 25)))
((|y#10| #x00000001))
((|y#10$wclk$8| 5))
((|y#11| #x00000001))
((|y#11$rclk$8| 6))
((|y#12| #x00000001))
((|y#13| #x00000001))
((|y#13$wclk$8| 6))
((|y#2| #x00000001))
((|y#2$rclk$8| 12))
((|y#3| #x00000001))
((|y#4| #x00000001))
((|y#5| #x00000001))
((|y#5$wclk$8| 12))
((|y#6| #x00000000))
((|y#6$rclk$8| 0))
((|y#7| #x00000000))
((|y#8| #x00000000))
((|y#9| #x00000000))
((|y#9$wclk$8| 0))
((|y$flush_delayed#1| #x00))
((|y$flush_delayed#1$wclk$8| (- 24)))
((|y$flush_delayed#2| #x00))
((|y$flush_delayed#3| #x00))
((|y$flush_delayed#3$wclk$8| 0))
((|y$mem_tmp#1| #x00000000))
((|y$mem_tmp#1$wclk$8| (- 23)))
((|y$mem_tmp#2| #x00000000))
((|y$mem_tmp#2$wclk$8| 0))
((|y$r_buff0_thd0#1| #x00))
((|y$r_buff0_thd0#1$wclk$8| (- 22)))
((|y$r_buff0_thd0#10| #x00))
((|y$r_buff0_thd0#10$wclk$8| 12))
((|y$r_buff0_thd0#2| #x00))
((|y$r_buff0_thd0#2$rclk$8| 12))
((|y$r_buff0_thd0#3| #x00))
((|y$r_buff0_thd0#4| #x00))
((|y$r_buff0_thd0#5| #x00))
((|y$r_buff0_thd0#6| #x00))
((|y$r_buff0_thd0#7| #x00))
((|y$r_buff0_thd0#8| #x00))
((|y$r_buff0_thd0#9| #x00))
((|y$r_buff0_thd1#1| #x00))
((|y$r_buff0_thd1#1$wclk$8| (- 21)))
((|y$r_buff0_thd1#2| #x00))
((|y$r_buff0_thd1#2$rclk$8| 0))
((|y$r_buff0_thd1#3| #x00))
((|y$r_buff0_thd1#4| #x00))
((|y$r_buff0_thd1#4$wclk$8| 0))
((|y$r_buff0_thd2#1| #x00))
((|y$r_buff0_thd2#1$wclk$8| (- 20)))
((|y$r_buff0_thd3#1| #x00))
((|y$r_buff0_thd3#1$wclk$8| (- 19)))
((|y$r_buff0_thd3#2| #x00))
((|y$r_buff0_thd3#2$rclk$8| 6))
((|y$r_buff0_thd3#3| #x00))
((|y$r_buff0_thd3#4| #x00))
((|y$r_buff0_thd3#4$wclk$8| 6))
((|y$r_buff1_thd0#1| #x00))
((|y$r_buff1_thd0#1$wclk$8| (- 18)))
((|y$r_buff1_thd0#2| #x00))
((|y$r_buff1_thd0#2$rclk$8| 12))
((|y$r_buff1_thd0#3| #x00))
((|y$r_buff1_thd0#4| #x00))
((|y$r_buff1_thd0#5| #x00))
((|y$r_buff1_thd0#6| #x00))
((|y$r_buff1_thd0#7| #x00))
((|y$r_buff1_thd0#8| #x00))
((|y$r_buff1_thd0#8$wclk$8| 12))
((|y$r_buff1_thd1#1| #x00))
((|y$r_buff1_thd1#1$wclk$8| (- 17)))
((|y$r_buff1_thd1#2| #x00))
((|y$r_buff1_thd1#2$rclk$8| 0))
((|y$r_buff1_thd1#3| #x00))
((|y$r_buff1_thd1#4| #x00))
((|y$r_buff1_thd1#4$wclk$8| 0))
((|y$r_buff1_thd2#1| #x00))
((|y$r_buff1_thd2#1$wclk$8| (- 16)))
((|y$r_buff1_thd3#1| #x00))
((|y$r_buff1_thd3#1$wclk$8| (- 15)))
((|y$r_buff1_thd3#2| #x00))
((|y$r_buff1_thd3#2$rclk$8| 6))
((|y$r_buff1_thd3#3| #x00))
((|y$r_buff1_thd3#4| #x00))
((|y$r_buff1_thd3#4$wclk$8| 6))
((|y$read_delayed#1| #x00))
((|y$read_delayed#1$wclk$8| (- 14)))
((|y$read_delayed_var#1| #x00000000))
((|y$read_delayed_var#1$wclk$8| (- 13)))
((|y$w_buff0#1| #x00000000))
((|y$w_buff0#1$wclk$8| (- 12)))
((|y$w_buff0#2| #x00000000))
((|y$w_buff0#2$rclk$8| 12))
((|y$w_buff0#3| #x00000000))
((|y$w_buff0#4| #x00000000))
((|y$w_buff0#4$rclk$8| 0))
((|y$w_buff0#5| #x00000000))
((|y$w_buff0#6| #x00000000))
((|y$w_buff0#6$wclk$8| 0))
((|y$w_buff0#7| #x00000000))
((|y$w_buff0#7$rclk$8| 6))
((|y$w_buff0#8| #x00000000))
((|y$w_buff0_used#1| #x00))
((|y$w_buff0_used#1$wclk$8| (- 11)))
((|y$w_buff0_used#10| #x00))
((|y$w_buff0_used#10$wclk$8| 12))
((|y$w_buff0_used#11| #x00))
((|y$w_buff0_used#11$rclk$8| 0))
((|y$w_buff0_used#12| #x00))
((|y$w_buff0_used#13| #x00))
((|y$w_buff0_used#13$wclk$8| 0))
((|y$w_buff0_used#14| #x00))
((|y$w_buff0_used#14$rclk$8| 6))
((|y$w_buff0_used#15| #x00))
((|y$w_buff0_used#16| #x00))
((|y$w_buff0_used#16$wclk$8| 6))
((|y$w_buff0_used#2| #x00))
((|y$w_buff0_used#2$rclk$8| 12))
((|y$w_buff0_used#3| #x00))
((|y$w_buff0_used#4| #x00))
((|y$w_buff0_used#5| #x00))
((|y$w_buff0_used#6| #x00))
((|y$w_buff0_used#7| #x00))
((|y$w_buff0_used#8| #x00))
((|y$w_buff0_used#9| #x00))
((|y$w_buff1#1| #x00000000))
((|y$w_buff1#1$wclk$8| (- 10)))
((|y$w_buff1#2| #x00000000))
((|y$w_buff1#2$rclk$8| 12))
((|y$w_buff1#3| #x00000000))
((|y$w_buff1#4| #x00000000))
((|y$w_buff1#4$rclk$8| 0))
((|y$w_buff1#5| #x00000000))
((|y$w_buff1#6| #x00000000))
((|y$w_buff1#6$wclk$8| 0))
((|y$w_buff1#7| #x00000000))
((|y$w_buff1#7$rclk$8| 6))
((|y$w_buff1#8| #x00000000))
((|y$w_buff1_used#1| #x00))
((|y$w_buff1_used#1$wclk$8| (- 9)))
((|y$w_buff1_used#10| #x00))
((|y$w_buff1_used#11| #x00))
((|y$w_buff1_used#11$wclk$8| 0))
((|y$w_buff1_used#12| #x00))
((|y$w_buff1_used#12$rclk$8| 6))
((|y$w_buff1_used#13| #x00))
((|y$w_buff1_used#14| #x00))
((|y$w_buff1_used#14$wclk$8| 6))
((|y$w_buff1_used#2| #x00))
((|y$w_buff1_used#2$rclk$8| 12))
((|y$w_buff1_used#3| #x00))
((|y$w_buff1_used#4| #x00))
((|y$w_buff1_used#5| #x00))
((|y$w_buff1_used#6| #x00))
((|y$w_buff1_used#7| #x00))
((|y$w_buff1_used#8| #x00))
((|y$w_buff1_used#8$wclk$8| 12))
((|y$w_buff1_used#9| #x00))
((|y$w_buff1_used#9$rclk$8| 0))
(model 
  (define-fun |y$w_buff0_used#1$wclk$8| () Int
    (- 11))
  (define-fun |memory_model::choice_rf_0_89_0_2_F_98| () Bool
    true)
  (define-fun |__unbuffered_p0_EAX$read_delayed_var#2$wclk$8| () Int
    0)
  (define-fun |memory_model::choice_rf_0_72_1_14_F_52| () Bool
    false)
  (define-fun |memory_model::choice_rf_3_5_0_54_F_94| () Bool
    false)
  (define-fun |y$w_buff1_used#12| () (_ BitVec 8)
    #x00)
  (define-fun |memory_model::choice_ws-ext_0_13_1_8_F_113| () Bool
    true)
  (define-fun |__unbuffered_p0_EAX$read_delayed#2| () (_ BitVec 8)
    #x01)
  (define-fun |memory_model::choice_rf_3_17_0_11_T_6| () Bool
    true)
  (define-fun |memory_model::choice_rf_2_4_3_18_T_5| () Bool
    false)
  (define-fun |__unbuffered_p0_EAX$r_buff1_thd3#1$wclk$8| () Int
    (- 40))
  (define-fun |memory_model::choice_rf_2_2_0_12_F_30| () Bool
    false)
  (define-fun |memory_model::choice_rf_3_0_0_37_F_20| () Bool
    false)
  (define-fun |memory_model::choice_ws-ext_0_83_3_2_F_123| () Bool
    false)
  (define-fun |y$r_buff1_thd1#1$wclk$8| () Int
    (- 17))
  (define-fun |memory_model::choice_rf_1_6_3_2_F_57| () Bool
    false)
  (define-fun |memory_model::choice_ws-ext_0_24_1_11_F_115| () Bool
    true)
  (define-fun |memory_model::choice_rf_1_21_2_0_F_18| () Bool
    false)
  (define-fun |memory_model::choice_rf_0_75_3_12_F_90| () Bool
    true)
  (define-fun |memory_model::choice_ws-ext_0_12_2_3_F_108| () Bool
    true)
  (define-fun |memory_model::choice_rf_0_87_1_8_F_37| () Bool
    false)
  (define-fun |__unbuffered_p0_EAX$r_buff0_thd2#1$wclk$8| () Int
    (- 45))
  (define-fun |memory_model::choice_ws-ext_0_37_2_0_F_105| () Bool
    true)
  (define-fun |y$w_buff0_used#11| () (_ BitVec 8)
    #x00)
  (define-fun |memory_model::choice_ws-ext_0_11_3_18_T_101| () Bool
    true)
  (define-fun |__unbuffered_p0_EAX$r_buff0_thd0#1$wclk$8| () Int
    (- 47))
  (define-fun |main$tmp_guard0#3$rclk$8| () Int
    11)
  (define-fun |__unbuffered_p0_EAX$flush_delayed#1$wclk$8| () Int
    (- 49))
  (define-fun |y$flush_delayed#1$wclk$8| () Int
    (- 24))
  (define-fun |__unbuffered_p0_EAX$w_buff0_used#1$wclk$8| () Int
    (- 36))
  (define-fun |y$read_delayed_var#1$wclk$8| () Int
    (- 13))
  (define-fun |memory_model::choice_ws-ext_0_54_3_12_F_141| () Bool
    true)
  (define-fun |memory_model::choice_rf_0_96_0_33_F_49| () Bool
    false)
  (define-fun |memory_model::choice_rf_0_96_0_92_F_50| () Bool
    true)
  (define-fun |__CPROVER_next_thread_id#6| () (_ BitVec 32)
    #x00000002)
  (define-fun |memory_model::choice_rf_0_85_0_30_F_40| () Bool
    false)
  (define-fun |memory_model::choice_ws-ext_2_3_3_16_F_112| () Bool
    false)
  (define-fun |y#13$wclk$8| () Int
    6)
  (define-fun |main::1::t2111!0@1#1$wclk$8| () Int
    (- 8))
  (define-fun |x#6$wclk$8| () Int
    2)
  (define-fun |main$tmp_guard1#5$rclk$8| () Int
    14)
  (define-fun |memory_model::choice_rf_0_95_0_92_F_48| () Bool
    true)
  (define-fun |memory_model::choice_rf_3_3_0_83_F_60| () Bool
    false)
  (define-fun |__unbuffered_p2_EAX#4$wclk$8| () Int
    4)
  (define-fun |memory_model::choice_rf_3_9_0_52_F_80| () Bool
    false)
  (define-fun |memory_model::choice_rf_1_5_0_82_F_78| () Bool
    false)
  (define-fun |memory_model::choice_rf_3_5_1_10_F_96| () Bool
    true)
  (define-fun |__unbuffered_cnt#12$wclk$8| () Int
    7)
  (define-fun |memory_model::choice_rf_0_86_2_1_F_16| () Bool
    true)
  (define-fun |memory_model::choice_rf_0_60_0_56_T_10| () Bool
    true)
  (define-fun |y#2| () (_ BitVec 32)
    #x00000001)
  (define-fun |__unbuffered_cnt#6$wclk$8| () Int
    9)
  (define-fun |memory_model::choice_rf_1_6_0_83_F_56| () Bool
    false)
  (define-fun |y#10$wclk$8| () Int
    5)
  (define-fun |__CPROVER_threads_exited#3$wclk$8| () Int
    11)
  (define-fun |__unbuffered_p0_EAX$read_delayed#1$wclk$8| () Int
    (- 39))
  (define-fun |y#11| () (_ BitVec 32)
    #x00000001)
  (define-fun |x#1$wclk$8| () Int
    (- 26))
  (define-fun |memory_model::choice_ws-ext_0_46_1_19_F_131| () Bool
    true)
  (define-fun |memory_model::choice_ws-ext_0_81_3_12_F_143| () Bool
    false)
  (define-fun |memory_model::choice_ws-ext_1_24_2_3_F_110| () Bool
    false)
  (define-fun |memory_model::choice_ws-ext_0_37_2_1_F_106| () Bool
    true)
  (define-fun |__unbuffered_cnt#2| () (_ BitVec 32)
    #x00000003)
  (define-fun |__CPROVER_threads_exited#4| () (Array (_ BitVec 32) Bool)
    (lambda ((x!1 (_ BitVec 32))) (= x!1 #x00000000)))
  (define-fun |pthread_create::1::this_thread_id!3@0#0| () (_ BitVec 32)
    #x00000000)
  (define-fun |memory_model::choice_ws-ext_0_83_1_14_F_122| () Bool
    false)
  (define-fun |memory_model::choice_rf_3_4_0_53_F_86| () Bool
    false)
  (define-fun |y#6| () (_ BitVec 32)
    #x00000000)
  (define-fun |__unbuffered_p2_EAX#1$wclk$8| () Int
    (- 32))
  (define-fun |memory_model::choice_ws-ext_0_25_1_20_F_116| () Bool
    true)
  (define-fun |memory_model::choice_rf_0_72_3_14_F_54| () Bool
    true)
  (define-fun |y$w_buff1#1$wclk$8| () Int
    (- 10))
  (define-fun |memory_model::choice_ws-ext_2_5_3_18_T_104| () Bool
    false)
  (define-fun |memory_model::choice_ws-ext_0_44_3_11_F_130| () Bool
    true)
  (define-fun |x#8| () (_ BitVec 32)
    #x00000002)
  (define-fun |__CPROVER_threads_exited#1$wclk$8| () Int
    (- 52))
  (define-fun |__unbuffered_p0_EAX$w_buff1_used#1$wclk$8| () Int
    (- 34))
  (define-fun |memory_model::choice_rf_2_2_1_24_F_31| () Bool
    false)
  (define-fun |memory_model::choice_ws-ext_0_11_1_26_T_99| () Bool
    true)
  (define-fun |__CPROVER_next_thread_id#5$wclk$8| () Int
    (- 3))
  (define-fun |__CPROVER_threads_exited#2$rclk$8| () Int
    10)
  (define-fun |memory_model::choice_rf_0_65_0_56_T_12| () Bool
    false)
  (define-fun |memory_model::choice_rf_0_75_0_54_F_88| () Bool
    false)
  (define-fun |memory_model::choice_rf_0_95_0_33_F_47| () Bool
    false)
  (define-fun |memory_model::choice_rf_0_69_2_3_F_25| () Bool
    false)
  (define-fun |memory_model::choice_rf_1_23_3_16_F_29| () Bool
    false)
  (define-fun |main$tmp_guard0#1$wclk$8| () Int
    (- 31))
  (define-fun |__CPROVER_threads_exited#2| () (Array (_ BitVec 32) Bool)
    (lambda ((x!1 (_ BitVec 32))) (= x!1 #x00000000)))
  (define-fun |memory_model::choice_ws-ext_0_52_3_13_F_135| () Bool
    true)
  (define-fun |y#5$wclk$8| () Int
    12)
  (define-fun t1$63$spwnclk$8 () Int
    (- 1))
  (define-fun |__unbuffered_p0_EAX$r_buff1_thd1#1$wclk$8| () Int
    (- 42))
  (define-fun |y$w_buff0_used#14| () (_ BitVec 8)
    #x00)
  (define-fun |memory_model::choice_rf_3_3_1_14_F_61| () Bool
    false)
  (define-fun |memory_model::choice_rf_1_6_0_38_F_55| () Bool
    true)
  (define-fun |memory_model::choice_rf_1_5_0_52_F_77| () Bool
    true)
  (define-fun |memory_model::choice_ws-ext_0_93_1_8_F_114| () Bool
    false)
  (define-fun |memory_model::choice_rf_3_3_0_38_F_59| () Bool
    false)
  (define-fun |y$w_buff0#1$wclk$8| () Int
    (- 12))
  (define-fun |memory_model::choice_rf_0_78_1_17_F_75| () Bool
    false)
  (define-fun |pthread_create::1::this_thread_id!1@0#0| () (_ BitVec 32)
    #x00000000)
  (define-fun |__unbuffered_cnt#4| () (_ BitVec 32)
    #x00000002)
  (define-fun |memory_model::choice_rf_3_9_0_82_F_81| () Bool
    false)
  (define-fun |y$r_buff0_thd0#1$wclk$8| () Int
    (- 22))
  (define-fun |x#7$wclk$8| () Int
    3)
  (define-fun |memory_model::choice_rf_3_9_1_17_F_82| () Bool
    true)
  (define-fun |__unbuffered_p0_EAX$r_buff0_thd1#1$wclk$8| () Int
    (- 46))
  (define-fun |main::1::t2113!0@1#2$wclk$8| () Int
    2)
  (define-fun |memory_model::choice_rf_0_69_3_16_F_26| () Bool
    false)
  (define-fun |memory_model::choice_ws-ext_0_51_1_15_F_133| () Bool
    true)
  (define-fun |memory_model::choice_rf_0_69_1_24_F_24| () Bool
    true)
  (define-fun |memory_model::choice_rf_3_15_2_3_F_35| () Bool
    false)
  (define-fun |memory_model::choice_rf_0_90_0_24_F_38| () Bool
    false)
  (define-fun |__unbuffered_cnt#9$wclk$8| () Int
    8)
  (define-fun |y$r_buff0_thd3#1$wclk$8| () Int
    (- 19))
  (define-fun |__unbuffered_p0_EAX$r_buff1_thd2#1$wclk$8| () Int
    (- 41))
  (define-fun |memory_model::choice_rf_3_15_1_24_F_34| () Bool
    false)
  (define-fun |memory_model::choice_rf_3_15_0_12_F_33| () Bool
    true)
  (define-fun |memory_model::choice_rf_0_84_3_1_F_43| () Bool
    true)
  (define-fun |memory_model::choice_rf_0_69_0_12_F_23| () Bool
    false)
  (define-fun |memory_model::choice_ws-ext_0_12_3_16_F_109| () Bool
    true)
  (define-fun |__CPROVER_next_thread_id#2$wclk$8| () Int
    (- 7))
  (define-fun |y$r_buff1_thd3#1$wclk$8| () Int
    (- 15))
  (define-fun |memory_model::choice_rf_0_60_0_9_T_9| () Bool
    false)
  (define-fun |__unbuffered_p0_EBX#2| () (_ BitVec 32)
    #x00000000)
  (define-fun |memory_model::choice_ws-ext_1_24_3_16_F_111| () Bool
    false)
  (define-fun |memory_model::choice_ws-ext_0_38_3_2_F_120| () Bool
    true)
  (define-fun |memory_model::choice_ws-ext_0_40_1_13_F_128| () Bool
    true)
  (define-fun |memory_model::choice_ws-ext_0_30_1_22_F_117| () Bool
    true)
  (define-fun |memory_model::choice_ws-ext_0_39_1_12_F_127| () Bool
    true)
  (define-fun |y$r_buff1_thd2#1$wclk$8| () Int
    (- 16))
  (define-fun |memory_model::choice_rf_1_21_2_1_F_19| () Bool
    false)
  (define-fun |memory_model::choice_rf_1_6_3_14_F_58| () Bool
    false)
  (define-fun |__CPROVER_threads_exited#6| () (Array (_ BitVec 32) Bool)
    ((as const (Array (_ BitVec 32) Bool)) false))
  (define-fun |memory_model::choice_ws-ext_0_31_3_1_F_118| () Bool
    true)
  (define-fun |memory_model::choice_rf_3_5_0_81_F_95| () Bool
    false)
  (define-fun |y$w_buff1_used#1$wclk$8| () Int
    (- 9))
  (define-fun |memory_model::choice_ws-ext_0_42_1_18_F_129| () Bool
    true)
  (define-fun |y$w_buff1_used#2| () (_ BitVec 8)
    #x00)
  (define-fun |memory_model::choice_rf_2_4_1_26_T_4| () Bool
    true)
  (define-fun |weak$$choice1#1$wclk$8| () Int
    (- 28))
  (define-fun |memory_model::choice_ws-ext_1_10_3_12_F_144| () Bool
    true)
  (define-fun |__unbuffered_cnt#7| () (_ BitVec 32)
    #x00000001)
  (define-fun |memory_model::choice_ws-ext_0_53_1_16_F_139| () Bool
    true)
  (define-fun t1$68$spwnclk$8 () Int
    3)
  (define-fun |main::1::t2113!0@1#1$wclk$8| () Int
    0)
  (define-fun |memory_model::choice_rf_1_3_0_54_F_91| () Bool
    true)
  (define-fun |memory_model::choice_rf_0_85_1_22_F_41| () Bool
    true)
  (define-fun |__unbuffered_cnt#1$wclk$8| () Int
    (- 51))
  (define-fun |memory_model::choice_rf_2_4_0_11_T_3| () Bool
    false)
  (define-fun |memory_model::choice_rf_3_17_2_5_T_8| () Bool
    false)
  (define-fun t1$58$spwnclk$8 () Int
    (- 5))
  (define-fun |memory_model::choice_rf_3_6_1_15_F_73| () Bool
    true)
  (define-fun |y$r_buff0_thd1#1$wclk$8| () Int
    (- 21))
  (define-fun |__unbuffered_p0_EAX$mem_tmp#1$wclk$8| () Int
    (- 48))
  (define-fun |memory_model::choice_rf_1_25_3_18_T_2| () Bool
    true)
  (define-fun |memory_model::choice_ws-ext_0_54_1_10_F_140| () Bool
    true)
  (define-fun |pthread_create::1::this_thread_id!2@0#0| () (_ BitVec 32)
    #x00000000)
  (define-fun |memory_model::choice_rf_0_76_1_15_F_70| () Bool
    true)
  (define-fun |__unbuffered_p0_EAX$read_delayed_var$object#1| () (_ BitVec 32)
    #x00000001)
  (define-fun |memory_model::choice_rf_1_3_0_81_F_92| () Bool
    false)
  (define-fun |memory_model::choice_ws-ext_0_52_1_17_F_134| () Bool
    true)
  (define-fun |memory_model::choice_rf_1_25_2_5_T_1| () Bool
    false)
  (define-fun |memory_model::choice_ws-ext_1_14_3_14_F_126| () Bool
    true)
  (define-fun |memory_model::choice_ws-ext_0_83_3_14_F_124| () Bool
    false)
  (define-fun |memory_model::choice_ws-ext_0_81_1_10_F_142| () Bool
    false)
  (define-fun |x#4| () (_ BitVec 32)
    #x00000000)
  (define-fun |main$tmp_guard1#5| () (_ BitVec 8)
    #x00)
  (define-fun |__CPROVER_threads_exited#6$rclk$8| () Int
    8)
  (define-fun |__unbuffered_p0_EAX#1$wclk$8| () Int
    (- 50))
  (define-fun |__unbuffered_p0_EBX#1$wclk$8| () Int
    (- 33))
  (define-fun |weak$$choice2#1$wclk$8| () Int
    (- 27))
  (define-fun |__CPROVER_threads_exited#7$wclk$8| () Int
    9)
  (define-fun |memory_model::choice_rf_0_78_0_52_F_74| () Bool
    false)
  (define-fun |__unbuffered_p0_EAX$w_buff1#1$wclk$8| () Int
    (- 35))
  (define-fun |nondet_symex::nondet0| () Bool
    true)
  (define-fun |memory_model::choice_rf_2_2_3_16_F_32| () Bool
    true)
  (define-fun |memory_model::choice_rf_1_3_3_12_F_93| () Bool
    false)
  (define-fun |memory_model::choice_rf_3_6_0_51_F_72| () Bool
    false)
  (define-fun |__unbuffered_p0_EAX$read_delayed_var#1$wclk$8| () Int
    (- 38))
  (define-fun |memory_model::choice_rf_0_78_3_13_F_76| () Bool
    true)
  (define-fun |memory_model::choice_rf_1_25_0_11_T_0| () Bool
    false)
  (define-fun array_of.0 () (Array (_ BitVec 32) Bool)
    ((as const (Array (_ BitVec 32) Bool)) false))
  (define-fun |main$tmp_guard0#2$wclk$8| () Int
    10)
  (define-fun |y$r_buff0_thd2#1$wclk$8| () Int
    (- 20))
  (define-fun |memory_model::choice_rf_3_4_1_16_F_87| () Bool
    true)
  (define-fun |y$mem_tmp#1$wclk$8| () Int
    (- 23))
  (define-fun |__unbuffered_p0_EAX$r_buff0_thd3#1$wclk$8| () Int
    (- 44))
  (define-fun |x#2| () (_ BitVec 32)
    #x00000002)
  (define-fun |memory_model::choice_rf_1_21_0_37_F_17| () Bool
    true)
  (define-fun |memory_model::choice_rf_0_65_0_61_T_13| () Bool
    true)
  (define-fun |y$r_buff1_thd0#1$wclk$8| () Int
    (- 18))
  (define-fun |memory_model::choice_rf_3_17_1_26_T_7| () Bool
    false)
  (define-fun |main$tmp_guard1#6$rclk$8| () Int
    15)
  (define-fun |memory_model::choice_rf_3_0_2_1_F_22| () Bool
    true)
  (define-fun |memory_model::choice_rf_0_72_3_2_F_53| () Bool
    false)
  (define-fun |main$tmp_guard1#1$wclk$8| () Int
    (- 30))
  (define-fun |memory_model::choice_rf_3_3_3_2_F_62| () Bool
    true)
  (define-fun |__unbuffered_p0_EAX$r_buff1_thd0#1$wclk$8| () Int
    (- 43))
  (define-fun |memory_model::choice_ws-ext_0_82_1_17_F_136| () Bool
    false)
  (define-fun |main::1::t2112!0@1#2$wclk$8| () Int
    (- 2))
  (define-fun |memory_model::choice_rf_0_86_0_37_F_14| () Bool
    false)
  (define-fun |memory_model::choice_rf_0_90_1_11_F_39| () Bool
    true)
  (define-fun |memory_model::choice_ws-ext_0_48_3_10_F_132| () Bool
    true)
  (define-fun |memory_model::choice_rf_1_23_2_3_F_28| () Bool
    true)
  (define-fun |y$read_delayed#1$wclk$8| () Int
    (- 14))
  (define-fun |memory_model::choice_rf_0_65_0_9_T_11| () Bool
    false)
  (define-fun |main::1::t2112!0@1#1$wclk$8| () Int
    (- 4))
  (define-fun |__unbuffered_p2_EAX#2| () (_ BitVec 32)
    #x00000002)
  (define-fun |__unbuffered_cnt#10| () (_ BitVec 32)
    #x00000000)
  (define-fun |__CPROVER_threads_exited#5$wclk$8| () Int
    13)
  (define-fun |memory_model::choice_rf_0_76_0_51_F_69| () Bool
    false)
  (define-fun |memory_model::choice_rf_0_75_1_10_F_89| () Bool
    false)
  (define-fun |memory_model::choice_rf_1_23_0_12_F_27| () Bool
    false)
  (define-fun |memory_model::choice_rf_0_73_1_16_F_84| () Bool
    true)
  (define-fun |memory_model::choice_ws-ext_1_14_3_2_F_125| () Bool
    true)
  (define-fun |memory_model::choice_ws-ext_0_38_3_14_F_121| () Bool
    true)
  (define-fun |memory_model::choice_ws-ext_0_12_1_24_F_107| () Bool
    true)
  (define-fun |y$w_buff0_used#2| () (_ BitVec 8)
    #x00)
  (define-fun |__CPROVER_next_thread_id#3| () (_ BitVec 32)
    #x00000001)
  (define-fun |weak$$choice0#1$wclk$8| () Int
    (- 29))
  (define-fun |memory_model::choice_ws-ext_0_38_1_14_F_119| () Bool
    true)
  (define-fun |memory_model::choice_rf_0_84_0_31_F_42| () Bool
    false)
  (define-fun |memory_model::choice_ws-ext_0_82_3_13_F_137| () Bool
    false)
  (define-fun |memory_model::choice_ws-ext_1_17_3_13_F_138| () Bool
    true)
  (define-fun |memory_model::choice_ws-ext_0_11_2_5_T_100| () Bool
    true)
  (define-fun |__CPROVER_next_thread_id#8$wclk$8| () Int
    1)
  (define-fun |memory_model::choice_rf_0_87_0_13_F_36| () Bool
    false)
  (define-fun |memory_model::choice_ws-ext_0_34_1_7_F_145| () Bool
    true)
  (define-fun |__CPROVER_threads_exited#4$rclk$8| () Int
    12)
  (define-fun |memory_model::choice_rf_0_72_0_38_F_51| () Bool
    false)
  (define-fun |memory_model::choice_rf_1_5_3_13_F_79| () Bool
    false)
  (define-fun |memory_model::choice_ws-ext_0_36_1_9_F_146| () Bool
    true)
  (define-fun |y$w_buff1_used#9| () (_ BitVec 8)
    #x00)
  (define-fun |weak$$choice1#7$wclk$8| () Int
    13)
  (define-fun |memory_model::choice_ws-ext_1_26_3_18_T_103| () Bool
    false)
  (define-fun |memory_model::choice_ws-ext_1_26_2_5_T_102| () Bool
    true)
  (define-fun |main::1::t2111!0@1#2$wclk$8| () Int
    (- 6))
  (define-fun |memory_model::choice_rf_0_86_2_0_F_15| () Bool
    false)
  (define-fun |memory_model::choice_rf_3_0_2_0_F_21| () Bool
    false)
  (define-fun |y#1$wclk$8| () Int
    (- 25))
  (define-fun |__unbuffered_p0_EAX$w_buff0#1$wclk$8| () Int
    (- 37))
  (define-fun |__unbuffered_p0_EBX#4$wclk$8| () Int
    1)
  (define-fun |memory_model::choice_rf_0_73_0_53_F_83| () Bool
    false)
  (define-fun |__CPROVER_pipe_count#1$wclk$8| () Int
    (- 53))
  (define-fun |__CPROVER_next_thread_id#1$wclk$8| () Int
    (- 54))
  (define-fun |__CPROVER_memory_leak#1$wclk$8| () Int
    (- 55))
  (define-fun |__CPROVER_malloc_size#1$wclk$8| () Int
    (- 56))
  (define-fun |__CPROVER_malloc_object#1$wclk$8| () Int
    (- 57))
  (define-fun |__CPROVER_malloc_is_new_array#1$wclk$8| () Int
    (- 58))
  (define-fun |__CPROVER_deallocated#1$wclk$8| () Int
    (- 59))
  (define-fun |__CPROVER_dead_object#1$wclk$8| () Int
    (- 60))
  (define-fun __unbuffered_p0_EAX$read_delayed_var$object$wclk$8 () Int
    (- 61))
  (define-fun |main::1::t2113!0@1$wclk$8| () Int
    (- 62))
  (define-fun |main::1::t2112!0@1$wclk$8| () Int
    (- 63))
  (define-fun __unbuffered_p0_EAX$read_delayed_var$object () (_ BitVec 32)
    #x00000001)
  (define-fun |weak$$choice1#3| () (_ BitVec 8)
    #xff)
  (define-fun |memory_model::choice_rf_0_91_0_35_F_97| () Bool
    false)
  (define-fun |y$w_buff1#7| () (_ BitVec 32)
    #x00000000)
  (define-fun |y$w_buff1#2| () (_ BitVec 32)
    #x00000000)
  (define-fun |y$w_buff0#7| () (_ BitVec 32)
    #x00000000)
  (define-fun |y$w_buff0#2| () (_ BitVec 32)
    #x00000000)
  (define-fun |main$tmp_guard1#3| () (_ BitVec 8)
    #xff)
  (define-fun |memory_model::choice_rf_0_88_0_33_F_46| () Bool
    false)
  (define-fun |__unbuffered_cnt#10$rclk$8| () Int
    7)
  (define-fun |y#11$rclk$8| () Int
    6)
  (define-fun |y$w_buff1#7$rclk$8| () Int
    6)
  (define-fun |y$w_buff1_used#12$rclk$8| () Int
    6)
  (define-fun |y$w_buff0#7$rclk$8| () Int
    6)
  (define-fun |y$r_buff0_thd3#2$rclk$8| () Int
    6)
  (define-fun |y$r_buff1_thd3#2$rclk$8| () Int
    6)
  (define-fun |y$w_buff0_used#14$rclk$8| () Int
    6)
  (define-fun |y$r_buff1_thd3#4$wclk$8| () Int
    6)
  (define-fun |y$r_buff0_thd3#4$wclk$8| () Int
    6)
  (define-fun |y$w_buff1_used#14$wclk$8| () Int
    6)
  (define-fun |y$w_buff0_used#16$wclk$8| () Int
    6)
  (define-fun |x#8$rclk$8| () Int
    4)
  (define-fun |__unbuffered_cnt#7$rclk$8| () Int
    8)
  (define-fun |__unbuffered_cnt#4$rclk$8| () Int
    9)
  (define-fun |x#4$rclk$8| () Int
    1)
  (define-fun |y$w_buff1#4$rclk$8| () Int
    0)
  (define-fun |y$w_buff0#4$rclk$8| () Int
    0)
  (define-fun |y$r_buff1_thd1#2$rclk$8| () Int
    0)
  (define-fun |y$w_buff1_used#9$rclk$8| () Int
    0)
  (define-fun |y$r_buff0_thd1#2$rclk$8| () Int
    0)
  (define-fun |y$w_buff0_used#11$rclk$8| () Int
    0)
  (define-fun |y#6$rclk$8| () Int
    0)
  (define-fun |weak$$choice0#2$wclk$8| () Int
    0)
  (define-fun |__unbuffered_p0_EAX#11$wclk$8| () Int
    0)
  (define-fun |weak$$choice2#2$wclk$8| () Int
    0)
  (define-fun |y$w_buff1_used#11$wclk$8| () Int
    0)
  (define-fun |__unbuffered_p0_EAX$read_delayed#4$wclk$8| () Int
    0)
  (define-fun |y$flush_delayed#3$wclk$8| () Int
    0)
  (define-fun |y$mem_tmp#2$wclk$8| () Int
    0)
  (define-fun |y#9$wclk$8| () Int
    0)
  (define-fun |y$w_buff0#6$wclk$8| () Int
    0)
  (define-fun |y$w_buff1#6$wclk$8| () Int
    0)
  (define-fun |y$w_buff0_used#13$wclk$8| () Int
    0)
  (define-fun |y$r_buff0_thd1#4$wclk$8| () Int
    0)
  (define-fun |y$r_buff1_thd1#4$wclk$8| () Int
    0)
  (define-fun |__unbuffered_p2_EAX#2$rclk$8| () Int
    13)
  (define-fun |__unbuffered_p0_EBX#2$rclk$8| () Int
    13)
  (define-fun |x#2$rclk$8| () Int
    13)
  (define-fun |__unbuffered_p0_EAX#2$rclk$8| () Int
    13)
  (define-fun |main$tmp_guard1#3$rclk$8| () Int
    13)
  (define-fun |__unbuffered_p0_EAX$read_delayed_var$object#1$rclk$8| () Int
    13)
  (define-fun |__unbuffered_p0_EAX$read_delayed#2$rclk$8| () Int
    13)
  (define-fun |weak$$choice1#3$rclk$8| () Int
    13)
  (define-fun |main$tmp_guard1#4$wclk$8| () Int
    13)
  (define-fun |__unbuffered_p0_EAX#10$wclk$8| () Int
    13)
  (define-fun |y#2$rclk$8| () Int
    12)
  (define-fun |y$w_buff1#2$rclk$8| () Int
    12)
  (define-fun |y$r_buff1_thd0#2$rclk$8| () Int
    12)
  (define-fun |y$w_buff1_used#2$rclk$8| () Int
    12)
  (define-fun |y$w_buff0#2$rclk$8| () Int
    12)
  (define-fun |y$r_buff0_thd0#2$rclk$8| () Int
    12)
  (define-fun |y$w_buff0_used#2$rclk$8| () Int
    12)
  (define-fun |y$r_buff1_thd0#8$wclk$8| () Int
    12)
  (define-fun |y$r_buff0_thd0#10$wclk$8| () Int
    12)
  (define-fun |y$w_buff1_used#8$wclk$8| () Int
    12)
  (define-fun |y$w_buff0_used#10$wclk$8| () Int
    12)
  (define-fun |__unbuffered_cnt#2$rclk$8| () Int
    10)
  (define-fun |__CPROVER_next_thread_id#6$rclk$8| () Int
    1)
  (define-fun |__CPROVER_next_thread_id#3$rclk$8| () Int
    (- 3))
  (define-fun |memory_model::choice_rf_1_0_0_53_F_85| () Bool
    true)
  (define-fun |y$w_buff1#4| () (_ BitVec 32)
    #x00000000)
  (define-fun |memory_model::choice_rf_1_1_0_51_F_71| () Bool
    true)
  (define-fun |y$w_buff0#4| () (_ BitVec 32)
    #x00000000)
  (define-fun |memory_model::choice_rf_3_8_0_48_F_68| () Bool
    true)
  (define-fun |y$r_buff1_thd3#2| () (_ BitVec 8)
    #x00)
  (define-fun |memory_model::choice_rf_1_2_0_46_F_67| () Bool
    true)
  (define-fun |y$r_buff1_thd1#2| () (_ BitVec 8)
    #x00)
  (define-fun |memory_model::choice_rf_0_74_0_45_F_66| () Bool
    true)
  (define-fun |y$r_buff1_thd0#2| () (_ BitVec 8)
    #x00)
  (define-fun |memory_model::choice_rf_3_7_0_44_F_65| () Bool
    true)
  (define-fun |y$r_buff0_thd3#2| () (_ BitVec 8)
    #x00)
  (define-fun |memory_model::choice_rf_1_4_0_42_F_64| () Bool
    true)
  (define-fun |y$r_buff0_thd1#2| () (_ BitVec 8)
    #x00)
  (define-fun |memory_model::choice_rf_0_77_0_41_F_63| () Bool
    true)
  (define-fun |y$r_buff0_thd0#2| () (_ BitVec 8)
    #x00)
  (define-fun |memory_model::choice_rf_0_71_0_70_F_45| () Bool
    true)
  (define-fun |main$tmp_guard0#3| () (_ BitVec 8)
    #x01)
  (define-fun |memory_model::choice_rf_0_71_0_32_F_44| () Bool
    false)
  (define-fun |goto_symex::&92;guard#3| () Bool
    true)
  (define-fun |main$tmp_guard1#6| () (_ BitVec 8)
    #x00)
  (define-fun |main$tmp_guard1#2| () (_ BitVec 8)
    #x00)
  (define-fun |__unbuffered_p0_EAX#8| () (_ BitVec 32)
    #x00000001)
  (define-fun |goto_symex::&92;guard#2| () Bool
    true)
  (define-fun |goto_symex::&92;guard#1| () Bool
    true)
  (define-fun |weak$$choice1#2| () (_ BitVec 8)
    #x01)
  (define-fun |y$r_buff1_thd0#7| () (_ BitVec 8)
    #x00)
  (define-fun |y$r_buff0_thd0#8| () (_ BitVec 8)
    #x00)
  (define-fun |y$w_buff1_used#6| () (_ BitVec 8)
    #x00)
  (define-fun |y$w_buff0_used#6| () (_ BitVec 8)
    #x00)
  (define-fun |y#4| () (_ BitVec 32)
    #x00000001)
  (define-fun B111 () Bool
    false)
  (define-fun B110 () Bool
    false)
  (define-fun B109 () Bool
    false)
  (define-fun |P2::$tmp::return_value___VERIFIER_nondet_pointer$1!3@1#1| () (_ BitVec 32)
    #x00000000)
  (define-fun B108 () Bool
    true)
  (define-fun |P1::$tmp::return_value___VERIFIER_nondet_pointer$1!2@1#1| () (_ BitVec 32)
    #x00000000)
  (define-fun B107 () Bool
    true)
  (define-fun |P0::$tmp::return_value___VERIFIER_nondet_pointer$1!1@1#1| () (_ BitVec 32)
    #x00000000)
  (define-fun B106 () Bool
    true)
  (define-fun |main::$tmp::::tmp_if_expr$1!0@1#1| () (_ BitVec 32)
    #x00000000)
  (define-fun B105 () Bool
    true)
  (define-fun |main::$tmp::::tmp_if_expr$2!0@1#1| () (_ BitVec 32)
    #x00000000)
  (define-fun B104 () Bool
    true)
  (define-fun |pthread_create::1::this_thread_id!0@3#1| () (_ BitVec 32)
    #x00000000)
  (define-fun B103 () Bool
    true)
  (define-fun |main::1::t2113!0@1#1| () (_ BitVec 32)
    #x00000000)
  (define-fun B102 () Bool
    true)
  (define-fun |pthread_create::1::this_thread_id!0@2#1| () (_ BitVec 32)
    #x00000000)
  (define-fun B101 () Bool
    true)
  (define-fun |main::1::t2112!0@1#1| () (_ BitVec 32)
    #x00000000)
  (define-fun B100 () Bool
    true)
  (define-fun |pthread_create::1::this_thread_id!0@1#1| () (_ BitVec 32)
    #x00000000)
  (define-fun B99 () Bool
    true)
  (define-fun |main::1::t2111!0@1#1| () (_ BitVec 32)
    #x00000000)
  (define-fun B98 () Bool
    true)
  (define-fun |__CPROVER_threads_exited#7| () (Array (_ BitVec 32) Bool)
    (store ((as const (Array (_ BitVec 32) Bool)) false) #x00000000 true))
  (define-fun |nondet_symex::nondet5| () (_ BitVec 32)
    #x00000000)
  (define-fun |P2#return_value!3#2| () (_ BitVec 32)
    #x00000000)
  (define-fun |P2::$tmp::return_value___VERIFIER_nondet_pointer$1!3@1#2| () (_ BitVec 32)
    #x00000000)
  (define-fun |__unbuffered_cnt#12| () (_ BitVec 32)
    #x00000001)
  (define-fun |__unbuffered_cnt#11| () (_ BitVec 32)
    #x00000000)
  (define-fun |y$r_buff1_thd3#4| () (_ BitVec 8)
    #x00)
  (define-fun |y$r_buff0_thd3#4| () (_ BitVec 8)
    #x00)
  (define-fun |y$w_buff1_used#14| () (_ BitVec 8)
    #x00)
  (define-fun |y$w_buff0_used#16| () (_ BitVec 8)
    #x00)
  (define-fun |y#13| () (_ BitVec 32)
    #x00000001)
  (define-fun |y#12| () (_ BitVec 32)
    #x00000001)
  (define-fun |y$w_buff1#8| () (_ BitVec 32)
    #x00000000)
  (define-fun |y$r_buff1_thd3#3| () (_ BitVec 8)
    #x00)
  (define-fun |y$w_buff1_used#13| () (_ BitVec 8)
    #x00)
  (define-fun |y$w_buff0#8| () (_ BitVec 32)
    #x00000000)
  (define-fun |y$r_buff0_thd3#3| () (_ BitVec 8)
    #x00)
  (define-fun |y$w_buff0_used#15| () (_ BitVec 8)
    #x00)
  (define-fun |y#10| () (_ BitVec 32)
    #x00000001)
  (define-fun |__unbuffered_p2_EAX#4| () (_ BitVec 32)
    #x00000002)
  (define-fun |x#9| () (_ BitVec 32)
    #x00000002)
  (define-fun |P2::arg!3@1#1| () (_ BitVec 32)
    #x00000000)
  (define-fun |__CPROVER_thread_id!3#2| () (_ BitVec 32)
    #x00000000)
  (define-fun |__CPROVER_threads_exited#5| () (Array (_ BitVec 32) Bool)
    (store (lambda ((x!1 (_ BitVec 32))) (= x!1 #x00000000)) #x00000000 true))
  (define-fun |nondet_symex::nondet4| () (_ BitVec 32)
    #x00000000)
  (define-fun |P1#return_value!2#2| () (_ BitVec 32)
    #x00000000)
  (define-fun |P1::$tmp::return_value___VERIFIER_nondet_pointer$1!2@1#2| () (_ BitVec 32)
    #x00000000)
  (define-fun |__unbuffered_cnt#9| () (_ BitVec 32)
    #x00000002)
  (define-fun |__unbuffered_cnt#8| () (_ BitVec 32)
    #x00000001)
  (define-fun |x#7| () (_ BitVec 32)
    #x00000002)
  (define-fun |x#6| () (_ BitVec 32)
    #x00000001)
  (define-fun |P1::arg!2@1#1| () (_ BitVec 32)
    #x00000000)
  (define-fun |__CPROVER_thread_id!2#2| () (_ BitVec 32)
    #x00000000)
  (define-fun |__CPROVER_threads_exited#3| () (Array (_ BitVec 32) Bool)
    (store (lambda ((x!1 (_ BitVec 32))) (= x!1 #x00000000)) #x00000000 true))
  (define-fun |nondet_symex::nondet3| () (_ BitVec 32)
    #x00000000)
  (define-fun |P0#return_value!1#2| () (_ BitVec 32)
    #x00000000)
  (define-fun |P0::$tmp::return_value___VERIFIER_nondet_pointer$1!1@1#2| () (_ BitVec 32)
    #x00000000)
  (define-fun |__unbuffered_cnt#6| () (_ BitVec 32)
    #x00000003)
  (define-fun |__unbuffered_cnt#5| () (_ BitVec 32)
    #x00000002)
  (define-fun |__unbuffered_p0_EBX#4| () (_ BitVec 32)
    #x00000000)
  (define-fun |x#5| () (_ BitVec 32)
    #x00000000)
  (define-fun |y$flush_delayed#3| () (_ BitVec 8)
    #x00)
  (define-fun |nondet_symex::nondet2| () Bool
    false)
  (define-fun |y#9| () (_ BitVec 32)
    #x00000000)
  (define-fun |__unbuffered_p0_EAX#11| () (_ BitVec 32)
    #x00000000)
  (define-fun |__unbuffered_p0_EAX$read_delayed_var#2| () (_ BitVec 32)
    #x08000000)
  (define-fun |__unbuffered_p0_EAX$read_delayed#4| () (_ BitVec 8)
    #x01)
  (define-fun |y$r_buff1_thd1#4| () (_ BitVec 8)
    #x00)
  (define-fun |y$r_buff0_thd1#4| () (_ BitVec 8)
    #x00)
  (define-fun |y$w_buff1_used#11| () (_ BitVec 8)
    #x00)
  (define-fun |y$w_buff0_used#13| () (_ BitVec 8)
    #x00)
  (define-fun |y$w_buff1#6| () (_ BitVec 32)
    #x00000000)
  (define-fun |y$w_buff0#6| () (_ BitVec 32)
    #x00000000)
  (define-fun |y#8| () (_ BitVec 32)
    #x00000000)
  (define-fun |y$w_buff1#5| () (_ BitVec 32)
    #x00000000)
  (define-fun |y$w_buff0#5| () (_ BitVec 32)
    #x00000000)
  (define-fun |y$r_buff1_thd1#3| () (_ BitVec 8)
    #x00)
  (define-fun |y$w_buff1_used#10| () (_ BitVec 8)
    #x00)
  (define-fun |y$r_buff0_thd1#3| () (_ BitVec 8)
    #x00)
  (define-fun |y$w_buff0_used#12| () (_ BitVec 8)
    #x00)
  (define-fun |y$mem_tmp#2| () (_ BitVec 32)
    #x00000000)
  (define-fun |y#7| () (_ BitVec 32)
    #x00000000)
  (define-fun |y$flush_delayed#2| () (_ BitVec 8)
    #x00)
  (define-fun |weak$$choice2#2| () (_ BitVec 8)
    #x00)
  (define-fun |nondet_symex::nondet1| () Bool
    false)
  (define-fun |weak$$choice0#2| () (_ BitVec 8)
    #x00)
  (define-fun |P0::arg!1@1#1| () (_ BitVec 32)
    #x00000000)
  (define-fun |__CPROVER_thread_id!1#2| () (_ BitVec 32)
    #x00000000)
  (define-fun |return'!0#1| () (_ BitVec 32)
    #x00000000)
  (define-fun |main#return_value!0#1| () (_ BitVec 32)
    #x00000000)
  (define-fun |__VERIFIER_assert::expression!0@1#1| () (_ BitVec 32)
    #x00000000)
  (define-fun |main$tmp_guard1#4| () (_ BitVec 8)
    #x00)
  (define-fun |__unbuffered_p2_EAX#3| () (_ BitVec 32)
    #x00000002)
  (define-fun |__unbuffered_p0_EBX#3| () (_ BitVec 32)
    #x00000000)
  (define-fun |__unbuffered_p0_EAX#10| () (_ BitVec 32)
    #x00000001)
  (define-fun |x#3| () (_ BitVec 32)
    #x00000002)
  (define-fun |__unbuffered_p0_EAX#9| () (_ BitVec 32)
    #x00000001)
  (define-fun |weak$$choice1#7| () (_ BitVec 8)
    #x01)
  (define-fun |__unbuffered_p0_EAX#7| () (_ BitVec 32)
    #x00000000)
  (define-fun |__unbuffered_p0_EAX$read_delayed_var$object#6| () (_ BitVec 32)
    #x00000001)
  (define-fun |main::$tmp::::tmp_if_expr$1!0@1#7| () (_ BitVec 32)
    #x00000001)
  (define-fun |main::$tmp::::tmp_if_expr$2!0@1#5| () (_ BitVec 32)
    #x00000001)
  (define-fun |__unbuffered_p0_EAX#2| () (_ BitVec 32)
    #x00000000)
  (define-fun |main::$tmp::::tmp_if_expr$2!0@1#4| () (_ BitVec 32)
    #x00000000)
  (define-fun |__unbuffered_p0_EAX#6| () (_ BitVec 32)
    #x00000000)
  (define-fun |weak$$choice1#6| () (_ BitVec 8)
    #x01)
  (define-fun |main::$tmp::::tmp_if_expr$2!0@1#3| () (_ BitVec 32)
    #x00000000)
  (define-fun |__unbuffered_p0_EAX#5| () (_ BitVec 32)
    #x00000000)
  (define-fun |main::$tmp::::tmp_if_expr$1!0@1#0| () (_ BitVec 32)
    #x00000000)
  (define-fun |main::$tmp::::tmp_if_expr$1!0@1#6| () (_ BitVec 32)
    #x00000000)
  (define-fun |__unbuffered_p0_EAX$read_delayed_var$object#0| () (_ BitVec 32)
    #x00000000)
  (define-fun |__unbuffered_p0_EAX$read_delayed_var$object#5| () (_ BitVec 32)
    #x00000000)
  (define-fun |main::$tmp::::tmp_if_expr$2!0@1#2| () (_ BitVec 32)
    #x00000001)
  (define-fun |__unbuffered_p0_EAX#4| () (_ BitVec 32)
    #x00000000)
  (define-fun |__unbuffered_p0_EAX$read_delayed_var$object#4| () (_ BitVec 32)
    #x00000001)
  (define-fun |main::$tmp::::tmp_if_expr$1!0@1#5| () (_ BitVec 32)
    #x00000001)
  (define-fun |main::$tmp::::tmp_if_expr$1!0@1#4| () (_ BitVec 32)
    #x00000000)
  (define-fun |__unbuffered_p0_EAX#3| () (_ BitVec 32)
    #x00000000)
  (define-fun |main::$tmp::::tmp_if_expr$1!0@1#3| () (_ BitVec 32)
    #x00000000)
  (define-fun |__unbuffered_p0_EAX$read_delayed_var$object#3| () (_ BitVec 32)
    #x00000000)
  (define-fun |main::$tmp::::tmp_if_expr$1!0@1#2| () (_ BitVec 32)
    #x00000001)
  (define-fun |__unbuffered_p0_EAX$read_delayed_var$object#2| () (_ BitVec 32)
    #x00000001)
  (define-fun |weak$$choice1#5| () (_ BitVec 8)
    #x01)
  (define-fun |__unbuffered_p0_EAX$read_delayed#3| () (_ BitVec 8)
    #x01)
  (define-fun |weak$$choice1#4| () (_ BitVec 8)
    #x01)
  (define-fun |y$r_buff1_thd0#8| () (_ BitVec 8)
    #x00)
  (define-fun |y$r_buff1_thd0#6| () (_ BitVec 8)
    #x00)
  (define-fun |y$r_buff1_thd0#5| () (_ BitVec 8)
    #x00)
  (define-fun |y$w_buff1_used#8| () (_ BitVec 8)
    #x00)
  (define-fun |y$r_buff0_thd0#10| () (_ BitVec 8)
    #x00)
  (define-fun |y$w_buff0_used#10| () (_ BitVec 8)
    #x00)
  (define-fun |y$r_buff0_thd0#9| () (_ BitVec 8)
    #x00)
  (define-fun |y$r_buff0_thd0#7| () (_ BitVec 8)
    #x00)
  (define-fun |y$r_buff0_thd0#6| () (_ BitVec 8)
    #x00)
  (define-fun |y$w_buff0_used#9| () (_ BitVec 8)
    #x00)
  (define-fun |y$w_buff1_used#7| () (_ BitVec 8)
    #x00)
  (define-fun |y$w_buff1_used#5| () (_ BitVec 8)
    #x00)
  (define-fun |y$r_buff1_thd0#4| () (_ BitVec 8)
    #x00)
  (define-fun |y$w_buff1_used#4| () (_ BitVec 8)
    #x00)
  (define-fun |y$r_buff0_thd0#5| () (_ BitVec 8)
    #x00)
  (define-fun |y$w_buff0_used#8| () (_ BitVec 8)
    #x00)
  (define-fun |y$w_buff0_used#7| () (_ BitVec 8)
    #x00)
  (define-fun |y$w_buff0_used#5| () (_ BitVec 8)
    #x00)
  (define-fun |y$r_buff0_thd0#4| () (_ BitVec 8)
    #x00)
  (define-fun |y$w_buff0_used#4| () (_ BitVec 8)
    #x00)
  (define-fun |y#5| () (_ BitVec 32)
    #x00000001)
  (define-fun |y#3| () (_ BitVec 32)
    #x00000001)
  (define-fun |y$w_buff1#3| () (_ BitVec 32)
    #x00000000)
  (define-fun |y$r_buff1_thd0#3| () (_ BitVec 8)
    #x00)
  (define-fun |y$w_buff1_used#3| () (_ BitVec 8)
    #x00)
  (define-fun |y$w_buff0#3| () (_ BitVec 32)
    #x00000000)
  (define-fun |y$r_buff0_thd0#3| () (_ BitVec 8)
    #x00)
  (define-fun |y$w_buff0_used#3| () (_ BitVec 8)
    #x00)
  (define-fun |main$tmp_guard0#2| () (_ BitVec 8)
    #x01)
  (define-fun |__unbuffered_cnt#3| () (_ BitVec 32)
    #x00000003)
  (define-fun |pthread_create#return_value!0#3| () (_ BitVec 32)
    #x00000000)
  (define-fun |__VERIFIER_nondet_pointer#return_value!3#1| () (_ BitVec 32)
    #x00000000)
  (define-fun |__VERIFIER_nondet_bool#return_value!3#1| () (_ BitVec 8)
    #x00)
  (define-fun |P1#return_value!3#1| () (_ BitVec 32)
    #x00000000)
  (define-fun |main#return_value!3#1| () (_ BitVec 32)
    #x00000000)
  (define-fun |__CPROVER_thread_id!3#1| () (_ BitVec 32)
    #x00000000)
  (define-fun |__CPROVER_rounding_mode!3#1| () (_ BitVec 32)
    #x00000000)
  (define-fun |pthread_create#return_value!3#1| () (_ BitVec 32)
    #x00000000)
  (define-fun |P2#return_value!3#1| () (_ BitVec 32)
    #x00000000)
  (define-fun |P0#return_value!3#1| () (_ BitVec 32)
    #x00000000)
  (define-fun |pthread_create::arg!3@0#1| () (_ BitVec 32)
    #x00000000)
  (define-fun |pthread_create::start_routine!3@0#1| () (_ BitVec 32)
    #x07000000)
  (define-fun |pthread_create::attr!3@0#1| () (_ BitVec 32)
    #x00000000)
  (define-fun |pthread_create::thread!3@0#1| () (_ BitVec 32)
    #x06000000)
  (define-fun |main::1::t2113!0@1#2| () (_ BitVec 32)
    #x00000003)
  (define-fun |pthread_create::1::this_thread_id!0@3#2| () (_ BitVec 32)
    #x00000003)
  (define-fun |__CPROVER_next_thread_id#8| () (_ BitVec 32)
    #x00000003)
  (define-fun |__CPROVER_next_thread_id#7| () (_ BitVec 32)
    #x00000002)
  (define-fun |pthread_create::arg!0@3#1| () (_ BitVec 32)
    #x00000000)
  (define-fun |pthread_create::start_routine!0@3#1| () (_ BitVec 32)
    #x07000000)
  (define-fun |pthread_create::attr!0@3#1| () (_ BitVec 32)
    #x00000000)
  (define-fun |pthread_create::thread!0@3#1| () (_ BitVec 32)
    #x06000000)
  (define-fun |pthread_create#return_value!0#2| () (_ BitVec 32)
    #x00000000)
  (define-fun |__VERIFIER_nondet_pointer#return_value!2#1| () (_ BitVec 32)
    #x00000000)
  (define-fun |__VERIFIER_nondet_bool#return_value!2#1| () (_ BitVec 8)
    #x00)
  (define-fun |P1#return_value!2#1| () (_ BitVec 32)
    #x00000000)
  (define-fun |main#return_value!2#1| () (_ BitVec 32)
    #x00000000)
  (define-fun |__CPROVER_thread_id!2#1| () (_ BitVec 32)
    #x00000000)
  (define-fun |__CPROVER_rounding_mode!2#1| () (_ BitVec 32)
    #x00000000)
  (define-fun |pthread_create#return_value!2#1| () (_ BitVec 32)
    #x00000000)
  (define-fun |P2#return_value!2#1| () (_ BitVec 32)
    #x00000000)
  (define-fun |P0#return_value!2#1| () (_ BitVec 32)
    #x00000000)
  (define-fun |pthread_create::arg!2@0#1| () (_ BitVec 32)
    #x00000000)
  (define-fun |pthread_create::start_routine!2@0#1| () (_ BitVec 32)
    #x05000000)
  (define-fun |pthread_create::attr!2@0#1| () (_ BitVec 32)
    #x00000000)
  (define-fun |pthread_create::thread!2@0#1| () (_ BitVec 32)
    #x04000000)
  (define-fun |main::1::t2112!0@1#2| () (_ BitVec 32)
    #x00000002)
  (define-fun |pthread_create::1::this_thread_id!0@2#2| () (_ BitVec 32)
    #x00000002)
  (define-fun |__CPROVER_next_thread_id#5| () (_ BitVec 32)
    #x00000002)
  (define-fun |__CPROVER_next_thread_id#4| () (_ BitVec 32)
    #x00000001)
  (define-fun |pthread_create::arg!0@2#1| () (_ BitVec 32)
    #x00000000)
  (define-fun |pthread_create::start_routine!0@2#1| () (_ BitVec 32)
    #x05000000)
  (define-fun |pthread_create::attr!0@2#1| () (_ BitVec 32)
    #x00000000)
  (define-fun |pthread_create::thread!0@2#1| () (_ BitVec 32)
    #x04000000)
  (define-fun |pthread_create#return_value!0#1| () (_ BitVec 32)
    #x00000000)
  (define-fun |__VERIFIER_nondet_pointer#return_value!1#1| () (_ BitVec 32)
    #x00000000)
  (define-fun |__VERIFIER_nondet_bool#return_value!1#1| () (_ BitVec 8)
    #x00)
  (define-fun |P1#return_value!1#1| () (_ BitVec 32)
    #x00000000)
  (define-fun |main#return_value!1#1| () (_ BitVec 32)
    #x00000000)
  (define-fun |__CPROVER_thread_id!1#1| () (_ BitVec 32)
    #x00000000)
  (define-fun |__CPROVER_rounding_mode!1#1| () (_ BitVec 32)
    #x00000000)
  (define-fun |pthread_create#return_value!1#1| () (_ BitVec 32)
    #x00000000)
  (define-fun |P2#return_value!1#1| () (_ BitVec 32)
    #x00000000)
  (define-fun |P0#return_value!1#1| () (_ BitVec 32)
    #x00000000)
  (define-fun |pthread_create::arg!1@0#1| () (_ BitVec 32)
    #x00000000)
  (define-fun |pthread_create::start_routine!1@0#1| () (_ BitVec 32)
    #x03000000)
  (define-fun |pthread_create::attr!1@0#1| () (_ BitVec 32)
    #x00000000)
  (define-fun |pthread_create::thread!1@0#1| () (_ BitVec 32)
    #x02000000)
  (define-fun |main::1::t2111!0@1#2| () (_ BitVec 32)
    #x00000001)
  (define-fun |pthread_create::1::this_thread_id!0@1#2| () (_ BitVec 32)
    #x00000001)
  (define-fun |__CPROVER_next_thread_id#2| () (_ BitVec 32)
    #x00000001)
  (define-fun |pthread_create::arg!0@1#1| () (_ BitVec 32)
    #x00000000)
  (define-fun |pthread_create::start_routine!0@1#1| () (_ BitVec 32)
    #x03000000)
  (define-fun |pthread_create::attr!0@1#1| () (_ BitVec 32)
    #x00000000)
  (define-fun |pthread_create::thread!0@1#1| () (_ BitVec 32)
    #x02000000)
  (define-fun |y$w_buff1_used#1| () (_ BitVec 8)
    #x00)
  (define-fun |y$w_buff1#1| () (_ BitVec 32)
    #x00000000)
  (define-fun |y$w_buff0_used#1| () (_ BitVec 8)
    #x00)
  (define-fun |y$w_buff0#1| () (_ BitVec 32)
    #x00000000)
  (define-fun |y$read_delayed_var#1| () (_ BitVec 32)
    #x00000000)
  (define-fun |y$read_delayed#1| () (_ BitVec 8)
    #x00)
  (define-fun |y$r_buff1_thd3#1| () (_ BitVec 8)
    #x00)
  (define-fun |y$r_buff1_thd2#1| () (_ BitVec 8)
    #x00)
  (define-fun |y$r_buff1_thd1#1| () (_ BitVec 8)
    #x00)
  (define-fun |y$r_buff1_thd0#1| () (_ BitVec 8)
    #x00)
  (define-fun |y$r_buff0_thd3#1| () (_ BitVec 8)
    #x00)
  (define-fun |y$r_buff0_thd2#1| () (_ BitVec 8)
    #x00)
  (define-fun |y$r_buff0_thd1#1| () (_ BitVec 8)
    #x00)
  (define-fun |y$r_buff0_thd0#1| () (_ BitVec 8)
    #x00)
  (define-fun |y$mem_tmp#1| () (_ BitVec 32)
    #x00000000)
  (define-fun |y$flush_delayed#1| () (_ BitVec 8)
    #x00)
  (define-fun |y#1| () (_ BitVec 32)
    #x00000000)
  (define-fun |x#1| () (_ BitVec 32)
    #x00000000)
  (define-fun |weak$$choice2#1| () (_ BitVec 8)
    #x00)
  (define-fun |weak$$choice1#1| () (_ BitVec 8)
    #x00)
  (define-fun |weak$$choice0#1| () (_ BitVec 8)
    #x00)
  (define-fun |main$tmp_guard1#1| () (_ BitVec 8)
    #x00)
  (define-fun |main$tmp_guard0#1| () (_ BitVec 8)
    #x00)
  (define-fun |__unbuffered_p2_EAX#1| () (_ BitVec 32)
    #x00000000)
  (define-fun |__unbuffered_p0_EBX#1| () (_ BitVec 32)
    #x00000000)
  (define-fun |__unbuffered_p0_EAX$w_buff1_used#1| () (_ BitVec 8)
    #x00)
  (define-fun |__unbuffered_p0_EAX$w_buff1#1| () (_ BitVec 32)
    #x00000000)
  (define-fun |__unbuffered_p0_EAX$w_buff0_used#1| () (_ BitVec 8)
    #x00)
  (define-fun |__unbuffered_p0_EAX$w_buff0#1| () (_ BitVec 32)
    #x00000000)
  (define-fun |__unbuffered_p0_EAX$read_delayed_var#1| () (_ BitVec 32)
    #x00000000)
  (define-fun |__unbuffered_p0_EAX$read_delayed#1| () (_ BitVec 8)
    #x00)
  (define-fun |__unbuffered_p0_EAX$r_buff1_thd3#1| () (_ BitVec 8)
    #x00)
  (define-fun |__unbuffered_p0_EAX$r_buff1_thd2#1| () (_ BitVec 8)
    #x00)
  (define-fun |__unbuffered_p0_EAX$r_buff1_thd1#1| () (_ BitVec 8)
    #x00)
  (define-fun |__unbuffered_p0_EAX$r_buff1_thd0#1| () (_ BitVec 8)
    #x00)
  (define-fun |__unbuffered_p0_EAX$r_buff0_thd3#1| () (_ BitVec 8)
    #x00)
  (define-fun |__unbuffered_p0_EAX$r_buff0_thd2#1| () (_ BitVec 8)
    #x00)
  (define-fun |__unbuffered_p0_EAX$r_buff0_thd1#1| () (_ BitVec 8)
    #x00)
  (define-fun |__unbuffered_p0_EAX$r_buff0_thd0#1| () (_ BitVec 8)
    #x00)
  (define-fun |__unbuffered_p0_EAX$mem_tmp#1| () (_ BitVec 32)
    #x00000000)
  (define-fun |__unbuffered_p0_EAX$flush_delayed#1| () (_ BitVec 8)
    #x00)
  (define-fun |__unbuffered_p0_EAX#1| () (_ BitVec 32)
    #x00000000)
  (define-fun |__unbuffered_cnt#1| () (_ BitVec 32)
    #x00000000)
  (define-fun |__CPROVER_threads_exited#1| () (Array (_ BitVec 32) Bool)
    ((as const (Array (_ BitVec 32) Bool)) false))
  (define-fun |__CPROVER_thread_id!0#1| () (_ BitVec 32)
    #x00000000)
  (define-fun |__CPROVER_rounding_mode!0#1| () (_ BitVec 32)
    #x00000000)
  (define-fun |__CPROVER_pipe_count#1| () (_ BitVec 32)
    #x00000000)
  (define-fun |__CPROVER_next_thread_id#1| () (_ BitVec 32)
    #x00000000)
  (define-fun |__CPROVER_memory_leak#1| () (_ BitVec 32)
    #x00000000)
  (define-fun |__CPROVER_malloc_size#1| () (_ BitVec 32)
    #x00000000)
  (define-fun |__CPROVER_malloc_object#1| () (_ BitVec 32)
    #x00000000)
  (define-fun |__CPROVER_malloc_is_new_array#1| () Bool
    false)
  (define-fun |__CPROVER_deallocated#1| () (_ BitVec 32)
    #x00000000)
  (define-fun |__CPROVER_dead_object#1| () (_ BitVec 32)
    #x00000000)
  (define-fun B97 () Bool
    false)
  (define-fun B96 () Bool
    false)
  (define-fun B95 () Bool
    false)
  (define-fun B94 () Bool
    false)
  (define-fun B93 () Bool
    false)
  (define-fun B92 () Bool
    false)
  (define-fun B91 () Bool
    true)
  (define-fun B90 () Bool
    true)
  (define-fun B89 () Bool
    true)
  (define-fun B88 () Bool
    true)
  (define-fun B87 () Bool
    true)
  (define-fun B86 () Bool
    true)
  (define-fun B85 () Bool
    true)
  (define-fun B84 () Bool
    true)
  (define-fun B83 () Bool
    true)
  (define-fun B82 () Bool
    true)
  (define-fun B81 () Bool
    true)
  (define-fun B80 () Bool
    false)
  (define-fun B79 () Bool
    true)
  (define-fun B78 () Bool
    true)
  (define-fun B77 () Bool
    false)
  (define-fun B76 () Bool
    false)
  (define-fun B75 () Bool
    true)
  (define-fun B74 () Bool
    true)
  (define-fun B73 () Bool
    true)
  (define-fun B72 () Bool
    true)
  (define-fun B71 () Bool
    true)
  (define-fun B70 () Bool
    true)
  (define-fun B69 () Bool
    true)
  (define-fun B68 () Bool
    true)
  (define-fun B67 () Bool
    true)
  (define-fun B66 () Bool
    true)
  (define-fun B65 () Bool
    true)
  (define-fun B64 () Bool
    false)
  (define-fun B63 () Bool
    false)
  (define-fun B62 () Bool
    true)
  (define-fun B61 () Bool
    true)
  (define-fun B60 () Bool
    false)
  (define-fun B59 () Bool
    false)
  (define-fun B58 () Bool
    true)
  (define-fun B57 () Bool
    true)
  (define-fun B56 () Bool
    true)
  (define-fun B55 () Bool
    true)
  (define-fun B54 () Bool
    true)
  (define-fun B53 () Bool
    true)
  (define-fun B52 () Bool
    true)
  (define-fun B51 () Bool
    true)
  (define-fun B50 () Bool
    true)
  (define-fun B49 () Bool
    true)
  (define-fun B48 () Bool
    true)
  (define-fun B47 () Bool
    true)
  (define-fun B46 () Bool
    true)
  (define-fun B45 () Bool
    true)
  (define-fun B44 () Bool
    true)
  (define-fun B43 () Bool
    true)
  (define-fun B42 () Bool
    true)
  (define-fun B41 () Bool
    true)
  (define-fun B40 () Bool
    true)
  (define-fun B39 () Bool
    true)
  (define-fun B38 () Bool
    true)
  (define-fun B37 () Bool
    true)
  (define-fun B36 () Bool
    true)
  (define-fun B35 () Bool
    true)
  (define-fun B34 () Bool
    true)
  (define-fun B33 () Bool
    true)
  (define-fun B32 () Bool
    true)
  (define-fun B31 () Bool
    true)
  (define-fun B30 () Bool
    true)
  (define-fun B29 () Bool
    true)
  (define-fun B28 () Bool
    true)
  (define-fun B27 () Bool
    true)
  (define-fun B26 () Bool
    true)
  (define-fun B25 () Bool
    true)
  (define-fun B24 () Bool
    true)
  (define-fun B23 () Bool
    true)
  (define-fun B22 () Bool
    true)
  (define-fun B21 () Bool
    true)
  (define-fun B20 () Bool
    true)
  (define-fun B19 () Bool
    true)
  (define-fun B18 () Bool
    true)
  (define-fun B17 () Bool
    true)
  (define-fun B16 () Bool
    true)
  (define-fun B15 () Bool
    true)
  (define-fun B14 () Bool
    true)
  (define-fun B13 () Bool
    true)
  (define-fun B12 () Bool
    true)
  (define-fun B11 () Bool
    true)
  (define-fun B10 () Bool
    true)
  (define-fun B9 () Bool
    true)
  (define-fun B8 () Bool
    true)
  (define-fun B7 () Bool
    true)
  (define-fun B6 () Bool
    true)
  (define-fun B5 () Bool
    true)
  (define-fun B4 () Bool
    true)
  (define-fun B3 () Bool
    true)
  (define-fun B2 () Bool
    true)
  (define-fun B1 () Bool
    true)
  (define-fun B0 () Bool
    true)
  (define-fun |main::1::t2111!0@1| () (_ BitVec 32)
    #x00000000)
  (define-fun |main::1::t2112!0@1| () (_ BitVec 32)
    #x00000000)
  (define-fun |main::1::t2113!0@1| () (_ BitVec 32)
    #x00000000)
  (define-fun y () (_ BitVec 32)
    #x00000000)
)
(:added-eqs                      277
 :arith-bound-propagations-cheap 45
 :arith-bound-propagations-lp    121
 :arith-conflicts                3
 :arith-lower                    114
 :arith-make-feasible            36
 :arith-max-columns              253
 :arith-max-rows                 171
 :arith-propagations             45
 :arith-upper                    107
 :array-ax1                      3
 :array-def-store                3
 :binary-propagations            681
 :bv-bit2core                    1081
 :bv-diseqs                      4
 :bv->core-eq                    18
 :conflicts                      11
 :decisions                      182
 :del-clause                     214
 :eliminated-applications        33
 :eliminated-vars                91
 :final-checks                   2
 :max-memory                     5.77
 :memory                         3.74
 :minimized-lits                 5
 :mk-bool-var                    1456
 :mk-clause                      876
 :num-allocs                     3134424
 :num-checks                     1
 :propagations                   1113
 :rlimit-count                   842098
 :time                           0.02
 :total-time                     0.09)

real	0m0.098s
user	0m0.095s
sys	0m0.003s
State: AC Run_time: 0.1002047061920166