num of guard = 7
num of elim = 119
num of guard = 7
num of elim = 0
sat
((|B0| true))
((|B1| true))
((|B10| true))
((|B100| false))
((|B101| true))
((|B102| true))
((|B103| true))
((|B104| true))
((|B105| true))
((|B106| true))
((|B107| true))
((|B108| true))
((|B109| true))
((|B11| true))
((|B110| true))
((|B111| true))
((|B112| true))
((|B113| true))
((|B114| true))
((|B115| true))
((|B116| true))
((|B117| true))
((|B118| true))
((|B119| true))
((|B12| true))
((|B120| true))
((|B121| true))
((|B122| true))
((|B123| true))
((|B124| true))
((|B125| true))
((|B126| true))
((|B127| true))
((|B128| true))
((|B129| true))
((|B13| true))
((|B130| true))
((|B131| true))
((|B132| true))
((|B133| true))
((|B134| true))
((|B135| true))
((|B136| true))
((|B137| true))
((|B138| true))
((|B139| true))
((|B14| true))
((|B140| true))
((|B141| true))
((|B142| true))
((|B143| true))
((|B144| true))
((|B145| true))
((|B146| true))
((|B147| true))
((|B148| true))
((|B149| true))
((|B15| true))
((|B150| true))
((|B151| true))
((|B152| true))
((|B153| true))
((|B154| true))
((|B155| true))
((|B156| true))
((|B157| true))
((|B158| true))
((|B159| true))
((|B16| true))
((|B160| true))
((|B161| true))
((|B162| true))
((|B163| true))
((|B164| true))
((|B165| true))
((|B166| true))
((|B167| true))
((|B168| true))
((|B169| true))
((|B17| true))
((|B170| true))
((|B171| true))
((|B172| true))
((|B173| true))
((|B174| true))
((|B175| true))
((|B176| true))
((|B177| true))
((|B178| true))
((|B179| true))
((|B18| true))
((|B180| true))
((|B181| true))
((|B182| true))
((|B183| true))
((|B184| true))
((|B185| true))
((|B186| true))
((|B187| true))
((|B188| true))
((|B189| true))
((|B19| true))
((|B190| true))
((|B191| true))
((|B192| true))
((|B193| true))
((|B194| true))
((|B195| true))
((|B196| true))
((|B197| true))
((|B198| true))
((|B199| true))
((|B2| true))
((|B20| true))
((|B200| true))
((|B201| true))
((|B202| true))
((|B203| false))
((|B204| true))
((|B205| false))
((|B206| false))
((|B207| false))
((|B208| true))
((|B21| true))
((|B22| true))
((|B23| true))
((|B24| true))
((|B25| true))
((|B26| true))
((|B27| true))
((|B28| true))
((|B29| true))
((|B3| true))
((|B30| true))
((|B31| true))
((|B32| true))
((|B33| true))
((|B34| true))
((|B35| true))
((|B36| true))
((|B37| true))
((|B38| true))
((|B39| true))
((|B4| true))
((|B40| true))
((|B41| true))
((|B42| true))
((|B43| true))
((|B44| true))
((|B45| true))
((|B46| true))
((|B47| true))
((|B48| true))
((|B49| true))
((|B5| true))
((|B50| true))
((|B51| true))
((|B52| true))
((|B53| true))
((|B54| true))
((|B55| true))
((|B56| true))
((|B57| true))
((|B58| true))
((|B59| true))
((|B6| true))
((|B60| true))
((|B61| false))
((|B62| false))
((|B63| true))
((|B64| true))
((|B65| false))
((|B66| false))
((|B67| true))
((|B68| true))
((|B69| true))
((|B7| true))
((|B70| true))
((|B71| true))
((|B72| true))
((|B73| true))
((|B74| true))
((|B75| false))
((|B76| true))
((|B77| true))
((|B78| false))
((|B79| true))
((|B8| true))
((|B80| true))
((|B81| true))
((|B82| false))
((|B83| true))
((|B84| true))
((|B85| true))
((|B86| true))
((|B87| true))
((|B88| true))
((|B89| true))
((|B9| true))
((|B90| true))
((|B91| true))
((|B92| true))
((|B93| true))
((|B94| false))
((|B95| false))
((|B96| false))
((|B97| false))
((|B98| false))
((|B99| false))
((|P0#return_value!1#1| #x00000000))
((|P0#return_value!1#2| #x00000000))
((|P0#return_value!2#1| #x00000000))
((|P0#return_value!3#1| #x00000000))
((|P0::$tmp::return_value___VERIFIER_nondet_pointer$1!1@1#1| #x00000000))
((|P0::$tmp::return_value___VERIFIER_nondet_pointer$1!1@1#2| #x00000000))
((|P0::arg!1@1#1| #x00000000))
((|P1#return_value!1#1| #x00000000))
((|P1#return_value!2#1| #x00000000))
((|P1#return_value!2#2| #x00000000))
((|P1#return_value!3#1| #x00000000))
((|P1::$tmp::return_value___VERIFIER_nondet_pointer$1!2@1#1| #x00000000))
((|P1::$tmp::return_value___VERIFIER_nondet_pointer$1!2@1#2| #xffffffff))
((|P1::$tmp::return_value___VERIFIER_nondet_pointer$2!2@1#1| #x00000000))
((|P1::$tmp::return_value___VERIFIER_nondet_pointer$2!2@1#2| #xffffffff))
((|P1::$tmp::return_value___VERIFIER_nondet_pointer$3!2@1#1| #x00000000))
((|P1::$tmp::return_value___VERIFIER_nondet_pointer$3!2@1#2| #xffffffff))
((|P1::$tmp::return_value___VERIFIER_nondet_pointer$4!2@1#1| #x00000000))
((|P1::$tmp::return_value___VERIFIER_nondet_pointer$4!2@1#2| #x00000000))
((|P1::arg!2@1#1| #x00000000))
((|P2#return_value!1#1| #x00000000))
((|P2#return_value!2#1| #x00000000))
((|P2#return_value!3#1| #x00000000))
((|P2#return_value!3#2| #x00000000))
((|P2::$tmp::return_value___VERIFIER_nondet_pointer$1!3@1#1| #x00000000))
((|P2::$tmp::return_value___VERIFIER_nondet_pointer$1!3@1#2| #x00000000))
((|P2::arg!3@1#1| #x00000000))
((|__CPROVER_dead_object#1| #x00000000))
((|__CPROVER_dead_object#1$wclk$8| (- 76)))
((|__CPROVER_deallocated#1| #x00000000))
((|__CPROVER_deallocated#1$wclk$8| (- 75)))
((|__CPROVER_malloc_is_new_array#1| false))
((|__CPROVER_malloc_is_new_array#1$wclk$8| (- 74)))
((|__CPROVER_malloc_object#1| #x00000000))
((|__CPROVER_malloc_object#1$wclk$8| (- 73)))
((|__CPROVER_malloc_size#1| #x00000000))
((|__CPROVER_malloc_size#1$wclk$8| (- 72)))
((|__CPROVER_memory_leak#1| #x00000000))
((|__CPROVER_memory_leak#1$wclk$8| (- 71)))
((|__CPROVER_next_thread_id#1| #x00000000))
((|__CPROVER_next_thread_id#1$wclk$8| (- 70)))
((|__CPROVER_next_thread_id#2| #x00000001))
((|__CPROVER_next_thread_id#2$wclk$8| (- 23)))
((|__CPROVER_next_thread_id#3| #x00000001))
((|__CPROVER_next_thread_id#3$rclk$8| (- 19)))
((|__CPROVER_next_thread_id#4| #x00000001))
((|__CPROVER_next_thread_id#5| #x00000002))
((|__CPROVER_next_thread_id#5$wclk$8| (- 19)))
((|__CPROVER_next_thread_id#6| #x00000002))
((|__CPROVER_next_thread_id#6$rclk$8| (- 15)))
((|__CPROVER_next_thread_id#7| #x00000002))
((|__CPROVER_next_thread_id#8| #x00000003))
((|__CPROVER_next_thread_id#8$wclk$8| (- 15)))
((|__CPROVER_pipe_count#1| #x00000000))
((|__CPROVER_pipe_count#1$wclk$8| (- 69)))
((|__CPROVER_rounding_mode!0#1| #x00000000))
((|__CPROVER_rounding_mode!1#1| #x00000000))
((|__CPROVER_rounding_mode!2#1| #x00000000))
((|__CPROVER_rounding_mode!3#1| #x00000000))
((|__CPROVER_thread_id!0#1| #x00000000))
((|__CPROVER_thread_id!1#1| #x00000000))
((|__CPROVER_thread_id!1#2| #x00004000))
((|__CPROVER_thread_id!2#1| #x00000000))
((|__CPROVER_thread_id!2#2| #x00000000))
((|__CPROVER_thread_id!3#1| #x00000000))
((|__CPROVER_thread_id!3#2| #x00000000))
((|__CPROVER_threads_exited#1| ((as const (Array (_ BitVec 32) Bool)) false)))
((|__CPROVER_threads_exited#1$wclk$8| (- 68)))
((|__CPROVER_threads_exited#2| ((as const (Array (_ BitVec 32) Bool)) false)))
((|__CPROVER_threads_exited#2$rclk$8| (- 4)))
((|__CPROVER_threads_exited#3| (store ((as const (Array (_ BitVec 32) Bool)) false) #x00004000 true)))
((|__CPROVER_threads_exited#3$wclk$8| (- 1)))
((|__CPROVER_threads_exited#4| ((as const (Array (_ BitVec 32) Bool)) false)))
((|__CPROVER_threads_exited#4$rclk$8| (- 3)))
((|__CPROVER_threads_exited#5| (store ((as const (Array (_ BitVec 32) Bool)) false) #x00000000 true)))
((|__CPROVER_threads_exited#5$wclk$8| 0))
((|__CPROVER_threads_exited#6| ((as const (Array (_ BitVec 32) Bool)) false)))
((|__CPROVER_threads_exited#6$rclk$8| (- 5)))
((|__CPROVER_threads_exited#7| (store ((as const (Array (_ BitVec 32) Bool)) false) #x00000000 true)))
((|__CPROVER_threads_exited#7$wclk$8| (- 2)))
((|__VERIFIER_assert::expression!0@1#1| #x00000000))
((|__VERIFIER_assert::expression!1@1#1| #x00000001))
((|__VERIFIER_nondet_pointer#return_value!1#1| #x00000000))
((|__VERIFIER_nondet_pointer#return_value!2#1| #x00000000))
((|__VERIFIER_nondet_pointer#return_value!3#1| #x00000000))
((|__unbuffered_cnt#1| #x00000000))
((|__unbuffered_cnt#1$wclk$8| (- 67)))
((|__unbuffered_cnt#10| #x00000003))
((|__unbuffered_cnt#10$wclk$8| (- 4)))
((|__unbuffered_cnt#11| #x00000000))
((|__unbuffered_cnt#11$rclk$8| (- 6)))
((|__unbuffered_cnt#12| #x00000000))
((|__unbuffered_cnt#13| #x00000001))
((|__unbuffered_cnt#13$wclk$8| (- 6)))
((|__unbuffered_cnt#2| #x00000003))
((|__unbuffered_cnt#2$rclk$8| (- 3)))
((|__unbuffered_cnt#3| #x00000003))
((|__unbuffered_cnt#4| #x00000001))
((|__unbuffered_cnt#4$rclk$8| (- 5)))
((|__unbuffered_cnt#5| #x00000001))
((|__unbuffered_cnt#6| #x00000002))
((|__unbuffered_cnt#7| #x00000002))
((|__unbuffered_cnt#7$wclk$8| (- 5)))
((|__unbuffered_cnt#8| #x00000002))
((|__unbuffered_cnt#8$rclk$8| (- 4)))
((|__unbuffered_cnt#9| #x00000002))
((|__unbuffered_p0_EAX#1| #x00000000))
((|__unbuffered_p0_EAX#1$wclk$8| (- 66)))
((|__unbuffered_p0_EAX#2| #x00000002))
((|__unbuffered_p0_EAX#2$rclk$8| 0))
((|__unbuffered_p0_EAX#3| #x00000002))
((|__unbuffered_p0_EAX#4| #x00000002))
((|__unbuffered_p0_EAX#4$wclk$8| (- 10)))
((|__unbuffered_p1_EAX#1| #x00000000))
((|__unbuffered_p1_EAX#1$wclk$8| (- 65)))
((|__unbuffered_p1_EAX#10| #x00000001))
((|__unbuffered_p1_EAX#10$wclk$8| 0))
((|__unbuffered_p1_EAX#11| #x00000000))
((|__unbuffered_p1_EAX#11$wclk$8| (- 16)))
((|__unbuffered_p1_EAX#2| #x00000000))
((|__unbuffered_p1_EAX#2$rclk$8| 0))
((|__unbuffered_p1_EAX#3| #x00000000))
((|__unbuffered_p1_EAX#4| #x00000000))
((|__unbuffered_p1_EAX#5| #x00000000))
((|__unbuffered_p1_EAX#6| #x00000000))
((|__unbuffered_p1_EAX#7| #x00000000))
((|__unbuffered_p1_EAX#8| #x00000001))
((|__unbuffered_p1_EAX#9| #x00000001))
((|__unbuffered_p1_EAX$flush_delayed#1| #x00))
((|__unbuffered_p1_EAX$flush_delayed#1$wclk$8| (- 64)))
((|__unbuffered_p1_EAX$mem_tmp#1| #x00000000))
((|__unbuffered_p1_EAX$mem_tmp#1$wclk$8| (- 63)))
((|__unbuffered_p1_EAX$r_buff0_thd0#1| #x00))
((|__unbuffered_p1_EAX$r_buff0_thd0#1$wclk$8| (- 62)))
((|__unbuffered_p1_EAX$r_buff0_thd1#1| #x00))
((|__unbuffered_p1_EAX$r_buff0_thd1#1$wclk$8| (- 61)))
((|__unbuffered_p1_EAX$r_buff0_thd2#1| #x00))
((|__unbuffered_p1_EAX$r_buff0_thd2#1$wclk$8| (- 60)))
((|__unbuffered_p1_EAX$r_buff0_thd3#1| #x00))
((|__unbuffered_p1_EAX$r_buff0_thd3#1$wclk$8| (- 59)))
((|__unbuffered_p1_EAX$r_buff1_thd0#1| #x00))
((|__unbuffered_p1_EAX$r_buff1_thd0#1$wclk$8| (- 58)))
((|__unbuffered_p1_EAX$r_buff1_thd1#1| #x00))
((|__unbuffered_p1_EAX$r_buff1_thd1#1$wclk$8| (- 57)))
((|__unbuffered_p1_EAX$r_buff1_thd2#1| #x00))
((|__unbuffered_p1_EAX$r_buff1_thd2#1$wclk$8| (- 56)))
((|__unbuffered_p1_EAX$r_buff1_thd3#1| #x00))
((|__unbuffered_p1_EAX$r_buff1_thd3#1$wclk$8| (- 55)))
((|__unbuffered_p1_EAX$read_delayed#1| #x00))
((|__unbuffered_p1_EAX$read_delayed#1$wclk$8| (- 54)))
((|__unbuffered_p1_EAX$read_delayed#2| #x01))
((|__unbuffered_p1_EAX$read_delayed#2$rclk$8| 0))
((|__unbuffered_p1_EAX$read_delayed#3| #x01))
((|__unbuffered_p1_EAX$read_delayed#4| #x01))
((|__unbuffered_p1_EAX$read_delayed#4$wclk$8| (- 16)))
((|__unbuffered_p1_EAX$read_delayed_var#1| #x00000000))
((|__unbuffered_p1_EAX$read_delayed_var#1$wclk$8| (- 53)))
((|__unbuffered_p1_EAX$read_delayed_var#2| #x08000000))
((|__unbuffered_p1_EAX$read_delayed_var#2$wclk$8| (- 16)))
((|__unbuffered_p1_EAX$read_delayed_var$object| #x00000001))
((|__unbuffered_p1_EAX$read_delayed_var$object#0| #x00000000))
((|__unbuffered_p1_EAX$read_delayed_var$object#1| #x00000001))
((|__unbuffered_p1_EAX$read_delayed_var$object#1$rclk$8| 0))
((|__unbuffered_p1_EAX$read_delayed_var$object#2| #x00000001))
((|__unbuffered_p1_EAX$read_delayed_var$object#3| #x00000000))
((|__unbuffered_p1_EAX$read_delayed_var$object#4| #x00000001))
((|__unbuffered_p1_EAX$read_delayed_var$object#5| #x00000000))
((|__unbuffered_p1_EAX$read_delayed_var$object#6| #x00000001))
((|__unbuffered_p1_EAX$read_delayed_var$object$wclk$8| (- 77)))
((|__unbuffered_p1_EAX$w_buff0#1| #x00000000))
((|__unbuffered_p1_EAX$w_buff0#1$wclk$8| (- 52)))
((|__unbuffered_p1_EAX$w_buff0_used#1| #x00))
((|__unbuffered_p1_EAX$w_buff0_used#1$wclk$8| (- 51)))
((|__unbuffered_p1_EAX$w_buff1#1| #x00000000))
((|__unbuffered_p1_EAX$w_buff1#1$wclk$8| (- 50)))
((|__unbuffered_p1_EAX$w_buff1_used#1| #x00))
((|__unbuffered_p1_EAX$w_buff1_used#1$wclk$8| (- 49)))
((|__unbuffered_p2_EAX#1| #x00000000))
((|__unbuffered_p2_EAX#1$wclk$8| (- 48)))
((|__unbuffered_p2_EAX#2| #x00000001))
((|__unbuffered_p2_EAX#2$rclk$8| 0))
((|__unbuffered_p2_EAX#3| #x00000001))
((|__unbuffered_p2_EAX#4| #x00000001))
((|__unbuffered_p2_EAX#4$wclk$8| (- 12)))
((|goto_symex::&92;guard#1| true))
((|goto_symex::&92;guard#2| true))
((|goto_symex::&92;guard#3| true))
((|goto_symex::&92;guard#4| false))
((|main#return_value!0#1| #x00000000))
((|main#return_value!1#1| #x00000000))
((|main#return_value!2#1| #x00000000))
((|main#return_value!3#1| #x00000000))
((|main$tmp_guard0#1| #x00))
((|main$tmp_guard0#1$wclk$8| (- 47)))
((|main$tmp_guard0#2| #x01))
((|main$tmp_guard0#2$wclk$8| (- 3)))
((|main$tmp_guard0#3| #x01))
((|main$tmp_guard0#3$rclk$8| (- 2)))
((|main$tmp_guard1#1| #x00))
((|main$tmp_guard1#1$wclk$8| (- 46)))
((|main$tmp_guard1#2| #x00))
((|main$tmp_guard1#3| #xff))
((|main$tmp_guard1#3$rclk$8| 0))
((|main$tmp_guard1#4| #x00))
((|main$tmp_guard1#4$wclk$8| 0))
((|main$tmp_guard1#5| #x00))
((|main$tmp_guard1#5$rclk$8| 1))
((|main$tmp_guard1#6| #x00))
((|main$tmp_guard1#6$rclk$8| 2))
((|main::$tmp::::tmp_if_expr$1!0@1#0| #x00000000))
((|main::$tmp::::tmp_if_expr$1!0@1#1| #x00000000))
((|main::$tmp::::tmp_if_expr$1!0@1#2| #x00000001))
((|main::$tmp::::tmp_if_expr$1!0@1#3| #x00000000))
((|main::$tmp::::tmp_if_expr$1!0@1#4| #x00000000))
((|main::$tmp::::tmp_if_expr$1!0@1#5| #x00000001))
((|main::$tmp::::tmp_if_expr$1!0@1#6| #x00000000))
((|main::$tmp::::tmp_if_expr$1!0@1#7| #x00000001))
((|main::$tmp::::tmp_if_expr$2!0@1#1| #x00000000))
((|main::$tmp::::tmp_if_expr$2!0@1#2| #x00000001))
((|main::$tmp::::tmp_if_expr$2!0@1#3| #x00000000))
((|main::$tmp::::tmp_if_expr$2!0@1#4| #x00000000))
((|main::$tmp::::tmp_if_expr$2!0@1#5| #x00000001))
((|main::$tmp::return_value___VERIFIER_nondet_pointer$1!0@1#1| #x00000000))
((|main::$tmp::return_value___VERIFIER_nondet_pointer$1!0@1#2| #xffffffff))
((|main::1::t1782!0@1| #x00000000))
((|main::1::t1782!0@1#1| #x00000000))
((|main::1::t1782!0@1#1$wclk$8| (- 24)))
((|main::1::t1782!0@1#2| #x00000001))
((|main::1::t1782!0@1#2$wclk$8| (- 22)))
((|main::1::t1783!0@1| #x00000000))
((|main::1::t1783!0@1#1| #x00000000))
((|main::1::t1783!0@1#1$wclk$8| (- 20)))
((|main::1::t1783!0@1#2| #x00000002))
((|main::1::t1783!0@1#2$wclk$8| (- 18)))
((|main::1::t1783!0@1$wclk$8| (- 79)))
((|main::1::t1784!0@1| #x00000000))
((|main::1::t1784!0@1#1| #x00000000))
((|main::1::t1784!0@1#1$wclk$8| (- 16)))
((|main::1::t1784!0@1#2| #x00000003))
((|main::1::t1784!0@1#2$wclk$8| (- 14)))
((|main::1::t1784!0@1$wclk$8| (- 78)))
((|memory_model::choice_rf_0_60_0_56_T_10| true))
((|memory_model::choice_rf_0_60_0_9_T_9| false))
((|memory_model::choice_rf_0_65_0_56_T_12| false))
((|memory_model::choice_rf_0_65_0_61_T_13| true))
((|memory_model::choice_rf_0_65_0_9_T_11| false))
((|memory_model::choice_rf_0_69_0_12_F_38| false))
((|memory_model::choice_rf_0_69_1_34_F_39| false))
((|memory_model::choice_rf_0_69_2_36_F_40| true))
((|memory_model::choice_rf_0_69_3_16_F_41| false))
((|memory_model::choice_rf_0_71_0_32_F_59| false))
((|memory_model::choice_rf_0_71_0_70_F_60| true))
((|memory_model::choice_rf_0_72_0_37_F_14| false))
((|memory_model::choice_rf_0_72_1_32_F_15| false))
((|memory_model::choice_rf_0_72_2_17_F_16| false))
((|memory_model::choice_rf_0_72_2_34_F_17| false))
((|memory_model::choice_rf_0_72_3_14_F_18| true))
((|memory_model::choice_rf_0_73_0_52_F_150| false))
((|memory_model::choice_rf_0_73_1_20_F_151| true))
((|memory_model::choice_rf_0_73_2_18_F_152| false))
((|memory_model::choice_rf_0_74_0_53_F_164| false))
((|memory_model::choice_rf_0_74_1_18_F_165| false))
((|memory_model::choice_rf_0_74_1_30_F_166| false))
((|memory_model::choice_rf_0_74_2_21_F_167| false))
((|memory_model::choice_rf_0_74_2_32_F_168| false))
((|memory_model::choice_rf_0_74_3_12_F_169| true))
((|memory_model::choice_rf_0_75_0_50_F_100| false))
((|memory_model::choice_rf_0_75_1_19_F_101| true))
((|memory_model::choice_rf_0_75_2_10_F_102| false))
((|memory_model::choice_rf_0_76_0_44_F_81| false))
((|memory_model::choice_rf_0_76_1_14_F_82| true))
((|memory_model::choice_rf_0_77_0_40_F_66| true))
((|memory_model::choice_rf_0_78_0_51_F_116| false))
((|memory_model::choice_rf_0_78_1_17_F_117| false))
((|memory_model::choice_rf_0_78_1_31_F_118| false))
((|memory_model::choice_rf_0_78_2_19_F_119| false))
((|memory_model::choice_rf_0_78_2_33_F_120| false))
((|memory_model::choice_rf_0_78_3_13_F_121| true))
((|memory_model::choice_rf_0_84_0_33_F_61| false))
((|memory_model::choice_rf_0_85_0_31_F_57| false))
((|memory_model::choice_rf_0_85_3_1_F_58| true))
((|memory_model::choice_rf_0_86_0_13_F_51| false))
((|memory_model::choice_rf_0_86_1_1_F_52| true))
((|memory_model::choice_rf_0_87_0_14_F_53| false))
((|memory_model::choice_rf_0_87_2_7_F_54| false))
((|memory_model::choice_rf_0_88_0_54_F_193| false))
((|memory_model::choice_rf_0_88_2_22_F_194| false))
((|memory_model::choice_rf_0_88_3_2_F_195| true))
((|memory_model::choice_rf_0_89_0_2_F_203| true))
((|memory_model::choice_rf_0_90_0_25_F_55| false))
((|memory_model::choice_rf_0_90_2_11_F_56| true))
((|memory_model::choice_rf_0_91_0_35_F_201| false))
((|memory_model::choice_rf_0_91_2_13_F_202| true))
((|memory_model::choice_rf_0_95_0_33_F_62| false))
((|memory_model::choice_rf_0_95_0_92_F_63| true))
((|memory_model::choice_rf_0_96_0_33_F_64| false))
((|memory_model::choice_rf_0_96_0_92_F_65| true))
((|memory_model::choice_rf_1_0_0_54_F_196| false))
((|memory_model::choice_rf_1_0_2_22_F_197| false))
((|memory_model::choice_rf_1_0_3_2_F_198| true))
((|memory_model::choice_rf_1_10_0_51_F_122| false))
((|memory_model::choice_rf_1_10_0_82_F_123| false))
((|memory_model::choice_rf_1_10_2_19_F_124| false))
((|memory_model::choice_rf_1_10_2_33_F_125| true))
((|memory_model::choice_rf_1_10_3_13_F_126| false))
((|memory_model::choice_rf_1_11_0_50_F_103| false))
((|memory_model::choice_rf_1_11_2_10_F_104| true))
((|memory_model::choice_rf_1_21_0_37_F_19| false))
((|memory_model::choice_rf_1_21_0_83_F_20| false))
((|memory_model::choice_rf_1_21_2_17_F_21| false))
((|memory_model::choice_rf_1_21_2_34_F_22| true))
((|memory_model::choice_rf_1_21_3_14_F_23| false))
((|memory_model::choice_rf_1_22_0_52_F_153| false))
((|memory_model::choice_rf_1_22_1_20_F_154| true))
((|memory_model::choice_rf_1_22_2_18_F_155| false))
((|memory_model::choice_rf_1_23_0_53_F_170| false))
((|memory_model::choice_rf_1_23_0_81_F_171| false))
((|memory_model::choice_rf_1_23_1_18_F_172| true))
((|memory_model::choice_rf_1_23_2_21_F_173| false))
((|memory_model::choice_rf_1_23_2_32_F_174| false))
((|memory_model::choice_rf_1_23_3_12_F_175| false))
((|memory_model::choice_rf_1_24_0_50_F_105| false))
((|memory_model::choice_rf_1_24_1_19_F_106| true))
((|memory_model::choice_rf_1_24_2_10_F_107| false))
((|memory_model::choice_rf_1_25_0_45_F_86| false))
((|memory_model::choice_rf_1_25_1_13_F_87| true))
((|memory_model::choice_rf_1_26_0_41_F_70| false))
((|memory_model::choice_rf_1_26_1_12_F_71| true))
((|memory_model::choice_rf_1_27_0_51_F_127| false))
((|memory_model::choice_rf_1_27_0_82_F_128| false))
((|memory_model::choice_rf_1_27_1_17_F_129| true))
((|memory_model::choice_rf_1_27_2_19_F_130| false))
((|memory_model::choice_rf_1_27_2_33_F_131| false))
((|memory_model::choice_rf_1_27_3_13_F_132| false))
((|memory_model::choice_rf_1_2_0_43_F_78| true))
((|memory_model::choice_rf_1_2_3_11_F_79| false))
((|memory_model::choice_rf_1_33_0_12_F_42| false))
((|memory_model::choice_rf_1_33_2_36_F_43| false))
((|memory_model::choice_rf_1_33_3_16_F_44| true))
((|memory_model::choice_rf_1_35_0_11_T_0| true))
((|memory_model::choice_rf_1_35_2_38_T_1| false))
((|memory_model::choice_rf_1_35_3_18_T_2| false))
((|memory_model::choice_rf_1_3_0_42_F_72| false))
((|memory_model::choice_rf_1_3_2_15_F_73| false))
((|memory_model::choice_rf_1_3_2_31_F_74| true))
((|memory_model::choice_rf_1_4_0_45_F_85| false))
((|memory_model::choice_rf_1_5_0_41_F_69| true))
((|memory_model::choice_rf_1_6_0_44_F_83| false))
((|memory_model::choice_rf_1_6_0_79_F_84| false))
((|memory_model::choice_rf_1_7_0_40_F_67| true))
((|memory_model::choice_rf_1_7_0_80_F_68| false))
((|memory_model::choice_rf_1_8_0_47_F_96| false))
((|memory_model::choice_rf_1_8_3_10_F_97| false))
((|memory_model::choice_rf_1_9_0_46_F_88| false))
((|memory_model::choice_rf_1_9_2_20_F_89| false))
((|memory_model::choice_rf_1_9_2_30_F_90| false))
((|memory_model::choice_rf_2_0_0_52_F_156| true))
((|memory_model::choice_rf_2_0_1_20_F_157| false))
((|memory_model::choice_rf_2_1_0_53_F_176| true))
((|memory_model::choice_rf_2_1_0_81_F_177| false))
((|memory_model::choice_rf_2_1_1_18_F_178| false))
((|memory_model::choice_rf_2_1_1_30_F_179| false))
((|memory_model::choice_rf_2_1_3_12_F_180| false))
((|memory_model::choice_rf_2_23_0_37_F_28| false))
((|memory_model::choice_rf_2_23_0_83_F_29| false))
((|memory_model::choice_rf_2_23_1_32_F_30| false))
((|memory_model::choice_rf_2_23_2_17_F_31| true))
((|memory_model::choice_rf_2_23_3_14_F_32| false))
((|memory_model::choice_rf_2_24_0_52_F_158| false))
((|memory_model::choice_rf_2_24_1_20_F_159| false))
((|memory_model::choice_rf_2_24_2_18_F_160| true))
((|memory_model::choice_rf_2_25_0_53_F_181| false))
((|memory_model::choice_rf_2_25_0_81_F_182| false))
((|memory_model::choice_rf_2_25_1_18_F_183| false))
((|memory_model::choice_rf_2_25_1_30_F_184| false))
((|memory_model::choice_rf_2_25_2_21_F_185| true))
((|memory_model::choice_rf_2_25_3_12_F_186| false))
((|memory_model::choice_rf_2_26_0_50_F_110| false))
((|memory_model::choice_rf_2_26_1_19_F_111| false))
((|memory_model::choice_rf_2_26_2_10_F_112| true))
((|memory_model::choice_rf_2_27_0_42_F_76| false))
((|memory_model::choice_rf_2_27_2_15_F_77| true))
((|memory_model::choice_rf_2_28_0_46_F_93| false))
((|memory_model::choice_rf_2_28_1_16_F_94| false))
((|memory_model::choice_rf_2_28_2_20_F_95| true))
((|memory_model::choice_rf_2_29_0_51_F_138| false))
((|memory_model::choice_rf_2_29_0_82_F_139| false))
((|memory_model::choice_rf_2_29_1_17_F_140| false))
((|memory_model::choice_rf_2_29_1_31_F_141| false))
((|memory_model::choice_rf_2_29_2_19_F_142| true))
((|memory_model::choice_rf_2_29_3_13_F_143| false))
((|memory_model::choice_rf_2_2_0_50_F_108| true))
((|memory_model::choice_rf_2_2_1_19_F_109| false))
((|memory_model::choice_rf_2_35_0_12_F_45| false))
((|memory_model::choice_rf_2_35_1_34_F_46| true))
((|memory_model::choice_rf_2_35_3_16_F_47| false))
((|memory_model::choice_rf_2_37_0_11_T_3| true))
((|memory_model::choice_rf_2_37_1_36_T_4| false))
((|memory_model::choice_rf_2_37_3_18_T_5| false))
((|memory_model::choice_rf_2_3_0_42_F_75| true))
((|memory_model::choice_rf_2_4_0_46_F_91| true))
((|memory_model::choice_rf_2_4_1_16_F_92| false))
((|memory_model::choice_rf_2_5_0_51_F_133| true))
((|memory_model::choice_rf_2_5_0_82_F_134| false))
((|memory_model::choice_rf_2_5_1_17_F_135| false))
((|memory_model::choice_rf_2_5_1_31_F_136| false))
((|memory_model::choice_rf_2_5_3_13_F_137| false))
((|memory_model::choice_rf_2_6_0_37_F_24| true))
((|memory_model::choice_rf_2_6_0_83_F_25| false))
((|memory_model::choice_rf_2_6_1_32_F_26| false))
((|memory_model::choice_rf_2_6_3_14_F_27| false))
((|memory_model::choice_rf_3_0_0_54_F_199| false))
((|memory_model::choice_rf_3_0_2_22_F_200| true))
((|memory_model::choice_rf_3_15_0_12_F_48| true))
((|memory_model::choice_rf_3_15_1_34_F_49| false))
((|memory_model::choice_rf_3_15_2_36_F_50| false))
((|memory_model::choice_rf_3_17_0_11_T_6| true))
((|memory_model::choice_rf_3_17_1_36_T_7| false))
((|memory_model::choice_rf_3_17_2_38_T_8| false))
((|memory_model::choice_rf_3_3_0_37_F_33| false))
((|memory_model::choice_rf_3_3_0_83_F_34| false))
((|memory_model::choice_rf_3_3_1_32_F_35| true))
((|memory_model::choice_rf_3_3_2_17_F_36| false))
((|memory_model::choice_rf_3_3_2_34_F_37| false))
((|memory_model::choice_rf_3_4_0_52_F_161| false))
((|memory_model::choice_rf_3_4_1_20_F_162| true))
((|memory_model::choice_rf_3_4_2_18_F_163| false))
((|memory_model::choice_rf_3_5_0_53_F_187| false))
((|memory_model::choice_rf_3_5_0_81_F_188| false))
((|memory_model::choice_rf_3_5_1_18_F_189| false))
((|memory_model::choice_rf_3_5_1_30_F_190| true))
((|memory_model::choice_rf_3_5_2_21_F_191| false))
((|memory_model::choice_rf_3_5_2_32_F_192| false))
((|memory_model::choice_rf_3_6_0_50_F_113| false))
((|memory_model::choice_rf_3_6_1_19_F_114| true))
((|memory_model::choice_rf_3_6_2_10_F_115| false))
((|memory_model::choice_rf_3_7_0_43_F_80| true))
((|memory_model::choice_rf_3_8_0_47_F_98| false))
((|memory_model::choice_rf_3_8_1_15_F_99| true))
((|memory_model::choice_rf_3_9_0_51_F_144| false))
((|memory_model::choice_rf_3_9_0_82_F_145| false))
((|memory_model::choice_rf_3_9_1_17_F_146| false))
((|memory_model::choice_rf_3_9_1_31_F_147| true))
((|memory_model::choice_rf_3_9_2_19_F_148| false))
((|memory_model::choice_rf_3_9_2_33_F_149| false))
((|memory_model::choice_ws-ext_0_11_1_36_T_204| true))
((|memory_model::choice_ws-ext_0_11_2_38_T_205| true))
((|memory_model::choice_ws-ext_0_11_3_18_T_206| true))
((|memory_model::choice_ws-ext_0_12_1_34_F_223| true))
((|memory_model::choice_ws-ext_0_12_2_36_F_224| true))
((|memory_model::choice_ws-ext_0_12_3_16_F_225| true))
((|memory_model::choice_ws-ext_0_13_1_1_F_229| true))
((|memory_model::choice_ws-ext_0_14_2_7_F_230| true))
((|memory_model::choice_ws-ext_0_25_2_11_F_232| true))
((|memory_model::choice_ws-ext_0_26_2_8_F_233| true))
((|memory_model::choice_ws-ext_0_31_3_1_F_234| true))
((|memory_model::choice_ws-ext_0_34_2_9_F_299| true))
((|memory_model::choice_ws-ext_0_35_2_13_F_300| true))
((|memory_model::choice_ws-ext_0_36_2_12_F_302| true))
((|memory_model::choice_ws-ext_0_37_1_32_F_210| true))
((|memory_model::choice_ws-ext_0_37_2_17_F_211| true))
((|memory_model::choice_ws-ext_0_37_2_34_F_212| true))
((|memory_model::choice_ws-ext_0_37_3_14_F_213| true))
((|memory_model::choice_ws-ext_0_38_2_14_F_235| true))
((|memory_model::choice_ws-ext_0_39_2_16_F_236| true))
((|memory_model::choice_ws-ext_0_41_1_12_F_237| true))
((|memory_model::choice_ws-ext_0_41_1_29_F_238| true))
((|memory_model::choice_ws-ext_0_42_2_15_F_239| true))
((|memory_model::choice_ws-ext_0_42_2_31_F_240| true))
((|memory_model::choice_ws-ext_0_43_3_11_F_241| true))
((|memory_model::choice_ws-ext_0_44_1_14_F_242| true))
((|memory_model::choice_ws-ext_0_45_1_13_F_244| true))
((|memory_model::choice_ws-ext_0_45_1_28_F_245| true))
((|memory_model::choice_ws-ext_0_46_1_16_F_246| true))
((|memory_model::choice_ws-ext_0_46_2_20_F_247| true))
((|memory_model::choice_ws-ext_0_46_2_30_F_248| true))
((|memory_model::choice_ws-ext_0_47_1_15_F_251| true))
((|memory_model::choice_ws-ext_0_47_3_10_F_252| true))
((|memory_model::choice_ws-ext_0_50_1_19_F_254| true))
((|memory_model::choice_ws-ext_0_50_2_10_F_255| true))
((|memory_model::choice_ws-ext_0_51_1_17_F_257| true))
((|memory_model::choice_ws-ext_0_51_1_31_F_258| true))
((|memory_model::choice_ws-ext_0_51_2_19_F_259| true))
((|memory_model::choice_ws-ext_0_51_2_33_F_260| true))
((|memory_model::choice_ws-ext_0_51_3_13_F_261| true))
((|memory_model::choice_ws-ext_0_52_1_20_F_275| true))
((|memory_model::choice_ws-ext_0_52_2_18_F_276| true))
((|memory_model::choice_ws-ext_0_53_1_18_F_278| true))
((|memory_model::choice_ws-ext_0_53_1_30_F_279| true))
((|memory_model::choice_ws-ext_0_53_2_21_F_280| true))
((|memory_model::choice_ws-ext_0_53_2_32_F_281| true))
((|memory_model::choice_ws-ext_0_53_3_12_F_282| true))
((|memory_model::choice_ws-ext_0_54_2_22_F_296| true))
((|memory_model::choice_ws-ext_0_54_3_2_F_297| true))
((|memory_model::choice_ws-ext_0_79_1_14_F_243| false))
((|memory_model::choice_ws-ext_0_81_1_18_F_283| false))
((|memory_model::choice_ws-ext_0_81_1_30_F_284| false))
((|memory_model::choice_ws-ext_0_81_2_21_F_285| false))
((|memory_model::choice_ws-ext_0_81_2_32_F_286| false))
((|memory_model::choice_ws-ext_0_81_3_12_F_287| false))
((|memory_model::choice_ws-ext_0_82_1_17_F_262| false))
((|memory_model::choice_ws-ext_0_82_1_31_F_263| false))
((|memory_model::choice_ws-ext_0_82_2_19_F_264| false))
((|memory_model::choice_ws-ext_0_82_2_33_F_265| false))
((|memory_model::choice_ws-ext_0_82_3_13_F_266| false))
((|memory_model::choice_ws-ext_0_83_1_32_F_214| false))
((|memory_model::choice_ws-ext_0_83_2_17_F_215| false))
((|memory_model::choice_ws-ext_0_83_2_34_F_216| false))
((|memory_model::choice_ws-ext_0_83_3_14_F_217| false))
((|memory_model::choice_ws-ext_0_93_2_7_F_231| false))
((|memory_model::choice_ws-ext_0_94_2_13_F_301| false))
((|memory_model::choice_ws-ext_1_15_3_10_F_253| true))
((|memory_model::choice_ws-ext_1_16_2_20_F_249| false))
((|memory_model::choice_ws-ext_1_16_2_30_F_250| false))
((|memory_model::choice_ws-ext_1_17_2_19_F_267| false))
((|memory_model::choice_ws-ext_1_17_2_33_F_268| false))
((|memory_model::choice_ws-ext_1_17_3_13_F_269| true))
((|memory_model::choice_ws-ext_1_18_2_21_F_288| false))
((|memory_model::choice_ws-ext_1_18_2_32_F_289| false))
((|memory_model::choice_ws-ext_1_18_3_12_F_290| true))
((|memory_model::choice_ws-ext_1_19_2_10_F_256| false))
((|memory_model::choice_ws-ext_1_20_2_18_F_277| false))
((|memory_model::choice_ws-ext_1_30_2_21_F_291| false))
((|memory_model::choice_ws-ext_1_30_2_32_F_292| false))
((|memory_model::choice_ws-ext_1_30_3_12_F_293| true))
((|memory_model::choice_ws-ext_1_31_2_19_F_270| false))
((|memory_model::choice_ws-ext_1_31_2_33_F_271| false))
((|memory_model::choice_ws-ext_1_31_3_13_F_272| true))
((|memory_model::choice_ws-ext_1_32_2_17_F_218| false))
((|memory_model::choice_ws-ext_1_32_2_34_F_219| false))
((|memory_model::choice_ws-ext_1_32_3_14_F_220| true))
((|memory_model::choice_ws-ext_1_34_2_36_F_226| true))
((|memory_model::choice_ws-ext_1_34_3_16_F_227| false))
((|memory_model::choice_ws-ext_1_36_2_38_T_207| true))
((|memory_model::choice_ws-ext_1_36_3_18_T_208| false))
((|memory_model::choice_ws-ext_2_17_3_14_F_221| true))
((|memory_model::choice_ws-ext_2_19_3_13_F_273| true))
((|memory_model::choice_ws-ext_2_21_3_12_F_294| true))
((|memory_model::choice_ws-ext_2_22_3_2_F_298| true))
((|memory_model::choice_ws-ext_2_32_3_12_F_295| true))
((|memory_model::choice_ws-ext_2_33_3_13_F_274| true))
((|memory_model::choice_ws-ext_2_34_3_14_F_222| true))
((|memory_model::choice_ws-ext_2_36_3_16_F_228| false))
((|memory_model::choice_ws-ext_2_38_3_18_T_209| false))
((|nondet_symex::nondet0| #xffffffff))
((|nondet_symex::nondet1| #x00000000))
((|nondet_symex::nondet2| #xffffffff))
((|nondet_symex::nondet3| #xffffffff))
((|nondet_symex::nondet4| #xffffffff))
((|nondet_symex::nondet5| #x00000000))
((|nondet_symex::nondet6| #x00000000))
((|pthread_create#return_value!0#1| #x00000000))
((|pthread_create#return_value!0#2| #x00000000))
((|pthread_create#return_value!0#3| #x00000000))
((|pthread_create#return_value!1#1| #x00000000))
((|pthread_create#return_value!2#1| #x00000000))
((|pthread_create#return_value!3#1| #x00000000))
((|pthread_create::1::this_thread_id!0@1#1| #x00000000))
((|pthread_create::1::this_thread_id!0@1#2| #x00000001))
((|pthread_create::1::this_thread_id!0@2#1| #x00000000))
((|pthread_create::1::this_thread_id!0@2#2| #x00000002))
((|pthread_create::1::this_thread_id!0@3#1| #x00000000))
((|pthread_create::1::this_thread_id!0@3#2| #x00000003))
((|pthread_create::1::this_thread_id!1@0#0| #x00004000))
((|pthread_create::1::this_thread_id!2@0#0| #x00000000))
((|pthread_create::1::this_thread_id!3@0#0| #x00000000))
((|pthread_create::arg!0@1#1| #x00000000))
((|pthread_create::arg!0@2#1| #x00000000))
((|pthread_create::arg!0@3#1| #x00000000))
((|pthread_create::arg!1@0#1| #x00000000))
((|pthread_create::arg!2@0#1| #x00000000))
((|pthread_create::arg!3@0#1| #x00000000))
((|pthread_create::attr!0@1#1| #x00000000))
((|pthread_create::attr!0@2#1| #x00000000))
((|pthread_create::attr!0@3#1| #x00000000))
((|pthread_create::attr!1@0#1| #x00000000))
((|pthread_create::attr!2@0#1| #x00000000))
((|pthread_create::attr!3@0#1| #x00000000))
((|pthread_create::start_routine!0@1#1| #x03000000))
((|pthread_create::start_routine!0@2#1| #x05000000))
((|pthread_create::start_routine!0@3#1| #x07000000))
((|pthread_create::start_routine!1@0#1| #x03000000))
((|pthread_create::start_routine!2@0#1| #x05000000))
((|pthread_create::start_routine!3@0#1| #x07000000))
((|pthread_create::thread!0@1#1| #x02000000))
((|pthread_create::thread!0@2#1| #x04000000))
((|pthread_create::thread!0@3#1| #x06000000))
((|pthread_create::thread!1@0#1| #x02000000))
((|pthread_create::thread!2@0#1| #x04000000))
((|pthread_create::thread!3@0#1| #x06000000))
((|return'!0#1| #x00000000))
((|t1$58$spwnclk$8| (- 21)))
((|t1$63$spwnclk$8| (- 17)))
((|t1$68$spwnclk$8| (- 13)))
((|weak$$choice0#1| #x00))
((|weak$$choice0#1$wclk$8| (- 45)))
((|weak$$choice0#2| #x01))
((|weak$$choice0#2$wclk$8| (- 16)))
((|weak$$choice1#1| #x00))
((|weak$$choice1#1$wclk$8| (- 44)))
((|weak$$choice1#2| #x01))
((|weak$$choice1#3| #x01))
((|weak$$choice1#3$rclk$8| 0))
((|weak$$choice1#4| #x01))
((|weak$$choice1#5| #x01))
((|weak$$choice1#6| #x01))
((|weak$$choice1#7| #x01))
((|weak$$choice1#7$wclk$8| 0))
((|weak$$choice1#8| #x01))
((|weak$$choice1#8$wclk$8| (- 16)))
((|weak$$choice2#1| #x00))
((|weak$$choice2#1$wclk$8| (- 43)))
((|weak$$choice2#2| #x01))
((|weak$$choice2#2$wclk$8| (- 16)))
((|x| #x00000000))
((|x#1| #x00000000))
((|x#1$wclk$8| (- 42)))
((|x#10| #x00000000))
((|x#10$rclk$8| (- 16)))
((|x#11| #x00000000))
((|x#12| #x00000000))
((|x#13| #x00000000))
((|x#13$wclk$8| (- 16)))
((|x#14| #x00000000))
((|x#14$rclk$8| (- 12)))
((|x#15| #x00000000))
((|x#16| #x00000000))
((|x#16$wclk$8| (- 12)))
((|x#17| #x00000001))
((|x#17$rclk$8| (- 7)))
((|x#18| #x00000001))
((|x#19| #x00000001))
((|x#19$wclk$8| (- 7)))
((|x#2| #x00000001))
((|x#2$rclk$8| (- 1)))
((|x#3| #x00000001))
((|x#4| #x00000001))
((|x#5| #x00000001))
((|x#5$wclk$8| (- 1)))
((|x#6| #x00000000))
((|x#6$rclk$8| (- 8)))
((|x#7| #x00000000))
((|x#8| #x00000001))
((|x#9| #x00000001))
((|x#9$wclk$8| (- 8)))
((|x$flush_delayed#1| #x00))
((|x$flush_delayed#1$wclk$8| (- 41)))
((|x$flush_delayed#2| #x01))
((|x$flush_delayed#3| #x00))
((|x$flush_delayed#3$wclk$8| (- 16)))
((|x$mem_tmp#1| #x00000000))
((|x$mem_tmp#1$wclk$8| (- 40)))
((|x$mem_tmp#2| #x00000000))
((|x$mem_tmp#2$wclk$8| (- 16)))
((|x$r_buff0_thd0#1| #x00))
((|x$r_buff0_thd0#1$wclk$8| (- 39)))
((|x$r_buff0_thd0#10| #x00))
((|x$r_buff0_thd0#10$wclk$8| (- 1)))
((|x$r_buff0_thd0#11| #x00))
((|x$r_buff0_thd0#11$rclk$8| (- 9)))
((|x$r_buff0_thd0#12| #x00))
((|x$r_buff0_thd0#2| #x00))
((|x$r_buff0_thd0#2$rclk$8| (- 1)))
((|x$r_buff0_thd0#3| #x00))
((|x$r_buff0_thd0#4| #x00))
((|x$r_buff0_thd0#5| #x00))
((|x$r_buff0_thd0#6| #x00))
((|x$r_buff0_thd0#7| #x00))
((|x$r_buff0_thd0#8| #x00))
((|x$r_buff0_thd0#9| #x00))
((|x$r_buff0_thd1#1| #x00))
((|x$r_buff0_thd1#1$wclk$8| (- 38)))
((|x$r_buff0_thd1#10| #x01))
((|x$r_buff0_thd1#11| #x01))
((|x$r_buff0_thd1#12| #x01))
((|x$r_buff0_thd1#13| #x01))
((|x$r_buff0_thd1#14| #x01))
((|x$r_buff0_thd1#14$wclk$8| (- 8)))
((|x$r_buff0_thd1#2| #x00))
((|x$r_buff0_thd1#2$rclk$8| (- 9)))
((|x$r_buff0_thd1#3| #x00))
((|x$r_buff0_thd1#4| #x01))
((|x$r_buff0_thd1#5| #x01))
((|x$r_buff0_thd1#5$wclk$8| (- 9)))
((|x$r_buff0_thd1#6| #x01))
((|x$r_buff0_thd1#6$rclk$8| (- 8)))
((|x$r_buff0_thd1#7| #x01))
((|x$r_buff0_thd1#8| #x01))
((|x$r_buff0_thd1#9| #x01))
((|x$r_buff0_thd2#1| #x00))
((|x$r_buff0_thd2#1$wclk$8| (- 37)))
((|x$r_buff0_thd2#2| #x00))
((|x$r_buff0_thd2#2$rclk$8| (- 9)))
((|x$r_buff0_thd2#3| #x00))
((|x$r_buff0_thd2#4| #x00))
((|x$r_buff0_thd2#4$rclk$8| (- 16)))
((|x$r_buff0_thd2#5| #x00))
((|x$r_buff0_thd2#6| #x00))
((|x$r_buff0_thd2#6$wclk$8| (- 16)))
((|x$r_buff0_thd2#7| #x00))
((|x$r_buff0_thd2#7$rclk$8| (- 12)))
((|x$r_buff0_thd2#8| #x00))
((|x$r_buff0_thd2#9| #x00))
((|x$r_buff0_thd2#9$wclk$8| (- 12)))
((|x$r_buff0_thd3#1| #x00))
((|x$r_buff0_thd3#1$wclk$8| (- 36)))
((|x$r_buff0_thd3#2| #x00))
((|x$r_buff0_thd3#2$rclk$8| (- 9)))
((|x$r_buff0_thd3#3| #x00))
((|x$r_buff0_thd3#4| #x00))
((|x$r_buff0_thd3#4$rclk$8| (- 7)))
((|x$r_buff0_thd3#5| #x00))
((|x$r_buff0_thd3#6| #x00))
((|x$r_buff0_thd3#6$wclk$8| (- 7)))
((|x$r_buff1_thd0#1| #x00))
((|x$r_buff1_thd0#1$wclk$8| (- 35)))
((|x$r_buff1_thd0#10| #x00))
((|x$r_buff1_thd0#10$rclk$8| (- 9)))
((|x$r_buff1_thd0#11| #x00))
((|x$r_buff1_thd0#11$wclk$8| (- 9)))
((|x$r_buff1_thd0#2| #x00))
((|x$r_buff1_thd0#2$rclk$8| (- 1)))
((|x$r_buff1_thd0#3| #x00))
((|x$r_buff1_thd0#4| #x00))
((|x$r_buff1_thd0#5| #x00))
((|x$r_buff1_thd0#6| #x00))
((|x$r_buff1_thd0#7| #x00))
((|x$r_buff1_thd0#8| #x00))
((|x$r_buff1_thd0#8$wclk$8| (- 1)))
((|x$r_buff1_thd0#9| #x00))
((|x$r_buff1_thd1#1| #x00))
((|x$r_buff1_thd1#1$wclk$8| (- 34)))
((|x$r_buff1_thd1#10| #x00))
((|x$r_buff1_thd1#11| #x00))
((|x$r_buff1_thd1#11$wclk$8| (- 8)))
((|x$r_buff1_thd1#2| #x00))
((|x$r_buff1_thd1#3| #xff))
((|x$r_buff1_thd1#3$rclk$8| (- 9)))
((|x$r_buff1_thd1#4| #x00))
((|x$r_buff1_thd1#4$wclk$8| (- 9)))
((|x$r_buff1_thd1#5| #x00))
((|x$r_buff1_thd1#5$rclk$8| (- 8)))
((|x$r_buff1_thd1#6| #x00))
((|x$r_buff1_thd1#7| #x00))
((|x$r_buff1_thd1#8| #x00))
((|x$r_buff1_thd1#9| #x00))
((|x$r_buff1_thd2#1| #x00))
((|x$r_buff1_thd2#1$wclk$8| (- 33)))
((|x$r_buff1_thd2#10| #x00))
((|x$r_buff1_thd2#10$wclk$8| (- 12)))
((|x$r_buff1_thd2#2| #x00))
((|x$r_buff1_thd2#3| #x00))
((|x$r_buff1_thd2#3$rclk$8| (- 9)))
((|x$r_buff1_thd2#4| #x00))
((|x$r_buff1_thd2#4$wclk$8| (- 9)))
((|x$r_buff1_thd2#5| #x00))
((|x$r_buff1_thd2#5$rclk$8| (- 16)))
((|x$r_buff1_thd2#6| #x00))
((|x$r_buff1_thd2#7| #x00))
((|x$r_buff1_thd2#7$wclk$8| (- 16)))
((|x$r_buff1_thd2#8| #x00))
((|x$r_buff1_thd2#8$rclk$8| (- 12)))
((|x$r_buff1_thd2#9| #x00))
((|x$r_buff1_thd3#1| #x00))
((|x$r_buff1_thd3#1$wclk$8| (- 32)))
((|x$r_buff1_thd3#2| #x00))
((|x$r_buff1_thd3#3| #x00))
((|x$r_buff1_thd3#3$rclk$8| (- 9)))
((|x$r_buff1_thd3#4| #x00))
((|x$r_buff1_thd3#4$wclk$8| (- 9)))
((|x$r_buff1_thd3#5| #x00))
((|x$r_buff1_thd3#5$rclk$8| (- 7)))
((|x$r_buff1_thd3#6| #x00))
((|x$r_buff1_thd3#7| #x00))
((|x$r_buff1_thd3#7$wclk$8| (- 7)))
((|x$read_delayed#1| #x00))
((|x$read_delayed#1$wclk$8| (- 31)))
((|x$read_delayed_var#1| #x00000000))
((|x$read_delayed_var#1$wclk$8| (- 30)))
((|x$w_buff0#1| #x00000000))
((|x$w_buff0#1$wclk$8| (- 29)))
((|x$w_buff0#10| #x00000000))
((|x$w_buff0#11| #x00000000))
((|x$w_buff0#11$wclk$8| (- 16)))
((|x$w_buff0#12| #x00000000))
((|x$w_buff0#12$rclk$8| (- 12)))
((|x$w_buff0#13| #x00000000))
((|x$w_buff0#14| #x00000001))
((|x$w_buff0#14$rclk$8| (- 7)))
((|x$w_buff0#15| #x00000001))
((|x$w_buff0#2| #x00000001))
((|x$w_buff0#2$rclk$8| (- 1)))
((|x$w_buff0#3| #x00000001))
((|x$w_buff0#4| #x00000000))
((|x$w_buff0#4$rclk$8| (- 9)))
((|x$w_buff0#5| #x00000000))
((|x$w_buff0#6| #x00000001))
((|x$w_buff0#6$wclk$8| (- 9)))
((|x$w_buff0#7| #x00000001))
((|x$w_buff0#7$rclk$8| (- 8)))
((|x$w_buff0#8| #x00000001))
((|x$w_buff0#9| #x00000000))
((|x$w_buff0#9$rclk$8| (- 16)))
((|x$w_buff0_used#1| #x00))
((|x$w_buff0_used#1$wclk$8| (- 28)))
((|x$w_buff0_used#10| #x00))
((|x$w_buff0_used#10$wclk$8| (- 1)))
((|x$w_buff0_used#11| #x00))
((|x$w_buff0_used#11$rclk$8| (- 9)))
((|x$w_buff0_used#12| #x00))
((|x$w_buff0_used#13| #x01))
((|x$w_buff0_used#13$wclk$8| (- 9)))
((|x$w_buff0_used#14| #x01))
((|x$w_buff0_used#14$rclk$8| (- 8)))
((|x$w_buff0_used#15| #x01))
((|x$w_buff0_used#16| #x01))
((|x$w_buff0_used#17| #x01))
((|x$w_buff0_used#18| #x00))
((|x$w_buff0_used#19| #x00))
((|x$w_buff0_used#2| #x00))
((|x$w_buff0_used#2$rclk$8| (- 1)))
((|x$w_buff0_used#20| #x00))
((|x$w_buff0_used#21| #x00))
((|x$w_buff0_used#22| #x00))
((|x$w_buff0_used#22$wclk$8| (- 8)))
((|x$w_buff0_used#23| #x00))
((|x$w_buff0_used#23$rclk$8| (- 16)))
((|x$w_buff0_used#24| #x00))
((|x$w_buff0_used#25| #x00))
((|x$w_buff0_used#25$wclk$8| (- 16)))
((|x$w_buff0_used#26| #x00))
((|x$w_buff0_used#26$rclk$8| (- 12)))
((|x$w_buff0_used#27| #x00))
((|x$w_buff0_used#28| #x00))
((|x$w_buff0_used#28$wclk$8| (- 12)))
((|x$w_buff0_used#29| #x00))
((|x$w_buff0_used#29$rclk$8| (- 7)))
((|x$w_buff0_used#3| #x00))
((|x$w_buff0_used#30| #x00))
((|x$w_buff0_used#31| #x00))
((|x$w_buff0_used#31$wclk$8| (- 7)))
((|x$w_buff0_used#4| #x00))
((|x$w_buff0_used#5| #x00))
((|x$w_buff0_used#6| #x00))
((|x$w_buff0_used#7| #x00))
((|x$w_buff0_used#8| #x00))
((|x$w_buff0_used#9| #x00))
((|x$w_buff1#1| #x00000000))
((|x$w_buff1#1$wclk$8| (- 27)))
((|x$w_buff1#10| #x00000000))
((|x$w_buff1#10$rclk$8| (- 12)))
((|x$w_buff1#11| #x00000000))
((|x$w_buff1#12| #x00000000))
((|x$w_buff1#12$rclk$8| (- 7)))
((|x$w_buff1#13| #x00000000))
((|x$w_buff1#2| #x00000000))
((|x$w_buff1#2$rclk$8| (- 1)))
((|x$w_buff1#3| #x00000000))
((|x$w_buff1#4| #x00000000))
((|x$w_buff1#4$wclk$8| (- 9)))
((|x$w_buff1#5| #x00000000))
((|x$w_buff1#5$rclk$8| (- 8)))
((|x$w_buff1#6| #x00000000))
((|x$w_buff1#7| #x00000000))
((|x$w_buff1#7$rclk$8| (- 16)))
((|x$w_buff1#8| #x00000000))
((|x$w_buff1#9| #x00000000))
((|x$w_buff1#9$wclk$8| (- 16)))
((|x$w_buff1_used#1| #x00))
((|x$w_buff1_used#1$wclk$8| (- 26)))
((|x$w_buff1_used#10| #x00))
((|x$w_buff1_used#10$rclk$8| (- 8)))
((|x$w_buff1_used#11| #x00))
((|x$w_buff1_used#12| #x00))
((|x$w_buff1_used#13| #x00))
((|x$w_buff1_used#14| #x00))
((|x$w_buff1_used#15| #x00))
((|x$w_buff1_used#16| #x00))
((|x$w_buff1_used#16$wclk$8| (- 8)))
((|x$w_buff1_used#17| #x00))
((|x$w_buff1_used#17$rclk$8| (- 16)))
((|x$w_buff1_used#18| #x00))
((|x$w_buff1_used#19| #x00))
((|x$w_buff1_used#19$wclk$8| (- 16)))
((|x$w_buff1_used#2| #x00))
((|x$w_buff1_used#2$rclk$8| (- 1)))
((|x$w_buff1_used#20| #x00))
((|x$w_buff1_used#20$rclk$8| (- 12)))
((|x$w_buff1_used#21| #x00))
((|x$w_buff1_used#22| #x00))
((|x$w_buff1_used#22$wclk$8| (- 12)))
((|x$w_buff1_used#23| #x00))
((|x$w_buff1_used#23$rclk$8| (- 7)))
((|x$w_buff1_used#24| #x00))
((|x$w_buff1_used#25| #x00))
((|x$w_buff1_used#25$wclk$8| (- 7)))
((|x$w_buff1_used#3| #x00))
((|x$w_buff1_used#4| #x00))
((|x$w_buff1_used#5| #x00))
((|x$w_buff1_used#6| #x00))
((|x$w_buff1_used#7| #x00))
((|x$w_buff1_used#8| #x00))
((|x$w_buff1_used#8$wclk$8| (- 1)))
((|x$w_buff1_used#9| #x00))
((|x$w_buff1_used#9$wclk$8| (- 9)))
((|y#1| #x00000000))
((|y#1$wclk$8| (- 25)))
((|y#2| #x00000002))
((|y#2$rclk$8| 0))
((|y#3| #x00000002))
((|y#4| #x00000002))
((|y#4$rclk$8| (- 10)))
((|y#5| #x00000002))
((|y#6| #x00000001))
((|y#6$wclk$8| (- 13)))
((|y#7| #x00000001))
((|y#7$rclk$8| (- 12)))
((|y#8| #x00000001))
((|y#9| #x00000002))
((|y#9$wclk$8| (- 11)))
(model 
  (define-fun |x$r_buff0_thd3#2| () (_ BitVec 8)
    #x00)
  (define-fun |memory_model::choice_ws-ext_1_36_3_18_T_208| () Bool
    false)
  (define-fun |memory_model::choice_rf_3_17_0_11_T_6| () Bool
    true)
  (define-fun |memory_model::choice_rf_2_26_1_19_F_111| () Bool
    false)
  (define-fun |x$w_buff0_used#2| () (_ BitVec 8)
    #x00)
  (define-fun |memory_model::choice_rf_1_2_0_43_F_78| () Bool
    true)
  (define-fun |x$r_buff0_thd2#2| () (_ BitVec 8)
    #x00)
  (define-fun |memory_model::choice_rf_0_73_2_18_F_152| () Bool
    false)
  (define-fun |x$flush_delayed#1$wclk$8| () Int
    (- 41))
  (define-fun |memory_model::choice_rf_3_4_1_20_F_162| () Bool
    true)
  (define-fun |memory_model::choice_ws-ext_0_82_1_31_F_263| () Bool
    false)
  (define-fun |main$tmp_guard1#2| () (_ BitVec 8)
    #x00)
  (define-fun |memory_model::choice_rf_0_90_2_11_F_56| () Bool
    true)
  (define-fun |memory_model::choice_ws-ext_0_43_3_11_F_241| () Bool
    true)
  (define-fun |memory_model::choice_rf_1_23_0_81_F_171| () Bool
    false)
  (define-fun |memory_model::choice_rf_3_9_2_33_F_149| () Bool
    false)
  (define-fun |memory_model::choice_rf_1_21_3_14_F_23| () Bool
    false)
  (define-fun |x#9$wclk$8| () Int
    (- 8))
  (define-fun |memory_model::choice_rf_1_23_2_32_F_174| () Bool
    false)
  (define-fun |memory_model::choice_rf_2_5_0_51_F_133| () Bool
    true)
  (define-fun |main$tmp_guard0#3$rclk$8| () Int
    (- 2))
  (define-fun |memory_model::choice_rf_0_78_1_17_F_117| () Bool
    false)
  (define-fun |memory_model::choice_rf_3_6_0_50_F_113| () Bool
    false)
  (define-fun |memory_model::choice_rf_2_0_1_20_F_157| () Bool
    false)
  (define-fun |memory_model::choice_rf_0_88_3_2_F_195| () Bool
    true)
  (define-fun |memory_model::choice_ws-ext_2_33_3_13_F_274| () Bool
    true)
  (define-fun |main$tmp_guard1#5$rclk$8| () Int
    1)
  (define-fun |memory_model::choice_rf_2_2_0_50_F_108| () Bool
    true)
  (define-fun |__CPROVER_next_thread_id#6| () (_ BitVec 32)
    #x00000002)
  (define-fun |memory_model::choice_rf_0_74_1_18_F_165| () Bool
    false)
  (define-fun |memory_model::choice_rf_2_29_2_19_F_142| () Bool
    true)
  (define-fun |x#14| () (_ BitVec 32)
    #x00000000)
  (define-fun |memory_model::choice_rf_0_69_2_36_F_40| () Bool
    true)
  (define-fun |x$w_buff1_used#10| () (_ BitVec 8)
    #x00)
  (define-fun |__unbuffered_p1_EAX$flush_delayed#1$wclk$8| () Int
    (- 64))
  (define-fun |memory_model::choice_rf_2_25_0_81_F_182| () Bool
    false)
  (define-fun |x$r_buff0_thd1#1$wclk$8| () Int
    (- 38))
  (define-fun |memory_model::choice_rf_0_60_0_56_T_10| () Bool
    true)
  (define-fun |y#2| () (_ BitVec 32)
    #x00000002)
  (define-fun |memory_model::choice_rf_1_10_2_33_F_125| () Bool
    true)
  (define-fun |memory_model::choice_rf_0_88_2_22_F_194| () Bool
    false)
  (define-fun |memory_model::choice_rf_2_23_0_83_F_29| () Bool
    false)
  (define-fun |memory_model::choice_rf_3_0_2_22_F_200| () Bool
    true)
  (define-fun |x$r_buff1_thd2#1$wclk$8| () Int
    (- 33))
  (define-fun |x$read_delayed_var#1$wclk$8| () Int
    (- 30))
  (define-fun |memory_model::choice_rf_0_78_1_31_F_118| () Bool
    false)
  (define-fun |memory_model::choice_rf_0_69_3_16_F_41| () Bool
    false)
  (define-fun |x$w_buff1_used#17| () (_ BitVec 8)
    #x00)
  (define-fun |memory_model::choice_ws-ext_0_81_2_32_F_286| () Bool
    false)
  (define-fun |__unbuffered_p1_EAX#1$wclk$8| () Int
    (- 65))
  (define-fun |memory_model::choice_rf_3_9_0_51_F_144| () Bool
    false)
  (define-fun |memory_model::choice_rf_2_23_2_17_F_31| () Bool
    true)
  (define-fun |__unbuffered_cnt#2| () (_ BitVec 32)
    #x00000003)
  (define-fun |memory_model::choice_ws-ext_0_37_2_17_F_211| () Bool
    true)
  (define-fun |memory_model::choice_ws-ext_0_47_3_10_F_252| () Bool
    true)
  (define-fun |memory_model::choice_ws-ext_1_30_3_12_F_293| () Bool
    true)
  (define-fun |memory_model::choice_ws-ext_0_12_3_16_F_225| () Bool
    true)
  (define-fun |memory_model::choice_rf_3_3_2_34_F_37| () Bool
    false)
  (define-fun |memory_model::choice_ws-ext_1_30_2_32_F_292| () Bool
    false)
  (define-fun |main::1::t1782!0@1#2$wclk$8| () Int
    (- 22))
  (define-fun |memory_model::choice_rf_1_10_3_13_F_126| () Bool
    false)
  (define-fun |goto_symex::&92;guard#1| () Bool
    true)
  (define-fun |memory_model::choice_ws-ext_1_18_2_21_F_288| () Bool
    false)
  (define-fun |memory_model::choice_ws-ext_0_94_2_13_F_301| () Bool
    false)
  (define-fun |__unbuffered_cnt#8| () (_ BitVec 32)
    #x00000002)
  (define-fun |x$w_buff1#1$wclk$8| () Int
    (- 27))
  (define-fun |memory_model::choice_rf_3_17_1_36_T_7| () Bool
    false)
  (define-fun |__unbuffered_p2_EAX#1$wclk$8| () Int
    (- 48))
  (define-fun |__unbuffered_p1_EAX$w_buff1#1$wclk$8| () Int
    (- 50))
  (define-fun |memory_model::choice_rf_1_10_0_51_F_122| () Bool
    false)
  (define-fun |memory_model::choice_rf_0_72_1_32_F_15| () Bool
    false)
  (define-fun |memory_model::choice_ws-ext_0_54_3_2_F_297| () Bool
    true)
  (define-fun |memory_model::choice_rf_0_72_2_17_F_16| () Bool
    false)
  (define-fun |memory_model::choice_rf_0_65_0_56_T_12| () Bool
    false)
  (define-fun |__CPROVER_threads_exited#2$rclk$8| () Int
    (- 4))
  (define-fun |x$w_buff1_used#2| () (_ BitVec 8)
    #x00)
  (define-fun |memory_model::choice_rf_1_35_2_38_T_1| () Bool
    false)
  (define-fun |x$w_buff1_used#19$wclk$8| () Int
    (- 16))
  (define-fun |memory_model::choice_rf_1_0_2_22_F_197| () Bool
    false)
  (define-fun |__CPROVER_threads_exited#2| () (Array (_ BitVec 32) Bool)
    ((as const (Array (_ BitVec 32) Bool)) false))
  (define-fun |memory_model::choice_rf_0_74_2_21_F_167| () Bool
    false)
  (define-fun |memory_model::choice_ws-ext_0_51_1_17_F_257| () Bool
    true)
  (define-fun |memory_model::choice_rf_1_10_0_82_F_123| () Bool
    false)
  (define-fun |memory_model::choice_ws-ext_0_41_1_12_F_237| () Bool
    true)
  (define-fun |memory_model::choice_ws-ext_0_82_3_13_F_266| () Bool
    false)
  (define-fun |y#6$wclk$8| () Int
    (- 13))
  (define-fun |memory_model::choice_rf_1_25_0_45_F_86| () Bool
    false)
  (define-fun |memory_model::choice_rf_0_75_0_50_F_100| () Bool
    false)
  (define-fun |memory_model::choice_rf_2_37_0_11_T_3| () Bool
    true)
  (define-fun |memory_model::choice_ws-ext_2_17_3_14_F_221| () Bool
    true)
  (define-fun |memory_model::choice_ws-ext_0_51_2_33_F_260| () Bool
    true)
  (define-fun |x$w_buff1_used#20| () (_ BitVec 8)
    #x00)
  (define-fun |memory_model::choice_rf_3_17_2_38_T_8| () Bool
    false)
  (define-fun |memory_model::choice_rf_1_3_2_31_F_74| () Bool
    true)
  (define-fun |memory_model::choice_rf_2_23_0_37_F_28| () Bool
    false)
  (define-fun |pthread_create::1::this_thread_id!1@0#0| () (_ BitVec 32)
    #x00004000)
  (define-fun |memory_model::choice_rf_2_6_1_32_F_26| () Bool
    false)
  (define-fun |__unbuffered_cnt#4| () (_ BitVec 32)
    #x00000001)
  (define-fun |memory_model::choice_ws-ext_2_19_3_13_F_273| () Bool
    true)
  (define-fun |memory_model::choice_ws-ext_0_36_2_12_F_302| () Bool
    true)
  (define-fun |x$w_buff1#2| () (_ BitVec 32)
    #x00000000)
  (define-fun |memory_model::choice_rf_2_23_3_14_F_32| () Bool
    false)
  (define-fun |memory_model::choice_ws-ext_0_83_2_17_F_215| () Bool
    false)
  (define-fun |__unbuffered_p1_EAX$read_delayed_var#1$wclk$8| () Int
    (- 53))
  (define-fun |memory_model::choice_rf_0_72_3_14_F_18| () Bool
    true)
  (define-fun |memory_model::choice_rf_1_0_3_2_F_198| () Bool
    true)
  (define-fun |memory_model::choice_ws-ext_0_81_1_18_F_283| () Bool
    false)
  (define-fun |memory_model::choice_ws-ext_0_35_2_13_F_300| () Bool
    true)
  (define-fun |x$r_buff0_thd2#1$wclk$8| () Int
    (- 37))
  (define-fun |memory_model::choice_rf_0_60_0_9_T_9| () Bool
    false)
  (define-fun |__unbuffered_p1_EAX$mem_tmp#1$wclk$8| () Int
    (- 63))
  (define-fun |memory_model::choice_rf_0_72_0_37_F_14| () Bool
    false)
  (define-fun |memory_model::choice_ws-ext_0_46_2_30_F_248| () Bool
    true)
  (define-fun |memory_model::choice_ws-ext_0_54_2_22_F_296| () Bool
    true)
  (define-fun |x$w_buff0#4| () (_ BitVec 32)
    #x00000000)
  (define-fun |memory_model::choice_rf_1_26_1_12_F_71| () Bool
    true)
  (define-fun |memory_model::choice_ws-ext_0_83_3_14_F_217| () Bool
    false)
  (define-fun |memory_model::choice_ws-ext_0_50_1_19_F_254| () Bool
    true)
  (define-fun |memory_model::choice_rf_1_21_0_83_F_20| () Bool
    false)
  (define-fun |memory_model::choice_rf_0_74_0_53_F_164| () Bool
    false)
  (define-fun |x$w_buff1_used#1$wclk$8| () Int
    (- 26))
  (define-fun |memory_model::choice_ws-ext_0_42_2_15_F_239| () Bool
    true)
  (define-fun |x$w_buff1#12| () (_ BitVec 32)
    #x00000000)
  (define-fun |x#16$wclk$8| () Int
    (- 12))
  (define-fun |memory_model::choice_rf_3_5_2_32_F_192| () Bool
    false)
  (define-fun |x$r_buff1_thd1#1$wclk$8| () Int
    (- 34))
  (define-fun |memory_model::choice_ws-ext_1_18_2_32_F_289| () Bool
    false)
  (define-fun |memory_model::choice_rf_2_27_0_42_F_76| () Bool
    false)
  (define-fun |memory_model::choice_rf_0_88_0_54_F_193| () Bool
    false)
  (define-fun |memory_model::choice_rf_2_35_1_34_F_46| () Bool
    true)
  (define-fun |memory_model::choice_rf_2_5_3_13_F_137| () Bool
    false)
  (define-fun |main::1::t1783!0@1#2$wclk$8| () Int
    (- 18))
  (define-fun |memory_model::choice_ws-ext_0_47_1_15_F_251| () Bool
    true)
  (define-fun |memory_model::choice_ws-ext_2_21_3_12_F_294| () Bool
    true)
  (define-fun |memory_model::choice_ws-ext_0_83_2_34_F_216| () Bool
    false)
  (define-fun t1$68$spwnclk$8 () Int
    (- 13))
  (define-fun |__unbuffered_p0_EAX#4$wclk$8| () Int
    (- 10))
  (define-fun |x$w_buff1#4$wclk$8| () Int
    (- 9))
  (define-fun |memory_model::choice_rf_3_5_0_81_F_188| () Bool
    false)
  (define-fun |memory_model::choice_rf_1_2_3_11_F_79| () Bool
    false)
  (define-fun |memory_model::choice_ws-ext_0_45_1_28_F_245| () Bool
    true)
  (define-fun |memory_model::choice_rf_2_6_3_14_F_27| () Bool
    false)
  (define-fun |memory_model::choice_rf_1_21_2_17_F_21| () Bool
    false)
  (define-fun |memory_model::choice_rf_1_33_3_16_F_44| () Bool
    true)
  (define-fun |memory_model::choice_rf_0_85_0_31_F_57| () Bool
    false)
  (define-fun |x$r_buff0_thd0#11| () (_ BitVec 8)
    #x00)
  (define-fun |pthread_create::1::this_thread_id!2@0#0| () (_ BitVec 32)
    #x00000000)
  (define-fun |memory_model::choice_ws-ext_0_51_1_31_F_258| () Bool
    true)
  (define-fun |memory_model::choice_rf_2_1_0_81_F_177| () Bool
    false)
  (define-fun |memory_model::choice_rf_1_27_3_13_F_132| () Bool
    false)
  (define-fun |memory_model::choice_ws-ext_1_32_2_17_F_218| () Bool
    false)
  (define-fun |memory_model::choice_ws-ext_0_38_2_14_F_235| () Bool
    true)
  (define-fun |memory_model::choice_rf_2_4_1_16_F_92| () Bool
    false)
  (define-fun |main$tmp_guard1#5| () (_ BitVec 8)
    #x00)
  (define-fun |memory_model::choice_rf_2_4_0_46_F_91| () Bool
    true)
  (define-fun |memory_model::choice_rf_3_8_0_47_F_98| () Bool
    false)
  (define-fun |memory_model::choice_rf_0_75_1_19_F_101| () Bool
    true)
  (define-fun |memory_model::choice_rf_2_0_0_52_F_156| () Bool
    true)
  (define-fun |memory_model::choice_rf_2_29_3_13_F_143| () Bool
    false)
  (define-fun |memory_model::choice_rf_2_24_2_18_F_160| () Bool
    true)
  (define-fun |memory_model::choice_ws-ext_2_34_3_14_F_222| () Bool
    true)
  (define-fun |__unbuffered_p1_EAX$read_delayed#2| () (_ BitVec 8)
    #x01)
  (define-fun |memory_model::choice_ws-ext_0_82_2_19_F_264| () Bool
    false)
  (define-fun |memory_model::choice_ws-ext_0_26_2_8_F_233| () Bool
    true)
  (define-fun |memory_model::choice_rf_2_26_2_10_F_112| () Bool
    true)
  (define-fun |x$r_buff1_thd3#1$wclk$8| () Int
    (- 32))
  (define-fun |goto_symex::&92;guard#2| () Bool
    true)
  (define-fun |memory_model::choice_ws-ext_1_17_3_13_F_269| () Bool
    true)
  (define-fun |goto_symex::&92;guard#3| () Bool
    true)
  (define-fun |memory_model::choice_rf_3_3_0_83_F_34| () Bool
    false)
  (define-fun |memory_model::choice_ws-ext_0_53_3_12_F_282| () Bool
    true)
  (define-fun |memory_model::choice_rf_0_69_1_34_F_39| () Bool
    false)
  (define-fun |memory_model::choice_ws-ext_2_22_3_2_F_298| () Bool
    true)
  (define-fun |x#2| () (_ BitVec 32)
    #x00000001)
  (define-fun |memory_model::choice_rf_0_65_0_61_T_13| () Bool
    true)
  (define-fun |memory_model::choice_rf_2_35_3_16_F_47| () Bool
    false)
  (define-fun |memory_model::choice_ws-ext_0_13_1_1_F_229| () Bool
    true)
  (define-fun |memory_model::choice_rf_1_23_2_21_F_173| () Bool
    false)
  (define-fun |main$tmp_guard1#1$wclk$8| () Int
    (- 46))
  (define-fun |memory_model::choice_ws-ext_1_16_2_20_F_249| () Bool
    false)
  (define-fun |memory_model::choice_rf_2_1_3_12_F_180| () Bool
    false)
  (define-fun |memory_model::choice_ws-ext_0_34_2_9_F_299| () Bool
    true)
  (define-fun |memory_model::choice_rf_3_3_2_17_F_36| () Bool
    false)
  (define-fun |memory_model::choice_rf_1_24_2_10_F_107| () Bool
    false)
  (define-fun |memory_model::choice_rf_1_35_0_11_T_0| () Bool
    true)
  (define-fun |memory_model::choice_rf_2_25_0_53_F_181| () Bool
    false)
  (define-fun |memory_model::choice_ws-ext_2_36_3_16_F_228| () Bool
    false)
  (define-fun |memory_model::choice_rf_0_77_0_40_F_66| () Bool
    true)
  (define-fun |memory_model::choice_rf_0_69_0_12_F_38| () Bool
    false)
  (define-fun |memory_model::choice_rf_0_65_0_9_T_11| () Bool
    false)
  (define-fun |memory_model::choice_rf_2_25_1_30_F_184| () Bool
    false)
  (define-fun |memory_model::choice_rf_3_5_2_21_F_191| () Bool
    false)
  (define-fun |memory_model::choice_rf_3_6_1_19_F_114| () Bool
    true)
  (define-fun |memory_model::choice_rf_2_5_0_82_F_134| () Bool
    false)
  (define-fun |main$tmp_guard1#4$wclk$8| () Int
    0)
  (define-fun |memory_model::choice_rf_1_27_1_17_F_129| () Bool
    true)
  (define-fun |memory_model::choice_ws-ext_0_46_2_20_F_247| () Bool
    true)
  (define-fun |memory_model::choice_rf_1_7_0_40_F_67| () Bool
    true)
  (define-fun |memory_model::choice_ws-ext_2_38_3_18_T_209| () Bool
    false)
  (define-fun |memory_model::choice_rf_2_25_2_21_F_185| () Bool
    true)
  (define-fun |x$r_buff1_thd3#5| () (_ BitVec 8)
    #x00)
  (define-fun |memory_model::choice_rf_1_23_3_12_F_175| () Bool
    false)
  (define-fun |memory_model::choice_rf_0_72_2_34_F_17| () Bool
    false)
  (define-fun |__unbuffered_p1_EAX$r_buff1_thd3#1$wclk$8| () Int
    (- 55))
  (define-fun |memory_model::choice_rf_1_33_2_36_F_43| () Bool
    false)
  (define-fun |memory_model::choice_rf_1_7_0_80_F_68| () Bool
    false)
  (define-fun |memory_model::choice_ws-ext_1_34_3_16_F_227| () Bool
    false)
  (define-fun |weak$$choice0#1$wclk$8| () Int
    (- 45))
  (define-fun |memory_model::choice_rf_2_24_1_20_F_159| () Bool
    false)
  (define-fun |memory_model::choice_ws-ext_0_41_1_29_F_238| () Bool
    true)
  (define-fun |memory_model::choice_rf_3_3_0_37_F_33| () Bool
    false)
  (define-fun |memory_model::choice_rf_3_9_2_19_F_148| () Bool
    false)
  (define-fun |memory_model::choice_rf_1_24_1_19_F_106| () Bool
    true)
  (define-fun |x$w_buff1_used#23| () (_ BitVec 8)
    #x00)
  (define-fun |__unbuffered_p1_EAX#2| () (_ BitVec 32)
    #x00000000)
  (define-fun |memory_model::choice_ws-ext_1_19_2_10_F_256| () Bool
    false)
  (define-fun |__unbuffered_p1_EAX$read_delayed_var$object#1| () (_ BitVec 32)
    #x00000001)
  (define-fun |memory_model::choice_ws-ext_1_30_2_21_F_291| () Bool
    false)
  (define-fun |__unbuffered_p1_EAX$r_buff0_thd2#1$wclk$8| () Int
    (- 60))
  (define-fun |y#1$wclk$8| () Int
    (- 25))
  (define-fun |memory_model::choice_rf_2_24_0_52_F_158| () Bool
    false)
  (define-fun |memory_model::choice_rf_3_15_2_36_F_50| () Bool
    false)
  (define-fun |memory_model::choice_rf_1_24_0_50_F_105| () Bool
    false)
  (define-fun |memory_model::choice_ws-ext_0_12_2_36_F_224| () Bool
    true)
  (define-fun |memory_model::choice_ws-ext_0_42_2_31_F_240| () Bool
    true)
  (define-fun |memory_model::choice_rf_0_73_1_20_F_151| () Bool
    true)
  (define-fun |x$mem_tmp#1$wclk$8| () Int
    (- 40))
  (define-fun |memory_model::choice_ws-ext_1_31_3_13_F_272| () Bool
    true)
  (define-fun |y#4| () (_ BitVec 32)
    #x00000002)
  (define-fun |x$w_buff0_used#14| () (_ BitVec 8)
    #x01)
  (define-fun |x$w_buff0_used#1$wclk$8| () Int
    (- 28))
  (define-fun |memory_model::choice_ws-ext_1_34_2_36_F_226| () Bool
    true)
  (define-fun |memory_model::choice_rf_3_4_2_18_F_163| () Bool
    false)
  (define-fun |memory_model::choice_rf_0_96_0_33_F_64| () Bool
    false)
  (define-fun |memory_model::choice_rf_0_96_0_92_F_65| () Bool
    true)
  (define-fun |memory_model::choice_rf_1_3_2_15_F_73| () Bool
    false)
  (define-fun |memory_model::choice_ws-ext_0_44_1_14_F_242| () Bool
    true)
  (define-fun |x$w_buff0#2| () (_ BitVec 32)
    #x00000001)
  (define-fun |memory_model::choice_rf_1_27_2_19_F_130| () Bool
    false)
  (define-fun |memory_model::choice_ws-ext_1_17_2_19_F_267| () Bool
    false)
  (define-fun |memory_model::choice_ws-ext_1_36_2_38_T_207| () Bool
    true)
  (define-fun |memory_model::choice_rf_1_26_0_41_F_70| () Bool
    false)
  (define-fun |weak$$choice1#3| () (_ BitVec 8)
    #x01)
  (define-fun |memory_model::choice_rf_1_27_0_82_F_128| () Bool
    false)
  (define-fun |memory_model::choice_rf_3_0_0_54_F_199| () Bool
    false)
  (define-fun |memory_model::choice_ws-ext_1_15_3_10_F_253| () Bool
    true)
  (define-fun |x$w_buff0#14| () (_ BitVec 32)
    #x00000001)
  (define-fun |memory_model::choice_rf_1_22_1_20_F_154| () Bool
    true)
  (define-fun |x#10| () (_ BitVec 32)
    #x00000000)
  (define-fun |__unbuffered_p1_EAX$w_buff1_used#1$wclk$8| () Int
    (- 49))
  (define-fun |memory_model::choice_rf_2_37_3_18_T_5| () Bool
    false)
  (define-fun |memory_model::choice_rf_3_6_2_10_F_115| () Bool
    false)
  (define-fun |x$r_buff1_thd2#5| () (_ BitVec 8)
    #x00)
  (define-fun |__unbuffered_p2_EAX#4$wclk$8| () Int
    (- 12))
  (define-fun |memory_model::choice_ws-ext_0_53_2_21_F_280| () Bool
    true)
  (define-fun |main::1::t1782!0@1#1$wclk$8| () Int
    (- 24))
  (define-fun |__unbuffered_cnt#7$wclk$8| () Int
    (- 5))
  (define-fun |memory_model::choice_rf_2_5_1_31_F_136| () Bool
    false)
  (define-fun |memory_model::choice_rf_2_29_0_82_F_139| () Bool
    false)
  (define-fun |memory_model::choice_ws-ext_0_83_1_32_F_214| () Bool
    false)
  (define-fun |memory_model::choice_ws-ext_0_45_1_13_F_244| () Bool
    true)
  (define-fun |__unbuffered_p1_EAX$r_buff0_thd3#1$wclk$8| () Int
    (- 59))
  (define-fun |__unbuffered_p1_EAX$r_buff1_thd0#1$wclk$8| () Int
    (- 58))
  (define-fun |memory_model::choice_ws-ext_1_20_2_18_F_277| () Bool
    false)
  (define-fun |__CPROVER_threads_exited#3$wclk$8| () Int
    (- 1))
  (define-fun |memory_model::choice_rf_2_28_1_16_F_94| () Bool
    false)
  (define-fun |memory_model::choice_ws-ext_0_52_2_18_F_276| () Bool
    true)
  (define-fun |goto_symex::&92;guard#4| () Bool
    false)
  (define-fun |memory_model::choice_rf_0_76_1_14_F_82| () Bool
    true)
  (define-fun |x#1$wclk$8| () Int
    (- 42))
  (define-fun |__unbuffered_cnt#11| () (_ BitVec 32)
    #x00000000)
  (define-fun |memory_model::choice_rf_3_15_0_12_F_48| () Bool
    true)
  (define-fun |memory_model::choice_rf_3_3_1_32_F_35| () Bool
    true)
  (define-fun |x$r_buff1_thd2#8| () (_ BitVec 8)
    #x00)
  (define-fun |__unbuffered_p1_EAX$w_buff0_used#1$wclk$8| () Int
    (- 51))
  (define-fun |memory_model::choice_rf_3_9_1_31_F_147| () Bool
    true)
  (define-fun |memory_model::choice_ws-ext_0_11_1_36_T_204| () Bool
    true)
  (define-fun |memory_model::choice_rf_2_27_2_15_F_77| () Bool
    true)
  (define-fun |memory_model::choice_rf_0_71_0_70_F_60| () Bool
    true)
  (define-fun |memory_model::choice_ws-ext_0_11_3_18_T_206| () Bool
    true)
  (define-fun |x#6| () (_ BitVec 32)
    #x00000000)
  (define-fun |memory_model::choice_rf_0_89_0_2_F_203| () Bool
    true)
  (define-fun |__CPROVER_threads_exited#4| () (Array (_ BitVec 32) Bool)
    ((as const (Array (_ BitVec 32) Bool)) false))
  (define-fun |pthread_create::1::this_thread_id!3@0#0| () (_ BitVec 32)
    #x00000000)
  (define-fun |x#5$wclk$8| () Int
    (- 1))
  (define-fun |memory_model::choice_rf_0_74_2_32_F_168| () Bool
    false)
  (define-fun |memory_model::choice_rf_2_29_1_31_F_141| () Bool
    false)
  (define-fun |memory_model::choice_rf_0_71_0_32_F_59| () Bool
    false)
  (define-fun |memory_model::choice_ws-ext_0_52_1_20_F_275| () Bool
    true)
  (define-fun |memory_model::choice_ws-ext_0_82_1_17_F_262| () Bool
    false)
  (define-fun |x$w_buff0#7| () (_ BitVec 32)
    #x00000001)
  (define-fun |memory_model::choice_ws-ext_0_53_1_18_F_278| () Bool
    true)
  (define-fun |__CPROVER_threads_exited#1$wclk$8| () Int
    (- 68))
  (define-fun |memory_model::choice_rf_3_4_0_52_F_161| () Bool
    false)
  (define-fun |__CPROVER_next_thread_id#5$wclk$8| () Int
    (- 19))
  (define-fun |y#9$wclk$8| () Int
    (- 11))
  (define-fun |x$w_buff0#1$wclk$8| () Int
    (- 29))
  (define-fun |memory_model::choice_ws-ext_1_31_2_33_F_271| () Bool
    false)
  (define-fun |memory_model::choice_ws-ext_0_37_3_14_F_213| () Bool
    true)
  (define-fun |main$tmp_guard0#1$wclk$8| () Int
    (- 47))
  (define-fun |memory_model::choice_rf_1_25_1_13_F_87| () Bool
    true)
  (define-fun |memory_model::choice_rf_1_11_0_50_F_103| () Bool
    false)
  (define-fun |memory_model::choice_rf_0_78_2_33_F_120| () Bool
    false)
  (define-fun t1$63$spwnclk$8 () Int
    (- 17))
  (define-fun |memory_model::choice_ws-ext_0_53_1_30_F_279| () Bool
    true)
  (define-fun |__unbuffered_cnt#13$wclk$8| () Int
    (- 6))
  (define-fun |memory_model::choice_ws-ext_1_32_3_14_F_220| () Bool
    true)
  (define-fun |memory_model::choice_rf_3_9_1_17_F_146| () Bool
    false)
  (define-fun |memory_model::choice_ws-ext_1_31_2_19_F_270| () Bool
    false)
  (define-fun |memory_model::choice_rf_2_25_1_18_F_183| () Bool
    false)
  (define-fun |memory_model::choice_rf_1_33_0_12_F_42| () Bool
    false)
  (define-fun |memory_model::choice_rf_0_90_0_25_F_55| () Bool
    false)
  (define-fun |memory_model::choice_rf_1_23_1_18_F_172| () Bool
    true)
  (define-fun |memory_model::choice_rf_1_21_0_37_F_19| () Bool
    false)
  (define-fun |memory_model::choice_rf_2_23_1_32_F_30| () Bool
    false)
  (define-fun |memory_model::choice_ws-ext_0_12_1_34_F_223| () Bool
    true)
  (define-fun |memory_model::choice_rf_3_5_1_30_F_190| () Bool
    true)
  (define-fun |memory_model::choice_rf_2_6_0_37_F_24| () Bool
    true)
  (define-fun |memory_model::choice_rf_0_85_3_1_F_58| () Bool
    true)
  (define-fun |memory_model::choice_rf_0_74_1_30_F_166| () Bool
    false)
  (define-fun |memory_model::choice_ws-ext_0_14_2_7_F_230| () Bool
    true)
  (define-fun |memory_model::choice_ws-ext_0_50_2_10_F_255| () Bool
    true)
  (define-fun |memory_model::choice_ws-ext_0_51_2_19_F_259| () Bool
    true)
  (define-fun |memory_model::choice_rf_2_2_1_19_F_109| () Bool
    false)
  (define-fun |memory_model::choice_ws-ext_0_37_1_32_F_210| () Bool
    true)
  (define-fun |__unbuffered_p1_EAX$r_buff0_thd0#1$wclk$8| () Int
    (- 62))
  (define-fun |x$w_buff0#12| () (_ BitVec 32)
    #x00000000)
  (define-fun |__CPROVER_next_thread_id#2$wclk$8| () Int
    (- 23))
  (define-fun |memory_model::choice_rf_3_9_0_82_F_145| () Bool
    false)
  (define-fun |x$w_buff1#7| () (_ BitVec 32)
    #x00000000)
  (define-fun |memory_model::choice_ws-ext_0_51_3_13_F_261| () Bool
    true)
  (define-fun |memory_model::choice_ws-ext_2_32_3_12_F_295| () Bool
    true)
  (define-fun |x$r_buff0_thd1#6| () (_ BitVec 8)
    #x01)
  (define-fun |x$w_buff0_used#29| () (_ BitVec 8)
    #x00)
  (define-fun |memory_model::choice_rf_2_6_0_83_F_25| () Bool
    false)
  (define-fun |memory_model::choice_ws-ext_1_16_2_30_F_250| () Bool
    false)
  (define-fun |memory_model::choice_rf_1_21_2_34_F_22| () Bool
    true)
  (define-fun |__CPROVER_threads_exited#6| () (Array (_ BitVec 32) Bool)
    ((as const (Array (_ BitVec 32) Bool)) false))
  (define-fun |memory_model::choice_rf_2_1_0_53_F_176| () Bool
    true)
  (define-fun |memory_model::choice_rf_2_29_1_17_F_140| () Bool
    false)
  (define-fun |memory_model::choice_rf_1_10_2_19_F_124| () Bool
    false)
  (define-fun |memory_model::choice_ws-ext_1_18_3_12_F_290| () Bool
    true)
  (define-fun |memory_model::choice_rf_2_1_1_30_F_179| () Bool
    false)
  (define-fun |memory_model::choice_rf_2_35_0_12_F_45| () Bool
    false)
  (define-fun |weak$$choice1#1$wclk$8| () Int
    (- 44))
  (define-fun |memory_model::choice_rf_0_78_0_51_F_116| () Bool
    false)
  (define-fun |memory_model::choice_ws-ext_0_37_2_34_F_212| () Bool
    true)
  (define-fun |memory_model::choice_rf_0_86_0_13_F_51| () Bool
    false)
  (define-fun |memory_model::choice_ws-ext_0_82_2_33_F_265| () Bool
    false)
  (define-fun |x$r_buff0_thd3#1$wclk$8| () Int
    (- 36))
  (define-fun |x$w_buff1#10| () (_ BitVec 32)
    #x00000000)
  (define-fun |memory_model::choice_ws-ext_0_81_2_21_F_285| () Bool
    false)
  (define-fun |__unbuffered_p0_EAX#2| () (_ BitVec 32)
    #x00000002)
  (define-fun |__unbuffered_p1_EAX$w_buff0#1$wclk$8| () Int
    (- 52))
  (define-fun |memory_model::choice_rf_1_0_0_54_F_196| () Bool
    false)
  (define-fun |__unbuffered_cnt#1$wclk$8| () Int
    (- 67))
  (define-fun |memory_model::choice_rf_1_3_0_42_F_72| () Bool
    false)
  (define-fun |memory_model::choice_rf_1_22_0_52_F_153| () Bool
    false)
  (define-fun t1$58$spwnclk$8 () Int
    (- 21))
  (define-fun |__unbuffered_p1_EAX$r_buff1_thd1#1$wclk$8| () Int
    (- 57))
  (define-fun |x$w_buff0_used#11| () (_ BitVec 8)
    #x00)
  (define-fun |memory_model::choice_rf_3_15_1_34_F_49| () Bool
    false)
  (define-fun |x$w_buff0_used#26| () (_ BitVec 8)
    #x00)
  (define-fun |memory_model::choice_ws-ext_0_11_2_38_T_205| () Bool
    true)
  (define-fun |__unbuffered_p0_EAX#1$wclk$8| () Int
    (- 66))
  (define-fun |memory_model::choice_rf_3_5_1_18_F_189| () Bool
    false)
  (define-fun |__CPROVER_threads_exited#6$rclk$8| () Int
    (- 5))
  (define-fun |weak$$choice2#1$wclk$8| () Int
    (- 43))
  (define-fun |x$read_delayed#1$wclk$8| () Int
    (- 31))
  (define-fun |__CPROVER_threads_exited#7$wclk$8| () Int
    (- 2))
  (define-fun |memory_model::choice_ws-ext_0_93_2_7_F_231| () Bool
    false)
  (define-fun |memory_model::choice_ws-ext_0_79_1_14_F_243| () Bool
    false)
  (define-fun |main$tmp_guard1#3$rclk$8| () Int
    0)
  (define-fun |memory_model::choice_rf_1_35_3_18_T_2| () Bool
    false)
  (define-fun |x$r_buff0_thd1#2| () (_ BitVec 8)
    #x00)
  (define-fun |memory_model::choice_rf_1_27_0_51_F_127| () Bool
    false)
  (define-fun |__unbuffered_p1_EAX$r_buff1_thd2#1$wclk$8| () Int
    (- 56))
  (define-fun |x#17| () (_ BitVec 32)
    #x00000001)
  (define-fun |memory_model::choice_rf_0_86_1_1_F_52| () Bool
    true)
  (define-fun |memory_model::choice_rf_0_78_2_19_F_119| () Bool
    false)
  (define-fun |__unbuffered_cnt#10$wclk$8| () Int
    (- 4))
  (define-fun array_of.0 () (Array (_ BitVec 32) Bool)
    ((as const (Array (_ BitVec 32) Bool)) false))
  (define-fun |main$tmp_guard0#2$wclk$8| () Int
    (- 3))
  (define-fun |__unbuffered_p1_EAX$read_delayed#1$wclk$8| () Int
    (- 54))
  (define-fun |memory_model::choice_rf_2_29_0_51_F_138| () Bool
    false)
  (define-fun |memory_model::choice_rf_2_37_1_36_T_4| () Bool
    false)
  (define-fun |memory_model::choice_rf_2_1_1_18_F_178| () Bool
    false)
  (define-fun |main$tmp_guard1#6$rclk$8| () Int
    2)
  (define-fun |memory_model::choice_ws-ext_0_81_1_30_F_284| () Bool
    false)
  (define-fun |x$w_buff0_used#23| () (_ BitVec 8)
    #x00)
  (define-fun |memory_model::choice_rf_1_11_2_10_F_104| () Bool
    true)
  (define-fun |memory_model::choice_rf_0_95_0_33_F_62| () Bool
    false)
  (define-fun |memory_model::choice_rf_0_75_2_10_F_102| () Bool
    false)
  (define-fun |memory_model::choice_rf_2_5_1_17_F_135| () Bool
    false)
  (define-fun |__unbuffered_p1_EAX$r_buff0_thd1#1$wclk$8| () Int
    (- 61))
  (define-fun |memory_model::choice_rf_0_76_0_44_F_81| () Bool
    false)
  (define-fun |memory_model::choice_ws-ext_0_46_1_16_F_246| () Bool
    true)
  (define-fun |__unbuffered_p2_EAX#2| () (_ BitVec 32)
    #x00000001)
  (define-fun |x$w_buff1#5| () (_ BitVec 32)
    #x00000000)
  (define-fun |memory_model::choice_rf_0_74_3_12_F_169| () Bool
    true)
  (define-fun |x$r_buff1_thd1#5| () (_ BitVec 8)
    #x00)
  (define-fun |main$tmp_guard0#3| () (_ BitVec 8)
    #x01)
  (define-fun |y#7| () (_ BitVec 32)
    #x00000001)
  (define-fun |x$r_buff1_thd0#2| () (_ BitVec 8)
    #x00)
  (define-fun |memory_model::choice_rf_2_26_0_50_F_110| () Bool
    false)
  (define-fun |x$r_buff0_thd0#1$wclk$8| () Int
    (- 39))
  (define-fun |memory_model::choice_ws-ext_0_31_3_1_F_234| () Bool
    true)
  (define-fun |memory_model::choice_ws-ext_0_25_2_11_F_232| () Bool
    true)
  (define-fun |__CPROVER_threads_exited#5$wclk$8| () Int
    0)
  (define-fun |memory_model::choice_ws-ext_0_53_2_32_F_281| () Bool
    true)
  (define-fun |memory_model::choice_rf_2_28_0_46_F_93| () Bool
    false)
  (define-fun |memory_model::choice_rf_2_28_2_20_F_95| () Bool
    true)
  (define-fun |memory_model::choice_rf_1_23_0_53_F_170| () Bool
    false)
  (define-fun |memory_model::choice_rf_1_22_2_18_F_155| () Bool
    false)
  (define-fun |memory_model::choice_ws-ext_1_32_2_34_F_219| () Bool
    false)
  (define-fun |__CPROVER_next_thread_id#3| () (_ BitVec 32)
    #x00000001)
  (define-fun |memory_model::choice_rf_1_5_0_41_F_69| () Bool
    true)
  (define-fun |main::1::t1784!0@1#1$wclk$8| () Int
    (- 16))
  (define-fun |__CPROVER_next_thread_id#8$wclk$8| () Int
    (- 15))
  (define-fun |x$w_buff0#9| () (_ BitVec 32)
    #x00000000)
  (define-fun |memory_model::choice_rf_0_73_0_52_F_150| () Bool
    false)
  (define-fun |memory_model::choice_ws-ext_1_17_2_33_F_268| () Bool
    false)
  (define-fun |__CPROVER_threads_exited#4$rclk$8| () Int
    (- 3))
  (define-fun |memory_model::choice_ws-ext_0_81_3_12_F_287| () Bool
    false)
  (define-fun |memory_model::choice_rf_3_5_0_53_F_187| () Bool
    false)
  (define-fun |x#19$wclk$8| () Int
    (- 7))
  (define-fun |main::1::t1784!0@1#2$wclk$8| () Int
    (- 14))
  (define-fun |memory_model::choice_rf_0_78_3_13_F_121| () Bool
    true)
  (define-fun |weak$$choice1#7$wclk$8| () Int
    0)
  (define-fun |memory_model::choice_rf_0_95_0_92_F_63| () Bool
    true)
  (define-fun |memory_model::choice_rf_3_8_1_15_F_99| () Bool
    true)
  (define-fun |memory_model::choice_rf_1_27_2_33_F_131| () Bool
    false)
  (define-fun |memory_model::choice_rf_2_25_3_12_F_186| () Bool
    false)
  (define-fun |memory_model::choice_ws-ext_0_39_2_16_F_236| () Bool
    true)
  (define-fun |main$tmp_guard1#6| () (_ BitVec 8)
    #x00)
  (define-fun |x$r_buff1_thd0#1$wclk$8| () Int
    (- 35))
  (define-fun |main::1::t1783!0@1#1$wclk$8| () Int
    (- 20))
  (define-fun |__CPROVER_pipe_count#1$wclk$8| () Int
    (- 69))
  (define-fun |__CPROVER_next_thread_id#1$wclk$8| () Int
    (- 70))
  (define-fun |__CPROVER_memory_leak#1$wclk$8| () Int
    (- 71))
  (define-fun |__CPROVER_malloc_size#1$wclk$8| () Int
    (- 72))
  (define-fun |__CPROVER_malloc_object#1$wclk$8| () Int
    (- 73))
  (define-fun |__CPROVER_malloc_is_new_array#1$wclk$8| () Int
    (- 74))
  (define-fun |__CPROVER_deallocated#1$wclk$8| () Int
    (- 75))
  (define-fun |__CPROVER_dead_object#1$wclk$8| () Int
    (- 76))
  (define-fun __unbuffered_p1_EAX$read_delayed_var$object$wclk$8 () Int
    (- 77))
  (define-fun |main::1::t1784!0@1$wclk$8| () Int
    (- 78))
  (define-fun |main::1::t1783!0@1$wclk$8| () Int
    (- 79))
  (define-fun __unbuffered_p1_EAX$read_delayed_var$object () (_ BitVec 32)
    #x00000001)
  (define-fun |memory_model::choice_rf_0_91_2_13_F_202| () Bool
    true)
  (define-fun |memory_model::choice_rf_0_91_0_35_F_201| () Bool
    false)
  (define-fun |memory_model::choice_rf_1_8_3_10_F_97| () Bool
    false)
  (define-fun |memory_model::choice_rf_1_8_0_47_F_96| () Bool
    false)
  (define-fun |memory_model::choice_rf_1_9_2_30_F_90| () Bool
    false)
  (define-fun |memory_model::choice_rf_1_9_2_20_F_89| () Bool
    false)
  (define-fun |memory_model::choice_rf_1_9_0_46_F_88| () Bool
    false)
  (define-fun |x$r_buff1_thd1#3| () (_ BitVec 8)
    #xff)
  (define-fun |memory_model::choice_rf_1_4_0_45_F_85| () Bool
    false)
  (define-fun |memory_model::choice_rf_1_6_0_79_F_84| () Bool
    false)
  (define-fun |memory_model::choice_rf_1_6_0_44_F_83| () Bool
    false)
  (define-fun |main$tmp_guard1#3| () (_ BitVec 8)
    #xff)
  (define-fun |memory_model::choice_rf_0_84_0_33_F_61| () Bool
    false)
  (define-fun |x$r_buff0_thd0#2| () (_ BitVec 8)
    #x00)
  (define-fun |x$r_buff0_thd2#7| () (_ BitVec 8)
    #x00)
  (define-fun |nondet_symex::nondet4| () (_ BitVec 32)
    #xffffffff)
  (define-fun |nondet_symex::nondet2| () (_ BitVec 32)
    #xffffffff)
  (define-fun |nondet_symex::nondet3| () (_ BitVec 32)
    #xffffffff)
  (define-fun |nondet_symex::nondet0| () (_ BitVec 32)
    #xffffffff)
  (define-fun |__unbuffered_cnt#11$rclk$8| () Int
    (- 6))
  (define-fun |x#17$rclk$8| () Int
    (- 7))
  (define-fun |x$w_buff1#12$rclk$8| () Int
    (- 7))
  (define-fun |x$w_buff1_used#23$rclk$8| () Int
    (- 7))
  (define-fun |x$w_buff0#14$rclk$8| () Int
    (- 7))
  (define-fun |x$r_buff0_thd3#4$rclk$8| () Int
    (- 7))
  (define-fun |x$r_buff1_thd3#5$rclk$8| () Int
    (- 7))
  (define-fun |x$w_buff0_used#29$rclk$8| () Int
    (- 7))
  (define-fun |x$r_buff1_thd3#7$wclk$8| () Int
    (- 7))
  (define-fun |x$r_buff0_thd3#6$wclk$8| () Int
    (- 7))
  (define-fun |x$w_buff1_used#25$wclk$8| () Int
    (- 7))
  (define-fun |x$w_buff0_used#31$wclk$8| () Int
    (- 7))
  (define-fun |y#7$rclk$8| () Int
    (- 12))
  (define-fun |__unbuffered_cnt#8$rclk$8| () Int
    (- 4))
  (define-fun |x#14$rclk$8| () Int
    (- 12))
  (define-fun |x$w_buff1#10$rclk$8| () Int
    (- 12))
  (define-fun |x$w_buff1_used#20$rclk$8| () Int
    (- 12))
  (define-fun |x$w_buff0#12$rclk$8| () Int
    (- 12))
  (define-fun |x$r_buff0_thd2#7$rclk$8| () Int
    (- 12))
  (define-fun |x$r_buff1_thd2#8$rclk$8| () Int
    (- 12))
  (define-fun |x$w_buff0_used#26$rclk$8| () Int
    (- 12))
  (define-fun |x$r_buff1_thd2#10$wclk$8| () Int
    (- 12))
  (define-fun |x$r_buff0_thd2#9$wclk$8| () Int
    (- 12))
  (define-fun |x$w_buff1_used#22$wclk$8| () Int
    (- 12))
  (define-fun |x$w_buff0_used#28$wclk$8| () Int
    (- 12))
  (define-fun |x$w_buff1#7$rclk$8| () Int
    (- 16))
  (define-fun |x$w_buff1_used#17$rclk$8| () Int
    (- 16))
  (define-fun |x$w_buff0#9$rclk$8| () Int
    (- 16))
  (define-fun |x$r_buff0_thd2#4$rclk$8| () Int
    (- 16))
  (define-fun |x$r_buff1_thd2#5$rclk$8| () Int
    (- 16))
  (define-fun |x$w_buff0_used#23$rclk$8| () Int
    (- 16))
  (define-fun |x#10$rclk$8| () Int
    (- 16))
  (define-fun |__unbuffered_p1_EAX#11$wclk$8| () Int
    (- 16))
  (define-fun |__unbuffered_p1_EAX$read_delayed_var#2$wclk$8| () Int
    (- 16))
  (define-fun |weak$$choice0#2$wclk$8| () Int
    (- 16))
  (define-fun |x$w_buff0#11$wclk$8| () Int
    (- 16))
  (define-fun |__unbuffered_p1_EAX$read_delayed#4$wclk$8| () Int
    (- 16))
  (define-fun |weak$$choice2#2$wclk$8| () Int
    (- 16))
  (define-fun |weak$$choice1#8$wclk$8| () Int
    (- 16))
  (define-fun |x$flush_delayed#3$wclk$8| () Int
    (- 16))
  (define-fun |x$r_buff0_thd2#6$wclk$8| () Int
    (- 16))
  (define-fun |x$mem_tmp#2$wclk$8| () Int
    (- 16))
  (define-fun |x#13$wclk$8| () Int
    (- 16))
  (define-fun |x$w_buff1#9$wclk$8| () Int
    (- 16))
  (define-fun |x$w_buff0_used#25$wclk$8| () Int
    (- 16))
  (define-fun |x$r_buff1_thd2#7$wclk$8| () Int
    (- 16))
  (define-fun |__unbuffered_cnt#4$rclk$8| () Int
    (- 5))
  (define-fun |x#6$rclk$8| () Int
    (- 8))
  (define-fun |x$w_buff1#5$rclk$8| () Int
    (- 8))
  (define-fun |x$w_buff1_used#10$rclk$8| () Int
    (- 8))
  (define-fun |x$w_buff0#7$rclk$8| () Int
    (- 8))
  (define-fun |x$r_buff1_thd1#5$rclk$8| () Int
    (- 8))
  (define-fun |x$r_buff0_thd1#6$rclk$8| () Int
    (- 8))
  (define-fun |x$w_buff0_used#14$rclk$8| () Int
    (- 8))
  (define-fun |x$r_buff1_thd1#11$wclk$8| () Int
    (- 8))
  (define-fun |x$r_buff0_thd1#14$wclk$8| () Int
    (- 8))
  (define-fun |x$w_buff1_used#16$wclk$8| () Int
    (- 8))
  (define-fun |x$w_buff0_used#22$wclk$8| () Int
    (- 8))
  (define-fun |x$r_buff0_thd3#2$rclk$8| () Int
    (- 9))
  (define-fun |x$r_buff0_thd2#2$rclk$8| () Int
    (- 9))
  (define-fun |x$r_buff1_thd1#3$rclk$8| () Int
    (- 9))
  (define-fun |x$r_buff0_thd1#2$rclk$8| () Int
    (- 9))
  (define-fun |x$r_buff1_thd0#10$rclk$8| () Int
    (- 9))
  (define-fun |x$r_buff0_thd0#11$rclk$8| () Int
    (- 9))
  (define-fun |x$r_buff1_thd3#3$rclk$8| () Int
    (- 9))
  (define-fun |x$r_buff1_thd2#3$rclk$8| () Int
    (- 9))
  (define-fun |x$w_buff0_used#11$rclk$8| () Int
    (- 9))
  (define-fun |x$w_buff0#4$rclk$8| () Int
    (- 9))
  (define-fun |x$r_buff0_thd1#5$wclk$8| () Int
    (- 9))
  (define-fun |x$r_buff1_thd1#4$wclk$8| () Int
    (- 9))
  (define-fun |x$r_buff1_thd0#11$wclk$8| () Int
    (- 9))
  (define-fun |x$r_buff1_thd3#4$wclk$8| () Int
    (- 9))
  (define-fun |x$r_buff1_thd2#4$wclk$8| () Int
    (- 9))
  (define-fun |x$w_buff0_used#13$wclk$8| () Int
    (- 9))
  (define-fun |x$w_buff1_used#9$wclk$8| () Int
    (- 9))
  (define-fun |x$w_buff0#6$wclk$8| () Int
    (- 9))
  (define-fun |y#4$rclk$8| () Int
    (- 10))
  (define-fun |__unbuffered_p1_EAX#10$wclk$8| () Int
    0)
  (define-fun |__unbuffered_p2_EAX#2$rclk$8| () Int
    0)
  (define-fun |__unbuffered_p0_EAX#2$rclk$8| () Int
    0)
  (define-fun |__unbuffered_p1_EAX#2$rclk$8| () Int
    0)
  (define-fun |y#2$rclk$8| () Int
    0)
  (define-fun |__unbuffered_p1_EAX$read_delayed_var$object#1$rclk$8| () Int
    0)
  (define-fun |__unbuffered_p1_EAX$read_delayed#2$rclk$8| () Int
    0)
  (define-fun |weak$$choice1#3$rclk$8| () Int
    0)
  (define-fun |x#2$rclk$8| () Int
    (- 1))
  (define-fun |x$w_buff1#2$rclk$8| () Int
    (- 1))
  (define-fun |x$w_buff1_used#2$rclk$8| () Int
    (- 1))
  (define-fun |x$w_buff0#2$rclk$8| () Int
    (- 1))
  (define-fun |x$r_buff1_thd0#2$rclk$8| () Int
    (- 1))
  (define-fun |x$r_buff0_thd0#2$rclk$8| () Int
    (- 1))
  (define-fun |x$w_buff0_used#2$rclk$8| () Int
    (- 1))
  (define-fun |x$r_buff1_thd0#8$wclk$8| () Int
    (- 1))
  (define-fun |x$r_buff0_thd0#10$wclk$8| () Int
    (- 1))
  (define-fun |x$w_buff1_used#8$wclk$8| () Int
    (- 1))
  (define-fun |x$w_buff0_used#10$wclk$8| () Int
    (- 1))
  (define-fun |__unbuffered_cnt#2$rclk$8| () Int
    (- 3))
  (define-fun |__CPROVER_next_thread_id#6$rclk$8| () Int
    (- 15))
  (define-fun |__CPROVER_next_thread_id#3$rclk$8| () Int
    (- 19))
  (define-fun |memory_model::choice_rf_3_7_0_43_F_80| () Bool
    true)
  (define-fun |x$r_buff0_thd3#4| () (_ BitVec 8)
    #x00)
  (define-fun |memory_model::choice_rf_2_3_0_42_F_75| () Bool
    true)
  (define-fun |x$r_buff0_thd2#4| () (_ BitVec 8)
    #x00)
  (define-fun |__unbuffered_cnt#6| () (_ BitVec 32)
    #x00000002)
  (define-fun |x$r_buff1_thd1#10| () (_ BitVec 8)
    #x00)
  (define-fun |x$r_buff0_thd1#12| () (_ BitVec 8)
    #x01)
  (define-fun |x$w_buff1_used#14| () (_ BitVec 8)
    #x00)
  (define-fun |x$w_buff0_used#18| () (_ BitVec 8)
    #x00)
  (define-fun |x#8| () (_ BitVec 32)
    #x00000001)
  (define-fun |x$r_buff0_thd1#4| () (_ BitVec 8)
    #x01)
  (define-fun |x$r_buff1_thd3#2| () (_ BitVec 8)
    #x00)
  (define-fun |x$r_buff1_thd2#2| () (_ BitVec 8)
    #x00)
  (define-fun |x$r_buff1_thd1#2| () (_ BitVec 8)
    #x00)
  (define-fun |x$r_buff1_thd0#9| () (_ BitVec 8)
    #x00)
  (define-fun |__unbuffered_p1_EAX#8| () (_ BitVec 32)
    #x00000001)
  (define-fun |weak$$choice1#2| () (_ BitVec 8)
    #x01)
  (define-fun |x$r_buff1_thd0#7| () (_ BitVec 8)
    #x00)
  (define-fun |x$r_buff0_thd0#8| () (_ BitVec 8)
    #x00)
  (define-fun |x$w_buff1_used#6| () (_ BitVec 8)
    #x00)
  (define-fun |x$w_buff0_used#6| () (_ BitVec 8)
    #x00)
  (define-fun |x#4| () (_ BitVec 32)
    #x00000001)
  (define-fun |main::1::t1782!0@1#1| () (_ BitVec 32)
    #x00000000)
  (define-fun |pthread_create::1::this_thread_id!0@1#1| () (_ BitVec 32)
    #x00000000)
  (define-fun |main::1::t1783!0@1#1| () (_ BitVec 32)
    #x00000000)
  (define-fun |pthread_create::1::this_thread_id!0@2#1| () (_ BitVec 32)
    #x00000000)
  (define-fun |main::1::t1784!0@1#1| () (_ BitVec 32)
    #x00000000)
  (define-fun |pthread_create::1::this_thread_id!0@3#1| () (_ BitVec 32)
    #x00000000)
  (define-fun |main::$tmp::return_value___VERIFIER_nondet_pointer$1!0@1#1| () (_ BitVec 32)
    #x00000000)
  (define-fun |main::$tmp::::tmp_if_expr$2!0@1#1| () (_ BitVec 32)
    #x00000000)
  (define-fun |main::$tmp::::tmp_if_expr$1!0@1#1| () (_ BitVec 32)
    #x00000000)
  (define-fun |P0::$tmp::return_value___VERIFIER_nondet_pointer$1!1@1#1| () (_ BitVec 32)
    #x00000000)
  (define-fun |P1::$tmp::return_value___VERIFIER_nondet_pointer$1!2@1#1| () (_ BitVec 32)
    #x00000000)
  (define-fun |P1::$tmp::return_value___VERIFIER_nondet_pointer$2!2@1#1| () (_ BitVec 32)
    #x00000000)
  (define-fun |P1::$tmp::return_value___VERIFIER_nondet_pointer$3!2@1#1| () (_ BitVec 32)
    #x00000000)
  (define-fun |P1::$tmp::return_value___VERIFIER_nondet_pointer$4!2@1#1| () (_ BitVec 32)
    #x00000000)
  (define-fun |P2::$tmp::return_value___VERIFIER_nondet_pointer$1!3@1#1| () (_ BitVec 32)
    #x00000000)
  (define-fun |nondet_symex::nondet1| () (_ BitVec 32)
    #x00000000)
  (define-fun |nondet_symex::nondet5| () (_ BitVec 32)
    #x00000000)
  (define-fun |nondet_symex::nondet6| () (_ BitVec 32)
    #x00000000)
  (define-fun |__unbuffered_p1_EAX$read_delayed_var$object#0| () (_ BitVec 32)
    #x00000000)
  (define-fun |main::$tmp::::tmp_if_expr$1!0@1#0| () (_ BitVec 32)
    #x00000000)
  (define-fun |main::1::t1782!0@1| () (_ BitVec 32)
    #x00000000)
  (define-fun |main::1::t1783!0@1| () (_ BitVec 32)
    #x00000000)
  (define-fun |main::1::t1784!0@1| () (_ BitVec 32)
    #x00000000)
  (define-fun |memory_model::choice_rf_0_87_0_14_F_53| () Bool
    false)
  (define-fun |memory_model::choice_rf_0_87_2_7_F_54| () Bool
    false)
  (define-fun x () (_ BitVec 32)
    #x00000000)
  (define-fun |x$r_buff1_thd0#10| () (_ BitVec 8)
    #x00)
  (define-fun |x$r_buff1_thd2#3| () (_ BitVec 8)
    #x00)
  (define-fun |x$r_buff1_thd3#3| () (_ BitVec 8)
    #x00)
)
(:added-eqs               3876
 :arith-add-rows          10289
 :arith-assert-lower      415
 :arith-assert-upper      380
 :arith-bound-prop        355
 :arith-conflicts         4
 :arith-eq-adapter        2
 :arith-offset-eqs        3
 :arith-pivots            267
 :array-ax1               3
 :array-ax2               2
 :array-def-store         2
 :binary-propagations     6237
 :bv-bit2core             12904
 :bv-diseqs               4
 :bv-dynamic-diseqs       74
 :bv->core-eq             30
 :conflicts               97
 :decisions               627
 :del-clause              1250
 :eliminated-applications 43
 :eliminated-vars         121
 :final-checks            2
 :max-memory              8.07
 :memory                  5.03
 :minimized-lits          136
 :mk-bool-var             3308
 :mk-clause               2251
 :num-allocs              10617612
 :num-checks              1
 :propagations            10022
 :rlimit-count            946943
 :time                    0.05
 :total-time              0.07)

real	0m0.073s
user	0m0.066s
sys	0m0.007s
State: AC Run_time: 0.07475757598876953