num of guard = 7
num of elim = 70
num of guard = 7
num of elim = 0
sat
((|B0| true))
((|B1| true))
((|B10| true))
((|B100| true))
((|B101| true))
((|B102| false))
((|B103| false))
((|B104| false))
((|B11| true))
((|B12| true))
((|B13| true))
((|B14| true))
((|B15| true))
((|B16| true))
((|B17| true))
((|B18| true))
((|B19| true))
((|B2| true))
((|B20| true))
((|B21| true))
((|B22| true))
((|B23| true))
((|B24| true))
((|B25| true))
((|B26| true))
((|B27| true))
((|B28| true))
((|B29| true))
((|B3| true))
((|B30| true))
((|B31| true))
((|B32| true))
((|B33| true))
((|B34| true))
((|B35| true))
((|B36| true))
((|B37| true))
((|B38| true))
((|B39| true))
((|B4| true))
((|B40| true))
((|B41| true))
((|B42| true))
((|B43| true))
((|B44| true))
((|B45| true))
((|B46| true))
((|B47| true))
((|B48| true))
((|B49| true))
((|B5| true))
((|B50| true))
((|B51| true))
((|B52| true))
((|B53| true))
((|B54| true))
((|B55| true))
((|B56| true))
((|B57| true))
((|B58| true))
((|B59| false))
((|B6| true))
((|B60| false))
((|B61| true))
((|B62| true))
((|B63| false))
((|B64| false))
((|B65| true))
((|B66| true))
((|B67| true))
((|B68| true))
((|B69| true))
((|B7| true))
((|B70| true))
((|B71| false))
((|B72| false))
((|B73| true))
((|B74| true))
((|B75| true))
((|B76| false))
((|B77| true))
((|B78| true))
((|B79| true))
((|B8| true))
((|B80| true))
((|B81| true))
((|B82| true))
((|B83| true))
((|B84| true))
((|B85| true))
((|B86| true))
((|B87| true))
((|B88| false))
((|B89| false))
((|B9| true))
((|B90| false))
((|B91| false))
((|B92| false))
((|B93| false))
((|B94| true))
((|B95| true))
((|B96| true))
((|B97| true))
((|B98| true))
((|B99| true))
((|P0#return_value!1#1| #x00000000))
((|P0#return_value!1#2| #x00000000))
((|P0#return_value!2#1| #x00000000))
((|P0::$tmp::return_value___VERIFIER_nondet_pointer$1!1@1#1| #x00000000))
((|P0::$tmp::return_value___VERIFIER_nondet_pointer$1!1@1#2| #x00000000))
((|P0::arg!1@1#1| #x00000000))
((|P1#return_value!1#1| #x00000000))
((|P1#return_value!2#1| #x00000000))
((|P1#return_value!2#2| #x00000000))
((|P1::$tmp::return_value___VERIFIER_nondet_pointer$1!2@1#1| #x00000000))
((|P1::$tmp::return_value___VERIFIER_nondet_pointer$1!2@1#2| #x00000000))
((|P1::arg!2@1#1| #x00000000))
((|__CPROVER_dead_object#1| #x00000000))
((|__CPROVER_dead_object#1$wclk$8| (- 51)))
((|__CPROVER_deallocated#1| #x00000000))
((|__CPROVER_deallocated#1$wclk$8| (- 50)))
((|__CPROVER_malloc_is_new_array#1| false))
((|__CPROVER_malloc_is_new_array#1$wclk$8| (- 49)))
((|__CPROVER_malloc_object#1| #x00000000))
((|__CPROVER_malloc_object#1$wclk$8| (- 48)))
((|__CPROVER_malloc_size#1| #x00000000))
((|__CPROVER_malloc_size#1$wclk$8| (- 47)))
((|__CPROVER_memory_leak#1| #x00000000))
((|__CPROVER_memory_leak#1$wclk$8| (- 46)))
((|__CPROVER_next_thread_id#1| #x00000000))
((|__CPROVER_next_thread_id#1$wclk$8| (- 45)))
((|__CPROVER_next_thread_id#2| #x00000001))
((|__CPROVER_next_thread_id#2$wclk$8| (- 3)))
((|__CPROVER_next_thread_id#3| #x00000001))
((|__CPROVER_next_thread_id#3$rclk$8| 1))
((|__CPROVER_next_thread_id#4| #x00000001))
((|__CPROVER_next_thread_id#5| #x00000002))
((|__CPROVER_next_thread_id#5$wclk$8| 1))
((|__CPROVER_pipe_count#1| #x00000000))
((|__CPROVER_pipe_count#1$wclk$8| (- 44)))
((|__CPROVER_rounding_mode!0#1| #x00000000))
((|__CPROVER_rounding_mode!1#1| #x00000000))
((|__CPROVER_rounding_mode!2#1| #x00000000))
((|__CPROVER_thread_id!0#1| #x00000000))
((|__CPROVER_thread_id!1#1| #x00000000))
((|__CPROVER_thread_id!1#2| #x00000000))
((|__CPROVER_thread_id!2#1| #x00000000))
((|__CPROVER_thread_id!2#2| #x00000000))
((|__CPROVER_threads_exited#1| ((as const (Array (_ BitVec 32) Bool)) false)))
((|__CPROVER_threads_exited#1$wclk$8| (- 43)))
((|__CPROVER_threads_exited#2| ((as const (Array (_ BitVec 32) Bool)) false)))
((|__CPROVER_threads_exited#2$rclk$8| 9))
((|__CPROVER_threads_exited#3| (store ((as const (Array (_ BitVec 32) Bool)) false) #x00000000 true)))
((|__CPROVER_threads_exited#3$wclk$8| 11))
((|__CPROVER_threads_exited#4| ((as const (Array (_ BitVec 32) Bool)) false)))
((|__CPROVER_threads_exited#4$rclk$8| 8))
((|__CPROVER_threads_exited#5| (store ((as const (Array (_ BitVec 32) Bool)) false) #x00000000 true)))
((|__CPROVER_threads_exited#5$wclk$8| 10))
((|__VERIFIER_assert::expression!0@1#1| #x00000000))
((|__VERIFIER_nondet_bool#return_value!1#1| #x00))
((|__VERIFIER_nondet_bool#return_value!2#1| #x00))
((|__VERIFIER_nondet_pointer#return_value!1#1| #x00000000))
((|__VERIFIER_nondet_pointer#return_value!2#1| #x00000000))
((|__unbuffered_cnt#1| #x00000000))
((|__unbuffered_cnt#1$wclk$8| (- 42)))
((|__unbuffered_cnt#2| #x00000002))
((|__unbuffered_cnt#2$rclk$8| 9))
((|__unbuffered_cnt#3| #x00000002))
((|__unbuffered_cnt#4| #x00000001))
((|__unbuffered_cnt#4$rclk$8| 8))
((|__unbuffered_cnt#5| #x00000001))
((|__unbuffered_cnt#6| #x00000002))
((|__unbuffered_cnt#6$wclk$8| 8))
((|__unbuffered_cnt#7| #x00000000))
((|__unbuffered_cnt#7$rclk$8| 7))
((|__unbuffered_cnt#8| #x00000000))
((|__unbuffered_cnt#9| #x00000001))
((|__unbuffered_cnt#9$wclk$8| 7))
((|__unbuffered_p0_EAX#1| #x00000000))
((|__unbuffered_p0_EAX#1$wclk$8| (- 41)))
((|__unbuffered_p0_EAX#10| #x00000001))
((|__unbuffered_p0_EAX#10$wclk$8| 12))
((|__unbuffered_p0_EAX#11| #x00000000))
((|__unbuffered_p0_EAX#11$wclk$8| 0))
((|__unbuffered_p0_EAX#2| #x00000000))
((|__unbuffered_p0_EAX#2$rclk$8| 12))
((|__unbuffered_p0_EAX#3| #x00000000))
((|__unbuffered_p0_EAX#4| #x00000000))
((|__unbuffered_p0_EAX#5| #x00000000))
((|__unbuffered_p0_EAX#6| #x00000000))
((|__unbuffered_p0_EAX#7| #x00000000))
((|__unbuffered_p0_EAX#8| #x00000001))
((|__unbuffered_p0_EAX#9| #x00000001))
((|__unbuffered_p0_EAX$flush_delayed#1| #x00))
((|__unbuffered_p0_EAX$flush_delayed#1$wclk$8| (- 40)))
((|__unbuffered_p0_EAX$mem_tmp#1| #x00000000))
((|__unbuffered_p0_EAX$mem_tmp#1$wclk$8| (- 39)))
((|__unbuffered_p0_EAX$r_buff0_thd0#1| #x00))
((|__unbuffered_p0_EAX$r_buff0_thd0#1$wclk$8| (- 38)))
((|__unbuffered_p0_EAX$r_buff0_thd1#1| #x00))
((|__unbuffered_p0_EAX$r_buff0_thd1#1$wclk$8| (- 37)))
((|__unbuffered_p0_EAX$r_buff0_thd2#1| #x00))
((|__unbuffered_p0_EAX$r_buff0_thd2#1$wclk$8| (- 36)))
((|__unbuffered_p0_EAX$r_buff1_thd0#1| #x00))
((|__unbuffered_p0_EAX$r_buff1_thd0#1$wclk$8| (- 35)))
((|__unbuffered_p0_EAX$r_buff1_thd1#1| #x00))
((|__unbuffered_p0_EAX$r_buff1_thd1#1$wclk$8| (- 34)))
((|__unbuffered_p0_EAX$r_buff1_thd2#1| #x00))
((|__unbuffered_p0_EAX$r_buff1_thd2#1$wclk$8| (- 33)))
((|__unbuffered_p0_EAX$read_delayed#1| #x00))
((|__unbuffered_p0_EAX$read_delayed#1$wclk$8| (- 32)))
((|__unbuffered_p0_EAX$read_delayed#2| #x01))
((|__unbuffered_p0_EAX$read_delayed#2$rclk$8| 12))
((|__unbuffered_p0_EAX$read_delayed#3| #x01))
((|__unbuffered_p0_EAX$read_delayed#4| #x01))
((|__unbuffered_p0_EAX$read_delayed#4$wclk$8| 0))
((|__unbuffered_p0_EAX$read_delayed_var#1| #x00000000))
((|__unbuffered_p0_EAX$read_delayed_var#1$wclk$8| (- 31)))
((|__unbuffered_p0_EAX$read_delayed_var#2| #x06000000))
((|__unbuffered_p0_EAX$read_delayed_var#2$wclk$8| 0))
((|__unbuffered_p0_EAX$read_delayed_var$object| #x00000001))
((|__unbuffered_p0_EAX$read_delayed_var$object#0| #x00000000))
((|__unbuffered_p0_EAX$read_delayed_var$object#1| #x00000001))
((|__unbuffered_p0_EAX$read_delayed_var$object#1$rclk$8| 12))
((|__unbuffered_p0_EAX$read_delayed_var$object#2| #x00000001))
((|__unbuffered_p0_EAX$read_delayed_var$object#3| #x00000000))
((|__unbuffered_p0_EAX$read_delayed_var$object#4| #x00000001))
((|__unbuffered_p0_EAX$read_delayed_var$object#5| #x00000000))
((|__unbuffered_p0_EAX$read_delayed_var$object#6| #x00000001))
((|__unbuffered_p0_EAX$read_delayed_var$object$wclk$8| (- 52)))
((|__unbuffered_p0_EAX$w_buff0#1| #x00000000))
((|__unbuffered_p0_EAX$w_buff0#1$wclk$8| (- 30)))
((|__unbuffered_p0_EAX$w_buff0_used#1| #x00))
((|__unbuffered_p0_EAX$w_buff0_used#1$wclk$8| (- 29)))
((|__unbuffered_p0_EAX$w_buff1#1| #x00000000))
((|__unbuffered_p0_EAX$w_buff1#1$wclk$8| (- 28)))
((|__unbuffered_p0_EAX$w_buff1_used#1| #x00))
((|__unbuffered_p0_EAX$w_buff1_used#1$wclk$8| (- 27)))
((|__unbuffered_p1_EAX#1| #x00000000))
((|__unbuffered_p1_EAX#1$wclk$8| (- 26)))
((|__unbuffered_p1_EAX#2| #x00000001))
((|__unbuffered_p1_EAX#2$rclk$8| 12))
((|__unbuffered_p1_EAX#3| #x00000001))
((|__unbuffered_p1_EAX#4| #x00000001))
((|__unbuffered_p1_EAX#4$wclk$8| 4))
((|goto_symex::&92;guard#1| true))
((|goto_symex::&92;guard#2| true))
((|goto_symex::&92;guard#3| true))
((|main#return_value!0#1| #x00000000))
((|main#return_value!1#1| #x00000000))
((|main#return_value!2#1| #x00000000))
((|main$tmp_guard0#1| #x00))
((|main$tmp_guard0#1$wclk$8| (- 25)))
((|main$tmp_guard0#2| #x01))
((|main$tmp_guard0#2$wclk$8| 9))
((|main$tmp_guard0#3| #x01))
((|main$tmp_guard0#3$rclk$8| 10))
((|main$tmp_guard1#1| #x00))
((|main$tmp_guard1#1$wclk$8| (- 24)))
((|main$tmp_guard1#2| #x00))
((|main$tmp_guard1#3| #xff))
((|main$tmp_guard1#3$rclk$8| 12))
((|main$tmp_guard1#4| #x00))
((|main$tmp_guard1#4$wclk$8| 12))
((|main$tmp_guard1#5| #x00))
((|main$tmp_guard1#5$rclk$8| 13))
((|main$tmp_guard1#6| #x00))
((|main$tmp_guard1#6$rclk$8| 14))
((|main::$tmp::::tmp_if_expr$1!0@1#0| #x00000000))
((|main::$tmp::::tmp_if_expr$1!0@1#1| #x00000000))
((|main::$tmp::::tmp_if_expr$1!0@1#2| #x00000001))
((|main::$tmp::::tmp_if_expr$1!0@1#3| #x00000000))
((|main::$tmp::::tmp_if_expr$1!0@1#4| #x00000000))
((|main::$tmp::::tmp_if_expr$1!0@1#5| #x00000001))
((|main::$tmp::::tmp_if_expr$1!0@1#6| #x00000000))
((|main::$tmp::::tmp_if_expr$1!0@1#7| #x00000001))
((|main::$tmp::::tmp_if_expr$2!0@1#1| #x00000000))
((|main::$tmp::::tmp_if_expr$2!0@1#2| #x00000001))
((|main::$tmp::::tmp_if_expr$2!0@1#3| #x00000000))
((|main::$tmp::::tmp_if_expr$2!0@1#4| #x00000000))
((|main::$tmp::::tmp_if_expr$2!0@1#5| #x00000001))
((|main::1::t2675!0@1| #x00000000))
((|main::1::t2675!0@1#1| #x00000000))
((|main::1::t2675!0@1#1$wclk$8| (- 4)))
((|main::1::t2675!0@1#2| #x00000001))
((|main::1::t2675!0@1#2$wclk$8| (- 2)))
((|main::1::t2676!0@1| #x00000000))
((|main::1::t2676!0@1#1| #x00000000))
((|main::1::t2676!0@1#1$wclk$8| 0))
((|main::1::t2676!0@1#2| #x00000002))
((|main::1::t2676!0@1#2$wclk$8| 2))
((|main::1::t2676!0@1$wclk$8| (- 53)))
((|memory_model::choice_rf_0_54_0_50_T_5| true))
((|memory_model::choice_rf_0_54_0_8_T_4| false))
((|memory_model::choice_rf_0_58_0_11_F_8| false))
((|memory_model::choice_rf_0_58_1_23_F_9| true))
((|memory_model::choice_rf_0_58_2_16_F_10| false))
((|memory_model::choice_rf_0_60_0_28_F_21| false))
((|memory_model::choice_rf_0_60_0_59_F_22| true))
((|memory_model::choice_rf_0_61_0_34_F_28| false))
((|memory_model::choice_rf_0_61_1_14_F_29| false))
((|memory_model::choice_rf_0_61_2_14_F_31| true))
((|memory_model::choice_rf_0_61_2_2_F_30| false))
((|memory_model::choice_rf_0_62_0_47_F_60| false))
((|memory_model::choice_rf_0_62_1_16_F_61| true))
((|memory_model::choice_rf_0_63_0_40_F_43| true))
((|memory_model::choice_rf_0_64_0_48_F_65| false))
((|memory_model::choice_rf_0_64_1_9_F_66| false))
((|memory_model::choice_rf_0_64_2_12_F_67| true))
((|memory_model::choice_rf_0_65_0_45_F_46| false))
((|memory_model::choice_rf_0_65_1_15_F_47| true))
((|memory_model::choice_rf_0_66_0_37_F_40| true))
((|memory_model::choice_rf_0_67_0_46_F_51| false))
((|memory_model::choice_rf_0_67_1_13_F_52| false))
((|memory_model::choice_rf_0_67_2_13_F_53| true))
((|memory_model::choice_rf_0_73_0_29_F_23| false))
((|memory_model::choice_rf_0_74_0_12_F_15| true))
((|memory_model::choice_rf_0_74_1_7_F_16| false))
((|memory_model::choice_rf_0_75_0_27_F_19| false))
((|memory_model::choice_rf_0_75_2_1_F_20| true))
((|memory_model::choice_rf_0_76_0_1_F_75| true))
((|memory_model::choice_rf_0_77_0_21_F_17| false))
((|memory_model::choice_rf_0_77_1_17_F_18| true))
((|memory_model::choice_rf_0_78_0_31_F_74| false))
((|memory_model::choice_rf_0_82_0_29_F_24| false))
((|memory_model::choice_rf_0_82_0_79_F_25| true))
((|memory_model::choice_rf_0_83_0_29_F_26| false))
((|memory_model::choice_rf_0_83_0_79_F_27| true))
((|memory_model::choice_rf_1_0_0_47_F_62| true))
((|memory_model::choice_rf_1_1_0_45_F_48| true))
((|memory_model::choice_rf_1_22_0_11_F_11| false))
((|memory_model::choice_rf_1_22_2_16_F_12| true))
((|memory_model::choice_rf_1_24_0_10_T_0| true))
((|memory_model::choice_rf_1_24_2_18_T_1| false))
((|memory_model::choice_rf_1_2_0_41_F_44| true))
((|memory_model::choice_rf_1_3_0_48_F_68| true))
((|memory_model::choice_rf_1_3_0_70_F_69| false))
((|memory_model::choice_rf_1_3_2_12_F_70| false))
((|memory_model::choice_rf_1_4_0_38_F_41| true))
((|memory_model::choice_rf_1_5_0_46_F_54| true))
((|memory_model::choice_rf_1_5_0_71_F_55| false))
((|memory_model::choice_rf_1_5_2_13_F_56| false))
((|memory_model::choice_rf_1_6_0_34_F_32| true))
((|memory_model::choice_rf_1_6_0_72_F_33| false))
((|memory_model::choice_rf_1_6_2_14_F_35| false))
((|memory_model::choice_rf_1_6_2_2_F_34| false))
((|memory_model::choice_rf_2_0_0_33_F_6| false))
((|memory_model::choice_rf_2_0_1_21_F_7| true))
((|memory_model::choice_rf_2_15_0_11_F_13| true))
((|memory_model::choice_rf_2_15_1_23_F_14| false))
((|memory_model::choice_rf_2_17_0_10_T_2| true))
((|memory_model::choice_rf_2_17_1_25_T_3| false))
((|memory_model::choice_rf_2_3_0_34_F_36| false))
((|memory_model::choice_rf_2_3_0_72_F_37| false))
((|memory_model::choice_rf_2_3_1_14_F_38| false))
((|memory_model::choice_rf_2_3_2_2_F_39| true))
((|memory_model::choice_rf_2_4_0_47_F_63| false))
((|memory_model::choice_rf_2_4_1_16_F_64| true))
((|memory_model::choice_rf_2_5_0_48_F_71| false))
((|memory_model::choice_rf_2_5_0_70_F_72| false))
((|memory_model::choice_rf_2_5_1_9_F_73| true))
((|memory_model::choice_rf_2_6_0_45_F_49| false))
((|memory_model::choice_rf_2_6_1_15_F_50| true))
((|memory_model::choice_rf_2_7_0_42_F_45| true))
((|memory_model::choice_rf_2_8_0_39_F_42| true))
((|memory_model::choice_rf_2_9_0_46_F_57| false))
((|memory_model::choice_rf_2_9_0_71_F_58| false))
((|memory_model::choice_rf_2_9_1_13_F_59| true))
((|memory_model::choice_ws-ext_0_10_1_25_T_76| true))
((|memory_model::choice_ws-ext_0_10_2_18_T_77| true))
((|memory_model::choice_ws-ext_0_11_1_23_F_80| true))
((|memory_model::choice_ws-ext_0_11_2_16_F_81| true))
((|memory_model::choice_ws-ext_0_12_1_7_F_83| true))
((|memory_model::choice_ws-ext_0_21_1_17_F_85| true))
((|memory_model::choice_ws-ext_0_22_1_18_F_86| true))
((|memory_model::choice_ws-ext_0_27_2_1_F_87| true))
((|memory_model::choice_ws-ext_0_30_1_8_F_114| true))
((|memory_model::choice_ws-ext_0_32_1_10_F_115| true))
((|memory_model::choice_ws-ext_0_33_1_21_F_79| true))
((|memory_model::choice_ws-ext_0_34_1_14_F_88| true))
((|memory_model::choice_ws-ext_0_34_2_14_F_90| true))
((|memory_model::choice_ws-ext_0_34_2_2_F_89| true))
((|memory_model::choice_ws-ext_0_35_1_11_F_96| true))
((|memory_model::choice_ws-ext_0_36_1_12_F_97| true))
((|memory_model::choice_ws-ext_0_38_1_19_F_98| true))
((|memory_model::choice_ws-ext_0_39_2_11_F_99| true))
((|memory_model::choice_ws-ext_0_41_1_20_F_100| true))
((|memory_model::choice_ws-ext_0_42_2_10_F_101| true))
((|memory_model::choice_ws-ext_0_45_1_15_F_102| true))
((|memory_model::choice_ws-ext_0_46_1_13_F_103| true))
((|memory_model::choice_ws-ext_0_46_2_13_F_104| true))
((|memory_model::choice_ws-ext_0_47_1_16_F_108| true))
((|memory_model::choice_ws-ext_0_48_1_9_F_109| true))
((|memory_model::choice_ws-ext_0_48_2_12_F_110| true))
((|memory_model::choice_ws-ext_0_70_1_9_F_111| false))
((|memory_model::choice_ws-ext_0_70_2_12_F_112| false))
((|memory_model::choice_ws-ext_0_71_1_13_F_105| false))
((|memory_model::choice_ws-ext_0_71_2_13_F_106| false))
((|memory_model::choice_ws-ext_0_72_1_14_F_91| false))
((|memory_model::choice_ws-ext_0_72_2_14_F_93| false))
((|memory_model::choice_ws-ext_0_72_2_2_F_92| false))
((|memory_model::choice_ws-ext_0_80_1_7_F_84| false))
((|memory_model::choice_ws-ext_1_13_2_13_F_107| true))
((|memory_model::choice_ws-ext_1_14_2_14_F_95| true))
((|memory_model::choice_ws-ext_1_14_2_2_F_94| true))
((|memory_model::choice_ws-ext_1_23_2_16_F_82| false))
((|memory_model::choice_ws-ext_1_25_2_18_T_78| false))
((|memory_model::choice_ws-ext_1_9_2_12_F_113| true))
((|nondet_symex::nondet0| true))
((|nondet_symex::nondet1| false))
((|nondet_symex::nondet2| false))
((|nondet_symex::nondet3| #x00000000))
((|nondet_symex::nondet4| #x00000000))
((|pthread_create#return_value!0#1| #x00000000))
((|pthread_create#return_value!0#2| #x00000000))
((|pthread_create#return_value!1#1| #x00000000))
((|pthread_create#return_value!2#1| #x00000000))
((|pthread_create::1::this_thread_id!0@1#1| #x00000000))
((|pthread_create::1::this_thread_id!0@1#2| #x00000001))
((|pthread_create::1::this_thread_id!0@2#1| #x00000000))
((|pthread_create::1::this_thread_id!0@2#2| #x00000002))
((|pthread_create::1::this_thread_id!1@0#0| #x00000000))
((|pthread_create::1::this_thread_id!2@0#0| #x00000000))
((|pthread_create::arg!0@1#1| #x00000000))
((|pthread_create::arg!0@2#1| #x00000000))
((|pthread_create::arg!1@0#1| #x00000000))
((|pthread_create::arg!2@0#1| #x00000000))
((|pthread_create::attr!0@1#1| #x00000000))
((|pthread_create::attr!0@2#1| #x00000000))
((|pthread_create::attr!1@0#1| #x00000000))
((|pthread_create::attr!2@0#1| #x00000000))
((|pthread_create::start_routine!0@1#1| #x03000000))
((|pthread_create::start_routine!0@2#1| #x05000000))
((|pthread_create::start_routine!1@0#1| #x03000000))
((|pthread_create::start_routine!2@0#1| #x05000000))
((|pthread_create::thread!0@1#1| #x02000000))
((|pthread_create::thread!0@2#1| #x04000000))
((|pthread_create::thread!1@0#1| #x02000000))
((|pthread_create::thread!2@0#1| #x04000000))
((|return'!0#1| #x00000000))
((|t1$52$spwnclk$8| (- 1)))
((|t1$57$spwnclk$8| 3))
((|weak$$choice0#1| #x00))
((|weak$$choice0#1$wclk$8| (- 23)))
((|weak$$choice0#2| #x00))
((|weak$$choice0#2$wclk$8| 0))
((|weak$$choice1#1| #x00))
((|weak$$choice1#1$wclk$8| (- 22)))
((|weak$$choice1#2| #x01))
((|weak$$choice1#3| #xff))
((|weak$$choice1#3$rclk$8| 12))
((|weak$$choice1#4| #x01))
((|weak$$choice1#5| #x01))
((|weak$$choice1#6| #x01))
((|weak$$choice1#7| #x01))
((|weak$$choice1#7$wclk$8| 12))
((|weak$$choice2#1| #x00))
((|weak$$choice2#1$wclk$8| (- 21)))
((|weak$$choice2#2| #x00))
((|weak$$choice2#2$wclk$8| 0))
((|x#1| #x00000000))
((|x#1$wclk$8| (- 20)))
((|x#2| #x00000001))
((|x#2$wclk$8| 3))
((|x#3| #x00000001))
((|x#3$rclk$8| 4))
((|x#4| #x00000001))
((|y| #x00000000))
((|y#1| #x00000000))
((|y#1$wclk$8| (- 19)))
((|y#10| #x00000001))
((|y#10$wclk$8| 5))
((|y#11| #x00000001))
((|y#11$rclk$8| 6))
((|y#12| #x00000001))
((|y#13| #x00000001))
((|y#13$wclk$8| 6))
((|y#2| #x00000001))
((|y#2$rclk$8| 11))
((|y#3| #x00000001))
((|y#4| #x00000001))
((|y#5| #x00000001))
((|y#5$wclk$8| 11))
((|y#6| #x00000000))
((|y#6$rclk$8| 0))
((|y#7| #x00000000))
((|y#8| #x00000000))
((|y#9| #x00000000))
((|y#9$wclk$8| 0))
((|y$flush_delayed#1| #x00))
((|y$flush_delayed#1$wclk$8| (- 18)))
((|y$flush_delayed#2| #x00))
((|y$flush_delayed#3| #x00))
((|y$flush_delayed#3$wclk$8| 0))
((|y$mem_tmp#1| #x00000000))
((|y$mem_tmp#1$wclk$8| (- 17)))
((|y$mem_tmp#2| #x00000000))
((|y$mem_tmp#2$wclk$8| 0))
((|y$r_buff0_thd0#1| #x00))
((|y$r_buff0_thd0#1$wclk$8| (- 16)))
((|y$r_buff0_thd0#10| #x00))
((|y$r_buff0_thd0#10$wclk$8| 11))
((|y$r_buff0_thd0#2| #x00))
((|y$r_buff0_thd0#2$rclk$8| 11))
((|y$r_buff0_thd0#3| #x00))
((|y$r_buff0_thd0#4| #x00))
((|y$r_buff0_thd0#5| #x00))
((|y$r_buff0_thd0#6| #x00))
((|y$r_buff0_thd0#7| #x00))
((|y$r_buff0_thd0#8| #x00))
((|y$r_buff0_thd0#9| #x00))
((|y$r_buff0_thd1#1| #x00))
((|y$r_buff0_thd1#1$wclk$8| (- 15)))
((|y$r_buff0_thd1#2| #x00))
((|y$r_buff0_thd1#2$rclk$8| 0))
((|y$r_buff0_thd1#3| #x00))
((|y$r_buff0_thd1#4| #x00))
((|y$r_buff0_thd1#4$wclk$8| 0))
((|y$r_buff0_thd2#1| #x00))
((|y$r_buff0_thd2#1$wclk$8| (- 14)))
((|y$r_buff0_thd2#2| #x00))
((|y$r_buff0_thd2#2$rclk$8| 6))
((|y$r_buff0_thd2#3| #x00))
((|y$r_buff0_thd2#4| #x00))
((|y$r_buff0_thd2#4$wclk$8| 6))
((|y$r_buff1_thd0#1| #x00))
((|y$r_buff1_thd0#1$wclk$8| (- 13)))
((|y$r_buff1_thd0#2| #x00))
((|y$r_buff1_thd0#2$rclk$8| 11))
((|y$r_buff1_thd0#3| #x00))
((|y$r_buff1_thd0#4| #x00))
((|y$r_buff1_thd0#5| #x00))
((|y$r_buff1_thd0#6| #x00))
((|y$r_buff1_thd0#7| #x00))
((|y$r_buff1_thd0#8| #x00))
((|y$r_buff1_thd0#8$wclk$8| 11))
((|y$r_buff1_thd1#1| #x00))
((|y$r_buff1_thd1#1$wclk$8| (- 12)))
((|y$r_buff1_thd1#2| #x00))
((|y$r_buff1_thd1#2$rclk$8| 0))
((|y$r_buff1_thd1#3| #x00))
((|y$r_buff1_thd1#4| #x00))
((|y$r_buff1_thd1#4$wclk$8| 0))
((|y$r_buff1_thd2#1| #x00))
((|y$r_buff1_thd2#1$wclk$8| (- 11)))
((|y$r_buff1_thd2#2| #x00))
((|y$r_buff1_thd2#2$rclk$8| 6))
((|y$r_buff1_thd2#3| #x00))
((|y$r_buff1_thd2#4| #x00))
((|y$r_buff1_thd2#4$wclk$8| 6))
((|y$read_delayed#1| #x00))
((|y$read_delayed#1$wclk$8| (- 10)))
((|y$read_delayed_var#1| #x00000000))
((|y$read_delayed_var#1$wclk$8| (- 9)))
((|y$w_buff0#1| #x00000000))
((|y$w_buff0#1$wclk$8| (- 8)))
((|y$w_buff0#2| #x00000000))
((|y$w_buff0#2$rclk$8| 11))
((|y$w_buff0#3| #x00000000))
((|y$w_buff0#4| #x00000000))
((|y$w_buff0#4$rclk$8| 0))
((|y$w_buff0#5| #x00000000))
((|y$w_buff0#6| #x00000000))
((|y$w_buff0#6$wclk$8| 0))
((|y$w_buff0#7| #x00000000))
((|y$w_buff0#7$rclk$8| 6))
((|y$w_buff0#8| #x00000000))
((|y$w_buff0_used#1| #x00))
((|y$w_buff0_used#1$wclk$8| (- 7)))
((|y$w_buff0_used#10| #x00))
((|y$w_buff0_used#10$wclk$8| 11))
((|y$w_buff0_used#11| #x00))
((|y$w_buff0_used#11$rclk$8| 0))
((|y$w_buff0_used#12| #x00))
((|y$w_buff0_used#13| #x00))
((|y$w_buff0_used#13$wclk$8| 0))
((|y$w_buff0_used#14| #x00))
((|y$w_buff0_used#14$rclk$8| 6))
((|y$w_buff0_used#15| #x00))
((|y$w_buff0_used#16| #x00))
((|y$w_buff0_used#16$wclk$8| 6))
((|y$w_buff0_used#2| #x00))
((|y$w_buff0_used#2$rclk$8| 11))
((|y$w_buff0_used#3| #x00))
((|y$w_buff0_used#4| #x00))
((|y$w_buff0_used#5| #x00))
((|y$w_buff0_used#6| #x00))
((|y$w_buff0_used#7| #x00))
((|y$w_buff0_used#8| #x00))
((|y$w_buff0_used#9| #x00))
((|y$w_buff1#1| #x00000000))
((|y$w_buff1#1$wclk$8| (- 6)))
((|y$w_buff1#2| #x00000000))
((|y$w_buff1#2$rclk$8| 11))
((|y$w_buff1#3| #x00000000))
((|y$w_buff1#4| #x00000000))
((|y$w_buff1#4$rclk$8| 0))
((|y$w_buff1#5| #x00000000))
((|y$w_buff1#6| #x00000000))
((|y$w_buff1#6$wclk$8| 0))
((|y$w_buff1#7| #x00000000))
((|y$w_buff1#7$rclk$8| 6))
((|y$w_buff1#8| #x00000000))
((|y$w_buff1_used#1| #x00))
((|y$w_buff1_used#1$wclk$8| (- 5)))
((|y$w_buff1_used#10| #x00))
((|y$w_buff1_used#11| #x00))
((|y$w_buff1_used#11$wclk$8| 0))
((|y$w_buff1_used#12| #x00))
((|y$w_buff1_used#12$rclk$8| 6))
((|y$w_buff1_used#13| #x00))
((|y$w_buff1_used#14| #x00))
((|y$w_buff1_used#14$wclk$8| 6))
((|y$w_buff1_used#2| #x00))
((|y$w_buff1_used#2$rclk$8| 11))
((|y$w_buff1_used#3| #x00))
((|y$w_buff1_used#4| #x00))
((|y$w_buff1_used#5| #x00))
((|y$w_buff1_used#6| #x00))
((|y$w_buff1_used#7| #x00))
((|y$w_buff1_used#8| #x00))
((|y$w_buff1_used#8$wclk$8| 11))
((|y$w_buff1_used#9| #x00))
((|y$w_buff1_used#9$rclk$8| 0))
(model 
  (define-fun |y$w_buff0_used#1$wclk$8| () Int
    (- 7))
  (define-fun |main::1::t2675!0@1#2$wclk$8| () Int
    (- 2))
  (define-fun |y$w_buff1_used#12| () (_ BitVec 8)
    #x00)
  (define-fun |__unbuffered_p0_EAX$read_delayed#2| () (_ BitVec 8)
    #x01)
  (define-fun |memory_model::choice_ws-ext_0_11_2_16_F_81| () Bool
    true)
  (define-fun |memory_model::choice_ws-ext_0_48_2_12_F_110| () Bool
    true)
  (define-fun |memory_model::choice_ws-ext_1_13_2_13_F_107| () Bool
    true)
  (define-fun |y$r_buff1_thd1#1$wclk$8| () Int
    (- 12))
  (define-fun |__unbuffered_p0_EAX$r_buff0_thd2#1$wclk$8| () Int
    (- 36))
  (define-fun |main$tmp_guard1#2| () (_ BitVec 8)
    #x00)
  (define-fun |memory_model::choice_rf_2_9_1_13_F_59| () Bool
    true)
  (define-fun |memory_model::choice_rf_0_64_0_48_F_65| () Bool
    false)
  (define-fun |y$w_buff0_used#11| () (_ BitVec 8)
    #x00)
  (define-fun |__unbuffered_p0_EAX$r_buff0_thd0#1$wclk$8| () Int
    (- 38))
  (define-fun |main$tmp_guard0#3$rclk$8| () Int
    10)
  (define-fun |memory_model::choice_rf_1_22_0_11_F_11| () Bool
    false)
  (define-fun |y$flush_delayed#1$wclk$8| () Int
    (- 18))
  (define-fun |__unbuffered_p0_EAX$flush_delayed#1$wclk$8| () Int
    (- 40))
  (define-fun |__unbuffered_p0_EAX$w_buff0_used#1$wclk$8| () Int
    (- 29))
  (define-fun |y$read_delayed_var#1$wclk$8| () Int
    (- 9))
  (define-fun |memory_model::choice_rf_0_77_0_21_F_17| () Bool
    false)
  (define-fun |main$tmp_guard1#5$rclk$8| () Int
    13)
  (define-fun |y#13$wclk$8| () Int
    6)
  (define-fun |memory_model::choice_rf_0_77_1_17_F_18| () Bool
    true)
  (define-fun |memory_model::choice_rf_1_3_0_70_F_69| () Bool
    false)
  (define-fun |memory_model::choice_rf_2_3_2_2_F_39| () Bool
    true)
  (define-fun |memory_model::choice_rf_0_67_0_46_F_51| () Bool
    false)
  (define-fun |y#2| () (_ BitVec 32)
    #x00000001)
  (define-fun |x#2$wclk$8| () Int
    3)
  (define-fun |__unbuffered_cnt#6$wclk$8| () Int
    8)
  (define-fun |memory_model::choice_rf_1_24_2_18_T_1| () Bool
    false)
  (define-fun |y#10$wclk$8| () Int
    5)
  (define-fun |memory_model::choice_rf_1_3_2_12_F_70| () Bool
    false)
  (define-fun |memory_model::choice_ws-ext_0_34_2_14_F_90| () Bool
    true)
  (define-fun |__CPROVER_threads_exited#3$wclk$8| () Int
    11)
  (define-fun |__unbuffered_p0_EAX$read_delayed#1$wclk$8| () Int
    (- 32))
  (define-fun |memory_model::choice_rf_2_6_1_15_F_50| () Bool
    true)
  (define-fun |memory_model::choice_ws-ext_1_9_2_12_F_113| () Bool
    true)
  (define-fun |y#11| () (_ BitVec 32)
    #x00000001)
  (define-fun |memory_model::choice_rf_0_74_0_12_F_15| () Bool
    true)
  (define-fun |memory_model::choice_ws-ext_0_46_2_13_F_104| () Bool
    true)
  (define-fun |x#1$wclk$8| () Int
    (- 20))
  (define-fun |memory_model::choice_rf_0_62_0_47_F_60| () Bool
    false)
  (define-fun |memory_model::choice_ws-ext_0_47_1_16_F_108| () Bool
    true)
  (define-fun |memory_model::choice_rf_0_83_0_29_F_26| () Bool
    false)
  (define-fun |__unbuffered_p1_EAX#1$wclk$8| () Int
    (- 26))
  (define-fun |memory_model::choice_rf_2_0_0_33_F_6| () Bool
    false)
  (define-fun |memory_model::choice_ws-ext_0_70_1_9_F_111| () Bool
    false)
  (define-fun |memory_model::choice_rf_2_17_0_10_T_2| () Bool
    true)
  (define-fun |memory_model::choice_rf_0_54_0_8_T_4| () Bool
    false)
  (define-fun |memory_model::choice_rf_2_3_0_34_F_36| () Bool
    false)
  (define-fun |__unbuffered_cnt#2| () (_ BitVec 32)
    #x00000002)
  (define-fun |__CPROVER_threads_exited#4| () (Array (_ BitVec 32) Bool)
    ((as const (Array (_ BitVec 32) Bool)) false))
  (define-fun |goto_symex::&92;guard#1| () Bool
    true)
  (define-fun |memory_model::choice_rf_2_9_0_46_F_57| () Bool
    false)
  (define-fun |memory_model::choice_rf_2_15_0_11_F_13| () Bool
    true)
  (define-fun |y#6| () (_ BitVec 32)
    #x00000000)
  (define-fun |memory_model::choice_ws-ext_0_21_1_17_F_85| () Bool
    true)
  (define-fun |y$w_buff1#1$wclk$8| () Int
    (- 6))
  (define-fun |__unbuffered_p0_EAX$w_buff1_used#1$wclk$8| () Int
    (- 27))
  (define-fun |__CPROVER_threads_exited#1$wclk$8| () Int
    (- 43))
  (define-fun |memory_model::choice_ws-ext_0_11_1_23_F_80| () Bool
    true)
  (define-fun |__CPROVER_next_thread_id#5$wclk$8| () Int
    1)
  (define-fun |memory_model::choice_rf_0_76_0_1_F_75| () Bool
    true)
  (define-fun |memory_model::choice_ws-ext_0_32_1_10_F_115| () Bool
    true)
  (define-fun |__CPROVER_threads_exited#2$rclk$8| () Int
    9)
  (define-fun |memory_model::choice_rf_1_5_0_71_F_55| () Bool
    false)
  (define-fun |main$tmp_guard0#1$wclk$8| () Int
    (- 25))
  (define-fun |y#5$wclk$8| () Int
    11)
  (define-fun |__CPROVER_threads_exited#2| () (Array (_ BitVec 32) Bool)
    ((as const (Array (_ BitVec 32) Bool)) false))
  (define-fun |memory_model::choice_rf_2_5_0_48_F_71| () Bool
    false)
  (define-fun |memory_model::choice_ws-ext_0_27_2_1_F_87| () Bool
    true)
  (define-fun |memory_model::choice_ws-ext_0_34_2_2_F_89| () Bool
    true)
  (define-fun |__unbuffered_p0_EAX$r_buff1_thd1#1$wclk$8| () Int
    (- 34))
  (define-fun |y$w_buff0_used#14| () (_ BitVec 8)
    #x00)
  (define-fun |memory_model::choice_rf_2_5_0_70_F_72| () Bool
    false)
  (define-fun |memory_model::choice_rf_2_3_1_14_F_38| () Bool
    false)
  (define-fun |x#3| () (_ BitVec 32)
    #x00000001)
  (define-fun |memory_model::choice_rf_0_75_0_27_F_19| () Bool
    false)
  (define-fun |memory_model::choice_ws-ext_1_14_2_14_F_95| () Bool
    true)
  (define-fun |y$w_buff0#1$wclk$8| () Int
    (- 8))
  (define-fun |main::1::t2676!0@1#2$wclk$8| () Int
    2)
  (define-fun |pthread_create::1::this_thread_id!1@0#0| () (_ BitVec 32)
    #x00000000)
  (define-fun |__unbuffered_cnt#4| () (_ BitVec 32)
    #x00000001)
  (define-fun |y$r_buff0_thd0#1$wclk$8| () Int
    (- 16))
  (define-fun |__unbuffered_p0_EAX$r_buff0_thd1#1$wclk$8| () Int
    (- 37))
  (define-fun |memory_model::choice_rf_2_6_0_45_F_49| () Bool
    false)
  (define-fun |__unbuffered_cnt#9$wclk$8| () Int
    7)
  (define-fun |memory_model::choice_rf_0_82_0_29_F_24| () Bool
    false)
  (define-fun |memory_model::choice_rf_0_58_0_11_F_8| () Bool
    false)
  (define-fun |memory_model::choice_ws-ext_0_41_1_20_F_100| () Bool
    true)
  (define-fun |memory_model::choice_ws-ext_0_48_1_9_F_109| () Bool
    true)
  (define-fun |__unbuffered_p0_EAX$r_buff1_thd2#1$wclk$8| () Int
    (- 33))
  (define-fun |memory_model::choice_rf_0_58_2_16_F_10| () Bool
    false)
  (define-fun |memory_model::choice_ws-ext_1_25_2_18_T_78| () Bool
    false)
  (define-fun |__CPROVER_next_thread_id#2$wclk$8| () Int
    (- 3))
  (define-fun |memory_model::choice_rf_2_3_0_72_F_37| () Bool
    false)
  (define-fun |y$r_buff1_thd1#4$wclk$8| () Int
    0)
  (define-fun |y$r_buff1_thd2#1$wclk$8| () Int
    (- 11))
  (define-fun |memory_model::choice_rf_1_6_2_14_F_35| () Bool
    false)
  (define-fun |memory_model::choice_rf_0_67_1_13_F_52| () Bool
    false)
  (define-fun |memory_model::choice_rf_2_4_0_47_F_63| () Bool
    false)
  (define-fun |memory_model::choice_ws-ext_0_71_2_13_F_106| () Bool
    false)
  (define-fun |memory_model::choice_ws-ext_0_72_2_14_F_93| () Bool
    false)
  (define-fun |memory_model::choice_rf_1_5_2_13_F_56| () Bool
    false)
  (define-fun |memory_model::choice_ws-ext_0_42_2_10_F_101| () Bool
    true)
  (define-fun |memory_model::choice_rf_0_67_2_13_F_53| () Bool
    true)
  (define-fun |y$w_buff1_used#1$wclk$8| () Int
    (- 5))
  (define-fun |memory_model::choice_rf_0_83_0_79_F_27| () Bool
    true)
  (define-fun |y$w_buff1_used#2| () (_ BitVec 8)
    #x00)
  (define-fun |memory_model::choice_ws-ext_0_72_2_2_F_92| () Bool
    false)
  (define-fun |weak$$choice1#1$wclk$8| () Int
    (- 22))
  (define-fun |__unbuffered_cnt#7| () (_ BitVec 32)
    #x00000000)
  (define-fun |memory_model::choice_rf_1_22_2_16_F_12| () Bool
    true)
  (define-fun |memory_model::choice_rf_1_6_0_72_F_33| () Bool
    false)
  (define-fun |memory_model::choice_rf_0_61_2_2_F_30| () Bool
    false)
  (define-fun |memory_model::choice_ws-ext_0_35_1_11_F_96| () Bool
    true)
  (define-fun |__unbuffered_p0_EAX#2| () (_ BitVec 32)
    #x00000000)
  (define-fun |__unbuffered_cnt#1$wclk$8| () Int
    (- 42))
  (define-fun |memory_model::choice_ws-ext_0_34_1_14_F_88| () Bool
    true)
  (define-fun |memory_model::choice_ws-ext_0_80_1_7_F_84| () Bool
    false)
  (define-fun |y$r_buff0_thd1#1$wclk$8| () Int
    (- 15))
  (define-fun |__unbuffered_p0_EAX$mem_tmp#1$wclk$8| () Int
    (- 39))
  (define-fun |pthread_create::1::this_thread_id!2@0#0| () (_ BitVec 32)
    #x00000000)
  (define-fun |memory_model::choice_rf_2_5_1_9_F_73| () Bool
    true)
  (define-fun |__unbuffered_p0_EAX$read_delayed_var$object#1| () (_ BitVec 32)
    #x00000001)
  (define-fun |__unbuffered_p0_EAX#1$wclk$8| () Int
    (- 41))
  (define-fun |main$tmp_guard1#5| () (_ BitVec 8)
    #x00)
  (define-fun |memory_model::choice_ws-ext_0_12_1_7_F_83| () Bool
    true)
  (define-fun |memory_model::choice_ws-ext_1_14_2_2_F_94| () Bool
    true)
  (define-fun |memory_model::choice_rf_0_62_1_16_F_61| () Bool
    true)
  (define-fun |weak$$choice2#1$wclk$8| () Int
    (- 21))
  (define-fun |__unbuffered_p0_EAX$w_buff1#1$wclk$8| () Int
    (- 28))
  (define-fun |main$tmp_guard1#3$rclk$8| () Int
    12)
  (define-fun |nondet_symex::nondet0| () Bool
    true)
  (define-fun |memory_model::choice_ws-ext_0_22_1_18_F_86| () Bool
    true)
  (define-fun |goto_symex::&92;guard#2| () Bool
    true)
  (define-fun |__unbuffered_p0_EAX$read_delayed_var#1$wclk$8| () Int
    (- 31))
  (define-fun |memory_model::choice_rf_0_64_2_12_F_67| () Bool
    true)
  (define-fun |memory_model::choice_rf_2_15_1_23_F_14| () Bool
    false)
  (define-fun array_of.0 () (Array (_ BitVec 32) Bool)
    ((as const (Array (_ BitVec 32) Bool)) false))
  (define-fun |memory_model::choice_ws-ext_0_46_1_13_F_103| () Bool
    true)
  (define-fun |main$tmp_guard0#2$wclk$8| () Int
    9)
  (define-fun |y$r_buff0_thd2#1$wclk$8| () Int
    (- 14))
  (define-fun |memory_model::choice_ws-ext_1_23_2_16_F_82| () Bool
    false)
  (define-fun |y$mem_tmp#1$wclk$8| () Int
    (- 17))
  (define-fun |memory_model::choice_rf_0_82_0_79_F_25| () Bool
    true)
  (define-fun t1$52$spwnclk$8 () Int
    (- 1))
  (define-fun |y$r_buff1_thd0#1$wclk$8| () Int
    (- 13))
  (define-fun |memory_model::choice_rf_0_58_1_23_F_9| () Bool
    true)
  (define-fun |memory_model::choice_rf_1_5_0_46_F_54| () Bool
    true)
  (define-fun |memory_model::choice_ws-ext_0_45_1_15_F_102| () Bool
    true)
  (define-fun |main$tmp_guard1#6$rclk$8| () Int
    14)
  (define-fun |memory_model::choice_ws-ext_0_71_1_13_F_105| () Bool
    false)
  (define-fun |memory_model::choice_ws-ext_0_72_1_14_F_91| () Bool
    false)
  (define-fun t1$57$spwnclk$8 () Int
    3)
  (define-fun |main$tmp_guard1#1$wclk$8| () Int
    (- 24))
  (define-fun |__unbuffered_p0_EAX$r_buff1_thd0#1$wclk$8| () Int
    (- 35))
  (define-fun |memory_model::choice_rf_2_17_1_25_T_3| () Bool
    false)
  (define-fun |memory_model::choice_ws-ext_0_70_2_12_F_112| () Bool
    false)
  (define-fun |memory_model::choice_rf_0_61_2_14_F_31| () Bool
    true)
  (define-fun |memory_model::choice_rf_1_24_0_10_T_0| () Bool
    true)
  (define-fun |memory_model::choice_rf_2_0_1_21_F_7| () Bool
    true)
  (define-fun |memory_model::choice_rf_1_6_0_34_F_32| () Bool
    true)
  (define-fun |main::1::t2675!0@1#1$wclk$8| () Int
    (- 4))
  (define-fun |memory_model::choice_rf_0_61_1_14_F_29| () Bool
    false)
  (define-fun |y$read_delayed#1$wclk$8| () Int
    (- 10))
  (define-fun |memory_model::choice_ws-ext_0_30_1_8_F_114| () Bool
    true)
  (define-fun |memory_model::choice_rf_1_6_2_2_F_34| () Bool
    false)
  (define-fun |main$tmp_guard1#4$wclk$8| () Int
    12)
  (define-fun |memory_model::choice_ws-ext_0_33_1_21_F_79| () Bool
    true)
  (define-fun |main$tmp_guard0#3| () (_ BitVec 8)
    #x01)
  (define-fun |memory_model::choice_rf_0_54_0_50_T_5| () Bool
    true)
  (define-fun |__CPROVER_threads_exited#5$wclk$8| () Int
    10)
  (define-fun |memory_model::choice_rf_0_75_2_1_F_20| () Bool
    true)
  (define-fun |__unbuffered_p1_EAX#4$wclk$8| () Int
    4)
  (define-fun |memory_model::choice_rf_0_61_0_34_F_28| () Bool
    false)
  (define-fun |memory_model::choice_rf_2_4_1_16_F_64| () Bool
    true)
  (define-fun |y$w_buff0_used#2| () (_ BitVec 8)
    #x00)
  (define-fun |__CPROVER_next_thread_id#3| () (_ BitVec 32)
    #x00000001)
  (define-fun |weak$$choice0#1$wclk$8| () Int
    (- 23))
  (define-fun |memory_model::choice_rf_1_3_0_48_F_68| () Bool
    true)
  (define-fun |memory_model::choice_ws-ext_0_39_2_11_F_99| () Bool
    true)
  (define-fun |memory_model::choice_rf_0_64_1_9_F_66| () Bool
    false)
  (define-fun |memory_model::choice_ws-ext_0_38_1_19_F_98| () Bool
    true)
  (define-fun |memory_model::choice_ws-ext_0_36_1_12_F_97| () Bool
    true)
  (define-fun |__unbuffered_p1_EAX#2| () (_ BitVec 32)
    #x00000001)
  (define-fun |__CPROVER_threads_exited#4$rclk$8| () Int
    8)
  (define-fun |memory_model::choice_ws-ext_0_10_1_25_T_76| () Bool
    true)
  (define-fun |y$w_buff1_used#9| () (_ BitVec 8)
    #x00)
  (define-fun |memory_model::choice_ws-ext_0_10_2_18_T_77| () Bool
    true)
  (define-fun |weak$$choice1#7$wclk$8| () Int
    12)
  (define-fun |main::1::t2676!0@1#1$wclk$8| () Int
    0)
  (define-fun |memory_model::choice_rf_2_9_0_71_F_58| () Bool
    false)
  (define-fun |y#1$wclk$8| () Int
    (- 19))
  (define-fun |memory_model::choice_rf_0_65_1_15_F_47| () Bool
    true)
  (define-fun |memory_model::choice_rf_0_65_0_45_F_46| () Bool
    false)
  (define-fun |__unbuffered_p0_EAX$w_buff0#1$wclk$8| () Int
    (- 30))
  (define-fun |__CPROVER_pipe_count#1$wclk$8| () Int
    (- 44))
  (define-fun |__CPROVER_next_thread_id#1$wclk$8| () Int
    (- 45))
  (define-fun |__CPROVER_memory_leak#1$wclk$8| () Int
    (- 46))
  (define-fun |__CPROVER_malloc_size#1$wclk$8| () Int
    (- 47))
  (define-fun |__CPROVER_malloc_object#1$wclk$8| () Int
    (- 48))
  (define-fun |__CPROVER_malloc_is_new_array#1$wclk$8| () Int
    (- 49))
  (define-fun |__CPROVER_deallocated#1$wclk$8| () Int
    (- 50))
  (define-fun |__CPROVER_dead_object#1$wclk$8| () Int
    (- 51))
  (define-fun __unbuffered_p0_EAX$read_delayed_var$object$wclk$8 () Int
    (- 52))
  (define-fun |main::1::t2676!0@1$wclk$8| () Int
    (- 53))
  (define-fun __unbuffered_p0_EAX$read_delayed_var$object () (_ BitVec 32)
    #x00000001)
  (define-fun |weak$$choice1#3| () (_ BitVec 8)
    #xff)
  (define-fun |memory_model::choice_rf_0_78_0_31_F_74| () Bool
    false)
  (define-fun |y$w_buff1#7| () (_ BitVec 32)
    #x00000000)
  (define-fun |y$w_buff1#2| () (_ BitVec 32)
    #x00000000)
  (define-fun |y$w_buff0#7| () (_ BitVec 32)
    #x00000000)
  (define-fun |y$w_buff0#2| () (_ BitVec 32)
    #x00000000)
  (define-fun |main$tmp_guard1#3| () (_ BitVec 8)
    #xff)
  (define-fun |memory_model::choice_rf_0_73_0_29_F_23| () Bool
    false)
  (define-fun |main$tmp_guard1#6| () (_ BitVec 8)
    #x00)
  (define-fun |__unbuffered_cnt#7$rclk$8| () Int
    7)
  (define-fun |y#11$rclk$8| () Int
    6)
  (define-fun |y$w_buff1#7$rclk$8| () Int
    6)
  (define-fun |y$w_buff1_used#12$rclk$8| () Int
    6)
  (define-fun |y$w_buff0#7$rclk$8| () Int
    6)
  (define-fun |y$r_buff1_thd2#2$rclk$8| () Int
    6)
  (define-fun |y$r_buff0_thd2#2$rclk$8| () Int
    6)
  (define-fun |y$w_buff0_used#14$rclk$8| () Int
    6)
  (define-fun |y$r_buff1_thd2#4$wclk$8| () Int
    6)
  (define-fun |y$r_buff0_thd2#4$wclk$8| () Int
    6)
  (define-fun |y$w_buff1_used#14$wclk$8| () Int
    6)
  (define-fun |y$w_buff0_used#16$wclk$8| () Int
    6)
  (define-fun |x#3$rclk$8| () Int
    4)
  (define-fun |__unbuffered_cnt#4$rclk$8| () Int
    8)
  (define-fun |y$w_buff1#4$rclk$8| () Int
    0)
  (define-fun |y$w_buff0#4$rclk$8| () Int
    0)
  (define-fun |y$r_buff1_thd1#2$rclk$8| () Int
    0)
  (define-fun |y$w_buff1_used#9$rclk$8| () Int
    0)
  (define-fun |y$r_buff0_thd1#2$rclk$8| () Int
    0)
  (define-fun |y$w_buff0_used#11$rclk$8| () Int
    0)
  (define-fun |y#6$rclk$8| () Int
    0)
  (define-fun |__unbuffered_p0_EAX#11$wclk$8| () Int
    0)
  (define-fun |weak$$choice0#2$wclk$8| () Int
    0)
  (define-fun |y$w_buff1_used#11$wclk$8| () Int
    0)
  (define-fun |weak$$choice2#2$wclk$8| () Int
    0)
  (define-fun |y$flush_delayed#3$wclk$8| () Int
    0)
  (define-fun |y$mem_tmp#2$wclk$8| () Int
    0)
  (define-fun |y$w_buff0_used#13$wclk$8| () Int
    0)
  (define-fun |y#9$wclk$8| () Int
    0)
  (define-fun |y$w_buff0#6$wclk$8| () Int
    0)
  (define-fun |y$w_buff1#6$wclk$8| () Int
    0)
  (define-fun |__unbuffered_p0_EAX$read_delayed#4$wclk$8| () Int
    0)
  (define-fun |__unbuffered_p0_EAX$read_delayed_var#2$wclk$8| () Int
    0)
  (define-fun |y$r_buff0_thd1#4$wclk$8| () Int
    0)
  (define-fun |__unbuffered_p0_EAX#10$wclk$8| () Int
    12)
  (define-fun |__unbuffered_p0_EAX#2$rclk$8| () Int
    12)
  (define-fun |__unbuffered_p1_EAX#2$rclk$8| () Int
    12)
  (define-fun |__unbuffered_p0_EAX$read_delayed_var$object#1$rclk$8| () Int
    12)
  (define-fun |__unbuffered_p0_EAX$read_delayed#2$rclk$8| () Int
    12)
  (define-fun |weak$$choice1#3$rclk$8| () Int
    12)
  (define-fun |y#2$rclk$8| () Int
    11)
  (define-fun |y$w_buff1#2$rclk$8| () Int
    11)
  (define-fun |y$r_buff1_thd0#2$rclk$8| () Int
    11)
  (define-fun |y$w_buff1_used#2$rclk$8| () Int
    11)
  (define-fun |y$w_buff0#2$rclk$8| () Int
    11)
  (define-fun |y$r_buff0_thd0#2$rclk$8| () Int
    11)
  (define-fun |y$w_buff0_used#2$rclk$8| () Int
    11)
  (define-fun |y$r_buff1_thd0#8$wclk$8| () Int
    11)
  (define-fun |y$r_buff0_thd0#10$wclk$8| () Int
    11)
  (define-fun |y$w_buff1_used#8$wclk$8| () Int
    11)
  (define-fun |y$w_buff0_used#10$wclk$8| () Int
    11)
  (define-fun |__unbuffered_cnt#2$rclk$8| () Int
    9)
  (define-fun |__CPROVER_next_thread_id#3$rclk$8| () Int
    1)
  (define-fun |memory_model::choice_rf_1_0_0_47_F_62| () Bool
    true)
  (define-fun |y$w_buff1#4| () (_ BitVec 32)
    #x00000000)
  (define-fun |memory_model::choice_rf_1_1_0_45_F_48| () Bool
    true)
  (define-fun |y$w_buff0#4| () (_ BitVec 32)
    #x00000000)
  (define-fun |memory_model::choice_rf_2_7_0_42_F_45| () Bool
    true)
  (define-fun |y$r_buff1_thd2#2| () (_ BitVec 8)
    #x00)
  (define-fun |memory_model::choice_rf_1_2_0_41_F_44| () Bool
    true)
  (define-fun |y$r_buff1_thd1#2| () (_ BitVec 8)
    #x00)
  (define-fun |memory_model::choice_rf_0_63_0_40_F_43| () Bool
    true)
  (define-fun |y$r_buff1_thd0#2| () (_ BitVec 8)
    #x00)
  (define-fun |memory_model::choice_rf_2_8_0_39_F_42| () Bool
    true)
  (define-fun |y$r_buff0_thd2#2| () (_ BitVec 8)
    #x00)
  (define-fun |memory_model::choice_rf_1_4_0_38_F_41| () Bool
    true)
  (define-fun |y$r_buff0_thd1#2| () (_ BitVec 8)
    #x00)
  (define-fun |memory_model::choice_rf_0_66_0_37_F_40| () Bool
    true)
  (define-fun |y$r_buff0_thd0#2| () (_ BitVec 8)
    #x00)
  (define-fun |memory_model::choice_rf_0_60_0_59_F_22| () Bool
    true)
  (define-fun |memory_model::choice_rf_0_60_0_28_F_21| () Bool
    false)
  (define-fun |goto_symex::&92;guard#3| () Bool
    true)
  (define-fun |__unbuffered_p0_EAX#8| () (_ BitVec 32)
    #x00000001)
  (define-fun |weak$$choice1#2| () (_ BitVec 8)
    #x01)
  (define-fun |y$r_buff1_thd0#7| () (_ BitVec 8)
    #x00)
  (define-fun |y$r_buff0_thd0#8| () (_ BitVec 8)
    #x00)
  (define-fun |y$w_buff1_used#6| () (_ BitVec 8)
    #x00)
  (define-fun |y$w_buff0_used#6| () (_ BitVec 8)
    #x00)
  (define-fun |y#4| () (_ BitVec 32)
    #x00000001)
  (define-fun |P0::$tmp::return_value___VERIFIER_nondet_pointer$1!1@1#1| () (_ BitVec 32)
    #x00000000)
  (define-fun |P1::$tmp::return_value___VERIFIER_nondet_pointer$1!2@1#1| () (_ BitVec 32)
    #x00000000)
  (define-fun |main::1::t2675!0@1#1| () (_ BitVec 32)
    #x00000000)
  (define-fun |pthread_create::1::this_thread_id!0@1#1| () (_ BitVec 32)
    #x00000000)
  (define-fun |main::1::t2676!0@1#1| () (_ BitVec 32)
    #x00000000)
  (define-fun |pthread_create::1::this_thread_id!0@2#1| () (_ BitVec 32)
    #x00000000)
  (define-fun |main::$tmp::::tmp_if_expr$2!0@1#1| () (_ BitVec 32)
    #x00000000)
  (define-fun |main::$tmp::::tmp_if_expr$1!0@1#1| () (_ BitVec 32)
    #x00000000)
  (define-fun |nondet_symex::nondet3| () (_ BitVec 32)
    #x00000000)
  (define-fun |nondet_symex::nondet4| () (_ BitVec 32)
    #x00000000)
  (define-fun |__unbuffered_p0_EAX$read_delayed_var$object#0| () (_ BitVec 32)
    #x00000000)
  (define-fun |main::$tmp::::tmp_if_expr$1!0@1#0| () (_ BitVec 32)
    #x00000000)
  (define-fun |main::1::t2675!0@1| () (_ BitVec 32)
    #x00000000)
  (define-fun |main::1::t2676!0@1| () (_ BitVec 32)
    #x00000000)
  (define-fun |memory_model::choice_rf_0_74_1_7_F_16| () Bool
    false)
  (define-fun |nondet_symex::nondet1| () Bool
    false)
  (define-fun |nondet_symex::nondet2| () Bool
    false)
  (define-fun y () (_ BitVec 32)
    #x00000000)
)
(:added-eqs               122
 :arith-add-rows          1377
 :arith-assert-lower      57
 :arith-assert-upper      89
 :arith-bound-prop        70
 :arith-eq-adapter        2
 :arith-offset-eqs        1
 :arith-pivots            83
 :array-ax1               2
 :array-def-store         1
 :binary-propagations     270
 :bv-bit2core             495
 :bv-diseqs               2
 :bv-dynamic-diseqs       1
 :bv->core-eq             3
 :conflicts               4
 :decisions               87
 :del-clause              54
 :eliminated-applications 32
 :eliminated-vars         79
 :final-checks            2
 :max-memory              5.27
 :memory                  3.90
 :minimized-lits          2
 :mk-bool-var             1041
 :mk-clause               441
 :num-allocs              3238656
 :num-checks              1
 :propagations            352
 :rlimit-count            156832
 :time                    0.01
 :total-time              0.03)

real	0m0.029s
user	0m0.029s
sys	0m0.001s
State: AC Run_time: 0.03125762939453125