sat
(model
(define-fun |goto_symex::&92;guard#1| () Bool false)
(define-fun |goto_symex::&92;guard#2| () Bool false)
(define-fun |__CPROVER_threads_exited#2| () (Array (_ BitVec 32) (_ BitVec 1)) (store ((as const (Array (_ BitVec 32) (_ BitVec 1))) #b0) #b00000000000000000000000000000000 #b1))
(define-fun |pthread_join::thread!0@1#1| () (_ BitVec 32) #b00000000000000000000000000000001)
(define-fun |goto_symex::&92;guard#3| () Bool false)
(define-fun |goto_symex::&92;guard#4| () Bool false)
(define-fun |__CPROVER_threads_exited#3| () (Array (_ BitVec 32) (_ BitVec 1)) ((as const (Array (_ BitVec 32) (_ BitVec 1))) #b0))
(define-fun |pthread_join::thread!0@2#1| () (_ BitVec 32) #b11111111111110111100111111111101)
(define-fun |goto_symex::&92;guard#5| () Bool false)
(define-fun |goto_symex::&92;guard#6| () Bool false)
(define-fun |__CPROVER_threads_exited#4| () (Array (_ BitVec 32) (_ BitVec 1)) ((as const (Array (_ BitVec 32) (_ BitVec 1))) #b0))
(define-fun |pthread_join::thread!0@3#1| () (_ BitVec 32) #b11111111101111000101010100010100)
(define-fun |goto_symex::&92;guard#7| () Bool false)
(define-fun |ctr1#3| () (_ BitVec 32) #b10111111011110001111111000100110)
(define-fun |__VERIFIER_atomic_use1::myidx!1@1#1| () (_ BitVec 32) #b00000000000000000000000000000000)
(define-fun |goto_symex::&92;guard#8| () Bool false)
(define-fun |ctr2#3| () (_ BitVec 32) #b11111111111111111111111111111110)
(define-fun |__VERIFIER_atomic_use2::myidx!1@1#1| () (_ BitVec 32) #b00000000000000000000000000000000)
(define-fun |goto_symex::&92;guard#9| () Bool false)
(define-fun |ctr1#7| () (_ BitVec 32) #b11111111111111111101111111111110)
(define-fun |__VERIFIER_atomic_use1::myidx!1@2#1| () (_ BitVec 32) #b00000000000000000000000000000000)
(define-fun |goto_symex::&92;guard#10| () Bool false)
(define-fun |ctr2#6| () (_ BitVec 32) #b11111111110111111111111111111110)
(define-fun |__VERIFIER_atomic_use2::myidx!1@2#1| () (_ BitVec 32) #b00000000000000000000000000000000)
(define-fun |goto_symex::&92;guard#11| () Bool false)
(define-fun |ctr1#10| () (_ BitVec 32) #b11111111111100010000010110111100)
(define-fun |__VERIFIER_atomic_use1::myidx!1@3#1| () (_ BitVec 32) #b00000000000000000000000000000000)
(define-fun |goto_symex::&92;guard#12| () Bool false)
(define-fun |ctr2#9| () (_ BitVec 32) #b11111110110111111011111111111110)
(define-fun |__VERIFIER_atomic_use2::myidx!1@3#1| () (_ BitVec 32) #b00000000000000000000000000000000)
(define-fun |goto_symex::&92;guard#13| () Bool true)
(define-fun |goto_symex::&92;guard#14| () Bool false)
(define-fun |ctr1#18| () (_ BitVec 32) #b10100000111110111111011111111111)
(define-fun |__VERIFIER_atomic_use1::myidx!2@1#1| () (_ BitVec 32) #b00000000000000000000000000000000)
(define-fun |goto_symex::&92;guard#15| () Bool false)
(define-fun |ctr2#16| () (_ BitVec 32) #b11111111111111111111111111111011)
(define-fun |__VERIFIER_atomic_use2::myidx!2@1#1| () (_ BitVec 32) #b00000000000000000000000000000000)
(define-fun |goto_symex::&92;guard#16| () Bool false)
(define-fun |ctr1#22| () (_ BitVec 32) #b11000000000001111101111111111110)
(define-fun |__VERIFIER_atomic_use1::myidx!2@2#1| () (_ BitVec 32) #b00000000000000000000000000000000)
(define-fun |goto_symex::&92;guard#17| () Bool false)
(define-fun |ctr2#19| () (_ BitVec 32) #b11111111111111111000111111111111)
(define-fun |__VERIFIER_atomic_use2::myidx!2@2#1| () (_ BitVec 32) #b00000000000000000000000000000000)
(define-fun |goto_symex::&92;guard#18| () Bool true)
(define-fun |ctr1#25| () (_ BitVec 32) #b00000000000000000000000000000001)
(define-fun |__VERIFIER_atomic_use1::myidx!2@3#1| () (_ BitVec 32) #b00000000000000000000000000000000)
(define-fun |goto_symex::&92;guard#19| () Bool false)
(define-fun |ctr2#22| () (_ BitVec 32) #b11100101101011111111111101110110)
(define-fun |__VERIFIER_atomic_use2::myidx!2@3#1| () (_ BitVec 32) #b00000000000000000000000000000000)
(define-fun |goto_symex::&92;guard#20| () Bool true)
(define-fun |goto_symex::&92;guard#21| () Bool false)
(define-fun |goto_symex::&92;guard#22| () Bool true)
(define-fun |goto_symex::&92;guard#23| () Bool false)
(define-fun |goto_symex::&92;guard#24| () Bool false)
(define-fun |mutex#7| () (_ BitVec 320) #b11111111111111111111111111111111111111111111111111111111111111111111111111111111111111111111111111111111111111111111111111111111111111111111111111111111111111111111111111111111111111111111111111111111111111111111111111111111111111111111111111111111111111111111111111111111111111111111111111111111111111111111111100000100)
(define-fun |goto_symex::&92;guard#25| () Bool false)
(define-fun |goto_symex::&92;guard#26| () Bool false)
(define-fun |goto_symex::&92;guard#27| () Bool false)
(define-fun |goto_symex::&92;guard#28| () Bool false)
(define-fun |goto_symex::&92;guard#29| () Bool false)
(define-fun |readerprogress1#7| () (_ BitVec 32) #b00000000000000000000000000000000)
(define-fun |__VERIFIER_atomic_check_progress1::readerstart1!3@1#1| () (_ BitVec 32) #b00000000000000000000000000000000)
(define-fun |goto_symex::&92;guard#30| () Bool true)
(define-fun |readerprogress2#7| () (_ BitVec 32) #b00000000000000000000000000000001)
(define-fun |__VERIFIER_atomic_check_progress2::readerstart2!3@1#1| () (_ BitVec 32) #b00000000000000000000000000000001)
(define-fun array_of.0 () (Array (_ BitVec 32) (_ BitVec 1)) ((as const (Array (_ BitVec 32) (_ BitVec 1))) #b0))
(define-fun array.1 () (Array (_ BitVec 32) (_ BitVec 8)) ((as const (Array (_ BitVec 32) (_ BitVec 8))) #b00000000))
(define-fun mutex () (_ BitVec 320) #b00000000000000000000000000000000000000000000000000000000000000000000000000000000000000000000000000000000000000000000000000000000000000000000000000000000000000000000000000000000000000000000000000000000000000000000000000000000000000000000000000000000000000000000000000000000000000000000000000000000000000000000000000000000)
(define-fun |main::1::t1!0@1| () (_ BitVec 32) #b00000000000000000000000000000000)
(define-fun |main::1::t2!0@1| () (_ BitVec 32) #b00000000000000000000000000000000)
(define-fun |__CPROVER_next_thread_id#3| () (_ BitVec 32) #b00000000000000000000000000000001)
(define-fun |main::1::t3!0@1| () (_ BitVec 32) #b00000000000000000000000000000000)
(define-fun |__CPROVER_next_thread_id#6| () (_ BitVec 32) #b00000000000000000000000000000010)
(define-fun |main::1::t1!0@1#4| () (_ BitVec 32) #b00000000000000000000000000000001)
(define-fun |__CPROVER_next_thread_id#9| () (_ BitVec 32) #b00000000000000000000000000000011)
(define-fun |pthread_join#return_value!0#0| () (_ BitVec 32) #b00000000000000000000000000000000)
(define-fun |main::1::t2!0@1#4| () (_ BitVec 32) #b11111111111110111100111111111101)
(define-fun |__CPROVER_next_thread_id#10| () (_ BitVec 32) #b11111111111111000010000011111110)
(define-fun |main::1::t3!0@1#4| () (_ BitVec 32) #b11111111101111000101010100010100)
(define-fun |__CPROVER_next_thread_id#11| () (_ BitVec 32) #b11111111111111101010110100101110)
(define-fun |mutex#4| () (_ BitVec 320) #b00000000000000000000000000000000000000000000000000000000000000000000000000000000000000000000000000000000000000000000000000000000000000000000000000000000000000000000000000000000000000000000000000000000000000000000000000000000000000000000000000000000000000000000000000000000000000000000000000000000000000000000000000000000)
(define-fun |pthread_create::1::this_thread_id!1@0#0| () (_ BitVec 32) #b00000000000000000000000000000000)
(define-fun |idx#2| () (_ BitVec 32) #b00000000000000000000000000000000)
(define-fun |nondet_symex::nondet1| () (_ BitVec 32) #b00000000000000000000000000000000)
(define-fun |ctr1#2| () (_ BitVec 32) #b10111111011110001111111000100110)
(define-fun |nondet_symex::nondet2| () (_ BitVec 32) #b00000000000000000000000000000000)
(define-fun |ctr2#2| () (_ BitVec 32) #b11111111111111111111111111111110)
(define-fun |idx#3| () (_ BitVec 32) #b00000000000000000000000000000000)
(define-fun |nondet_symex::nondet3| () (_ BitVec 32) #b00000000000000000000000000000000)
(define-fun |ctr1#6| () (_ BitVec 32) #b11111111111111111101111111111110)
(define-fun |nondet_symex::nondet4| () (_ BitVec 32) #b00000000000000000000000000000000)
(define-fun |ctr2#5| () (_ BitVec 32) #b11111111110111111111111111111110)
(define-fun |idx#4| () (_ BitVec 32) #b00000000000000000000000000000000)
(define-fun |nondet_symex::nondet5| () (_ BitVec 32) #b00000000000000000000000000000000)
(define-fun |ctr1#9| () (_ BitVec 32) #b11111111111100010000010110111100)
(define-fun |nondet_symex::nondet6| () (_ BitVec 32) #b00000000000000000000000000000000)
(define-fun |ctr2#8| () (_ BitVec 32) #b11111110110111111011111111111110)
(define-fun |qrcu_reader1::$tmp::return_value___VERIFIER_nondet_int$1!1@1#6| () (_ BitVec 32) #b00000000000000000000000000000000)
(define-fun |qrcu_reader1::$tmp::return_value___VERIFIER_nondet_int$1!1@1#3| () (_ BitVec 32) #b00000000000000000000000000000000)
(define-fun |qrcu_reader1::$tmp::return_value___VERIFIER_nondet_int$1!1@1#0| () (_ BitVec 32) #b00000000000000000000000000000000)
(define-fun |ctr1#12| () (_ BitVec 32) #b11111111011111000000000000000000)
(define-fun |ctr2#11| () (_ BitVec 32) #b00000000000000000000000000000000)
(define-fun |__CPROVER_threads_exited#5| () (Array (_ BitVec 32) (_ BitVec 1)) ((as const (Array (_ BitVec 32) (_ BitVec 1))) #b0))
(define-fun |pthread_create::1::this_thread_id!2@0#0| () (_ BitVec 32) #b00000000000000000000000000000000)
(define-fun |idx#5| () (_ BitVec 32) #b00000000000000000000000000000000)
(define-fun |nondet_symex::nondet7| () (_ BitVec 32) #b00000000000000000000000000000000)
(define-fun |ctr1#17| () (_ BitVec 32) #b10100000111110111111011111111111)
(define-fun |nondet_symex::nondet8| () (_ BitVec 32) #b00000000000000000000000000000000)
(define-fun |ctr2#15| () (_ BitVec 32) #b11111111111111111111111111111011)
(define-fun |idx#6| () (_ BitVec 32) #b00000000000000000000000000000000)
(define-fun |nondet_symex::nondet9| () (_ BitVec 32) #b00000000000000000000000000000000)
(define-fun |ctr1#21| () (_ BitVec 32) #b11000000000001111101111111111110)
(define-fun |nondet_symex::nondet10| () (_ BitVec 32) #b00000000000000000000000000000000)
(define-fun |ctr2#18| () (_ BitVec 32) #b11111111111111111000111111111111)
(define-fun |idx#7| () (_ BitVec 32) #b00000000000000000000000000000000)
(define-fun |nondet_symex::nondet11| () (_ BitVec 32) #b00000000000000000001000000000000)
(define-fun |ctr1#24| () (_ BitVec 32) #b00000000000000000000000000000001)
(define-fun |nondet_symex::nondet12| () (_ BitVec 32) #b00000000000000000000000000000000)
(define-fun |ctr2#21| () (_ BitVec 32) #b11100101101011111111111101110110)
(define-fun |qrcu_reader2::$tmp::return_value___VERIFIER_nondet_int$1!2@1#6| () (_ BitVec 32) #b00000000000000000000000000000000)
(define-fun |qrcu_reader2::$tmp::return_value___VERIFIER_nondet_int$1!2@1#3| () (_ BitVec 32) #b00000000000000000000000000000000)
(define-fun |qrcu_reader2::$tmp::return_value___VERIFIER_nondet_int$1!2@1#0| () (_ BitVec 32) #b00000000000000000000000000000000)
(define-fun |ctr1#27| () (_ BitVec 32) #b00000000000000000000000000000010)
(define-fun |ctr2#24| () (_ BitVec 32) #b00000000000000000000000000000000)
(define-fun |__CPROVER_threads_exited#7| () (Array (_ BitVec 32) (_ BitVec 1)) ((as const (Array (_ BitVec 32) (_ BitVec 1))) #b0))
(define-fun |pthread_create::1::this_thread_id!3@0#0| () (_ BitVec 32) #b00000000000000000000000000000000)
(define-fun |nondet_symex::nondet13| () (_ BitVec 32) #b00000000000000000000000000000000)
(define-fun |nondet_symex::nondet14| () (_ BitVec 32) #b00000000000000000000000000000001)
(define-fun |readerprogress1#4| () (_ BitVec 32) #b00000000000000000000000000000000)
(define-fun |readerprogress2#4| () (_ BitVec 32) #b00000000000000000000000000000000)
(define-fun |nondet_symex::nondet15| () (_ BitVec 32) #b00000000000000000000000000000000)
(define-fun |ctr1#32| () (_ BitVec 32) #b00000000000000000000000000000000)
(define-fun |ctr2#28| () (_ BitVec 32) #b00000000000000000000000000000000)
(define-fun |qrcu_updater::1::sum!3@1#1| () (_ BitVec 32) #b00000000000000000000000000000000)
(define-fun |ctr2#29| () (_ BitVec 32) #b00000000000000000000000000000000)
(define-fun |ctr1#33| () (_ BitVec 32) #b00000000000000000000000000000001)
(define-fun |nondet_symex::nondet16| () (_ BitVec 32) #b00000000000000000000000000000000)
(define-fun |ctr1#34| () (_ BitVec 32) #b00000000000000000000000000000000)
(define-fun |ctr2#30| () (_ BitVec 32) #b00000000000000000000000000000000)
(define-fun |ctr2#31| () (_ BitVec 32) #b00000000000000000000000000000000)
(define-fun |ctr1#35| () (_ BitVec 32) #b00000000000000000000000000000001)
(define-fun |qrcu_updater::$tmp::return_value___VERIFIER_nondet_int$2!3@1#3| () (_ BitVec 32) #b00000000000000000000000000000000)
(define-fun |qrcu_updater::$tmp::return_value___VERIFIER_nondet_int$2!3@1#0| () (_ BitVec 32) #b00000000000000000000000000000000)
(define-fun |mutex#6| () (_ BitVec 320) #b11111111111111111111111111111111111111111111111111111111111111111111111111111111111111111111111111111111111111111111111111111111111111111111111111111111111111111111111111111111111111111111111111111111111111111111111111111111111111111111111111111111111111111111111111111111111111111111111111111111111111111111111100000100)
(define-fun |idx#8| () (_ BitVec 32) #b00000000001000000000000000000000)
(define-fun |ctr2#32| () (_ BitVec 32) #b00000000000000000000000000000000)
(define-fun |ctr1#36| () (_ BitVec 32) #b00000000000000000000000000000000)
(define-fun |ctr1#38| () (_ BitVec 32) #b00000000000000000000000000000000)
(define-fun |ctr2#34| () (_ BitVec 32) #b00000000000000000000000000000000)
(define-fun |idx#11| () (_ BitVec 32) #b00000000000000000000000000000001)
(define-fun |ctr1#40| () (_ BitVec 32) #b10000000100000000000000000111100)
(define-fun |ctr2#36| () (_ BitVec 32) #b00000000000000000000000000000000)
(define-fun |mutex#10| () (_ BitVec 320) #b00000000000000000000000000000000000000000000000000000000000000000000000000000000000000000000000000000000000000000000000000000000000000000000000000000000000000000000000000000000000000000000000000000000000000000000000000000000000000000000000000000000000000000000000000000000000000000000000000000000000000000000000000000000)
(define-fun |nondet_symex::nondet17| () (_ BitVec 32) #b00000000000000000000000000000000)
(define-fun |readerprogress1#6| () (_ BitVec 32) #b00000000000000000000000000000000)
(define-fun |nondet_symex::nondet18| () (_ BitVec 32) #b00000000000000000000000000000001)
(define-fun |readerprogress2#6| () (_ BitVec 32) #b00000000000000000000000000000001)
(define-fun |__CPROVER_threads_exited#9| () (Array (_ BitVec 32) (_ BitVec 1)) ((as const (Array (_ BitVec 32) (_ BitVec 1))) #b0))
(define-fun |main::1::t1!0@1#1| () (_ BitVec 32) #b00000000000000000000000000000000)
(define-fun |main::1::t2!0@1#1| () (_ BitVec 32) #b00000000000000000000000000000000)
(define-fun |main::1::t3!0@1#1| () (_ BitVec 32) #b00000000000000000000000000000000)
(define-fun |pthread_create::1::this_thread_id!0@1#1| () (_ BitVec 32) #b00000000000000000000000000000000)
(define-fun |pthread_create::1::this_thread_id!0@2#1| () (_ BitVec 32) #b00000000000000000000000000000000)
(define-fun |pthread_create::1::this_thread_id!0@3#1| () (_ BitVec 32) #b00000000000000000000000000000000)
(define-fun |qrcu_reader1::1::myidx!1@1#1| () (_ BitVec 32) #b00000000000000000000000000000000)
(define-fun |qrcu_reader1::$tmp::return_value___VERIFIER_nondet_int$2!1@1#1| () (_ BitVec 32) #b00000000000000000000000000000000)
(define-fun |qrcu_reader1::$tmp::return_value___VERIFIER_nondet_int$1!1@1#1| () (_ BitVec 32) #b00000000000000000000000000000000)
(define-fun |qrcu_reader1::$tmp::return_value___VERIFIER_nondet_int$2!1@1#4| () (_ BitVec 32) #b00000000000000000000000000000000)
(define-fun |qrcu_reader1::$tmp::return_value___VERIFIER_nondet_int$1!1@1#4| () (_ BitVec 32) #b00000000000000000000000000000000)
(define-fun |qrcu_reader1::$tmp::return_value___VERIFIER_nondet_int$2!1@1#7| () (_ BitVec 32) #b00000000000000000000000000000000)
(define-fun |qrcu_reader1::$tmp::return_value___VERIFIER_nondet_int$1!1@1#7| () (_ BitVec 32) #b00000000000000000000000000000000)
(define-fun |qrcu_reader2::1::myidx!2@1#1| () (_ BitVec 32) #b00000000000000000000000000000000)
(define-fun |qrcu_reader2::$tmp::return_value___VERIFIER_nondet_int$2!2@1#1| () (_ BitVec 32) #b00000000000000000000000000000000)
(define-fun |qrcu_reader2::$tmp::return_value___VERIFIER_nondet_int$1!2@1#1| () (_ BitVec 32) #b00000000000000000000000000000000)
(define-fun |qrcu_reader2::$tmp::return_value___VERIFIER_nondet_int$2!2@1#4| () (_ BitVec 32) #b00000000000000000000000000000000)
(define-fun |qrcu_reader2::$tmp::return_value___VERIFIER_nondet_int$1!2@1#4| () (_ BitVec 32) #b00000000000000000000000000000000)
(define-fun |qrcu_reader2::$tmp::return_value___VERIFIER_nondet_int$2!2@1#7| () (_ BitVec 32) #b00000000000000000000000000000000)
(define-fun |qrcu_reader2::$tmp::return_value___VERIFIER_nondet_int$1!2@1#7| () (_ BitVec 32) #b00000000000000000000000000000000)
(define-fun |qrcu_updater::1::i!3@1#1| () (_ BitVec 32) #b00000000000000000000000000000000)
(define-fun |qrcu_updater::1::readerstart1!3@1#1| () (_ BitVec 32) #b00000000000000000000000000000000)
(define-fun |qrcu_updater::1::readerstart2!3@1#1| () (_ BitVec 32) #b00000000000000000000000000000000)
(define-fun |qrcu_updater::$tmp::return_value___VERIFIER_nondet_int$1!3@1#1| () (_ BitVec 32) #b00000000000000000000000000000000)
(define-fun |qrcu_updater::$tmp::return_value___VERIFIER_nondet_int$2!3@1#1| () (_ BitVec 32) #b00000000000000000000000000000000)
(define-fun |__VERIFIER_atomic_check_progress1::$tmp::return_value___VERIFIER_nondet_int$1!3@1#1| () (_ BitVec 32) #b00000000000000000000000000000000)
(define-fun |__VERIFIER_atomic_check_progress2::$tmp::return_value___VERIFIER_nondet_int$1!3@1#1| () (_ BitVec 32) #b00000000000000000000000000000000)
(define-fun |mutex#3| () (_ BitVec 320) #b00000000000000000000000000000000000000000000000000000000000000000000000000000000000000000000000000000000000000000000000000000000000000000000000000000000000000000000000000000000000000000000000000000000000000000000000000000000000000000000000000000000000000000000000000000000000000000000000000000000000000000000000000000000)
(define-fun |memory_model::choice_rf_0_33_0_8_T_0| () Bool false)
(define-fun |memory_model::choice_rf_0_33_1_22_T_1| () Bool false)
(define-fun |__CPROVER_threads_exited#6$wclk$8| () (_ BitVec 7) #b1111111)
(define-fun |__CPROVER_threads_exited#2$rclk$8| () (_ BitVec 7) #b1011100)
(define-fun |memory_model::choice_rf_0_33_2_22_T_2| () Bool true)
(define-fun |__CPROVER_threads_exited#8$wclk$8| () (_ BitVec 7) #b1011011)
(define-fun |memory_model::choice_rf_0_33_3_31_T_3| () Bool false)
(define-fun |__CPROVER_threads_exited#10$wclk$8| () (_ BitVec 7) #b1011010)
(define-fun |memory_model::choice_rf_0_37_0_8_T_4| () Bool false)
(define-fun |memory_model::choice_rf_0_37_1_22_T_5| () Bool false)
(define-fun |__CPROVER_threads_exited#3$rclk$8| () (_ BitVec 7) #b1111000)
(define-fun |memory_model::choice_rf_0_37_2_22_T_6| () Bool false)
(define-fun |memory_model::choice_rf_0_37_3_31_T_7| () Bool false)
(define-fun |memory_model::choice_rf_0_41_0_8_T_8| () Bool false)
(define-fun |memory_model::choice_rf_0_41_1_22_T_9| () Bool false)
(define-fun |__CPROVER_threads_exited#4$rclk$8| () (_ BitVec 7) #b1111100)
(define-fun |memory_model::choice_rf_0_41_2_22_T_10| () Bool false)
(define-fun |memory_model::choice_rf_0_41_3_31_T_11| () Bool false)
(define-fun |memory_model::choice_rf_1_21_0_8_T_12| () Bool false)
(define-fun |__CPROVER_threads_exited#1$wclk$8| () (_ BitVec 7) #b0001000)
(define-fun |__CPROVER_threads_exited#5$rclk$8| () (_ BitVec 7) #b1111110)
(define-fun |memory_model::choice_rf_1_21_2_22_T_13| () Bool false)
(define-fun |memory_model::choice_rf_1_21_3_31_T_14| () Bool false)
(define-fun |memory_model::choice_rf_2_21_0_8_T_15| () Bool true)
(define-fun |__CPROVER_threads_exited#7$rclk$8| () (_ BitVec 7) #b1011001)
(define-fun |memory_model::choice_rf_2_21_1_22_T_16| () Bool false)
(define-fun |memory_model::choice_rf_2_21_3_31_T_17| () Bool false)
(define-fun |memory_model::choice_rf_3_30_0_8_T_18| () Bool false)
(define-fun |__CPROVER_threads_exited#9$rclk$8| () (_ BitVec 7) #b1011001)
(define-fun |memory_model::choice_rf_3_30_1_22_T_19| () Bool false)
(define-fun |memory_model::choice_rf_3_30_2_22_T_20| () Bool false)
(define-fun |memory_model::choice_rf_0_22_0_6_T_21| () Bool false)
(define-fun |memory_model::choice_rf_0_22_0_19_T_22| () Bool true)
(define-fun |memory_model::choice_rf_0_26_0_6_T_23| () Bool false)
(define-fun |memory_model::choice_rf_0_26_0_19_T_24| () Bool false)
(define-fun |memory_model::choice_rf_0_26_0_23_T_25| () Bool true)
(define-fun |memory_model::choice_rf_0_32_0_6_T_26| () Bool false)
(define-fun |memory_model::choice_rf_0_32_0_19_T_27| () Bool false)
(define-fun |memory_model::choice_rf_0_32_0_23_T_28| () Bool false)
(define-fun |memory_model::choice_rf_0_32_0_27_T_29| () Bool true)
(define-fun |memory_model::choice_rf_0_36_0_6_T_30| () Bool false)
(define-fun |memory_model::choice_rf_0_36_0_19_T_31| () Bool false)
(define-fun |memory_model::choice_rf_0_36_0_23_T_32| () Bool false)
(define-fun |memory_model::choice_rf_0_36_0_27_T_33| () Bool false)
(define-fun |memory_model::choice_rf_0_40_0_6_T_34| () Bool false)
(define-fun |memory_model::choice_rf_0_40_0_19_T_35| () Bool false)
(define-fun |memory_model::choice_rf_0_40_0_23_T_36| () Bool false)
(define-fun |memory_model::choice_rf_0_40_0_27_T_37| () Bool false)
(define-fun |memory_model::choice_rf_1_0_0_11_F_38| () Bool true)
(define-fun |idx#1$wclk$8| () (_ BitVec 7) #b0001011)
(define-fun |idx#2$rclk$8| () (_ BitVec 7) #b1001111)
(define-fun |memory_model::choice_rf_1_0_3_15_F_39| () Bool false)
(define-fun |idx#9$wclk$8| () (_ BitVec 7) #b0110110)
(define-fun |memory_model::choice_rf_1_0_3_20_F_40| () Bool false)
(define-fun |idx#10$wclk$8| () (_ BitVec 7) #b1000101)
(define-fun |memory_model::choice_rf_1_5_0_11_F_41| () Bool true)
(define-fun |idx#3$rclk$8| () (_ BitVec 7) #b1101001)
(define-fun |memory_model::choice_rf_1_5_3_15_F_42| () Bool false)
(define-fun |memory_model::choice_rf_1_5_3_20_F_43| () Bool false)
(define-fun |memory_model::choice_rf_1_10_0_11_F_44| () Bool true)
(define-fun |idx#4$rclk$8| () (_ BitVec 7) #b1101110)
(define-fun |memory_model::choice_rf_1_10_3_15_F_45| () Bool false)
(define-fun |memory_model::choice_rf_1_10_3_20_F_46| () Bool false)
(define-fun |memory_model::choice_rf_2_0_0_11_F_47| () Bool true)
(define-fun |idx#5$rclk$8| () (_ BitVec 7) #b1000110)
(define-fun |memory_model::choice_rf_2_0_3_15_F_48| () Bool false)
(define-fun |memory_model::choice_rf_2_0_3_20_F_49| () Bool false)
(define-fun |memory_model::choice_rf_2_5_0_11_F_50| () Bool true)
(define-fun |idx#6$rclk$8| () (_ BitVec 7) #b1001111)
(define-fun |memory_model::choice_rf_2_5_3_15_F_51| () Bool false)
(define-fun |memory_model::choice_rf_2_5_3_20_F_52| () Bool false)
(define-fun |memory_model::choice_rf_2_10_0_11_F_53| () Bool true)
(define-fun |idx#7$rclk$8| () (_ BitVec 7) #b1010010)
(define-fun |memory_model::choice_rf_2_10_3_15_F_54| () Bool false)
(define-fun |memory_model::choice_rf_2_10_3_20_F_55| () Bool false)
(define-fun |memory_model::choice_rf_3_12_0_11_F_56| () Bool false)
(define-fun |idx#8$rclk$8| () (_ BitVec 7) #b0110011)
(define-fun |memory_model::choice_rf_3_23_0_11_F_57| () Bool false)
(define-fun |idx#11$rclk$8| () (_ BitVec 7) #b1001110)
(define-fun |memory_model::choice_rf_3_23_3_15_F_58| () Bool false)
(define-fun |memory_model::choice_rf_3_23_3_20_F_59| () Bool false)
(define-fun |memory_model::choice_rf_1_1_0_9_F_60| () Bool false)
(define-fun |ctr1#1$wclk$8| () (_ BitVec 7) #b0001001)
(define-fun |ctr1#2$rclk$8| () (_ BitVec 7) #b1011001)
(define-fun |memory_model::choice_rf_1_1_2_2_F_61| () Bool false)
(define-fun |ctr1#20$wclk$8| () (_ BitVec 7) #b1001100)
(define-fun |memory_model::choice_rf_1_1_2_7_F_62| () Bool false)
(define-fun |ctr1#23$wclk$8| () (_ BitVec 7) #b1010000)
(define-fun |memory_model::choice_rf_1_1_2_12_F_63| () Bool false)
(define-fun |ctr1#26$wclk$8| () (_ BitVec 7) #b1010011)
(define-fun |memory_model::choice_rf_1_1_2_20_F_64| () Bool false)
(define-fun |ctr1#31$wclk$8| () (_ BitVec 7) #b1011000)
(define-fun |memory_model::choice_rf_1_1_3_17_F_65| () Bool false)
(define-fun |ctr1#37$wclk$8| () (_ BitVec 7) #b1000010)
(define-fun |memory_model::choice_rf_1_1_3_19_F_66| () Bool false)
(define-fun |ctr1#39$wclk$8| () (_ BitVec 7) #b1000100)
(define-fun |memory_model::choice_rf_1_6_0_9_F_67| () Bool false)
(define-fun |ctr1#6$rclk$8| () (_ BitVec 7) #b1101100)
(define-fun |memory_model::choice_rf_1_6_1_2_F_68| () Bool false)
(define-fun |memory_model::choice_rf_1_6_2_2_F_69| () Bool false)
(define-fun |memory_model::choice_rf_1_6_2_7_F_70| () Bool false)
(define-fun |memory_model::choice_rf_1_6_2_12_F_71| () Bool false)
(define-fun |memory_model::choice_rf_1_6_2_20_F_72| () Bool false)
(define-fun |memory_model::choice_rf_1_6_3_17_F_73| () Bool false)
(define-fun |memory_model::choice_rf_1_6_3_19_F_74| () Bool false)
(define-fun |memory_model::choice_rf_1_11_0_9_F_75| () Bool false)
(define-fun |ctr1#9$rclk$8| () (_ BitVec 7) #b1110011)
(define-fun |memory_model::choice_rf_1_11_1_2_F_76| () Bool false)
(define-fun |memory_model::choice_rf_1_11_1_7_F_77| () Bool false)
(define-fun |memory_model::choice_rf_1_11_2_2_F_78| () Bool false)
(define-fun |memory_model::choice_rf_1_11_2_7_F_79| () Bool false)
(define-fun |memory_model::choice_rf_1_11_2_12_F_80| () Bool false)
(define-fun |memory_model::choice_rf_1_11_2_20_F_81| () Bool false)
(define-fun |memory_model::choice_rf_1_11_3_17_F_82| () Bool false)
(define-fun |memory_model::choice_rf_1_11_3_19_F_83| () Bool false)
(define-fun |memory_model::choice_rf_1_18_0_9_F_84| () Bool false)
(define-fun |ctr1#12$rclk$8| () (_ BitVec 7) #b1111011)
(define-fun |memory_model::choice_rf_1_18_1_2_F_85| () Bool false)
(define-fun |memory_model::choice_rf_1_18_1_7_F_86| () Bool false)
(define-fun |memory_model::choice_rf_1_18_1_12_F_87| () Bool false)
(define-fun |memory_model::choice_rf_1_18_2_2_F_88| () Bool false)
(define-fun |memory_model::choice_rf_1_18_2_7_F_89| () Bool false)
(define-fun |memory_model::choice_rf_1_18_2_12_F_90| () Bool false)
(define-fun |memory_model::choice_rf_1_18_2_20_F_91| () Bool false)
(define-fun |memory_model::choice_rf_1_18_3_17_F_92| () Bool false)
(define-fun |memory_model::choice_rf_1_18_3_19_F_93| () Bool false)
(define-fun |memory_model::choice_rf_2_1_0_9_F_94| () Bool false)
(define-fun |ctr1#17$rclk$8| () (_ BitVec 7) #b1001100)
(define-fun |memory_model::choice_rf_2_1_1_2_F_95| () Bool false)
(define-fun |ctr1#5$wclk$8| () (_ BitVec 7) #b1011001)
(define-fun |memory_model::choice_rf_2_1_1_7_F_96| () Bool false)
(define-fun |ctr1#8$wclk$8| () (_ BitVec 7) #b1101100)
(define-fun |memory_model::choice_rf_2_1_1_12_F_97| () Bool false)
(define-fun |ctr1#11$wclk$8| () (_ BitVec 7) #b1110011)
(define-fun |memory_model::choice_rf_2_1_1_20_F_98| () Bool false)
(define-fun |ctr1#16$wclk$8| () (_ BitVec 7) #b1111011)
(define-fun |memory_model::choice_rf_2_1_3_17_F_99| () Bool false)
(define-fun |memory_model::choice_rf_2_1_3_19_F_100| () Bool false)
(define-fun |memory_model::choice_rf_2_6_0_9_F_101| () Bool false)
(define-fun |ctr1#21$rclk$8| () (_ BitVec 7) #b1010000)
(define-fun |memory_model::choice_rf_2_6_1_2_F_102| () Bool false)
(define-fun |memory_model::choice_rf_2_6_1_7_F_103| () Bool false)
(define-fun |memory_model::choice_rf_2_6_1_12_F_104| () Bool false)
(define-fun |memory_model::choice_rf_2_6_1_20_F_105| () Bool false)
(define-fun |memory_model::choice_rf_2_6_2_2_F_106| () Bool false)
(define-fun |memory_model::choice_rf_2_6_3_17_F_107| () Bool false)
(define-fun |memory_model::choice_rf_2_6_3_19_F_108| () Bool false)
(define-fun |memory_model::choice_rf_2_11_0_9_F_109| () Bool true)
(define-fun |ctr1#24$rclk$8| () (_ BitVec 7) #b1010011)
(define-fun |memory_model::choice_rf_2_11_1_2_F_110| () Bool false)
(define-fun |memory_model::choice_rf_2_11_1_7_F_111| () Bool false)
(define-fun |memory_model::choice_rf_2_11_1_12_F_112| () Bool false)
(define-fun |memory_model::choice_rf_2_11_1_20_F_113| () Bool false)
(define-fun |memory_model::choice_rf_2_11_2_2_F_114| () Bool false)
(define-fun |memory_model::choice_rf_2_11_2_7_F_115| () Bool false)
(define-fun |memory_model::choice_rf_2_11_3_17_F_116| () Bool false)
(define-fun |memory_model::choice_rf_2_11_3_19_F_117| () Bool false)
(define-fun |memory_model::choice_rf_2_18_0_9_F_118| () Bool false)
(define-fun |ctr1#27$rclk$8| () (_ BitVec 7) #b1011000)
(define-fun |memory_model::choice_rf_2_18_1_2_F_119| () Bool false)
(define-fun |memory_model::choice_rf_2_18_1_7_F_120| () Bool false)
(define-fun |memory_model::choice_rf_2_18_1_12_F_121| () Bool false)
(define-fun |memory_model::choice_rf_2_18_1_20_F_122| () Bool false)
(define-fun |memory_model::choice_rf_2_18_2_2_F_123| () Bool false)
(define-fun |memory_model::choice_rf_2_18_2_7_F_124| () Bool false)
(define-fun |memory_model::choice_rf_2_18_2_12_F_125| () Bool true)
(define-fun |memory_model::choice_rf_2_18_3_17_F_126| () Bool false)
(define-fun |memory_model::choice_rf_2_18_3_19_F_127| () Bool false)
(define-fun |memory_model::choice_rf_3_2_0_9_F_128| () Bool false)
(define-fun |ctr1#32$rclk$8| () (_ BitVec 7) #b0100011)
(define-fun |memory_model::choice_rf_3_2_1_2_F_129| () Bool false)
(define-fun |memory_model::choice_rf_3_2_1_7_F_130| () Bool false)
(define-fun |memory_model::choice_rf_3_2_1_12_F_131| () Bool false)
(define-fun |memory_model::choice_rf_3_2_1_20_F_132| () Bool false)
(define-fun |memory_model::choice_rf_3_2_2_2_F_133| () Bool false)
(define-fun |memory_model::choice_rf_3_2_2_7_F_134| () Bool false)
(define-fun |memory_model::choice_rf_3_2_2_12_F_135| () Bool false)
(define-fun |memory_model::choice_rf_3_2_2_20_F_136| () Bool false)
(define-fun |memory_model::choice_rf_3_5_0_9_F_137| () Bool true)
(define-fun |ctr1#33$rclk$8| () (_ BitVec 7) #b0101010)
(define-fun |memory_model::choice_rf_3_5_1_2_F_138| () Bool false)
(define-fun |memory_model::choice_rf_3_5_1_7_F_139| () Bool false)
(define-fun |memory_model::choice_rf_3_5_1_12_F_140| () Bool false)
(define-fun |memory_model::choice_rf_3_5_1_20_F_141| () Bool false)
(define-fun |memory_model::choice_rf_3_5_2_2_F_142| () Bool false)
(define-fun |memory_model::choice_rf_3_5_2_7_F_143| () Bool false)
(define-fun |memory_model::choice_rf_3_5_2_12_F_144| () Bool false)
(define-fun |memory_model::choice_rf_3_5_2_20_F_145| () Bool false)
(define-fun |memory_model::choice_rf_3_6_0_9_F_146| () Bool false)
(define-fun |ctr1#34$rclk$8| () (_ BitVec 7) #b0101100)
(define-fun |memory_model::choice_rf_3_6_1_2_F_147| () Bool false)
(define-fun |memory_model::choice_rf_3_6_1_7_F_148| () Bool false)
(define-fun |memory_model::choice_rf_3_6_1_12_F_149| () Bool false)
(define-fun |memory_model::choice_rf_3_6_1_20_F_150| () Bool false)
(define-fun |memory_model::choice_rf_3_6_2_2_F_151| () Bool false)
(define-fun |memory_model::choice_rf_3_6_2_7_F_152| () Bool false)
(define-fun |memory_model::choice_rf_3_6_2_12_F_153| () Bool false)
(define-fun |memory_model::choice_rf_3_6_2_20_F_154| () Bool false)
(define-fun |memory_model::choice_rf_3_9_0_9_F_155| () Bool true)
(define-fun |ctr1#35$rclk$8| () (_ BitVec 7) #b0101111)
(define-fun |memory_model::choice_rf_3_9_1_2_F_156| () Bool false)
(define-fun |memory_model::choice_rf_3_9_1_7_F_157| () Bool false)
(define-fun |memory_model::choice_rf_3_9_1_12_F_158| () Bool false)
(define-fun |memory_model::choice_rf_3_9_1_20_F_159| () Bool false)
(define-fun |memory_model::choice_rf_3_9_2_2_F_160| () Bool false)
(define-fun |memory_model::choice_rf_3_9_2_7_F_161| () Bool false)
(define-fun |memory_model::choice_rf_3_9_2_12_F_162| () Bool false)
(define-fun |memory_model::choice_rf_3_9_2_20_F_163| () Bool false)
(define-fun |memory_model::choice_rf_3_16_0_9_F_164| () Bool false)
(define-fun |ctr1#36$rclk$8| () (_ BitVec 7) #b0110111)
(define-fun |memory_model::choice_rf_3_16_1_2_F_165| () Bool false)
(define-fun |memory_model::choice_rf_3_16_1_7_F_166| () Bool false)
(define-fun |memory_model::choice_rf_3_16_1_12_F_167| () Bool false)
(define-fun |memory_model::choice_rf_3_16_1_20_F_168| () Bool false)
(define-fun |memory_model::choice_rf_3_16_2_2_F_169| () Bool false)
(define-fun |memory_model::choice_rf_3_16_2_7_F_170| () Bool false)
(define-fun |memory_model::choice_rf_3_16_2_12_F_171| () Bool false)
(define-fun |memory_model::choice_rf_3_16_2_20_F_172| () Bool false)
(define-fun |memory_model::choice_rf_3_18_0_9_F_173| () Bool false)
(define-fun |ctr1#38$rclk$8| () (_ BitVec 7) #b1000011)
(define-fun |memory_model::choice_rf_3_18_1_2_F_174| () Bool false)
(define-fun |memory_model::choice_rf_3_18_1_7_F_175| () Bool false)
(define-fun |memory_model::choice_rf_3_18_1_12_F_176| () Bool false)
(define-fun |memory_model::choice_rf_3_18_1_20_F_177| () Bool false)
(define-fun |memory_model::choice_rf_3_18_2_2_F_178| () Bool false)
(define-fun |memory_model::choice_rf_3_18_2_7_F_179| () Bool false)
(define-fun |memory_model::choice_rf_3_18_2_12_F_180| () Bool false)
(define-fun |memory_model::choice_rf_3_18_2_20_F_181| () Bool false)
(define-fun |memory_model::choice_rf_3_18_3_17_F_182| () Bool false)
(define-fun |memory_model::choice_rf_3_24_0_9_F_183| () Bool false)
(define-fun |ctr1#40$rclk$8| () (_ BitVec 7) #b1010000)
(define-fun |memory_model::choice_rf_3_24_1_2_F_184| () Bool false)
(define-fun |memory_model::choice_rf_3_24_1_7_F_185| () Bool false)
(define-fun |memory_model::choice_rf_3_24_1_12_F_186| () Bool false)
(define-fun |memory_model::choice_rf_3_24_1_20_F_187| () Bool false)
(define-fun |memory_model::choice_rf_3_24_2_2_F_188| () Bool false)
(define-fun |memory_model::choice_rf_3_24_2_7_F_189| () Bool false)
(define-fun |memory_model::choice_rf_3_24_2_12_F_190| () Bool false)
(define-fun |memory_model::choice_rf_3_24_2_20_F_191| () Bool false)
(define-fun |memory_model::choice_rf_3_24_3_17_F_192| () Bool false)
(define-fun |memory_model::choice_rf_3_24_3_19_F_193| () Bool false)
(define-fun |memory_model::choice_rf_1_3_0_10_F_194| () Bool false)
(define-fun |ctr2#1$wclk$8| () (_ BitVec 7) #b0001010)
(define-fun |ctr2#2$rclk$8| () (_ BitVec 7) #b1101000)
(define-fun |memory_model::choice_rf_1_3_2_4_F_195| () Bool false)
(define-fun |ctr2#17$wclk$8| () (_ BitVec 7) #b1001110)
(define-fun |memory_model::choice_rf_1_3_2_9_F_196| () Bool false)
(define-fun |ctr2#20$wclk$8| () (_ BitVec 7) #b1010001)
(define-fun |memory_model::choice_rf_1_3_2_14_F_197| () Bool false)
(define-fun |ctr2#23$wclk$8| () (_ BitVec 7) #b1010100)
(define-fun |memory_model::choice_rf_1_3_2_19_F_198| () Bool false)
(define-fun |ctr2#27$wclk$8| () (_ BitVec 7) #b1011000)
(define-fun |memory_model::choice_rf_1_3_3_14_F_199| () Bool false)
(define-fun |ctr2#33$wclk$8| () (_ BitVec 7) #b0110101)
(define-fun |memory_model::choice_rf_1_3_3_22_F_200| () Bool false)
(define-fun |ctr2#35$wclk$8| () (_ BitVec 7) #b1001011)
(define-fun |memory_model::choice_rf_1_8_0_10_F_201| () Bool false)
(define-fun |ctr2#5$rclk$8| () (_ BitVec 7) #b1101101)
(define-fun |memory_model::choice_rf_1_8_1_4_F_202| () Bool false)
(define-fun |memory_model::choice_rf_1_8_2_4_F_203| () Bool false)
(define-fun |memory_model::choice_rf_1_8_2_9_F_204| () Bool false)
(define-fun |memory_model::choice_rf_1_8_2_14_F_205| () Bool false)
(define-fun |memory_model::choice_rf_1_8_2_19_F_206| () Bool false)
(define-fun |memory_model::choice_rf_1_8_3_14_F_207| () Bool false)
(define-fun |memory_model::choice_rf_1_8_3_22_F_208| () Bool false)
(define-fun |memory_model::choice_rf_1_13_0_10_F_209| () Bool false)
(define-fun |ctr2#8$rclk$8| () (_ BitVec 7) #b1110101)
(define-fun |memory_model::choice_rf_1_13_1_4_F_210| () Bool false)
(define-fun |memory_model::choice_rf_1_13_1_9_F_211| () Bool false)
(define-fun |memory_model::choice_rf_1_13_2_4_F_212| () Bool false)
(define-fun |memory_model::choice_rf_1_13_2_9_F_213| () Bool false)
(define-fun |memory_model::choice_rf_1_13_2_14_F_214| () Bool false)
(define-fun |memory_model::choice_rf_1_13_2_19_F_215| () Bool false)
(define-fun |memory_model::choice_rf_1_13_3_14_F_216| () Bool false)
(define-fun |memory_model::choice_rf_1_13_3_22_F_217| () Bool false)
(define-fun |memory_model::choice_rf_1_17_0_10_F_218| () Bool false)
(define-fun |ctr2#11$rclk$8| () (_ BitVec 7) #b1111011)
(define-fun |memory_model::choice_rf_1_17_1_4_F_219| () Bool false)
(define-fun |memory_model::choice_rf_1_17_1_9_F_220| () Bool false)
(define-fun |memory_model::choice_rf_1_17_1_14_F_221| () Bool false)
(define-fun |memory_model::choice_rf_1_17_2_4_F_222| () Bool false)
(define-fun |memory_model::choice_rf_1_17_2_9_F_223| () Bool false)
(define-fun |memory_model::choice_rf_1_17_2_14_F_224| () Bool false)
(define-fun |memory_model::choice_rf_1_17_2_19_F_225| () Bool false)
(define-fun |memory_model::choice_rf_1_17_3_14_F_226| () Bool false)
(define-fun |memory_model::choice_rf_1_17_3_22_F_227| () Bool false)
(define-fun |memory_model::choice_rf_2_3_0_10_F_228| () Bool false)
(define-fun |ctr2#15$rclk$8| () (_ BitVec 7) #b1001110)
(define-fun |memory_model::choice_rf_2_3_1_4_F_229| () Bool false)
(define-fun |ctr2#4$wclk$8| () (_ BitVec 7) #b1101000)
(define-fun |memory_model::choice_rf_2_3_1_9_F_230| () Bool false)
(define-fun |ctr2#7$wclk$8| () (_ BitVec 7) #b1101101)
(define-fun |memory_model::choice_rf_2_3_1_14_F_231| () Bool false)
(define-fun |ctr2#10$wclk$8| () (_ BitVec 7) #b1110101)
(define-fun |memory_model::choice_rf_2_3_1_19_F_232| () Bool false)
(define-fun |ctr2#14$wclk$8| () (_ BitVec 7) #b1111011)
(define-fun |memory_model::choice_rf_2_3_3_14_F_233| () Bool false)
(define-fun |memory_model::choice_rf_2_3_3_22_F_234| () Bool false)
(define-fun |memory_model::choice_rf_2_8_0_10_F_235| () Bool false)
(define-fun |ctr2#18$rclk$8| () (_ BitVec 7) #b1010001)
(define-fun |memory_model::choice_rf_2_8_1_4_F_236| () Bool false)
(define-fun |memory_model::choice_rf_2_8_1_9_F_237| () Bool false)
(define-fun |memory_model::choice_rf_2_8_1_14_F_238| () Bool false)
(define-fun |memory_model::choice_rf_2_8_1_19_F_239| () Bool false)
(define-fun |memory_model::choice_rf_2_8_2_4_F_240| () Bool false)
(define-fun |memory_model::choice_rf_2_8_3_14_F_241| () Bool false)
(define-fun |memory_model::choice_rf_2_8_3_22_F_242| () Bool false)
(define-fun |memory_model::choice_rf_2_13_0_10_F_243| () Bool false)
(define-fun |ctr2#21$rclk$8| () (_ BitVec 7) #b1010100)
(define-fun |memory_model::choice_rf_2_13_1_4_F_244| () Bool false)
(define-fun |memory_model::choice_rf_2_13_1_9_F_245| () Bool false)
(define-fun |memory_model::choice_rf_2_13_1_14_F_246| () Bool false)
(define-fun |memory_model::choice_rf_2_13_1_19_F_247| () Bool false)
(define-fun |memory_model::choice_rf_2_13_2_4_F_248| () Bool false)
(define-fun |memory_model::choice_rf_2_13_2_9_F_249| () Bool false)
(define-fun |memory_model::choice_rf_2_13_3_14_F_250| () Bool false)
(define-fun |memory_model::choice_rf_2_13_3_22_F_251| () Bool false)
(define-fun |memory_model::choice_rf_2_17_0_10_F_252| () Bool false)
(define-fun |ctr2#24$rclk$8| () (_ BitVec 7) #b1011000)
(define-fun |memory_model::choice_rf_2_17_1_4_F_253| () Bool false)
(define-fun |memory_model::choice_rf_2_17_1_9_F_254| () Bool false)
(define-fun |memory_model::choice_rf_2_17_1_14_F_255| () Bool false)
(define-fun |memory_model::choice_rf_2_17_1_19_F_256| () Bool false)
(define-fun |memory_model::choice_rf_2_17_2_4_F_257| () Bool false)
(define-fun |memory_model::choice_rf_2_17_2_9_F_258| () Bool false)
(define-fun |memory_model::choice_rf_2_17_2_14_F_259| () Bool false)
(define-fun |memory_model::choice_rf_2_17_3_14_F_260| () Bool false)
(define-fun |memory_model::choice_rf_2_17_3_22_F_261| () Bool false)
(define-fun |memory_model::choice_rf_3_3_0_10_F_262| () Bool false)
(define-fun |ctr2#28$rclk$8| () (_ BitVec 7) #b0100100)
(define-fun |memory_model::choice_rf_3_3_1_4_F_263| () Bool false)
(define-fun |memory_model::choice_rf_3_3_1_9_F_264| () Bool false)
(define-fun |memory_model::choice_rf_3_3_1_14_F_265| () Bool false)
(define-fun |memory_model::choice_rf_3_3_1_19_F_266| () Bool false)
(define-fun |memory_model::choice_rf_3_3_2_4_F_267| () Bool false)
(define-fun |memory_model::choice_rf_3_3_2_9_F_268| () Bool false)
(define-fun |memory_model::choice_rf_3_3_2_14_F_269| () Bool false)
(define-fun |memory_model::choice_rf_3_3_2_19_F_270| () Bool false)
(define-fun |memory_model::choice_rf_3_4_0_10_F_271| () Bool true)
(define-fun |ctr2#29$rclk$8| () (_ BitVec 7) #b0100101)
(define-fun |memory_model::choice_rf_3_4_1_4_F_272| () Bool false)
(define-fun |memory_model::choice_rf_3_4_1_9_F_273| () Bool false)
(define-fun |memory_model::choice_rf_3_4_1_14_F_274| () Bool false)
(define-fun |memory_model::choice_rf_3_4_1_19_F_275| () Bool false)
(define-fun |memory_model::choice_rf_3_4_2_4_F_276| () Bool false)
(define-fun |memory_model::choice_rf_3_4_2_9_F_277| () Bool false)
(define-fun |memory_model::choice_rf_3_4_2_14_F_278| () Bool false)
(define-fun |memory_model::choice_rf_3_4_2_19_F_279| () Bool false)
(define-fun |memory_model::choice_rf_3_7_0_10_F_280| () Bool false)
(define-fun |ctr2#30$rclk$8| () (_ BitVec 7) #b0101101)
(define-fun |memory_model::choice_rf_3_7_1_4_F_281| () Bool false)
(define-fun |memory_model::choice_rf_3_7_1_9_F_282| () Bool false)
(define-fun |memory_model::choice_rf_3_7_1_14_F_283| () Bool false)
(define-fun |memory_model::choice_rf_3_7_1_19_F_284| () Bool false)
(define-fun |memory_model::choice_rf_3_7_2_4_F_285| () Bool false)
(define-fun |memory_model::choice_rf_3_7_2_9_F_286| () Bool false)
(define-fun |memory_model::choice_rf_3_7_2_14_F_287| () Bool false)
(define-fun |memory_model::choice_rf_3_7_2_19_F_288| () Bool false)
(define-fun |memory_model::choice_rf_3_8_0_10_F_289| () Bool true)
(define-fun |ctr2#31$rclk$8| () (_ BitVec 7) #b0101110)
(define-fun |memory_model::choice_rf_3_8_1_4_F_290| () Bool false)
(define-fun |memory_model::choice_rf_3_8_1_9_F_291| () Bool false)
(define-fun |memory_model::choice_rf_3_8_1_14_F_292| () Bool false)
(define-fun |memory_model::choice_rf_3_8_1_19_F_293| () Bool false)
(define-fun |memory_model::choice_rf_3_8_2_4_F_294| () Bool false)
(define-fun |memory_model::choice_rf_3_8_2_9_F_295| () Bool false)
(define-fun |memory_model::choice_rf_3_8_2_14_F_296| () Bool false)
(define-fun |memory_model::choice_rf_3_8_2_19_F_297| () Bool false)
(define-fun |memory_model::choice_rf_3_13_0_10_F_298| () Bool false)
(define-fun |ctr2#32$rclk$8| () (_ BitVec 7) #b0110100)
(define-fun |memory_model::choice_rf_3_13_1_4_F_299| () Bool false)
(define-fun |memory_model::choice_rf_3_13_1_9_F_300| () Bool false)
(define-fun |memory_model::choice_rf_3_13_1_14_F_301| () Bool false)
(define-fun |memory_model::choice_rf_3_13_1_19_F_302| () Bool false)
(define-fun |memory_model::choice_rf_3_13_2_4_F_303| () Bool false)
(define-fun |memory_model::choice_rf_3_13_2_9_F_304| () Bool false)
(define-fun |memory_model::choice_rf_3_13_2_14_F_305| () Bool false)
(define-fun |memory_model::choice_rf_3_13_2_19_F_306| () Bool false)
(define-fun |memory_model::choice_rf_3_21_0_10_F_307| () Bool false)
(define-fun |ctr2#34$rclk$8| () (_ BitVec 7) #b1000110)
(define-fun |memory_model::choice_rf_3_21_1_4_F_308| () Bool false)
(define-fun |memory_model::choice_rf_3_21_1_9_F_309| () Bool false)
(define-fun |memory_model::choice_rf_3_21_1_14_F_310| () Bool false)
(define-fun |memory_model::choice_rf_3_21_1_19_F_311| () Bool false)
(define-fun |memory_model::choice_rf_3_21_2_4_F_312| () Bool false)
(define-fun |memory_model::choice_rf_3_21_2_9_F_313| () Bool false)
(define-fun |memory_model::choice_rf_3_21_2_14_F_314| () Bool false)
(define-fun |memory_model::choice_rf_3_21_2_19_F_315| () Bool false)
(define-fun |memory_model::choice_rf_3_21_3_14_F_316| () Bool false)
(define-fun |memory_model::choice_rf_3_25_0_10_F_317| () Bool false)
(define-fun |ctr2#36$rclk$8| () (_ BitVec 7) #b1010001)
(define-fun |memory_model::choice_rf_3_25_1_4_F_318| () Bool false)
(define-fun |memory_model::choice_rf_3_25_1_9_F_319| () Bool false)
(define-fun |memory_model::choice_rf_3_25_1_14_F_320| () Bool false)
(define-fun |memory_model::choice_rf_3_25_1_19_F_321| () Bool false)
(define-fun |memory_model::choice_rf_3_25_2_4_F_322| () Bool false)
(define-fun |memory_model::choice_rf_3_25_2_9_F_323| () Bool false)
(define-fun |memory_model::choice_rf_3_25_2_14_F_324| () Bool false)
(define-fun |memory_model::choice_rf_3_25_2_19_F_325| () Bool false)
(define-fun |memory_model::choice_rf_3_25_3_14_F_326| () Bool false)
(define-fun |memory_model::choice_rf_3_25_3_22_F_327| () Bool false)
(define-fun |memory_model::choice_rf_3_1_0_13_F_328| () Bool true)
(define-fun |readerprogress1#1$wclk$8| () (_ BitVec 7) #b0001101)
(define-fun |readerprogress1#4$rclk$8| () (_ BitVec 7) #b0100010)
(define-fun |memory_model::choice_rf_3_1_1_15_F_329| () Bool false)
(define-fun |readerprogress1#2$wclk$8| () (_ BitVec 7) #b1111000)
(define-fun |memory_model::choice_rf_3_1_1_16_F_330| () Bool false)
(define-fun |readerprogress1#3$wclk$8| () (_ BitVec 7) #b1111001)
(define-fun |memory_model::choice_rf_3_28_0_13_F_331| () Bool false)
(define-fun |readerprogress1#6$rclk$8| () (_ BitVec 7) #b1010101)
(define-fun |memory_model::choice_rf_3_28_1_15_F_332| () Bool false)
(define-fun |memory_model::choice_rf_3_28_1_16_F_333| () Bool false)
(define-fun |memory_model::choice_rf_3_0_0_14_F_334| () Bool true)
(define-fun |readerprogress2#1$wclk$8| () (_ BitVec 7) #b0001110)
(define-fun |readerprogress2#4$rclk$8| () (_ BitVec 7) #b0100010)
(define-fun |memory_model::choice_rf_3_0_2_15_F_335| () Bool false)
(define-fun |readerprogress2#2$wclk$8| () (_ BitVec 7) #b1010101)
(define-fun |memory_model::choice_rf_3_0_2_16_F_336| () Bool false)
(define-fun |readerprogress2#3$wclk$8| () (_ BitVec 7) #b1010111)
(define-fun |memory_model::choice_rf_3_29_0_14_F_337| () Bool false)
(define-fun |readerprogress2#6$rclk$8| () (_ BitVec 7) #b1010110)
(define-fun |memory_model::choice_rf_3_29_2_15_F_338| () Bool true)
(define-fun |memory_model::choice_rf_3_29_2_16_F_339| () Bool false)
(define-fun |memory_model::choice_rf_0_42_0_12_F_340| () Bool false)
(define-fun |memory_model::choice_rf_0_42_0_18_F_341| () Bool false)
(define-fun |memory_model::choice_rf_0_42_3_11_F_342| () Bool false)
(define-fun |mutex#9$wclk$8| () (_ BitVec 7) #b0110010)
(define-fun |mutex#3$rclk$8| () (_ BitVec 7) #b1111101)
(define-fun |memory_model::choice_rf_0_42_3_27_F_343| () Bool false)
(define-fun |mutex#12$wclk$8| () (_ BitVec 7) #b1010100)
(define-fun |memory_model::choice_rf_0_43_0_12_F_344| () Bool false)
(define-fun |memory_model::choice_rf_0_43_0_18_F_345| () Bool false)
(define-fun |memory_model::choice_rf_0_43_3_11_F_346| () Bool false)
(define-fun |mutex#4$rclk$8| () (_ BitVec 7) #b1111110)
(define-fun |memory_model::choice_rf_0_43_3_27_F_347| () Bool false)
(define-fun |memory_model::choice_rf_3_10_0_12_F_348| () Bool false)
(define-fun |mutex#1$wclk$8| () (_ BitVec 7) #b0001100)
(define-fun |mutex#6$rclk$8| () (_ BitVec 7) #b0110010)
(define-fun |memory_model::choice_rf_3_10_0_18_F_349| () Bool false)
(define-fun |mutex#2$wclk$8| () (_ BitVec 7) #b0010011)
(define-fun |memory_model::choice_rf_3_10_0_44_F_350| () Bool false)
(define-fun |mutex#5$wclk$8| () (_ BitVec 7) #b1111111)
(define-fun |memory_model::choice_rf_3_26_0_12_F_351| () Bool false)
(define-fun |mutex#10$rclk$8| () (_ BitVec 7) #b1010100)
(define-fun |memory_model::choice_rf_3_26_0_18_F_352| () Bool false)
(define-fun |memory_model::choice_rf_3_26_0_44_F_353| () Bool false)
(define-fun |memory_model::choice_rf_3_26_3_11_F_354| () Bool false)
(define-fun |main::1::t1!0@1#3| () (_ BitVec 32) #b00000000000000000000000000000001)
(define-fun |memory_model::choice_rf_0_30_0_15_F_355| () Bool false)
(define-fun |memory_model::choice_rf_0_30_0_20_F_356| () Bool true)
(define-fun |memory_model::choice_rf_0_31_0_15_F_357| () Bool false)
(define-fun |memory_model::choice_rf_0_31_0_20_F_358| () Bool true)
(define-fun |main::1::t2!0@1#3| () (_ BitVec 32) #b00000000000000000000000000000000)
(define-fun |memory_model::choice_rf_0_34_0_16_F_359| () Bool false)
(define-fun |memory_model::choice_rf_0_34_0_24_F_360| () Bool false)
(define-fun |memory_model::choice_rf_0_35_0_16_F_361| () Bool false)
(define-fun |memory_model::choice_rf_0_35_0_24_F_362| () Bool false)
(define-fun |main::1::t3!0@1#3| () (_ BitVec 32) #b00000000000000000000000000000000)
(define-fun |memory_model::choice_rf_0_38_0_17_F_363| () Bool false)
(define-fun |memory_model::choice_rf_0_38_0_28_F_364| () Bool false)
(define-fun |memory_model::choice_rf_0_39_0_17_F_365| () Bool false)
(define-fun |memory_model::choice_rf_0_39_0_28_F_366| () Bool false)
(define-fun |memory_model::choice_ws-ext_0_8_1_22_T_367| () Bool true)
(define-fun |memory_model::choice_ws-ext_0_8_2_22_T_368| () Bool true)
(define-fun |memory_model::choice_ws-ext_0_8_3_31_T_369| () Bool true)
(define-fun |memory_model::choice_ws-ext_1_22_2_22_T_370| () Bool false)
(define-fun |memory_model::choice_ws-ext_1_22_3_31_T_371| () Bool false)
(define-fun |memory_model::choice_ws-ext_2_22_3_31_T_372| () Bool false)
(define-fun |memory_model::choice_ws-ext_0_11_3_15_F_373| () Bool true)
(define-fun |memory_model::choice_ws-ext_0_11_3_20_F_374| () Bool true)
(define-fun |memory_model::choice_ws-ext_0_9_1_2_F_375| () Bool true)
(define-fun |memory_model::choice_ws-ext_0_9_1_7_F_376| () Bool true)
(define-fun |memory_model::choice_ws-ext_0_9_1_12_F_377| () Bool true)
(define-fun |memory_model::choice_ws-ext_0_9_1_20_F_378| () Bool true)
(define-fun |memory_model::choice_ws-ext_0_9_2_2_F_379| () Bool true)
(define-fun |memory_model::choice_ws-ext_0_9_2_7_F_380| () Bool true)
(define-fun |memory_model::choice_ws-ext_0_9_2_12_F_381| () Bool true)
(define-fun |memory_model::choice_ws-ext_0_9_2_20_F_382| () Bool true)
(define-fun |memory_model::choice_ws-ext_0_9_3_17_F_383| () Bool true)
(define-fun |memory_model::choice_ws-ext_0_9_3_19_F_384| () Bool true)
(define-fun |memory_model::choice_ws-ext_1_2_2_2_F_385| () Bool false)
(define-fun |memory_model::choice_ws-ext_1_2_2_7_F_386| () Bool false)
(define-fun |memory_model::choice_ws-ext_1_2_2_12_F_387| () Bool false)
(define-fun |memory_model::choice_ws-ext_1_2_2_20_F_388| () Bool false)
(define-fun |memory_model::choice_ws-ext_1_2_3_17_F_389| () Bool false)
(define-fun |memory_model::choice_ws-ext_1_2_3_19_F_390| () Bool false)
(define-fun |memory_model::choice_ws-ext_1_7_2_2_F_391| () Bool false)
(define-fun |memory_model::choice_ws-ext_1_7_2_7_F_392| () Bool false)
(define-fun |memory_model::choice_ws-ext_1_7_2_12_F_393| () Bool false)
(define-fun |memory_model::choice_ws-ext_1_7_2_20_F_394| () Bool false)
(define-fun |memory_model::choice_ws-ext_1_7_3_17_F_395| () Bool false)
(define-fun |memory_model::choice_ws-ext_1_7_3_19_F_396| () Bool false)
(define-fun |memory_model::choice_ws-ext_1_12_2_2_F_397| () Bool false)
(define-fun |memory_model::choice_ws-ext_1_12_2_7_F_398| () Bool false)
(define-fun |memory_model::choice_ws-ext_1_12_2_12_F_399| () Bool false)
(define-fun |memory_model::choice_ws-ext_1_12_2_20_F_400| () Bool false)
(define-fun |memory_model::choice_ws-ext_1_12_3_17_F_401| () Bool false)
(define-fun |memory_model::choice_ws-ext_1_12_3_19_F_402| () Bool false)
(define-fun |memory_model::choice_ws-ext_1_20_2_2_F_403| () Bool false)
(define-fun |memory_model::choice_ws-ext_1_20_2_7_F_404| () Bool false)
(define-fun |memory_model::choice_ws-ext_1_20_2_12_F_405| () Bool false)
(define-fun |memory_model::choice_ws-ext_1_20_2_20_F_406| () Bool false)
(define-fun |memory_model::choice_ws-ext_1_20_3_17_F_407| () Bool false)
(define-fun |memory_model::choice_ws-ext_1_20_3_19_F_408| () Bool false)
(define-fun |memory_model::choice_ws-ext_2_2_3_17_F_409| () Bool false)
(define-fun |memory_model::choice_ws-ext_2_2_3_19_F_410| () Bool false)
(define-fun |memory_model::choice_ws-ext_2_7_3_17_F_411| () Bool false)
(define-fun |memory_model::choice_ws-ext_2_7_3_19_F_412| () Bool false)
(define-fun |memory_model::choice_ws-ext_2_12_3_17_F_413| () Bool false)
(define-fun |memory_model::choice_ws-ext_2_12_3_19_F_414| () Bool false)
(define-fun |memory_model::choice_ws-ext_2_20_3_17_F_415| () Bool false)
(define-fun |memory_model::choice_ws-ext_2_20_3_19_F_416| () Bool false)
(define-fun |memory_model::choice_ws-ext_0_10_1_4_F_417| () Bool true)
(define-fun |memory_model::choice_ws-ext_0_10_1_9_F_418| () Bool true)
(define-fun |memory_model::choice_ws-ext_0_10_1_14_F_419| () Bool true)
(define-fun |memory_model::choice_ws-ext_0_10_1_19_F_420| () Bool true)
(define-fun |memory_model::choice_ws-ext_0_10_2_4_F_421| () Bool true)
(define-fun |memory_model::choice_ws-ext_0_10_2_9_F_422| () Bool true)
(define-fun |memory_model::choice_ws-ext_0_10_2_14_F_423| () Bool true)
(define-fun |memory_model::choice_ws-ext_0_10_2_19_F_424| () Bool true)
(define-fun |memory_model::choice_ws-ext_0_10_3_14_F_425| () Bool true)
(define-fun |memory_model::choice_ws-ext_0_10_3_22_F_426| () Bool true)
(define-fun |memory_model::choice_ws-ext_1_4_2_4_F_427| () Bool false)
(define-fun |memory_model::choice_ws-ext_1_4_2_9_F_428| () Bool false)
(define-fun |memory_model::choice_ws-ext_1_4_2_14_F_429| () Bool false)
(define-fun |memory_model::choice_ws-ext_1_4_2_19_F_430| () Bool false)
(define-fun |memory_model::choice_ws-ext_1_4_3_14_F_431| () Bool false)
(define-fun |memory_model::choice_ws-ext_1_4_3_22_F_432| () Bool false)
(define-fun |memory_model::choice_ws-ext_1_9_2_4_F_433| () Bool false)
(define-fun |memory_model::choice_ws-ext_1_9_2_9_F_434| () Bool false)
(define-fun |memory_model::choice_ws-ext_1_9_2_14_F_435| () Bool false)
(define-fun |memory_model::choice_ws-ext_1_9_2_19_F_436| () Bool false)
(define-fun |memory_model::choice_ws-ext_1_9_3_14_F_437| () Bool false)
(define-fun |memory_model::choice_ws-ext_1_9_3_22_F_438| () Bool false)
(define-fun |memory_model::choice_ws-ext_1_14_2_4_F_439| () Bool false)
(define-fun |memory_model::choice_ws-ext_1_14_2_9_F_440| () Bool false)
(define-fun |memory_model::choice_ws-ext_1_14_2_14_F_441| () Bool false)
(define-fun |memory_model::choice_ws-ext_1_14_2_19_F_442| () Bool false)
(define-fun |memory_model::choice_ws-ext_1_14_3_14_F_443| () Bool false)
(define-fun |memory_model::choice_ws-ext_1_14_3_22_F_444| () Bool false)
(define-fun |memory_model::choice_ws-ext_1_19_2_4_F_445| () Bool false)
(define-fun |memory_model::choice_ws-ext_1_19_2_9_F_446| () Bool false)
(define-fun |memory_model::choice_ws-ext_1_19_2_14_F_447| () Bool false)
(define-fun |memory_model::choice_ws-ext_1_19_2_19_F_448| () Bool false)
(define-fun |memory_model::choice_ws-ext_1_19_3_14_F_449| () Bool false)
(define-fun |memory_model::choice_ws-ext_1_19_3_22_F_450| () Bool false)
(define-fun |memory_model::choice_ws-ext_2_4_3_14_F_451| () Bool false)
(define-fun |memory_model::choice_ws-ext_2_4_3_22_F_452| () Bool false)
(define-fun |memory_model::choice_ws-ext_2_9_3_14_F_453| () Bool false)
(define-fun |memory_model::choice_ws-ext_2_9_3_22_F_454| () Bool false)
(define-fun |memory_model::choice_ws-ext_2_14_3_14_F_455| () Bool false)
(define-fun |memory_model::choice_ws-ext_2_14_3_22_F_456| () Bool false)
(define-fun |memory_model::choice_ws-ext_2_19_3_14_F_457| () Bool false)
(define-fun |memory_model::choice_ws-ext_2_19_3_22_F_458| () Bool false)
(define-fun |memory_model::choice_ws-ext_0_13_1_15_F_459| () Bool true)
(define-fun |memory_model::choice_ws-ext_0_13_1_16_F_460| () Bool true)
(define-fun |memory_model::choice_ws-ext_0_14_2_15_F_461| () Bool true)
(define-fun |memory_model::choice_ws-ext_0_14_2_16_F_462| () Bool true)
(define-fun |memory_model::choice_ws-ext_0_12_3_11_F_463| () Bool true)
(define-fun |memory_model::choice_ws-ext_0_12_3_27_F_464| () Bool true)
(define-fun |memory_model::choice_ws-ext_0_18_3_11_F_465| () Bool true)
(define-fun |memory_model::choice_ws-ext_0_18_3_27_F_466| () Bool true)
(define-fun |memory_model::choice_ws-ext_0_44_3_11_F_467| () Bool false)
(define-fun |memory_model::choice_ws-ext_0_44_3_27_F_468| () Bool false)
(define-fun t1$21$spwnclk$8 () (_ BitVec 7) #b0010111)
(define-fun t1$25$spwnclk$8 () (_ BitVec 7) #b0011010)
(define-fun t1$29$spwnclk$8 () (_ BitVec 7) #b0100001)
(define-fun |__CPROVER_dead_object#1$wclk$8| () (_ BitVec 7) #b0000000)
(define-fun |__CPROVER_deallocated#1$wclk$8| () (_ BitVec 7) #b0000001)
(define-fun |__CPROVER_malloc_is_new_array#1$wclk$8| () (_ BitVec 7) #b0000010)
(define-fun |__CPROVER_malloc_object#1$wclk$8| () (_ BitVec 7) #b0000011)
(define-fun |__CPROVER_malloc_size#1$wclk$8| () (_ BitVec 7) #b0000100)
(define-fun |__CPROVER_memory_leak#1$wclk$8| () (_ BitVec 7) #b0000101)
(define-fun |__CPROVER_next_thread_id#1$wclk$8| () (_ BitVec 7) #b0000110)
(define-fun |__CPROVER_pipe_count#1$wclk$8| () (_ BitVec 7) #b0000111)
(define-fun |main::1::t1!0@1#1$wclk$8| () (_ BitVec 7) #b0001111)
(define-fun |main::1::t2!0@1#1$wclk$8| () (_ BitVec 7) #b0010001)
(define-fun |main::1::t3!0@1#1$wclk$8| () (_ BitVec 7) #b0010010)
(define-fun |__CPROVER_next_thread_id#2$wclk$8| () (_ BitVec 7) #b0010101)
(define-fun |main::1::t1!0@1#2$wclk$8| () (_ BitVec 7) #b0010110)
(define-fun |__CPROVER_next_thread_id#3$rclk$8| () (_ BitVec 7) #b0011000)
(define-fun |__CPROVER_next_thread_id#5$wclk$8| () (_ BitVec 7) #b0011000)
(define-fun |main::1::t2!0@1#2$wclk$8| () (_ BitVec 7) #b0011001)
(define-fun |__CPROVER_next_thread_id#6$rclk$8| () (_ BitVec 7) #b0011011)
(define-fun |__CPROVER_next_thread_id#8$wclk$8| () (_ BitVec 7) #b0011011)
(define-fun |main::1::t3!0@1#2$wclk$8| () (_ BitVec 7) #b0011100)
(define-fun |main::1::t1!0@1#3$rclk$8| () (_ BitVec 7) #b0100100)
(define-fun |main::1::t1!0@1#4$rclk$8| () (_ BitVec 7) #b0110110)
(define-fun |__CPROVER_next_thread_id#9$rclk$8| () (_ BitVec 7) #b0111111)
(define-fun |main::1::t2!0@1#3$rclk$8| () (_ BitVec 7) #b1011101)
(define-fun |main::1::t2!0@1#4$rclk$8| () (_ BitVec 7) #b1011110)
(define-fun |__CPROVER_next_thread_id#10$rclk$8| () (_ BitVec 7) #b1011111)
(define-fun |main::1::t3!0@1#3$rclk$8| () (_ BitVec 7) #b1111001)
(define-fun |main::1::t3!0@1#4$rclk$8| () (_ BitVec 7) #b1111010)
(define-fun |__CPROVER_next_thread_id#11$rclk$8| () (_ BitVec 7) #b1111011)
)

real	0m1.146s
user	0m1.134s
sys	0m0.010s
State: AC Run_time: 1.1480472087860107