num of guard = 22
num of elim = 56
num of guard = 22
num of elim = 52
unsat
(error "line 5673 column 17: model is not available")
(error "line 5674 column 17: model is not available")
(error "line 5675 column 18: model is not available")
(error "line 5676 column 19: model is not available")
(error "line 5677 column 19: model is not available")
(error "line 5678 column 19: model is not available")
(error "line 5679 column 19: model is not available")
(error "line 5680 column 19: model is not available")
(error "line 5681 column 19: model is not available")
(error "line 5682 column 19: model is not available")
(error "line 5683 column 19: model is not available")
(error "line 5684 column 19: model is not available")
(error "line 5685 column 19: model is not available")
(error "line 5686 column 18: model is not available")
(error "line 5687 column 19: model is not available")
(error "line 5688 column 19: model is not available")
(error "line 5689 column 19: model is not available")
(error "line 5690 column 19: model is not available")
(error "line 5691 column 19: model is not available")
(error "line 5692 column 19: model is not available")
(error "line 5693 column 19: model is not available")
(error "line 5694 column 19: model is not available")
(error "line 5695 column 19: model is not available")
(error "line 5696 column 19: model is not available")
(error "line 5697 column 18: model is not available")
(error "line 5698 column 19: model is not available")
(error "line 5699 column 19: model is not available")
(error "line 5700 column 19: model is not available")
(error "line 5701 column 19: model is not available")
(error "line 5702 column 19: model is not available")
(error "line 5703 column 19: model is not available")
(error "line 5704 column 19: model is not available")
(error "line 5705 column 19: model is not available")
(error "line 5706 column 19: model is not available")
(error "line 5707 column 19: model is not available")
(error "line 5708 column 18: model is not available")
(error "line 5709 column 19: model is not available")
(error "line 5710 column 19: model is not available")
(error "line 5711 column 19: model is not available")
(error "line 5712 column 19: model is not available")
(error "line 5713 column 19: model is not available")
(error "line 5714 column 19: model is not available")
(error "line 5715 column 19: model is not available")
(error "line 5716 column 19: model is not available")
(error "line 5717 column 19: model is not available")
(error "line 5718 column 19: model is not available")
(error "line 5719 column 18: model is not available")
(error "line 5720 column 19: model is not available")
(error "line 5721 column 19: model is not available")
(error "line 5722 column 19: model is not available")
(error "line 5723 column 19: model is not available")
(error "line 5724 column 19: model is not available")
(error "line 5725 column 19: model is not available")
(error "line 5726 column 19: model is not available")
(error "line 5727 column 19: model is not available")
(error "line 5728 column 19: model is not available")
(error "line 5729 column 19: model is not available")
(error "line 5730 column 18: model is not available")
(error "line 5731 column 19: model is not available")
(error "line 5732 column 19: model is not available")
(error "line 5733 column 19: model is not available")
(error "line 5734 column 19: model is not available")
(error "line 5735 column 19: model is not available")
(error "line 5736 column 19: model is not available")
(error "line 5737 column 19: model is not available")
(error "line 5738 column 19: model is not available")
(error "line 5739 column 19: model is not available")
(error "line 5740 column 19: model is not available")
(error "line 5741 column 18: model is not available")
(error "line 5742 column 19: model is not available")
(error "line 5743 column 19: model is not available")
(error "line 5744 column 19: model is not available")
(error "line 5745 column 19: model is not available")
(error "line 5746 column 19: model is not available")
(error "line 5747 column 19: model is not available")
(error "line 5748 column 19: model is not available")
(error "line 5749 column 19: model is not available")
(error "line 5750 column 19: model is not available")
(error "line 5751 column 19: model is not available")
(error "line 5752 column 18: model is not available")
(error "line 5753 column 19: model is not available")
(error "line 5754 column 19: model is not available")
(error "line 5755 column 19: model is not available")
(error "line 5756 column 19: model is not available")
(error "line 5757 column 19: model is not available")
(error "line 5758 column 19: model is not available")
(error "line 5759 column 19: model is not available")
(error "line 5760 column 19: model is not available")
(error "line 5761 column 19: model is not available")
(error "line 5762 column 19: model is not available")
(error "line 5763 column 18: model is not available")
(error "line 5764 column 19: model is not available")
(error "line 5765 column 19: model is not available")
(error "line 5766 column 19: model is not available")
(error "line 5767 column 19: model is not available")
(error "line 5768 column 19: model is not available")
(error "line 5769 column 19: model is not available")
(error "line 5770 column 19: model is not available")
(error "line 5771 column 19: model is not available")
(error "line 5772 column 19: model is not available")
(error "line 5773 column 19: model is not available")
(error "line 5774 column 18: model is not available")
(error "line 5775 column 19: model is not available")
(error "line 5776 column 19: model is not available")
(error "line 5777 column 19: model is not available")
(error "line 5778 column 19: model is not available")
(error "line 5779 column 19: model is not available")
(error "line 5780 column 19: model is not available")
(error "line 5781 column 19: model is not available")
(error "line 5782 column 19: model is not available")
(error "line 5783 column 19: model is not available")
(error "line 5784 column 19: model is not available")
(error "line 5785 column 17: model is not available")
(error "line 5786 column 18: model is not available")
(error "line 5787 column 19: model is not available")
(error "line 5788 column 19: model is not available")
(error "line 5789 column 19: model is not available")
(error "line 5790 column 19: model is not available")
(error "line 5791 column 19: model is not available")
(error "line 5792 column 19: model is not available")
(error "line 5793 column 19: model is not available")
(error "line 5794 column 19: model is not available")
(error "line 5795 column 19: model is not available")
(error "line 5796 column 19: model is not available")
(error "line 5797 column 18: model is not available")
(error "line 5798 column 19: model is not available")
(error "line 5799 column 19: model is not available")
(error "line 5800 column 19: model is not available")
(error "line 5801 column 19: model is not available")
(error "line 5802 column 19: model is not available")
(error "line 5803 column 19: model is not available")
(error "line 5804 column 19: model is not available")
(error "line 5805 column 19: model is not available")
(error "line 5806 column 19: model is not available")
(error "line 5807 column 19: model is not available")
(error "line 5808 column 18: model is not available")
(error "line 5809 column 19: model is not available")
(error "line 5810 column 19: model is not available")
(error "line 5811 column 19: model is not available")
(error "line 5812 column 19: model is not available")
(error "line 5813 column 19: model is not available")
(error "line 5814 column 19: model is not available")
(error "line 5815 column 19: model is not available")
(error "line 5816 column 19: model is not available")
(error "line 5817 column 19: model is not available")
(error "line 5818 column 19: model is not available")
(error "line 5819 column 18: model is not available")
(error "line 5820 column 19: model is not available")
(error "line 5821 column 19: model is not available")
(error "line 5822 column 19: model is not available")
(error "line 5823 column 19: model is not available")
(error "line 5824 column 19: model is not available")
(error "line 5825 column 19: model is not available")
(error "line 5826 column 19: model is not available")
(error "line 5827 column 19: model is not available")
(error "line 5828 column 19: model is not available")
(error "line 5829 column 19: model is not available")
(error "line 5830 column 18: model is not available")
(error "line 5831 column 19: model is not available")
(error "line 5832 column 19: model is not available")
(error "line 5833 column 19: model is not available")
(error "line 5834 column 19: model is not available")
(error "line 5835 column 19: model is not available")
(error "line 5836 column 19: model is not available")
(error "line 5837 column 19: model is not available")
(error "line 5838 column 19: model is not available")
(error "line 5839 column 19: model is not available")
(error "line 5840 column 19: model is not available")
(error "line 5841 column 18: model is not available")
(error "line 5842 column 19: model is not available")
(error "line 5843 column 19: model is not available")
(error "line 5844 column 19: model is not available")
(error "line 5845 column 19: model is not available")
(error "line 5846 column 19: model is not available")
(error "line 5847 column 19: model is not available")
(error "line 5848 column 19: model is not available")
(error "line 5849 column 19: model is not available")
(error "line 5850 column 19: model is not available")
(error "line 5851 column 19: model is not available")
(error "line 5852 column 18: model is not available")
(error "line 5853 column 19: model is not available")
(error "line 5854 column 19: model is not available")
(error "line 5855 column 19: model is not available")
(error "line 5856 column 19: model is not available")
(error "line 5857 column 19: model is not available")
(error "line 5858 column 19: model is not available")
(error "line 5859 column 19: model is not available")
(error "line 5860 column 19: model is not available")
(error "line 5861 column 19: model is not available")
(error "line 5862 column 19: model is not available")
(error "line 5863 column 18: model is not available")
(error "line 5864 column 19: model is not available")
(error "line 5865 column 19: model is not available")
(error "line 5866 column 19: model is not available")
(error "line 5867 column 19: model is not available")
(error "line 5868 column 19: model is not available")
(error "line 5869 column 19: model is not available")
(error "line 5870 column 19: model is not available")
(error "line 5871 column 19: model is not available")
(error "line 5872 column 19: model is not available")
(error "line 5873 column 19: model is not available")
(error "line 5874 column 18: model is not available")
(error "line 5875 column 19: model is not available")
(error "line 5876 column 19: model is not available")
(error "line 5877 column 19: model is not available")
(error "line 5878 column 19: model is not available")
(error "line 5879 column 19: model is not available")
(error "line 5880 column 19: model is not available")
(error "line 5881 column 19: model is not available")
(error "line 5882 column 19: model is not available")
(error "line 5883 column 19: model is not available")
(error "line 5884 column 19: model is not available")
(error "line 5885 column 18: model is not available")
(error "line 5886 column 19: model is not available")
(error "line 5887 column 19: model is not available")
(error "line 5888 column 19: model is not available")
(error "line 5889 column 19: model is not available")
(error "line 5890 column 19: model is not available")
(error "line 5891 column 19: model is not available")
(error "line 5892 column 19: model is not available")
(error "line 5893 column 19: model is not available")
(error "line 5894 column 19: model is not available")
(error "line 5895 column 19: model is not available")
(error "line 5896 column 17: model is not available")
(error "line 5897 column 18: model is not available")
(error "line 5898 column 19: model is not available")
(error "line 5899 column 19: model is not available")
(error "line 5900 column 19: model is not available")
(error "line 5901 column 19: model is not available")
(error "line 5902 column 19: model is not available")
(error "line 5903 column 19: model is not available")
(error "line 5904 column 19: model is not available")
(error "line 5905 column 19: model is not available")
(error "line 5906 column 19: model is not available")
(error "line 5907 column 19: model is not available")
(error "line 5908 column 18: model is not available")
(error "line 5909 column 19: model is not available")
(error "line 5910 column 19: model is not available")
(error "line 5911 column 19: model is not available")
(error "line 5912 column 19: model is not available")
(error "line 5913 column 19: model is not available")
(error "line 5914 column 19: model is not available")
(error "line 5915 column 19: model is not available")
(error "line 5916 column 19: model is not available")
(error "line 5917 column 19: model is not available")
(error "line 5918 column 19: model is not available")
(error "line 5919 column 18: model is not available")
(error "line 5920 column 19: model is not available")
(error "line 5921 column 19: model is not available")
(error "line 5922 column 19: model is not available")
(error "line 5923 column 19: model is not available")
(error "line 5924 column 19: model is not available")
(error "line 5925 column 19: model is not available")
(error "line 5926 column 19: model is not available")
(error "line 5927 column 19: model is not available")
(error "line 5928 column 19: model is not available")
(error "line 5929 column 19: model is not available")
(error "line 5930 column 18: model is not available")
(error "line 5931 column 19: model is not available")
(error "line 5932 column 19: model is not available")
(error "line 5933 column 19: model is not available")
(error "line 5934 column 19: model is not available")
(error "line 5935 column 19: model is not available")
(error "line 5936 column 19: model is not available")
(error "line 5937 column 19: model is not available")
(error "line 5938 column 19: model is not available")
(error "line 5939 column 19: model is not available")
(error "line 5940 column 19: model is not available")
(error "line 5941 column 18: model is not available")
(error "line 5942 column 19: model is not available")
(error "line 5943 column 19: model is not available")
(error "line 5944 column 19: model is not available")
(error "line 5945 column 19: model is not available")
(error "line 5946 column 19: model is not available")
(error "line 5947 column 19: model is not available")
(error "line 5948 column 19: model is not available")
(error "line 5949 column 19: model is not available")
(error "line 5950 column 19: model is not available")
(error "line 5951 column 19: model is not available")
(error "line 5952 column 18: model is not available")
(error "line 5953 column 19: model is not available")
(error "line 5954 column 19: model is not available")
(error "line 5955 column 19: model is not available")
(error "line 5956 column 19: model is not available")
(error "line 5957 column 19: model is not available")
(error "line 5958 column 19: model is not available")
(error "line 5959 column 18: model is not available")
(error "line 5960 column 18: model is not available")
(error "line 5961 column 18: model is not available")
(error "line 5962 column 18: model is not available")
(error "line 5963 column 17: model is not available")
(error "line 5964 column 18: model is not available")
(error "line 5965 column 18: model is not available")
(error "line 5966 column 18: model is not available")
(error "line 5967 column 18: model is not available")
(error "line 5968 column 18: model is not available")
(error "line 5969 column 18: model is not available")
(error "line 5970 column 18: model is not available")
(error "line 5971 column 18: model is not available")
(error "line 5972 column 18: model is not available")
(error "line 5973 column 18: model is not available")
(error "line 5974 column 17: model is not available")
(error "line 5975 column 18: model is not available")
(error "line 5976 column 18: model is not available")
(error "line 5977 column 18: model is not available")
(error "line 5978 column 18: model is not available")
(error "line 5979 column 18: model is not available")
(error "line 5980 column 18: model is not available")
(error "line 5981 column 18: model is not available")
(error "line 5982 column 18: model is not available")
(error "line 5983 column 18: model is not available")
(error "line 5984 column 18: model is not available")
(error "line 5985 column 17: model is not available")
(error "line 5986 column 18: model is not available")
(error "line 5987 column 18: model is not available")
(error "line 5988 column 18: model is not available")
(error "line 5989 column 18: model is not available")
(error "line 5990 column 18: model is not available")
(error "line 5991 column 18: model is not available")
(error "line 5992 column 18: model is not available")
(error "line 5993 column 18: model is not available")
(error "line 5994 column 18: model is not available")
(error "line 5995 column 18: model is not available")
(error "line 5996 column 17: model is not available")
(error "line 5997 column 18: model is not available")
(error "line 5998 column 18: model is not available")
(error "line 5999 column 18: model is not available")
(error "line 6000 column 18: model is not available")
(error "line 6001 column 18: model is not available")
(error "line 6002 column 18: model is not available")
(error "line 6003 column 18: model is not available")
(error "line 6004 column 18: model is not available")
(error "line 6005 column 18: model is not available")
(error "line 6006 column 18: model is not available")
(error "line 6007 column 17: model is not available")
(error "line 6008 column 18: model is not available")
(error "line 6009 column 18: model is not available")
(error "line 6010 column 18: model is not available")
(error "line 6011 column 18: model is not available")
(error "line 6012 column 18: model is not available")
(error "line 6013 column 18: model is not available")
(error "line 6014 column 18: model is not available")
(error "line 6015 column 18: model is not available")
(error "line 6016 column 18: model is not available")
(error "line 6017 column 18: model is not available")
(error "line 6018 column 17: model is not available")
(error "line 6019 column 18: model is not available")
(error "line 6020 column 18: model is not available")
(error "line 6021 column 18: model is not available")
(error "line 6022 column 18: model is not available")
(error "line 6023 column 18: model is not available")
(error "line 6024 column 18: model is not available")
(error "line 6025 column 18: model is not available")
(error "line 6026 column 18: model is not available")
(error "line 6027 column 18: model is not available")
(error "line 6028 column 18: model is not available")
(error "line 6029 column 38: model is not available")
(error "line 6030 column 45: model is not available")
(error "line 6031 column 38: model is not available")
(error "line 6032 column 45: model is not available")
(error "line 6033 column 39: model is not available")
(error "line 6034 column 46: model is not available")
(error "line 6035 column 39: model is not available")
(error "line 6036 column 46: model is not available")
(error "line 6037 column 39: model is not available")
(error "line 6038 column 46: model is not available")
(error "line 6039 column 39: model is not available")
(error "line 6040 column 46: model is not available")
(error "line 6041 column 39: model is not available")
(error "line 6042 column 46: model is not available")
(error "line 6043 column 39: model is not available")
(error "line 6044 column 46: model is not available")
(error "line 6045 column 39: model is not available")
(error "line 6046 column 46: model is not available")
(error "line 6047 column 39: model is not available")
(error "line 6048 column 46: model is not available")
(error "line 6049 column 39: model is not available")
(error "line 6050 column 46: model is not available")
(error "line 6051 column 38: model is not available")
(error "line 6052 column 45: model is not available")
(error "line 6053 column 38: model is not available")
(error "line 6054 column 45: model is not available")
(error "line 6055 column 38: model is not available")
(error "line 6056 column 45: model is not available")
(error "line 6057 column 38: model is not available")
(error "line 6058 column 45: model is not available")
(error "line 6059 column 38: model is not available")
(error "line 6060 column 45: model is not available")
(error "line 6061 column 38: model is not available")
(error "line 6062 column 45: model is not available")
(error "line 6063 column 38: model is not available")
(error "line 6064 column 45: model is not available")
(error "line 6065 column 38: model is not available")
(error "line 6066 column 45: model is not available")
(error "line 6067 column 46: model is not available")
(error "line 6068 column 53: model is not available")
(error "line 6069 column 47: model is not available")
(error "line 6070 column 54: model is not available")
(error "line 6071 column 47: model is not available")
(error "line 6072 column 54: model is not available")
(error "line 6073 column 47: model is not available")
(error "line 6074 column 54: model is not available")
(error "line 6075 column 47: model is not available")
(error "line 6076 column 54: model is not available")
(error "line 6077 column 47: model is not available")
(error "line 6078 column 54: model is not available")
(error "line 6079 column 47: model is not available")
(error "line 6080 column 54: model is not available")
(error "line 6081 column 47: model is not available")
(error "line 6082 column 54: model is not available")
(error "line 6083 column 47: model is not available")
(error "line 6084 column 54: model is not available")
(error "line 6085 column 47: model is not available")
(error "line 6086 column 54: model is not available")
(error "line 6087 column 46: model is not available")
(error "line 6088 column 53: model is not available")
(error "line 6089 column 46: model is not available")
(error "line 6090 column 53: model is not available")
(error "line 6091 column 46: model is not available")
(error "line 6092 column 53: model is not available")
(error "line 6093 column 46: model is not available")
(error "line 6094 column 53: model is not available")
(error "line 6095 column 46: model is not available")
(error "line 6096 column 53: model is not available")
(error "line 6097 column 46: model is not available")
(error "line 6098 column 53: model is not available")
(error "line 6099 column 46: model is not available")
(error "line 6100 column 53: model is not available")
(error "line 6101 column 46: model is not available")
(error "line 6102 column 53: model is not available")
(error "line 6103 column 40: model is not available")
(error "line 6104 column 47: model is not available")
(error "line 6105 column 41: model is not available")
(error "line 6106 column 48: model is not available")
(error "line 6107 column 41: model is not available")
(error "line 6108 column 48: model is not available")
(error "line 6109 column 41: model is not available")
(error "line 6110 column 48: model is not available")
(error "line 6111 column 41: model is not available")
(error "line 6112 column 48: model is not available")
(error "line 6113 column 41: model is not available")
(error "line 6114 column 48: model is not available")
(error "line 6115 column 41: model is not available")
(error "line 6116 column 48: model is not available")
(error "line 6117 column 41: model is not available")
(error "line 6118 column 48: model is not available")
(error "line 6119 column 41: model is not available")
(error "line 6120 column 48: model is not available")
(error "line 6121 column 41: model is not available")
(error "line 6122 column 48: model is not available")
(error "line 6123 column 40: model is not available")
(error "line 6124 column 47: model is not available")
(error "line 6125 column 40: model is not available")
(error "line 6126 column 47: model is not available")
(error "line 6127 column 40: model is not available")
(error "line 6128 column 47: model is not available")
(error "line 6129 column 40: model is not available")
(error "line 6130 column 47: model is not available")
(error "line 6131 column 40: model is not available")
(error "line 6132 column 47: model is not available")
(error "line 6133 column 40: model is not available")
(error "line 6134 column 47: model is not available")
(error "line 6135 column 40: model is not available")
(error "line 6136 column 47: model is not available")
(error "line 6137 column 40: model is not available")
(error "line 6138 column 47: model is not available")
(error "line 6139 column 38: model is not available")
(error "line 6140 column 45: model is not available")
(error "line 6141 column 39: model is not available")
(error "line 6142 column 46: model is not available")
(error "line 6143 column 39: model is not available")
(error "line 6144 column 46: model is not available")
(error "line 6145 column 39: model is not available")
(error "line 6146 column 46: model is not available")
(error "line 6147 column 39: model is not available")
(error "line 6148 column 46: model is not available")
(error "line 6149 column 39: model is not available")
(error "line 6150 column 46: model is not available")
(error "line 6151 column 39: model is not available")
(error "line 6152 column 46: model is not available")
(error "line 6153 column 39: model is not available")
(error "line 6154 column 46: model is not available")
(error "line 6155 column 39: model is not available")
(error "line 6156 column 46: model is not available")
(error "line 6157 column 39: model is not available")
(error "line 6158 column 46: model is not available")
(error "line 6159 column 38: model is not available")
(error "line 6160 column 45: model is not available")
(error "line 6161 column 38: model is not available")
(error "line 6162 column 45: model is not available")
(error "line 6163 column 38: model is not available")
(error "line 6164 column 45: model is not available")
(error "line 6165 column 38: model is not available")
(error "line 6166 column 45: model is not available")
(error "line 6167 column 38: model is not available")
(error "line 6168 column 45: model is not available")
(error "line 6169 column 38: model is not available")
(error "line 6170 column 45: model is not available")
(error "line 6171 column 38: model is not available")
(error "line 6172 column 45: model is not available")
(error "line 6173 column 38: model is not available")
(error "line 6174 column 45: model is not available")
(error "line 6175 column 38: model is not available")
(error "line 6176 column 45: model is not available")
(error "line 6177 column 39: model is not available")
(error "line 6178 column 46: model is not available")
(error "line 6179 column 39: model is not available")
(error "line 6180 column 46: model is not available")
(error "line 6181 column 39: model is not available")
(error "line 6182 column 46: model is not available")
(error "line 6183 column 39: model is not available")
(error "line 6184 column 46: model is not available")
(error "line 6185 column 39: model is not available")
(error "line 6186 column 46: model is not available")
(error "line 6187 column 39: model is not available")
(error "line 6188 column 46: model is not available")
(error "line 6189 column 39: model is not available")
(error "line 6190 column 46: model is not available")
(error "line 6191 column 39: model is not available")
(error "line 6192 column 46: model is not available")
(error "line 6193 column 39: model is not available")
(error "line 6194 column 46: model is not available")
(error "line 6195 column 38: model is not available")
(error "line 6196 column 45: model is not available")
(error "line 6197 column 38: model is not available")
(error "line 6198 column 45: model is not available")
(error "line 6199 column 38: model is not available")
(error "line 6200 column 45: model is not available")
(error "line 6201 column 38: model is not available")
(error "line 6202 column 45: model is not available")
(error "line 6203 column 38: model is not available")
(error "line 6204 column 45: model is not available")
(error "line 6205 column 38: model is not available")
(error "line 6206 column 45: model is not available")
(error "line 6207 column 38: model is not available")
(error "line 6208 column 45: model is not available")
(error "line 6209 column 38: model is not available")
(error "line 6210 column 45: model is not available")
(error "line 6211 column 41: model is not available")
(error "line 6212 column 48: model is not available")
(error "line 6213 column 41: model is not available")
(error "line 6214 column 48: model is not available")
(error "line 6215 column 41: model is not available")
(error "line 6216 column 48: model is not available")
(error "line 6217 column 41: model is not available")
(error "line 6218 column 41: model is not available")
(error "line 6219 column 48: model is not available")
(error "line 6220 column 41: model is not available")
(error "line 6221 column 48: model is not available")
(error "line 6222 column 41: model is not available")
(error "line 6223 column 48: model is not available")
(error "line 6224 column 37: model is not available")
(error "line 6225 column 44: model is not available")
(error "line 6226 column 42: model is not available")
(error "line 6227 column 42: model is not available")
(error "line 6228 column 42: model is not available")
(error "line 6229 column 38: model is not available")
(error "line 6230 column 38: model is not available")
(error "line 6231 column 38: model is not available")
(error "line 6232 column 38: model is not available")
(error "line 6233 column 38: model is not available")
(error "line 6234 column 41: model is not available")
(error "line 6235 column 48: model is not available")
(error "line 6236 column 41: model is not available")
(error "line 6237 column 48: model is not available")
(error "line 6238 column 41: model is not available")
(error "line 6239 column 48: model is not available")
(error "line 6240 column 41: model is not available")
(error "line 6241 column 48: model is not available")
(error "line 6242 column 41: model is not available")
(error "line 6243 column 48: model is not available")
(error "line 6244 column 41: model is not available")
(error "line 6245 column 48: model is not available")
(error "line 6246 column 41: model is not available")
(error "line 6247 column 48: model is not available")
(error "line 6248 column 44: model is not available")
(error "line 6249 column 44: model is not available")
(error "line 6250 column 54: model is not available")
(error "line 6251 column 54: model is not available")
(error "line 6252 column 54: model is not available")
(error "line 6253 column 54: model is not available")
(error "line 6254 column 53: model is not available")
(error "line 6255 column 53: model is not available")
(error "line 6256 column 54: model is not available")
(error "line 6257 column 54: model is not available")
(error "line 6258 column 55: model is not available")
(error "line 6259 column 55: model is not available")
(error "line 6260 column 54: model is not available")
(error "line 6261 column 54: model is not available")
(error "line 6262 column 55: model is not available")
(error "line 6263 column 55: model is not available")
(error "line 6264 column 42: model is not available")
(error "line 6265 column 42: model is not available")
(error "line 6266 column 50: model is not available")
(error "line 6267 column 50: model is not available")
(error "line 6268 column 42: model is not available")
(error "line 6269 column 43: model is not available")
(error "line 6270 column 43: model is not available")
(error "line 6271 column 43: model is not available")
(error "line 6272 column 43: model is not available")
(error "line 6273 column 43: model is not available")
(error "line 6274 column 43: model is not available")
(error "line 6275 column 43: model is not available")
(error "line 6276 column 43: model is not available")
(error "line 6277 column 43: model is not available")
(error "line 6278 column 43: model is not available")
(error "line 6279 column 42: model is not available")
(error "line 6280 column 42: model is not available")
(error "line 6281 column 42: model is not available")
(error "line 6282 column 42: model is not available")
(error "line 6283 column 42: model is not available")
(error "line 6284 column 42: model is not available")
(error "line 6285 column 42: model is not available")
(error "line 6286 column 42: model is not available")
(error "line 6287 column 42: model is not available")
(error "line 6288 column 75: model is not available")
(error "line 6289 column 75: model is not available")
(error "line 6290 column 75: model is not available")
(error "line 6291 column 75: model is not available")
(error "line 6292 column 75: model is not available")
(error "line 6293 column 75: model is not available")
(error "line 6294 column 75: model is not available")
(error "line 6295 column 75: model is not available")
(error "line 6296 column 37: model is not available")
(error "line 6297 column 37: model is not available")
(error "line 6298 column 37: model is not available")
(error "line 6299 column 37: model is not available")
(error "line 6300 column 37: model is not available")
(error "line 6301 column 37: model is not available")
(error "line 6302 column 37: model is not available")
(error "line 6303 column 37: model is not available")
(error "line 6304 column 50: model is not available")
(error "line 6305 column 50: model is not available")
(error "line 6306 column 28: model is not available")
(error "line 6307 column 35: model is not available")
(error "line 6308 column 28: model is not available")
(error "line 6309 column 35: model is not available")
(error "line 6310 column 41: model is not available")
(error "line 6311 column 41: model is not available")
(error "line 6312 column 41: model is not available")
(error "line 6313 column 74: model is not available")
(error "line 6314 column 74: model is not available")
(error "line 6315 column 36: model is not available")
(error "line 6316 column 36: model is not available")
(error "line 6317 column 36: model is not available")
(error "line 6318 column 49: model is not available")
(error "line 6319 column 49: model is not available")
(error "line 6320 column 50: model is not available")
(error "line 6321 column 50: model is not available")
(error "line 6322 column 46: model is not available")
(error "line 6323 column 46: model is not available")
(error "line 6324 column 44: model is not available")
(error "line 6325 column 44: model is not available")
(error "line 6326 column 47: model is not available")
(error "line 6327 column 47: model is not available")
(error "line 6328 column 51: model is not available")
(error "line 6329 column 51: model is not available")
(error "line 6330 column 52: model is not available")
(error "line 6331 column 52: model is not available")
(error "line 6332 column 35: model is not available")
(error "line 6333 column 42: model is not available")
(error "line 6334 column 47: model is not available")
(error "line 6335 column 47: model is not available")
(error "line 6336 column 46: model is not available")
(error "line 6337 column 46: model is not available")
(error "line 6338 column 38: model is not available")
(error "line 6339 column 39: model is not available")
(error "line 6340 column 39: model is not available")
(error "line 6341 column 39: model is not available")
(error "line 6342 column 39: model is not available")
(error "line 6343 column 39: model is not available")
(error "line 6344 column 39: model is not available")
(error "line 6345 column 39: model is not available")
(error "line 6346 column 39: model is not available")
(error "line 6347 column 39: model is not available")
(error "line 6348 column 39: model is not available")
(error "line 6349 column 38: model is not available")
(error "line 6350 column 39: model is not available")
(error "line 6351 column 39: model is not available")
(error "line 6352 column 39: model is not available")
(error "line 6353 column 38: model is not available")
(error "line 6354 column 38: model is not available")
(error "line 6355 column 38: model is not available")
(error "line 6356 column 38: model is not available")
(error "line 6357 column 38: model is not available")
(error "line 6358 column 38: model is not available")
(error "line 6359 column 38: model is not available")
(error "line 6360 column 49: model is not available")
(error "line 6361 column 49: model is not available")
(error "line 6362 column 49: model is not available")
(error "line 6363 column 49: model is not available")
(error "line 6364 column 24: model is not available")
(error "line 6365 column 31: model is not available")
(error "line 6366 column 43: model is not available")
(error "line 6367 column 43: model is not available")
(error "line 6368 column 47: model is not available")
(error "line 6369 column 47: model is not available")
(error "line 6370 column 36: model is not available")
(error "line 6371 column 36: model is not available")
(error "line 6372 column 36: model is not available")
(error "line 6373 column 54: model is not available")
(error "line 6374 column 54: model is not available")
(error "line 6375 column 55: model is not available")
(error "line 6376 column 55: model is not available")
(error "line 6377 column 55: model is not available")
(error "line 6378 column 55: model is not available")
(error "line 6379 column 55: model is not available")
(error "line 6380 column 55: model is not available")
(error "line 6381 column 55: model is not available")
(error "line 6382 column 55: model is not available")
(error "line 6383 column 55: model is not available")
(error "line 6384 column 55: model is not available")
(error "line 6385 column 55: model is not available")
(error "line 6386 column 55: model is not available")
(error "line 6387 column 55: model is not available")
(error "line 6388 column 55: model is not available")
(error "line 6389 column 55: model is not available")
(error "line 6390 column 55: model is not available")
(error "line 6391 column 54: model is not available")
(error "line 6392 column 54: model is not available")
(error "line 6393 column 54: model is not available")
(error "line 6394 column 54: model is not available")
(error "line 6395 column 54: model is not available")
(error "line 6396 column 54: model is not available")
(error "line 6397 column 54: model is not available")
(error "line 6398 column 54: model is not available")
(error "line 6399 column 54: model is not available")
(error "line 6400 column 54: model is not available")
(error "line 6401 column 54: model is not available")
(error "line 6402 column 54: model is not available")
(error "line 6403 column 54: model is not available")
(error "line 6404 column 54: model is not available")
(error "line 6405 column 54: model is not available")
(error "line 6406 column 54: model is not available")
(error "line 6407 column 48: model is not available")
(error "line 6408 column 48: model is not available")
(error "line 6409 column 50: model is not available")
(error "line 6410 column 52: model is not available")
(error "line 6411 column 59: model is not available")
(error "line 6412 column 52: model is not available")
(error "line 6413 column 59: model is not available")
(error "line 6414 column 52: model is not available")
(error "line 6415 column 59: model is not available")
(error "line 6416 column 52: model is not available")
(error "line 6417 column 59: model is not available")
(error "line 6418 column 48: model is not available")
(error "line 6419 column 50: model is not available")
(error "line 6420 column 57: model is not available")
(error "line 6421 column 50: model is not available")
(error "line 6422 column 57: model is not available")
(error "line 6423 column 50: model is not available")
(error "line 6424 column 57: model is not available")
(error "line 6425 column 50: model is not available")
(error "line 6426 column 57: model is not available")
(error "line 6427 column 38: model is not available")
(error "line 6428 column 39: model is not available")
(error "line 6429 column 39: model is not available")
(error "line 6430 column 39: model is not available")
(error "line 6431 column 39: model is not available")
(error "line 6432 column 39: model is not available")
(error "line 6433 column 39: model is not available")
(error "line 6434 column 39: model is not available")
(error "line 6435 column 39: model is not available")
(error "line 6436 column 39: model is not available")
(error "line 6437 column 39: model is not available")
(error "line 6438 column 38: model is not available")
(error "line 6439 column 39: model is not available")
(error "line 6440 column 39: model is not available")
(error "line 6441 column 38: model is not available")
(error "line 6442 column 38: model is not available")
(error "line 6443 column 38: model is not available")
(error "line 6444 column 38: model is not available")
(error "line 6445 column 38: model is not available")
(error "line 6446 column 49: model is not available")
(error "line 6447 column 49: model is not available")
(error "line 6448 column 50: model is not available")
(error "line 6449 column 50: model is not available")
(error "line 6450 column 50: model is not available")
(error "line 6451 column 50: model is not available")
(error "line 6452 column 50: model is not available")
(error "line 6453 column 50: model is not available")
(error "line 6454 column 50: model is not available")
(error "line 6455 column 50: model is not available")
(error "line 6456 column 50: model is not available")
(error "line 6457 column 50: model is not available")
(error "line 6458 column 50: model is not available")
(error "line 6459 column 50: model is not available")
(error "line 6460 column 50: model is not available")
(error "line 6461 column 50: model is not available")
(error "line 6462 column 50: model is not available")
(error "line 6463 column 50: model is not available")
(error "line 6464 column 49: model is not available")
(error "line 6465 column 49: model is not available")
(error "line 6466 column 49: model is not available")
(error "line 6467 column 49: model is not available")
(error "line 6468 column 49: model is not available")
(error "line 6469 column 49: model is not available")
(error "line 6470 column 49: model is not available")
(error "line 6471 column 49: model is not available")
(error "line 6472 column 49: model is not available")
(error "line 6473 column 49: model is not available")
(error "line 6474 column 49: model is not available")
(error "line 6475 column 49: model is not available")
(error "line 6476 column 49: model is not available")
(error "line 6477 column 49: model is not available")
(error "line 6478 column 49: model is not available")
(error "line 6479 column 49: model is not available")
(error "line 6480 column 42: model is not available")
(error "line 6481 column 42: model is not available")
(error "line 6482 column 43: model is not available")
(error "line 6483 column 43: model is not available")
(error "line 6484 column 43: model is not available")
(error "line 6485 column 43: model is not available")
(error "line 6486 column 43: model is not available")
(error "line 6487 column 43: model is not available")
(error "line 6488 column 43: model is not available")
(error "line 6489 column 43: model is not available")
(error "line 6490 column 43: model is not available")
(error "line 6491 column 43: model is not available")
(error "line 6492 column 43: model is not available")
(error "line 6493 column 43: model is not available")
(error "line 6494 column 43: model is not available")
(error "line 6495 column 43: model is not available")
(error "line 6496 column 43: model is not available")
(error "line 6497 column 43: model is not available")
(error "line 6498 column 42: model is not available")
(error "line 6499 column 42: model is not available")
(error "line 6500 column 42: model is not available")
(error "line 6501 column 42: model is not available")
(error "line 6502 column 42: model is not available")
(error "line 6503 column 42: model is not available")
(error "line 6504 column 42: model is not available")
(error "line 6505 column 42: model is not available")
(error "line 6506 column 42: model is not available")
(error "line 6507 column 42: model is not available")
(error "line 6508 column 42: model is not available")
(error "line 6509 column 42: model is not available")
(error "line 6510 column 42: model is not available")
(error "line 6511 column 42: model is not available")
(error "line 6512 column 42: model is not available")
(error "line 6513 column 42: model is not available")
(error "line 6514 column 45: model is not available")
(error "line 6515 column 45: model is not available")
(error "line 6516 column 46: model is not available")
(error "line 6517 column 46: model is not available")
(error "line 6518 column 46: model is not available")
(error "line 6519 column 46: model is not available")
(error "line 6520 column 46: model is not available")
(error "line 6521 column 46: model is not available")
(error "line 6522 column 46: model is not available")
(error "line 6523 column 46: model is not available")
(error "line 6524 column 46: model is not available")
(error "line 6525 column 46: model is not available")
(error "line 6526 column 46: model is not available")
(error "line 6527 column 46: model is not available")
(error "line 6528 column 46: model is not available")
(error "line 6529 column 46: model is not available")
(error "line 6530 column 46: model is not available")
(error "line 6531 column 46: model is not available")
(error "line 6532 column 45: model is not available")
(error "line 6533 column 45: model is not available")
(error "line 6534 column 45: model is not available")
(error "line 6535 column 45: model is not available")
(error "line 6536 column 45: model is not available")
(error "line 6537 column 45: model is not available")
(error "line 6538 column 45: model is not available")
(error "line 6539 column 45: model is not available")
(error "line 6540 column 45: model is not available")
(error "line 6541 column 45: model is not available")
(error "line 6542 column 45: model is not available")
(error "line 6543 column 45: model is not available")
(error "line 6544 column 45: model is not available")
(error "line 6545 column 45: model is not available")
(error "line 6546 column 45: model is not available")
(error "line 6547 column 45: model is not available")
(error "line 6548 column 47: model is not available")
(error "line 6549 column 47: model is not available")
(error "line 6550 column 48: model is not available")
(error "line 6551 column 48: model is not available")
(error "line 6552 column 48: model is not available")
(error "line 6553 column 48: model is not available")
(error "line 6554 column 48: model is not available")
(error "line 6555 column 48: model is not available")
(error "line 6556 column 48: model is not available")
(error "line 6557 column 48: model is not available")
(error "line 6558 column 48: model is not available")
(error "line 6559 column 48: model is not available")
(error "line 6560 column 48: model is not available")
(error "line 6561 column 48: model is not available")
(error "line 6562 column 48: model is not available")
(error "line 6563 column 48: model is not available")
(error "line 6564 column 48: model is not available")
(error "line 6565 column 48: model is not available")
(error "line 6566 column 47: model is not available")
(error "line 6567 column 47: model is not available")
(error "line 6568 column 47: model is not available")
(error "line 6569 column 47: model is not available")
(error "line 6570 column 47: model is not available")
(error "line 6571 column 47: model is not available")
(error "line 6572 column 47: model is not available")
(error "line 6573 column 47: model is not available")
(error "line 6574 column 47: model is not available")
(error "line 6575 column 47: model is not available")
(error "line 6576 column 47: model is not available")
(error "line 6577 column 47: model is not available")
(error "line 6578 column 47: model is not available")
(error "line 6579 column 47: model is not available")
(error "line 6580 column 47: model is not available")
(error "line 6581 column 47: model is not available")
(error "line 6582 column 40: model is not available")
(error "line 6583 column 41: model is not available")
(error "line 6584 column 41: model is not available")
(error "line 6585 column 41: model is not available")
(error "line 6586 column 41: model is not available")
(error "line 6587 column 41: model is not available")
(error "line 6588 column 41: model is not available")
(error "line 6589 column 41: model is not available")
(error "line 6590 column 41: model is not available")
(error "line 6591 column 40: model is not available")
(error "line 6592 column 40: model is not available")
(error "line 6593 column 40: model is not available")
(error "line 6594 column 40: model is not available")
(error "line 6595 column 40: model is not available")
(error "line 6596 column 40: model is not available")
(error "line 6597 column 40: model is not available")
(error "line 6598 column 40: model is not available")
(error "line 6599 column 55: model is not available")
(error "line 6600 column 53: model is not available")
(error "line 6601 column 55: model is not available")
(error "line 6602 column 55: model is not available")
(error "line 6603 column 55: model is not available")
(error "line 6604 column 55: model is not available")
(error "line 6605 column 55: model is not available")
(error "line 6606 column 55: model is not available")
(error "line 6607 column 53: model is not available")
(error "line 6608 column 52: model is not available")
(error "line 6609 column 53: model is not available")
(error "line 6610 column 53: model is not available")
(error "line 6611 column 55: model is not available")
(error "line 6612 column 55: model is not available")
(error "line 6613 column 55: model is not available")
(error "line 6614 column 55: model is not available")
(error "line 6615 column 55: model is not available")
(error "line 6616 column 55: model is not available")
(error "line 6617 column 53: model is not available")
(error "line 6618 column 52: model is not available")
(error "line 6619 column 53: model is not available")
(error "line 6620 column 53: model is not available")
(error "line 6621 column 54: model is not available")
(error "line 6622 column 54: model is not available")
(error "line 6623 column 53: model is not available")
(error "line 6624 column 52: model is not available")
(error "line 6625 column 54: model is not available")
(error "line 6626 column 54: model is not available")
(error "line 6627 column 53: model is not available")
(error "line 6628 column 54: model is not available")
(error "line 6629 column 54: model is not available")
(error "line 6630 column 53: model is not available")
(error "line 6631 column 54: model is not available")
(error "line 6632 column 54: model is not available")
(error "line 6633 column 53: model is not available")
(error "line 6634 column 54: model is not available")
(error "line 6635 column 54: model is not available")
(error "line 6636 column 53: model is not available")
(error "line 6637 column 52: model is not available")
(error "line 6638 column 53: model is not available")
(error "line 6639 column 52: model is not available")
(error "line 6640 column 53: model is not available")
(error "line 6641 column 51: model is not available")
(error "line 6642 column 52: model is not available")
(error "line 6643 column 52: model is not available")
(error "line 6644 column 52: model is not available")
(error "line 6645 column 53: model is not available")
(error "line 6646 column 52: model is not available")
(error "line 6647 column 53: model is not available")
(error "line 6648 column 52: model is not available")
(error "line 6649 column 53: model is not available")
(error "line 6650 column 52: model is not available")
(error "line 6651 column 52: model is not available")
(error "line 6652 column 52: model is not available")
(error "line 6653 column 53: model is not available")
(error "line 6654 column 52: model is not available")
(error "line 6655 column 53: model is not available")
(error "line 6656 column 52: model is not available")
(error "line 6657 column 53: model is not available")
(error "line 6658 column 52: model is not available")
(error "line 6659 column 51: model is not available")
(error "line 6660 column 52: model is not available")
(error "line 6661 column 52: model is not available")
(error "line 6662 column 52: model is not available")
(error "line 6663 column 52: model is not available")
(error "line 6664 column 51: model is not available")
(error "line 6665 column 52: model is not available")
(error "line 6666 column 52: model is not available")
(error "line 6667 column 52: model is not available")
(error "line 6668 column 53: model is not available")
(error "line 6669 column 52: model is not available")
(error "line 6670 column 52: model is not available")
(error "line 6671 column 52: model is not available")
(error "line 6672 column 53: model is not available")
(error "line 6673 column 52: model is not available")
(error "line 6674 column 51: model is not available")
(error "line 6675 column 53: model is not available")
(error "line 6676 column 53: model is not available")
(error "line 6677 column 52: model is not available")
(error "line 6678 column 51: model is not available")
(error "line 6679 column 51: model is not available")
(error "line 6680 column 51: model is not available")
(error "line 6681 column 56: model is not available")
(error "line 6682 column 56: model is not available")
(error "line 6683 column 57: model is not available")
(error "line 6684 column 47: model is not available")
(error "line 6685 column 47: model is not available")
(error "line 6686 column 45: model is not available")
(error "line 6687 column 45: model is not available")
(error "line 6688 column 45: model is not available")
(error "line 6689 column 78: model is not available")
(error "line 6690 column 78: model is not available")
(error "line 6691 column 40: model is not available")
(error "line 6692 column 52: model is not available")
(error "line 6693 column 52: model is not available")
(error "line 6694 column 56: model is not available")
(error "line 6695 column 56: model is not available")
(error "line 6696 column 36: model is not available")
(error "line 6697 column 36: model is not available")
(error "line 6698 column 37: model is not available")
(error "line 6699 column 37: model is not available")
(error "line 6700 column 37: model is not available")
(error "line 6701 column 37: model is not available")
(error "line 6702 column 37: model is not available")
(error "line 6703 column 37: model is not available")
(error "line 6704 column 37: model is not available")
(error "line 6705 column 37: model is not available")
(error "line 6706 column 37: model is not available")
(error "line 6707 column 37: model is not available")
(error "line 6708 column 36: model is not available")
(error "line 6709 column 37: model is not available")
(error "line 6710 column 37: model is not available")
(error "line 6711 column 37: model is not available")
(error "line 6712 column 37: model is not available")
(error "line 6713 column 37: model is not available")
(error "line 6714 column 37: model is not available")
(error "line 6715 column 37: model is not available")
(error "line 6716 column 37: model is not available")
(error "line 6717 column 37: model is not available")
(error "line 6718 column 37: model is not available")
(error "line 6719 column 36: model is not available")
(error "line 6720 column 37: model is not available")
(error "line 6721 column 37: model is not available")
(error "line 6722 column 37: model is not available")
(error "line 6723 column 37: model is not available")
(error "line 6724 column 37: model is not available")
(error "line 6725 column 37: model is not available")
(error "line 6726 column 37: model is not available")
(error "line 6727 column 37: model is not available")
(error "line 6728 column 37: model is not available")
(error "line 6729 column 37: model is not available")
(error "line 6730 column 36: model is not available")
(error "line 6731 column 37: model is not available")
(error "line 6732 column 37: model is not available")
(error "line 6733 column 37: model is not available")
(error "line 6734 column 37: model is not available")
(error "line 6735 column 37: model is not available")
(error "line 6736 column 37: model is not available")
(error "line 6737 column 37: model is not available")
(error "line 6738 column 37: model is not available")
(error "line 6739 column 37: model is not available")
(error "line 6740 column 36: model is not available")
(error "line 6741 column 36: model is not available")
(error "line 6742 column 36: model is not available")
(error "line 6743 column 36: model is not available")
(error "line 6744 column 36: model is not available")
(error "line 6745 column 24: model is not available")
(error "line 6746 column 26: model is not available")
(error "line 6747 column 33: model is not available")
(error "line 6748 column 25: model is not available")
(error "line 6749 column 27: model is not available")
(error "line 6750 column 34: model is not available")
(error "line 6751 column 46: model is not available")
(error "line 6752 column 46: model is not available")
(error "line 6753 column 46: model is not available")
(error "line 6754 column 46: model is not available")
(error "line 6755 column 46: model is not available")
(error "line 6756 column 46: model is not available")
(error "line 6757 column 80: model is not available")
(error "line 6758 column 80: model is not available")
(error "line 6759 column 42: model is not available")
(error "line 6760 column 42: model is not available")
(error "line 6761 column 42: model is not available")
(error "line 6762 column 39: model is not available")
(error "line 6763 column 39: model is not available")
(error "line 6764 column 39: model is not available")
(error "line 6765 column 43: model is not available")
(error "line 6766 column 43: model is not available")
(error "line 6767 column 26: model is not available")
(error "line 6768 column 33: model is not available")
(error "line 6769 column 27: model is not available")
(error "line 6770 column 34: model is not available")
(error "line 6771 column 27: model is not available")
(error "line 6772 column 34: model is not available")
(error "line 6773 column 26: model is not available")
(error "line 6774 column 33: model is not available")
(error "line 6775 column 26: model is not available")
(error "line 6776 column 33: model is not available")
(error "line 6777 column 26: model is not available")
(error "line 6778 column 26: model is not available")
(error "line 6779 column 26: model is not available")
(error "line 6780 column 33: model is not available")
(error "line 6781 column 26: model is not available")
(error "line 6782 column 33: model is not available")
(error "line 6783 column 26: model is not available")
(error "line 6784 column 33: model is not available")
(error "line 6785 column 26: model is not available")
(error "line 6786 column 33: model is not available")
(error "line 6787 column 44: model is not available")
(error "line 6788 column 44: model is not available")
(error "line 6789 column 44: model is not available")
(error "line 6790 column 44: model is not available")
(error "line 6791 column 44: model is not available")
(error "line 6792 column 44: model is not available")
(error "line 6793 column 39: model is not available")
(error "line 6794 column 41: model is not available")
(error "line 6795 column 41: model is not available")
(error "line 6796 column 41: model is not available")
(error "line 6797 column 41: model is not available")
(error "line 6798 column 41: model is not available")
(error "line 6799 column 41: model is not available")
(error "line 6800 column 41: model is not available")
(error "line 6801 column 41: model is not available")
(error "line 6802 column 41: model is not available")
(error "line 6803 column 41: model is not available")
(error "line 6804 column 28: model is not available")
(error "line 6805 column 35: model is not available")
(error "line 6806 column 47: model is not available")
(error "line 6807 column 48: model is not available")
(error "line 6808 column 48: model is not available")
(error "line 6809 column 48: model is not available")
(error "line 6810 column 48: model is not available")
(error "line 6811 column 48: model is not available")
(error "line 6812 column 48: model is not available")
(error "line 6813 column 48: model is not available")
(error "line 6814 column 48: model is not available")
(error "line 6815 column 48: model is not available")
(error "line 6816 column 48: model is not available")
(error "line 6817 column 47: model is not available")
(error "line 6818 column 47: model is not available")
(error "line 6819 column 47: model is not available")
(error "line 6820 column 47: model is not available")
(error "line 6821 column 47: model is not available")
(error "line 6822 column 47: model is not available")
(error "line 6823 column 47: model is not available")
(error "line 6824 column 47: model is not available")
(error "line 6825 column 47: model is not available")
(error "line 6826 column 82: model is not available")
(error "line 6827 column 82: model is not available")
(error "line 6828 column 82: model is not available")
(error "line 6829 column 82: model is not available")
(error "line 6830 column 82: model is not available")
(error "line 6831 column 82: model is not available")
(error "line 6832 column 82: model is not available")
(error "line 6833 column 82: model is not available")
(error "line 6834 column 42: model is not available")
(error "line 6835 column 42: model is not available")
(error "line 6836 column 42: model is not available")
(error "line 6837 column 42: model is not available")
(error "line 6838 column 52: model is not available")
(error "line 6839 column 52: model is not available")
(error "line 6840 column 44: model is not available")
(error "line 6841 column 44: model is not available")
(error "line 6842 column 38: model is not available")
(error "line 6843 column 38: model is not available")
(error "line 6844 column 38: model is not available")
(error "line 6845 column 71: model is not available")
(error "line 6846 column 71: model is not available")
(error "line 6847 column 33: model is not available")
(error "line 6848 column 32: model is not available")
(error "line 6849 column 39: model is not available")
(error "line 6850 column 46: model is not available")
(error "line 6851 column 46: model is not available")
(error "line 6852 column 46: model is not available")
(error "line 6853 column 46: model is not available")
(error "line 6854 column 54: model is not available")
(error "line 6855 column 54: model is not available")
(error "line 6856 column 54: model is not available")
(error "line 6857 column 54: model is not available")
(error "line 6858 column 54: model is not available")
(error "line 6859 column 54: model is not available")
(error "line 6860 column 40: model is not available")
(error "line 6861 column 40: model is not available")
(error "line 6862 column 40: model is not available")
(error "line 6863 column 40: model is not available")
(error "line 6864 column 41: model is not available")
(error "line 6865 column 41: model is not available")
(error "line 6866 column 41: model is not available")
(error "line 6867 column 41: model is not available")
(error "line 6868 column 50: model is not available")
(error "line 6869 column 50: model is not available")
(error "line 6870 column 50: model is not available")
(error "line 6871 column 50: model is not available")
(error "line 6872 column 43: model is not available")
(error "line 6873 column 43: model is not available")
(error "line 6874 column 43: model is not available")
(error "line 6875 column 43: model is not available")
(error "line 6876 column 44: model is not available")
(error "line 6877 column 44: model is not available")
(error "line 6878 column 45: model is not available")
(error "line 6879 column 45: model is not available")
(error "line 6880 column 45: model is not available")
(error "line 6881 column 45: model is not available")
(error "line 6882 column 45: model is not available")
(error "line 6883 column 44: model is not available")
(error "line 6884 column 44: model is not available")
(error "line 6885 column 44: model is not available")
(error "line 6886 column 44: model is not available")
(error "line 6887 column 44: model is not available")
(error "line 6888 column 44: model is not available")
(error "line 6889 column 44: model is not available")
(error "line 6890 column 44: model is not available")
(error "line 6891 column 44: model is not available")
(error "line 6892 column 44: model is not available")
(error "line 6893 column 41: model is not available")
(error "line 6894 column 41: model is not available")
(error "line 6895 column 44: model is not available")
(error "line 6896 column 44: model is not available")
(error "line 6897 column 53: model is not available")
(error "line 6898 column 53: model is not available")
(error "line 6899 column 51: model is not available")
(error "line 6900 column 51: model is not available")
(error "line 6901 column 42: model is not available")
(error "line 6902 column 43: model is not available")
(error "line 6903 column 43: model is not available")
(error "line 6904 column 43: model is not available")
(error "line 6905 column 43: model is not available")
(error "line 6906 column 43: model is not available")
(error "line 6907 column 43: model is not available")
(error "line 6908 column 43: model is not available")
(error "line 6909 column 43: model is not available")
(error "line 6910 column 43: model is not available")
(error "line 6911 column 43: model is not available")
(error "line 6912 column 42: model is not available")
(error "line 6913 column 43: model is not available")
(error "line 6914 column 43: model is not available")
(error "line 6915 column 43: model is not available")
(error "line 6916 column 43: model is not available")
(error "line 6917 column 43: model is not available")
(error "line 6918 column 42: model is not available")
(error "line 6919 column 42: model is not available")
(error "line 6920 column 42: model is not available")
(error "line 6921 column 42: model is not available")
(error "line 6922 column 42: model is not available")
(error "line 6923 column 42: model is not available")
(error "line 6924 column 42: model is not available")
(error "line 6925 column 42: model is not available")
(error "line 6926 column 64: model is not available")
(error "line 6927 column 64: model is not available")
(error "line 6928 column 65: model is not available")
(error "line 6929 column 65: model is not available")
(error "line 6930 column 65: model is not available")
(error "line 6931 column 65: model is not available")
(error "line 6932 column 65: model is not available")
(error "line 6933 column 65: model is not available")
(error "line 6934 column 65: model is not available")
(error "line 6935 column 65: model is not available")
(error "line 6936 column 65: model is not available")
(error "line 6937 column 65: model is not available")
(error "line 6938 column 64: model is not available")
(error "line 6939 column 64: model is not available")
(error "line 6940 column 64: model is not available")
(error "line 6941 column 64: model is not available")
(error "line 6942 column 64: model is not available")
(error "line 6943 column 64: model is not available")
(error "line 6944 column 64: model is not available")
(error "line 6945 column 64: model is not available")
(error "line 6946 column 63: model is not available")
(error "line 6947 column 64: model is not available")
(error "line 6948 column 64: model is not available")
(error "line 6949 column 64: model is not available")
(error "line 6950 column 64: model is not available")
(error "line 6951 column 64: model is not available")
(error "line 6952 column 64: model is not available")
(error "line 6953 column 64: model is not available")
(error "line 6954 column 64: model is not available")
(error "line 6955 column 64: model is not available")
(error "line 6956 column 64: model is not available")
(error "line 6957 column 63: model is not available")
(error "line 6958 column 64: model is not available")
(error "line 6959 column 64: model is not available")
(error "line 6960 column 64: model is not available")
(error "line 6961 column 64: model is not available")
(error "line 6962 column 63: model is not available")
(error "line 6963 column 63: model is not available")
(error "line 6964 column 63: model is not available")
(error "line 6965 column 63: model is not available")
(error "line 6966 column 63: model is not available")
(error "line 6967 column 63: model is not available")
(error "line 6968 column 63: model is not available")
(error "line 6969 column 69: model is not available")
(error "line 6970 column 69: model is not available")
(error "line 6971 column 70: model is not available")
(error "line 6972 column 70: model is not available")
(error "line 6973 column 70: model is not available")
(error "line 6974 column 70: model is not available")
(error "line 6975 column 70: model is not available")
(error "line 6976 column 70: model is not available")
(error "line 6977 column 70: model is not available")
(error "line 6978 column 70: model is not available")
(error "line 6979 column 70: model is not available")
(error "line 6980 column 70: model is not available")
(error "line 6981 column 69: model is not available")
(error "line 6982 column 69: model is not available")
(error "line 6983 column 69: model is not available")
(error "line 6984 column 69: model is not available")
(error "line 6985 column 69: model is not available")
(error "line 6986 column 69: model is not available")
(error "line 6987 column 69: model is not available")
(error "line 6988 column 69: model is not available")
(error "line 6989 column 37: model is not available")
(error "line 6990 column 38: model is not available")
(error "line 6991 column 38: model is not available")
(error "line 6992 column 38: model is not available")
(error "line 6993 column 38: model is not available")
(error "line 6994 column 38: model is not available")
(error "line 6995 column 38: model is not available")
(error "line 6996 column 38: model is not available")
(error "line 6997 column 38: model is not available")
(error "line 6998 column 38: model is not available")
(error "line 6999 column 38: model is not available")
(error "line 7000 column 37: model is not available")
(error "line 7001 column 38: model is not available")
(error "line 7002 column 38: model is not available")
(error "line 7003 column 38: model is not available")
(error "line 7004 column 38: model is not available")
(error "line 7005 column 38: model is not available")
(error "line 7006 column 38: model is not available")
(error "line 7007 column 38: model is not available")
(error "line 7008 column 38: model is not available")
(error "line 7009 column 38: model is not available")
(error "line 7010 column 38: model is not available")
(error "line 7011 column 37: model is not available")
(error "line 7012 column 37: model is not available")
(error "line 7013 column 37: model is not available")
(error "line 7014 column 37: model is not available")
(error "line 7015 column 37: model is not available")
(error "line 7016 column 37: model is not available")
(error "line 7017 column 37: model is not available")
(error "line 7018 column 37: model is not available")
(error "line 7019 column 38: model is not available")
(error "line 7020 column 38: model is not available")
(error "line 7021 column 38: model is not available")
(error "line 7022 column 38: model is not available")
(error "line 7023 column 38: model is not available")
(error "line 7024 column 38: model is not available")
(error "line 7025 column 38: model is not available")
(error "line 7026 column 38: model is not available")
(error "line 7027 column 38: model is not available")
(error "line 7028 column 38: model is not available")
(error "line 7029 column 37: model is not available")
(error "line 7030 column 38: model is not available")
(error "line 7031 column 38: model is not available")
(error "line 7032 column 38: model is not available")
(error "line 7033 column 38: model is not available")
(error "line 7034 column 38: model is not available")
(error "line 7035 column 38: model is not available")
(error "line 7036 column 38: model is not available")
(error "line 7037 column 38: model is not available")
(error "line 7038 column 38: model is not available")
(error "line 7039 column 38: model is not available")
(error "line 7040 column 37: model is not available")
(error "line 7041 column 37: model is not available")
(error "line 7042 column 37: model is not available")
(error "line 7043 column 37: model is not available")
(error "line 7044 column 37: model is not available")
(error "line 7045 column 37: model is not available")
(error "line 7046 column 37: model is not available")
(error "line 7047 column 36: model is not available")
(error "line 7048 column 38: model is not available")
(error "line 7049 column 39: model is not available")
(error "line 7050 column 39: model is not available")
(error "line 7051 column 39: model is not available")
(error "line 7052 column 39: model is not available")
(error "line 7053 column 39: model is not available")
(error "line 7054 column 39: model is not available")
(error "line 7055 column 38: model is not available")
(error "line 7056 column 38: model is not available")
(error "line 7057 column 38: model is not available")
(error "line 7058 column 38: model is not available")
(error "line 7059 column 38: model is not available")
(error "line 7060 column 38: model is not available")
(error "line 7061 column 38: model is not available")
(error "line 7062 column 38: model is not available")
(error "line 7063 column 37: model is not available")
(error "line 7064 column 37: model is not available")
(error "line 7065 column 26: model is not available")
(error "line 7066 column 27: model is not available")
(error "line 7067 column 45: model is not available")
(error "line 7068 column 46: model is not available")
(error "line 7069 column 46: model is not available")
(error "line 7070 column 46: model is not available")
(error "line 7071 column 46: model is not available")
(error "line 7072 column 46: model is not available")
(error "line 7073 column 46: model is not available")
(error "line 7074 column 46: model is not available")
(error "line 7075 column 46: model is not available")
(error "line 7076 column 48: model is not available")
(error "line 7077 column 55: model is not available")
(error "line 7078 column 48: model is not available")
(error "line 7079 column 55: model is not available")
(error "line 7080 column 48: model is not available")
(error "line 7081 column 55: model is not available")
(error "line 7082 column 48: model is not available")
(error "line 7083 column 55: model is not available")
(error "line 7084 column 48: model is not available")
(error "line 7085 column 55: model is not available")
(error "line 7086 column 53: model is not available")
(error "line 7087 column 45: model is not available")
(error "line 7088 column 45: model is not available")
(error "line 7089 column 45: model is not available")
(error "line 7090 column 45: model is not available")
(error "line 7091 column 45: model is not available")
(error "line 7092 column 45: model is not available")
(error "line 7093 column 45: model is not available")
(error "line 7094 column 47: model is not available")
(error "line 7095 column 54: model is not available")
(error "line 7096 column 47: model is not available")
(error "line 7097 column 54: model is not available")
(error "line 7098 column 47: model is not available")
(error "line 7099 column 54: model is not available")
(error "line 7100 column 47: model is not available")
(error "line 7101 column 54: model is not available")
(error "line 7102 column 47: model is not available")
(error "line 7103 column 54: model is not available")
(error "line 7104 column 47: model is not available")
(error "line 7105 column 54: model is not available")
(error "line 7106 column 52: model is not available")
(error "line 7107 column 45: model is not available")
(error "line 7108 column 31: model is not available")
(error "line 7109 column 31: model is not available")
(error "line 7110 column 46: model is not available")
(error "line 7111 column 46: model is not available")
(error "line 7112 column 53: model is not available")
(error "line 7113 column 53: model is not available")
(error "line 7114 column 51: model is not available")
(error "line 7115 column 51: model is not available")
(error "line 7116 column 26: model is not available")
(error "line 7117 column 33: model is not available")
(error "line 7118 column 26: model is not available")
(error "line 7119 column 33: model is not available")
(error "line 7120 column 26: model is not available")
(error "line 7121 column 33: model is not available")
(error "line 7122 column 26: model is not available")
(error "line 7123 column 33: model is not available")
(error "line 7124 column 29: model is not available")
(error "line 7125 column 36: model is not available")
(error "line 7126 column 29: model is not available")
(error "line 7127 column 36: model is not available")
(error "line 7128 column 29: model is not available")
(error "line 7129 column 36: model is not available")
(error "line 7130 column 29: model is not available")
(error "line 7131 column 36: model is not available")
(error "line 7132 column 29: model is not available")
(error "line 7133 column 36: model is not available")
(error "line 7134 column 29: model is not available")
(error "line 7135 column 36: model is not available")
(error "line 7136 column 29: model is not available")
(error "line 7137 column 36: model is not available")
(error "line 7138 column 29: model is not available")
(error "line 7139 column 36: model is not available")
(error "line 7140 column 29: model is not available")
(error "line 7141 column 36: model is not available")
(error "line 7142 column 29: model is not available")
(error "line 7143 column 36: model is not available")
(error "line 7144 column 29: model is not available")
(error "line 7145 column 36: model is not available")
(error "line 7146 column 29: model is not available")
(error "line 7147 column 36: model is not available")
(error "line 7148 column 29: model is not available")
(error "line 7149 column 36: model is not available")
(error "line 7150 column 29: model is not available")
(error "line 7151 column 36: model is not available")
(error "line 7152 column 29: model is not available")
(error "line 7153 column 36: model is not available")
(error "line 7154 column 29: model is not available")
(error "line 7155 column 36: model is not available")
(error "line 7156 column 30: model is not available")
(error "line 7157 column 37: model is not available")
(error "line 7158 column 30: model is not available")
(error "line 7159 column 37: model is not available")
(error "line 7160 column 30: model is not available")
(error "line 7161 column 37: model is not available")
(error "line 7162 column 30: model is not available")
(error "line 7163 column 37: model is not available")
(error "line 7164 column 30: model is not available")
(error "line 7165 column 37: model is not available")
(error "line 7166 column 30: model is not available")
(error "line 7167 column 37: model is not available")
(error "line 7168 column 30: model is not available")
(error "line 7169 column 37: model is not available")
(error "line 7170 column 30: model is not available")
(error "line 7171 column 37: model is not available")
(error "line 7172 column 30: model is not available")
(error "line 7173 column 37: model is not available")
(error "line 7174 column 30: model is not available")
(error "line 7175 column 37: model is not available")
(error "line 7176 column 26: model is not available")
(error "line 7177 column 33: model is not available")
(error "line 7178 column 26: model is not available")
(error "line 7179 column 33: model is not available")
(error "line 7180 column 26: model is not available")
(error "line 7181 column 33: model is not available")
(error "line 7182 column 26: model is not available")
(error "line 7183 column 33: model is not available")
(error "line 7184 column 26: model is not available")
(error "line 7185 column 33: model is not available")
(error "line 7186 column 26: model is not available")
(error "line 7187 column 33: model is not available")
(error "line 7188 column 29: model is not available")
(error "line 7189 column 36: model is not available")
(error "line 7190 column 29: model is not available")
(error "line 7191 column 36: model is not available")
(error "line 7192 column 29: model is not available")
(error "line 7193 column 36: model is not available")
(error "line 7194 column 29: model is not available")
(error "line 7195 column 36: model is not available")
(error "line 7196 column 30: model is not available")
(error "line 7197 column 37: model is not available")
(error "line 7198 column 30: model is not available")
(error "line 7199 column 37: model is not available")
(error "line 7200 column 38: model is not available")
(error "line 7201 column 45: model is not available")
(error "line 7202 column 38: model is not available")
(error "line 7203 column 45: model is not available")
(error "line 7204 column 33: model is not available")
(error "line 7205 column 40: model is not available")
(error "line 7206 column 33: model is not available")
(error "line 7207 column 40: model is not available")
(error "line 7208 column 37: model is not available")
(error "line 7209 column 44: model is not available")
(error "line 7210 column 37: model is not available")
(error "line 7211 column 44: model is not available")
(error "line 7212 column 59: model is not available")
(error "line 7213 column 59: model is not available")
(error "line 7214 column 58: model is not available")
(error "line 7215 column 58: model is not available")
(error "line 7216 column 58: model is not available")
(error "line 7217 column 92: model is not available")
(error "line 7218 column 92: model is not available")
(error "line 7219 column 53: model is not available")
(error "line 7220 column 66: model is not available")
(error "line 7221 column 66: model is not available")
(error "line 7222 column 56: model is not available")
(error "line 7223 column 56: model is not available")
(error "line 7224 column 56: model is not available")
(error "line 7225 column 51: model is not available")
(error "line 7226 column 57: model is not available")
(error "line 7227 column 57: model is not available")
(error "line 7228 column 43: model is not available")
(error "line 7229 column 43: model is not available")
(error "line 7231 column 10: model is not available")
(:added-eqs               564
 :arith-add-rows          15212
 :arith-assert-lower      70
 :arith-assert-upper      207
 :arith-bound-prop        71
 :arith-conflicts         2
 :arith-pivots            219
 :array-ax1               2
 :array-ax2               4
 :binary-propagations     13481
 :bv-bit2core             12430
 :bv-diseqs               11
 :bv-dynamic-diseqs       12
 :bv->core-eq             152
 :conflicts               172
 :decisions               6949
 :del-clause              953
 :eliminated-applications 32
 :eliminated-vars         4
 :max-memory              10.86
 :memory                  4.90
 :minimized-lits          1585
 :mk-bool-var             7641
 :mk-clause               5995
 :num-allocs              12480474
 :num-checks              1
 :propagations            21354
 :restarts                1
 :rlimit-count            2197518
 :time                    0.05
 :total-time              0.06)

real	0m0.068s
user	0m0.061s
sys	0m0.007s
State: RE Run_time: 0.0703272819519043