num of guard = 0
num of elim = 11
num of guard = 0
num of elim = 0
unsat
(error "line 716 column 17: model is not available")
(error "line 717 column 17: model is not available")
(error "line 718 column 18: model is not available")
(error "line 719 column 18: model is not available")
(error "line 720 column 18: model is not available")
(error "line 721 column 18: model is not available")
(error "line 722 column 18: model is not available")
(error "line 723 column 18: model is not available")
(error "line 724 column 18: model is not available")
(error "line 725 column 18: model is not available")
(error "line 726 column 18: model is not available")
(error "line 727 column 18: model is not available")
(error "line 728 column 17: model is not available")
(error "line 729 column 18: model is not available")
(error "line 730 column 18: model is not available")
(error "line 731 column 18: model is not available")
(error "line 732 column 18: model is not available")
(error "line 733 column 18: model is not available")
(error "line 734 column 18: model is not available")
(error "line 735 column 18: model is not available")
(error "line 736 column 18: model is not available")
(error "line 737 column 18: model is not available")
(error "line 738 column 18: model is not available")
(error "line 739 column 17: model is not available")
(error "line 740 column 18: model is not available")
(error "line 741 column 18: model is not available")
(error "line 742 column 18: model is not available")
(error "line 743 column 18: model is not available")
(error "line 744 column 18: model is not available")
(error "line 745 column 18: model is not available")
(error "line 746 column 18: model is not available")
(error "line 747 column 18: model is not available")
(error "line 748 column 18: model is not available")
(error "line 749 column 18: model is not available")
(error "line 750 column 17: model is not available")
(error "line 751 column 18: model is not available")
(error "line 752 column 18: model is not available")
(error "line 753 column 18: model is not available")
(error "line 754 column 18: model is not available")
(error "line 755 column 18: model is not available")
(error "line 756 column 17: model is not available")
(error "line 757 column 17: model is not available")
(error "line 758 column 17: model is not available")
(error "line 759 column 17: model is not available")
(error "line 760 column 17: model is not available")
(error "line 761 column 38: model is not available")
(error "line 762 column 45: model is not available")
(error "line 763 column 38: model is not available")
(error "line 764 column 45: model is not available")
(error "line 765 column 46: model is not available")
(error "line 766 column 53: model is not available")
(error "line 767 column 40: model is not available")
(error "line 768 column 47: model is not available")
(error "line 769 column 38: model is not available")
(error "line 770 column 45: model is not available")
(error "line 771 column 38: model is not available")
(error "line 772 column 45: model is not available")
(error "line 773 column 41: model is not available")
(error "line 774 column 48: model is not available")
(error "line 775 column 41: model is not available")
(error "line 776 column 48: model is not available")
(error "line 777 column 37: model is not available")
(error "line 778 column 44: model is not available")
(error "line 779 column 42: model is not available")
(error "line 780 column 42: model is not available")
(error "line 781 column 38: model is not available")
(error "line 782 column 38: model is not available")
(error "line 783 column 38: model is not available")
(error "line 784 column 41: model is not available")
(error "line 785 column 48: model is not available")
(error "line 786 column 41: model is not available")
(error "line 787 column 48: model is not available")
(error "line 788 column 41: model is not available")
(error "line 789 column 48: model is not available")
(error "line 790 column 38: model is not available")
(error "line 791 column 38: model is not available")
(error "line 792 column 18: model is not available")
(error "line 793 column 25: model is not available")
(error "line 794 column 19: model is not available")
(error "line 795 column 26: model is not available")
(error "line 796 column 18: model is not available")
(error "line 797 column 25: model is not available")
(error "line 798 column 18: model is not available")
(error "line 799 column 18: model is not available")
(error "line 800 column 25: model is not available")
(error "line 801 column 18: model is not available")
(error "line 802 column 25: model is not available")
(error "line 803 column 18: model is not available")
(error "line 804 column 18: model is not available")
(error "line 805 column 25: model is not available")
(error "line 806 column 18: model is not available")
(error "line 807 column 25: model is not available")
(error "line 808 column 18: model is not available")
(error "line 809 column 36: model is not available")
(error "line 810 column 29: model is not available")
(error "line 811 column 31: model is not available")
(error "line 812 column 38: model is not available")
(error "line 813 column 31: model is not available")
(error "line 814 column 38: model is not available")
(error "line 815 column 50: model is not available")
(error "line 816 column 51: model is not available")
(error "line 817 column 51: model is not available")
(error "line 818 column 50: model is not available")
(error "line 819 column 50: model is not available")
(error "line 820 column 51: model is not available")
(error "line 821 column 50: model is not available")
(error "line 822 column 50: model is not available")
(error "line 823 column 51: model is not available")
(error "line 824 column 51: model is not available")
(error "line 825 column 50: model is not available")
(error "line 826 column 56: model is not available")
(error "line 827 column 56: model is not available")
(error "line 828 column 55: model is not available")
(error "line 829 column 55: model is not available")
(error "line 830 column 55: model is not available")
(error "line 831 column 46: model is not available")
(error "line 832 column 46: model is not available")
(error "line 833 column 54: model is not available")
(error "line 834 column 54: model is not available")
(error "line 835 column 54: model is not available")
(error "line 836 column 40: model is not available")
(error "line 837 column 40: model is not available")
(error "line 838 column 41: model is not available")
(error "line 839 column 41: model is not available")
(error "line 840 column 50: model is not available")
(error "line 841 column 50: model is not available")
(error "line 842 column 43: model is not available")
(error "line 843 column 43: model is not available")
(error "line 844 column 30: model is not available")
(error "line 845 column 36: model is not available")
(error "line 846 column 36: model is not available")
(error "line 847 column 36: model is not available")
(error "line 848 column 36: model is not available")
(error "line 849 column 36: model is not available")
(error "line 850 column 31: model is not available")
(error "line 851 column 31: model is not available")
(error "line 852 column 31: model is not available")
(error "line 853 column 31: model is not available")
(error "line 854 column 31: model is not available")
(error "line 855 column 31: model is not available")
(error "line 856 column 31: model is not available")
(error "line 857 column 31: model is not available")
(error "line 858 column 30: model is not available")
(error "line 859 column 22: model is not available")
(error "line 860 column 29: model is not available")
(error "line 861 column 22: model is not available")
(error "line 862 column 29: model is not available")
(error "line 863 column 22: model is not available")
(error "line 864 column 29: model is not available")
(error "line 865 column 22: model is not available")
(error "line 866 column 29: model is not available")
(error "line 867 column 22: model is not available")
(error "line 868 column 29: model is not available")
(error "line 870 column 10: model is not available")
(:arith-add-rows          110
 :arith-assert-lower      14
 :arith-assert-upper      13
 :arith-bound-prop        12
 :arith-pivots            27
 :binary-propagations     3
 :conflicts               1
 :eliminated-applications 20
 :eliminated-vars         21
 :max-memory              3.67
 :memory                  3.15
 :mk-bool-var             97
 :mk-clause               12
 :num-allocs              1360374
 :num-checks              1
 :propagations            3
 :rlimit-count            14953
 :time                    0.01
 :total-time              0.01)

real	0m0.015s
user	0m0.015s
sys	0m0.000s
State: RE Run_time: 0.017572879791259766