num of guard = 2
num of elim = 15
num of guard = 2
num of elim = 7
unsat
(error "line 677 column 17: model is not available")
(error "line 678 column 17: model is not available")
(error "line 679 column 18: model is not available")
(error "line 680 column 18: model is not available")
(error "line 681 column 18: model is not available")
(error "line 682 column 18: model is not available")
(error "line 683 column 18: model is not available")
(error "line 684 column 18: model is not available")
(error "line 685 column 18: model is not available")
(error "line 686 column 18: model is not available")
(error "line 687 column 18: model is not available")
(error "line 688 column 18: model is not available")
(error "line 689 column 17: model is not available")
(error "line 690 column 18: model is not available")
(error "line 691 column 18: model is not available")
(error "line 692 column 18: model is not available")
(error "line 693 column 18: model is not available")
(error "line 694 column 18: model is not available")
(error "line 695 column 18: model is not available")
(error "line 696 column 18: model is not available")
(error "line 697 column 18: model is not available")
(error "line 698 column 18: model is not available")
(error "line 699 column 18: model is not available")
(error "line 700 column 17: model is not available")
(error "line 701 column 18: model is not available")
(error "line 702 column 18: model is not available")
(error "line 703 column 18: model is not available")
(error "line 704 column 18: model is not available")
(error "line 705 column 18: model is not available")
(error "line 706 column 18: model is not available")
(error "line 707 column 18: model is not available")
(error "line 708 column 18: model is not available")
(error "line 709 column 18: model is not available")
(error "line 710 column 18: model is not available")
(error "line 711 column 17: model is not available")
(error "line 712 column 18: model is not available")
(error "line 713 column 18: model is not available")
(error "line 714 column 18: model is not available")
(error "line 715 column 18: model is not available")
(error "line 716 column 18: model is not available")
(error "line 717 column 18: model is not available")
(error "line 718 column 18: model is not available")
(error "line 719 column 18: model is not available")
(error "line 720 column 18: model is not available")
(error "line 721 column 18: model is not available")
(error "line 722 column 17: model is not available")
(error "line 723 column 18: model is not available")
(error "line 724 column 17: model is not available")
(error "line 725 column 17: model is not available")
(error "line 726 column 17: model is not available")
(error "line 727 column 17: model is not available")
(error "line 728 column 38: model is not available")
(error "line 729 column 45: model is not available")
(error "line 730 column 38: model is not available")
(error "line 731 column 45: model is not available")
(error "line 732 column 46: model is not available")
(error "line 733 column 53: model is not available")
(error "line 734 column 40: model is not available")
(error "line 735 column 47: model is not available")
(error "line 736 column 38: model is not available")
(error "line 737 column 45: model is not available")
(error "line 738 column 38: model is not available")
(error "line 739 column 45: model is not available")
(error "line 740 column 41: model is not available")
(error "line 741 column 48: model is not available")
(error "line 742 column 41: model is not available")
(error "line 743 column 48: model is not available")
(error "line 744 column 37: model is not available")
(error "line 745 column 44: model is not available")
(error "line 746 column 42: model is not available")
(error "line 747 column 42: model is not available")
(error "line 748 column 38: model is not available")
(error "line 749 column 38: model is not available")
(error "line 750 column 38: model is not available")
(error "line 751 column 41: model is not available")
(error "line 752 column 48: model is not available")
(error "line 753 column 41: model is not available")
(error "line 754 column 48: model is not available")
(error "line 755 column 41: model is not available")
(error "line 756 column 48: model is not available")
(error "line 757 column 53: model is not available")
(error "line 758 column 34: model is not available")
(error "line 759 column 34: model is not available")
(error "line 760 column 34: model is not available")
(error "line 761 column 34: model is not available")
(error "line 762 column 34: model is not available")
(error "line 763 column 34: model is not available")
(error "line 764 column 34: model is not available")
(error "line 765 column 36: model is not available")
(error "line 766 column 38: model is not available")
(error "line 767 column 38: model is not available")
(error "line 768 column 38: model is not available")
(error "line 769 column 18: model is not available")
(error "line 770 column 25: model is not available")
(error "line 771 column 18: model is not available")
(error "line 772 column 25: model is not available")
(error "line 773 column 18: model is not available")
(error "line 774 column 18: model is not available")
(error "line 775 column 25: model is not available")
(error "line 776 column 18: model is not available")
(error "line 777 column 25: model is not available")
(error "line 778 column 18: model is not available")
(error "line 779 column 18: model is not available")
(error "line 780 column 25: model is not available")
(error "line 781 column 36: model is not available")
(error "line 782 column 29: model is not available")
(error "line 783 column 31: model is not available")
(error "line 784 column 38: model is not available")
(error "line 785 column 31: model is not available")
(error "line 786 column 38: model is not available")
(error "line 787 column 20: model is not available")
(error "line 788 column 27: model is not available")
(error "line 789 column 20: model is not available")
(error "line 790 column 27: model is not available")
(error "line 791 column 20: model is not available")
(error "line 792 column 27: model is not available")
(error "line 793 column 20: model is not available")
(error "line 794 column 27: model is not available")
(error "line 795 column 51: model is not available")
(error "line 796 column 50: model is not available")
(error "line 797 column 51: model is not available")
(error "line 798 column 50: model is not available")
(error "line 799 column 50: model is not available")
(error "line 800 column 51: model is not available")
(error "line 801 column 50: model is not available")
(error "line 802 column 50: model is not available")
(error "line 803 column 55: model is not available")
(error "line 804 column 54: model is not available")
(error "line 805 column 55: model is not available")
(error "line 806 column 55: model is not available")
(error "line 807 column 36: model is not available")
(error "line 808 column 46: model is not available")
(error "line 809 column 46: model is not available")
(error "line 810 column 54: model is not available")
(error "line 811 column 54: model is not available")
(error "line 812 column 54: model is not available")
(error "line 813 column 40: model is not available")
(error "line 814 column 40: model is not available")
(error "line 815 column 41: model is not available")
(error "line 816 column 41: model is not available")
(error "line 817 column 50: model is not available")
(error "line 818 column 50: model is not available")
(error "line 819 column 43: model is not available")
(error "line 820 column 43: model is not available")
(error "line 821 column 24: model is not available")
(error "line 822 column 31: model is not available")
(error "line 823 column 24: model is not available")
(error "line 824 column 31: model is not available")
(error "line 825 column 30: model is not available")
(error "line 826 column 36: model is not available")
(error "line 827 column 36: model is not available")
(error "line 828 column 36: model is not available")
(error "line 829 column 36: model is not available")
(error "line 830 column 30: model is not available")
(error "line 832 column 10: model is not available")
(:added-eqs               19
 :arith-add-rows          101
 :arith-assert-lower      14
 :arith-assert-upper      19
 :arith-bound-prop        11
 :arith-pivots            25
 :binary-propagations     1349
 :bv-bit2core             398
 :bv-diseqs               1
 :bv-dynamic-diseqs       4
 :conflicts               42
 :decisions               376
 :del-clause              554
 :eliminated-applications 18
 :eliminated-vars         15
 :max-memory              4.21
 :memory                  3.38
 :mk-bool-var             766
 :mk-clause               621
 :num-allocs              1780757
 :num-checks              1
 :propagations            1937
 :rlimit-count            22954
 :time                    0.01
 :total-time              0.01)

real	0m0.018s
user	0m0.014s
sys	0m0.003s
State: RE Run_time: 0.019691944122314453