num of guard = 4
num of elim = 10
num of guard = 4
num of elim = 7
unsat
(error "line 794 column 17: model is not available")
(error "line 795 column 17: model is not available")
(error "line 796 column 18: model is not available")
(error "line 797 column 18: model is not available")
(error "line 798 column 18: model is not available")
(error "line 799 column 18: model is not available")
(error "line 800 column 18: model is not available")
(error "line 801 column 18: model is not available")
(error "line 802 column 18: model is not available")
(error "line 803 column 18: model is not available")
(error "line 804 column 18: model is not available")
(error "line 805 column 18: model is not available")
(error "line 806 column 17: model is not available")
(error "line 807 column 18: model is not available")
(error "line 808 column 18: model is not available")
(error "line 809 column 18: model is not available")
(error "line 810 column 18: model is not available")
(error "line 811 column 18: model is not available")
(error "line 812 column 18: model is not available")
(error "line 813 column 18: model is not available")
(error "line 814 column 18: model is not available")
(error "line 815 column 18: model is not available")
(error "line 816 column 18: model is not available")
(error "line 817 column 17: model is not available")
(error "line 818 column 18: model is not available")
(error "line 819 column 18: model is not available")
(error "line 820 column 18: model is not available")
(error "line 821 column 18: model is not available")
(error "line 822 column 18: model is not available")
(error "line 823 column 18: model is not available")
(error "line 824 column 18: model is not available")
(error "line 825 column 18: model is not available")
(error "line 826 column 18: model is not available")
(error "line 827 column 18: model is not available")
(error "line 828 column 17: model is not available")
(error "line 829 column 18: model is not available")
(error "line 830 column 18: model is not available")
(error "line 831 column 18: model is not available")
(error "line 832 column 18: model is not available")
(error "line 833 column 18: model is not available")
(error "line 834 column 18: model is not available")
(error "line 835 column 18: model is not available")
(error "line 836 column 18: model is not available")
(error "line 837 column 18: model is not available")
(error "line 838 column 18: model is not available")
(error "line 839 column 17: model is not available")
(error "line 840 column 18: model is not available")
(error "line 841 column 18: model is not available")
(error "line 842 column 18: model is not available")
(error "line 843 column 18: model is not available")
(error "line 844 column 18: model is not available")
(error "line 845 column 18: model is not available")
(error "line 846 column 18: model is not available")
(error "line 847 column 18: model is not available")
(error "line 848 column 18: model is not available")
(error "line 849 column 18: model is not available")
(error "line 850 column 17: model is not available")
(error "line 851 column 18: model is not available")
(error "line 852 column 18: model is not available")
(error "line 853 column 18: model is not available")
(error "line 854 column 18: model is not available")
(error "line 855 column 18: model is not available")
(error "line 856 column 18: model is not available")
(error "line 857 column 18: model is not available")
(error "line 858 column 18: model is not available")
(error "line 859 column 18: model is not available")
(error "line 860 column 18: model is not available")
(error "line 861 column 17: model is not available")
(error "line 862 column 18: model is not available")
(error "line 863 column 17: model is not available")
(error "line 864 column 17: model is not available")
(error "line 865 column 38: model is not available")
(error "line 866 column 45: model is not available")
(error "line 867 column 38: model is not available")
(error "line 868 column 45: model is not available")
(error "line 869 column 46: model is not available")
(error "line 870 column 53: model is not available")
(error "line 871 column 40: model is not available")
(error "line 872 column 47: model is not available")
(error "line 873 column 38: model is not available")
(error "line 874 column 45: model is not available")
(error "line 875 column 38: model is not available")
(error "line 876 column 45: model is not available")
(error "line 877 column 41: model is not available")
(error "line 878 column 48: model is not available")
(error "line 879 column 41: model is not available")
(error "line 880 column 48: model is not available")
(error "line 881 column 37: model is not available")
(error "line 882 column 44: model is not available")
(error "line 883 column 42: model is not available")
(error "line 884 column 42: model is not available")
(error "line 885 column 38: model is not available")
(error "line 886 column 38: model is not available")
(error "line 887 column 38: model is not available")
(error "line 888 column 41: model is not available")
(error "line 889 column 48: model is not available")
(error "line 890 column 41: model is not available")
(error "line 891 column 48: model is not available")
(error "line 892 column 41: model is not available")
(error "line 893 column 48: model is not available")
(error "line 894 column 45: model is not available")
(error "line 895 column 45: model is not available")
(error "line 896 column 45: model is not available")
(error "line 897 column 45: model is not available")
(error "line 898 column 53: model is not available")
(error "line 899 column 34: model is not available")
(error "line 900 column 34: model is not available")
(error "line 901 column 34: model is not available")
(error "line 902 column 34: model is not available")
(error "line 903 column 35: model is not available")
(error "line 904 column 37: model is not available")
(error "line 905 column 44: model is not available")
(error "line 906 column 37: model is not available")
(error "line 907 column 37: model is not available")
(error "line 908 column 37: model is not available")
(error "line 909 column 37: model is not available")
(error "line 910 column 44: model is not available")
(error "line 911 column 37: model is not available")
(error "line 912 column 44: model is not available")
(error "line 913 column 42: model is not available")
(error "line 914 column 34: model is not available")
(error "line 915 column 34: model is not available")
(error "line 916 column 34: model is not available")
(error "line 917 column 34: model is not available")
(error "line 918 column 34: model is not available")
(error "line 919 column 34: model is not available")
(error "line 920 column 34: model is not available")
(error "line 921 column 34: model is not available")
(error "line 922 column 34: model is not available")
(error "line 923 column 34: model is not available")
(error "line 924 column 34: model is not available")
(error "line 925 column 39: model is not available")
(error "line 926 column 39: model is not available")
(error "line 927 column 39: model is not available")
(error "line 928 column 39: model is not available")
(error "line 929 column 39: model is not available")
(error "line 930 column 39: model is not available")
(error "line 931 column 39: model is not available")
(error "line 932 column 36: model is not available")
(error "line 933 column 38: model is not available")
(error "line 934 column 38: model is not available")
(error "line 935 column 38: model is not available")
(error "line 936 column 38: model is not available")
(error "line 937 column 38: model is not available")
(error "line 938 column 38: model is not available")
(error "line 939 column 38: model is not available")
(error "line 940 column 36: model is not available")
(error "line 941 column 29: model is not available")
(error "line 942 column 31: model is not available")
(error "line 943 column 38: model is not available")
(error "line 944 column 31: model is not available")
(error "line 945 column 38: model is not available")
(error "line 946 column 18: model is not available")
(error "line 947 column 20: model is not available")
(error "line 948 column 27: model is not available")
(error "line 949 column 20: model is not available")
(error "line 950 column 27: model is not available")
(error "line 951 column 20: model is not available")
(error "line 952 column 27: model is not available")
(error "line 953 column 20: model is not available")
(error "line 954 column 20: model is not available")
(error "line 955 column 20: model is not available")
(error "line 956 column 20: model is not available")
(error "line 957 column 27: model is not available")
(error "line 958 column 20: model is not available")
(error "line 959 column 27: model is not available")
(error "line 960 column 51: model is not available")
(error "line 961 column 50: model is not available")
(error "line 962 column 50: model is not available")
(error "line 963 column 50: model is not available")
(error "line 964 column 50: model is not available")
(error "line 965 column 50: model is not available")
(error "line 966 column 50: model is not available")
(error "line 967 column 50: model is not available")
(error "line 968 column 50: model is not available")
(error "line 969 column 55: model is not available")
(error "line 970 column 55: model is not available")
(error "line 971 column 36: model is not available")
(error "line 972 column 46: model is not available")
(error "line 973 column 46: model is not available")
(error "line 974 column 54: model is not available")
(error "line 975 column 54: model is not available")
(error "line 976 column 54: model is not available")
(error "line 977 column 40: model is not available")
(error "line 978 column 40: model is not available")
(error "line 979 column 41: model is not available")
(error "line 980 column 41: model is not available")
(error "line 981 column 50: model is not available")
(error "line 982 column 50: model is not available")
(error "line 983 column 43: model is not available")
(error "line 984 column 43: model is not available")
(error "line 985 column 24: model is not available")
(error "line 986 column 31: model is not available")
(error "line 987 column 24: model is not available")
(error "line 988 column 31: model is not available")
(error "line 989 column 30: model is not available")
(error "line 990 column 36: model is not available")
(error "line 991 column 36: model is not available")
(error "line 992 column 36: model is not available")
(error "line 993 column 36: model is not available")
(error "line 994 column 30: model is not available")
(error "line 996 column 10: model is not available")
(:added-eqs               16
 :arith-add-rows          69
 :arith-assert-lower      11
 :arith-assert-upper      18
 :arith-bound-prop        7
 :arith-pivots            24
 :binary-propagations     1938
 :bv-bit2core             407
 :bv-diseqs               1
 :conflicts               34
 :decisions               457
 :del-clause              436
 :eliminated-applications 32
 :eliminated-vars         10
 :max-memory              4.26
 :memory                  3.39
 :mk-bool-var             824
 :mk-clause               661
 :num-allocs              1811840
 :num-checks              1
 :propagations            2414
 :rlimit-count            22222
 :time                    0.01
 :total-time              0.01)

real	0m0.018s
user	0m0.009s
sys	0m0.008s
State: RE Run_time: 0.020049095153808594