unsat
(error "line 1780 column 17: model is not available")
(error "line 1781 column 17: model is not available")
(error "line 1782 column 18: model is not available")
(error "line 1783 column 18: model is not available")
(error "line 1784 column 18: model is not available")
(error "line 1785 column 18: model is not available")
(error "line 1786 column 18: model is not available")
(error "line 1787 column 18: model is not available")
(error "line 1788 column 18: model is not available")
(error "line 1789 column 18: model is not available")
(error "line 1790 column 18: model is not available")
(error "line 1791 column 18: model is not available")
(error "line 1792 column 17: model is not available")
(error "line 1793 column 18: model is not available")
(error "line 1794 column 18: model is not available")
(error "line 1795 column 18: model is not available")
(error "line 1796 column 18: model is not available")
(error "line 1797 column 18: model is not available")
(error "line 1798 column 18: model is not available")
(error "line 1799 column 18: model is not available")
(error "line 1800 column 18: model is not available")
(error "line 1801 column 18: model is not available")
(error "line 1802 column 18: model is not available")
(error "line 1803 column 17: model is not available")
(error "line 1804 column 18: model is not available")
(error "line 1805 column 18: model is not available")
(error "line 1806 column 18: model is not available")
(error "line 1807 column 18: model is not available")
(error "line 1808 column 18: model is not available")
(error "line 1809 column 18: model is not available")
(error "line 1810 column 18: model is not available")
(error "line 1811 column 18: model is not available")
(error "line 1812 column 18: model is not available")
(error "line 1813 column 18: model is not available")
(error "line 1814 column 17: model is not available")
(error "line 1815 column 18: model is not available")
(error "line 1816 column 18: model is not available")
(error "line 1817 column 18: model is not available")
(error "line 1818 column 18: model is not available")
(error "line 1819 column 18: model is not available")
(error "line 1820 column 18: model is not available")
(error "line 1821 column 18: model is not available")
(error "line 1822 column 18: model is not available")
(error "line 1823 column 18: model is not available")
(error "line 1824 column 18: model is not available")
(error "line 1825 column 17: model is not available")
(error "line 1826 column 18: model is not available")
(error "line 1827 column 18: model is not available")
(error "line 1828 column 18: model is not available")
(error "line 1829 column 18: model is not available")
(error "line 1830 column 18: model is not available")
(error "line 1831 column 18: model is not available")
(error "line 1832 column 18: model is not available")
(error "line 1833 column 18: model is not available")
(error "line 1834 column 18: model is not available")
(error "line 1835 column 18: model is not available")
(error "line 1836 column 17: model is not available")
(error "line 1837 column 18: model is not available")
(error "line 1838 column 18: model is not available")
(error "line 1839 column 18: model is not available")
(error "line 1840 column 18: model is not available")
(error "line 1841 column 18: model is not available")
(error "line 1842 column 18: model is not available")
(error "line 1843 column 18: model is not available")
(error "line 1844 column 18: model is not available")
(error "line 1845 column 18: model is not available")
(error "line 1846 column 18: model is not available")
(error "line 1847 column 17: model is not available")
(error "line 1848 column 18: model is not available")
(error "line 1849 column 18: model is not available")
(error "line 1850 column 18: model is not available")
(error "line 1851 column 18: model is not available")
(error "line 1852 column 18: model is not available")
(error "line 1853 column 18: model is not available")
(error "line 1854 column 18: model is not available")
(error "line 1855 column 18: model is not available")
(error "line 1856 column 18: model is not available")
(error "line 1857 column 18: model is not available")
(error "line 1858 column 17: model is not available")
(error "line 1859 column 18: model is not available")
(error "line 1860 column 18: model is not available")
(error "line 1861 column 18: model is not available")
(error "line 1862 column 18: model is not available")
(error "line 1863 column 18: model is not available")
(error "line 1864 column 18: model is not available")
(error "line 1865 column 18: model is not available")
(error "line 1866 column 18: model is not available")
(error "line 1867 column 18: model is not available")
(error "line 1868 column 18: model is not available")
(error "line 1869 column 17: model is not available")
(error "line 1870 column 18: model is not available")
(error "line 1871 column 18: model is not available")
(error "line 1872 column 18: model is not available")
(error "line 1873 column 38: model is not available")
(error "line 1874 column 45: model is not available")
(error "line 1875 column 38: model is not available")
(error "line 1876 column 45: model is not available")
(error "line 1877 column 46: model is not available")
(error "line 1878 column 53: model is not available")
(error "line 1879 column 40: model is not available")
(error "line 1880 column 47: model is not available")
(error "line 1881 column 38: model is not available")
(error "line 1882 column 45: model is not available")
(error "line 1883 column 38: model is not available")
(error "line 1884 column 45: model is not available")
(error "line 1885 column 41: model is not available")
(error "line 1886 column 48: model is not available")
(error "line 1887 column 41: model is not available")
(error "line 1888 column 48: model is not available")
(error "line 1889 column 37: model is not available")
(error "line 1890 column 44: model is not available")
(error "line 1891 column 42: model is not available")
(error "line 1892 column 42: model is not available")
(error "line 1893 column 38: model is not available")
(error "line 1894 column 38: model is not available")
(error "line 1895 column 38: model is not available")
(error "line 1896 column 41: model is not available")
(error "line 1897 column 48: model is not available")
(error "line 1898 column 41: model is not available")
(error "line 1899 column 48: model is not available")
(error "line 1900 column 41: model is not available")
(error "line 1901 column 48: model is not available")
(error "line 1902 column 22: model is not available")
(error "line 1903 column 29: model is not available")
(error "line 1904 column 22: model is not available")
(error "line 1905 column 29: model is not available")
(error "line 1906 column 22: model is not available")
(error "line 1907 column 29: model is not available")
(error "line 1908 column 22: model is not available")
(error "line 1909 column 29: model is not available")
(error "line 1910 column 22: model is not available")
(error "line 1911 column 29: model is not available")
(error "line 1912 column 22: model is not available")
(error "line 1913 column 29: model is not available")
(error "line 1914 column 22: model is not available")
(error "line 1915 column 29: model is not available")
(error "line 1916 column 22: model is not available")
(error "line 1917 column 29: model is not available")
(error "line 1918 column 22: model is not available")
(error "line 1919 column 29: model is not available")
(error "line 1920 column 22: model is not available")
(error "line 1921 column 29: model is not available")
(error "line 1922 column 22: model is not available")
(error "line 1923 column 29: model is not available")
(error "line 1924 column 22: model is not available")
(error "line 1925 column 29: model is not available")
(error "line 1926 column 22: model is not available")
(error "line 1927 column 29: model is not available")
(error "line 1928 column 22: model is not available")
(error "line 1929 column 29: model is not available")
(error "line 1930 column 22: model is not available")
(error "line 1931 column 29: model is not available")
(error "line 1932 column 22: model is not available")
(error "line 1933 column 29: model is not available")
(error "line 1934 column 22: model is not available")
(error "line 1935 column 29: model is not available")
(error "line 1936 column 22: model is not available")
(error "line 1937 column 29: model is not available")
(error "line 1938 column 38: model is not available")
(error "line 1939 column 39: model is not available")
(error "line 1940 column 39: model is not available")
(error "line 1941 column 39: model is not available")
(error "line 1942 column 39: model is not available")
(error "line 1943 column 39: model is not available")
(error "line 1944 column 38: model is not available")
(error "line 1945 column 38: model is not available")
(error "line 1946 column 38: model is not available")
(error "line 1947 column 38: model is not available")
(error "line 1948 column 38: model is not available")
(error "line 1949 column 38: model is not available")
(error "line 1950 column 38: model is not available")
(error "line 1951 column 38: model is not available")
(error "line 1952 column 36: model is not available")
(error "line 1953 column 36: model is not available")
(error "line 1954 column 29: model is not available")
(error "line 1955 column 31: model is not available")
(error "line 1956 column 38: model is not available")
(error "line 1957 column 31: model is not available")
(error "line 1958 column 38: model is not available")
(error "line 1959 column 51: model is not available")
(error "line 1960 column 51: model is not available")
(error "line 1961 column 53: model is not available")
(error "line 1962 column 53: model is not available")
(error "line 1963 column 51: model is not available")
(error "line 1964 column 52: model is not available")
(error "line 1965 column 52: model is not available")
(error "line 1966 column 53: model is not available")
(error "line 1967 column 53: model is not available")
(error "line 1968 column 53: model is not available")
(error "line 1969 column 53: model is not available")
(error "line 1970 column 52: model is not available")
(error "line 1971 column 52: model is not available")
(error "line 1972 column 53: model is not available")
(error "line 1973 column 53: model is not available")
(error "line 1974 column 52: model is not available")
(error "line 1975 column 52: model is not available")
(error "line 1976 column 52: model is not available")
(error "line 1977 column 53: model is not available")
(error "line 1978 column 53: model is not available")
(error "line 1979 column 53: model is not available")
(error "line 1980 column 53: model is not available")
(error "line 1981 column 52: model is not available")
(error "line 1982 column 52: model is not available")
(error "line 1983 column 52: model is not available")
(error "line 1984 column 52: model is not available")
(error "line 1985 column 52: model is not available")
(error "line 1986 column 52: model is not available")
(error "line 1987 column 51: model is not available")
(error "line 1988 column 52: model is not available")
(error "line 1989 column 52: model is not available")
(error "line 1990 column 52: model is not available")
(error "line 1991 column 52: model is not available")
(error "line 1992 column 52: model is not available")
(error "line 1993 column 52: model is not available")
(error "line 1994 column 52: model is not available")
(error "line 1995 column 52: model is not available")
(error "line 1996 column 52: model is not available")
(error "line 1997 column 52: model is not available")
(error "line 1998 column 52: model is not available")
(error "line 1999 column 52: model is not available")
(error "line 2000 column 52: model is not available")
(error "line 2001 column 52: model is not available")
(error "line 2002 column 52: model is not available")
(error "line 2003 column 52: model is not available")
(error "line 2004 column 52: model is not available")
(error "line 2005 column 52: model is not available")
(error "line 2006 column 52: model is not available")
(error "line 2007 column 52: model is not available")
(error "line 2008 column 52: model is not available")
(error "line 2009 column 52: model is not available")
(error "line 2010 column 57: model is not available")
(error "line 2011 column 57: model is not available")
(error "line 2012 column 57: model is not available")
(error "line 2013 column 57: model is not available")
(error "line 2014 column 56: model is not available")
(error "line 2015 column 55: model is not available")
(error "line 2016 column 56: model is not available")
(error "line 2017 column 56: model is not available")
(error "line 2018 column 55: model is not available")
(error "line 2019 column 55: model is not available")
(error "line 2020 column 55: model is not available")
(error "line 2021 column 46: model is not available")
(error "line 2022 column 46: model is not available")
(error "line 2023 column 54: model is not available")
(error "line 2024 column 54: model is not available")
(error "line 2025 column 54: model is not available")
(error "line 2026 column 40: model is not available")
(error "line 2027 column 40: model is not available")
(error "line 2028 column 41: model is not available")
(error "line 2029 column 41: model is not available")
(error "line 2030 column 50: model is not available")
(error "line 2031 column 50: model is not available")
(error "line 2032 column 43: model is not available")
(error "line 2033 column 43: model is not available")
(error "line 2034 column 26: model is not available")
(error "line 2035 column 30: model is not available")
(error "line 2036 column 36: model is not available")
(error "line 2037 column 36: model is not available")
(error "line 2038 column 30: model is not available")
(error "line 2039 column 36: model is not available")
(error "line 2040 column 36: model is not available")
(error "line 2041 column 30: model is not available")
(error "line 2042 column 21: model is not available")
(error "line 2043 column 28: model is not available")
(error "line 2044 column 22: model is not available")
(error "line 2045 column 29: model is not available")
(error "line 2046 column 22: model is not available")
(error "line 2047 column 29: model is not available")
(error "line 2048 column 21: model is not available")
(error "line 2049 column 28: model is not available")
(error "line 2050 column 21: model is not available")
(error "line 2051 column 28: model is not available")
(error "line 2052 column 21: model is not available")
(error "line 2053 column 28: model is not available")
(error "line 2054 column 21: model is not available")
(error "line 2055 column 28: model is not available")
(error "line 2056 column 21: model is not available")
(error "line 2057 column 28: model is not available")
(error "line 2058 column 21: model is not available")
(error "line 2059 column 28: model is not available")
(error "line 2060 column 21: model is not available")
(error "line 2061 column 28: model is not available")
(error "line 2062 column 21: model is not available")
(error "line 2063 column 28: model is not available")
(error "line 2064 column 18: model is not available")
(error "line 2065 column 25: model is not available")
(error "line 2066 column 18: model is not available")
(error "line 2067 column 25: model is not available")
(error "line 2068 column 18: model is not available")
(error "line 2069 column 25: model is not available")
(error "line 2070 column 18: model is not available")
(error "line 2071 column 25: model is not available")
(error "line 2072 column 18: model is not available")
(error "line 2073 column 25: model is not available")
(error "line 2075 column 10: model is not available")
(:added-eqs                      124
 :arith-bound-propagations-cheap 63
 :arith-bound-propagations-lp    160
 :arith-conflicts                5
 :arith-lower                    85
 :arith-make-feasible            58
 :arith-max-columns              165
 :arith-max-rows                 120
 :arith-propagations             63
 :arith-upper                    109
 :binary-propagations            1323
 :bv-bit2core                    1462
 :bv-dynamic-diseqs              6
 :bv->core-eq                    2
 :conflicts                      37
 :decisions                      93
 :del-clause                     61
 :eliminated-applications        17
 :eliminated-vars                14
 :max-memory                     4.50
 :memory                         3.23
 :minimized-lits                 8
 :mk-bool-var                    797
 :mk-clause                      400
 :num-allocs                     1362723
 :num-checks                     1
 :propagations                   1930
 :rlimit-count                   89101
 :time                           0.02
 :total-time                     0.02)

real	0m0.028s
user	0m0.024s
sys	0m0.003s
State: RE Run_time: 0.030109643936157227