num of guard = 26
num of elim = 0
unsat
(error "line 4414 column 17: model is not available")
(error "line 4415 column 17: model is not available")
(error "line 4416 column 18: model is not available")
(error "line 4417 column 19: model is not available")
(error "line 4418 column 19: model is not available")
(error "line 4419 column 19: model is not available")
(error "line 4420 column 19: model is not available")
(error "line 4421 column 19: model is not available")
(error "line 4422 column 19: model is not available")
(error "line 4423 column 19: model is not available")
(error "line 4424 column 19: model is not available")
(error "line 4425 column 19: model is not available")
(error "line 4426 column 19: model is not available")
(error "line 4427 column 18: model is not available")
(error "line 4428 column 19: model is not available")
(error "line 4429 column 19: model is not available")
(error "line 4430 column 19: model is not available")
(error "line 4431 column 19: model is not available")
(error "line 4432 column 19: model is not available")
(error "line 4433 column 19: model is not available")
(error "line 4434 column 19: model is not available")
(error "line 4435 column 19: model is not available")
(error "line 4436 column 19: model is not available")
(error "line 4437 column 19: model is not available")
(error "line 4438 column 18: model is not available")
(error "line 4439 column 19: model is not available")
(error "line 4440 column 19: model is not available")
(error "line 4441 column 19: model is not available")
(error "line 4442 column 19: model is not available")
(error "line 4443 column 19: model is not available")
(error "line 4444 column 19: model is not available")
(error "line 4445 column 19: model is not available")
(error "line 4446 column 19: model is not available")
(error "line 4447 column 19: model is not available")
(error "line 4448 column 19: model is not available")
(error "line 4449 column 18: model is not available")
(error "line 4450 column 19: model is not available")
(error "line 4451 column 19: model is not available")
(error "line 4452 column 19: model is not available")
(error "line 4453 column 19: model is not available")
(error "line 4454 column 19: model is not available")
(error "line 4455 column 19: model is not available")
(error "line 4456 column 19: model is not available")
(error "line 4457 column 19: model is not available")
(error "line 4458 column 19: model is not available")
(error "line 4459 column 19: model is not available")
(error "line 4460 column 18: model is not available")
(error "line 4461 column 19: model is not available")
(error "line 4462 column 19: model is not available")
(error "line 4463 column 19: model is not available")
(error "line 4464 column 19: model is not available")
(error "line 4465 column 19: model is not available")
(error "line 4466 column 19: model is not available")
(error "line 4467 column 19: model is not available")
(error "line 4468 column 19: model is not available")
(error "line 4469 column 19: model is not available")
(error "line 4470 column 19: model is not available")
(error "line 4471 column 18: model is not available")
(error "line 4472 column 19: model is not available")
(error "line 4473 column 19: model is not available")
(error "line 4474 column 19: model is not available")
(error "line 4475 column 19: model is not available")
(error "line 4476 column 19: model is not available")
(error "line 4477 column 19: model is not available")
(error "line 4478 column 19: model is not available")
(error "line 4479 column 19: model is not available")
(error "line 4480 column 19: model is not available")
(error "line 4481 column 19: model is not available")
(error "line 4482 column 18: model is not available")
(error "line 4483 column 19: model is not available")
(error "line 4484 column 19: model is not available")
(error "line 4485 column 19: model is not available")
(error "line 4486 column 19: model is not available")
(error "line 4487 column 19: model is not available")
(error "line 4488 column 19: model is not available")
(error "line 4489 column 19: model is not available")
(error "line 4490 column 18: model is not available")
(error "line 4491 column 18: model is not available")
(error "line 4492 column 18: model is not available")
(error "line 4493 column 17: model is not available")
(error "line 4494 column 18: model is not available")
(error "line 4495 column 18: model is not available")
(error "line 4496 column 18: model is not available")
(error "line 4497 column 18: model is not available")
(error "line 4498 column 18: model is not available")
(error "line 4499 column 18: model is not available")
(error "line 4500 column 18: model is not available")
(error "line 4501 column 18: model is not available")
(error "line 4502 column 18: model is not available")
(error "line 4503 column 18: model is not available")
(error "line 4504 column 17: model is not available")
(error "line 4505 column 18: model is not available")
(error "line 4506 column 18: model is not available")
(error "line 4507 column 18: model is not available")
(error "line 4508 column 18: model is not available")
(error "line 4509 column 18: model is not available")
(error "line 4510 column 18: model is not available")
(error "line 4511 column 18: model is not available")
(error "line 4512 column 18: model is not available")
(error "line 4513 column 18: model is not available")
(error "line 4514 column 18: model is not available")
(error "line 4515 column 17: model is not available")
(error "line 4516 column 18: model is not available")
(error "line 4517 column 18: model is not available")
(error "line 4518 column 18: model is not available")
(error "line 4519 column 18: model is not available")
(error "line 4520 column 18: model is not available")
(error "line 4521 column 18: model is not available")
(error "line 4522 column 18: model is not available")
(error "line 4523 column 18: model is not available")
(error "line 4524 column 18: model is not available")
(error "line 4525 column 18: model is not available")
(error "line 4526 column 17: model is not available")
(error "line 4527 column 18: model is not available")
(error "line 4528 column 18: model is not available")
(error "line 4529 column 18: model is not available")
(error "line 4530 column 18: model is not available")
(error "line 4531 column 18: model is not available")
(error "line 4532 column 18: model is not available")
(error "line 4533 column 18: model is not available")
(error "line 4534 column 18: model is not available")
(error "line 4535 column 18: model is not available")
(error "line 4536 column 18: model is not available")
(error "line 4537 column 17: model is not available")
(error "line 4538 column 18: model is not available")
(error "line 4539 column 18: model is not available")
(error "line 4540 column 18: model is not available")
(error "line 4541 column 18: model is not available")
(error "line 4542 column 18: model is not available")
(error "line 4543 column 18: model is not available")
(error "line 4544 column 18: model is not available")
(error "line 4545 column 18: model is not available")
(error "line 4546 column 18: model is not available")
(error "line 4547 column 18: model is not available")
(error "line 4548 column 17: model is not available")
(error "line 4549 column 18: model is not available")
(error "line 4550 column 18: model is not available")
(error "line 4551 column 18: model is not available")
(error "line 4552 column 18: model is not available")
(error "line 4553 column 18: model is not available")
(error "line 4554 column 18: model is not available")
(error "line 4555 column 18: model is not available")
(error "line 4556 column 18: model is not available")
(error "line 4557 column 18: model is not available")
(error "line 4558 column 18: model is not available")
(error "line 4559 column 17: model is not available")
(error "line 4560 column 18: model is not available")
(error "line 4561 column 18: model is not available")
(error "line 4562 column 18: model is not available")
(error "line 4563 column 18: model is not available")
(error "line 4564 column 18: model is not available")
(error "line 4565 column 18: model is not available")
(error "line 4566 column 18: model is not available")
(error "line 4567 column 18: model is not available")
(error "line 4568 column 18: model is not available")
(error "line 4569 column 18: model is not available")
(error "line 4570 column 17: model is not available")
(error "line 4571 column 18: model is not available")
(error "line 4572 column 18: model is not available")
(error "line 4573 column 18: model is not available")
(error "line 4574 column 18: model is not available")
(error "line 4575 column 18: model is not available")
(error "line 4576 column 18: model is not available")
(error "line 4577 column 18: model is not available")
(error "line 4578 column 18: model is not available")
(error "line 4579 column 18: model is not available")
(error "line 4580 column 18: model is not available")
(error "line 4581 column 18: model is not available")
(error "line 4582 column 25: model is not available")
(error "line 4583 column 18: model is not available")
(error "line 4584 column 25: model is not available")
(error "line 4585 column 18: model is not available")
(error "line 4586 column 25: model is not available")
(error "line 4587 column 18: model is not available")
(error "line 4588 column 25: model is not available")
(error "line 4589 column 18: model is not available")
(error "line 4590 column 25: model is not available")
(error "line 4591 column 38: model is not available")
(error "line 4592 column 45: model is not available")
(error "line 4593 column 38: model is not available")
(error "line 4594 column 45: model is not available")
(error "line 4595 column 46: model is not available")
(error "line 4596 column 53: model is not available")
(error "line 4597 column 40: model is not available")
(error "line 4598 column 47: model is not available")
(error "line 4599 column 38: model is not available")
(error "line 4600 column 45: model is not available")
(error "line 4601 column 38: model is not available")
(error "line 4602 column 45: model is not available")
(error "line 4603 column 41: model is not available")
(error "line 4604 column 48: model is not available")
(error "line 4605 column 41: model is not available")
(error "line 4606 column 48: model is not available")
(error "line 4607 column 37: model is not available")
(error "line 4608 column 44: model is not available")
(error "line 4609 column 42: model is not available")
(error "line 4610 column 42: model is not available")
(error "line 4611 column 38: model is not available")
(error "line 4612 column 38: model is not available")
(error "line 4613 column 38: model is not available")
(error "line 4614 column 41: model is not available")
(error "line 4615 column 48: model is not available")
(error "line 4616 column 41: model is not available")
(error "line 4617 column 48: model is not available")
(error "line 4618 column 41: model is not available")
(error "line 4619 column 48: model is not available")
(error "line 4620 column 19: model is not available")
(error "line 4621 column 26: model is not available")
(error "line 4622 column 20: model is not available")
(error "line 4623 column 27: model is not available")
(error "line 4624 column 19: model is not available")
(error "line 4625 column 26: model is not available")
(error "line 4626 column 19: model is not available")
(error "line 4627 column 26: model is not available")
(error "line 4628 column 19: model is not available")
(error "line 4629 column 26: model is not available")
(error "line 4630 column 19: model is not available")
(error "line 4631 column 26: model is not available")
(error "line 4632 column 19: model is not available")
(error "line 4633 column 26: model is not available")
(error "line 4634 column 19: model is not available")
(error "line 4635 column 26: model is not available")
(error "line 4636 column 19: model is not available")
(error "line 4637 column 26: model is not available")
(error "line 4638 column 19: model is not available")
(error "line 4639 column 26: model is not available")
(error "line 4640 column 19: model is not available")
(error "line 4641 column 26: model is not available")
(error "line 4642 column 20: model is not available")
(error "line 4643 column 27: model is not available")
(error "line 4644 column 19: model is not available")
(error "line 4645 column 26: model is not available")
(error "line 4646 column 19: model is not available")
(error "line 4647 column 26: model is not available")
(error "line 4648 column 19: model is not available")
(error "line 4649 column 26: model is not available")
(error "line 4650 column 19: model is not available")
(error "line 4651 column 26: model is not available")
(error "line 4652 column 19: model is not available")
(error "line 4653 column 26: model is not available")
(error "line 4654 column 19: model is not available")
(error "line 4655 column 26: model is not available")
(error "line 4656 column 19: model is not available")
(error "line 4657 column 26: model is not available")
(error "line 4658 column 19: model is not available")
(error "line 4659 column 26: model is not available")
(error "line 4660 column 38: model is not available")
(error "line 4661 column 39: model is not available")
(error "line 4662 column 39: model is not available")
(error "line 4663 column 39: model is not available")
(error "line 4664 column 39: model is not available")
(error "line 4665 column 39: model is not available")
(error "line 4666 column 39: model is not available")
(error "line 4667 column 39: model is not available")
(error "line 4668 column 39: model is not available")
(error "line 4669 column 39: model is not available")
(error "line 4670 column 39: model is not available")
(error "line 4671 column 38: model is not available")
(error "line 4672 column 39: model is not available")
(error "line 4673 column 39: model is not available")
(error "line 4674 column 39: model is not available")
(error "line 4675 column 39: model is not available")
(error "line 4676 column 39: model is not available")
(error "line 4677 column 39: model is not available")
(error "line 4678 column 39: model is not available")
(error "line 4679 column 38: model is not available")
(error "line 4680 column 38: model is not available")
(error "line 4681 column 38: model is not available")
(error "line 4682 column 38: model is not available")
(error "line 4683 column 38: model is not available")
(error "line 4684 column 38: model is not available")
(error "line 4685 column 38: model is not available")
(error "line 4686 column 36: model is not available")
(error "line 4687 column 36: model is not available")
(error "line 4688 column 29: model is not available")
(error "line 4689 column 31: model is not available")
(error "line 4690 column 38: model is not available")
(error "line 4691 column 31: model is not available")
(error "line 4692 column 38: model is not available")
(error "line 4693 column 53: model is not available")
(error "line 4694 column 53: model is not available")
(error "line 4695 column 53: model is not available")
(error "line 4696 column 52: model is not available")
(error "line 4697 column 53: model is not available")
(error "line 4698 column 53: model is not available")
(error "line 4699 column 53: model is not available")
(error "line 4700 column 52: model is not available")
(error "line 4701 column 52: model is not available")
(error "line 4702 column 52: model is not available")
(error "line 4703 column 53: model is not available")
(error "line 4704 column 51: model is not available")
(error "line 4705 column 54: model is not available")
(error "line 4706 column 53: model is not available")
(error "line 4707 column 54: model is not available")
(error "line 4708 column 54: model is not available")
(error "line 4709 column 54: model is not available")
(error "line 4710 column 54: model is not available")
(error "line 4711 column 53: model is not available")
(error "line 4712 column 53: model is not available")
(error "line 4713 column 53: model is not available")
(error "line 4714 column 53: model is not available")
(error "line 4715 column 53: model is not available")
(error "line 4716 column 53: model is not available")
(error "line 4717 column 52: model is not available")
(error "line 4718 column 53: model is not available")
(error "line 4719 column 53: model is not available")
(error "line 4720 column 53: model is not available")
(error "line 4721 column 53: model is not available")
(error "line 4722 column 52: model is not available")
(error "line 4723 column 53: model is not available")
(error "line 4724 column 53: model is not available")
(error "line 4725 column 53: model is not available")
(error "line 4726 column 53: model is not available")
(error "line 4727 column 52: model is not available")
(error "line 4728 column 53: model is not available")
(error "line 4729 column 53: model is not available")
(error "line 4730 column 53: model is not available")
(error "line 4731 column 53: model is not available")
(error "line 4732 column 52: model is not available")
(error "line 4733 column 53: model is not available")
(error "line 4734 column 53: model is not available")
(error "line 4735 column 53: model is not available")
(error "line 4736 column 53: model is not available")
(error "line 4737 column 52: model is not available")
(error "line 4738 column 54: model is not available")
(error "line 4739 column 53: model is not available")
(error "line 4740 column 54: model is not available")
(error "line 4741 column 54: model is not available")
(error "line 4742 column 54: model is not available")
(error "line 4743 column 54: model is not available")
(error "line 4744 column 53: model is not available")
(error "line 4745 column 53: model is not available")
(error "line 4746 column 53: model is not available")
(error "line 4747 column 53: model is not available")
(error "line 4748 column 53: model is not available")
(error "line 4749 column 53: model is not available")
(error "line 4750 column 53: model is not available")
(error "line 4751 column 52: model is not available")
(error "line 4752 column 53: model is not available")
(error "line 4753 column 53: model is not available")
(error "line 4754 column 53: model is not available")
(error "line 4755 column 53: model is not available")
(error "line 4756 column 53: model is not available")
(error "line 4757 column 52: model is not available")
(error "line 4758 column 51: model is not available")
(error "line 4759 column 52: model is not available")
(error "line 4760 column 52: model is not available")
(error "line 4761 column 53: model is not available")
(error "line 4762 column 53: model is not available")
(error "line 4763 column 53: model is not available")
(error "line 4764 column 53: model is not available")
(error "line 4765 column 52: model is not available")
(error "line 4766 column 53: model is not available")
(error "line 4767 column 53: model is not available")
(error "line 4768 column 53: model is not available")
(error "line 4769 column 53: model is not available")
(error "line 4770 column 52: model is not available")
(error "line 4771 column 53: model is not available")
(error "line 4772 column 53: model is not available")
(error "line 4773 column 53: model is not available")
(error "line 4774 column 53: model is not available")
(error "line 4775 column 52: model is not available")
(error "line 4776 column 53: model is not available")
(error "line 4777 column 53: model is not available")
(error "line 4778 column 53: model is not available")
(error "line 4779 column 53: model is not available")
(error "line 4780 column 52: model is not available")
(error "line 4781 column 54: model is not available")
(error "line 4782 column 54: model is not available")
(error "line 4783 column 54: model is not available")
(error "line 4784 column 54: model is not available")
(error "line 4785 column 54: model is not available")
(error "line 4786 column 54: model is not available")
(error "line 4787 column 54: model is not available")
(error "line 4788 column 54: model is not available")
(error "line 4789 column 53: model is not available")
(error "line 4790 column 53: model is not available")
(error "line 4791 column 53: model is not available")
(error "line 4792 column 53: model is not available")
(error "line 4793 column 53: model is not available")
(error "line 4794 column 52: model is not available")
(error "line 4795 column 53: model is not available")
(error "line 4796 column 54: model is not available")
(error "line 4797 column 54: model is not available")
(error "line 4798 column 54: model is not available")
(error "line 4799 column 54: model is not available")
(error "line 4800 column 53: model is not available")
(error "line 4801 column 51: model is not available")
(error "line 4802 column 52: model is not available")
(error "line 4803 column 52: model is not available")
(error "line 4804 column 51: model is not available")
(error "line 4805 column 52: model is not available")
(error "line 4806 column 52: model is not available")
(error "line 4807 column 52: model is not available")
(error "line 4808 column 52: model is not available")
(error "line 4809 column 52: model is not available")
(error "line 4810 column 52: model is not available")
(error "line 4811 column 52: model is not available")
(error "line 4812 column 52: model is not available")
(error "line 4813 column 52: model is not available")
(error "line 4814 column 52: model is not available")
(error "line 4815 column 52: model is not available")
(error "line 4816 column 51: model is not available")
(error "line 4817 column 53: model is not available")
(error "line 4818 column 53: model is not available")
(error "line 4819 column 53: model is not available")
(error "line 4820 column 53: model is not available")
(error "line 4821 column 53: model is not available")
(error "line 4822 column 53: model is not available")
(error "line 4823 column 53: model is not available")
(error "line 4824 column 53: model is not available")
(error "line 4825 column 52: model is not available")
(error "line 4826 column 52: model is not available")
(error "line 4827 column 52: model is not available")
(error "line 4828 column 52: model is not available")
(error "line 4829 column 51: model is not available")
(error "line 4830 column 57: model is not available")
(error "line 4831 column 57: model is not available")
(error "line 4832 column 58: model is not available")
(error "line 4833 column 58: model is not available")
(error "line 4834 column 58: model is not available")
(error "line 4835 column 58: model is not available")
(error "line 4836 column 57: model is not available")
(error "line 4837 column 57: model is not available")
(error "line 4838 column 58: model is not available")
(error "line 4839 column 57: model is not available")
(error "line 4840 column 58: model is not available")
(error "line 4841 column 58: model is not available")
(error "line 4842 column 57: model is not available")
(error "line 4843 column 58: model is not available")
(error "line 4844 column 57: model is not available")
(error "line 4845 column 58: model is not available")
(error "line 4846 column 58: model is not available")
(error "line 4847 column 57: model is not available")
(error "line 4848 column 58: model is not available")
(error "line 4849 column 57: model is not available")
(error "line 4850 column 58: model is not available")
(error "line 4851 column 58: model is not available")
(error "line 4852 column 57: model is not available")
(error "line 4853 column 58: model is not available")
(error "line 4854 column 58: model is not available")
(error "line 4855 column 58: model is not available")
(error "line 4856 column 57: model is not available")
(error "line 4857 column 57: model is not available")
(error "line 4858 column 46: model is not available")
(error "line 4859 column 46: model is not available")
(error "line 4860 column 54: model is not available")
(error "line 4861 column 54: model is not available")
(error "line 4862 column 54: model is not available")
(error "line 4863 column 40: model is not available")
(error "line 4864 column 40: model is not available")
(error "line 4865 column 41: model is not available")
(error "line 4866 column 41: model is not available")
(error "line 4867 column 50: model is not available")
(error "line 4868 column 50: model is not available")
(error "line 4869 column 43: model is not available")
(error "line 4870 column 43: model is not available")
(error "line 4871 column 26: model is not available")
(error "line 4872 column 30: model is not available")
(error "line 4873 column 36: model is not available")
(error "line 4874 column 36: model is not available")
(error "line 4875 column 30: model is not available")
(error "line 4876 column 36: model is not available")
(error "line 4877 column 36: model is not available")
(error "line 4878 column 30: model is not available")
(error "line 4879 column 18: model is not available")
(error "line 4880 column 25: model is not available")
(error "line 4881 column 18: model is not available")
(error "line 4882 column 25: model is not available")
(error "line 4883 column 18: model is not available")
(error "line 4884 column 25: model is not available")
(error "line 4885 column 18: model is not available")
(error "line 4886 column 25: model is not available")
(error "line 4887 column 18: model is not available")
(error "line 4888 column 25: model is not available")
(error "line 4889 column 18: model is not available")
(error "line 4890 column 25: model is not available")
(error "line 4891 column 18: model is not available")
(error "line 4892 column 25: model is not available")
(error "line 4893 column 18: model is not available")
(error "line 4894 column 25: model is not available")
(error "line 4895 column 18: model is not available")
(error "line 4896 column 25: model is not available")
(error "line 4897 column 18: model is not available")
(error "line 4898 column 25: model is not available")
(error "line 4899 column 19: model is not available")
(error "line 4900 column 26: model is not available")
(error "line 4901 column 19: model is not available")
(error "line 4902 column 26: model is not available")
(error "line 4903 column 19: model is not available")
(error "line 4904 column 26: model is not available")
(error "line 4905 column 19: model is not available")
(error "line 4906 column 26: model is not available")
(error "line 4907 column 19: model is not available")
(error "line 4908 column 26: model is not available")
(error "line 4909 column 19: model is not available")
(error "line 4910 column 26: model is not available")
(error "line 4911 column 19: model is not available")
(error "line 4912 column 26: model is not available")
(error "line 4913 column 19: model is not available")
(error "line 4914 column 26: model is not available")
(error "line 4915 column 19: model is not available")
(error "line 4916 column 26: model is not available")
(error "line 4917 column 19: model is not available")
(error "line 4918 column 26: model is not available")
(error "line 4919 column 18: model is not available")
(error "line 4920 column 25: model is not available")
(error "line 4921 column 19: model is not available")
(error "line 4922 column 26: model is not available")
(error "line 4923 column 19: model is not available")
(error "line 4924 column 26: model is not available")
(error "line 4925 column 19: model is not available")
(error "line 4926 column 26: model is not available")
(error "line 4927 column 19: model is not available")
(error "line 4928 column 26: model is not available")
(error "line 4929 column 18: model is not available")
(error "line 4930 column 25: model is not available")
(error "line 4931 column 18: model is not available")
(error "line 4932 column 25: model is not available")
(error "line 4933 column 18: model is not available")
(error "line 4934 column 25: model is not available")
(error "line 4935 column 18: model is not available")
(error "line 4936 column 25: model is not available")
(error "line 4937 column 18: model is not available")
(error "line 4938 column 25: model is not available")
(error "line 4939 column 18: model is not available")
(error "line 4940 column 25: model is not available")
(error "line 4941 column 18: model is not available")
(error "line 4942 column 25: model is not available")
(error "line 4944 column 10: model is not available")
(:added-eqs               265
 :arith-add-rows          8179
 :arith-assert-lower      230
 :arith-assert-upper      156
 :arith-bound-prop        623
 :arith-conflicts         10
 :arith-pivots            155
 :binary-propagations     2250
 :bv-bit2core             3261
 :bv-dynamic-diseqs       21
 :conflicts               38
 :decisions               79
 :del-clause              284
 :eliminated-applications 5
 :max-memory              7.27
 :memory                  4.16
 :minimized-lits          23
 :mk-bool-var             2033
 :mk-clause               1350
 :num-allocs              7198980
 :num-checks              1
 :propagations            3088
 :rlimit-count            864203
 :time                    0.04
 :total-time              0.05)

real	0m0.059s
user	0m0.055s
sys	0m0.004s
State: RE Run_time: 0.06159830093383789