num of guard = 6
num of elim = 658
num of guard = 6
num of elim = 642
num of guard = 6
num of elim = 643
num of guard = 5
num of elim = 641
num of guard = 4
num of elim = 641
num of guard = 3
num of elim = 643
num of guard = 2
num of elim = 641
num of guard = 2
num of elim = 641
sat
((|B0| true))
((|B1| true))
((|B10| true))
((|B100| true))
((|B101| true))
((|B102| true))
((|B103| true))
((|B104| true))
((|B105| true))
((|B106| true))
((|B107| true))
((|B108| true))
((|B109| true))
((|B11| true))
((|B110| true))
((|B111| true))
((|B112| true))
((|B113| true))
((|B114| true))
((|B115| false))
((|B116| true))
((|B117| true))
((|B118| true))
((|B119| true))
((|B12| true))
((|B120| true))
((|B121| true))
((|B122| true))
((|B123| true))
((|B124| true))
((|B125| false))
((|B126| true))
((|B127| true))
((|B128| true))
((|B129| true))
((|B13| true))
((|B130| true))
((|B131| true))
((|B132| true))
((|B133| true))
((|B134| false))
((|B135| false))
((|B136| true))
((|B137| true))
((|B138| true))
((|B139| true))
((|B14| true))
((|B140| true))
((|B141| false))
((|B142| false))
((|B143| true))
((|B144| true))
((|B145| true))
((|B146| true))
((|B147| true))
((|B148| true))
((|B149| true))
((|B15| true))
((|B150| true))
((|B151| false))
((|B152| false))
((|B153| false))
((|B154| false))
((|B155| false))
((|B156| false))
((|B157| false))
((|B158| false))
((|B159| false))
((|B16| true))
((|B160| true))
((|B161| true))
((|B162| true))
((|B163| true))
((|B164| true))
((|B165| true))
((|B166| true))
((|B167| true))
((|B168| true))
((|B169| true))
((|B17| true))
((|B170| true))
((|B171| false))
((|B172| true))
((|B173| true))
((|B174| false))
((|B175| false))
((|B176| true))
((|B177| true))
((|B178| false))
((|B18| true))
((|B19| true))
((|B2| true))
((|B20| true))
((|B21| true))
((|B22| true))
((|B23| true))
((|B24| true))
((|B25| true))
((|B26| true))
((|B27| true))
((|B28| true))
((|B29| true))
((|B3| true))
((|B30| true))
((|B31| true))
((|B32| true))
((|B33| true))
((|B34| true))
((|B35| true))
((|B36| true))
((|B37| true))
((|B38| true))
((|B39| true))
((|B4| true))
((|B40| true))
((|B41| true))
((|B42| true))
((|B43| true))
((|B44| true))
((|B45| true))
((|B46| true))
((|B47| true))
((|B48| true))
((|B49| true))
((|B5| true))
((|B50| true))
((|B51| true))
((|B52| true))
((|B53| true))
((|B54| true))
((|B55| true))
((|B56| true))
((|B57| true))
((|B58| true))
((|B59| true))
((|B6| true))
((|B60| true))
((|B61| false))
((|B62| false))
((|B63| false))
((|B64| false))
((|B65| false))
((|B66| false))
((|B67| false))
((|B68| false))
((|B69| false))
((|B7| false))
((|B70| false))
((|B71| false))
((|B72| false))
((|B73| true))
((|B74| true))
((|B75| true))
((|B76| true))
((|B77| true))
((|B78| true))
((|B79| true))
((|B8| false))
((|B80| true))
((|B81| true))
((|B82| true))
((|B83| true))
((|B84| true))
((|B85| true))
((|B86| true))
((|B87| true))
((|B88| true))
((|B89| true))
((|B9| false))
((|B90| true))
((|B91| true))
((|B92| false))
((|B93| false))
((|B94| true))
((|B95| true))
((|B96| true))
((|B97| true))
((|B98| true))
((|B99| true))
((|__CPROVER_dead_object#1| #x00000000))
((|__CPROVER_dead_object#1$wclk$8| (- 18)))
((|__CPROVER_deallocated#1| #x00000000))
((|__CPROVER_deallocated#1$wclk$8| (- 17)))
((|__CPROVER_malloc_is_new_array#1| false))
((|__CPROVER_malloc_is_new_array#1$wclk$8| (- 16)))
((|__CPROVER_malloc_object#1| #x00000000))
((|__CPROVER_malloc_object#1$wclk$8| (- 15)))
((|__CPROVER_malloc_size#1| #x00000000))
((|__CPROVER_malloc_size#1$wclk$8| (- 14)))
((|__CPROVER_memory_leak#1| #x00000000))
((|__CPROVER_memory_leak#1$wclk$8| (- 13)))
((|__CPROVER_next_thread_id#1| #x00000000))
((|__CPROVER_next_thread_id#1$wclk$8| (- 12)))
((|__CPROVER_next_thread_id#2| #x00000001))
((|__CPROVER_next_thread_id#2$wclk$8| (- 2)))
((|__CPROVER_pipe_count#1| #x00000000))
((|__CPROVER_pipe_count#1$wclk$8| (- 11)))
((|__CPROVER_rounding_mode!0#1| #x00000000))
((|__CPROVER_rounding_mode!1#1| #x00000000))
((|__CPROVER_thread_id!0#1| #x00000000))
((|__CPROVER_thread_id!1#1| #x00000000))
((|__CPROVER_thread_id!1#2| #x00000000))
((|__CPROVER_threads_exited#1| ((as const (Array (_ BitVec 32) Bool)) false)))
((|__CPROVER_threads_exited#1$wclk$8| (- 10)))
((|__CPROVER_threads_exited#2| (store ((as const (Array (_ BitVec 32) Bool)) false) #x00000000 true)))
((|__CPROVER_threads_exited#2$rclk$8| 25))
((|__CPROVER_threads_exited#3| (store ((as const (Array (_ BitVec 32) Bool)) false) #x00000000 true)))
((|__CPROVER_threads_exited#3$wclk$8| 26))
((|__VERIFIER_atomic_CAS::e!1@1#1| #x00000000))
((|__VERIFIER_atomic_CAS::r!1@1#1| #x07000000))
((|__VERIFIER_atomic_CAS::u!1@1#1| #x00000001))
((|__VERIFIER_atomic_CAS::v!1@1#1| #x06000000))
((|__VERIFIER_atomic_acquire::m!1@1#1| #x04000000))
((|__VERIFIER_atomic_acquire::m!1@2#1| #x05000000))
((|__VERIFIER_atomic_assert::$tmp::::tmp_if_expr$1!1@1#1| false))
((|__VERIFIER_atomic_assert::$tmp::::tmp_if_expr$1!1@1#2| true))
((|__VERIFIER_atomic_assert::$tmp::::tmp_if_expr$1!1@1#3| false))
((|__VERIFIER_atomic_assert::$tmp::::tmp_if_expr$1!1@1#4| true))
((|__VERIFIER_atomic_assert::$tmp::::tmp_if_expr$1!1@1#5| true))
((|__VERIFIER_atomic_assert::$tmp::return_value_isEmpty$1!1@1#0| #x00000000))
((|__VERIFIER_atomic_assert::$tmp::return_value_isEmpty$1!1@1#1| #x00000000))
((|__VERIFIER_atomic_assert::$tmp::return_value_isEmpty$1!1@1#2| #x00000000))
((|__VERIFIER_atomic_assert::$tmp::return_value_isEmpty$1!1@1#3| #x00000000))
((|__VERIFIER_atomic_assert::r!1@1#1| #x00000001))
((|__VERIFIER_atomic_release::m!1@1#1| #x04000000))
((|__VERIFIER_atomic_release::m!1@2#1| #x05000000))
((|__VERIFIER_atomic_release::m!1@3#1| #x05000000))
((|__VERIFIER_nondet_int#return_value!1#1| #x00000000))
((|goto_symex::&92;guard#1| false))
((|goto_symex::&92;guard#2| true))
((|goto_symex::&92;guard#3| false))
((|goto_symex::&92;guard#4| false))
((|goto_symex::&92;guard#5| true))
((|goto_symex::&92;guard#6| true))
((|goto_symex::&92;guard#7| false))
((|goto_symex::&92;guard#8| false))
((|index_malloc#return_value!1#1| #x00000000))
((|index_malloc#return_value!1#2| #x00000001))
((|index_malloc#return_value!1#4| #x00000000))
((|index_malloc::1::curr_alloc_idx!1@1#1| #x00000000))
((|index_malloc::1::curr_alloc_idx!1@1#2| #xffffffff))
((|index_malloc::1::curr_alloc_idx!1@1#3| #x00000000))
((|index_malloc::1::curr_alloc_idx!1@1#4| #xffffffff))
((|index_malloc::1::curr_alloc_idx!1@1#5| #x00000001))
((|index_malloc::1::curr_alloc_idx!1@1#6| #x00000001))
((|isEmpty#return_value!1#1| #x00000000))
((|isEmpty#return_value!1#2| #x00000001))
((|isEmpty#return_value!1#3| #x00000000))
((|isEmpty#return_value!1#4| #x00000000))
((|isEmpty#return_value!1#5| #x00000000))
((|isEmpty#return_value!1#6| #x00000000))
((|isEmpty#return_value!1#7| #x00000000))
((|isEmpty#return_value!1#8| #x00000000))
((|m| #x00000000))
((|m#1| #x00000000))
((|m#1$wclk$8| (- 9)))
((|m#10| #x00000000))
((|m#10$wclk$8| 16))
((|m#2| #x00000000))
((|m#2$rclk$8| 10))
((|m#3| #x00000000))
((|m#4| #x00000001))
((|m#4$wclk$8| 10))
((|m#5| #x00000000))
((|m#5$rclk$8| 12))
((|m#6| #x00000000))
((|m#7| #x00000000))
((|m#7$wclk$8| 12))
((|m#8| #x00000001))
((|m#8$rclk$8| 16))
((|m#9| #x00000001))
((|m2| #x00000000))
((|m2#1| #x00000000))
((|m2#1$wclk$8| (- 8)))
((|m2#2| #x00000000))
((|m2#2$rclk$8| 2))
((|m2#3| #x00000000))
((|m2#4| #x00000001))
((|m2#4$wclk$8| 2))
((|m2#5| #x00000001))
((|m2#5$rclk$8| 7))
((|m2#6| #x00000001))
((|m2#7| #x00000000))
((|m2#7$wclk$8| 7))
((|main#return_value!1#1| #x00000000))
((|main::1::t!0@1| #x00000000))
((|main::1::t!0@1#1| #x00000000))
((|main::1::t!0@1#1$wclk$8| (- 3)))
((|main::1::t!0@1#2| #x00000001))
((|main::1::t!0@1#2$wclk$8| (- 1)))
((|memory#1| ((as const (Array (_ BitVec 32) (_ BitVec 32))) #x00000000)))
((|memory#1$wclk$8| (- 7)))
((|memory#2| ((as const (Array (_ BitVec 32) (_ BitVec 32))) #x00000000)))
((|memory#2$rclk$8| 17))
((|memory#3| ((as const (Array (_ BitVec 32) (_ BitVec 32))) #x00000000)))
((|memory#3$wclk$8| 18))
((|memory#4| ((as const (Array (_ BitVec 32) (_ BitVec 32))) #x00000000)))
((|memory#4$rclk$8| 20))
((|memory#5| ((as const (Array (_ BitVec 32) (_ BitVec 32))) #x00000000)))
((|memory#5$wclk$8| 21))
((|memory_model::choice_rf_1_11_0_9_F_1| true))
((|memory_model::choice_rf_1_13_0_12_F_10| true))
((|memory_model::choice_rf_1_14_0_9_F_2| true))
((|memory_model::choice_rf_1_14_1_12_F_3| false))
((|memory_model::choice_rf_1_16_0_12_F_11| true))
((|memory_model::choice_rf_1_17_0_12_F_12| true))
((|memory_model::choice_rf_1_19_0_9_F_4| false))
((|memory_model::choice_rf_1_19_1_12_F_5| true))
((|memory_model::choice_rf_1_19_1_15_F_6| false))
((|memory_model::choice_rf_1_1_0_10_F_20| true))
((|memory_model::choice_rf_1_21_0_11_F_7| true))
((|memory_model::choice_rf_1_23_0_14_F_13| false))
((|memory_model::choice_rf_1_23_1_5_F_14| true))
((|memory_model::choice_rf_1_24_0_11_F_8| false))
((|memory_model::choice_rf_1_24_1_22_F_9| true))
((|memory_model::choice_rf_1_26_0_14_F_15| false))
((|memory_model::choice_rf_1_26_1_5_F_16| true))
((|memory_model::choice_rf_1_29_1_0_F_25| false))
((|memory_model::choice_rf_1_29_1_10_F_27| false))
((|memory_model::choice_rf_1_29_1_27_F_28| true))
((|memory_model::choice_rf_1_29_1_9_F_26| false))
((|memory_model::choice_rf_1_30_0_14_F_17| false))
((|memory_model::choice_rf_1_30_1_28_F_19| true))
((|memory_model::choice_rf_1_30_1_5_F_18| false))
((|memory_model::choice_rf_1_31_0_8_T_0| false))
((|memory_model::choice_rf_1_3_0_13_F_23| true))
((|memory_model::choice_rf_1_4_0_13_F_24| true))
((|memory_model::choice_rf_1_7_0_10_F_21| false))
((|memory_model::choice_rf_1_7_1_2_F_22| true))
((|memory_model::choice_ws-ext_0_10_1_2_F_38| true))
((|memory_model::choice_ws-ext_0_10_1_8_F_39| true))
((|memory_model::choice_ws-ext_0_11_1_22_F_33| true))
((|memory_model::choice_ws-ext_0_11_1_25_F_34| true))
((|memory_model::choice_ws-ext_0_12_1_18_F_35| true))
((|memory_model::choice_ws-ext_0_13_1_6_F_40| true))
((|memory_model::choice_ws-ext_0_14_1_28_F_37| true))
((|memory_model::choice_ws-ext_0_14_1_5_F_36| true))
((|memory_model::choice_ws-ext_0_8_1_32_T_29| true))
((|memory_model::choice_ws-ext_0_9_1_12_F_30| true))
((|memory_model::choice_ws-ext_0_9_1_15_F_31| true))
((|memory_model::choice_ws-ext_0_9_1_20_F_32| true))
((|next_alloc_idx#1| #x00000001))
((|next_alloc_idx#1$wclk$8| (- 6)))
((|next_alloc_idx#2| #x00000001))
((|next_alloc_idx#2$rclk$8| 11))
((|next_alloc_idx#3| #x00000001))
((|next_alloc_idx#3$rclk$8| 13))
((|next_alloc_idx#4| #x00000001))
((|next_alloc_idx#4$rclk$8| 14))
((|next_alloc_idx#5| #x00000003))
((|next_alloc_idx#5$wclk$8| 15))
((|nondet_symex::nondet0| #x00000000))
((|pthread_create#return_value!0#1| #x00000000))
((|pthread_create#return_value!1#1| #x00000000))
((|pthread_create::1::this_thread_id!0@1#1| #x00000000))
((|pthread_create::1::this_thread_id!0@1#2| #x00000001))
((|pthread_create::1::this_thread_id!1@0#0| #x00000000))
((|pthread_create::arg!0@1#1| #x00000000))
((|pthread_create::arg!1@0#1| #x00000000))
((|pthread_create::attr!0@1#1| #x00000000))
((|pthread_create::attr!1@0#1| #x00000000))
((|pthread_create::start_routine!0@1#1| #x03000000))
((|pthread_create::start_routine!1@0#1| #x03000000))
((|pthread_create::thread!0@1#1| #x02000000))
((|pthread_create::thread!1@0#1| #x02000000))
((|push#return_value!1#1| #x00000000))
((|push#return_value!1#2| #x00000000))
((|push#return_value!1#3| #x00000000))
((|push#return_value!1#4| #x00000001))
((|push#return_value!1#5| #x00000000))
((|push#return_value!1#6| #x00000001))
((|push#return_value!1#7| #x00000001))
((|push#return_value!1#9| #x00000000))
((|push::1::casret!1@1| #xfffffffe))
((|push::1::casret!1@1#1| #xfffffffe))
((|push::1::casret!1@1#1$wclk$8| 8))
((|push::1::casret!1@1#2| #xffffffff))
((|push::1::casret!1@1#2$wclk$8| 9))
((|push::1::casret!1@1#3| #x00000000))
((|push::1::casret!1@1#4| #x00000001))
((|push::1::casret!1@1#5| #x00000000))
((|push::1::casret!1@1#6| #x00000000))
((|push::1::casret!1@1#7| #x00000001))
((|push::1::casret!1@1#7$wclk$8| 22))
((|push::1::casret!1@1#8| #x00000001))
((|push::1::casret!1@1#8$rclk$8| 23))
((|push::1::casret!1@1$wclk$8| 1))
((|push::1::newTop!1@1#1| #x00000000))
((|push::1::newTop!1@1#10| #x00000000))
((|push::1::newTop!1@1#2| #xffffffff))
((|push::1::newTop!1@1#3| #x00000001))
((|push::1::newTop!1@1#4| #x00000000))
((|push::1::newTop!1@1#5| #x00000001))
((|push::1::newTop!1@1#6| #x00000000))
((|push::1::newTop!1@1#7| #x00000001))
((|push::1::newTop!1@1#9| #x00000000))
((|push::1::oldTop!1@1#1| #x00000000))
((|push::1::oldTop!1@1#10| #x00000000))
((|push::1::oldTop!1@1#2| #xffffffff))
((|push::1::oldTop!1@1#3| #x00000000))
((|push::1::oldTop!1@1#4| #xffffffff))
((|push::1::oldTop!1@1#5| #x00000000))
((|push::1::oldTop!1@1#6| #x00000000))
((|push::1::oldTop!1@1#7| #x00000000))
((|push::1::oldTop!1@1#9| #x00000000))
((|push::d!1@1#1| #x00000000))
((|push_loop::1::arg!1@1#1| #x00000000))
((|push_loop::1::arg!1@1#2| #x00000000))
((|push_loop::1::r!1@1#1| #x00000000))
((|push_loop::1::r!1@1#2| #xffffffff))
((|push_loop::1::r!1@1#3| #x00000001))
((|state#1| #x00000000))
((|state#1$wclk$8| (- 5)))
((|state#2| #x00000000))
((|state#2$rclk$8| 3))
((|state#3| #x00000000))
((|state#3$rclk$8| 4))
((|state#4| #x00000001))
((|state#4$wclk$8| 6))
((|t1$18$spwnclk$8| 0))
((|thr1#return_value!1#1| #x00000000))
((|thr1#return_value!1#2| #x00000000))
((|thr1::arg!1@1#1| #x00000000))
((|top| #x00000000))
((|top#1| #x00000000))
((|top#1$wclk$8| (- 4)))
((|top#10| #x00000001))
((|top#11| #x00000001))
((|top#2| #x00000000))
((|top#2$wclk$8| 5))
((|top#3| #x00000000))
((|top#3$rclk$8| 19))
((|top#4| #x00000000))
((|top#4$rclk$8| 22))
((|top#5| #x00000000))
((|top#6| #x00000001))
((|top#7| #x00000000))
((|top#8| #x00000001))
((|top#8$wclk$8| 22))
((|top#9| #x00000001))
((|top#9$rclk$8| 24))
(model 
  (define-fun |memory_model::choice_rf_1_30_1_5_F_18| () Bool
    false)
  (define-fun |next_alloc_idx#2$rclk$8| () Int
    11)
  (define-fun |memory_model::choice_rf_1_29_1_0_F_25| () Bool
    false)
  (define-fun |memory_model::choice_rf_1_23_1_5_F_14| () Bool
    true)
  (define-fun |state#1$wclk$8| () Int
    (- 5))
  (define-fun |top#2$wclk$8| () Int
    5)
  (define-fun |memory_model::choice_ws-ext_0_14_1_5_F_36| () Bool
    true)
  (define-fun |push::1::casret!1@1#2$wclk$8| () Int
    9)
  (define-fun |memory_model::choice_ws-ext_0_9_1_15_F_31| () Bool
    true)
  (define-fun |m#5| () (_ BitVec 32)
    #x00000000)
  (define-fun |__CPROVER_threads_exited#1$wclk$8| () Int
    (- 10))
  (define-fun |memory_model::choice_ws-ext_0_11_1_22_F_33| () Bool
    true)
  (define-fun |top#1$wclk$8| () Int
    (- 4))
  (define-fun |next_alloc_idx#5$wclk$8| () Int
    15)
  (define-fun |__CPROVER_threads_exited#2$rclk$8| () Int
    25)
  (define-fun |next_alloc_idx#4$rclk$8| () Int
    14)
  (define-fun |goto_symex::&92;guard#5| () Bool
    true)
  (define-fun |memory_model::choice_ws-ext_0_13_1_6_F_40| () Bool
    true)
  (define-fun |memory#1$wclk$8| () Int
    (- 7))
  (define-fun |memory#2$rclk$8| () Int
    17)
  (define-fun |memory_model::choice_rf_1_26_0_14_F_15| () Bool
    false)
  (define-fun |memory_model::choice_ws-ext_0_8_1_32_T_29| () Bool
    true)
  (define-fun |top#8$wclk$8| () Int
    22)
  (define-fun |memory_model::choice_ws-ext_0_14_1_28_F_37| () Bool
    true)
  (define-fun |state#3$rclk$8| () Int
    4)
  (define-fun |top#3| () (_ BitVec 32)
    #x00000000)
  (define-fun |memory_model::choice_rf_1_24_1_22_F_9| () Bool
    true)
  (define-fun |memory#3$wclk$8| () Int
    18)
  (define-fun |memory_model::choice_rf_1_24_0_11_F_8| () Bool
    false)
  (define-fun |memory_model::choice_rf_1_29_1_27_F_28| () Bool
    true)
  (define-fun |memory_model::choice_ws-ext_0_10_1_8_F_39| () Bool
    true)
  (define-fun |state#4$wclk$8| () Int
    6)
  (define-fun |memory#4| () (Array (_ BitVec 32) (_ BitVec 32))
    ((as const (Array (_ BitVec 32) (_ BitVec 32))) #x00000000))
  (define-fun array.1 () (Array (_ BitVec 32) (_ BitVec 32))
    ((as const (Array (_ BitVec 32) (_ BitVec 32))) #x00000000))
  (define-fun |top#9$rclk$8| () Int
    24)
  (define-fun |push::1::casret!1@1$wclk$8| () Int
    1)
  (define-fun |main::1::t!0@1#2$wclk$8| () Int
    (- 1))
  (define-fun |state#2$rclk$8| () Int
    3)
  (define-fun |memory#5$wclk$8| () Int
    21)
  (define-fun |push::1::casret!1@1#1$wclk$8| () Int
    8)
  (define-fun |next_alloc_idx#3$rclk$8| () Int
    13)
  (define-fun |main::1::t!0@1#1$wclk$8| () Int
    (- 3))
  (define-fun |top#4| () (_ BitVec 32)
    #x00000000)
  (define-fun |memory_model::choice_rf_1_29_1_9_F_26| () Bool
    false)
  (define-fun |m#7$wclk$8| () Int
    12)
  (define-fun |m2#1$wclk$8| () Int
    (- 8))
  (define-fun t1$18$spwnclk$8 () Int
    0)
  (define-fun |memory_model::choice_rf_1_26_1_5_F_16| () Bool
    true)
  (define-fun |memory_model::choice_ws-ext_0_9_1_20_F_32| () Bool
    true)
  (define-fun |m#10$wclk$8| () Int
    16)
  (define-fun |memory_model::choice_ws-ext_0_11_1_25_F_34| () Bool
    true)
  (define-fun |nondet_symex::nondet0| () (_ BitVec 32)
    #x00000000)
  (define-fun |memory_model::choice_rf_1_30_1_28_F_19| () Bool
    true)
  (define-fun |top#9| () (_ BitVec 32)
    #x00000001)
  (define-fun |memory_model::choice_ws-ext_0_12_1_18_F_35| () Bool
    true)
  (define-fun |memory#4$rclk$8| () Int
    20)
  (define-fun |__CPROVER_threads_exited#3$wclk$8| () Int
    26)
  (define-fun |m2#7$wclk$8| () Int
    7)
  (define-fun |next_alloc_idx#1$wclk$8| () Int
    (- 6))
  (define-fun |push::1::casret!1@1#8$rclk$8| () Int
    23)
  (define-fun |__CPROVER_next_thread_id#2$wclk$8| () Int
    (- 2))
  (define-fun |memory_model::choice_ws-ext_0_9_1_12_F_30| () Bool
    true)
  (define-fun |m#1$wclk$8| () Int
    (- 9))
  (define-fun |m2#4$wclk$8| () Int
    2)
  (define-fun |memory_model::choice_ws-ext_0_10_1_2_F_38| () Bool
    true)
  (define-fun |memory_model::choice_rf_1_30_0_14_F_17| () Bool
    false)
  (define-fun |memory_model::choice_rf_1_23_0_14_F_13| () Bool
    false)
  (define-fun |m#4$wclk$8| () Int
    10)
  (define-fun |top#3$rclk$8| () Int
    19)
  (define-fun |__CPROVER_pipe_count#1$wclk$8| () Int
    (- 11))
  (define-fun |__CPROVER_next_thread_id#1$wclk$8| () Int
    (- 12))
  (define-fun |__CPROVER_memory_leak#1$wclk$8| () Int
    (- 13))
  (define-fun |__CPROVER_malloc_size#1$wclk$8| () Int
    (- 14))
  (define-fun |__CPROVER_malloc_object#1$wclk$8| () Int
    (- 15))
  (define-fun |__CPROVER_malloc_is_new_array#1$wclk$8| () Int
    (- 16))
  (define-fun |__CPROVER_deallocated#1$wclk$8| () Int
    (- 17))
  (define-fun |state#3| () (_ BitVec 32)
    #x00000000)
  (define-fun |__CPROVER_dead_object#1$wclk$8| () Int
    (- 18))
  (define-fun |push::1::casret!1@1#1| () (_ BitVec 32)
    #xfffffffe)
  (define-fun |push::1::casret!1@1| () (_ BitVec 32)
    #xfffffffe)
  (define-fun |memory_model::choice_rf_1_4_0_13_F_24| () Bool
    true)
  (define-fun |memory_model::choice_rf_1_14_1_12_F_3| () Bool
    false)
  (define-fun |memory_model::choice_rf_1_14_0_9_F_2| () Bool
    true)
  (define-fun array_of.0 () (Array (_ BitVec 32) Bool)
    ((as const (Array (_ BitVec 32) Bool)) false))
  (define-fun |__CPROVER_threads_exited#2| () (Array (_ BitVec 32) Bool)
    (store ((as const (Array (_ BitVec 32) Bool)) false) #x00000000 true))
  (define-fun |memory_model::choice_rf_1_31_0_8_T_0| () Bool
    false)
  (define-fun |goto_symex::&92;guard#2| () Bool
    true)
  (define-fun |memory_model::choice_rf_1_29_1_10_F_27| () Bool
    false)
  (define-fun |memory#2| () (Array (_ BitVec 32) (_ BitVec 32))
    ((as const (Array (_ BitVec 32) (_ BitVec 32))) #x00000000))
  (define-fun |goto_symex::&92;guard#8| () Bool
    false)
  (define-fun |push::1::casret!1@1#8| () (_ BitVec 32)
    #x00000001)
  (define-fun |memory_model::choice_rf_1_21_0_11_F_7| () Bool
    true)
  (define-fun |goto_symex::&92;guard#6| () Bool
    true)
  (define-fun |goto_symex::&92;guard#7| () Bool
    false)
  (define-fun |memory_model::choice_rf_1_19_1_12_F_5| () Bool
    true)
  (define-fun |goto_symex::&92;guard#4| () Bool
    false)
  (define-fun |next_alloc_idx#4| () (_ BitVec 32)
    #x00000001)
  (define-fun |next_alloc_idx#3| () (_ BitVec 32)
    #x00000001)
  (define-fun |memory_model::choice_rf_1_19_0_9_F_4| () Bool
    false)
  (define-fun |memory_model::choice_rf_1_17_0_12_F_12| () Bool
    true)
  (define-fun |memory_model::choice_rf_1_16_0_12_F_11| () Bool
    true)
  (define-fun |memory_model::choice_rf_1_19_1_15_F_6| () Bool
    false)
  (define-fun |m#8| () (_ BitVec 32)
    #x00000001)
  (define-fun |top#4$rclk$8| () Int
    22)
  (define-fun |push::1::casret!1@1#7$wclk$8| () Int
    22)
  (define-fun |m#8$rclk$8| () Int
    16)
  (define-fun |m#5$rclk$8| () Int
    12)
  (define-fun |m#2$rclk$8| () Int
    10)
  (define-fun |m2#5$rclk$8| () Int
    7)
  (define-fun |m2#2$rclk$8| () Int
    2)
  (define-fun |memory_model::choice_rf_1_3_0_13_F_23| () Bool
    true)
  (define-fun |state#2| () (_ BitVec 32)
    #x00000000)
  (define-fun |memory_model::choice_rf_1_7_1_2_F_22| () Bool
    true)
  (define-fun |memory_model::choice_rf_1_7_0_10_F_21| () Bool
    false)
  (define-fun |memory_model::choice_rf_1_1_0_10_F_20| () Bool
    true)
  (define-fun |memory_model::choice_rf_1_13_0_12_F_10| () Bool
    true)
  (define-fun |next_alloc_idx#2| () (_ BitVec 32)
    #x00000001)
  (define-fun |memory_model::choice_rf_1_11_0_9_F_1| () Bool
    true)
  (define-fun |__VERIFIER_atomic_assert::$tmp::::tmp_if_expr$1!1@1#5| () Bool
    true)
  (define-fun |m2#6| () (_ BitVec 32)
    #x00000001)
  (define-fun |m2#3| () (_ BitVec 32)
    #x00000000)
  (define-fun |m#3| () (_ BitVec 32)
    #x00000000)
  (define-fun |m#9| () (_ BitVec 32)
    #x00000001)
  (define-fun |m#6| () (_ BitVec 32)
    #x00000000)
  (define-fun |goto_symex::&92;guard#3| () Bool
    false)
  (define-fun |m#2| () (_ BitVec 32)
    #x00000000)
  (define-fun |m2#5| () (_ BitVec 32)
    #x00000001)
  (define-fun |goto_symex::&92;guard#1| () Bool
    false)
  (define-fun |m2#2| () (_ BitVec 32)
    #x00000000)
  (define-fun |main::1::t!0@1#1| () (_ BitVec 32)
    #x00000000)
  (define-fun |pthread_create::1::this_thread_id!0@1#1| () (_ BitVec 32)
    #x00000000)
  (define-fun |push_loop::1::r!1@1#1| () (_ BitVec 32)
    #x00000000)
  (define-fun |push_loop::1::arg!1@1#1| () (_ BitVec 32)
    #x00000000)
  (define-fun |push::1::oldTop!1@1#1| () (_ BitVec 32)
    #x00000000)
  (define-fun |push::1::newTop!1@1#1| () (_ BitVec 32)
    #x00000000)
  (define-fun |index_malloc::1::curr_alloc_idx!1@1#1| () (_ BitVec 32)
    #x00000000)
  (define-fun |__VERIFIER_atomic_assert::$tmp::::tmp_if_expr$1!1@1#1| () Bool
    false)
  (define-fun |__VERIFIER_atomic_assert::$tmp::return_value_isEmpty$1!1@1#1| () (_ BitVec 32)
    #x00000000)
  (define-fun |pthread_create::1::this_thread_id!1@0#0| () (_ BitVec 32)
    #x00000000)
  (define-fun |__VERIFIER_atomic_assert::$tmp::return_value_isEmpty$1!1@1#0| () (_ BitVec 32)
    #x00000000)
  (define-fun |isEmpty#return_value!1#6| () (_ BitVec 32)
    #x00000000)
  (define-fun m () (_ BitVec 32)
    #x00000000)
  (define-fun m2 () (_ BitVec 32)
    #x00000000)
  (define-fun |main::1::t!0@1| () (_ BitVec 32)
    #x00000000)
  (define-fun |push::1::casret!1@1#3| () (_ BitVec 32)
    #x00000000)
  (define-fun |push::1::newTop!1@1#6| () (_ BitVec 32)
    #x00000000)
  (define-fun |push::1::newTop!1@1#4| () (_ BitVec 32)
    #x00000000)
  (define-fun |push::1::oldTop!1@1#6| () (_ BitVec 32)
    #x00000000)
  (define-fun |push::1::oldTop!1@1#3| () (_ BitVec 32)
    #x00000000)
  (define-fun top () (_ BitVec 32)
    #x00000000)
)
(:added-eqs               412590
 :arith-add-rows          337
 :arith-assert-lower      37
 :arith-assert-upper      55
 :arith-bound-prop        42
 :arith-pivots            69
 :array-ax1               1
 :array-def-store         637
 :array-exp-ax2           407680
 :binary-propagations     1554
 :bv-bit2core             6566449
 :bv-dynamic-eqs          6
 :bv->core-eq             1914
 :conflicts               637
 :decisions               63349
 :del-clause              205138
 :eliminated-applications 25
 :eliminated-vars         42
 :final-checks            638
 :max-memory              23.98
 :memory                  8.34
 :mk-bool-var             13723910
 :mk-clause               205143
 :num-allocs              14754282304.00
 :num-checks              1
 :propagations            3536
 :restarts                1
 :rlimit-count            14751376
 :time                    35.09
 :total-time              35.05)

real	0m35.105s
user	0m35.048s
sys	0m0.010s
State: AC Run_time: 35.10753107070923