unsat
(error "line 1461 column 17: model is not available")
(error "line 1462 column 17: model is not available")
(error "line 1463 column 18: model is not available")
(error "line 1464 column 18: model is not available")
(error "line 1465 column 18: model is not available")
(error "line 1466 column 18: model is not available")
(error "line 1467 column 18: model is not available")
(error "line 1468 column 18: model is not available")
(error "line 1469 column 18: model is not available")
(error "line 1470 column 18: model is not available")
(error "line 1471 column 18: model is not available")
(error "line 1472 column 18: model is not available")
(error "line 1473 column 17: model is not available")
(error "line 1474 column 18: model is not available")
(error "line 1475 column 18: model is not available")
(error "line 1476 column 18: model is not available")
(error "line 1477 column 18: model is not available")
(error "line 1478 column 18: model is not available")
(error "line 1479 column 18: model is not available")
(error "line 1480 column 18: model is not available")
(error "line 1481 column 18: model is not available")
(error "line 1482 column 18: model is not available")
(error "line 1483 column 18: model is not available")
(error "line 1484 column 17: model is not available")
(error "line 1485 column 18: model is not available")
(error "line 1486 column 18: model is not available")
(error "line 1487 column 18: model is not available")
(error "line 1488 column 18: model is not available")
(error "line 1489 column 18: model is not available")
(error "line 1490 column 18: model is not available")
(error "line 1491 column 18: model is not available")
(error "line 1492 column 18: model is not available")
(error "line 1493 column 18: model is not available")
(error "line 1494 column 18: model is not available")
(error "line 1495 column 17: model is not available")
(error "line 1496 column 18: model is not available")
(error "line 1497 column 18: model is not available")
(error "line 1498 column 18: model is not available")
(error "line 1499 column 18: model is not available")
(error "line 1500 column 18: model is not available")
(error "line 1501 column 18: model is not available")
(error "line 1502 column 18: model is not available")
(error "line 1503 column 18: model is not available")
(error "line 1504 column 18: model is not available")
(error "line 1505 column 18: model is not available")
(error "line 1506 column 17: model is not available")
(error "line 1507 column 18: model is not available")
(error "line 1508 column 18: model is not available")
(error "line 1509 column 18: model is not available")
(error "line 1510 column 18: model is not available")
(error "line 1511 column 18: model is not available")
(error "line 1512 column 18: model is not available")
(error "line 1513 column 18: model is not available")
(error "line 1514 column 18: model is not available")
(error "line 1515 column 18: model is not available")
(error "line 1516 column 18: model is not available")
(error "line 1517 column 17: model is not available")
(error "line 1518 column 18: model is not available")
(error "line 1519 column 18: model is not available")
(error "line 1520 column 18: model is not available")
(error "line 1521 column 18: model is not available")
(error "line 1522 column 18: model is not available")
(error "line 1523 column 18: model is not available")
(error "line 1524 column 18: model is not available")
(error "line 1525 column 18: model is not available")
(error "line 1526 column 18: model is not available")
(error "line 1527 column 17: model is not available")
(error "line 1528 column 17: model is not available")
(error "line 1529 column 17: model is not available")
(error "line 1530 column 38: model is not available")
(error "line 1531 column 45: model is not available")
(error "line 1532 column 38: model is not available")
(error "line 1533 column 45: model is not available")
(error "line 1534 column 46: model is not available")
(error "line 1535 column 53: model is not available")
(error "line 1536 column 40: model is not available")
(error "line 1537 column 47: model is not available")
(error "line 1538 column 38: model is not available")
(error "line 1539 column 45: model is not available")
(error "line 1540 column 38: model is not available")
(error "line 1541 column 45: model is not available")
(error "line 1542 column 41: model is not available")
(error "line 1543 column 48: model is not available")
(error "line 1544 column 41: model is not available")
(error "line 1545 column 48: model is not available")
(error "line 1546 column 41: model is not available")
(error "line 1547 column 48: model is not available")
(error "line 1548 column 41: model is not available")
(error "line 1549 column 41: model is not available")
(error "line 1550 column 48: model is not available")
(error "line 1551 column 37: model is not available")
(error "line 1552 column 44: model is not available")
(error "line 1553 column 42: model is not available")
(error "line 1554 column 42: model is not available")
(error "line 1555 column 42: model is not available")
(error "line 1556 column 38: model is not available")
(error "line 1557 column 38: model is not available")
(error "line 1558 column 38: model is not available")
(error "line 1559 column 38: model is not available")
(error "line 1560 column 38: model is not available")
(error "line 1561 column 41: model is not available")
(error "line 1562 column 48: model is not available")
(error "line 1563 column 41: model is not available")
(error "line 1564 column 48: model is not available")
(error "line 1565 column 41: model is not available")
(error "line 1566 column 48: model is not available")
(error "line 1567 column 41: model is not available")
(error "line 1568 column 48: model is not available")
(error "line 1569 column 41: model is not available")
(error "line 1570 column 48: model is not available")
(error "line 1571 column 53: model is not available")
(error "line 1572 column 53: model is not available")
(error "line 1573 column 22: model is not available")
(error "line 1574 column 29: model is not available")
(error "line 1575 column 22: model is not available")
(error "line 1576 column 29: model is not available")
(error "line 1577 column 22: model is not available")
(error "line 1578 column 29: model is not available")
(error "line 1579 column 22: model is not available")
(error "line 1580 column 29: model is not available")
(error "line 1581 column 38: model is not available")
(error "line 1582 column 38: model is not available")
(error "line 1583 column 38: model is not available")
(error "line 1584 column 38: model is not available")
(error "line 1585 column 38: model is not available")
(error "line 1586 column 23: model is not available")
(error "line 1587 column 30: model is not available")
(error "line 1588 column 23: model is not available")
(error "line 1589 column 30: model is not available")
(error "line 1590 column 23: model is not available")
(error "line 1591 column 30: model is not available")
(error "line 1592 column 23: model is not available")
(error "line 1593 column 30: model is not available")
(error "line 1594 column 23: model is not available")
(error "line 1595 column 30: model is not available")
(error "line 1596 column 23: model is not available")
(error "line 1597 column 30: model is not available")
(error "line 1598 column 36: model is not available")
(error "line 1599 column 36: model is not available")
(error "line 1600 column 29: model is not available")
(error "line 1601 column 31: model is not available")
(error "line 1602 column 38: model is not available")
(error "line 1603 column 31: model is not available")
(error "line 1604 column 38: model is not available")
(error "line 1605 column 31: model is not available")
(error "line 1606 column 38: model is not available")
(error "line 1607 column 52: model is not available")
(error "line 1608 column 51: model is not available")
(error "line 1609 column 53: model is not available")
(error "line 1610 column 52: model is not available")
(error "line 1611 column 52: model is not available")
(error "line 1612 column 52: model is not available")
(error "line 1613 column 52: model is not available")
(error "line 1614 column 51: model is not available")
(error "line 1615 column 51: model is not available")
(error "line 1616 column 51: model is not available")
(error "line 1617 column 51: model is not available")
(error "line 1618 column 51: model is not available")
(error "line 1619 column 50: model is not available")
(error "line 1620 column 50: model is not available")
(error "line 1621 column 51: model is not available")
(error "line 1622 column 51: model is not available")
(error "line 1623 column 51: model is not available")
(error "line 1624 column 51: model is not available")
(error "line 1625 column 52: model is not available")
(error "line 1626 column 51: model is not available")
(error "line 1627 column 52: model is not available")
(error "line 1628 column 51: model is not available")
(error "line 1629 column 51: model is not available")
(error "line 1630 column 51: model is not available")
(error "line 1631 column 52: model is not available")
(error "line 1632 column 51: model is not available")
(error "line 1633 column 51: model is not available")
(error "line 1634 column 51: model is not available")
(error "line 1635 column 50: model is not available")
(error "line 1636 column 51: model is not available")
(error "line 1637 column 56: model is not available")
(error "line 1638 column 56: model is not available")
(error "line 1639 column 56: model is not available")
(error "line 1640 column 56: model is not available")
(error "line 1641 column 56: model is not available")
(error "line 1642 column 56: model is not available")
(error "line 1643 column 56: model is not available")
(error "line 1644 column 56: model is not available")
(error "line 1645 column 56: model is not available")
(error "line 1646 column 56: model is not available")
(error "line 1647 column 55: model is not available")
(error "line 1648 column 55: model is not available")
(error "line 1649 column 55: model is not available")
(error "line 1650 column 56: model is not available")
(error "line 1651 column 55: model is not available")
(error "line 1652 column 55: model is not available")
(error "line 1653 column 55: model is not available")
(error "line 1654 column 55: model is not available")
(error "line 1655 column 55: model is not available")
(error "line 1656 column 36: model is not available")
(error "line 1657 column 46: model is not available")
(error "line 1658 column 46: model is not available")
(error "line 1659 column 46: model is not available")
(error "line 1660 column 46: model is not available")
(error "line 1661 column 54: model is not available")
(error "line 1662 column 54: model is not available")
(error "line 1663 column 54: model is not available")
(error "line 1664 column 54: model is not available")
(error "line 1665 column 54: model is not available")
(error "line 1666 column 54: model is not available")
(error "line 1667 column 40: model is not available")
(error "line 1668 column 40: model is not available")
(error "line 1669 column 40: model is not available")
(error "line 1670 column 40: model is not available")
(error "line 1671 column 41: model is not available")
(error "line 1672 column 41: model is not available")
(error "line 1673 column 41: model is not available")
(error "line 1674 column 41: model is not available")
(error "line 1675 column 50: model is not available")
(error "line 1676 column 50: model is not available")
(error "line 1677 column 50: model is not available")
(error "line 1678 column 50: model is not available")
(error "line 1679 column 43: model is not available")
(error "line 1680 column 43: model is not available")
(error "line 1681 column 43: model is not available")
(error "line 1682 column 43: model is not available")
(error "line 1683 column 29: model is not available")
(error "line 1684 column 36: model is not available")
(error "line 1685 column 29: model is not available")
(error "line 1686 column 36: model is not available")
(error "line 1687 column 29: model is not available")
(error "line 1688 column 36: model is not available")
(error "line 1689 column 30: model is not available")
(error "line 1690 column 30: model is not available")
(error "line 1691 column 36: model is not available")
(error "line 1692 column 36: model is not available")
(error "line 1693 column 36: model is not available")
(error "line 1694 column 69: model is not available")
(error "line 1695 column 69: model is not available")
(error "line 1696 column 35: model is not available")
(error "line 1697 column 35: model is not available")
(error "line 1698 column 35: model is not available")
(error "line 1699 column 35: model is not available")
(error "line 1700 column 35: model is not available")
(error "line 1701 column 34: model is not available")
(error "line 1702 column 34: model is not available")
(error "line 1703 column 30: model is not available")
(error "line 1704 column 36: model is not available")
(error "line 1705 column 36: model is not available")
(error "line 1706 column 36: model is not available")
(error "line 1707 column 36: model is not available")
(error "line 1708 column 36: model is not available")
(error "line 1709 column 36: model is not available")
(error "line 1710 column 30: model is not available")
(error "line 1711 column 25: model is not available")
(error "line 1712 column 32: model is not available")
(error "line 1713 column 25: model is not available")
(error "line 1714 column 32: model is not available")
(error "line 1715 column 25: model is not available")
(error "line 1716 column 32: model is not available")
(error "line 1717 column 25: model is not available")
(error "line 1718 column 32: model is not available")
(error "line 1719 column 25: model is not available")
(error "line 1720 column 32: model is not available")
(error "line 1721 column 25: model is not available")
(error "line 1722 column 32: model is not available")
(error "line 1723 column 25: model is not available")
(error "line 1724 column 32: model is not available")
(error "line 1725 column 25: model is not available")
(error "line 1726 column 32: model is not available")
(error "line 1727 column 25: model is not available")
(error "line 1728 column 32: model is not available")
(error "line 1730 column 10: model is not available")
(:added-eqs                      27
 :arith-bound-propagations-cheap 2
 :arith-bound-propagations-lp    60
 :arith-conflicts                2
 :arith-lower                    49
 :arith-make-feasible            8
 :arith-max-columns              132
 :arith-max-rows                 94
 :arith-propagations             2
 :arith-upper                    46
 :array-ax1                      1
 :binary-propagations            157
 :bv-bit2core                    192
 :bv-diseqs                      2
 :bv-dynamic-diseqs              3
 :bv->core-eq                    4
 :conflicts                      3
 :decisions                      3
 :del-clause                     50
 :eliminated-applications        19
 :eliminated-vars                14
 :max-memory                     4.03
 :memory                         3.08
 :mk-bool-var                    611
 :mk-clause                      403
 :num-allocs                     913756
 :num-checks                     1
 :propagations                   230
 :rlimit-count                   51110
 :time                           0.01
 :total-time                     0.02)

real	0m0.022s
user	0m0.019s
sys	0m0.003s
State: RE Run_time: 0.024088382720947266