num of guard = 14
num of elim = 4
num of guard = 14
num of elim = 0
sat
((|B0| false))
((|B1| false))
((|B10| true))
((|B100| false))
((|B101| false))
((|B102| false))
((|B103| false))
((|B104| false))
((|B105| false))
((|B106| false))
((|B107| false))
((|B108| false))
((|B109| false))
((|B11| true))
((|B110| false))
((|B111| false))
((|B112| false))
((|B113| false))
((|B114| false))
((|B115| false))
((|B116| true))
((|B117| true))
((|B118| true))
((|B119| true))
((|B12| true))
((|B120| true))
((|B121| false))
((|B122| false))
((|B123| true))
((|B124| true))
((|B125| true))
((|B126| true))
((|B127| true))
((|B128| true))
((|B129| true))
((|B13| true))
((|B130| true))
((|B131| true))
((|B132| true))
((|B133| true))
((|B134| true))
((|B135| true))
((|B136| true))
((|B137| true))
((|B138| true))
((|B139| true))
((|B14| true))
((|B140| true))
((|B141| true))
((|B142| true))
((|B143| true))
((|B144| true))
((|B145| true))
((|B146| false))
((|B147| true))
((|B148| false))
((|B149| true))
((|B15| true))
((|B150| true))
((|B151| false))
((|B152| false))
((|B153| true))
((|B154| true))
((|B155| false))
((|B156| true))
((|B157| true))
((|B158| true))
((|B16| true))
((|B17| true))
((|B18| true))
((|B19| true))
((|B2| false))
((|B20| true))
((|B21| true))
((|B22| true))
((|B23| false))
((|B24| true))
((|B25| true))
((|B26| true))
((|B27| true))
((|B28| true))
((|B29| true))
((|B3| false))
((|B30| true))
((|B31| true))
((|B32| true))
((|B33| true))
((|B34| true))
((|B35| true))
((|B36| true))
((|B37| true))
((|B38| true))
((|B39| false))
((|B4| false))
((|B40| true))
((|B41| true))
((|B42| true))
((|B43| true))
((|B44| true))
((|B45| false))
((|B46| false))
((|B47| false))
((|B48| false))
((|B49| false))
((|B5| false))
((|B50| false))
((|B51| false))
((|B52| false))
((|B53| false))
((|B54| false))
((|B55| true))
((|B56| true))
((|B57| true))
((|B58| true))
((|B59| true))
((|B6| false))
((|B60| true))
((|B61| true))
((|B62| true))
((|B63| true))
((|B64| true))
((|B65| true))
((|B66| true))
((|B67| true))
((|B68| true))
((|B69| true))
((|B7| false))
((|B70| true))
((|B71| false))
((|B72| false))
((|B73| false))
((|B74| false))
((|B75| false))
((|B76| false))
((|B77| false))
((|B78| false))
((|B79| false))
((|B8| false))
((|B80| true))
((|B81| true))
((|B82| true))
((|B83| true))
((|B84| true))
((|B85| false))
((|B86| false))
((|B87| true))
((|B88| true))
((|B89| true))
((|B9| true))
((|B90| true))
((|B91| true))
((|B92| true))
((|B93| true))
((|B94| true))
((|B95| true))
((|B96| true))
((|B97| true))
((|B98| false))
((|B99| false))
((|__CPROVER_dead_object#1| #x00000000))
((|__CPROVER_dead_object#1$wclk$8| (- 25)))
((|__CPROVER_deallocated#1| #x00000000))
((|__CPROVER_deallocated#1$wclk$8| (- 24)))
((|__CPROVER_malloc_is_new_array#1| false))
((|__CPROVER_malloc_is_new_array#1$wclk$8| (- 23)))
((|__CPROVER_malloc_object#1| #x00000000))
((|__CPROVER_malloc_object#1$wclk$8| (- 22)))
((|__CPROVER_malloc_size#1| #x00000000))
((|__CPROVER_malloc_size#1$wclk$8| (- 21)))
((|__CPROVER_memory_leak#1| #x00000000))
((|__CPROVER_memory_leak#1$wclk$8| (- 20)))
((|__CPROVER_next_thread_id#1| #x00000000))
((|__CPROVER_next_thread_id#1$wclk$8| (- 19)))
((|__CPROVER_next_thread_id#10| #x00000003))
((|__CPROVER_next_thread_id#11| #x00000004))
((|__CPROVER_next_thread_id#11$wclk$8| (- 1)))
((|__CPROVER_next_thread_id#2| #x00000001))
((|__CPROVER_next_thread_id#2$wclk$8| (- 10)))
((|__CPROVER_next_thread_id#3| #x00000001))
((|__CPROVER_next_thread_id#3$rclk$8| (- 7)))
((|__CPROVER_next_thread_id#4| #x00000001))
((|__CPROVER_next_thread_id#5| #x00000002))
((|__CPROVER_next_thread_id#5$wclk$8| (- 7)))
((|__CPROVER_next_thread_id#6| #x00000002))
((|__CPROVER_next_thread_id#6$rclk$8| (- 4)))
((|__CPROVER_next_thread_id#7| #x00000002))
((|__CPROVER_next_thread_id#8| #x00000003))
((|__CPROVER_next_thread_id#8$wclk$8| (- 4)))
((|__CPROVER_next_thread_id#9| #x00000003))
((|__CPROVER_next_thread_id#9$rclk$8| (- 1)))
((|__CPROVER_pipe_count#1| #x00000000))
((|__CPROVER_pipe_count#1$wclk$8| (- 18)))
((|__CPROVER_rounding_mode!0#1| #x00000000))
((|__CPROVER_rounding_mode!1#1| #x00000000))
((|__CPROVER_rounding_mode!2#1| #x00000000))
((|__CPROVER_rounding_mode!3#1| #x00000000))
((|__CPROVER_rounding_mode!4#1| #x00000000))
((|__CPROVER_thread_id!0#1| #x00000000))
((|__CPROVER_thread_id!1#1| #x00000000))
((|__CPROVER_thread_id!1#2| #x00000000))
((|__CPROVER_thread_id!2#1| #x00000000))
((|__CPROVER_thread_id!2#2| #x00000000))
((|__CPROVER_thread_id!3#1| #x00000000))
((|__CPROVER_thread_id!3#2| #x00000000))
((|__CPROVER_thread_id!4#1| #x00000000))
((|__CPROVER_thread_id!4#2| #x00000008))
((|__CPROVER_threads_exited#1| ((as const (Array (_ BitVec 32) Bool)) false)))
((|__CPROVER_threads_exited#1$wclk$8| (- 17)))
((|__CPROVER_threads_exited#2| (lambda ((x!1 (_ BitVec 32))) (= x!1 #x00000008))))
((|__CPROVER_threads_exited#2$rclk$8| 33))
((|__CPROVER_threads_exited#3| (store (lambda ((x!1 (_ BitVec 32))) (= x!1 #x00000008)) #x00000000 true)))
((|__CPROVER_threads_exited#3$wclk$8| 34))
((|__CPROVER_threads_exited#4| (lambda ((x!1 (_ BitVec 32))) (= x!1 #x00000008))))
((|__CPROVER_threads_exited#4$rclk$8| 31))
((|__CPROVER_threads_exited#5| (store (lambda ((x!1 (_ BitVec 32))) (= x!1 #x00000008)) #x00000000 true)))
((|__CPROVER_threads_exited#5$wclk$8| 32))
((|__CPROVER_threads_exited#6| ((as const (Array (_ BitVec 32) Bool)) false)))
((|__CPROVER_threads_exited#6$rclk$8| 28))
((|__CPROVER_threads_exited#7| (store ((as const (Array (_ BitVec 32) Bool)) false) #x00000000 true)))
((|__CPROVER_threads_exited#7$wclk$8| 31))
((|__CPROVER_threads_exited#8| ((as const (Array (_ BitVec 32) Bool)) false)))
((|__CPROVER_threads_exited#8$rclk$8| 29))
((|__CPROVER_threads_exited#9| (store ((as const (Array (_ BitVec 32) Bool)) false) #x00000008 true)))
((|__CPROVER_threads_exited#9$wclk$8| 30))
((|__VERIFIER_nondet_int#return_value!1#1| #x00000000))
((|__VERIFIER_nondet_int#return_value!2#1| #x00000000))
((|__VERIFIER_nondet_int#return_value!3#1| #x00000000))
((|__VERIFIER_nondet_int#return_value!4#1| #x00000000))
((|flag1#1| #x00000000))
((|flag1#1$wclk$8| (- 16)))
((|flag1#2| #x00000001))
((|flag1#2$rclk$8| 8))
((|flag1#3| #x00200000))
((|flag1#3$rclk$8| 9))
((|flag1#4| #x00010000))
((|flag1#4$rclk$8| 10))
((|flag1#5| #x00000001))
((|flag1#5$wclk$8| 7))
((|flag1#6| #x00000001))
((|flag1#6$wclk$8| 27))
((|flag1#7| #x00000001))
((|flag1#7$wclk$8| 28))
((|flag2#1| #x00000000))
((|flag2#1$wclk$8| (- 15)))
((|goto_symex::&92;guard#1| false))
((|goto_symex::&92;guard#10| false))
((|goto_symex::&92;guard#11| false))
((|goto_symex::&92;guard#12| true))
((|goto_symex::&92;guard#13| false))
((|goto_symex::&92;guard#14| false))
((|goto_symex::&92;guard#15| false))
((|goto_symex::&92;guard#2| false))
((|goto_symex::&92;guard#3| false))
((|goto_symex::&92;guard#4| true))
((|goto_symex::&92;guard#5| false))
((|goto_symex::&92;guard#6| true))
((|goto_symex::&92;guard#7| false))
((|goto_symex::&92;guard#8| false))
((|goto_symex::&92;guard#9| true))
((|locked#1| #x00000000))
((|locked#1$wclk$8| (- 14)))
((|locked#10| #x00000001))
((|locked#10$wclk$8| 26))
((|locked#11| #x00000000))
((|locked#11$rclk$8| 23))
((|locked#12| #x00000001))
((|locked#12$wclk$8| 24))
((|locked#2| #x00000000))
((|locked#2$wclk$8| 0))
((|locked#3| #x00000000))
((|locked#3$wclk$8| 13))
((|locked#4| #x00000000))
((|locked#4$wclk$8| 16))
((|locked#5| #x00000000))
((|locked#5$wclk$8| 19))
((|locked#6| #x00000000))
((|locked#6$wclk$8| 22))
((|locked#7| #x00000000))
((|locked#7$rclk$8| 5))
((|locked#8| #x00000001))
((|locked#8$wclk$8| 6))
((|locked#9| #x00000000))
((|locked#9$rclk$8| 25))
((|main#return_value!1#1| #x00000000))
((|main#return_value!2#1| #x00000000))
((|main#return_value!3#1| #x00000000))
((|main#return_value!4#1| #x00000000))
((|main::1::t!0@1| #x00000000))
((|main::1::t!0@1#1| #x00000000))
((|main::1::t!0@1#1$wclk$8| (- 11)))
((|main::1::t!0@1#2| #x00000001))
((|main::1::t!0@1#2$wclk$8| (- 9)))
((|main::1::t!0@1#3| #x00000002))
((|main::1::t!0@1#3$wclk$8| (- 6)))
((|main::1::t!0@1#4| #x00000003))
((|main::1::t!0@1#4$wclk$8| (- 3)))
((|main::1::t!0@1#5| #x00000004))
((|main::1::t!0@1#5$wclk$8| 0))
((|memory_model::choice_rf_0_18_0_15_T_17| true))
((|memory_model::choice_rf_0_18_0_6_T_16| false))
((|memory_model::choice_rf_0_22_0_15_T_19| false))
((|memory_model::choice_rf_0_22_0_19_T_20| true))
((|memory_model::choice_rf_0_22_0_6_T_18| false))
((|memory_model::choice_rf_0_26_0_15_T_22| false))
((|memory_model::choice_rf_0_26_0_19_T_23| false))
((|memory_model::choice_rf_0_26_0_23_T_24| true))
((|memory_model::choice_rf_0_26_0_6_T_21| false))
((|memory_model::choice_rf_1_12_0_13_F_36| false))
((|memory_model::choice_rf_1_12_1_0_F_37| false))
((|memory_model::choice_rf_1_12_1_10_F_39| false))
((|memory_model::choice_rf_1_12_1_7_F_38| false))
((|memory_model::choice_rf_1_12_2_2_F_40| false))
((|memory_model::choice_rf_1_12_3_2_F_41| false))
((|memory_model::choice_rf_1_12_4_2_F_42| false))
((|memory_model::choice_rf_1_15_0_13_F_43| false))
((|memory_model::choice_rf_1_15_1_0_F_44| false))
((|memory_model::choice_rf_1_15_1_10_F_46| false))
((|memory_model::choice_rf_1_15_1_13_F_47| false))
((|memory_model::choice_rf_1_15_1_7_F_45| false))
((|memory_model::choice_rf_1_15_2_2_F_48| false))
((|memory_model::choice_rf_1_15_3_2_F_49| false))
((|memory_model::choice_rf_1_15_4_2_F_50| true))
((|memory_model::choice_rf_1_18_0_13_F_51| false))
((|memory_model::choice_rf_1_18_1_0_F_52| false))
((|memory_model::choice_rf_1_18_1_10_F_54| false))
((|memory_model::choice_rf_1_18_1_13_F_55| false))
((|memory_model::choice_rf_1_18_1_16_F_56| true))
((|memory_model::choice_rf_1_18_1_7_F_53| false))
((|memory_model::choice_rf_1_18_2_2_F_57| false))
((|memory_model::choice_rf_1_18_3_2_F_58| false))
((|memory_model::choice_rf_1_18_4_2_F_59| false))
((|memory_model::choice_rf_1_19_0_8_T_0| false))
((|memory_model::choice_rf_1_19_2_7_T_1| false))
((|memory_model::choice_rf_1_19_3_7_T_2| false))
((|memory_model::choice_rf_1_19_4_7_T_3| true))
((|memory_model::choice_rf_1_3_0_9_F_108| false))
((|memory_model::choice_rf_1_3_2_5_F_109| true))
((|memory_model::choice_rf_1_3_3_5_F_110| false))
((|memory_model::choice_rf_1_3_4_5_F_111| false))
((|memory_model::choice_rf_1_4_0_9_F_112| false))
((|memory_model::choice_rf_1_4_2_5_F_113| false))
((|memory_model::choice_rf_1_4_3_5_F_114| false))
((|memory_model::choice_rf_1_4_4_5_F_115| false))
((|memory_model::choice_rf_1_5_0_9_F_116| false))
((|memory_model::choice_rf_1_5_2_5_F_117| false))
((|memory_model::choice_rf_1_5_3_5_F_118| false))
((|memory_model::choice_rf_1_5_4_5_F_119| false))
((|memory_model::choice_rf_1_6_0_13_F_25| false))
((|memory_model::choice_rf_1_6_1_0_F_26| false))
((|memory_model::choice_rf_1_6_2_2_F_27| true))
((|memory_model::choice_rf_1_6_3_2_F_28| false))
((|memory_model::choice_rf_1_6_4_2_F_29| false))
((|memory_model::choice_rf_1_9_0_13_F_30| false))
((|memory_model::choice_rf_1_9_1_0_F_31| false))
((|memory_model::choice_rf_1_9_1_7_F_32| true))
((|memory_model::choice_rf_1_9_2_2_F_33| false))
((|memory_model::choice_rf_1_9_3_2_F_34| false))
((|memory_model::choice_rf_1_9_4_2_F_35| false))
((|memory_model::choice_rf_2_0_0_12_F_120| false))
((|memory_model::choice_rf_2_0_1_2_F_121| true))
((|memory_model::choice_rf_2_1_0_13_F_60| false))
((|memory_model::choice_rf_2_1_1_0_F_61| true))
((|memory_model::choice_rf_2_1_1_10_F_63| false))
((|memory_model::choice_rf_2_1_1_13_F_64| false))
((|memory_model::choice_rf_2_1_1_16_F_65| false))
((|memory_model::choice_rf_2_1_1_7_F_62| false))
((|memory_model::choice_rf_2_1_3_2_F_66| false))
((|memory_model::choice_rf_2_1_4_2_F_67| false))
((|memory_model::choice_rf_2_3_0_11_F_84| false))
((|memory_model::choice_rf_2_3_1_11_F_87| false))
((|memory_model::choice_rf_2_3_1_14_F_88| false))
((|memory_model::choice_rf_2_3_1_17_F_89| false))
((|memory_model::choice_rf_2_3_1_1_F_85| true))
((|memory_model::choice_rf_2_3_1_8_F_86| false))
((|memory_model::choice_rf_2_3_3_4_F_90| false))
((|memory_model::choice_rf_2_3_4_4_F_91| false))
((|memory_model::choice_rf_2_6_0_8_T_4| false))
((|memory_model::choice_rf_2_6_1_20_T_5| false))
((|memory_model::choice_rf_2_6_3_7_T_6| false))
((|memory_model::choice_rf_2_6_4_7_T_7| true))
((|memory_model::choice_rf_3_0_0_12_F_122| true))
((|memory_model::choice_rf_3_0_1_2_F_123| false))
((|memory_model::choice_rf_3_1_0_13_F_68| false))
((|memory_model::choice_rf_3_1_1_0_F_69| false))
((|memory_model::choice_rf_3_1_1_10_F_71| false))
((|memory_model::choice_rf_3_1_1_13_F_72| false))
((|memory_model::choice_rf_3_1_1_16_F_73| true))
((|memory_model::choice_rf_3_1_1_7_F_70| false))
((|memory_model::choice_rf_3_1_2_2_F_74| false))
((|memory_model::choice_rf_3_1_4_2_F_75| false))
((|memory_model::choice_rf_3_3_0_11_F_92| false))
((|memory_model::choice_rf_3_3_1_11_F_95| false))
((|memory_model::choice_rf_3_3_1_14_F_96| false))
((|memory_model::choice_rf_3_3_1_17_F_97| false))
((|memory_model::choice_rf_3_3_1_1_F_93| false))
((|memory_model::choice_rf_3_3_1_8_F_94| false))
((|memory_model::choice_rf_3_3_2_4_F_98| false))
((|memory_model::choice_rf_3_3_4_4_F_99| false))
((|memory_model::choice_rf_3_6_0_8_T_8| false))
((|memory_model::choice_rf_3_6_1_20_T_9| false))
((|memory_model::choice_rf_3_6_2_7_T_10| false))
((|memory_model::choice_rf_3_6_4_7_T_11| false))
((|memory_model::choice_rf_4_0_0_12_F_124| false))
((|memory_model::choice_rf_4_0_1_2_F_125| true))
((|memory_model::choice_rf_4_1_0_13_F_76| false))
((|memory_model::choice_rf_4_1_1_0_F_77| false))
((|memory_model::choice_rf_4_1_1_10_F_79| false))
((|memory_model::choice_rf_4_1_1_13_F_80| false))
((|memory_model::choice_rf_4_1_1_16_F_81| false))
((|memory_model::choice_rf_4_1_1_7_F_78| false))
((|memory_model::choice_rf_4_1_2_2_F_82| true))
((|memory_model::choice_rf_4_1_3_2_F_83| false))
((|memory_model::choice_rf_4_3_0_11_F_100| false))
((|memory_model::choice_rf_4_3_1_11_F_103| false))
((|memory_model::choice_rf_4_3_1_14_F_104| false))
((|memory_model::choice_rf_4_3_1_17_F_105| true))
((|memory_model::choice_rf_4_3_1_1_F_101| false))
((|memory_model::choice_rf_4_3_1_8_F_102| false))
((|memory_model::choice_rf_4_3_2_4_F_106| false))
((|memory_model::choice_rf_4_3_3_4_F_107| false))
((|memory_model::choice_rf_4_6_0_8_T_12| true))
((|memory_model::choice_rf_4_6_1_20_T_13| false))
((|memory_model::choice_rf_4_6_2_7_T_14| false))
((|memory_model::choice_rf_4_6_3_7_T_15| false))
((|memory_model::choice_ws-ext_0_11_1_11_F_164| true))
((|memory_model::choice_ws-ext_0_11_1_14_F_165| true))
((|memory_model::choice_ws-ext_0_11_1_17_F_166| true))
((|memory_model::choice_ws-ext_0_11_1_1_F_162| true))
((|memory_model::choice_ws-ext_0_11_1_8_F_163| true))
((|memory_model::choice_ws-ext_0_11_2_4_F_167| true))
((|memory_model::choice_ws-ext_0_11_3_4_F_168| true))
((|memory_model::choice_ws-ext_0_11_4_4_F_169| true))
((|memory_model::choice_ws-ext_0_12_1_2_F_194| true))
((|memory_model::choice_ws-ext_0_13_1_0_F_136| true))
((|memory_model::choice_ws-ext_0_13_1_10_F_138| true))
((|memory_model::choice_ws-ext_0_13_1_13_F_139| true))
((|memory_model::choice_ws-ext_0_13_1_16_F_140| true))
((|memory_model::choice_ws-ext_0_13_1_7_F_137| true))
((|memory_model::choice_ws-ext_0_13_2_2_F_141| true))
((|memory_model::choice_ws-ext_0_13_3_2_F_142| true))
((|memory_model::choice_ws-ext_0_13_4_2_F_143| true))
((|memory_model::choice_ws-ext_0_8_1_20_T_126| true))
((|memory_model::choice_ws-ext_0_8_2_7_T_127| true))
((|memory_model::choice_ws-ext_0_8_3_7_T_128| true))
((|memory_model::choice_ws-ext_0_8_4_7_T_129| true))
((|memory_model::choice_ws-ext_0_9_2_5_F_188| true))
((|memory_model::choice_ws-ext_0_9_3_5_F_189| true))
((|memory_model::choice_ws-ext_0_9_4_5_F_190| true))
((|memory_model::choice_ws-ext_1_0_2_2_F_144| true))
((|memory_model::choice_ws-ext_1_0_3_2_F_145| true))
((|memory_model::choice_ws-ext_1_0_4_2_F_146| true))
((|memory_model::choice_ws-ext_1_10_2_2_F_150| false))
((|memory_model::choice_ws-ext_1_10_3_2_F_151| true))
((|memory_model::choice_ws-ext_1_10_4_2_F_152| true))
((|memory_model::choice_ws-ext_1_11_2_4_F_176| false))
((|memory_model::choice_ws-ext_1_11_3_4_F_177| true))
((|memory_model::choice_ws-ext_1_11_4_4_F_178| true))
((|memory_model::choice_ws-ext_1_13_2_2_F_153| false))
((|memory_model::choice_ws-ext_1_13_3_2_F_154| true))
((|memory_model::choice_ws-ext_1_13_4_2_F_155| false))
((|memory_model::choice_ws-ext_1_14_2_4_F_179| false))
((|memory_model::choice_ws-ext_1_14_3_4_F_180| true))
((|memory_model::choice_ws-ext_1_14_4_4_F_181| true))
((|memory_model::choice_ws-ext_1_16_2_2_F_156| false))
((|memory_model::choice_ws-ext_1_16_3_2_F_157| true))
((|memory_model::choice_ws-ext_1_16_4_2_F_158| false))
((|memory_model::choice_ws-ext_1_17_2_4_F_182| false))
((|memory_model::choice_ws-ext_1_17_3_4_F_183| true))
((|memory_model::choice_ws-ext_1_17_4_4_F_184| true))
((|memory_model::choice_ws-ext_1_1_2_4_F_170| true))
((|memory_model::choice_ws-ext_1_1_3_4_F_171| true))
((|memory_model::choice_ws-ext_1_1_4_4_F_172| true))
((|memory_model::choice_ws-ext_1_20_2_7_T_130| false))
((|memory_model::choice_ws-ext_1_20_3_7_T_131| false))
((|memory_model::choice_ws-ext_1_20_4_7_T_132| false))
((|memory_model::choice_ws-ext_1_7_2_2_F_147| false))
((|memory_model::choice_ws-ext_1_7_3_2_F_148| true))
((|memory_model::choice_ws-ext_1_7_4_2_F_149| true))
((|memory_model::choice_ws-ext_1_8_2_4_F_173| false))
((|memory_model::choice_ws-ext_1_8_3_4_F_174| true))
((|memory_model::choice_ws-ext_1_8_4_4_F_175| true))
((|memory_model::choice_ws-ext_2_2_3_2_F_159| true))
((|memory_model::choice_ws-ext_2_2_4_2_F_160| true))
((|memory_model::choice_ws-ext_2_4_3_4_F_185| true))
((|memory_model::choice_ws-ext_2_4_4_4_F_186| true))
((|memory_model::choice_ws-ext_2_5_3_5_F_191| true))
((|memory_model::choice_ws-ext_2_5_4_5_F_192| true))
((|memory_model::choice_ws-ext_2_7_3_7_T_133| false))
((|memory_model::choice_ws-ext_2_7_4_7_T_134| false))
((|memory_model::choice_ws-ext_3_2_4_2_F_161| false))
((|memory_model::choice_ws-ext_3_4_4_4_F_187| false))
((|memory_model::choice_ws-ext_3_5_4_5_F_193| true))
((|memory_model::choice_ws-ext_3_7_4_7_T_135| false))
((|nondet_symex::nondet0| #x00000000))
((|nondet_symex::nondet1| #x00000000))
((|nondet_symex::nondet2| #xffffffff))
((|pthread_create#return_value!0#1| #x00000000))
((|pthread_create#return_value!0#2| #x00000000))
((|pthread_create#return_value!0#3| #x00000000))
((|pthread_create#return_value!0#4| #x00000000))
((|pthread_create#return_value!1#1| #x00000000))
((|pthread_create#return_value!2#1| #x00000000))
((|pthread_create#return_value!3#1| #x00000000))
((|pthread_create#return_value!4#1| #x00000000))
((|pthread_create::1::this_thread_id!0@1#1| #x00000000))
((|pthread_create::1::this_thread_id!0@1#2| #x00000001))
((|pthread_create::1::this_thread_id!0@2#1| #x00000000))
((|pthread_create::1::this_thread_id!0@2#2| #x00000002))
((|pthread_create::1::this_thread_id!0@3#1| #x00000000))
((|pthread_create::1::this_thread_id!0@3#2| #x00000003))
((|pthread_create::1::this_thread_id!0@4#1| #x00000000))
((|pthread_create::1::this_thread_id!0@4#2| #x00000004))
((|pthread_create::1::this_thread_id!1@0#0| #x00000000))
((|pthread_create::1::this_thread_id!2@0#0| #x00000000))
((|pthread_create::1::this_thread_id!3@0#0| #x00000000))
((|pthread_create::1::this_thread_id!4@0#0| #x00000008))
((|pthread_create::arg!0@1#1| #x00000000))
((|pthread_create::arg!0@2#1| #x00000000))
((|pthread_create::arg!0@3#1| #x00000000))
((|pthread_create::arg!0@4#1| #x00000000))
((|pthread_create::arg!1@0#1| #x00000000))
((|pthread_create::arg!2@0#1| #x00000000))
((|pthread_create::arg!3@0#1| #x00000000))
((|pthread_create::arg!4@0#1| #x00000000))
((|pthread_create::attr!0@1#1| #x00000000))
((|pthread_create::attr!0@2#1| #x00000000))
((|pthread_create::attr!0@3#1| #x00000000))
((|pthread_create::attr!0@4#1| #x00000000))
((|pthread_create::attr!1@0#1| #x00000000))
((|pthread_create::attr!2@0#1| #x00000000))
((|pthread_create::attr!3@0#1| #x00000000))
((|pthread_create::attr!4@0#1| #x00000000))
((|pthread_create::start_routine!0@1#1| #x03000000))
((|pthread_create::start_routine!0@2#1| #x04000000))
((|pthread_create::start_routine!0@3#1| #x04000000))
((|pthread_create::start_routine!0@4#1| #x04000000))
((|pthread_create::start_routine!1@0#1| #x03000000))
((|pthread_create::start_routine!2@0#1| #x04000000))
((|pthread_create::start_routine!3@0#1| #x04000000))
((|pthread_create::start_routine!4@0#1| #x04000000))
((|pthread_create::thread!0@1#1| #x02000000))
((|pthread_create::thread!0@2#1| #x02000000))
((|pthread_create::thread!0@3#1| #x02000000))
((|pthread_create::thread!0@4#1| #x02000000))
((|pthread_create::thread!1@0#1| #x02000000))
((|pthread_create::thread!2@0#1| #x02000000))
((|pthread_create::thread!3@0#1| #x02000000))
((|pthread_create::thread!4@0#1| #x02000000))
((|release_thr1#1| #x00000000))
((|release_thr1#1$wclk$8| (- 13)))
((|release_thr1#2| #x00000001))
((|release_thr1#2$wclk$8| 1))
((|release_thr1#3| #x00000001))
((|release_thr1#3$rclk$8| 2))
((|release_thr1#4| #x00000000))
((|release_thr1#4$rclk$8| 0))
((|release_thr1#5| #x00000001))
((|release_thr1#5$rclk$8| 2))
((|t1$17$spwnclk$8| (- 8)))
((|t1$21$spwnclk$8| (- 5)))
((|t1$25$spwnclk$8| (- 2)))
((|t1$29$spwnclk$8| 1))
((|thr1#return_value!1#1| #x00000000))
((|thr1#return_value!1#2| #x00000000))
((|thr1#return_value!2#1| #x00000000))
((|thr1#return_value!3#1| #x00000000))
((|thr1#return_value!4#1| #x00000000))
((|thr1::$tmp::return_value___VERIFIER_nondet_int$1!1@1#1| #x00000000))
((|thr1::$tmp::return_value___VERIFIER_nondet_int$1!1@1#10| #x00000000))
((|thr1::$tmp::return_value___VERIFIER_nondet_int$1!1@1#11| #x00000000))
((|thr1::$tmp::return_value___VERIFIER_nondet_int$1!1@1#2| #x00000000))
((|thr1::$tmp::return_value___VERIFIER_nondet_int$1!1@1#3| #x00000000))
((|thr1::$tmp::return_value___VERIFIER_nondet_int$1!1@1#4| #x00000000))
((|thr1::$tmp::return_value___VERIFIER_nondet_int$1!1@1#5| #x00000000))
((|thr1::$tmp::return_value___VERIFIER_nondet_int$1!1@1#6| #x00000000))
((|thr1::$tmp::return_value___VERIFIER_nondet_int$1!1@1#7| #x00000000))
((|thr1::$tmp::return_value___VERIFIER_nondet_int$1!1@1#8| #xffffffff))
((|thr1::$tmp::return_value___VERIFIER_nondet_int$1!1@1#9| #x00000000))
((|thr1::1::count!1@1#1| #x00000000))
((|thr1::1::count!1@1#10| #x00000001))
((|thr1::1::count!1@1#11| #x00000001))
((|thr1::1::count!1@1#12| #x00000000))
((|thr1::1::count!1@1#13| #x00000000))
((|thr1::1::count!1@1#14| #x00000000))
((|thr1::1::count!1@1#15| #x00000000))
((|thr1::1::count!1@1#2| #x00000001))
((|thr1::1::count!1@1#3| #x00000000))
((|thr1::1::count!1@1#4| #x00000000))
((|thr1::1::count!1@1#5| #x00000001))
((|thr1::1::count!1@1#6| #x00000001))
((|thr1::1::count!1@1#7| #x00000001))
((|thr1::1::count!1@1#8| #x00000000))
((|thr1::1::count!1@1#9| #x00000001))
((|thr1::1::rval!1@1#1| #x00000000))
((|thr1::1::rval!1@1#2| #x00000000))
((|thr1::1::rval!1@1#3| #x00000000))
((|thr1::1::rval!1@1#4| #xffffffff))
((|thr1::1::rval!1@1#5| #xffffffff))
((|thr1::1::rval!1@1#6| #xffffffff))
((|thr1::arg!1@1#1| #x00000000))
((|thr2#return_value!1#1| #x00000000))
((|thr2#return_value!2#1| #x00000000))
((|thr2#return_value!2#2| #x00000000))
((|thr2#return_value!2#3| #x00000000))
((|thr2#return_value!2#4| #x00000000))
((|thr2#return_value!2#5| #x00000000))
((|thr2#return_value!3#1| #x00000000))
((|thr2#return_value!3#2| #x00000000))
((|thr2#return_value!3#3| #x00000000))
((|thr2#return_value!3#4| #x00000000))
((|thr2#return_value!3#5| #x00000000))
((|thr2#return_value!4#1| #x00000000))
((|thr2#return_value!4#2| #x00000000))
((|thr2#return_value!4#3| #x00000000))
((|thr2#return_value!4#4| #x00000000))
((|thr2#return_value!4#5| #x00000000))
((|thr2::arg!2@1#1| #x00000000))
((|thr2::arg!3@1#1| #x00000000))
((|thr2::arg!4@1#1| #x00000000))
((|usecount#1| #x00000000))
((|usecount#1$wclk$8| (- 12)))
((|usecount#10| #x00000001))
((|usecount#10$wclk$8| 21))
((|usecount#11| #x00000001))
((|usecount#11$rclk$8| 23))
((|usecount#12| #x00000000))
((|usecount#12$rclk$8| 3))
((|usecount#13| #x00000001))
((|usecount#13$wclk$8| 4))
((|usecount#14| #x00000001))
((|usecount#14$rclk$8| 22))
((|usecount#15| #x00000002))
((|usecount#15$wclk$8| 23))
((|usecount#16| #x00000001))
((|usecount#16$rclk$8| 11))
((|usecount#17| #x00000002))
((|usecount#17$wclk$8| 16))
((|usecount#2| #x00000000))
((|usecount#2$wclk$8| (- 1)))
((|usecount#3| #x00000001))
((|usecount#3$rclk$8| 11))
((|usecount#4| #x00000000))
((|usecount#4$wclk$8| 12))
((|usecount#5| #x00000000))
((|usecount#5$rclk$8| 14))
((|usecount#6| #xffffffff))
((|usecount#6$wclk$8| 15))
((|usecount#7| #x00000000))
((|usecount#7$rclk$8| 17))
((|usecount#8| #xffffffff))
((|usecount#8$wclk$8| 18))
((|usecount#9| #x00000002))
((|usecount#9$rclk$8| 20))
(model 
  (define-fun |memory_model::choice_ws-ext_1_0_2_2_F_144| () Bool
    true)
  (define-fun |locked#7| () (_ BitVec 32)
    #x00000000)
  (define-fun |memory_model::choice_rf_4_3_1_1_F_101| () Bool
    false)
  (define-fun |memory_model::choice_rf_1_15_1_7_F_45| () Bool
    false)
  (define-fun |memory_model::choice_ws-ext_0_11_2_4_F_167| () Bool
    true)
  (define-fun |memory_model::choice_rf_1_6_3_2_F_28| () Bool
    false)
  (define-fun |usecount#17$wclk$8| () Int
    16)
  (define-fun |locked#9| () (_ BitVec 32)
    #x00000000)
  (define-fun |memory_model::choice_rf_3_1_1_16_F_73| () Bool
    true)
  (define-fun |memory_model::choice_rf_1_18_1_10_F_54| () Bool
    false)
  (define-fun |memory_model::choice_rf_4_6_0_8_T_12| () Bool
    true)
  (define-fun |usecount#16| () (_ BitVec 32)
    #x00000001)
  (define-fun |goto_symex::&92;guard#6| () Bool
    true)
  (define-fun |release_thr1#1$wclk$8| () Int
    (- 13))
  (define-fun t1$25$spwnclk$8 () Int
    (- 2))
  (define-fun |flag1#6$wclk$8| () Int
    27)
  (define-fun |memory_model::choice_rf_1_18_1_13_F_55| () Bool
    false)
  (define-fun |locked#10$wclk$8| () Int
    26)
  (define-fun |memory_model::choice_rf_1_3_3_5_F_110| () Bool
    false)
  (define-fun |memory_model::choice_ws-ext_2_4_4_4_F_186| () Bool
    true)
  (define-fun |release_thr1#5$rclk$8| () Int
    2)
  (define-fun |locked#9$rclk$8| () Int
    25)
  (define-fun |memory_model::choice_ws-ext_0_11_1_1_F_162| () Bool
    true)
  (define-fun |memory_model::choice_rf_0_22_0_15_T_19| () Bool
    false)
  (define-fun |memory_model::choice_ws-ext_1_17_2_4_F_182| () Bool
    false)
  (define-fun |__CPROVER_next_thread_id#6| () (_ BitVec 32)
    #x00000002)
  (define-fun t1$21$spwnclk$8 () Int
    (- 5))
  (define-fun |memory_model::choice_rf_1_6_2_2_F_27| () Bool
    true)
  (define-fun |locked#7$rclk$8| () Int
    5)
  (define-fun |memory_model::choice_rf_2_3_0_11_F_84| () Bool
    false)
  (define-fun |usecount#3| () (_ BitVec 32)
    #x00000001)
  (define-fun |memory_model::choice_ws-ext_1_1_3_4_F_171| () Bool
    true)
  (define-fun |main::1::t!0@1#1$wclk$8| () Int
    (- 11))
  (define-fun |memory_model::choice_rf_1_15_1_0_F_44| () Bool
    false)
  (define-fun |memory_model::choice_ws-ext_0_13_1_13_F_139| () Bool
    true)
  (define-fun |memory_model::choice_ws-ext_0_9_4_5_F_190| () Bool
    true)
  (define-fun |usecount#7$rclk$8| () Int
    17)
  (define-fun |locked#5$wclk$8| () Int
    19)
  (define-fun |memory_model::choice_ws-ext_1_17_3_4_F_183| () Bool
    true)
  (define-fun |goto_symex::&92;guard#12| () Bool
    true)
  (define-fun |pthread_create::1::this_thread_id!4@0#0| () (_ BitVec 32)
    #x00000008)
  (define-fun |__CPROVER_threads_exited#3$wclk$8| () Int
    34)
  (define-fun |memory_model::choice_rf_1_9_3_2_F_34| () Bool
    false)
  (define-fun |goto_symex::&92;guard#4| () Bool
    true)
  (define-fun |memory_model::choice_ws-ext_3_7_4_7_T_135| () Bool
    false)
  (define-fun |usecount#11| () (_ BitVec 32)
    #x00000001)
  (define-fun |memory_model::choice_rf_1_9_1_0_F_31| () Bool
    false)
  (define-fun |memory_model::choice_rf_1_12_1_7_F_38| () Bool
    false)
  (define-fun |flag1#1$wclk$8| () Int
    (- 16))
  (define-fun t1$17$spwnclk$8 () Int
    (- 8))
  (define-fun |memory_model::choice_rf_1_9_1_7_F_32| () Bool
    true)
  (define-fun |goto_symex::&92;guard#15| () Bool
    false)
  (define-fun |memory_model::choice_rf_2_6_0_8_T_4| () Bool
    false)
  (define-fun |memory_model::choice_rf_1_18_3_2_F_58| () Bool
    false)
  (define-fun |memory_model::choice_ws-ext_1_17_4_4_F_184| () Bool
    true)
  (define-fun |release_thr1#4| () (_ BitVec 32)
    #x00000000)
  (define-fun |__CPROVER_threads_exited#4| () (Array (_ BitVec 32) Bool)
    (lambda ((x!1 (_ BitVec 32))) (= x!1 #x00000008)))
  (define-fun |memory_model::choice_rf_1_15_2_2_F_48| () Bool
    false)
  (define-fun |pthread_create::1::this_thread_id!3@0#0| () (_ BitVec 32)
    #x00000000)
  (define-fun |flag1#2$rclk$8| () Int
    8)
  (define-fun |release_thr1#4$rclk$8| () Int
    0)
  (define-fun |memory_model::choice_ws-ext_0_8_1_20_T_126| () Bool
    true)
  (define-fun |flag1#2| () (_ BitVec 32)
    #x00000001)
  (define-fun |memory_model::choice_ws-ext_1_10_2_2_F_150| () Bool
    false)
  (define-fun |goto_symex::&92;guard#1| () Bool
    false)
  (define-fun |release_thr1#3| () (_ BitVec 32)
    #x00000001)
  (define-fun |memory_model::choice_rf_1_5_3_5_F_118| () Bool
    false)
  (define-fun |memory_model::choice_ws-ext_1_13_3_2_F_154| () Bool
    true)
  (define-fun |usecount#13$wclk$8| () Int
    4)
  (define-fun |memory_model::choice_rf_1_18_4_2_F_59| () Bool
    false)
  (define-fun |memory_model::choice_rf_3_3_2_4_F_98| () Bool
    false)
  (define-fun |usecount#5| () (_ BitVec 32)
    #x00000000)
  (define-fun |memory_model::choice_rf_4_1_1_10_F_79| () Bool
    false)
  (define-fun |memory_model::choice_rf_1_4_4_5_F_115| () Bool
    false)
  (define-fun t1$29$spwnclk$8 () Int
    1)
  (define-fun |memory_model::choice_ws-ext_0_11_1_11_F_164| () Bool
    true)
  (define-fun |memory_model::choice_rf_3_1_1_0_F_69| () Bool
    false)
  (define-fun |__CPROVER_threads_exited#1$wclk$8| () Int
    (- 17))
  (define-fun |__CPROVER_next_thread_id#5$wclk$8| () Int
    (- 7))
  (define-fun |flag1#4| () (_ BitVec 32)
    #x00010000)
  (define-fun |usecount#5$rclk$8| () Int
    14)
  (define-fun |memory_model::choice_ws-ext_1_8_4_4_F_175| () Bool
    true)
  (define-fun |__CPROVER_threads_exited#2$rclk$8| () Int
    33)
  (define-fun |goto_symex::&92;guard#5| () Bool
    false)
  (define-fun |memory_model::choice_rf_1_9_2_2_F_33| () Bool
    false)
  (define-fun |usecount#15$wclk$8| () Int
    23)
  (define-fun |memory_model::choice_rf_1_9_0_13_F_30| () Bool
    false)
  (define-fun |usecount#16$rclk$8| () Int
    11)
  (define-fun |memory_model::choice_ws-ext_0_13_1_7_F_137| () Bool
    true)
  (define-fun |memory_model::choice_ws-ext_1_11_2_4_F_176| () Bool
    false)
  (define-fun |locked#3$wclk$8| () Int
    13)
  (define-fun |memory_model::choice_ws-ext_0_8_2_7_T_127| () Bool
    true)
  (define-fun |memory_model::choice_rf_4_3_1_8_F_102| () Bool
    false)
  (define-fun |memory_model::choice_rf_4_0_0_12_F_124| () Bool
    false)
  (define-fun |memory_model::choice_rf_4_1_3_2_F_83| () Bool
    false)
  (define-fun |__CPROVER_threads_exited#2| () (Array (_ BitVec 32) Bool)
    (lambda ((x!1 (_ BitVec 32))) (= x!1 #x00000008)))
  (define-fun |goto_symex::&92;guard#10| () Bool
    false)
  (define-fun |memory_model::choice_rf_1_6_0_13_F_25| () Bool
    false)
  (define-fun |memory_model::choice_rf_4_1_1_16_F_81| () Bool
    false)
  (define-fun |usecount#6$wclk$8| () Int
    15)
  (define-fun |memory_model::choice_ws-ext_1_20_2_7_T_130| () Bool
    false)
  (define-fun |usecount#10$wclk$8| () Int
    21)
  (define-fun |__CPROVER_next_thread_id#9| () (_ BitVec 32)
    #x00000003)
  (define-fun |memory_model::choice_rf_1_3_2_5_F_109| () Bool
    true)
  (define-fun |memory_model::choice_ws-ext_3_2_4_2_F_161| () Bool
    false)
  (define-fun |memory_model::choice_ws-ext_0_11_1_17_F_166| () Bool
    true)
  (define-fun |memory_model::choice_rf_1_18_2_2_F_57| () Bool
    false)
  (define-fun |memory_model::choice_ws-ext_0_13_1_16_F_140| () Bool
    true)
  (define-fun |memory_model::choice_rf_4_3_3_4_F_107| () Bool
    false)
  (define-fun |usecount#1$wclk$8| () Int
    (- 12))
  (define-fun |memory_model::choice_rf_3_6_4_7_T_11| () Bool
    false)
  (define-fun |memory_model::choice_rf_1_5_4_5_F_119| () Bool
    false)
  (define-fun |goto_symex::&92;guard#7| () Bool
    false)
  (define-fun |memory_model::choice_rf_1_4_0_9_F_112| () Bool
    false)
  (define-fun |usecount#4$wclk$8| () Int
    12)
  (define-fun |memory_model::choice_rf_2_3_3_4_F_90| () Bool
    false)
  (define-fun |memory_model::choice_rf_1_12_3_2_F_41| () Bool
    false)
  (define-fun |memory_model::choice_rf_2_6_4_7_T_7| () Bool
    true)
  (define-fun |locked#1$wclk$8| () Int
    (- 14))
  (define-fun |memory_model::choice_ws-ext_3_4_4_4_F_187| () Bool
    false)
  (define-fun |memory_model::choice_rf_3_1_0_13_F_68| () Bool
    false)
  (define-fun |memory_model::choice_ws-ext_1_13_4_2_F_155| () Bool
    false)
  (define-fun |locked#4$wclk$8| () Int
    16)
  (define-fun |memory_model::choice_rf_1_15_0_13_F_43| () Bool
    false)
  (define-fun |__CPROVER_threads_exited#8$rclk$8| () Int
    29)
  (define-fun |__CPROVER_next_thread_id#2$wclk$8| () Int
    (- 10))
  (define-fun |memory_model::choice_ws-ext_0_8_3_7_T_128| () Bool
    true)
  (define-fun |locked#6$wclk$8| () Int
    22)
  (define-fun |memory_model::choice_rf_0_26_0_15_T_22| () Bool
    false)
  (define-fun |locked#11$rclk$8| () Int
    23)
  (define-fun |memory_model::choice_ws-ext_1_20_4_7_T_132| () Bool
    false)
  (define-fun |memory_model::choice_rf_0_22_0_19_T_20| () Bool
    true)
  (define-fun |memory_model::choice_ws-ext_1_7_4_2_F_149| () Bool
    true)
  (define-fun |memory_model::choice_rf_1_6_4_2_F_29| () Bool
    false)
  (define-fun |memory_model::choice_rf_4_3_2_4_F_106| () Bool
    false)
  (define-fun |memory_model::choice_rf_4_6_3_7_T_15| () Bool
    false)
  (define-fun |memory_model::choice_ws-ext_0_13_1_10_F_138| () Bool
    true)
  (define-fun |memory_model::choice_rf_1_6_1_0_F_26| () Bool
    false)
  (define-fun |memory_model::choice_rf_4_3_0_11_F_100| () Bool
    false)
  (define-fun |memory_model::choice_ws-ext_2_7_4_7_T_134| () Bool
    false)
  (define-fun |memory_model::choice_rf_3_6_2_7_T_10| () Bool
    false)
  (define-fun |memory_model::choice_ws-ext_0_9_2_5_F_188| () Bool
    true)
  (define-fun |memory_model::choice_ws-ext_0_9_3_5_F_189| () Bool
    true)
  (define-fun |__CPROVER_threads_exited#6| () (Array (_ BitVec 32) Bool)
    ((as const (Array (_ BitVec 32) Bool)) false))
  (define-fun |memory_model::choice_rf_1_5_2_5_F_117| () Bool
    false)
  (define-fun |memory_model::choice_ws-ext_2_2_3_2_F_159| () Bool
    true)
  (define-fun |main::1::t!0@1#3$wclk$8| () Int
    (- 6))
  (define-fun |memory_model::choice_rf_4_1_1_0_F_77| () Bool
    false)
  (define-fun |memory_model::choice_ws-ext_1_10_4_2_F_152| () Bool
    true)
  (define-fun |memory_model::choice_rf_1_9_4_2_F_35| () Bool
    false)
  (define-fun |memory_model::choice_ws-ext_0_12_1_2_F_194| () Bool
    true)
  (define-fun |__CPROVER_threads_exited#8| () (Array (_ BitVec 32) Bool)
    ((as const (Array (_ BitVec 32) Bool)) false))
  (define-fun |memory_model::choice_rf_3_0_0_12_F_122| () Bool
    true)
  (define-fun |usecount#9$rclk$8| () Int
    20)
  (define-fun |memory_model::choice_rf_3_3_1_14_F_96| () Bool
    false)
  (define-fun |memory_model::choice_ws-ext_0_11_1_14_F_165| () Bool
    true)
  (define-fun |memory_model::choice_rf_2_0_0_12_F_120| () Bool
    false)
  (define-fun |memory_model::choice_rf_3_1_1_13_F_72| () Bool
    false)
  (define-fun |memory_model::choice_ws-ext_2_5_4_5_F_192| () Bool
    true)
  (define-fun |memory_model::choice_rf_4_1_0_13_F_76| () Bool
    false)
  (define-fun |flag2#1$wclk$8| () Int
    (- 15))
  (define-fun |memory_model::choice_rf_3_3_4_4_F_99| () Bool
    false)
  (define-fun |memory_model::choice_rf_1_15_1_10_F_46| () Bool
    false)
  (define-fun |memory_model::choice_ws-ext_1_20_3_7_T_131| () Bool
    false)
  (define-fun |memory_model::choice_ws-ext_1_8_3_4_F_174| () Bool
    true)
  (define-fun |locked#8$wclk$8| () Int
    6)
  (define-fun |goto_symex::&92;guard#13| () Bool
    false)
  (define-fun |memory_model::choice_rf_4_1_1_13_F_80| () Bool
    false)
  (define-fun |memory_model::choice_rf_4_3_1_14_F_104| () Bool
    false)
  (define-fun |memory_model::choice_rf_1_15_3_2_F_49| () Bool
    false)
  (define-fun |pthread_create::1::this_thread_id!2@0#0| () (_ BitVec 32)
    #x00000000)
  (define-fun |usecount#12| () (_ BitVec 32)
    #x00000000)
  (define-fun |goto_symex::&92;guard#8| () Bool
    false)
  (define-fun |memory_model::choice_rf_2_3_4_4_F_91| () Bool
    false)
  (define-fun |memory_model::choice_rf_1_4_2_5_F_113| () Bool
    false)
  (define-fun |memory_model::choice_rf_1_18_1_7_F_53| () Bool
    false)
  (define-fun |memory_model::choice_ws-ext_1_0_4_2_F_146| () Bool
    true)
  (define-fun |memory_model::choice_rf_0_18_0_15_T_17| () Bool
    true)
  (define-fun |flag1#5$wclk$8| () Int
    7)
  (define-fun |locked#2$wclk$8| () Int
    0)
  (define-fun |memory_model::choice_rf_0_26_0_19_T_23| () Bool
    false)
  (define-fun |memory_model::choice_ws-ext_1_8_2_4_F_173| () Bool
    false)
  (define-fun |__CPROVER_threads_exited#6$rclk$8| () Int
    28)
  (define-fun |memory_model::choice_ws-ext_0_13_2_2_F_141| () Bool
    true)
  (define-fun |usecount#3$rclk$8| () Int
    11)
  (define-fun |memory_model::choice_ws-ext_1_1_4_4_F_172| () Bool
    true)
  (define-fun |memory_model::choice_ws-ext_1_14_3_4_F_180| () Bool
    true)
  (define-fun |__CPROVER_threads_exited#7$wclk$8| () Int
    31)
  (define-fun |main::1::t!0@1#4$wclk$8| () Int
    (- 3))
  (define-fun |memory_model::choice_ws-ext_2_5_3_5_F_191| () Bool
    true)
  (define-fun |memory_model::choice_rf_4_1_2_2_F_82| () Bool
    true)
  (define-fun |memory_model::choice_rf_2_6_3_7_T_6| () Bool
    false)
  (define-fun |memory_model::choice_rf_3_1_1_7_F_70| () Bool
    false)
  (define-fun |usecount#12$rclk$8| () Int
    3)
  (define-fun |memory_model::choice_rf_3_1_1_10_F_71| () Bool
    false)
  (define-fun |memory_model::choice_rf_1_12_1_0_F_37| () Bool
    false)
  (define-fun |locked#11| () (_ BitVec 32)
    #x00000000)
  (define-fun |memory_model::choice_rf_2_1_1_0_F_61| () Bool
    true)
  (define-fun |flag1#7$wclk$8| () Int
    28)
  (define-fun |goto_symex::&92;guard#2| () Bool
    false)
  (define-fun |memory_model::choice_ws-ext_1_16_2_2_F_156| () Bool
    false)
  (define-fun |goto_symex::&92;guard#3| () Bool
    false)
  (define-fun |memory_model::choice_ws-ext_1_16_3_2_F_157| () Bool
    true)
  (define-fun |memory_model::choice_ws-ext_0_11_4_4_F_169| () Bool
    true)
  (define-fun array_of.0 () (Array (_ BitVec 32) Bool)
    ((as const (Array (_ BitVec 32) Bool)) false))
  (define-fun |memory_model::choice_rf_2_3_1_1_F_85| () Bool
    true)
  (define-fun |memory_model::choice_ws-ext_3_5_4_5_F_193| () Bool
    true)
  (define-fun |memory_model::choice_rf_2_1_3_2_F_66| () Bool
    false)
  (define-fun |memory_model::choice_rf_2_1_0_13_F_60| () Bool
    false)
  (define-fun |memory_model::choice_ws-ext_0_13_1_0_F_136| () Bool
    true)
  (define-fun |memory_model::choice_ws-ext_0_13_4_2_F_143| () Bool
    true)
  (define-fun |memory_model::choice_rf_2_0_1_2_F_121| () Bool
    true)
  (define-fun |memory_model::choice_ws-ext_1_11_4_4_F_178| () Bool
    true)
  (define-fun |usecount#11$rclk$8| () Int
    23)
  (define-fun |memory_model::choice_rf_4_0_1_2_F_125| () Bool
    true)
  (define-fun |memory_model::choice_rf_1_3_4_5_F_111| () Bool
    false)
  (define-fun |memory_model::choice_ws-ext_0_11_3_4_F_168| () Bool
    true)
  (define-fun |memory_model::choice_rf_2_1_1_13_F_64| () Bool
    false)
  (define-fun |flag1#3| () (_ BitVec 32)
    #x00200000)
  (define-fun |__CPROVER_threads_exited#9$wclk$8| () Int
    30)
  (define-fun |flag1#3$rclk$8| () Int
    9)
  (define-fun |memory_model::choice_rf_0_26_0_6_T_21| () Bool
    false)
  (define-fun |memory_model::choice_ws-ext_1_11_3_4_F_177| () Bool
    true)
  (define-fun |release_thr1#2$wclk$8| () Int
    1)
  (define-fun |usecount#2$wclk$8| () Int
    (- 1))
  (define-fun |usecount#9| () (_ BitVec 32)
    #x00000002)
  (define-fun |memory_model::choice_rf_4_6_2_7_T_14| () Bool
    false)
  (define-fun |memory_model::choice_ws-ext_2_7_3_7_T_133| () Bool
    false)
  (define-fun |memory_model::choice_rf_4_3_1_11_F_103| () Bool
    false)
  (define-fun |memory_model::choice_rf_3_0_1_2_F_123| () Bool
    false)
  (define-fun |memory_model::choice_ws-ext_0_8_4_7_T_129| () Bool
    true)
  (define-fun |release_thr1#3$rclk$8| () Int
    2)
  (define-fun |memory_model::choice_rf_2_1_4_2_F_67| () Bool
    false)
  (define-fun |memory_model::choice_ws-ext_1_0_3_2_F_145| () Bool
    true)
  (define-fun |memory_model::choice_rf_2_3_1_14_F_88| () Bool
    false)
  (define-fun |memory_model::choice_ws-ext_1_7_3_2_F_148| () Bool
    true)
  (define-fun |locked#12$wclk$8| () Int
    24)
  (define-fun |usecount#8$wclk$8| () Int
    18)
  (define-fun |memory_model::choice_rf_2_1_1_10_F_63| () Bool
    false)
  (define-fun |memory_model::choice_rf_2_3_1_17_F_89| () Bool
    false)
  (define-fun |memory_model::choice_ws-ext_1_16_4_2_F_158| () Bool
    false)
  (define-fun |memory_model::choice_ws-ext_1_14_4_4_F_181| () Bool
    true)
  (define-fun |release_thr1#5| () (_ BitVec 32)
    #x00000001)
  (define-fun |memory_model::choice_rf_1_18_1_16_F_56| () Bool
    true)
  (define-fun |memory_model::choice_rf_0_18_0_6_T_16| () Bool
    false)
  (define-fun |memory_model::choice_ws-ext_1_1_2_4_F_170| () Bool
    true)
  (define-fun |usecount#14| () (_ BitVec 32)
    #x00000001)
  (define-fun |__CPROVER_threads_exited#5$wclk$8| () Int
    32)
  (define-fun |main::1::t!0@1#2$wclk$8| () Int
    (- 9))
  (define-fun |goto_symex::&92;guard#11| () Bool
    false)
  (define-fun |memory_model::choice_rf_1_12_4_2_F_42| () Bool
    false)
  (define-fun |memory_model::choice_rf_1_4_3_5_F_114| () Bool
    false)
  (define-fun |memory_model::choice_rf_0_22_0_6_T_18| () Bool
    false)
  (define-fun |memory_model::choice_rf_3_1_4_2_F_75| () Bool
    false)
  (define-fun |memory_model::choice_rf_4_3_1_17_F_105| () Bool
    true)
  (define-fun |__CPROVER_next_thread_id#3| () (_ BitVec 32)
    #x00000001)
  (define-fun |memory_model::choice_rf_1_15_1_13_F_47| () Bool
    false)
  (define-fun |memory_model::choice_ws-ext_1_10_3_2_F_151| () Bool
    true)
  (define-fun |memory_model::choice_ws-ext_0_11_1_8_F_163| () Bool
    true)
  (define-fun |memory_model::choice_ws-ext_1_14_2_4_F_179| () Bool
    false)
  (define-fun |__CPROVER_next_thread_id#8$wclk$8| () Int
    (- 4))
  (define-fun |memory_model::choice_rf_1_3_0_9_F_108| () Bool
    false)
  (define-fun |memory_model::choice_rf_2_1_1_16_F_65| () Bool
    false)
  (define-fun |memory_model::choice_rf_1_12_0_13_F_36| () Bool
    false)
  (define-fun |memory_model::choice_rf_2_3_1_8_F_86| () Bool
    false)
  (define-fun |main::1::t!0@1#5$wclk$8| () Int
    0)
  (define-fun |__CPROVER_next_thread_id#11$wclk$8| () Int
    (- 1))
  (define-fun |memory_model::choice_rf_2_3_1_11_F_87| () Bool
    false)
  (define-fun |goto_symex::&92;guard#14| () Bool
    false)
  (define-fun |memory_model::choice_rf_1_12_2_2_F_40| () Bool
    false)
  (define-fun |memory_model::choice_rf_2_1_1_7_F_62| () Bool
    false)
  (define-fun |memory_model::choice_rf_1_15_4_2_F_50| () Bool
    true)
  (define-fun |__CPROVER_threads_exited#4$rclk$8| () Int
    31)
  (define-fun |usecount#14$rclk$8| () Int
    22)
  (define-fun |memory_model::choice_ws-ext_0_13_3_2_F_142| () Bool
    true)
  (define-fun |flag1#4$rclk$8| () Int
    10)
  (define-fun |memory_model::choice_rf_4_1_1_7_F_78| () Bool
    false)
  (define-fun |memory_model::choice_ws-ext_2_2_4_2_F_160| () Bool
    true)
  (define-fun |memory_model::choice_ws-ext_2_4_3_4_F_185| () Bool
    true)
  (define-fun |memory_model::choice_rf_1_12_1_10_F_39| () Bool
    false)
  (define-fun |memory_model::choice_rf_0_26_0_23_T_24| () Bool
    true)
  (define-fun |memory_model::choice_ws-ext_1_7_2_2_F_147| () Bool
    false)
  (define-fun |memory_model::choice_rf_1_5_0_9_F_116| () Bool
    false)
  (define-fun |memory_model::choice_ws-ext_1_13_2_2_F_153| () Bool
    false)
  (define-fun |__CPROVER_pipe_count#1$wclk$8| () Int
    (- 18))
  (define-fun |__CPROVER_next_thread_id#1$wclk$8| () Int
    (- 19))
  (define-fun |__CPROVER_memory_leak#1$wclk$8| () Int
    (- 20))
  (define-fun |__CPROVER_malloc_size#1$wclk$8| () Int
    (- 21))
  (define-fun |__CPROVER_malloc_object#1$wclk$8| () Int
    (- 22))
  (define-fun |__CPROVER_malloc_is_new_array#1$wclk$8| () Int
    (- 23))
  (define-fun |__CPROVER_deallocated#1$wclk$8| () Int
    (- 24))
  (define-fun |__CPROVER_dead_object#1$wclk$8| () Int
    (- 25))
  (define-fun |memory_model::choice_rf_1_19_4_7_T_3| () Bool
    true)
  (define-fun |memory_model::choice_rf_1_19_3_7_T_2| () Bool
    false)
  (define-fun |memory_model::choice_rf_1_19_2_7_T_1| () Bool
    false)
  (define-fun |memory_model::choice_rf_1_19_0_8_T_0| () Bool
    false)
  (define-fun |nondet_symex::nondet2| () (_ BitVec 32)
    #xffffffff)
  (define-fun |nondet_symex::nondet1| () (_ BitVec 32)
    #x00000000)
  (define-fun |nondet_symex::nondet0| () (_ BitVec 32)
    #x00000000)
  (define-fun |__CPROVER_next_thread_id#9$rclk$8| () Int
    (- 1))
  (define-fun |__CPROVER_next_thread_id#6$rclk$8| () Int
    (- 4))
  (define-fun |__CPROVER_next_thread_id#3$rclk$8| () Int
    (- 7))
  (define-fun |memory_model::choice_rf_1_18_1_0_F_52| () Bool
    false)
  (define-fun |memory_model::choice_rf_1_18_0_13_F_51| () Bool
    false)
  (define-fun |memory_model::choice_rf_4_6_1_20_T_13| () Bool
    false)
  (define-fun |memory_model::choice_rf_3_6_1_20_T_9| () Bool
    false)
  (define-fun |memory_model::choice_rf_2_6_1_20_T_5| () Bool
    false)
  (define-fun |goto_symex::&92;guard#9| () Bool
    true)
  (define-fun |thr1::1::count!1@1#13| () (_ BitVec 32)
    #x00000000)
  (define-fun |main::1::t!0@1#1| () (_ BitVec 32)
    #x00000000)
  (define-fun |pthread_create::1::this_thread_id!0@1#1| () (_ BitVec 32)
    #x00000000)
  (define-fun |pthread_create::1::this_thread_id!0@2#1| () (_ BitVec 32)
    #x00000000)
  (define-fun |pthread_create::1::this_thread_id!0@3#1| () (_ BitVec 32)
    #x00000000)
  (define-fun |pthread_create::1::this_thread_id!0@4#1| () (_ BitVec 32)
    #x00000000)
  (define-fun |thr1::1::rval!1@1#1| () (_ BitVec 32)
    #x00000000)
  (define-fun |thr1::1::count!1@1#1| () (_ BitVec 32)
    #x00000000)
  (define-fun |thr1::$tmp::return_value___VERIFIER_nondet_int$1!1@1#1| () (_ BitVec 32)
    #x00000000)
  (define-fun |thr1::$tmp::return_value___VERIFIER_nondet_int$1!1@1#4| () (_ BitVec 32)
    #x00000000)
  (define-fun |thr1::$tmp::return_value___VERIFIER_nondet_int$1!1@1#7| () (_ BitVec 32)
    #x00000000)
  (define-fun |pthread_create::1::this_thread_id!1@0#0| () (_ BitVec 32)
    #x00000000)
  (define-fun |main::1::t!0@1| () (_ BitVec 32)
    #x00000000)
  (define-fun |memory_model::choice_rf_3_1_2_2_F_74| () Bool
    false)
  (define-fun |memory_model::choice_rf_3_3_0_11_F_92| () Bool
    false)
  (define-fun |memory_model::choice_rf_3_3_1_11_F_95| () Bool
    false)
  (define-fun |memory_model::choice_rf_3_3_1_17_F_97| () Bool
    false)
  (define-fun |memory_model::choice_rf_3_3_1_1_F_93| () Bool
    false)
  (define-fun |memory_model::choice_rf_3_3_1_8_F_94| () Bool
    false)
  (define-fun |memory_model::choice_rf_3_6_0_8_T_8| () Bool
    false)
  (define-fun |thr1::$tmp::return_value___VERIFIER_nondet_int$1!1@1#9| () (_ BitVec 32)
    #x00000000)
  (define-fun |thr1::$tmp::return_value___VERIFIER_nondet_int$1!1@1#3| () (_ BitVec 32)
    #x00000000)
  (define-fun |thr1::$tmp::return_value___VERIFIER_nondet_int$1!1@1#6| () (_ BitVec 32)
    #x00000000)
  (define-fun |usecount#7| () (_ BitVec 32)
    #x00000000)
)
(:added-eqs               946
 :arith-add-rows          8734
 :arith-assert-lower      365
 :arith-assert-upper      525
 :arith-bound-prop        665
 :arith-conflicts         7
 :arith-pivots            193
 :array-ax1               3
 :array-ax2               2
 :array-def-store         6
 :array-exp-ax2           2
 :binary-propagations     5797
 :bv-bit2core             3952
 :bv-conflicts            1
 :bv-diseqs               9
 :bv-dynamic-diseqs       73
 :bv->core-eq             114
 :conflicts               79
 :decisions               438
 :del-clause              4063
 :eliminated-applications 26
 :eliminated-vars         10
 :final-checks            5
 :max-memory              7.73
 :memory                  4.52
 :minimized-lits          175
 :mk-bool-var             3576
 :mk-clause               6890
 :num-allocs              10841899
 :num-checks              1
 :propagations            11387
 :rlimit-count            707989
 :time                    0.04
 :total-time              0.06)

real	0m0.066s
user	0m0.063s
sys	0m0.003s
State: AC Run_time: 0.06809473037719727