num of guard = 30
num of elim = 1
num of guard = 30
num of elim = 0
sat
((|B0| false))
((|B1| false))
((|B10| false))
((|B100| false))
((|B101| false))
((|B102| false))
((|B103| false))
((|B104| false))
((|B105| false))
((|B106| false))
((|B107| false))
((|B108| false))
((|B109| false))
((|B11| false))
((|B110| false))
((|B111| false))
((|B112| false))
((|B113| false))
((|B114| false))
((|B115| false))
((|B116| false))
((|B117| false))
((|B118| true))
((|B119| false))
((|B12| false))
((|B120| true))
((|B121| true))
((|B122| true))
((|B123| true))
((|B124| true))
((|B125| true))
((|B126| true))
((|B127| true))
((|B128| true))
((|B129| true))
((|B13| false))
((|B130| true))
((|B131| true))
((|B132| true))
((|B133| true))
((|B134| true))
((|B135| true))
((|B136| true))
((|B137| true))
((|B138| true))
((|B139| true))
((|B14| false))
((|B140| true))
((|B141| false))
((|B142| true))
((|B143| true))
((|B144| false))
((|B145| true))
((|B146| true))
((|B147| true))
((|B148| true))
((|B149| true))
((|B15| false))
((|B150| true))
((|B151| true))
((|B152| true))
((|B153| true))
((|B154| true))
((|B155| true))
((|B156| true))
((|B157| false))
((|B158| false))
((|B159| true))
((|B16| false))
((|B160| true))
((|B161| true))
((|B162| true))
((|B163| true))
((|B164| true))
((|B165| true))
((|B166| true))
((|B167| true))
((|B168| true))
((|B169| true))
((|B17| false))
((|B170| true))
((|B171| true))
((|B172| true))
((|B18| false))
((|B19| false))
((|B2| false))
((|B20| false))
((|B21| false))
((|B22| false))
((|B23| false))
((|B24| false))
((|B25| false))
((|B26| false))
((|B27| false))
((|B28| false))
((|B29| false))
((|B3| false))
((|B30| false))
((|B31| false))
((|B32| false))
((|B33| false))
((|B34| false))
((|B35| false))
((|B36| false))
((|B37| false))
((|B38| false))
((|B39| false))
((|B4| false))
((|B40| false))
((|B41| false))
((|B42| false))
((|B43| false))
((|B44| false))
((|B45| false))
((|B46| false))
((|B47| false))
((|B48| false))
((|B49| false))
((|B5| false))
((|B50| false))
((|B51| false))
((|B52| false))
((|B53| false))
((|B54| false))
((|B55| true))
((|B56| true))
((|B57| false))
((|B58| false))
((|B59| false))
((|B6| false))
((|B60| false))
((|B61| false))
((|B62| false))
((|B63| true))
((|B64| true))
((|B65| false))
((|B66| false))
((|B67| false))
((|B68| false))
((|B69| false))
((|B7| false))
((|B70| false))
((|B71| false))
((|B72| false))
((|B73| false))
((|B74| false))
((|B75| false))
((|B76| false))
((|B77| false))
((|B78| false))
((|B79| false))
((|B8| false))
((|B80| false))
((|B81| false))
((|B82| false))
((|B83| false))
((|B84| false))
((|B85| false))
((|B86| false))
((|B87| false))
((|B88| true))
((|B89| true))
((|B9| false))
((|B90| true))
((|B91| false))
((|B92| false))
((|B93| false))
((|B94| false))
((|B95| false))
((|B96| false))
((|B97| false))
((|B98| false))
((|B99| false))
((|__CPROVER_dead_object#1| #x00000000))
((|__CPROVER_dead_object#1$wclk$8| (- 14)))
((|__CPROVER_deallocated#1| #x00000000))
((|__CPROVER_deallocated#1$wclk$8| (- 13)))
((|__CPROVER_malloc_is_new_array#1| false))
((|__CPROVER_malloc_is_new_array#1$wclk$8| (- 12)))
((|__CPROVER_malloc_object#1| #x00000000))
((|__CPROVER_malloc_object#1$wclk$8| (- 11)))
((|__CPROVER_malloc_size#1| #x00000000))
((|__CPROVER_malloc_size#1$wclk$8| (- 10)))
((|__CPROVER_memory_leak#1| #x00000000))
((|__CPROVER_memory_leak#1$wclk$8| (- 9)))
((|__CPROVER_next_thread_id#1| #x00000000))
((|__CPROVER_next_thread_id#1$wclk$8| (- 8)))
((|__CPROVER_next_thread_id#2| #x00000001))
((|__CPROVER_next_thread_id#2$wclk$8| (- 4)))
((|__CPROVER_next_thread_id#3| #x00000001))
((|__CPROVER_next_thread_id#3$rclk$8| (- 1)))
((|__CPROVER_next_thread_id#4| #x00000001))
((|__CPROVER_next_thread_id#5| #x00000002))
((|__CPROVER_next_thread_id#5$wclk$8| (- 1)))
((|__CPROVER_pipe_count#1| #x00000000))
((|__CPROVER_pipe_count#1$wclk$8| (- 7)))
((|__CPROVER_rounding_mode!0#1| #x00000000))
((|__CPROVER_rounding_mode!1#1| #x00000000))
((|__CPROVER_rounding_mode!2#1| #x00000000))
((|__CPROVER_thread_id!0#1| #x00000000))
((|__CPROVER_thread_id!1#1| #x00000000))
((|__CPROVER_thread_id!1#2| #x00000000))
((|__CPROVER_thread_id!2#1| #x00000000))
((|__CPROVER_thread_id!2#2| #x00000001))
((|__CPROVER_threads_exited#1| (lambda ((x!1 (_ BitVec 32))) (= x!1 #x00000001))))
((|__CPROVER_threads_exited#1$wclk$8| (- 6)))
((|__CPROVER_threads_exited#2| (lambda ((x!1 (_ BitVec 32))) (= x!1 #x00000001))))
((|__CPROVER_threads_exited#2$rclk$8| 4))
((|__CPROVER_threads_exited#3| (store (lambda ((x!1 (_ BitVec 32))) (= x!1 #x00000001)) #x00000000 true)))
((|__CPROVER_threads_exited#3$wclk$8| 5))
((|__CPROVER_threads_exited#4| (lambda ((x!1 (_ BitVec 32))) (= x!1 #x00000001))))
((|__CPROVER_threads_exited#4$rclk$8| 2))
((|__CPROVER_threads_exited#5| (store (lambda ((x!1 (_ BitVec 32))) (= x!1 #x00000001)) #x00000001 true)))
((|__CPROVER_threads_exited#5$wclk$8| 3))
((|__VERIFIER_nondet_uint#return_value!1#1| #x00000000))
((|__VERIFIER_nondet_uint#return_value!2#1| #x00000000))
((|goto_symex::&92;guard#1| false))
((|goto_symex::&92;guard#10| false))
((|goto_symex::&92;guard#11| false))
((|goto_symex::&92;guard#12| false))
((|goto_symex::&92;guard#13| false))
((|goto_symex::&92;guard#14| false))
((|goto_symex::&92;guard#15| true))
((|goto_symex::&92;guard#16| true))
((|goto_symex::&92;guard#17| false))
((|goto_symex::&92;guard#18| false))
((|goto_symex::&92;guard#19| false))
((|goto_symex::&92;guard#2| true))
((|goto_symex::&92;guard#20| false))
((|goto_symex::&92;guard#21| false))
((|goto_symex::&92;guard#22| false))
((|goto_symex::&92;guard#23| false))
((|goto_symex::&92;guard#24| false))
((|goto_symex::&92;guard#25| false))
((|goto_symex::&92;guard#26| false))
((|goto_symex::&92;guard#27| false))
((|goto_symex::&92;guard#28| false))
((|goto_symex::&92;guard#29| false))
((|goto_symex::&92;guard#3| false))
((|goto_symex::&92;guard#30| false))
((|goto_symex::&92;guard#4| false))
((|goto_symex::&92;guard#5| false))
((|goto_symex::&92;guard#6| false))
((|goto_symex::&92;guard#7| false))
((|goto_symex::&92;guard#8| false))
((|goto_symex::&92;guard#9| false))
((|main#return_value!1#1| #x00000000))
((|main#return_value!2#1| #x00000000))
((|main::1::t!0@1| #x00000000))
((|main::1::t!0@1#1| #x00000000))
((|main::1::t!0@1#1$wclk$8| (- 5)))
((|main::1::t!0@1#2| #x00000001))
((|main::1::t!0@1#2$wclk$8| (- 3)))
((|main::1::t!0@1#3| #x00000002))
((|main::1::t!0@1#3$wclk$8| 0))
((|memory_model::choice_rf_0_13_0_10_T_5| true))
((|memory_model::choice_rf_0_13_0_6_T_4| false))
((|memory_model::choice_rf_1_0_0_8_T_0| true))
((|memory_model::choice_rf_1_0_2_1_T_1| false))
((|memory_model::choice_rf_2_0_0_8_T_2| true))
((|memory_model::choice_rf_2_0_1_1_T_3| false))
((|memory_model::choice_ws-ext_0_8_1_1_T_6| true))
((|memory_model::choice_ws-ext_0_8_2_1_T_7| true))
((|memory_model::choice_ws-ext_1_1_2_1_T_8| false))
((|nondet_symex::nondet0| #x00000000))
((|nondet_symex::nondet1| #x00000002))
((|nondet_symex::nondet2| #x00000000))
((|nondet_symex::nondet3| #x00000001))
((|nondet_symex::nondet4| #x00000001))
((|nondet_symex::nondet5| #x00000000))
((|pthread_create#return_value!0#1| #x00000000))
((|pthread_create#return_value!0#2| #x00000000))
((|pthread_create#return_value!1#1| #x00000000))
((|pthread_create#return_value!2#1| #x00000000))
((|pthread_create::1::this_thread_id!0@1#1| #x00000000))
((|pthread_create::1::this_thread_id!0@1#2| #x00000001))
((|pthread_create::1::this_thread_id!0@2#1| #x00000000))
((|pthread_create::1::this_thread_id!0@2#2| #x00000002))
((|pthread_create::1::this_thread_id!1@0#0| #x00000000))
((|pthread_create::1::this_thread_id!2@0#0| #x00000001))
((|pthread_create::arg!0@1#1| #x00000000))
((|pthread_create::arg!0@2#1| #x00000000))
((|pthread_create::arg!1@0#1| #x00000000))
((|pthread_create::arg!2@0#1| #x00000000))
((|pthread_create::attr!0@1#1| #x00000000))
((|pthread_create::attr!0@2#1| #x00000000))
((|pthread_create::attr!1@0#1| #x00000000))
((|pthread_create::attr!2@0#1| #x00000000))
((|pthread_create::start_routine!0@1#1| #x03000000))
((|pthread_create::start_routine!0@2#1| #x03000000))
((|pthread_create::start_routine!1@0#1| #x03000000))
((|pthread_create::start_routine!2@0#1| #x03000000))
((|pthread_create::thread!0@1#1| #x02000000))
((|pthread_create::thread!0@2#1| #x02000000))
((|pthread_create::thread!1@0#1| #x02000000))
((|pthread_create::thread!2@0#1| #x02000000))
((|t1$12$spwnclk$8| (- 2)))
((|t1$16$spwnclk$8| 1))
((|thr1#return_value!1#1| #x00000000))
((|thr1#return_value!1#2| #x00000000))
((|thr1#return_value!2#1| #x00000000))
((|thr1#return_value!2#2| #x00000000))
((|thr1::1::i!1@1#1| #x00000000))
((|thr1::1::i!1@1#2| #x00000000))
((|thr1::1::i!1@1#3| #x00000001))
((|thr1::1::i!1@1#4| #x00000002))
((|thr1::1::i!1@1#5| #x00000001))
((|thr1::1::i!1@1#6| #x00000000))
((|thr1::1::i!2@1#1| #x00000000))
((|thr1::1::i!2@1#2| #x00000000))
((|thr1::1::i!2@1#3| #x00000001))
((|thr1::1::i!2@1#4| #x00000002))
((|thr1::1::i!2@1#5| #x00000001))
((|thr1::1::i!2@1#6| #x00000001))
((|thr1::1::j!1@1#1| #x00000000))
((|thr1::1::j!1@1#10| #x00000004))
((|thr1::1::j!1@1#11| #x00000003))
((|thr1::1::j!1@1#12| #x00000002))
((|thr1::1::j!1@1#13| #x00000002))
((|thr1::1::j!1@1#14| #x00000001))
((|thr1::1::j!1@1#2| #x00000001))
((|thr1::1::j!1@1#3| #x00000001))
((|thr1::1::j!1@1#4| #x00000002))
((|thr1::1::j!1@1#5| #x00000003))
((|thr1::1::j!1@1#6| #x00000002))
((|thr1::1::j!1@1#7| #x00000002))
((|thr1::1::j!1@1#8| #x00000002))
((|thr1::1::j!1@1#9| #x00000003))
((|thr1::1::j!2@1#1| #x00000000))
((|thr1::1::j!2@1#10| #x00000004))
((|thr1::1::j!2@1#11| #x00000003))
((|thr1::1::j!2@1#12| #x00000002))
((|thr1::1::j!2@1#13| #x00000001))
((|thr1::1::j!2@1#14| #x00000001))
((|thr1::1::j!2@1#2| #x00000001))
((|thr1::1::j!2@1#3| #x00000001))
((|thr1::1::j!2@1#4| #x00000002))
((|thr1::1::j!2@1#5| #x00000003))
((|thr1::1::j!2@1#6| #x00000002))
((|thr1::1::j!2@1#7| #x00000001))
((|thr1::1::j!2@1#8| #x00000002))
((|thr1::1::j!2@1#9| #x00000003))
((|thr1::1::k!1@1#1| #x00000000))
((|thr1::1::k!1@1#10| #x00000004))
((|thr1::1::k!1@1#11| #x00000003))
((|thr1::1::k!1@1#12| #x00000002))
((|thr1::1::k!1@1#13| #x00000001))
((|thr1::1::k!1@1#14| #x00000001))
((|thr1::1::k!1@1#15| #x00000002))
((|thr1::1::k!1@1#16| #x00000003))
((|thr1::1::k!1@1#17| #x00000004))
((|thr1::1::k!1@1#18| #x00000003))
((|thr1::1::k!1@1#19| #x00000002))
((|thr1::1::k!1@1#2| #x00000001))
((|thr1::1::k!1@1#20| #x00000003))
((|thr1::1::k!1@1#21| #x00000004))
((|thr1::1::k!1@1#22| #x00000005))
((|thr1::1::k!1@1#23| #x00000004))
((|thr1::1::k!1@1#24| #x00000003))
((|thr1::1::k!1@1#25| #x00000002))
((|thr1::1::k!1@1#26| #x00000001))
((|thr1::1::k!1@1#27| #x00000001))
((|thr1::1::k!1@1#28| #x00000001))
((|thr1::1::k!1@1#3| #x00000001))
((|thr1::1::k!1@1#4| #x00000002))
((|thr1::1::k!1@1#5| #x00000003))
((|thr1::1::k!1@1#6| #x00000002))
((|thr1::1::k!1@1#7| #x00000001))
((|thr1::1::k!1@1#8| #x00000002))
((|thr1::1::k!1@1#9| #x00000003))
((|thr1::1::k!2@1#1| #x00000000))
((|thr1::1::k!2@1#10| #x00000004))
((|thr1::1::k!2@1#11| #x00000003))
((|thr1::1::k!2@1#12| #x00000002))
((|thr1::1::k!2@1#13| #x00000001))
((|thr1::1::k!2@1#14| #x00000001))
((|thr1::1::k!2@1#15| #x00000002))
((|thr1::1::k!2@1#16| #x00000003))
((|thr1::1::k!2@1#17| #x00000004))
((|thr1::1::k!2@1#18| #x00000003))
((|thr1::1::k!2@1#19| #x00000002))
((|thr1::1::k!2@1#2| #x00000001))
((|thr1::1::k!2@1#20| #x00000003))
((|thr1::1::k!2@1#21| #x00000004))
((|thr1::1::k!2@1#22| #x00000005))
((|thr1::1::k!2@1#23| #x00000004))
((|thr1::1::k!2@1#24| #x00000003))
((|thr1::1::k!2@1#25| #x00000002))
((|thr1::1::k!2@1#26| #x00000001))
((|thr1::1::k!2@1#27| #x00000001))
((|thr1::1::k!2@1#28| #x00000001))
((|thr1::1::k!2@1#3| #x00000001))
((|thr1::1::k!2@1#4| #x00000002))
((|thr1::1::k!2@1#5| #x00000003))
((|thr1::1::k!2@1#6| #x00000002))
((|thr1::1::k!2@1#7| #x00000001))
((|thr1::1::k!2@1#8| #x00000002))
((|thr1::1::k!2@1#9| #x00000003))
((|thr1::1::x!1@1#1| #x00000000))
((|thr1::1::x!1@1#2| #x00000000))
((|thr1::1::x!2@1#1| #x00000000))
((|thr1::1::x!2@1#2| #x00000001))
((|thr1::1::y!1@1#1| #x00000000))
((|thr1::1::y!1@1#2| #x00000002))
((|thr1::1::y!2@1#1| #x00000000))
((|thr1::1::y!2@1#2| #x00000001))
((|thr1::1::z!1@1#1| #x00000000))
((|thr1::1::z!1@1#2| #x00000000))
((|thr1::1::z!2@1#1| #x00000000))
((|thr1::1::z!2@1#2| #x00000000))
((|thr1::arg!1@1#1| #x00000000))
((|thr1::arg!2@1#1| #x00000000))
(model 
  (define-fun |goto_symex::&92;guard#20| () Bool
    false)
  (define-fun |goto_symex::&92;guard#1| () Bool
    false)
  (define-fun |memory_model::choice_rf_2_0_1_1_T_3| () Bool
    false)
  (define-fun t1$16$spwnclk$8 () Int
    1)
  (define-fun |goto_symex::&92;guard#30| () Bool
    false)
  (define-fun |goto_symex::&92;guard#17| () Bool
    false)
  (define-fun |main::1::t!0@1#3$wclk$8| () Int
    0)
  (define-fun |goto_symex::&92;guard#16| () Bool
    true)
  (define-fun |nondet_symex::nondet4| () (_ BitVec 32)
    #x00000001)
  (define-fun |__CPROVER_threads_exited#1$wclk$8| () Int
    (- 6))
  (define-fun |memory_model::choice_ws-ext_1_1_2_1_T_8| () Bool
    false)
  (define-fun |__CPROVER_next_thread_id#5$wclk$8| () Int
    (- 1))
  (define-fun |__CPROVER_threads_exited#2$rclk$8| () Int
    4)
  (define-fun |goto_symex::&92;guard#5| () Bool
    false)
  (define-fun |__CPROVER_threads_exited#2| () (Array (_ BitVec 32) Bool)
    (lambda ((x!1 (_ BitVec 32))) (= x!1 #x00000001)))
  (define-fun |nondet_symex::nondet3| () (_ BitVec 32)
    #x00000001)
  (define-fun |nondet_symex::nondet5| () (_ BitVec 32)
    #x00000000)
  (define-fun |goto_symex::&92;guard#18| () Bool
    false)
  (define-fun |__CPROVER_threads_exited#5$wclk$8| () Int
    3)
  (define-fun |memory_model::choice_rf_0_13_0_6_T_4| () Bool
    false)
  (define-fun |main::1::t!0@1#2$wclk$8| () Int
    (- 3))
  (define-fun |pthread_create::1::this_thread_id!2@0#0| () (_ BitVec 32)
    #x00000001)
  (define-fun t1$12$spwnclk$8 () Int
    (- 2))
  (define-fun |goto_symex::&92;guard#8| () Bool
    false)
  (define-fun |pthread_create::1::this_thread_id!1@0#0| () (_ BitVec 32)
    #x00000000)
  (define-fun |__CPROVER_next_thread_id#3| () (_ BitVec 32)
    #x00000001)
  (define-fun |main::1::t!0@1#1$wclk$8| () Int
    (- 5))
  (define-fun |nondet_symex::nondet2| () (_ BitVec 32)
    #x00000000)
  (define-fun |memory_model::choice_ws-ext_0_8_1_1_T_6| () Bool
    true)
  (define-fun |nondet_symex::nondet0| () (_ BitVec 32)
    #x00000000)
  (define-fun |__CPROVER_threads_exited#3$wclk$8| () Int
    5)
  (define-fun |__CPROVER_threads_exited#4$rclk$8| () Int
    2)
  (define-fun |goto_symex::&92;guard#4| () Bool
    false)
  (define-fun |memory_model::choice_rf_1_0_0_8_T_0| () Bool
    true)
  (define-fun |nondet_symex::nondet1| () (_ BitVec 32)
    #x00000002)
  (define-fun |goto_symex::&92;guard#2| () Bool
    true)
  (define-fun |__CPROVER_next_thread_id#2$wclk$8| () Int
    (- 4))
  (define-fun |goto_symex::&92;guard#3| () Bool
    false)
  (define-fun |goto_symex::&92;guard#15| () Bool
    true)
  (define-fun |memory_model::choice_rf_2_0_0_8_T_2| () Bool
    true)
  (define-fun |memory_model::choice_rf_0_13_0_10_T_5| () Bool
    true)
  (define-fun |goto_symex::&92;guard#23| () Bool
    false)
  (define-fun |memory_model::choice_ws-ext_0_8_2_1_T_7| () Bool
    true)
  (define-fun array_of.0 () (Array (_ BitVec 32) Bool)
    (lambda ((x!1 (_ BitVec 32))) (= x!1 #x00000001)))
  (define-fun |goto_symex::&92;guard#19| () Bool
    false)
  (define-fun |__CPROVER_threads_exited#4| () (Array (_ BitVec 32) Bool)
    (lambda ((x!1 (_ BitVec 32))) (= x!1 #x00000001)))
  (define-fun |__CPROVER_pipe_count#1$wclk$8| () Int
    (- 7))
  (define-fun |__CPROVER_next_thread_id#1$wclk$8| () Int
    (- 8))
  (define-fun |__CPROVER_memory_leak#1$wclk$8| () Int
    (- 9))
  (define-fun |__CPROVER_malloc_size#1$wclk$8| () Int
    (- 10))
  (define-fun |__CPROVER_malloc_object#1$wclk$8| () Int
    (- 11))
  (define-fun |__CPROVER_malloc_is_new_array#1$wclk$8| () Int
    (- 12))
  (define-fun |__CPROVER_deallocated#1$wclk$8| () Int
    (- 13))
  (define-fun |__CPROVER_dead_object#1$wclk$8| () Int
    (- 14))
  (define-fun |goto_symex::&92;guard#29| () Bool
    false)
  (define-fun |goto_symex::&92;guard#28| () Bool
    false)
  (define-fun |goto_symex::&92;guard#27| () Bool
    false)
  (define-fun |goto_symex::&92;guard#26| () Bool
    false)
  (define-fun |goto_symex::&92;guard#25| () Bool
    false)
  (define-fun |goto_symex::&92;guard#24| () Bool
    false)
  (define-fun |goto_symex::&92;guard#22| () Bool
    false)
  (define-fun |goto_symex::&92;guard#21| () Bool
    false)
  (define-fun |goto_symex::&92;guard#14| () Bool
    false)
  (define-fun |goto_symex::&92;guard#13| () Bool
    false)
  (define-fun |goto_symex::&92;guard#12| () Bool
    false)
  (define-fun |goto_symex::&92;guard#11| () Bool
    false)
  (define-fun |goto_symex::&92;guard#10| () Bool
    false)
  (define-fun |goto_symex::&92;guard#9| () Bool
    false)
  (define-fun |goto_symex::&92;guard#7| () Bool
    false)
  (define-fun |goto_symex::&92;guard#6| () Bool
    false)
  (define-fun |__CPROVER_next_thread_id#3$rclk$8| () Int
    (- 1))
  (define-fun |main::1::t!0@1#1| () (_ BitVec 32)
    #x00000000)
  (define-fun |pthread_create::1::this_thread_id!0@1#1| () (_ BitVec 32)
    #x00000000)
  (define-fun |pthread_create::1::this_thread_id!0@2#1| () (_ BitVec 32)
    #x00000000)
  (define-fun |thr1::1::x!1@1#1| () (_ BitVec 32)
    #x00000000)
  (define-fun |thr1::1::y!1@1#1| () (_ BitVec 32)
    #x00000000)
  (define-fun |thr1::1::z!1@1#1| () (_ BitVec 32)
    #x00000000)
  (define-fun |thr1::1::i!1@1#1| () (_ BitVec 32)
    #x00000000)
  (define-fun |thr1::1::j!1@1#1| () (_ BitVec 32)
    #x00000000)
  (define-fun |thr1::1::k!1@1#1| () (_ BitVec 32)
    #x00000000)
  (define-fun |thr1::1::x!2@1#1| () (_ BitVec 32)
    #x00000000)
  (define-fun |thr1::1::y!2@1#1| () (_ BitVec 32)
    #x00000000)
  (define-fun |thr1::1::z!2@1#1| () (_ BitVec 32)
    #x00000000)
  (define-fun |thr1::1::i!2@1#1| () (_ BitVec 32)
    #x00000000)
  (define-fun |thr1::1::j!2@1#1| () (_ BitVec 32)
    #x00000000)
  (define-fun |thr1::1::k!2@1#1| () (_ BitVec 32)
    #x00000000)
  (define-fun |main::1::t!0@1| () (_ BitVec 32)
    #x00000000)
  (define-fun |memory_model::choice_rf_1_0_2_1_T_1| () Bool
    false)
)
(:added-eqs               39
 :arith-add-rows          84
 :arith-assert-lower      8
 :arith-assert-upper      13
 :arith-bound-prop        13
 :arith-pivots            14
 :array-ax1               2
 :array-def-store         2
 :array-exp-ax2           1
 :binary-propagations     1127
 :bv-bit2core             32
 :bv-diseqs               2
 :bv-dynamic-diseqs       1
 :bv->core-eq             11
 :conflicts               2
 :decisions               98
 :del-clause              12
 :eliminated-applications 32
 :eliminated-vars         1
 :final-checks            2
 :max-memory              5.42
 :memory                  3.60
 :mk-bool-var             1805
 :mk-clause               1587
 :num-allocs              2710060
 :num-checks              1
 :propagations            1684
 :rlimit-count            33380
 :time                    0.01
 :total-time              0.02)

real	0m0.022s
user	0m0.022s
sys	0m0.000s
State: AC Run_time: 0.02400827407836914