num of guard = 16
num of elim = 20
num of guard = 16
num of elim = 0
unsat
(error "line 6075 column 17: model is not available")
(error "line 6076 column 17: model is not available")
(error "line 6077 column 18: model is not available")
(error "line 6078 column 19: model is not available")
(error "line 6079 column 19: model is not available")
(error "line 6080 column 19: model is not available")
(error "line 6081 column 19: model is not available")
(error "line 6082 column 19: model is not available")
(error "line 6083 column 19: model is not available")
(error "line 6084 column 19: model is not available")
(error "line 6085 column 19: model is not available")
(error "line 6086 column 19: model is not available")
(error "line 6087 column 19: model is not available")
(error "line 6088 column 18: model is not available")
(error "line 6089 column 19: model is not available")
(error "line 6090 column 19: model is not available")
(error "line 6091 column 19: model is not available")
(error "line 6092 column 19: model is not available")
(error "line 6093 column 19: model is not available")
(error "line 6094 column 19: model is not available")
(error "line 6095 column 19: model is not available")
(error "line 6096 column 19: model is not available")
(error "line 6097 column 19: model is not available")
(error "line 6098 column 19: model is not available")
(error "line 6099 column 18: model is not available")
(error "line 6100 column 19: model is not available")
(error "line 6101 column 19: model is not available")
(error "line 6102 column 19: model is not available")
(error "line 6103 column 19: model is not available")
(error "line 6104 column 19: model is not available")
(error "line 6105 column 19: model is not available")
(error "line 6106 column 19: model is not available")
(error "line 6107 column 19: model is not available")
(error "line 6108 column 19: model is not available")
(error "line 6109 column 19: model is not available")
(error "line 6110 column 18: model is not available")
(error "line 6111 column 19: model is not available")
(error "line 6112 column 19: model is not available")
(error "line 6113 column 19: model is not available")
(error "line 6114 column 19: model is not available")
(error "line 6115 column 19: model is not available")
(error "line 6116 column 19: model is not available")
(error "line 6117 column 19: model is not available")
(error "line 6118 column 19: model is not available")
(error "line 6119 column 19: model is not available")
(error "line 6120 column 19: model is not available")
(error "line 6121 column 18: model is not available")
(error "line 6122 column 19: model is not available")
(error "line 6123 column 19: model is not available")
(error "line 6124 column 19: model is not available")
(error "line 6125 column 19: model is not available")
(error "line 6126 column 19: model is not available")
(error "line 6127 column 19: model is not available")
(error "line 6128 column 19: model is not available")
(error "line 6129 column 19: model is not available")
(error "line 6130 column 19: model is not available")
(error "line 6131 column 19: model is not available")
(error "line 6132 column 18: model is not available")
(error "line 6133 column 19: model is not available")
(error "line 6134 column 19: model is not available")
(error "line 6135 column 19: model is not available")
(error "line 6136 column 19: model is not available")
(error "line 6137 column 19: model is not available")
(error "line 6138 column 19: model is not available")
(error "line 6139 column 19: model is not available")
(error "line 6140 column 19: model is not available")
(error "line 6141 column 19: model is not available")
(error "line 6142 column 19: model is not available")
(error "line 6143 column 18: model is not available")
(error "line 6144 column 19: model is not available")
(error "line 6145 column 19: model is not available")
(error "line 6146 column 19: model is not available")
(error "line 6147 column 19: model is not available")
(error "line 6148 column 19: model is not available")
(error "line 6149 column 19: model is not available")
(error "line 6150 column 19: model is not available")
(error "line 6151 column 19: model is not available")
(error "line 6152 column 19: model is not available")
(error "line 6153 column 19: model is not available")
(error "line 6154 column 18: model is not available")
(error "line 6155 column 19: model is not available")
(error "line 6156 column 19: model is not available")
(error "line 6157 column 19: model is not available")
(error "line 6158 column 19: model is not available")
(error "line 6159 column 19: model is not available")
(error "line 6160 column 19: model is not available")
(error "line 6161 column 19: model is not available")
(error "line 6162 column 19: model is not available")
(error "line 6163 column 19: model is not available")
(error "line 6164 column 19: model is not available")
(error "line 6165 column 18: model is not available")
(error "line 6166 column 19: model is not available")
(error "line 6167 column 19: model is not available")
(error "line 6168 column 19: model is not available")
(error "line 6169 column 19: model is not available")
(error "line 6170 column 19: model is not available")
(error "line 6171 column 19: model is not available")
(error "line 6172 column 19: model is not available")
(error "line 6173 column 19: model is not available")
(error "line 6174 column 19: model is not available")
(error "line 6175 column 19: model is not available")
(error "line 6176 column 18: model is not available")
(error "line 6177 column 19: model is not available")
(error "line 6178 column 19: model is not available")
(error "line 6179 column 19: model is not available")
(error "line 6180 column 19: model is not available")
(error "line 6181 column 19: model is not available")
(error "line 6182 column 19: model is not available")
(error "line 6183 column 19: model is not available")
(error "line 6184 column 19: model is not available")
(error "line 6185 column 19: model is not available")
(error "line 6186 column 19: model is not available")
(error "line 6187 column 17: model is not available")
(error "line 6188 column 18: model is not available")
(error "line 6189 column 19: model is not available")
(error "line 6190 column 19: model is not available")
(error "line 6191 column 19: model is not available")
(error "line 6192 column 19: model is not available")
(error "line 6193 column 19: model is not available")
(error "line 6194 column 19: model is not available")
(error "line 6195 column 19: model is not available")
(error "line 6196 column 19: model is not available")
(error "line 6197 column 19: model is not available")
(error "line 6198 column 19: model is not available")
(error "line 6199 column 18: model is not available")
(error "line 6200 column 19: model is not available")
(error "line 6201 column 19: model is not available")
(error "line 6202 column 19: model is not available")
(error "line 6203 column 19: model is not available")
(error "line 6204 column 19: model is not available")
(error "line 6205 column 18: model is not available")
(error "line 6206 column 18: model is not available")
(error "line 6207 column 18: model is not available")
(error "line 6208 column 18: model is not available")
(error "line 6209 column 18: model is not available")
(error "line 6210 column 18: model is not available")
(error "line 6211 column 18: model is not available")
(error "line 6212 column 18: model is not available")
(error "line 6213 column 17: model is not available")
(error "line 6214 column 18: model is not available")
(error "line 6215 column 18: model is not available")
(error "line 6216 column 18: model is not available")
(error "line 6217 column 18: model is not available")
(error "line 6218 column 18: model is not available")
(error "line 6219 column 18: model is not available")
(error "line 6220 column 18: model is not available")
(error "line 6221 column 18: model is not available")
(error "line 6222 column 18: model is not available")
(error "line 6223 column 18: model is not available")
(error "line 6224 column 17: model is not available")
(error "line 6225 column 18: model is not available")
(error "line 6226 column 18: model is not available")
(error "line 6227 column 18: model is not available")
(error "line 6228 column 18: model is not available")
(error "line 6229 column 18: model is not available")
(error "line 6230 column 18: model is not available")
(error "line 6231 column 18: model is not available")
(error "line 6232 column 18: model is not available")
(error "line 6233 column 18: model is not available")
(error "line 6234 column 18: model is not available")
(error "line 6235 column 17: model is not available")
(error "line 6236 column 18: model is not available")
(error "line 6237 column 18: model is not available")
(error "line 6238 column 18: model is not available")
(error "line 6239 column 18: model is not available")
(error "line 6240 column 18: model is not available")
(error "line 6241 column 18: model is not available")
(error "line 6242 column 18: model is not available")
(error "line 6243 column 18: model is not available")
(error "line 6244 column 18: model is not available")
(error "line 6245 column 18: model is not available")
(error "line 6246 column 17: model is not available")
(error "line 6247 column 18: model is not available")
(error "line 6248 column 18: model is not available")
(error "line 6249 column 18: model is not available")
(error "line 6250 column 18: model is not available")
(error "line 6251 column 18: model is not available")
(error "line 6252 column 18: model is not available")
(error "line 6253 column 18: model is not available")
(error "line 6254 column 18: model is not available")
(error "line 6255 column 18: model is not available")
(error "line 6256 column 18: model is not available")
(error "line 6257 column 17: model is not available")
(error "line 6258 column 18: model is not available")
(error "line 6259 column 18: model is not available")
(error "line 6260 column 18: model is not available")
(error "line 6261 column 18: model is not available")
(error "line 6262 column 18: model is not available")
(error "line 6263 column 18: model is not available")
(error "line 6264 column 18: model is not available")
(error "line 6265 column 18: model is not available")
(error "line 6266 column 18: model is not available")
(error "line 6267 column 18: model is not available")
(error "line 6268 column 17: model is not available")
(error "line 6269 column 18: model is not available")
(error "line 6270 column 18: model is not available")
(error "line 6271 column 18: model is not available")
(error "line 6272 column 18: model is not available")
(error "line 6273 column 18: model is not available")
(error "line 6274 column 18: model is not available")
(error "line 6275 column 18: model is not available")
(error "line 6276 column 18: model is not available")
(error "line 6277 column 18: model is not available")
(error "line 6278 column 18: model is not available")
(error "line 6279 column 17: model is not available")
(error "line 6280 column 18: model is not available")
(error "line 6281 column 18: model is not available")
(error "line 6282 column 18: model is not available")
(error "line 6283 column 18: model is not available")
(error "line 6284 column 18: model is not available")
(error "line 6285 column 18: model is not available")
(error "line 6286 column 18: model is not available")
(error "line 6287 column 18: model is not available")
(error "line 6288 column 18: model is not available")
(error "line 6289 column 18: model is not available")
(error "line 6290 column 38: model is not available")
(error "line 6291 column 45: model is not available")
(error "line 6292 column 38: model is not available")
(error "line 6293 column 45: model is not available")
(error "line 6294 column 46: model is not available")
(error "line 6295 column 53: model is not available")
(error "line 6296 column 40: model is not available")
(error "line 6297 column 47: model is not available")
(error "line 6298 column 38: model is not available")
(error "line 6299 column 45: model is not available")
(error "line 6300 column 38: model is not available")
(error "line 6301 column 45: model is not available")
(error "line 6302 column 41: model is not available")
(error "line 6303 column 48: model is not available")
(error "line 6304 column 42: model is not available")
(error "line 6305 column 42: model is not available")
(error "line 6306 column 49: model is not available")
(error "line 6307 column 42: model is not available")
(error "line 6308 column 49: model is not available")
(error "line 6309 column 42: model is not available")
(error "line 6310 column 42: model is not available")
(error "line 6311 column 49: model is not available")
(error "line 6312 column 41: model is not available")
(error "line 6313 column 48: model is not available")
(error "line 6314 column 41: model is not available")
(error "line 6315 column 48: model is not available")
(error "line 6316 column 41: model is not available")
(error "line 6317 column 41: model is not available")
(error "line 6318 column 48: model is not available")
(error "line 6319 column 41: model is not available")
(error "line 6320 column 48: model is not available")
(error "line 6321 column 41: model is not available")
(error "line 6322 column 41: model is not available")
(error "line 6323 column 48: model is not available")
(error "line 6324 column 41: model is not available")
(error "line 6325 column 48: model is not available")
(error "line 6326 column 37: model is not available")
(error "line 6327 column 44: model is not available")
(error "line 6328 column 42: model is not available")
(error "line 6329 column 42: model is not available")
(error "line 6330 column 42: model is not available")
(error "line 6331 column 42: model is not available")
(error "line 6332 column 42: model is not available")
(error "line 6333 column 42: model is not available")
(error "line 6334 column 38: model is not available")
(error "line 6335 column 38: model is not available")
(error "line 6336 column 38: model is not available")
(error "line 6337 column 38: model is not available")
(error "line 6338 column 38: model is not available")
(error "line 6339 column 38: model is not available")
(error "line 6340 column 38: model is not available")
(error "line 6341 column 38: model is not available")
(error "line 6342 column 38: model is not available")
(error "line 6343 column 38: model is not available")
(error "line 6344 column 38: model is not available")
(error "line 6345 column 41: model is not available")
(error "line 6346 column 48: model is not available")
(error "line 6347 column 41: model is not available")
(error "line 6348 column 48: model is not available")
(error "line 6349 column 41: model is not available")
(error "line 6350 column 48: model is not available")
(error "line 6351 column 41: model is not available")
(error "line 6352 column 48: model is not available")
(error "line 6353 column 41: model is not available")
(error "line 6354 column 48: model is not available")
(error "line 6355 column 41: model is not available")
(error "line 6356 column 48: model is not available")
(error "line 6357 column 41: model is not available")
(error "line 6358 column 48: model is not available")
(error "line 6359 column 41: model is not available")
(error "line 6360 column 48: model is not available")
(error "line 6361 column 41: model is not available")
(error "line 6362 column 48: model is not available")
(error "line 6363 column 53: model is not available")
(error "line 6364 column 53: model is not available")
(error "line 6365 column 53: model is not available")
(error "line 6366 column 53: model is not available")
(error "line 6367 column 53: model is not available")
(error "line 6368 column 34: model is not available")
(error "line 6369 column 34: model is not available")
(error "line 6370 column 34: model is not available")
(error "line 6371 column 34: model is not available")
(error "line 6372 column 34: model is not available")
(error "line 6373 column 34: model is not available")
(error "line 6374 column 34: model is not available")
(error "line 6375 column 34: model is not available")
(error "line 6376 column 34: model is not available")
(error "line 6377 column 34: model is not available")
(error "line 6378 column 34: model is not available")
(error "line 6379 column 34: model is not available")
(error "line 6380 column 34: model is not available")
(error "line 6381 column 34: model is not available")
(error "line 6382 column 34: model is not available")
(error "line 6383 column 34: model is not available")
(error "line 6384 column 34: model is not available")
(error "line 6385 column 26: model is not available")
(error "line 6386 column 26: model is not available")
(error "line 6387 column 26: model is not available")
(error "line 6388 column 26: model is not available")
(error "line 6389 column 26: model is not available")
(error "line 6390 column 26: model is not available")
(error "line 6391 column 26: model is not available")
(error "line 6392 column 26: model is not available")
(error "line 6393 column 34: model is not available")
(error "line 6394 column 34: model is not available")
(error "line 6395 column 34: model is not available")
(error "line 6396 column 34: model is not available")
(error "line 6397 column 34: model is not available")
(error "line 6398 column 34: model is not available")
(error "line 6399 column 34: model is not available")
(error "line 6400 column 34: model is not available")
(error "line 6401 column 34: model is not available")
(error "line 6402 column 34: model is not available")
(error "line 6403 column 34: model is not available")
(error "line 6404 column 34: model is not available")
(error "line 6405 column 34: model is not available")
(error "line 6406 column 34: model is not available")
(error "line 6407 column 34: model is not available")
(error "line 6408 column 34: model is not available")
(error "line 6409 column 34: model is not available")
(error "line 6410 column 34: model is not available")
(error "line 6411 column 34: model is not available")
(error "line 6412 column 34: model is not available")
(error "line 6413 column 34: model is not available")
(error "line 6414 column 26: model is not available")
(error "line 6415 column 26: model is not available")
(error "line 6416 column 26: model is not available")
(error "line 6417 column 26: model is not available")
(error "line 6418 column 26: model is not available")
(error "line 6419 column 26: model is not available")
(error "line 6420 column 26: model is not available")
(error "line 6421 column 26: model is not available")
(error "line 6422 column 38: model is not available")
(error "line 6423 column 39: model is not available")
(error "line 6424 column 39: model is not available")
(error "line 6425 column 39: model is not available")
(error "line 6426 column 39: model is not available")
(error "line 6427 column 39: model is not available")
(error "line 6428 column 39: model is not available")
(error "line 6429 column 39: model is not available")
(error "line 6430 column 38: model is not available")
(error "line 6431 column 38: model is not available")
(error "line 6432 column 38: model is not available")
(error "line 6433 column 38: model is not available")
(error "line 6434 column 38: model is not available")
(error "line 6435 column 38: model is not available")
(error "line 6436 column 38: model is not available")
(error "line 6437 column 38: model is not available")
(error "line 6438 column 36: model is not available")
(error "line 6439 column 36: model is not available")
(error "line 6440 column 36: model is not available")
(error "line 6441 column 36: model is not available")
(error "line 6442 column 36: model is not available")
(error "line 6443 column 29: model is not available")
(error "line 6444 column 31: model is not available")
(error "line 6445 column 38: model is not available")
(error "line 6446 column 31: model is not available")
(error "line 6447 column 38: model is not available")
(error "line 6448 column 31: model is not available")
(error "line 6449 column 38: model is not available")
(error "line 6450 column 31: model is not available")
(error "line 6451 column 38: model is not available")
(error "line 6452 column 31: model is not available")
(error "line 6453 column 38: model is not available")
(error "line 6454 column 31: model is not available")
(error "line 6455 column 38: model is not available")
(error "line 6456 column 53: model is not available")
(error "line 6457 column 52: model is not available")
(error "line 6458 column 53: model is not available")
(error "line 6459 column 53: model is not available")
(error "line 6460 column 52: model is not available")
(error "line 6461 column 53: model is not available")
(error "line 6462 column 53: model is not available")
(error "line 6463 column 53: model is not available")
(error "line 6464 column 52: model is not available")
(error "line 6465 column 53: model is not available")
(error "line 6466 column 53: model is not available")
(error "line 6467 column 53: model is not available")
(error "line 6468 column 53: model is not available")
(error "line 6469 column 52: model is not available")
(error "line 6470 column 52: model is not available")
(error "line 6471 column 51: model is not available")
(error "line 6472 column 51: model is not available")
(error "line 6473 column 51: model is not available")
(error "line 6474 column 51: model is not available")
(error "line 6475 column 51: model is not available")
(error "line 6476 column 51: model is not available")
(error "line 6477 column 51: model is not available")
(error "line 6478 column 51: model is not available")
(error "line 6479 column 52: model is not available")
(error "line 6480 column 52: model is not available")
(error "line 6481 column 52: model is not available")
(error "line 6482 column 52: model is not available")
(error "line 6483 column 52: model is not available")
(error "line 6484 column 52: model is not available")
(error "line 6485 column 52: model is not available")
(error "line 6486 column 52: model is not available")
(error "line 6487 column 52: model is not available")
(error "line 6488 column 53: model is not available")
(error "line 6489 column 52: model is not available")
(error "line 6490 column 52: model is not available")
(error "line 6491 column 52: model is not available")
(error "line 6492 column 52: model is not available")
(error "line 6493 column 52: model is not available")
(error "line 6494 column 52: model is not available")
(error "line 6495 column 52: model is not available")
(error "line 6496 column 52: model is not available")
(error "line 6497 column 53: model is not available")
(error "line 6498 column 52: model is not available")
(error "line 6499 column 52: model is not available")
(error "line 6500 column 52: model is not available")
(error "line 6501 column 52: model is not available")
(error "line 6502 column 52: model is not available")
(error "line 6503 column 52: model is not available")
(error "line 6504 column 52: model is not available")
(error "line 6505 column 52: model is not available")
(error "line 6506 column 51: model is not available")
(error "line 6507 column 51: model is not available")
(error "line 6508 column 51: model is not available")
(error "line 6509 column 51: model is not available")
(error "line 6510 column 51: model is not available")
(error "line 6511 column 51: model is not available")
(error "line 6512 column 51: model is not available")
(error "line 6513 column 51: model is not available")
(error "line 6514 column 51: model is not available")
(error "line 6515 column 51: model is not available")
(error "line 6516 column 51: model is not available")
(error "line 6517 column 51: model is not available")
(error "line 6518 column 51: model is not available")
(error "line 6519 column 51: model is not available")
(error "line 6520 column 51: model is not available")
(error "line 6521 column 50: model is not available")
(error "line 6522 column 50: model is not available")
(error "line 6523 column 50: model is not available")
(error "line 6524 column 50: model is not available")
(error "line 6525 column 51: model is not available")
(error "line 6526 column 51: model is not available")
(error "line 6527 column 51: model is not available")
(error "line 6528 column 51: model is not available")
(error "line 6529 column 51: model is not available")
(error "line 6530 column 51: model is not available")
(error "line 6531 column 51: model is not available")
(error "line 6532 column 51: model is not available")
(error "line 6533 column 51: model is not available")
(error "line 6534 column 51: model is not available")
(error "line 6535 column 51: model is not available")
(error "line 6536 column 51: model is not available")
(error "line 6537 column 51: model is not available")
(error "line 6538 column 51: model is not available")
(error "line 6539 column 51: model is not available")
(error "line 6540 column 50: model is not available")
(error "line 6541 column 50: model is not available")
(error "line 6542 column 50: model is not available")
(error "line 6543 column 50: model is not available")
(error "line 6544 column 51: model is not available")
(error "line 6545 column 51: model is not available")
(error "line 6546 column 51: model is not available")
(error "line 6547 column 51: model is not available")
(error "line 6548 column 51: model is not available")
(error "line 6549 column 51: model is not available")
(error "line 6550 column 51: model is not available")
(error "line 6551 column 51: model is not available")
(error "line 6552 column 51: model is not available")
(error "line 6553 column 51: model is not available")
(error "line 6554 column 51: model is not available")
(error "line 6555 column 51: model is not available")
(error "line 6556 column 51: model is not available")
(error "line 6557 column 51: model is not available")
(error "line 6558 column 51: model is not available")
(error "line 6559 column 50: model is not available")
(error "line 6560 column 50: model is not available")
(error "line 6561 column 51: model is not available")
(error "line 6562 column 51: model is not available")
(error "line 6563 column 51: model is not available")
(error "line 6564 column 51: model is not available")
(error "line 6565 column 51: model is not available")
(error "line 6566 column 51: model is not available")
(error "line 6567 column 51: model is not available")
(error "line 6568 column 51: model is not available")
(error "line 6569 column 51: model is not available")
(error "line 6570 column 51: model is not available")
(error "line 6571 column 51: model is not available")
(error "line 6572 column 51: model is not available")
(error "line 6573 column 51: model is not available")
(error "line 6574 column 51: model is not available")
(error "line 6575 column 51: model is not available")
(error "line 6576 column 51: model is not available")
(error "line 6577 column 51: model is not available")
(error "line 6578 column 51: model is not available")
(error "line 6579 column 51: model is not available")
(error "line 6580 column 51: model is not available")
(error "line 6581 column 51: model is not available")
(error "line 6582 column 57: model is not available")
(error "line 6583 column 57: model is not available")
(error "line 6584 column 57: model is not available")
(error "line 6585 column 57: model is not available")
(error "line 6586 column 57: model is not available")
(error "line 6587 column 57: model is not available")
(error "line 6588 column 57: model is not available")
(error "line 6589 column 57: model is not available")
(error "line 6590 column 56: model is not available")
(error "line 6591 column 56: model is not available")
(error "line 6592 column 56: model is not available")
(error "line 6593 column 56: model is not available")
(error "line 6594 column 56: model is not available")
(error "line 6595 column 56: model is not available")
(error "line 6596 column 56: model is not available")
(error "line 6597 column 56: model is not available")
(error "line 6598 column 56: model is not available")
(error "line 6599 column 56: model is not available")
(error "line 6600 column 56: model is not available")
(error "line 6601 column 56: model is not available")
(error "line 6602 column 56: model is not available")
(error "line 6603 column 56: model is not available")
(error "line 6604 column 56: model is not available")
(error "line 6605 column 56: model is not available")
(error "line 6606 column 56: model is not available")
(error "line 6607 column 56: model is not available")
(error "line 6608 column 56: model is not available")
(error "line 6609 column 56: model is not available")
(error "line 6610 column 56: model is not available")
(error "line 6611 column 56: model is not available")
(error "line 6612 column 56: model is not available")
(error "line 6613 column 56: model is not available")
(error "line 6614 column 56: model is not available")
(error "line 6615 column 56: model is not available")
(error "line 6616 column 56: model is not available")
(error "line 6617 column 56: model is not available")
(error "line 6618 column 56: model is not available")
(error "line 6619 column 56: model is not available")
(error "line 6620 column 56: model is not available")
(error "line 6621 column 56: model is not available")
(error "line 6622 column 56: model is not available")
(error "line 6623 column 56: model is not available")
(error "line 6624 column 56: model is not available")
(error "line 6625 column 56: model is not available")
(error "line 6626 column 56: model is not available")
(error "line 6627 column 56: model is not available")
(error "line 6628 column 56: model is not available")
(error "line 6629 column 56: model is not available")
(error "line 6630 column 56: model is not available")
(error "line 6631 column 56: model is not available")
(error "line 6632 column 56: model is not available")
(error "line 6633 column 56: model is not available")
(error "line 6634 column 56: model is not available")
(error "line 6635 column 56: model is not available")
(error "line 6636 column 56: model is not available")
(error "line 6637 column 56: model is not available")
(error "line 6638 column 56: model is not available")
(error "line 6639 column 56: model is not available")
(error "line 6640 column 56: model is not available")
(error "line 6641 column 56: model is not available")
(error "line 6642 column 56: model is not available")
(error "line 6643 column 56: model is not available")
(error "line 6644 column 56: model is not available")
(error "line 6645 column 56: model is not available")
(error "line 6646 column 56: model is not available")
(error "line 6647 column 56: model is not available")
(error "line 6648 column 56: model is not available")
(error "line 6649 column 56: model is not available")
(error "line 6650 column 56: model is not available")
(error "line 6651 column 56: model is not available")
(error "line 6652 column 56: model is not available")
(error "line 6653 column 56: model is not available")
(error "line 6654 column 56: model is not available")
(error "line 6655 column 56: model is not available")
(error "line 6656 column 22: model is not available")
(error "line 6657 column 29: model is not available")
(error "line 6658 column 23: model is not available")
(error "line 6659 column 30: model is not available")
(error "line 6660 column 23: model is not available")
(error "line 6661 column 30: model is not available")
(error "line 6662 column 23: model is not available")
(error "line 6663 column 23: model is not available")
(error "line 6664 column 30: model is not available")
(error "line 6665 column 23: model is not available")
(error "line 6666 column 30: model is not available")
(error "line 6667 column 23: model is not available")
(error "line 6668 column 23: model is not available")
(error "line 6669 column 30: model is not available")
(error "line 6670 column 23: model is not available")
(error "line 6671 column 30: model is not available")
(error "line 6672 column 23: model is not available")
(error "line 6673 column 23: model is not available")
(error "line 6674 column 30: model is not available")
(error "line 6675 column 22: model is not available")
(error "line 6676 column 29: model is not available")
(error "line 6677 column 23: model is not available")
(error "line 6678 column 30: model is not available")
(error "line 6679 column 23: model is not available")
(error "line 6680 column 23: model is not available")
(error "line 6681 column 30: model is not available")
(error "line 6682 column 23: model is not available")
(error "line 6683 column 30: model is not available")
(error "line 6684 column 23: model is not available")
(error "line 6685 column 23: model is not available")
(error "line 6686 column 30: model is not available")
(error "line 6687 column 22: model is not available")
(error "line 6688 column 22: model is not available")
(error "line 6689 column 29: model is not available")
(error "line 6690 column 22: model is not available")
(error "line 6691 column 29: model is not available")
(error "line 6692 column 22: model is not available")
(error "line 6693 column 22: model is not available")
(error "line 6694 column 29: model is not available")
(error "line 6695 column 22: model is not available")
(error "line 6696 column 29: model is not available")
(error "line 6697 column 22: model is not available")
(error "line 6698 column 36: model is not available")
(error "line 6699 column 36: model is not available")
(error "line 6700 column 36: model is not available")
(error "line 6701 column 36: model is not available")
(error "line 6702 column 46: model is not available")
(error "line 6703 column 46: model is not available")
(error "line 6704 column 46: model is not available")
(error "line 6705 column 46: model is not available")
(error "line 6706 column 46: model is not available")
(error "line 6707 column 46: model is not available")
(error "line 6708 column 46: model is not available")
(error "line 6709 column 46: model is not available")
(error "line 6710 column 46: model is not available")
(error "line 6711 column 46: model is not available")
(error "line 6712 column 54: model is not available")
(error "line 6713 column 54: model is not available")
(error "line 6714 column 54: model is not available")
(error "line 6715 column 54: model is not available")
(error "line 6716 column 54: model is not available")
(error "line 6717 column 54: model is not available")
(error "line 6718 column 54: model is not available")
(error "line 6719 column 54: model is not available")
(error "line 6720 column 54: model is not available")
(error "line 6721 column 54: model is not available")
(error "line 6722 column 54: model is not available")
(error "line 6723 column 54: model is not available")
(error "line 6724 column 54: model is not available")
(error "line 6725 column 54: model is not available")
(error "line 6726 column 54: model is not available")
(error "line 6727 column 40: model is not available")
(error "line 6728 column 40: model is not available")
(error "line 6729 column 40: model is not available")
(error "line 6730 column 40: model is not available")
(error "line 6731 column 40: model is not available")
(error "line 6732 column 40: model is not available")
(error "line 6733 column 40: model is not available")
(error "line 6734 column 40: model is not available")
(error "line 6735 column 40: model is not available")
(error "line 6736 column 40: model is not available")
(error "line 6737 column 41: model is not available")
(error "line 6738 column 41: model is not available")
(error "line 6739 column 41: model is not available")
(error "line 6740 column 41: model is not available")
(error "line 6741 column 41: model is not available")
(error "line 6742 column 41: model is not available")
(error "line 6743 column 41: model is not available")
(error "line 6744 column 41: model is not available")
(error "line 6745 column 41: model is not available")
(error "line 6746 column 41: model is not available")
(error "line 6747 column 50: model is not available")
(error "line 6748 column 50: model is not available")
(error "line 6749 column 50: model is not available")
(error "line 6750 column 50: model is not available")
(error "line 6751 column 50: model is not available")
(error "line 6752 column 50: model is not available")
(error "line 6753 column 50: model is not available")
(error "line 6754 column 50: model is not available")
(error "line 6755 column 50: model is not available")
(error "line 6756 column 50: model is not available")
(error "line 6757 column 43: model is not available")
(error "line 6758 column 43: model is not available")
(error "line 6759 column 43: model is not available")
(error "line 6760 column 43: model is not available")
(error "line 6761 column 43: model is not available")
(error "line 6762 column 43: model is not available")
(error "line 6763 column 43: model is not available")
(error "line 6764 column 43: model is not available")
(error "line 6765 column 43: model is not available")
(error "line 6766 column 43: model is not available")
(error "line 6767 column 20: model is not available")
(error "line 6768 column 27: model is not available")
(error "line 6769 column 21: model is not available")
(error "line 6770 column 28: model is not available")
(error "line 6771 column 21: model is not available")
(error "line 6772 column 28: model is not available")
(error "line 6773 column 21: model is not available")
(error "line 6774 column 28: model is not available")
(error "line 6775 column 21: model is not available")
(error "line 6776 column 28: model is not available")
(error "line 6777 column 20: model is not available")
(error "line 6778 column 27: model is not available")
(error "line 6779 column 20: model is not available")
(error "line 6780 column 27: model is not available")
(error "line 6781 column 20: model is not available")
(error "line 6782 column 27: model is not available")
(error "line 6783 column 20: model is not available")
(error "line 6784 column 27: model is not available")
(error "line 6785 column 20: model is not available")
(error "line 6786 column 27: model is not available")
(error "line 6787 column 20: model is not available")
(error "line 6788 column 27: model is not available")
(error "line 6789 column 20: model is not available")
(error "line 6790 column 27: model is not available")
(error "line 6791 column 20: model is not available")
(error "line 6792 column 27: model is not available")
(error "line 6793 column 30: model is not available")
(error "line 6794 column 30: model is not available")
(error "line 6795 column 30: model is not available")
(error "line 6796 column 30: model is not available")
(error "line 6797 column 30: model is not available")
(error "line 6798 column 36: model is not available")
(error "line 6799 column 36: model is not available")
(error "line 6800 column 36: model is not available")
(error "line 6801 column 36: model is not available")
(error "line 6802 column 36: model is not available")
(error "line 6803 column 30: model is not available")
(error "line 6804 column 36: model is not available")
(error "line 6805 column 36: model is not available")
(error "line 6806 column 36: model is not available")
(error "line 6807 column 36: model is not available")
(error "line 6808 column 36: model is not available")
(error "line 6809 column 36: model is not available")
(error "line 6810 column 36: model is not available")
(error "line 6811 column 36: model is not available")
(error "line 6812 column 36: model is not available")
(error "line 6813 column 69: model is not available")
(error "line 6814 column 69: model is not available")
(error "line 6815 column 69: model is not available")
(error "line 6816 column 69: model is not available")
(error "line 6817 column 69: model is not available")
(error "line 6818 column 69: model is not available")
(error "line 6819 column 69: model is not available")
(error "line 6820 column 69: model is not available")
(error "line 6821 column 32: model is not available")
(error "line 6822 column 32: model is not available")
(error "line 6823 column 32: model is not available")
(error "line 6824 column 32: model is not available")
(error "line 6825 column 32: model is not available")
(error "line 6826 column 32: model is not available")
(error "line 6827 column 32: model is not available")
(error "line 6828 column 32: model is not available")
(error "line 6829 column 32: model is not available")
(error "line 6830 column 32: model is not available")
(error "line 6831 column 32: model is not available")
(error "line 6832 column 32: model is not available")
(error "line 6833 column 32: model is not available")
(error "line 6834 column 32: model is not available")
(error "line 6835 column 32: model is not available")
(error "line 6836 column 32: model is not available")
(error "line 6837 column 32: model is not available")
(error "line 6838 column 32: model is not available")
(error "line 6839 column 32: model is not available")
(error "line 6840 column 32: model is not available")
(error "line 6841 column 30: model is not available")
(error "line 6842 column 30: model is not available")
(error "line 6843 column 30: model is not available")
(error "line 6844 column 30: model is not available")
(error "line 6846 column 10: model is not available")
(:added-eqs               172
 :arith-add-rows          3369
 :arith-assert-lower      134
 :arith-assert-upper      224
 :arith-bound-prop        230
 :arith-conflicts         1
 :arith-pivots            119
 :array-ax1               4
 :array-ax2               6
 :binary-propagations     2926
 :bv-bit2core             1605
 :bv-conflicts            3
 :bv-diseqs               3
 :bv-dynamic-diseqs       31
 :bv->core-eq             3
 :conflicts               64
 :decisions               497
 :del-clause              706
 :eliminated-applications 28
 :eliminated-vars         20
 :max-memory              6.82
 :memory                  4.38
 :minimized-lits          26
 :mk-bool-var             1784
 :mk-clause               1761
 :num-allocs              8321969
 :num-checks              1
 :propagations            4315
 :rlimit-count            417546
 :time                    0.04
 :total-time              0.05)

real	0m0.056s
user	0m0.053s
sys	0m0.003s
State: RE Run_time: 0.05840873718261719