num of guard = 4
num of elim = 27
num of guard = 4
num of elim = 0
unsat
(error "line 5054 column 17: model is not available")
(error "line 5055 column 17: model is not available")
(error "line 5056 column 18: model is not available")
(error "line 5057 column 19: model is not available")
(error "line 5058 column 19: model is not available")
(error "line 5059 column 19: model is not available")
(error "line 5060 column 19: model is not available")
(error "line 5061 column 19: model is not available")
(error "line 5062 column 19: model is not available")
(error "line 5063 column 19: model is not available")
(error "line 5064 column 19: model is not available")
(error "line 5065 column 19: model is not available")
(error "line 5066 column 19: model is not available")
(error "line 5067 column 18: model is not available")
(error "line 5068 column 19: model is not available")
(error "line 5069 column 19: model is not available")
(error "line 5070 column 19: model is not available")
(error "line 5071 column 19: model is not available")
(error "line 5072 column 19: model is not available")
(error "line 5073 column 19: model is not available")
(error "line 5074 column 19: model is not available")
(error "line 5075 column 19: model is not available")
(error "line 5076 column 19: model is not available")
(error "line 5077 column 19: model is not available")
(error "line 5078 column 18: model is not available")
(error "line 5079 column 19: model is not available")
(error "line 5080 column 19: model is not available")
(error "line 5081 column 19: model is not available")
(error "line 5082 column 19: model is not available")
(error "line 5083 column 19: model is not available")
(error "line 5084 column 19: model is not available")
(error "line 5085 column 19: model is not available")
(error "line 5086 column 19: model is not available")
(error "line 5087 column 19: model is not available")
(error "line 5088 column 19: model is not available")
(error "line 5089 column 18: model is not available")
(error "line 5090 column 19: model is not available")
(error "line 5091 column 19: model is not available")
(error "line 5092 column 19: model is not available")
(error "line 5093 column 19: model is not available")
(error "line 5094 column 19: model is not available")
(error "line 5095 column 19: model is not available")
(error "line 5096 column 19: model is not available")
(error "line 5097 column 19: model is not available")
(error "line 5098 column 19: model is not available")
(error "line 5099 column 19: model is not available")
(error "line 5100 column 18: model is not available")
(error "line 5101 column 19: model is not available")
(error "line 5102 column 19: model is not available")
(error "line 5103 column 19: model is not available")
(error "line 5104 column 19: model is not available")
(error "line 5105 column 19: model is not available")
(error "line 5106 column 19: model is not available")
(error "line 5107 column 19: model is not available")
(error "line 5108 column 19: model is not available")
(error "line 5109 column 19: model is not available")
(error "line 5110 column 19: model is not available")
(error "line 5111 column 18: model is not available")
(error "line 5112 column 19: model is not available")
(error "line 5113 column 19: model is not available")
(error "line 5114 column 19: model is not available")
(error "line 5115 column 19: model is not available")
(error "line 5116 column 19: model is not available")
(error "line 5117 column 19: model is not available")
(error "line 5118 column 19: model is not available")
(error "line 5119 column 19: model is not available")
(error "line 5120 column 19: model is not available")
(error "line 5121 column 19: model is not available")
(error "line 5122 column 18: model is not available")
(error "line 5123 column 19: model is not available")
(error "line 5124 column 19: model is not available")
(error "line 5125 column 19: model is not available")
(error "line 5126 column 19: model is not available")
(error "line 5127 column 19: model is not available")
(error "line 5128 column 19: model is not available")
(error "line 5129 column 19: model is not available")
(error "line 5130 column 19: model is not available")
(error "line 5131 column 19: model is not available")
(error "line 5132 column 19: model is not available")
(error "line 5133 column 18: model is not available")
(error "line 5134 column 19: model is not available")
(error "line 5135 column 19: model is not available")
(error "line 5136 column 19: model is not available")
(error "line 5137 column 19: model is not available")
(error "line 5138 column 19: model is not available")
(error "line 5139 column 19: model is not available")
(error "line 5140 column 19: model is not available")
(error "line 5141 column 19: model is not available")
(error "line 5142 column 19: model is not available")
(error "line 5143 column 19: model is not available")
(error "line 5144 column 18: model is not available")
(error "line 5145 column 19: model is not available")
(error "line 5146 column 19: model is not available")
(error "line 5147 column 19: model is not available")
(error "line 5148 column 19: model is not available")
(error "line 5149 column 19: model is not available")
(error "line 5150 column 19: model is not available")
(error "line 5151 column 19: model is not available")
(error "line 5152 column 19: model is not available")
(error "line 5153 column 19: model is not available")
(error "line 5154 column 19: model is not available")
(error "line 5155 column 18: model is not available")
(error "line 5156 column 19: model is not available")
(error "line 5157 column 19: model is not available")
(error "line 5158 column 19: model is not available")
(error "line 5159 column 19: model is not available")
(error "line 5160 column 19: model is not available")
(error "line 5161 column 19: model is not available")
(error "line 5162 column 19: model is not available")
(error "line 5163 column 17: model is not available")
(error "line 5164 column 18: model is not available")
(error "line 5165 column 18: model is not available")
(error "line 5166 column 18: model is not available")
(error "line 5167 column 18: model is not available")
(error "line 5168 column 18: model is not available")
(error "line 5169 column 18: model is not available")
(error "line 5170 column 18: model is not available")
(error "line 5171 column 18: model is not available")
(error "line 5172 column 18: model is not available")
(error "line 5173 column 18: model is not available")
(error "line 5174 column 17: model is not available")
(error "line 5175 column 18: model is not available")
(error "line 5176 column 18: model is not available")
(error "line 5177 column 18: model is not available")
(error "line 5178 column 18: model is not available")
(error "line 5179 column 18: model is not available")
(error "line 5180 column 18: model is not available")
(error "line 5181 column 18: model is not available")
(error "line 5182 column 18: model is not available")
(error "line 5183 column 18: model is not available")
(error "line 5184 column 18: model is not available")
(error "line 5185 column 17: model is not available")
(error "line 5186 column 18: model is not available")
(error "line 5187 column 18: model is not available")
(error "line 5188 column 18: model is not available")
(error "line 5189 column 18: model is not available")
(error "line 5190 column 18: model is not available")
(error "line 5191 column 18: model is not available")
(error "line 5192 column 18: model is not available")
(error "line 5193 column 18: model is not available")
(error "line 5194 column 18: model is not available")
(error "line 5195 column 18: model is not available")
(error "line 5196 column 17: model is not available")
(error "line 5197 column 18: model is not available")
(error "line 5198 column 18: model is not available")
(error "line 5199 column 18: model is not available")
(error "line 5200 column 18: model is not available")
(error "line 5201 column 18: model is not available")
(error "line 5202 column 18: model is not available")
(error "line 5203 column 18: model is not available")
(error "line 5204 column 18: model is not available")
(error "line 5205 column 18: model is not available")
(error "line 5206 column 18: model is not available")
(error "line 5207 column 17: model is not available")
(error "line 5208 column 18: model is not available")
(error "line 5209 column 18: model is not available")
(error "line 5210 column 18: model is not available")
(error "line 5211 column 18: model is not available")
(error "line 5212 column 18: model is not available")
(error "line 5213 column 18: model is not available")
(error "line 5214 column 18: model is not available")
(error "line 5215 column 18: model is not available")
(error "line 5216 column 18: model is not available")
(error "line 5217 column 18: model is not available")
(error "line 5218 column 17: model is not available")
(error "line 5219 column 18: model is not available")
(error "line 5220 column 18: model is not available")
(error "line 5221 column 18: model is not available")
(error "line 5222 column 18: model is not available")
(error "line 5223 column 18: model is not available")
(error "line 5224 column 18: model is not available")
(error "line 5225 column 18: model is not available")
(error "line 5226 column 18: model is not available")
(error "line 5227 column 18: model is not available")
(error "line 5228 column 18: model is not available")
(error "line 5229 column 17: model is not available")
(error "line 5230 column 18: model is not available")
(error "line 5231 column 18: model is not available")
(error "line 5232 column 18: model is not available")
(error "line 5233 column 18: model is not available")
(error "line 5234 column 18: model is not available")
(error "line 5235 column 18: model is not available")
(error "line 5236 column 18: model is not available")
(error "line 5237 column 18: model is not available")
(error "line 5238 column 18: model is not available")
(error "line 5239 column 18: model is not available")
(error "line 5240 column 17: model is not available")
(error "line 5241 column 18: model is not available")
(error "line 5242 column 18: model is not available")
(error "line 5243 column 18: model is not available")
(error "line 5244 column 18: model is not available")
(error "line 5245 column 18: model is not available")
(error "line 5246 column 18: model is not available")
(error "line 5247 column 18: model is not available")
(error "line 5248 column 18: model is not available")
(error "line 5249 column 18: model is not available")
(error "line 5250 column 18: model is not available")
(error "line 5251 column 63: model is not available")
(error "line 5252 column 63: model is not available")
(error "line 5253 column 63: model is not available")
(error "line 5254 column 63: model is not available")
(error "line 5255 column 63: model is not available")
(error "line 5256 column 63: model is not available")
(error "line 5257 column 63: model is not available")
(error "line 5258 column 63: model is not available")
(error "line 5259 column 71: model is not available")
(error "line 5260 column 71: model is not available")
(error "line 5261 column 71: model is not available")
(error "line 5262 column 71: model is not available")
(error "line 5263 column 71: model is not available")
(error "line 5264 column 71: model is not available")
(error "line 5265 column 71: model is not available")
(error "line 5266 column 71: model is not available")
(error "line 5267 column 62: model is not available")
(error "line 5268 column 62: model is not available")
(error "line 5269 column 62: model is not available")
(error "line 5270 column 62: model is not available")
(error "line 5271 column 62: model is not available")
(error "line 5272 column 62: model is not available")
(error "line 5273 column 62: model is not available")
(error "line 5274 column 62: model is not available")
(error "line 5275 column 61: model is not available")
(error "line 5276 column 61: model is not available")
(error "line 5277 column 61: model is not available")
(error "line 5278 column 61: model is not available")
(error "line 5279 column 61: model is not available")
(error "line 5280 column 61: model is not available")
(error "line 5281 column 61: model is not available")
(error "line 5282 column 61: model is not available")
(error "line 5283 column 38: model is not available")
(error "line 5284 column 45: model is not available")
(error "line 5285 column 38: model is not available")
(error "line 5286 column 45: model is not available")
(error "line 5287 column 46: model is not available")
(error "line 5288 column 53: model is not available")
(error "line 5289 column 40: model is not available")
(error "line 5290 column 47: model is not available")
(error "line 5291 column 38: model is not available")
(error "line 5292 column 45: model is not available")
(error "line 5293 column 38: model is not available")
(error "line 5294 column 45: model is not available")
(error "line 5295 column 41: model is not available")
(error "line 5296 column 48: model is not available")
(error "line 5297 column 42: model is not available")
(error "line 5298 column 42: model is not available")
(error "line 5299 column 49: model is not available")
(error "line 5300 column 41: model is not available")
(error "line 5301 column 48: model is not available")
(error "line 5302 column 41: model is not available")
(error "line 5303 column 48: model is not available")
(error "line 5304 column 41: model is not available")
(error "line 5305 column 41: model is not available")
(error "line 5306 column 48: model is not available")
(error "line 5307 column 41: model is not available")
(error "line 5308 column 48: model is not available")
(error "line 5309 column 41: model is not available")
(error "line 5310 column 41: model is not available")
(error "line 5311 column 48: model is not available")
(error "line 5312 column 41: model is not available")
(error "line 5313 column 48: model is not available")
(error "line 5314 column 37: model is not available")
(error "line 5315 column 44: model is not available")
(error "line 5316 column 42: model is not available")
(error "line 5317 column 42: model is not available")
(error "line 5318 column 42: model is not available")
(error "line 5319 column 42: model is not available")
(error "line 5320 column 42: model is not available")
(error "line 5321 column 38: model is not available")
(error "line 5322 column 38: model is not available")
(error "line 5323 column 38: model is not available")
(error "line 5324 column 38: model is not available")
(error "line 5325 column 38: model is not available")
(error "line 5326 column 38: model is not available")
(error "line 5327 column 38: model is not available")
(error "line 5328 column 38: model is not available")
(error "line 5329 column 38: model is not available")
(error "line 5330 column 41: model is not available")
(error "line 5331 column 48: model is not available")
(error "line 5332 column 41: model is not available")
(error "line 5333 column 48: model is not available")
(error "line 5334 column 41: model is not available")
(error "line 5335 column 48: model is not available")
(error "line 5336 column 41: model is not available")
(error "line 5337 column 48: model is not available")
(error "line 5338 column 41: model is not available")
(error "line 5339 column 48: model is not available")
(error "line 5340 column 41: model is not available")
(error "line 5341 column 48: model is not available")
(error "line 5342 column 41: model is not available")
(error "line 5343 column 48: model is not available")
(error "line 5344 column 41: model is not available")
(error "line 5345 column 48: model is not available")
(error "line 5346 column 41: model is not available")
(error "line 5347 column 48: model is not available")
(error "line 5348 column 53: model is not available")
(error "line 5349 column 53: model is not available")
(error "line 5350 column 53: model is not available")
(error "line 5351 column 53: model is not available")
(error "line 5352 column 45: model is not available")
(error "line 5353 column 45: model is not available")
(error "line 5354 column 45: model is not available")
(error "line 5355 column 45: model is not available")
(error "line 5356 column 45: model is not available")
(error "line 5357 column 45: model is not available")
(error "line 5358 column 45: model is not available")
(error "line 5359 column 45: model is not available")
(error "line 5360 column 43: model is not available")
(error "line 5361 column 43: model is not available")
(error "line 5362 column 43: model is not available")
(error "line 5363 column 43: model is not available")
(error "line 5364 column 43: model is not available")
(error "line 5365 column 43: model is not available")
(error "line 5366 column 43: model is not available")
(error "line 5367 column 43: model is not available")
(error "line 5368 column 38: model is not available")
(error "line 5369 column 38: model is not available")
(error "line 5370 column 38: model is not available")
(error "line 5371 column 38: model is not available")
(error "line 5372 column 38: model is not available")
(error "line 5373 column 38: model is not available")
(error "line 5374 column 38: model is not available")
(error "line 5375 column 38: model is not available")
(error "line 5376 column 18: model is not available")
(error "line 5377 column 25: model is not available")
(error "line 5378 column 19: model is not available")
(error "line 5379 column 26: model is not available")
(error "line 5380 column 19: model is not available")
(error "line 5381 column 26: model is not available")
(error "line 5382 column 19: model is not available")
(error "line 5383 column 19: model is not available")
(error "line 5384 column 26: model is not available")
(error "line 5385 column 19: model is not available")
(error "line 5386 column 26: model is not available")
(error "line 5387 column 19: model is not available")
(error "line 5388 column 19: model is not available")
(error "line 5389 column 26: model is not available")
(error "line 5390 column 19: model is not available")
(error "line 5391 column 26: model is not available")
(error "line 5392 column 19: model is not available")
(error "line 5393 column 19: model is not available")
(error "line 5394 column 26: model is not available")
(error "line 5395 column 18: model is not available")
(error "line 5396 column 25: model is not available")
(error "line 5397 column 19: model is not available")
(error "line 5398 column 26: model is not available")
(error "line 5399 column 19: model is not available")
(error "line 5400 column 19: model is not available")
(error "line 5401 column 26: model is not available")
(error "line 5402 column 19: model is not available")
(error "line 5403 column 26: model is not available")
(error "line 5404 column 19: model is not available")
(error "line 5405 column 19: model is not available")
(error "line 5406 column 26: model is not available")
(error "line 5407 column 18: model is not available")
(error "line 5408 column 18: model is not available")
(error "line 5409 column 25: model is not available")
(error "line 5410 column 18: model is not available")
(error "line 5411 column 25: model is not available")
(error "line 5412 column 18: model is not available")
(error "line 5413 column 18: model is not available")
(error "line 5414 column 25: model is not available")
(error "line 5415 column 18: model is not available")
(error "line 5416 column 25: model is not available")
(error "line 5417 column 18: model is not available")
(error "line 5418 column 36: model is not available")
(error "line 5419 column 36: model is not available")
(error "line 5420 column 36: model is not available")
(error "line 5421 column 36: model is not available")
(error "line 5422 column 29: model is not available")
(error "line 5423 column 31: model is not available")
(error "line 5424 column 38: model is not available")
(error "line 5425 column 31: model is not available")
(error "line 5426 column 38: model is not available")
(error "line 5427 column 31: model is not available")
(error "line 5428 column 38: model is not available")
(error "line 5429 column 31: model is not available")
(error "line 5430 column 38: model is not available")
(error "line 5431 column 31: model is not available")
(error "line 5432 column 38: model is not available")
(error "line 5433 column 53: model is not available")
(error "line 5434 column 52: model is not available")
(error "line 5435 column 53: model is not available")
(error "line 5436 column 53: model is not available")
(error "line 5437 column 52: model is not available")
(error "line 5438 column 53: model is not available")
(error "line 5439 column 53: model is not available")
(error "line 5440 column 53: model is not available")
(error "line 5441 column 52: model is not available")
(error "line 5442 column 52: model is not available")
(error "line 5443 column 51: model is not available")
(error "line 5444 column 51: model is not available")
(error "line 5445 column 51: model is not available")
(error "line 5446 column 51: model is not available")
(error "line 5447 column 51: model is not available")
(error "line 5448 column 51: model is not available")
(error "line 5449 column 51: model is not available")
(error "line 5450 column 51: model is not available")
(error "line 5451 column 51: model is not available")
(error "line 5452 column 51: model is not available")
(error "line 5453 column 52: model is not available")
(error "line 5454 column 51: model is not available")
(error "line 5455 column 51: model is not available")
(error "line 5456 column 51: model is not available")
(error "line 5457 column 51: model is not available")
(error "line 5458 column 51: model is not available")
(error "line 5459 column 51: model is not available")
(error "line 5460 column 51: model is not available")
(error "line 5461 column 51: model is not available")
(error "line 5462 column 51: model is not available")
(error "line 5463 column 51: model is not available")
(error "line 5464 column 51: model is not available")
(error "line 5465 column 50: model is not available")
(error "line 5466 column 50: model is not available")
(error "line 5467 column 50: model is not available")
(error "line 5468 column 50: model is not available")
(error "line 5469 column 52: model is not available")
(error "line 5470 column 51: model is not available")
(error "line 5471 column 51: model is not available")
(error "line 5472 column 51: model is not available")
(error "line 5473 column 51: model is not available")
(error "line 5474 column 51: model is not available")
(error "line 5475 column 51: model is not available")
(error "line 5476 column 51: model is not available")
(error "line 5477 column 51: model is not available")
(error "line 5478 column 51: model is not available")
(error "line 5479 column 51: model is not available")
(error "line 5480 column 52: model is not available")
(error "line 5481 column 51: model is not available")
(error "line 5482 column 51: model is not available")
(error "line 5483 column 52: model is not available")
(error "line 5484 column 51: model is not available")
(error "line 5485 column 51: model is not available")
(error "line 5486 column 51: model is not available")
(error "line 5487 column 51: model is not available")
(error "line 5488 column 51: model is not available")
(error "line 5489 column 51: model is not available")
(error "line 5490 column 51: model is not available")
(error "line 5491 column 51: model is not available")
(error "line 5492 column 50: model is not available")
(error "line 5493 column 50: model is not available")
(error "line 5494 column 50: model is not available")
(error "line 5495 column 50: model is not available")
(error "line 5496 column 53: model is not available")
(error "line 5497 column 52: model is not available")
(error "line 5498 column 52: model is not available")
(error "line 5499 column 52: model is not available")
(error "line 5500 column 51: model is not available")
(error "line 5501 column 51: model is not available")
(error "line 5502 column 51: model is not available")
(error "line 5503 column 51: model is not available")
(error "line 5504 column 51: model is not available")
(error "line 5505 column 51: model is not available")
(error "line 5506 column 51: model is not available")
(error "line 5507 column 53: model is not available")
(error "line 5508 column 52: model is not available")
(error "line 5509 column 52: model is not available")
(error "line 5510 column 52: model is not available")
(error "line 5511 column 51: model is not available")
(error "line 5512 column 51: model is not available")
(error "line 5513 column 51: model is not available")
(error "line 5514 column 51: model is not available")
(error "line 5515 column 51: model is not available")
(error "line 5516 column 51: model is not available")
(error "line 5517 column 51: model is not available")
(error "line 5518 column 51: model is not available")
(error "line 5519 column 50: model is not available")
(error "line 5520 column 50: model is not available")
(error "line 5521 column 51: model is not available")
(error "line 5522 column 51: model is not available")
(error "line 5523 column 53: model is not available")
(error "line 5524 column 52: model is not available")
(error "line 5525 column 52: model is not available")
(error "line 5526 column 52: model is not available")
(error "line 5527 column 51: model is not available")
(error "line 5528 column 51: model is not available")
(error "line 5529 column 51: model is not available")
(error "line 5530 column 51: model is not available")
(error "line 5531 column 51: model is not available")
(error "line 5532 column 51: model is not available")
(error "line 5533 column 51: model is not available")
(error "line 5534 column 53: model is not available")
(error "line 5535 column 52: model is not available")
(error "line 5536 column 52: model is not available")
(error "line 5537 column 52: model is not available")
(error "line 5538 column 51: model is not available")
(error "line 5539 column 51: model is not available")
(error "line 5540 column 51: model is not available")
(error "line 5541 column 51: model is not available")
(error "line 5542 column 51: model is not available")
(error "line 5543 column 51: model is not available")
(error "line 5544 column 51: model is not available")
(error "line 5545 column 51: model is not available")
(error "line 5546 column 51: model is not available")
(error "line 5547 column 51: model is not available")
(error "line 5548 column 51: model is not available")
(error "line 5549 column 51: model is not available")
(error "line 5550 column 57: model is not available")
(error "line 5551 column 57: model is not available")
(error "line 5552 column 57: model is not available")
(error "line 5553 column 57: model is not available")
(error "line 5554 column 56: model is not available")
(error "line 5555 column 56: model is not available")
(error "line 5556 column 56: model is not available")
(error "line 5557 column 56: model is not available")
(error "line 5558 column 56: model is not available")
(error "line 5559 column 56: model is not available")
(error "line 5560 column 56: model is not available")
(error "line 5561 column 56: model is not available")
(error "line 5562 column 56: model is not available")
(error "line 5563 column 56: model is not available")
(error "line 5564 column 56: model is not available")
(error "line 5565 column 56: model is not available")
(error "line 5566 column 56: model is not available")
(error "line 5567 column 56: model is not available")
(error "line 5568 column 56: model is not available")
(error "line 5569 column 56: model is not available")
(error "line 5570 column 56: model is not available")
(error "line 5571 column 56: model is not available")
(error "line 5572 column 56: model is not available")
(error "line 5573 column 56: model is not available")
(error "line 5574 column 56: model is not available")
(error "line 5575 column 56: model is not available")
(error "line 5576 column 56: model is not available")
(error "line 5577 column 56: model is not available")
(error "line 5578 column 56: model is not available")
(error "line 5579 column 56: model is not available")
(error "line 5580 column 56: model is not available")
(error "line 5581 column 56: model is not available")
(error "line 5582 column 56: model is not available")
(error "line 5583 column 56: model is not available")
(error "line 5584 column 56: model is not available")
(error "line 5585 column 56: model is not available")
(error "line 5586 column 56: model is not available")
(error "line 5587 column 56: model is not available")
(error "line 5588 column 56: model is not available")
(error "line 5589 column 56: model is not available")
(error "line 5590 column 56: model is not available")
(error "line 5591 column 56: model is not available")
(error "line 5592 column 56: model is not available")
(error "line 5593 column 56: model is not available")
(error "line 5594 column 56: model is not available")
(error "line 5595 column 56: model is not available")
(error "line 5596 column 56: model is not available")
(error "line 5597 column 56: model is not available")
(error "line 5598 column 56: model is not available")
(error "line 5599 column 56: model is not available")
(error "line 5600 column 56: model is not available")
(error "line 5601 column 56: model is not available")
(error "line 5602 column 36: model is not available")
(error "line 5603 column 36: model is not available")
(error "line 5604 column 36: model is not available")
(error "line 5605 column 36: model is not available")
(error "line 5606 column 46: model is not available")
(error "line 5607 column 46: model is not available")
(error "line 5608 column 46: model is not available")
(error "line 5609 column 46: model is not available")
(error "line 5610 column 46: model is not available")
(error "line 5611 column 46: model is not available")
(error "line 5612 column 46: model is not available")
(error "line 5613 column 46: model is not available")
(error "line 5614 column 54: model is not available")
(error "line 5615 column 54: model is not available")
(error "line 5616 column 54: model is not available")
(error "line 5617 column 54: model is not available")
(error "line 5618 column 54: model is not available")
(error "line 5619 column 54: model is not available")
(error "line 5620 column 54: model is not available")
(error "line 5621 column 54: model is not available")
(error "line 5622 column 54: model is not available")
(error "line 5623 column 54: model is not available")
(error "line 5624 column 54: model is not available")
(error "line 5625 column 54: model is not available")
(error "line 5626 column 40: model is not available")
(error "line 5627 column 40: model is not available")
(error "line 5628 column 40: model is not available")
(error "line 5629 column 40: model is not available")
(error "line 5630 column 40: model is not available")
(error "line 5631 column 40: model is not available")
(error "line 5632 column 40: model is not available")
(error "line 5633 column 40: model is not available")
(error "line 5634 column 41: model is not available")
(error "line 5635 column 41: model is not available")
(error "line 5636 column 41: model is not available")
(error "line 5637 column 41: model is not available")
(error "line 5638 column 41: model is not available")
(error "line 5639 column 41: model is not available")
(error "line 5640 column 41: model is not available")
(error "line 5641 column 41: model is not available")
(error "line 5642 column 50: model is not available")
(error "line 5643 column 50: model is not available")
(error "line 5644 column 50: model is not available")
(error "line 5645 column 50: model is not available")
(error "line 5646 column 50: model is not available")
(error "line 5647 column 50: model is not available")
(error "line 5648 column 50: model is not available")
(error "line 5649 column 50: model is not available")
(error "line 5650 column 43: model is not available")
(error "line 5651 column 43: model is not available")
(error "line 5652 column 43: model is not available")
(error "line 5653 column 43: model is not available")
(error "line 5654 column 43: model is not available")
(error "line 5655 column 43: model is not available")
(error "line 5656 column 43: model is not available")
(error "line 5657 column 43: model is not available")
(error "line 5658 column 21: model is not available")
(error "line 5659 column 28: model is not available")
(error "line 5660 column 22: model is not available")
(error "line 5661 column 29: model is not available")
(error "line 5662 column 22: model is not available")
(error "line 5663 column 29: model is not available")
(error "line 5664 column 22: model is not available")
(error "line 5665 column 29: model is not available")
(error "line 5666 column 22: model is not available")
(error "line 5667 column 29: model is not available")
(error "line 5668 column 21: model is not available")
(error "line 5669 column 28: model is not available")
(error "line 5670 column 21: model is not available")
(error "line 5671 column 28: model is not available")
(error "line 5672 column 21: model is not available")
(error "line 5673 column 28: model is not available")
(error "line 5674 column 21: model is not available")
(error "line 5675 column 28: model is not available")
(error "line 5676 column 21: model is not available")
(error "line 5677 column 28: model is not available")
(error "line 5678 column 21: model is not available")
(error "line 5679 column 28: model is not available")
(error "line 5680 column 21: model is not available")
(error "line 5681 column 28: model is not available")
(error "line 5682 column 21: model is not available")
(error "line 5683 column 28: model is not available")
(error "line 5684 column 30: model is not available")
(error "line 5685 column 30: model is not available")
(error "line 5686 column 30: model is not available")
(error "line 5687 column 30: model is not available")
(error "line 5688 column 36: model is not available")
(error "line 5689 column 36: model is not available")
(error "line 5690 column 36: model is not available")
(error "line 5691 column 36: model is not available")
(error "line 5692 column 36: model is not available")
(error "line 5693 column 36: model is not available")
(error "line 5694 column 36: model is not available")
(error "line 5695 column 36: model is not available")
(error "line 5696 column 30: model is not available")
(error "line 5697 column 30: model is not available")
(error "line 5698 column 30: model is not available")
(error "line 5699 column 30: model is not available")
(error "line 5701 column 10: model is not available")
(:added-eqs               449
 :arith-add-rows          2721
 :arith-assert-lower      121
 :arith-assert-upper      140
 :arith-bound-prop        239
 :arith-pivots            104
 :array-ax1               4
 :array-ax2               8
 :binary-propagations     1898
 :bv-bit2core             3136
 :bv-diseqs               2
 :bv-dynamic-diseqs       144
 :conflicts               51
 :decisions               77
 :del-clause              4591
 :eliminated-applications 16
 :eliminated-vars         27
 :max-memory              6.41
 :memory                  4.28
 :minimized-lits          21
 :mk-bool-var             2919
 :mk-clause               5237
 :num-allocs              9094485
 :num-checks              1
 :propagations            2365
 :rlimit-count            325280
 :time                    0.03
 :total-time              0.05)

real	0m0.055s
user	0m0.052s
sys	0m0.003s
State: RE Run_time: 0.057193756103515625