num of guard = 2
num of elim = 13
num of guard = 2
num of elim = 0
unsat
(error "line 1971 column 17: model is not available")
(error "line 1972 column 17: model is not available")
(error "line 1973 column 18: model is not available")
(error "line 1974 column 18: model is not available")
(error "line 1975 column 18: model is not available")
(error "line 1976 column 18: model is not available")
(error "line 1977 column 18: model is not available")
(error "line 1978 column 18: model is not available")
(error "line 1979 column 18: model is not available")
(error "line 1980 column 18: model is not available")
(error "line 1981 column 18: model is not available")
(error "line 1982 column 18: model is not available")
(error "line 1983 column 17: model is not available")
(error "line 1984 column 18: model is not available")
(error "line 1985 column 18: model is not available")
(error "line 1986 column 18: model is not available")
(error "line 1987 column 18: model is not available")
(error "line 1988 column 18: model is not available")
(error "line 1989 column 18: model is not available")
(error "line 1990 column 18: model is not available")
(error "line 1991 column 18: model is not available")
(error "line 1992 column 18: model is not available")
(error "line 1993 column 18: model is not available")
(error "line 1994 column 17: model is not available")
(error "line 1995 column 18: model is not available")
(error "line 1996 column 18: model is not available")
(error "line 1997 column 18: model is not available")
(error "line 1998 column 18: model is not available")
(error "line 1999 column 18: model is not available")
(error "line 2000 column 18: model is not available")
(error "line 2001 column 18: model is not available")
(error "line 2002 column 18: model is not available")
(error "line 2003 column 18: model is not available")
(error "line 2004 column 18: model is not available")
(error "line 2005 column 17: model is not available")
(error "line 2006 column 18: model is not available")
(error "line 2007 column 18: model is not available")
(error "line 2008 column 18: model is not available")
(error "line 2009 column 18: model is not available")
(error "line 2010 column 18: model is not available")
(error "line 2011 column 18: model is not available")
(error "line 2012 column 18: model is not available")
(error "line 2013 column 18: model is not available")
(error "line 2014 column 18: model is not available")
(error "line 2015 column 18: model is not available")
(error "line 2016 column 17: model is not available")
(error "line 2017 column 18: model is not available")
(error "line 2018 column 18: model is not available")
(error "line 2019 column 18: model is not available")
(error "line 2020 column 18: model is not available")
(error "line 2021 column 18: model is not available")
(error "line 2022 column 18: model is not available")
(error "line 2023 column 18: model is not available")
(error "line 2024 column 18: model is not available")
(error "line 2025 column 18: model is not available")
(error "line 2026 column 18: model is not available")
(error "line 2027 column 17: model is not available")
(error "line 2028 column 18: model is not available")
(error "line 2029 column 18: model is not available")
(error "line 2030 column 18: model is not available")
(error "line 2031 column 18: model is not available")
(error "line 2032 column 18: model is not available")
(error "line 2033 column 18: model is not available")
(error "line 2034 column 18: model is not available")
(error "line 2035 column 18: model is not available")
(error "line 2036 column 18: model is not available")
(error "line 2037 column 18: model is not available")
(error "line 2038 column 17: model is not available")
(error "line 2039 column 18: model is not available")
(error "line 2040 column 18: model is not available")
(error "line 2041 column 18: model is not available")
(error "line 2042 column 18: model is not available")
(error "line 2043 column 18: model is not available")
(error "line 2044 column 17: model is not available")
(error "line 2045 column 17: model is not available")
(error "line 2046 column 23: model is not available")
(error "line 2047 column 23: model is not available")
(error "line 2048 column 23: model is not available")
(error "line 2049 column 23: model is not available")
(error "line 2050 column 23: model is not available")
(error "line 2051 column 23: model is not available")
(error "line 2052 column 23: model is not available")
(error "line 2053 column 23: model is not available")
(error "line 2054 column 23: model is not available")
(error "line 2055 column 20: model is not available")
(error "line 2056 column 27: model is not available")
(error "line 2057 column 21: model is not available")
(error "line 2058 column 28: model is not available")
(error "line 2059 column 21: model is not available")
(error "line 2060 column 28: model is not available")
(error "line 2061 column 21: model is not available")
(error "line 2062 column 21: model is not available")
(error "line 2063 column 28: model is not available")
(error "line 2064 column 21: model is not available")
(error "line 2065 column 28: model is not available")
(error "line 2066 column 21: model is not available")
(error "line 2067 column 21: model is not available")
(error "line 2068 column 28: model is not available")
(error "line 2069 column 21: model is not available")
(error "line 2070 column 28: model is not available")
(error "line 2071 column 21: model is not available")
(error "line 2072 column 21: model is not available")
(error "line 2073 column 28: model is not available")
(error "line 2074 column 20: model is not available")
(error "line 2075 column 27: model is not available")
(error "line 2076 column 20: model is not available")
(error "line 2077 column 20: model is not available")
(error "line 2078 column 27: model is not available")
(error "line 2079 column 20: model is not available")
(error "line 2080 column 27: model is not available")
(error "line 2081 column 20: model is not available")
(error "line 2082 column 20: model is not available")
(error "line 2083 column 27: model is not available")
(error "line 2084 column 20: model is not available")
(error "line 2085 column 27: model is not available")
(error "line 2086 column 20: model is not available")
(error "line 2087 column 38: model is not available")
(error "line 2088 column 45: model is not available")
(error "line 2089 column 38: model is not available")
(error "line 2090 column 45: model is not available")
(error "line 2091 column 46: model is not available")
(error "line 2092 column 53: model is not available")
(error "line 2093 column 40: model is not available")
(error "line 2094 column 47: model is not available")
(error "line 2095 column 38: model is not available")
(error "line 2096 column 45: model is not available")
(error "line 2097 column 38: model is not available")
(error "line 2098 column 45: model is not available")
(error "line 2099 column 41: model is not available")
(error "line 2100 column 48: model is not available")
(error "line 2101 column 41: model is not available")
(error "line 2102 column 48: model is not available")
(error "line 2103 column 41: model is not available")
(error "line 2104 column 48: model is not available")
(error "line 2105 column 41: model is not available")
(error "line 2106 column 41: model is not available")
(error "line 2107 column 48: model is not available")
(error "line 2108 column 37: model is not available")
(error "line 2109 column 44: model is not available")
(error "line 2110 column 42: model is not available")
(error "line 2111 column 42: model is not available")
(error "line 2112 column 42: model is not available")
(error "line 2113 column 38: model is not available")
(error "line 2114 column 38: model is not available")
(error "line 2115 column 38: model is not available")
(error "line 2116 column 38: model is not available")
(error "line 2117 column 38: model is not available")
(error "line 2118 column 41: model is not available")
(error "line 2119 column 48: model is not available")
(error "line 2120 column 22: model is not available")
(error "line 2121 column 29: model is not available")
(error "line 2122 column 22: model is not available")
(error "line 2123 column 29: model is not available")
(error "line 2124 column 22: model is not available")
(error "line 2125 column 29: model is not available")
(error "line 2126 column 22: model is not available")
(error "line 2127 column 29: model is not available")
(error "line 2128 column 22: model is not available")
(error "line 2129 column 29: model is not available")
(error "line 2130 column 22: model is not available")
(error "line 2131 column 29: model is not available")
(error "line 2132 column 22: model is not available")
(error "line 2133 column 29: model is not available")
(error "line 2134 column 22: model is not available")
(error "line 2135 column 29: model is not available")
(error "line 2136 column 22: model is not available")
(error "line 2137 column 29: model is not available")
(error "line 2138 column 38: model is not available")
(error "line 2139 column 38: model is not available")
(error "line 2140 column 36: model is not available")
(error "line 2141 column 36: model is not available")
(error "line 2142 column 29: model is not available")
(error "line 2143 column 31: model is not available")
(error "line 2144 column 38: model is not available")
(error "line 2145 column 31: model is not available")
(error "line 2146 column 38: model is not available")
(error "line 2147 column 31: model is not available")
(error "line 2148 column 38: model is not available")
(error "line 2149 column 52: model is not available")
(error "line 2150 column 51: model is not available")
(error "line 2151 column 51: model is not available")
(error "line 2152 column 51: model is not available")
(error "line 2153 column 51: model is not available")
(error "line 2154 column 51: model is not available")
(error "line 2155 column 51: model is not available")
(error "line 2156 column 50: model is not available")
(error "line 2157 column 50: model is not available")
(error "line 2158 column 51: model is not available")
(error "line 2159 column 50: model is not available")
(error "line 2160 column 50: model is not available")
(error "line 2161 column 50: model is not available")
(error "line 2162 column 51: model is not available")
(error "line 2163 column 51: model is not available")
(error "line 2164 column 51: model is not available")
(error "line 2165 column 51: model is not available")
(error "line 2166 column 51: model is not available")
(error "line 2167 column 51: model is not available")
(error "line 2168 column 51: model is not available")
(error "line 2169 column 51: model is not available")
(error "line 2170 column 51: model is not available")
(error "line 2171 column 51: model is not available")
(error "line 2172 column 51: model is not available")
(error "line 2173 column 51: model is not available")
(error "line 2174 column 51: model is not available")
(error "line 2175 column 51: model is not available")
(error "line 2176 column 51: model is not available")
(error "line 2177 column 51: model is not available")
(error "line 2178 column 51: model is not available")
(error "line 2179 column 51: model is not available")
(error "line 2180 column 52: model is not available")
(error "line 2181 column 51: model is not available")
(error "line 2182 column 51: model is not available")
(error "line 2183 column 51: model is not available")
(error "line 2184 column 51: model is not available")
(error "line 2185 column 51: model is not available")
(error "line 2186 column 51: model is not available")
(error "line 2187 column 51: model is not available")
(error "line 2188 column 51: model is not available")
(error "line 2189 column 51: model is not available")
(error "line 2190 column 51: model is not available")
(error "line 2191 column 51: model is not available")
(error "line 2192 column 51: model is not available")
(error "line 2193 column 51: model is not available")
(error "line 2194 column 51: model is not available")
(error "line 2195 column 55: model is not available")
(error "line 2196 column 55: model is not available")
(error "line 2197 column 55: model is not available")
(error "line 2198 column 55: model is not available")
(error "line 2199 column 55: model is not available")
(error "line 2200 column 55: model is not available")
(error "line 2201 column 56: model is not available")
(error "line 2202 column 56: model is not available")
(error "line 2203 column 56: model is not available")
(error "line 2204 column 56: model is not available")
(error "line 2205 column 55: model is not available")
(error "line 2206 column 55: model is not available")
(error "line 2207 column 55: model is not available")
(error "line 2208 column 55: model is not available")
(error "line 2209 column 55: model is not available")
(error "line 2210 column 55: model is not available")
(error "line 2211 column 55: model is not available")
(error "line 2212 column 55: model is not available")
(error "line 2213 column 55: model is not available")
(error "line 2214 column 55: model is not available")
(error "line 2215 column 55: model is not available")
(error "line 2216 column 55: model is not available")
(error "line 2217 column 55: model is not available")
(error "line 2218 column 46: model is not available")
(error "line 2219 column 46: model is not available")
(error "line 2220 column 46: model is not available")
(error "line 2221 column 46: model is not available")
(error "line 2222 column 54: model is not available")
(error "line 2223 column 54: model is not available")
(error "line 2224 column 54: model is not available")
(error "line 2225 column 54: model is not available")
(error "line 2226 column 54: model is not available")
(error "line 2227 column 54: model is not available")
(error "line 2228 column 40: model is not available")
(error "line 2229 column 40: model is not available")
(error "line 2230 column 40: model is not available")
(error "line 2231 column 40: model is not available")
(error "line 2232 column 41: model is not available")
(error "line 2233 column 41: model is not available")
(error "line 2234 column 41: model is not available")
(error "line 2235 column 41: model is not available")
(error "line 2236 column 50: model is not available")
(error "line 2237 column 50: model is not available")
(error "line 2238 column 50: model is not available")
(error "line 2239 column 50: model is not available")
(error "line 2240 column 43: model is not available")
(error "line 2241 column 43: model is not available")
(error "line 2242 column 43: model is not available")
(error "line 2243 column 43: model is not available")
(error "line 2244 column 30: model is not available")
(error "line 2245 column 30: model is not available")
(error "line 2246 column 36: model is not available")
(error "line 2247 column 36: model is not available")
(error "line 2248 column 30: model is not available")
(error "line 2249 column 30: model is not available")
(error "line 2251 column 10: model is not available")
(:added-eqs           136
 :arith-add-rows      1199
 :arith-assert-lower  61
 :arith-assert-upper  99
 :arith-bound-prop    223
 :arith-pivots        66
 :binary-propagations 875
 :bv-bit2core         1168
 :bv-conflicts        2
 :bv-diseqs           2
 :bv-dynamic-diseqs   7
 :conflicts           19
 :decisions           23
 :del-clause          218
 :eliminated-vars     13
 :max-memory          4.68
 :memory              3.61
 :minimized-lits      6
 :mk-bool-var         709
 :mk-clause           955
 :num-allocs          2663199
 :num-checks          1
 :propagations        1279
 :rlimit-count        97409
 :time                0.01
 :total-time          0.02)

real	0m0.026s
user	0m0.025s
sys	0m0.001s
State: RE Run_time: 0.028171300888061523