num of guard = 5
num of elim = 34
num of guard = 5
num of elim = 0
sat
((|B0| true))
((|B1| true))
((|B10| true))
((|B100| false))
((|B101| false))
((|B102| true))
((|B103| true))
((|B104| true))
((|B105| true))
((|B106| true))
((|B107| true))
((|B108| true))
((|B109| true))
((|B11| true))
((|B110| true))
((|B111| false))
((|B112| false))
((|B113| false))
((|B114| false))
((|B115| true))
((|B116| true))
((|B117| true))
((|B118| true))
((|B119| true))
((|B12| true))
((|B120| true))
((|B121| true))
((|B122| true))
((|B123| true))
((|B124| false))
((|B125| false))
((|B126| false))
((|B127| false))
((|B128| false))
((|B129| false))
((|B13| false))
((|B130| false))
((|B131| false))
((|B132| false))
((|B133| false))
((|B134| false))
((|B135| false))
((|B136| false))
((|B137| false))
((|B138| false))
((|B139| false))
((|B14| false))
((|B140| false))
((|B141| false))
((|B142| false))
((|B143| false))
((|B144| false))
((|B145| false))
((|B146| false))
((|B147| false))
((|B148| false))
((|B149| false))
((|B15| false))
((|B150| false))
((|B151| false))
((|B152| false))
((|B153| false))
((|B154| false))
((|B155| false))
((|B156| false))
((|B157| false))
((|B158| false))
((|B159| false))
((|B16| false))
((|B160| false))
((|B161| false))
((|B162| false))
((|B163| false))
((|B164| false))
((|B165| false))
((|B166| false))
((|B167| false))
((|B168| false))
((|B169| false))
((|B17| false))
((|B170| true))
((|B171| true))
((|B172| true))
((|B173| true))
((|B174| true))
((|B175| true))
((|B176| false))
((|B177| true))
((|B178| true))
((|B179| true))
((|B18| false))
((|B180| true))
((|B181| false))
((|B182| true))
((|B183| true))
((|B184| true))
((|B185| true))
((|B19| false))
((|B2| true))
((|B20| false))
((|B21| false))
((|B22| true))
((|B23| true))
((|B24| true))
((|B25| true))
((|B26| true))
((|B27| true))
((|B28| true))
((|B29| true))
((|B3| true))
((|B30| true))
((|B31| true))
((|B32| true))
((|B33| true))
((|B34| true))
((|B35| true))
((|B36| true))
((|B37| true))
((|B38| true))
((|B39| true))
((|B4| true))
((|B40| true))
((|B41| true))
((|B42| true))
((|B43| false))
((|B44| false))
((|B45| false))
((|B46| false))
((|B47| true))
((|B48| true))
((|B49| true))
((|B5| true))
((|B50| true))
((|B51| true))
((|B52| true))
((|B53| true))
((|B54| true))
((|B55| true))
((|B56| false))
((|B57| false))
((|B58| false))
((|B59| false))
((|B6| true))
((|B60| false))
((|B61| false))
((|B62| false))
((|B63| false))
((|B64| false))
((|B65| false))
((|B66| false))
((|B67| false))
((|B68| true))
((|B69| true))
((|B7| true))
((|B70| true))
((|B71| true))
((|B72| true))
((|B73| true))
((|B74| true))
((|B75| true))
((|B76| true))
((|B77| false))
((|B78| false))
((|B79| false))
((|B8| true))
((|B80| false))
((|B81| true))
((|B82| true))
((|B83| true))
((|B84| true))
((|B85| true))
((|B86| true))
((|B87| true))
((|B88| true))
((|B89| true))
((|B9| true))
((|B90| false))
((|B91| false))
((|B92| false))
((|B93| false))
((|B94| false))
((|B95| false))
((|B96| false))
((|B97| false))
((|B98| false))
((|B99| false))
((|COND!0#1| #x00))
((|COND!1#1| #x00))
((|COND!1#2| #x01))
((|COND!1#3| #x00))
((|COND!1#4| #x01))
((|COND!2#1| #x00))
((|COND!2#2| #x01))
((|COND!2#3| #x00))
((|COND!2#4| #x01))
((|COND!3#1| #x00))
((|COND!3#2| #x01))
((|COND!3#3| #x00))
((|COND!3#4| #x01))
((|COND!4#1| #x00))
((|COND!4#2| #x01))
((|COND!4#3| #x00))
((|COND!4#4| #x01))
((|COND!5#1| #x00))
((|COND!5#2| #x01))
((|COND!5#3| #x00))
((|COND!5#4| #x01))
((|MTX#1| #x00))
((|MTX#1$wclk$8| (- 41)))
((|MTX#10| #x00))
((|MTX#10$wclk$8| (- 1)))
((|MTX#11| #x00))
((|MTX#11$rclk$8| 0))
((|MTX#12| #x00))
((|MTX#13| #x01))
((|MTX#13$wclk$8| 0))
((|MTX#14| #x01))
((|MTX#14$rclk$8| 10))
((|MTX#15| #x01))
((|MTX#16| #x00))
((|MTX#16$wclk$8| 10))
((|MTX#17| #x00))
((|MTX#17$rclk$8| 11))
((|MTX#18| #x00))
((|MTX#19| #x00))
((|MTX#19$wclk$8| 11))
((|MTX#2| #x00))
((|MTX#2$rclk$8| (- 7)))
((|MTX#20| #x00))
((|MTX#20$rclk$8| (- 20)))
((|MTX#21| #x00))
((|MTX#22| #x01))
((|MTX#22$wclk$8| (- 20)))
((|MTX#23| #x01))
((|MTX#23$rclk$8| (- 15)))
((|MTX#24| #x01))
((|MTX#25| #x00))
((|MTX#25$wclk$8| (- 15)))
((|MTX#26| #x00))
((|MTX#26$rclk$8| (- 14)))
((|MTX#27| #x00))
((|MTX#28| #x00))
((|MTX#28$wclk$8| (- 14)))
((|MTX#29| #x00))
((|MTX#29$rclk$8| (- 13)))
((|MTX#3| #x00))
((|MTX#30| #x00))
((|MTX#31| #x01))
((|MTX#31$wclk$8| (- 13)))
((|MTX#32| #x01))
((|MTX#32$rclk$8| (- 8)))
((|MTX#33| #x01))
((|MTX#34| #x00))
((|MTX#34$wclk$8| (- 8)))
((|MTX#35| #x00))
((|MTX#35$rclk$8| 1))
((|MTX#36| #x00))
((|MTX#37| #x00))
((|MTX#37$wclk$8| 1))
((|MTX#38| #x01))
((|MTX#38$rclk$8| 2))
((|MTX#39| #x01))
((|MTX#4| #x01))
((|MTX#4$wclk$8| (- 7)))
((|MTX#40| #x01))
((|MTX#40$wclk$8| 2))
((|MTX#41| #x00))
((|MTX#41$rclk$8| 7))
((|MTX#42| #x00))
((|MTX#43| #x00))
((|MTX#43$wclk$8| 7))
((|MTX#44| #x00))
((|MTX#44$rclk$8| 8))
((|MTX#45| #x00))
((|MTX#46| #x00))
((|MTX#46$wclk$8| 8))
((|MTX#5| #x00))
((|MTX#5$rclk$8| (- 2)))
((|MTX#6| #x00))
((|MTX#7| #x00))
((|MTX#7$wclk$8| (- 2)))
((|MTX#8| #x01))
((|MTX#8$rclk$8| (- 1)))
((|MTX#9| #x01))
((|__CPROVER_dead_object#1| #x00000000))
((|__CPROVER_dead_object#1$wclk$8| (- 40)))
((|__CPROVER_deallocated#1| #x00000000))
((|__CPROVER_deallocated#1$wclk$8| (- 39)))
((|__CPROVER_malloc_is_new_array#1| false))
((|__CPROVER_malloc_is_new_array#1$wclk$8| (- 38)))
((|__CPROVER_malloc_object#1| #x00000000))
((|__CPROVER_malloc_object#1$wclk$8| (- 37)))
((|__CPROVER_malloc_size#1| #x00000000))
((|__CPROVER_malloc_size#1$wclk$8| (- 36)))
((|__CPROVER_memory_leak#1| #x00000000))
((|__CPROVER_memory_leak#1$wclk$8| (- 35)))
((|__CPROVER_next_thread_id#1| #x00000000))
((|__CPROVER_next_thread_id#1$wclk$8| (- 34)))
((|__CPROVER_next_thread_id#10| #x00000003))
((|__CPROVER_next_thread_id#11| #x00000004))
((|__CPROVER_next_thread_id#11$wclk$8| (- 20)))
((|__CPROVER_next_thread_id#12| #x00000004))
((|__CPROVER_next_thread_id#12$rclk$8| (- 1)))
((|__CPROVER_next_thread_id#13| #x00000004))
((|__CPROVER_next_thread_id#14| #x00000005))
((|__CPROVER_next_thread_id#14$wclk$8| (- 1)))
((|__CPROVER_next_thread_id#2| #x00000001))
((|__CPROVER_next_thread_id#2$wclk$8| (- 29)))
((|__CPROVER_next_thread_id#3| #x00000001))
((|__CPROVER_next_thread_id#3$rclk$8| (- 26)))
((|__CPROVER_next_thread_id#4| #x00000001))
((|__CPROVER_next_thread_id#5| #x00000002))
((|__CPROVER_next_thread_id#5$wclk$8| (- 26)))
((|__CPROVER_next_thread_id#6| #x00000002))
((|__CPROVER_next_thread_id#6$rclk$8| (- 23)))
((|__CPROVER_next_thread_id#7| #x00000002))
((|__CPROVER_next_thread_id#8| #x00000003))
((|__CPROVER_next_thread_id#8$wclk$8| (- 23)))
((|__CPROVER_next_thread_id#9| #x00000003))
((|__CPROVER_next_thread_id#9$rclk$8| (- 20)))
((|__CPROVER_pipe_count#1| #x00000000))
((|__CPROVER_pipe_count#1$wclk$8| (- 33)))
((|__CPROVER_rounding_mode!0#1| #x00000000))
((|__CPROVER_rounding_mode!1#1| #x00000000))
((|__CPROVER_rounding_mode!2#1| #x00000000))
((|__CPROVER_rounding_mode!3#1| #x00000000))
((|__CPROVER_rounding_mode!4#1| #x00000000))
((|__CPROVER_rounding_mode!5#1| #x00000000))
((|__CPROVER_thread_id!0#1| #x00000000))
((|__CPROVER_thread_id!1#1| #x00000000))
((|__CPROVER_thread_id!1#2| #x00000000))
((|__CPROVER_thread_id!2#1| #x00000000))
((|__CPROVER_thread_id!2#2| #x00000000))
((|__CPROVER_thread_id!3#1| #x00000000))
((|__CPROVER_thread_id!3#2| #x00000000))
((|__CPROVER_thread_id!4#1| #x00000000))
((|__CPROVER_thread_id!4#2| #x00000000))
((|__CPROVER_thread_id!5#1| #x00000000))
((|__CPROVER_thread_id!5#2| #x00000000))
((|__CPROVER_threads_exited#1| ((as const (Array (_ BitVec 32) Bool)) false)))
((|__CPROVER_threads_exited#1$wclk$8| (- 32)))
((|count#1| #x00000000))
((|count#1$wclk$8| (- 31)))
((|count#10| #x00000000))
((|count#10$rclk$8| (- 19)))
((|count#11| #x00000001))
((|count#11$wclk$8| (- 18)))
((|count#12| #x00000001))
((|count#12$rclk$8| (- 17)))
((|count#13| #x00000000))
((|count#13$wclk$8| (- 16)))
((|count#14| #x00000001))
((|count#14$rclk$8| (- 12)))
((|count#15| #x00000002))
((|count#15$wclk$8| (- 11)))
((|count#16| #x00000002))
((|count#16$rclk$8| (- 10)))
((|count#17| #x00000000))
((|count#17$wclk$8| (- 9)))
((|count#18| #x00000000))
((|count#18$rclk$8| 3))
((|count#19| #x00000001))
((|count#19$wclk$8| 4))
((|count#2| #x00000002))
((|count#2$rclk$8| (- 6)))
((|count#20| #x00000800))
((|count#20$rclk$8| 5))
((|count#21| #x00000000))
((|count#21$wclk$8| 6))
((|count#3| #x00000003))
((|count#3$wclk$8| (- 5)))
((|count#4| #x00000003))
((|count#4$rclk$8| (- 4)))
((|count#5| #x00000000))
((|count#5$wclk$8| (- 3)))
((|count#6| #x00000000))
((|count#6$rclk$8| 1))
((|count#7| #x00000001))
((|count#7$wclk$8| 7))
((|count#8| #x00000001))
((|count#8$rclk$8| 8))
((|count#9| #x00000000))
((|count#9$wclk$8| 9))
((|goto_symex::&92;guard#1| true))
((|goto_symex::&92;guard#2| false))
((|goto_symex::&92;guard#3| false))
((|goto_symex::&92;guard#4| false))
((|goto_symex::&92;guard#5| false))
((|main#return_value!1#1| #x00000000))
((|main#return_value!2#1| #x00000000))
((|main#return_value!3#1| #x00000000))
((|main#return_value!4#1| #x00000000))
((|main#return_value!5#1| #x00000000))
((|main::1::t!0@1| #x00000000))
((|main::1::t!0@1#1| #x00000000))
((|main::1::t!0@1#1$wclk$8| (- 30)))
((|main::1::t!0@1#2| #x00000001))
((|main::1::t!0@1#2$wclk$8| (- 28)))
((|main::1::t!0@1#3| #x00000002))
((|main::1::t!0@1#3$wclk$8| (- 25)))
((|main::1::t!0@1#4| #x00000003))
((|main::1::t!0@1#4$wclk$8| (- 22)))
((|main::1::t!0@1#5| #x00000004))
((|main::1::t!0@1#5$wclk$8| (- 15)))
((|main::1::t!0@1#6| #x00000005))
((|main::1::t!0@1#6$wclk$8| 0))
((|memory_model::choice_rf_0_15_0_12_T_1| true))
((|memory_model::choice_rf_0_15_0_7_T_0| false))
((|memory_model::choice_rf_0_19_0_12_T_3| false))
((|memory_model::choice_rf_0_19_0_16_T_4| true))
((|memory_model::choice_rf_0_19_0_7_T_2| false))
((|memory_model::choice_rf_0_23_0_12_T_6| false))
((|memory_model::choice_rf_0_23_0_16_T_7| false))
((|memory_model::choice_rf_0_23_0_20_T_8| true))
((|memory_model::choice_rf_0_23_0_7_T_5| false))
((|memory_model::choice_rf_0_27_0_12_T_10| false))
((|memory_model::choice_rf_0_27_0_16_T_11| false))
((|memory_model::choice_rf_0_27_0_20_T_12| false))
((|memory_model::choice_rf_0_27_0_24_T_13| true))
((|memory_model::choice_rf_0_27_0_7_T_9| false))
((|memory_model::choice_rf_1_0_0_0_F_109| false))
((|memory_model::choice_rf_1_0_2_1_F_110| false))
((|memory_model::choice_rf_1_0_2_7_F_111| false))
((|memory_model::choice_rf_1_0_2_9_F_112| false))
((|memory_model::choice_rf_1_0_3_1_F_113| false))
((|memory_model::choice_rf_1_0_3_7_F_114| false))
((|memory_model::choice_rf_1_0_3_9_F_115| false))
((|memory_model::choice_rf_1_0_4_1_F_116| false))
((|memory_model::choice_rf_1_0_4_7_F_117| true))
((|memory_model::choice_rf_1_0_4_9_F_118| false))
((|memory_model::choice_rf_1_0_5_1_F_119| false))
((|memory_model::choice_rf_1_0_5_7_F_120| false))
((|memory_model::choice_rf_1_0_5_9_F_121| false))
((|memory_model::choice_rf_1_2_0_10_F_14| false))
((|memory_model::choice_rf_1_2_2_3_F_15| false))
((|memory_model::choice_rf_1_2_2_5_F_16| false))
((|memory_model::choice_rf_1_2_3_3_F_17| false))
((|memory_model::choice_rf_1_2_3_5_F_18| false))
((|memory_model::choice_rf_1_2_4_3_F_19| true))
((|memory_model::choice_rf_1_2_4_5_F_20| false))
((|memory_model::choice_rf_1_2_5_3_F_21| false))
((|memory_model::choice_rf_1_2_5_5_F_22| false))
((|memory_model::choice_rf_1_4_0_10_F_23| false))
((|memory_model::choice_rf_1_4_1_3_F_24| true))
((|memory_model::choice_rf_1_4_2_3_F_25| false))
((|memory_model::choice_rf_1_4_2_5_F_26| false))
((|memory_model::choice_rf_1_4_3_3_F_27| false))
((|memory_model::choice_rf_1_4_3_5_F_28| false))
((|memory_model::choice_rf_1_4_4_3_F_29| false))
((|memory_model::choice_rf_1_4_4_5_F_30| false))
((|memory_model::choice_rf_1_4_5_3_F_31| false))
((|memory_model::choice_rf_1_4_5_5_F_32| false))
((|memory_model::choice_rf_1_6_0_0_F_122| false))
((|memory_model::choice_rf_1_6_1_1_F_123| false))
((|memory_model::choice_rf_1_6_2_1_F_124| false))
((|memory_model::choice_rf_1_6_2_7_F_125| false))
((|memory_model::choice_rf_1_6_2_9_F_126| false))
((|memory_model::choice_rf_1_6_3_1_F_127| false))
((|memory_model::choice_rf_1_6_3_7_F_128| false))
((|memory_model::choice_rf_1_6_3_9_F_129| false))
((|memory_model::choice_rf_1_6_4_1_F_130| false))
((|memory_model::choice_rf_1_6_4_7_F_131| false))
((|memory_model::choice_rf_1_6_4_9_F_132| false))
((|memory_model::choice_rf_1_6_5_1_F_133| false))
((|memory_model::choice_rf_1_6_5_7_F_134| false))
((|memory_model::choice_rf_1_6_5_9_F_135| false))
((|memory_model::choice_rf_1_8_0_0_F_136| false))
((|memory_model::choice_rf_1_8_1_1_F_137| true))
((|memory_model::choice_rf_1_8_1_7_F_138| false))
((|memory_model::choice_rf_1_8_2_1_F_139| false))
((|memory_model::choice_rf_1_8_2_7_F_140| false))
((|memory_model::choice_rf_1_8_2_9_F_141| false))
((|memory_model::choice_rf_1_8_3_1_F_142| false))
((|memory_model::choice_rf_1_8_3_7_F_143| false))
((|memory_model::choice_rf_1_8_3_9_F_144| false))
((|memory_model::choice_rf_1_8_4_1_F_145| false))
((|memory_model::choice_rf_1_8_4_7_F_146| false))
((|memory_model::choice_rf_1_8_4_9_F_147| false))
((|memory_model::choice_rf_1_8_5_1_F_148| false))
((|memory_model::choice_rf_1_8_5_7_F_149| false))
((|memory_model::choice_rf_1_8_5_9_F_150| false))
((|memory_model::choice_rf_2_0_0_0_F_151| false))
((|memory_model::choice_rf_2_0_1_1_F_152| false))
((|memory_model::choice_rf_2_0_1_7_F_153| false))
((|memory_model::choice_rf_2_0_1_9_F_154| true))
((|memory_model::choice_rf_2_0_3_1_F_155| false))
((|memory_model::choice_rf_2_0_3_7_F_156| false))
((|memory_model::choice_rf_2_0_3_9_F_157| false))
((|memory_model::choice_rf_2_0_4_1_F_158| false))
((|memory_model::choice_rf_2_0_4_7_F_159| false))
((|memory_model::choice_rf_2_0_4_9_F_160| false))
((|memory_model::choice_rf_2_0_5_1_F_161| false))
((|memory_model::choice_rf_2_0_5_7_F_162| false))
((|memory_model::choice_rf_2_0_5_9_F_163| false))
((|memory_model::choice_rf_2_2_0_10_F_33| false))
((|memory_model::choice_rf_2_2_1_3_F_34| false))
((|memory_model::choice_rf_2_2_1_5_F_35| true))
((|memory_model::choice_rf_2_2_3_3_F_36| false))
((|memory_model::choice_rf_2_2_3_5_F_37| false))
((|memory_model::choice_rf_2_2_4_3_F_38| false))
((|memory_model::choice_rf_2_2_4_5_F_39| false))
((|memory_model::choice_rf_2_2_5_3_F_40| false))
((|memory_model::choice_rf_2_2_5_5_F_41| false))
((|memory_model::choice_rf_2_4_0_10_F_42| false))
((|memory_model::choice_rf_2_4_1_3_F_43| false))
((|memory_model::choice_rf_2_4_1_5_F_44| false))
((|memory_model::choice_rf_2_4_2_3_F_45| true))
((|memory_model::choice_rf_2_4_3_3_F_46| false))
((|memory_model::choice_rf_2_4_3_5_F_47| false))
((|memory_model::choice_rf_2_4_4_3_F_48| false))
((|memory_model::choice_rf_2_4_4_5_F_49| false))
((|memory_model::choice_rf_2_4_5_3_F_50| false))
((|memory_model::choice_rf_2_4_5_5_F_51| false))
((|memory_model::choice_rf_2_6_0_0_F_164| false))
((|memory_model::choice_rf_2_6_1_1_F_165| false))
((|memory_model::choice_rf_2_6_1_7_F_166| false))
((|memory_model::choice_rf_2_6_1_9_F_167| false))
((|memory_model::choice_rf_2_6_2_1_F_168| true))
((|memory_model::choice_rf_2_6_3_1_F_169| false))
((|memory_model::choice_rf_2_6_3_7_F_170| false))
((|memory_model::choice_rf_2_6_3_9_F_171| false))
((|memory_model::choice_rf_2_6_4_1_F_172| false))
((|memory_model::choice_rf_2_6_4_7_F_173| false))
((|memory_model::choice_rf_2_6_4_9_F_174| false))
((|memory_model::choice_rf_2_6_5_1_F_175| false))
((|memory_model::choice_rf_2_6_5_7_F_176| false))
((|memory_model::choice_rf_2_6_5_9_F_177| false))
((|memory_model::choice_rf_2_8_0_0_F_178| false))
((|memory_model::choice_rf_2_8_1_1_F_179| false))
((|memory_model::choice_rf_2_8_1_7_F_180| false))
((|memory_model::choice_rf_2_8_1_9_F_181| false))
((|memory_model::choice_rf_2_8_2_1_F_182| false))
((|memory_model::choice_rf_2_8_2_7_F_183| false))
((|memory_model::choice_rf_2_8_3_1_F_184| false))
((|memory_model::choice_rf_2_8_3_7_F_185| false))
((|memory_model::choice_rf_2_8_3_9_F_186| false))
((|memory_model::choice_rf_2_8_4_1_F_187| false))
((|memory_model::choice_rf_2_8_4_7_F_188| false))
((|memory_model::choice_rf_2_8_4_9_F_189| false))
((|memory_model::choice_rf_2_8_5_1_F_190| false))
((|memory_model::choice_rf_2_8_5_7_F_191| false))
((|memory_model::choice_rf_2_8_5_9_F_192| false))
((|memory_model::choice_rf_3_0_0_0_F_193| true))
((|memory_model::choice_rf_3_0_1_1_F_194| false))
((|memory_model::choice_rf_3_0_1_7_F_195| false))
((|memory_model::choice_rf_3_0_1_9_F_196| false))
((|memory_model::choice_rf_3_0_2_1_F_197| false))
((|memory_model::choice_rf_3_0_2_7_F_198| false))
((|memory_model::choice_rf_3_0_2_9_F_199| false))
((|memory_model::choice_rf_3_0_4_1_F_200| false))
((|memory_model::choice_rf_3_0_4_7_F_201| false))
((|memory_model::choice_rf_3_0_4_9_F_202| false))
((|memory_model::choice_rf_3_0_5_1_F_203| false))
((|memory_model::choice_rf_3_0_5_7_F_204| false))
((|memory_model::choice_rf_3_0_5_9_F_205| false))
((|memory_model::choice_rf_3_2_0_10_F_52| true))
((|memory_model::choice_rf_3_2_1_3_F_53| false))
((|memory_model::choice_rf_3_2_1_5_F_54| false))
((|memory_model::choice_rf_3_2_2_3_F_55| false))
((|memory_model::choice_rf_3_2_2_5_F_56| false))
((|memory_model::choice_rf_3_2_4_3_F_57| false))
((|memory_model::choice_rf_3_2_4_5_F_58| false))
((|memory_model::choice_rf_3_2_5_3_F_59| false))
((|memory_model::choice_rf_3_2_5_5_F_60| false))
((|memory_model::choice_rf_3_4_0_10_F_61| false))
((|memory_model::choice_rf_3_4_1_3_F_62| false))
((|memory_model::choice_rf_3_4_1_5_F_63| false))
((|memory_model::choice_rf_3_4_2_3_F_64| false))
((|memory_model::choice_rf_3_4_2_5_F_65| false))
((|memory_model::choice_rf_3_4_3_3_F_66| true))
((|memory_model::choice_rf_3_4_4_3_F_67| false))
((|memory_model::choice_rf_3_4_4_5_F_68| false))
((|memory_model::choice_rf_3_4_5_3_F_69| false))
((|memory_model::choice_rf_3_4_5_5_F_70| false))
((|memory_model::choice_rf_3_6_0_0_F_206| false))
((|memory_model::choice_rf_3_6_1_1_F_207| false))
((|memory_model::choice_rf_3_6_1_7_F_208| false))
((|memory_model::choice_rf_3_6_1_9_F_209| false))
((|memory_model::choice_rf_3_6_2_1_F_210| false))
((|memory_model::choice_rf_3_6_2_7_F_211| false))
((|memory_model::choice_rf_3_6_2_9_F_212| false))
((|memory_model::choice_rf_3_6_3_1_F_213| true))
((|memory_model::choice_rf_3_6_4_1_F_214| false))
((|memory_model::choice_rf_3_6_4_7_F_215| false))
((|memory_model::choice_rf_3_6_4_9_F_216| false))
((|memory_model::choice_rf_3_6_5_1_F_217| false))
((|memory_model::choice_rf_3_6_5_7_F_218| false))
((|memory_model::choice_rf_3_6_5_9_F_219| false))
((|memory_model::choice_rf_3_8_0_0_F_220| false))
((|memory_model::choice_rf_3_8_1_1_F_221| false))
((|memory_model::choice_rf_3_8_1_7_F_222| false))
((|memory_model::choice_rf_3_8_1_9_F_223| false))
((|memory_model::choice_rf_3_8_2_1_F_224| false))
((|memory_model::choice_rf_3_8_2_7_F_225| false))
((|memory_model::choice_rf_3_8_2_9_F_226| false))
((|memory_model::choice_rf_3_8_3_1_F_227| false))
((|memory_model::choice_rf_3_8_3_7_F_228| false))
((|memory_model::choice_rf_3_8_4_1_F_229| false))
((|memory_model::choice_rf_3_8_4_7_F_230| false))
((|memory_model::choice_rf_3_8_4_9_F_231| false))
((|memory_model::choice_rf_3_8_5_1_F_232| false))
((|memory_model::choice_rf_3_8_5_7_F_233| false))
((|memory_model::choice_rf_3_8_5_9_F_234| false))
((|memory_model::choice_rf_4_0_0_0_F_235| false))
((|memory_model::choice_rf_4_0_1_1_F_236| false))
((|memory_model::choice_rf_4_0_1_7_F_237| false))
((|memory_model::choice_rf_4_0_1_9_F_238| false))
((|memory_model::choice_rf_4_0_2_1_F_239| false))
((|memory_model::choice_rf_4_0_2_7_F_240| false))
((|memory_model::choice_rf_4_0_2_9_F_241| false))
((|memory_model::choice_rf_4_0_3_1_F_242| false))
((|memory_model::choice_rf_4_0_3_7_F_243| true))
((|memory_model::choice_rf_4_0_3_9_F_244| false))
((|memory_model::choice_rf_4_0_5_1_F_245| false))
((|memory_model::choice_rf_4_0_5_7_F_246| false))
((|memory_model::choice_rf_4_0_5_9_F_247| false))
((|memory_model::choice_rf_4_2_0_10_F_71| false))
((|memory_model::choice_rf_4_2_1_3_F_72| false))
((|memory_model::choice_rf_4_2_1_5_F_73| false))
((|memory_model::choice_rf_4_2_2_3_F_74| false))
((|memory_model::choice_rf_4_2_2_5_F_75| false))
((|memory_model::choice_rf_4_2_3_3_F_76| true))
((|memory_model::choice_rf_4_2_3_5_F_77| false))
((|memory_model::choice_rf_4_2_5_3_F_78| false))
((|memory_model::choice_rf_4_2_5_5_F_79| false))
((|memory_model::choice_rf_4_4_0_10_F_80| false))
((|memory_model::choice_rf_4_4_1_3_F_81| false))
((|memory_model::choice_rf_4_4_1_5_F_82| false))
((|memory_model::choice_rf_4_4_2_3_F_83| false))
((|memory_model::choice_rf_4_4_2_5_F_84| false))
((|memory_model::choice_rf_4_4_3_3_F_85| false))
((|memory_model::choice_rf_4_4_3_5_F_86| false))
((|memory_model::choice_rf_4_4_4_3_F_87| true))
((|memory_model::choice_rf_4_4_5_3_F_88| false))
((|memory_model::choice_rf_4_4_5_5_F_89| false))
((|memory_model::choice_rf_4_6_0_0_F_248| false))
((|memory_model::choice_rf_4_6_1_1_F_249| false))
((|memory_model::choice_rf_4_6_1_7_F_250| false))
((|memory_model::choice_rf_4_6_1_9_F_251| false))
((|memory_model::choice_rf_4_6_2_1_F_252| false))
((|memory_model::choice_rf_4_6_2_7_F_253| false))
((|memory_model::choice_rf_4_6_2_9_F_254| false))
((|memory_model::choice_rf_4_6_3_1_F_255| false))
((|memory_model::choice_rf_4_6_3_7_F_256| false))
((|memory_model::choice_rf_4_6_3_9_F_257| false))
((|memory_model::choice_rf_4_6_4_1_F_258| true))
((|memory_model::choice_rf_4_6_5_1_F_259| false))
((|memory_model::choice_rf_4_6_5_7_F_260| false))
((|memory_model::choice_rf_4_6_5_9_F_261| false))
((|memory_model::choice_rf_4_8_0_0_F_262| false))
((|memory_model::choice_rf_4_8_1_1_F_263| false))
((|memory_model::choice_rf_4_8_1_7_F_264| false))
((|memory_model::choice_rf_4_8_1_9_F_265| false))
((|memory_model::choice_rf_4_8_2_1_F_266| false))
((|memory_model::choice_rf_4_8_2_7_F_267| false))
((|memory_model::choice_rf_4_8_2_9_F_268| false))
((|memory_model::choice_rf_4_8_3_1_F_269| false))
((|memory_model::choice_rf_4_8_3_7_F_270| false))
((|memory_model::choice_rf_4_8_3_9_F_271| false))
((|memory_model::choice_rf_4_8_4_1_F_272| false))
((|memory_model::choice_rf_4_8_4_7_F_273| false))
((|memory_model::choice_rf_4_8_5_1_F_274| false))
((|memory_model::choice_rf_4_8_5_7_F_275| false))
((|memory_model::choice_rf_4_8_5_9_F_276| false))
((|memory_model::choice_rf_5_0_0_0_F_277| false))
((|memory_model::choice_rf_5_0_1_1_F_278| false))
((|memory_model::choice_rf_5_0_1_7_F_279| false))
((|memory_model::choice_rf_5_0_1_9_F_280| false))
((|memory_model::choice_rf_5_0_2_1_F_281| true))
((|memory_model::choice_rf_5_0_2_7_F_282| false))
((|memory_model::choice_rf_5_0_2_9_F_283| false))
((|memory_model::choice_rf_5_0_3_1_F_284| false))
((|memory_model::choice_rf_5_0_3_7_F_285| false))
((|memory_model::choice_rf_5_0_3_9_F_286| false))
((|memory_model::choice_rf_5_0_4_1_F_287| false))
((|memory_model::choice_rf_5_0_4_7_F_288| false))
((|memory_model::choice_rf_5_0_4_9_F_289| false))
((|memory_model::choice_rf_5_2_0_10_F_90| false))
((|memory_model::choice_rf_5_2_1_3_F_91| false))
((|memory_model::choice_rf_5_2_1_5_F_92| false))
((|memory_model::choice_rf_5_2_2_3_F_93| false))
((|memory_model::choice_rf_5_2_2_5_F_94| false))
((|memory_model::choice_rf_5_2_3_3_F_95| false))
((|memory_model::choice_rf_5_2_3_5_F_96| false))
((|memory_model::choice_rf_5_2_4_3_F_97| false))
((|memory_model::choice_rf_5_2_4_5_F_98| false))
((|memory_model::choice_rf_5_4_0_10_F_99| false))
((|memory_model::choice_rf_5_4_1_3_F_100| false))
((|memory_model::choice_rf_5_4_1_5_F_101| false))
((|memory_model::choice_rf_5_4_2_3_F_102| false))
((|memory_model::choice_rf_5_4_2_5_F_103| false))
((|memory_model::choice_rf_5_4_3_3_F_104| false))
((|memory_model::choice_rf_5_4_3_5_F_105| false))
((|memory_model::choice_rf_5_4_4_3_F_106| false))
((|memory_model::choice_rf_5_4_4_5_F_107| false))
((|memory_model::choice_rf_5_4_5_3_F_108| false))
((|memory_model::choice_rf_5_6_0_0_F_290| false))
((|memory_model::choice_rf_5_6_1_1_F_291| false))
((|memory_model::choice_rf_5_6_1_7_F_292| false))
((|memory_model::choice_rf_5_6_1_9_F_293| false))
((|memory_model::choice_rf_5_6_2_1_F_294| false))
((|memory_model::choice_rf_5_6_2_7_F_295| false))
((|memory_model::choice_rf_5_6_2_9_F_296| false))
((|memory_model::choice_rf_5_6_3_1_F_297| false))
((|memory_model::choice_rf_5_6_3_7_F_298| false))
((|memory_model::choice_rf_5_6_3_9_F_299| false))
((|memory_model::choice_rf_5_6_4_1_F_300| false))
((|memory_model::choice_rf_5_6_4_7_F_301| false))
((|memory_model::choice_rf_5_6_4_9_F_302| false))
((|memory_model::choice_rf_5_6_5_1_F_303| false))
((|memory_model::choice_rf_5_8_0_0_F_304| false))
((|memory_model::choice_rf_5_8_1_1_F_305| false))
((|memory_model::choice_rf_5_8_1_7_F_306| false))
((|memory_model::choice_rf_5_8_1_9_F_307| false))
((|memory_model::choice_rf_5_8_2_1_F_308| false))
((|memory_model::choice_rf_5_8_2_7_F_309| false))
((|memory_model::choice_rf_5_8_2_9_F_310| false))
((|memory_model::choice_rf_5_8_3_1_F_311| false))
((|memory_model::choice_rf_5_8_3_7_F_312| false))
((|memory_model::choice_rf_5_8_3_9_F_313| false))
((|memory_model::choice_rf_5_8_4_1_F_314| false))
((|memory_model::choice_rf_5_8_4_7_F_315| false))
((|memory_model::choice_rf_5_8_4_9_F_316| false))
((|memory_model::choice_rf_5_8_5_1_F_317| false))
((|memory_model::choice_rf_5_8_5_7_F_318| false))
((|memory_model::choice_ws-ext_0_0_1_1_F_369| true))
((|memory_model::choice_ws-ext_0_0_1_7_F_370| true))
((|memory_model::choice_ws-ext_0_0_1_9_F_371| true))
((|memory_model::choice_ws-ext_0_0_2_1_F_372| true))
((|memory_model::choice_ws-ext_0_0_2_7_F_373| true))
((|memory_model::choice_ws-ext_0_0_2_9_F_374| true))
((|memory_model::choice_ws-ext_0_0_3_1_F_375| true))
((|memory_model::choice_ws-ext_0_0_3_7_F_376| true))
((|memory_model::choice_ws-ext_0_0_3_9_F_377| true))
((|memory_model::choice_ws-ext_0_0_4_1_F_378| true))
((|memory_model::choice_ws-ext_0_0_4_7_F_379| true))
((|memory_model::choice_ws-ext_0_0_4_9_F_380| true))
((|memory_model::choice_ws-ext_0_0_5_1_F_381| true))
((|memory_model::choice_ws-ext_0_0_5_7_F_382| true))
((|memory_model::choice_ws-ext_0_0_5_9_F_383| true))
((|memory_model::choice_ws-ext_0_10_1_3_F_319| true))
((|memory_model::choice_ws-ext_0_10_1_5_F_320| true))
((|memory_model::choice_ws-ext_0_10_2_3_F_321| true))
((|memory_model::choice_ws-ext_0_10_2_5_F_322| true))
((|memory_model::choice_ws-ext_0_10_3_3_F_323| true))
((|memory_model::choice_ws-ext_0_10_3_5_F_324| true))
((|memory_model::choice_ws-ext_0_10_4_3_F_325| true))
((|memory_model::choice_ws-ext_0_10_4_5_F_326| true))
((|memory_model::choice_ws-ext_0_10_5_3_F_327| true))
((|memory_model::choice_ws-ext_0_10_5_5_F_328| true))
((|memory_model::choice_ws-ext_1_1_2_1_F_384| true))
((|memory_model::choice_ws-ext_1_1_2_7_F_385| true))
((|memory_model::choice_ws-ext_1_1_2_9_F_386| true))
((|memory_model::choice_ws-ext_1_1_3_1_F_387| false))
((|memory_model::choice_ws-ext_1_1_3_7_F_388| false))
((|memory_model::choice_ws-ext_1_1_3_9_F_389| false))
((|memory_model::choice_ws-ext_1_1_4_1_F_390| false))
((|memory_model::choice_ws-ext_1_1_4_7_F_391| false))
((|memory_model::choice_ws-ext_1_1_4_9_F_392| true))
((|memory_model::choice_ws-ext_1_1_5_1_F_393| true))
((|memory_model::choice_ws-ext_1_1_5_7_F_394| true))
((|memory_model::choice_ws-ext_1_1_5_9_F_395| true))
((|memory_model::choice_ws-ext_1_3_2_3_F_329| true))
((|memory_model::choice_ws-ext_1_3_2_5_F_330| true))
((|memory_model::choice_ws-ext_1_3_3_3_F_331| false))
((|memory_model::choice_ws-ext_1_3_3_5_F_332| false))
((|memory_model::choice_ws-ext_1_3_4_3_F_333| false))
((|memory_model::choice_ws-ext_1_3_4_5_F_334| false))
((|memory_model::choice_ws-ext_1_3_5_3_F_335| true))
((|memory_model::choice_ws-ext_1_3_5_5_F_336| true))
((|memory_model::choice_ws-ext_1_5_2_3_F_337| true))
((|memory_model::choice_ws-ext_1_5_2_5_F_338| true))
((|memory_model::choice_ws-ext_1_5_3_3_F_339| false))
((|memory_model::choice_ws-ext_1_5_3_5_F_340| false))
((|memory_model::choice_ws-ext_1_5_4_3_F_341| false))
((|memory_model::choice_ws-ext_1_5_4_5_F_342| false))
((|memory_model::choice_ws-ext_1_5_5_3_F_343| true))
((|memory_model::choice_ws-ext_1_5_5_5_F_344| true))
((|memory_model::choice_ws-ext_1_7_2_1_F_396| true))
((|memory_model::choice_ws-ext_1_7_2_7_F_397| true))
((|memory_model::choice_ws-ext_1_7_2_9_F_398| true))
((|memory_model::choice_ws-ext_1_7_3_1_F_399| false))
((|memory_model::choice_ws-ext_1_7_3_7_F_400| false))
((|memory_model::choice_ws-ext_1_7_3_9_F_401| false))
((|memory_model::choice_ws-ext_1_7_4_1_F_402| false))
((|memory_model::choice_ws-ext_1_7_4_7_F_403| false))
((|memory_model::choice_ws-ext_1_7_4_9_F_404| true))
((|memory_model::choice_ws-ext_1_7_5_1_F_405| true))
((|memory_model::choice_ws-ext_1_7_5_7_F_406| true))
((|memory_model::choice_ws-ext_1_7_5_9_F_407| true))
((|memory_model::choice_ws-ext_1_9_2_1_F_408| true))
((|memory_model::choice_ws-ext_1_9_2_7_F_409| true))
((|memory_model::choice_ws-ext_1_9_2_9_F_410| true))
((|memory_model::choice_ws-ext_1_9_3_1_F_411| false))
((|memory_model::choice_ws-ext_1_9_3_7_F_412| false))
((|memory_model::choice_ws-ext_1_9_3_9_F_413| false))
((|memory_model::choice_ws-ext_1_9_4_1_F_414| false))
((|memory_model::choice_ws-ext_1_9_4_7_F_415| false))
((|memory_model::choice_ws-ext_1_9_4_9_F_416| true))
((|memory_model::choice_ws-ext_1_9_5_1_F_417| true))
((|memory_model::choice_ws-ext_1_9_5_7_F_418| true))
((|memory_model::choice_ws-ext_1_9_5_9_F_419| true))
((|memory_model::choice_ws-ext_2_1_3_1_F_420| false))
((|memory_model::choice_ws-ext_2_1_3_7_F_421| false))
((|memory_model::choice_ws-ext_2_1_3_9_F_422| false))
((|memory_model::choice_ws-ext_2_1_4_1_F_423| false))
((|memory_model::choice_ws-ext_2_1_4_7_F_424| false))
((|memory_model::choice_ws-ext_2_1_4_9_F_425| true))
((|memory_model::choice_ws-ext_2_1_5_1_F_426| true))
((|memory_model::choice_ws-ext_2_1_5_7_F_427| true))
((|memory_model::choice_ws-ext_2_1_5_9_F_428| true))
((|memory_model::choice_ws-ext_2_3_3_3_F_345| false))
((|memory_model::choice_ws-ext_2_3_3_5_F_346| false))
((|memory_model::choice_ws-ext_2_3_4_3_F_347| false))
((|memory_model::choice_ws-ext_2_3_4_5_F_348| false))
((|memory_model::choice_ws-ext_2_3_5_3_F_349| false))
((|memory_model::choice_ws-ext_2_3_5_5_F_350| false))
((|memory_model::choice_ws-ext_2_5_3_3_F_351| false))
((|memory_model::choice_ws-ext_2_5_3_5_F_352| false))
((|memory_model::choice_ws-ext_2_5_4_3_F_353| false))
((|memory_model::choice_ws-ext_2_5_4_5_F_354| false))
((|memory_model::choice_ws-ext_2_5_5_3_F_355| false))
((|memory_model::choice_ws-ext_2_5_5_5_F_356| false))
((|memory_model::choice_ws-ext_2_7_3_1_F_429| false))
((|memory_model::choice_ws-ext_2_7_3_7_F_430| false))
((|memory_model::choice_ws-ext_2_7_3_9_F_431| false))
((|memory_model::choice_ws-ext_2_7_4_1_F_432| false))
((|memory_model::choice_ws-ext_2_7_4_7_F_433| false))
((|memory_model::choice_ws-ext_2_7_4_9_F_434| false))
((|memory_model::choice_ws-ext_2_7_5_1_F_435| false))
((|memory_model::choice_ws-ext_2_7_5_7_F_436| false))
((|memory_model::choice_ws-ext_2_7_5_9_F_437| false))
((|memory_model::choice_ws-ext_2_9_3_1_F_438| false))
((|memory_model::choice_ws-ext_2_9_3_7_F_439| false))
((|memory_model::choice_ws-ext_2_9_3_9_F_440| false))
((|memory_model::choice_ws-ext_2_9_4_1_F_441| false))
((|memory_model::choice_ws-ext_2_9_4_7_F_442| false))
((|memory_model::choice_ws-ext_2_9_4_9_F_443| false))
((|memory_model::choice_ws-ext_2_9_5_1_F_444| false))
((|memory_model::choice_ws-ext_2_9_5_7_F_445| false))
((|memory_model::choice_ws-ext_2_9_5_9_F_446| false))
((|memory_model::choice_ws-ext_3_1_4_1_F_447| true))
((|memory_model::choice_ws-ext_3_1_4_7_F_448| true))
((|memory_model::choice_ws-ext_3_1_4_9_F_449| true))
((|memory_model::choice_ws-ext_3_1_5_1_F_450| true))
((|memory_model::choice_ws-ext_3_1_5_7_F_451| true))
((|memory_model::choice_ws-ext_3_1_5_9_F_452| true))
((|memory_model::choice_ws-ext_3_3_4_3_F_357| true))
((|memory_model::choice_ws-ext_3_3_4_5_F_358| true))
((|memory_model::choice_ws-ext_3_3_5_3_F_359| true))
((|memory_model::choice_ws-ext_3_3_5_5_F_360| true))
((|memory_model::choice_ws-ext_3_5_4_3_F_361| true))
((|memory_model::choice_ws-ext_3_5_4_5_F_362| true))
((|memory_model::choice_ws-ext_3_5_5_3_F_363| true))
((|memory_model::choice_ws-ext_3_5_5_5_F_364| true))
((|memory_model::choice_ws-ext_3_7_4_1_F_453| true))
((|memory_model::choice_ws-ext_3_7_4_7_F_454| true))
((|memory_model::choice_ws-ext_3_7_4_9_F_455| true))
((|memory_model::choice_ws-ext_3_7_5_1_F_456| true))
((|memory_model::choice_ws-ext_3_7_5_7_F_457| true))
((|memory_model::choice_ws-ext_3_7_5_9_F_458| true))
((|memory_model::choice_ws-ext_3_9_4_1_F_459| true))
((|memory_model::choice_ws-ext_3_9_4_7_F_460| true))
((|memory_model::choice_ws-ext_3_9_4_9_F_461| true))
((|memory_model::choice_ws-ext_3_9_5_1_F_462| true))
((|memory_model::choice_ws-ext_3_9_5_7_F_463| true))
((|memory_model::choice_ws-ext_3_9_5_9_F_464| true))
((|memory_model::choice_ws-ext_4_1_5_1_F_465| true))
((|memory_model::choice_ws-ext_4_1_5_7_F_466| true))
((|memory_model::choice_ws-ext_4_1_5_9_F_467| true))
((|memory_model::choice_ws-ext_4_3_5_3_F_365| true))
((|memory_model::choice_ws-ext_4_3_5_5_F_366| true))
((|memory_model::choice_ws-ext_4_5_5_3_F_367| true))
((|memory_model::choice_ws-ext_4_5_5_5_F_368| true))
((|memory_model::choice_ws-ext_4_7_5_1_F_468| true))
((|memory_model::choice_ws-ext_4_7_5_7_F_469| true))
((|memory_model::choice_ws-ext_4_7_5_9_F_470| true))
((|memory_model::choice_ws-ext_4_9_5_1_F_471| true))
((|memory_model::choice_ws-ext_4_9_5_7_F_472| true))
((|memory_model::choice_ws-ext_4_9_5_9_F_473| true))
((|pthread_create#return_value!0#1| #x00000000))
((|pthread_create#return_value!0#2| #x00000000))
((|pthread_create#return_value!0#3| #x00000000))
((|pthread_create#return_value!0#4| #x00000000))
((|pthread_create#return_value!0#5| #x00000000))
((|pthread_create#return_value!1#1| #x00000000))
((|pthread_create#return_value!2#1| #x00000000))
((|pthread_create#return_value!3#1| #x00000000))
((|pthread_create#return_value!4#1| #x00000000))
((|pthread_create#return_value!5#1| #x00000000))
((|pthread_create::1::this_thread_id!0@1#1| #x00000000))
((|pthread_create::1::this_thread_id!0@1#2| #x00000001))
((|pthread_create::1::this_thread_id!0@2#1| #x00000000))
((|pthread_create::1::this_thread_id!0@2#2| #x00000002))
((|pthread_create::1::this_thread_id!0@3#1| #x00000000))
((|pthread_create::1::this_thread_id!0@3#2| #x00000003))
((|pthread_create::1::this_thread_id!0@4#1| #x00000000))
((|pthread_create::1::this_thread_id!0@4#2| #x00000004))
((|pthread_create::1::this_thread_id!0@5#1| #x00000000))
((|pthread_create::1::this_thread_id!0@5#2| #x00000005))
((|pthread_create::1::this_thread_id!1@0#0| #x00000000))
((|pthread_create::1::this_thread_id!2@0#0| #x00000000))
((|pthread_create::1::this_thread_id!3@0#0| #x00000000))
((|pthread_create::1::this_thread_id!4@0#0| #x00000000))
((|pthread_create::1::this_thread_id!5@0#0| #x00000000))
((|pthread_create::arg!0@1#1| #x00000000))
((|pthread_create::arg!0@2#1| #x00000000))
((|pthread_create::arg!0@3#1| #x00000000))
((|pthread_create::arg!0@4#1| #x00000000))
((|pthread_create::arg!0@5#1| #x00000000))
((|pthread_create::arg!1@0#1| #x00000000))
((|pthread_create::arg!2@0#1| #x00000000))
((|pthread_create::arg!3@0#1| #x00000000))
((|pthread_create::arg!4@0#1| #x00000000))
((|pthread_create::arg!5@0#1| #x00000000))
((|pthread_create::attr!0@1#1| #x00000000))
((|pthread_create::attr!0@2#1| #x00000000))
((|pthread_create::attr!0@3#1| #x00000000))
((|pthread_create::attr!0@4#1| #x00000000))
((|pthread_create::attr!0@5#1| #x00000000))
((|pthread_create::attr!1@0#1| #x00000000))
((|pthread_create::attr!2@0#1| #x00000000))
((|pthread_create::attr!3@0#1| #x00000000))
((|pthread_create::attr!4@0#1| #x00000000))
((|pthread_create::attr!5@0#1| #x00000000))
((|pthread_create::start_routine!0@1#1| #x03000000))
((|pthread_create::start_routine!0@2#1| #x03000000))
((|pthread_create::start_routine!0@3#1| #x03000000))
((|pthread_create::start_routine!0@4#1| #x03000000))
((|pthread_create::start_routine!0@5#1| #x03000000))
((|pthread_create::start_routine!1@0#1| #x03000000))
((|pthread_create::start_routine!2@0#1| #x03000000))
((|pthread_create::start_routine!3@0#1| #x03000000))
((|pthread_create::start_routine!4@0#1| #x03000000))
((|pthread_create::start_routine!5@0#1| #x03000000))
((|pthread_create::thread!0@1#1| #x02000000))
((|pthread_create::thread!0@2#1| #x02000000))
((|pthread_create::thread!0@3#1| #x02000000))
((|pthread_create::thread!0@4#1| #x02000000))
((|pthread_create::thread!0@5#1| #x02000000))
((|pthread_create::thread!1@0#1| #x02000000))
((|pthread_create::thread!2@0#1| #x02000000))
((|pthread_create::thread!3@0#1| #x02000000))
((|pthread_create::thread!4@0#1| #x02000000))
((|pthread_create::thread!5@0#1| #x02000000))
((|t1$14$spwnclk$8| (- 27)))
((|t1$18$spwnclk$8| (- 24)))
((|t1$22$spwnclk$8| (- 21)))
((|t1$26$spwnclk$8| (- 14)))
((|t1$30$spwnclk$8| 1))
((|thr1#return_value!1#1| #x00000000))
((|thr1#return_value!2#1| #x00000000))
((|thr1#return_value!3#1| #x00000000))
((|thr1#return_value!4#1| #x00000000))
((|thr1#return_value!5#1| #x00000000))
((|thr1::arg!1@1#1| #x00000000))
((|thr1::arg!2@1#1| #x00000000))
((|thr1::arg!3@1#1| #x00000000))
((|thr1::arg!4@1#1| #x00000000))
((|thr1::arg!5@1#1| #x00000000))
(model 
  (define-fun |memory_model::choice_rf_5_6_2_9_F_296| () Bool
    false)
  (define-fun |memory_model::choice_rf_3_2_0_10_F_52| () Bool
    true)
  (define-fun |MTX#40$wclk$8| () Int
    2)
  (define-fun |count#7$wclk$8| () Int
    7)
  (define-fun |memory_model::choice_rf_3_8_2_9_F_226| () Bool
    false)
  (define-fun |memory_model::choice_rf_2_0_0_0_F_151| () Bool
    false)
  (define-fun |memory_model::choice_rf_3_4_1_3_F_62| () Bool
    false)
  (define-fun |memory_model::choice_ws-ext_1_7_5_9_F_407| () Bool
    true)
  (define-fun |memory_model::choice_ws-ext_3_5_5_3_F_363| () Bool
    true)
  (define-fun |memory_model::choice_rf_4_6_5_9_F_261| () Bool
    false)
  (define-fun |memory_model::choice_rf_4_4_5_3_F_88| () Bool
    false)
  (define-fun |memory_model::choice_rf_5_4_1_3_F_100| () Bool
    false)
  (define-fun |memory_model::choice_rf_1_4_0_10_F_23| () Bool
    false)
  (define-fun |memory_model::choice_rf_0_27_0_12_T_10| () Bool
    false)
  (define-fun |memory_model::choice_ws-ext_1_1_4_7_F_391| () Bool
    false)
  (define-fun |count#8| () (_ BitVec 32)
    #x00000001)
  (define-fun |memory_model::choice_rf_3_6_4_1_F_214| () Bool
    false)
  (define-fun |memory_model::choice_rf_2_0_5_1_F_161| () Bool
    false)
  (define-fun |memory_model::choice_rf_1_2_4_5_F_20| () Bool
    false)
  (define-fun |memory_model::choice_rf_5_2_3_3_F_95| () Bool
    false)
  (define-fun |count#5$wclk$8| () Int
    (- 3))
  (define-fun |memory_model::choice_rf_2_2_3_3_F_36| () Bool
    false)
  (define-fun |memory_model::choice_rf_0_27_0_7_T_9| () Bool
    false)
  (define-fun |memory_model::choice_rf_0_27_0_24_T_13| () Bool
    true)
  (define-fun |memory_model::choice_rf_4_6_3_1_F_255| () Bool
    false)
  (define-fun |memory_model::choice_ws-ext_3_3_5_5_F_360| () Bool
    true)
  (define-fun |memory_model::choice_rf_1_0_3_1_F_113| () Bool
    false)
  (define-fun |memory_model::choice_ws-ext_2_1_4_9_F_425| () Bool
    true)
  (define-fun |memory_model::choice_ws-ext_3_1_4_7_F_448| () Bool
    true)
  (define-fun |memory_model::choice_rf_2_6_2_1_F_168| () Bool
    true)
  (define-fun |memory_model::choice_rf_5_4_3_3_F_104| () Bool
    false)
  (define-fun |memory_model::choice_rf_4_0_0_0_F_235| () Bool
    false)
  (define-fun |memory_model::choice_rf_5_8_1_9_F_307| () Bool
    false)
  (define-fun |memory_model::choice_ws-ext_0_10_2_3_F_321| () Bool
    true)
  (define-fun |memory_model::choice_rf_5_0_0_0_F_277| () Bool
    false)
  (define-fun |memory_model::choice_rf_3_0_5_7_F_204| () Bool
    false)
  (define-fun |memory_model::choice_ws-ext_1_7_4_9_F_404| () Bool
    true)
  (define-fun |memory_model::choice_rf_0_23_0_12_T_6| () Bool
    false)
  (define-fun |__CPROVER_next_thread_id#6| () (_ BitVec 32)
    #x00000002)
  (define-fun |memory_model::choice_ws-ext_1_1_3_9_F_389| () Bool
    false)
  (define-fun |memory_model::choice_ws-ext_1_9_5_7_F_418| () Bool
    true)
  (define-fun |memory_model::choice_rf_3_8_4_9_F_231| () Bool
    false)
  (define-fun |memory_model::choice_rf_3_0_1_9_F_196| () Bool
    false)
  (define-fun |main::1::t!0@1#1$wclk$8| () Int
    (- 30))
  (define-fun |memory_model::choice_rf_5_4_2_5_F_103| () Bool
    false)
  (define-fun |memory_model::choice_rf_0_27_0_16_T_11| () Bool
    false)
  (define-fun |memory_model::choice_rf_1_2_4_3_F_19| () Bool
    true)
  (define-fun |memory_model::choice_ws-ext_4_1_5_7_F_466| () Bool
    true)
  (define-fun |memory_model::choice_ws-ext_2_1_5_9_F_428| () Bool
    true)
  (define-fun |memory_model::choice_rf_4_6_4_1_F_258| () Bool
    true)
  (define-fun |memory_model::choice_ws-ext_0_0_4_7_F_379| () Bool
    true)
  (define-fun |memory_model::choice_rf_4_6_1_7_F_250| () Bool
    false)
  (define-fun |memory_model::choice_rf_5_6_4_7_F_301| () Bool
    false)
  (define-fun |memory_model::choice_ws-ext_1_9_2_9_F_410| () Bool
    true)
  (define-fun |memory_model::choice_rf_1_4_4_3_F_29| () Bool
    false)
  (define-fun |memory_model::choice_ws-ext_1_3_2_3_F_329| () Bool
    true)
  (define-fun |memory_model::choice_rf_2_8_1_1_F_179| () Bool
    false)
  (define-fun |memory_model::choice_ws-ext_3_5_4_5_F_362| () Bool
    true)
  (define-fun |memory_model::choice_ws-ext_3_9_4_9_F_461| () Bool
    true)
  (define-fun |memory_model::choice_rf_2_0_3_1_F_155| () Bool
    false)
  (define-fun |memory_model::choice_rf_2_4_3_5_F_47| () Bool
    false)
  (define-fun |memory_model::choice_rf_4_0_2_7_F_240| () Bool
    false)
  (define-fun |memory_model::choice_rf_2_2_5_3_F_40| () Bool
    false)
  (define-fun |memory_model::choice_rf_3_2_1_3_F_53| () Bool
    false)
  (define-fun |memory_model::choice_rf_5_8_5_7_F_318| () Bool
    false)
  (define-fun |memory_model::choice_rf_5_6_2_7_F_295| () Bool
    false)
  (define-fun |memory_model::choice_ws-ext_3_7_5_1_F_456| () Bool
    true)
  (define-fun |memory_model::choice_rf_3_4_5_5_F_70| () Bool
    false)
  (define-fun |goto_symex::&92;guard#1| () Bool
    true)
  (define-fun |memory_model::choice_rf_1_8_4_1_F_145| () Bool
    false)
  (define-fun |memory_model::choice_rf_4_2_2_3_F_74| () Bool
    false)
  (define-fun |memory_model::choice_rf_0_15_0_12_T_1| () Bool
    true)
  (define-fun |memory_model::choice_ws-ext_0_10_5_5_F_328| () Bool
    true)
  (define-fun |memory_model::choice_rf_1_8_2_7_F_140| () Bool
    false)
  (define-fun |memory_model::choice_ws-ext_0_0_5_1_F_381| () Bool
    true)
  (define-fun |memory_model::choice_rf_2_8_1_9_F_181| () Bool
    false)
  (define-fun |memory_model::choice_rf_2_6_5_1_F_175| () Bool
    false)
  (define-fun |memory_model::choice_rf_2_2_5_5_F_41| () Bool
    false)
  (define-fun |memory_model::choice_rf_3_0_2_9_F_199| () Bool
    false)
  (define-fun |memory_model::choice_ws-ext_2_5_4_5_F_354| () Bool
    false)
  (define-fun |memory_model::choice_rf_1_6_5_1_F_133| () Bool
    false)
  (define-fun |memory_model::choice_ws-ext_2_1_4_7_F_424| () Bool
    false)
  (define-fun |count#4$rclk$8| () Int
    (- 4))
  (define-fun |MTX#23| () (_ BitVec 8)
    #x01)
  (define-fun |memory_model::choice_rf_3_0_2_7_F_198| () Bool
    false)
  (define-fun |MTX#28$wclk$8| () Int
    (- 14))
  (define-fun |MTX#7$wclk$8| () Int
    (- 2))
  (define-fun |memory_model::choice_ws-ext_3_9_5_9_F_464| () Bool
    true)
  (define-fun |memory_model::choice_ws-ext_3_7_4_1_F_453| () Bool
    true)
  (define-fun |memory_model::choice_rf_2_6_4_1_F_172| () Bool
    false)
  (define-fun |memory_model::choice_rf_1_8_2_9_F_141| () Bool
    false)
  (define-fun |memory_model::choice_rf_5_8_3_9_F_313| () Bool
    false)
  (define-fun |memory_model::choice_rf_1_6_5_7_F_134| () Bool
    false)
  (define-fun |memory_model::choice_rf_4_8_5_9_F_276| () Bool
    false)
  (define-fun |memory_model::choice_ws-ext_0_10_3_3_F_323| () Bool
    true)
  (define-fun |memory_model::choice_rf_1_8_1_1_F_137| () Bool
    true)
  (define-fun |memory_model::choice_ws-ext_2_7_3_1_F_429| () Bool
    false)
  (define-fun |memory_model::choice_rf_0_23_0_7_T_5| () Bool
    false)
  (define-fun |memory_model::choice_rf_5_4_5_3_F_108| () Bool
    false)
  (define-fun |memory_model::choice_rf_4_0_3_1_F_242| () Bool
    false)
  (define-fun |memory_model::choice_ws-ext_1_5_4_5_F_342| () Bool
    false)
  (define-fun |memory_model::choice_rf_2_4_4_5_F_49| () Bool
    false)
  (define-fun |memory_model::choice_rf_3_8_1_7_F_222| () Bool
    false)
  (define-fun |memory_model::choice_ws-ext_3_5_5_5_F_364| () Bool
    true)
  (define-fun |memory_model::choice_ws-ext_0_0_4_1_F_378| () Bool
    true)
  (define-fun |memory_model::choice_ws-ext_4_9_5_1_F_471| () Bool
    true)
  (define-fun |memory_model::choice_rf_2_6_0_0_F_164| () Bool
    false)
  (define-fun |memory_model::choice_rf_5_2_2_3_F_93| () Bool
    false)
  (define-fun |memory_model::choice_rf_3_0_4_9_F_202| () Bool
    false)
  (define-fun |memory_model::choice_rf_4_6_2_9_F_254| () Bool
    false)
  (define-fun |memory_model::choice_rf_5_6_1_1_F_291| () Bool
    false)
  (define-fun |memory_model::choice_ws-ext_0_10_1_3_F_319| () Bool
    true)
  (define-fun |count#18$rclk$8| () Int
    3)
  (define-fun |memory_model::choice_rf_3_0_0_0_F_193| () Bool
    true)
  (define-fun |MTX#25$wclk$8| () Int
    (- 15))
  (define-fun |memory_model::choice_rf_3_8_1_9_F_223| () Bool
    false)
  (define-fun |memory_model::choice_rf_5_6_4_1_F_300| () Bool
    false)
  (define-fun |memory_model::choice_rf_5_8_2_9_F_310| () Bool
    false)
  (define-fun |memory_model::choice_rf_3_8_5_1_F_232| () Bool
    false)
  (define-fun |memory_model::choice_ws-ext_1_3_4_5_F_334| () Bool
    false)
  (define-fun |__CPROVER_deallocated#1$wclk$8| () Int
    (- 39))
  (define-fun |memory_model::choice_rf_1_6_3_9_F_129| () Bool
    false)
  (define-fun |memory_model::choice_rf_1_8_3_9_F_144| () Bool
    false)
  (define-fun |memory_model::choice_rf_2_8_4_1_F_187| () Bool
    false)
  (define-fun |memory_model::choice_ws-ext_4_5_5_3_F_367| () Bool
    true)
  (define-fun |memory_model::choice_ws-ext_2_9_3_1_F_438| () Bool
    false)
  (define-fun |memory_model::choice_rf_4_8_5_7_F_275| () Bool
    false)
  (define-fun |memory_model::choice_rf_5_6_1_7_F_292| () Bool
    false)
  (define-fun |memory_model::choice_ws-ext_0_10_2_5_F_322| () Bool
    true)
  (define-fun |memory_model::choice_rf_3_0_4_7_F_201| () Bool
    false)
  (define-fun |memory_model::choice_rf_3_4_4_5_F_68| () Bool
    false)
  (define-fun |memory_model::choice_ws-ext_0_0_3_1_F_375| () Bool
    true)
  (define-fun |memory_model::choice_ws-ext_2_7_5_7_F_436| () Bool
    false)
  (define-fun |memory_model::choice_rf_5_4_3_5_F_105| () Bool
    false)
  (define-fun |memory_model::choice_ws-ext_1_5_3_5_F_340| () Bool
    false)
  (define-fun |count#2$rclk$8| () Int
    (- 6))
  (define-fun |memory_model::choice_rf_3_2_1_5_F_54| () Bool
    false)
  (define-fun |memory_model::choice_rf_1_8_5_7_F_149| () Bool
    false)
  (define-fun |MTX#14| () (_ BitVec 8)
    #x01)
  (define-fun |memory_model::choice_rf_4_8_0_0_F_262| () Bool
    false)
  (define-fun |memory_model::choice_rf_2_0_4_1_F_158| () Bool
    false)
  (define-fun |memory_model::choice_rf_2_6_4_9_F_174| () Bool
    false)
  (define-fun |memory_model::choice_rf_4_4_1_3_F_81| () Bool
    false)
  (define-fun |memory_model::choice_rf_3_6_2_9_F_212| () Bool
    false)
  (define-fun |memory_model::choice_ws-ext_2_9_5_9_F_446| () Bool
    false)
  (define-fun |memory_model::choice_rf_2_6_3_9_F_171| () Bool
    false)
  (define-fun |memory_model::choice_rf_4_8_3_7_F_270| () Bool
    false)
  (define-fun |count#6| () (_ BitVec 32)
    #x00000000)
  (define-fun |memory_model::choice_ws-ext_4_9_5_7_F_472| () Bool
    true)
  (define-fun |count#20| () (_ BitVec 32)
    #x00000800)
  (define-fun |memory_model::choice_rf_1_6_2_9_F_126| () Bool
    false)
  (define-fun |memory_model::choice_ws-ext_1_9_4_1_F_414| () Bool
    false)
  (define-fun |memory_model::choice_rf_4_0_1_1_F_236| () Bool
    false)
  (define-fun |count#12| () (_ BitVec 32)
    #x00000001)
  (define-fun |memory_model::choice_rf_4_2_3_5_F_77| () Bool
    false)
  (define-fun |memory_model::choice_ws-ext_2_7_4_7_F_433| () Bool
    false)
  (define-fun |memory_model::choice_ws-ext_2_3_4_3_F_347| () Bool
    false)
  (define-fun |memory_model::choice_rf_0_23_0_16_T_7| () Bool
    false)
  (define-fun |memory_model::choice_ws-ext_2_3_5_5_F_350| () Bool
    false)
  (define-fun |memory_model::choice_rf_5_2_0_10_F_90| () Bool
    false)
  (define-fun |memory_model::choice_rf_4_8_2_7_F_267| () Bool
    false)
  (define-fun |memory_model::choice_rf_0_19_0_7_T_2| () Bool
    false)
  (define-fun |memory_model::choice_rf_5_8_5_1_F_317| () Bool
    false)
  (define-fun |count#16$rclk$8| () Int
    (- 10))
  (define-fun |memory_model::choice_rf_1_6_0_0_F_122| () Bool
    false)
  (define-fun |memory_model::choice_rf_2_8_5_9_F_192| () Bool
    false)
  (define-fun |memory_model::choice_rf_2_2_1_3_F_34| () Bool
    false)
  (define-fun |__CPROVER_malloc_is_new_array#1$wclk$8| () Int
    (- 38))
  (define-fun |memory_model::choice_rf_4_8_1_1_F_263| () Bool
    false)
  (define-fun |memory_model::choice_ws-ext_0_0_2_7_F_373| () Bool
    true)
  (define-fun |memory_model::choice_ws-ext_1_7_2_1_F_396| () Bool
    true)
  (define-fun |memory_model::choice_rf_2_8_5_1_F_190| () Bool
    false)
  (define-fun |memory_model::choice_ws-ext_1_7_2_7_F_397| () Bool
    true)
  (define-fun |memory_model::choice_rf_5_4_2_3_F_102| () Bool
    false)
  (define-fun |memory_model::choice_rf_5_8_4_9_F_316| () Bool
    false)
  (define-fun |memory_model::choice_rf_3_2_5_3_F_59| () Bool
    false)
  (define-fun |memory_model::choice_rf_1_6_3_7_F_128| () Bool
    false)
  (define-fun |memory_model::choice_ws-ext_2_1_4_1_F_423| () Bool
    false)
  (define-fun |MTX#34$wclk$8| () Int
    (- 8))
  (define-fun |MTX#13$wclk$8| () Int
    0)
  (define-fun |memory_model::choice_rf_1_0_5_9_F_121| () Bool
    false)
  (define-fun |memory_model::choice_rf_3_2_2_3_F_55| () Bool
    false)
  (define-fun |memory_model::choice_rf_1_6_2_1_F_124| () Bool
    false)
  (define-fun |memory_model::choice_rf_4_4_1_5_F_82| () Bool
    false)
  (define-fun |memory_model::choice_rf_3_0_1_7_F_195| () Bool
    false)
  (define-fun |memory_model::choice_ws-ext_1_3_5_3_F_335| () Bool
    true)
  (define-fun |memory_model::choice_ws-ext_2_5_3_5_F_352| () Bool
    false)
  (define-fun |memory_model::choice_ws-ext_2_5_5_3_F_355| () Bool
    false)
  (define-fun |memory_model::choice_rf_1_0_3_7_F_114| () Bool
    false)
  (define-fun |memory_model::choice_rf_2_8_5_7_F_191| () Bool
    false)
  (define-fun |memory_model::choice_ws-ext_0_0_1_9_F_371| () Bool
    true)
  (define-fun |MTX#1$wclk$8| () Int
    (- 41))
  (define-fun |memory_model::choice_ws-ext_1_9_3_7_F_412| () Bool
    false)
  (define-fun |goto_symex::&92;guard#2| () Bool
    false)
  (define-fun |count#12$rclk$8| () Int
    (- 17))
  (define-fun |goto_symex::&92;guard#3| () Bool
    false)
  (define-fun |MTX#10$wclk$8| () Int
    (- 1))
  (define-fun |memory_model::choice_ws-ext_2_1_5_7_F_427| () Bool
    true)
  (define-fun |count#2| () (_ BitVec 32)
    #x00000002)
  (define-fun |count#9$wclk$8| () Int
    9)
  (define-fun |memory_model::choice_rf_2_8_3_9_F_186| () Bool
    false)
  (define-fun |count#13$wclk$8| () Int
    (- 16))
  (define-fun |memory_model::choice_rf_2_0_4_9_F_160| () Bool
    false)
  (define-fun |memory_model::choice_rf_0_27_0_20_T_12| () Bool
    false)
  (define-fun |memory_model::choice_rf_1_8_3_1_F_142| () Bool
    false)
  (define-fun |memory_model::choice_ws-ext_2_9_4_1_F_441| () Bool
    false)
  (define-fun |memory_model::choice_rf_1_0_4_9_F_118| () Bool
    false)
  (define-fun |memory_model::choice_rf_1_0_4_1_F_116| () Bool
    false)
  (define-fun |memory_model::choice_rf_3_0_1_1_F_194| () Bool
    false)
  (define-fun |memory_model::choice_rf_3_8_1_1_F_221| () Bool
    false)
  (define-fun |memory_model::choice_rf_3_6_1_9_F_209| () Bool
    false)
  (define-fun |memory_model::choice_rf_5_0_2_7_F_282| () Bool
    false)
  (define-fun |memory_model::choice_rf_1_6_3_1_F_127| () Bool
    false)
  (define-fun |memory_model::choice_rf_2_8_4_7_F_188| () Bool
    false)
  (define-fun |memory_model::choice_rf_3_8_5_9_F_234| () Bool
    false)
  (define-fun |memory_model::choice_rf_5_0_2_1_F_281| () Bool
    true)
  (define-fun |memory_model::choice_rf_3_8_0_0_F_220| () Bool
    false)
  (define-fun |memory_model::choice_rf_5_6_3_9_F_299| () Bool
    false)
  (define-fun t1$26$spwnclk$8 () Int
    (- 14))
  (define-fun |memory_model::choice_rf_1_6_1_1_F_123| () Bool
    false)
  (define-fun |memory_model::choice_rf_5_0_3_7_F_285| () Bool
    false)
  (define-fun |memory_model::choice_rf_5_8_3_7_F_312| () Bool
    false)
  (define-fun |memory_model::choice_ws-ext_1_7_4_1_F_402| () Bool
    false)
  (define-fun |memory_model::choice_rf_2_2_3_5_F_37| () Bool
    false)
  (define-fun |memory_model::choice_rf_4_2_1_5_F_73| () Bool
    false)
  (define-fun |memory_model::choice_ws-ext_3_5_4_3_F_361| () Bool
    true)
  (define-fun |count#11$wclk$8| () Int
    (- 18))
  (define-fun |memory_model::choice_ws-ext_3_9_4_7_F_460| () Bool
    true)
  (define-fun |__CPROVER_malloc_size#1$wclk$8| () Int
    (- 36))
  (define-fun |memory_model::choice_ws-ext_3_9_5_7_F_463| () Bool
    true)
  (define-fun |memory_model::choice_rf_5_2_2_5_F_94| () Bool
    false)
  (define-fun |memory_model::choice_rf_2_0_3_7_F_156| () Bool
    false)
  (define-fun |count#4| () (_ BitVec 32)
    #x00000003)
  (define-fun |count#10| () (_ BitVec 32)
    #x00000000)
  (define-fun |main::1::t!0@1#6$wclk$8| () Int
    0)
  (define-fun |memory_model::choice_rf_4_6_3_7_F_256| () Bool
    false)
  (define-fun |memory_model::choice_rf_2_2_4_3_F_38| () Bool
    false)
  (define-fun |memory_model::choice_rf_2_8_1_7_F_180| () Bool
    false)
  (define-fun |memory_model::choice_rf_2_0_1_1_F_152| () Bool
    false)
  (define-fun |memory_model::choice_rf_1_2_2_3_F_15| () Bool
    false)
  (define-fun |memory_model::choice_rf_2_8_0_0_F_178| () Bool
    false)
  (define-fun |memory_model::choice_rf_4_0_1_7_F_237| () Bool
    false)
  (define-fun |memory_model::choice_rf_4_0_3_9_F_244| () Bool
    false)
  (define-fun |memory_model::choice_rf_3_4_3_3_F_66| () Bool
    true)
  (define-fun |memory_model::choice_rf_1_4_4_5_F_30| () Bool
    false)
  (define-fun |memory_model::choice_rf_2_0_3_9_F_157| () Bool
    false)
  (define-fun |memory_model::choice_rf_3_6_3_1_F_213| () Bool
    true)
  (define-fun |memory_model::choice_rf_4_6_5_1_F_259| () Bool
    false)
  (define-fun |main::1::t!0@1#2$wclk$8| () Int
    (- 28))
  (define-fun |memory_model::choice_rf_1_2_2_5_F_16| () Bool
    false)
  (define-fun |memory_model::choice_rf_3_2_4_5_F_58| () Bool
    false)
  (define-fun |memory_model::choice_rf_1_0_5_1_F_119| () Bool
    false)
  (define-fun |memory_model::choice_rf_5_8_2_1_F_308| () Bool
    false)
  (define-fun |memory_model::choice_rf_1_2_3_3_F_17| () Bool
    false)
  (define-fun |memory_model::choice_rf_1_6_5_9_F_135| () Bool
    false)
  (define-fun |memory_model::choice_rf_2_0_5_9_F_163| () Bool
    false)
  (define-fun |memory_model::choice_rf_4_0_2_9_F_241| () Bool
    false)
  (define-fun |memory_model::choice_rf_4_6_2_7_F_253| () Bool
    false)
  (define-fun t1$18$spwnclk$8 () Int
    (- 24))
  (define-fun |memory_model::choice_rf_5_4_0_10_F_99| () Bool
    false)
  (define-fun |memory_model::choice_rf_1_0_2_1_F_110| () Bool
    false)
  (define-fun |memory_model::choice_rf_2_6_1_9_F_167| () Bool
    false)
  (define-fun |memory_model::choice_rf_5_6_0_0_F_290| () Bool
    false)
  (define-fun |main::1::t!0@1#5$wclk$8| () Int
    (- 15))
  (define-fun |memory_model::choice_rf_5_6_2_1_F_294| () Bool
    false)
  (define-fun |__CPROVER_next_thread_id#11$wclk$8| () Int
    (- 20))
  (define-fun |memory_model::choice_ws-ext_3_1_4_9_F_449| () Bool
    true)
  (define-fun |memory_model::choice_rf_2_6_3_1_F_169| () Bool
    false)
  (define-fun |memory_model::choice_rf_4_4_0_10_F_80| () Bool
    false)
  (define-fun |memory_model::choice_rf_1_6_4_1_F_130| () Bool
    false)
  (define-fun |memory_model::choice_rf_4_6_2_1_F_252| () Bool
    false)
  (define-fun |memory_model::choice_rf_4_8_5_1_F_274| () Bool
    false)
  (define-fun |memory_model::choice_ws-ext_4_7_5_7_F_469| () Bool
    true)
  (define-fun |memory_model::choice_rf_2_0_1_9_F_154| () Bool
    true)
  (define-fun |memory_model::choice_ws-ext_3_3_5_3_F_359| () Bool
    true)
  (define-fun |memory_model::choice_rf_3_2_5_5_F_60| () Bool
    false)
  (define-fun |memory_model::choice_rf_5_0_3_1_F_284| () Bool
    false)
  (define-fun |memory_model::choice_ws-ext_2_7_5_1_F_435| () Bool
    false)
  (define-fun |memory_model::choice_ws-ext_3_3_4_5_F_358| () Bool
    true)
  (define-fun |count#3$wclk$8| () Int
    (- 5))
  (define-fun |memory_model::choice_ws-ext_1_7_5_1_F_405| () Bool
    true)
  (define-fun |memory_model::choice_ws-ext_1_9_5_9_F_419| () Bool
    true)
  (define-fun |memory_model::choice_ws-ext_1_3_4_3_F_333| () Bool
    false)
  (define-fun |memory_model::choice_ws-ext_1_1_5_1_F_393| () Bool
    true)
  (define-fun |MTX#8| () (_ BitVec 8)
    #x01)
  (define-fun |memory_model::choice_rf_2_4_3_3_F_46| () Bool
    false)
  (define-fun |memory_model::choice_rf_5_8_4_1_F_314| () Bool
    false)
  (define-fun t1$30$spwnclk$8 () Int
    1)
  (define-fun |memory_model::choice_ws-ext_1_7_4_7_F_403| () Bool
    false)
  (define-fun |MTX#29| () (_ BitVec 8)
    #x00)
  (define-fun |memory_model::choice_rf_4_6_1_1_F_249| () Bool
    false)
  (define-fun |__CPROVER_next_thread_id#14$wclk$8| () Int
    (- 1))
  (define-fun |memory_model::choice_rf_4_4_2_5_F_84| () Bool
    false)
  (define-fun |memory_model::choice_rf_2_8_2_7_F_183| () Bool
    false)
  (define-fun |memory_model::choice_ws-ext_1_5_3_3_F_339| () Bool
    false)
  (define-fun |memory_model::choice_rf_1_8_4_7_F_146| () Bool
    false)
  (define-fun |MTX#37$wclk$8| () Int
    1)
  (define-fun |memory_model::choice_ws-ext_0_10_1_5_F_320| () Bool
    true)
  (define-fun |memory_model::choice_ws-ext_1_1_2_1_F_384| () Bool
    true)
  (define-fun |memory_model::choice_rf_4_8_2_9_F_268| () Bool
    false)
  (define-fun |__CPROVER_dead_object#1$wclk$8| () Int
    (- 40))
  (define-fun |memory_model::choice_rf_1_0_3_9_F_115| () Bool
    false)
  (define-fun |memory_model::choice_rf_3_8_2_7_F_225| () Bool
    false)
  (define-fun |memory_model::choice_rf_2_6_3_7_F_170| () Bool
    false)
  (define-fun |memory_model::choice_rf_4_6_1_9_F_251| () Bool
    false)
  (define-fun |memory_model::choice_rf_1_4_2_5_F_26| () Bool
    false)
  (define-fun |memory_model::choice_rf_4_8_4_7_F_273| () Bool
    false)
  (define-fun |memory_model::choice_ws-ext_0_10_5_3_F_327| () Bool
    true)
  (define-fun |memory_model::choice_ws-ext_3_1_5_7_F_451| () Bool
    true)
  (define-fun |memory_model::choice_ws-ext_0_0_2_9_F_374| () Bool
    true)
  (define-fun |memory_model::choice_rf_1_6_2_7_F_125| () Bool
    false)
  (define-fun |memory_model::choice_rf_1_8_2_1_F_139| () Bool
    false)
  (define-fun |memory_model::choice_rf_5_4_1_5_F_101| () Bool
    false)
  (define-fun |memory_model::choice_rf_2_4_2_3_F_45| () Bool
    true)
  (define-fun |memory_model::choice_rf_0_19_0_16_T_4| () Bool
    true)
  (define-fun |memory_model::choice_rf_5_4_4_3_F_106| () Bool
    false)
  (define-fun |memory_model::choice_rf_2_0_1_7_F_153| () Bool
    false)
  (define-fun |memory_model::choice_rf_3_0_4_1_F_200| () Bool
    false)
  (define-fun |memory_model::choice_rf_3_6_0_0_F_206| () Bool
    false)
  (define-fun |memory_model::choice_rf_3_6_2_1_F_210| () Bool
    false)
  (define-fun |memory_model::choice_rf_4_6_0_0_F_248| () Bool
    false)
  (define-fun |memory_model::choice_ws-ext_0_0_5_9_F_383| () Bool
    true)
  (define-fun |memory_model::choice_ws-ext_1_7_2_9_F_398| () Bool
    true)
  (define-fun |memory_model::choice_rf_3_8_3_1_F_227| () Bool
    false)
  (define-fun |memory_model::choice_rf_3_6_5_7_F_218| () Bool
    false)
  (define-fun |memory_model::choice_rf_1_0_2_7_F_111| () Bool
    false)
  (define-fun |memory_model::choice_rf_1_4_3_3_F_27| () Bool
    false)
  (define-fun |__CPROVER_next_thread_id#12| () (_ BitVec 32)
    #x00000004)
  (define-fun |memory_model::choice_rf_1_8_4_9_F_147| () Bool
    false)
  (define-fun |memory_model::choice_ws-ext_3_7_4_7_F_454| () Bool
    true)
  (define-fun |memory_model::choice_rf_4_2_1_3_F_72| () Bool
    false)
  (define-fun |count#16| () (_ BitVec 32)
    #x00000002)
  (define-fun |goto_symex::&92;guard#4| () Bool
    false)
  (define-fun |memory_model::choice_rf_4_0_5_9_F_247| () Bool
    false)
  (define-fun |memory_model::choice_rf_4_6_5_7_F_260| () Bool
    false)
  (define-fun |memory_model::choice_ws-ext_1_9_2_1_F_408| () Bool
    true)
  (define-fun |memory_model::choice_rf_2_8_3_7_F_185| () Bool
    false)
  (define-fun |memory_model::choice_ws-ext_2_7_4_1_F_432| () Bool
    false)
  (define-fun |memory_model::choice_rf_3_2_4_3_F_57| () Bool
    false)
  (define-fun |memory_model::choice_ws-ext_0_0_3_7_F_376| () Bool
    true)
  (define-fun |memory_model::choice_ws-ext_3_7_5_7_F_457| () Bool
    true)
  (define-fun t1$22$spwnclk$8 () Int
    (- 21))
  (define-fun |memory_model::choice_rf_2_4_0_10_F_42| () Bool
    false)
  (define-fun |memory_model::choice_rf_2_4_1_3_F_43| () Bool
    false)
  (define-fun |memory_model::choice_rf_2_0_4_7_F_159| () Bool
    false)
  (define-fun |memory_model::choice_rf_1_8_1_7_F_138| () Bool
    false)
  (define-fun |memory_model::choice_ws-ext_2_7_3_7_F_430| () Bool
    false)
  (define-fun |memory_model::choice_rf_1_0_4_7_F_117| () Bool
    true)
  (define-fun |memory_model::choice_ws-ext_2_9_5_7_F_445| () Bool
    false)
  (define-fun |memory_model::choice_rf_1_8_3_7_F_143| () Bool
    false)
  (define-fun |memory_model::choice_rf_1_4_2_3_F_25| () Bool
    false)
  (define-fun |count#17$wclk$8| () Int
    (- 9))
  (define-fun |count#1$wclk$8| () Int
    (- 31))
  (define-fun |memory_model::choice_rf_5_8_2_7_F_309| () Bool
    false)
  (define-fun |memory_model::choice_ws-ext_1_9_3_9_F_413| () Bool
    false)
  (define-fun |memory_model::choice_ws-ext_2_1_3_9_F_422| () Bool
    false)
  (define-fun |MTX#38| () (_ BitVec 8)
    #x01)
  (define-fun |memory_model::choice_rf_5_8_4_7_F_315| () Bool
    false)
  (define-fun |memory_model::choice_rf_3_0_2_1_F_197| () Bool
    false)
  (define-fun |memory_model::choice_ws-ext_1_1_5_9_F_395| () Bool
    true)
  (define-fun |memory_model::choice_ws-ext_1_1_2_9_F_386| () Bool
    true)
  (define-fun |memory_model::choice_ws-ext_2_3_4_5_F_348| () Bool
    false)
  (define-fun |__CPROVER_threads_exited#1$wclk$8| () Int
    (- 32))
  (define-fun |memory_model::choice_ws-ext_2_1_3_7_F_421| () Bool
    false)
  (define-fun |__CPROVER_next_thread_id#5$wclk$8| () Int
    (- 26))
  (define-fun |memory_model::choice_rf_0_15_0_7_T_0| () Bool
    false)
  (define-fun |memory_model::choice_rf_1_2_3_5_F_18| () Bool
    false)
  (define-fun |memory_model::choice_ws-ext_0_10_4_3_F_325| () Bool
    true)
  (define-fun |memory_model::choice_ws-ext_2_7_5_9_F_437| () Bool
    false)
  (define-fun |memory_model::choice_rf_5_8_1_1_F_305| () Bool
    false)
  (define-fun |memory_model::choice_rf_5_2_4_5_F_98| () Bool
    false)
  (define-fun |memory_model::choice_ws-ext_2_5_3_3_F_351| () Bool
    false)
  (define-fun |goto_symex::&92;guard#5| () Bool
    false)
  (define-fun |memory_model::choice_rf_4_4_4_3_F_87| () Bool
    true)
  (define-fun |memory_model::choice_rf_2_6_4_7_F_173| () Bool
    false)
  (define-fun |memory_model::choice_ws-ext_4_3_5_3_F_365| () Bool
    true)
  (define-fun |memory_model::choice_ws-ext_1_1_4_1_F_390| () Bool
    false)
  (define-fun |memory_model::choice_rf_2_2_1_5_F_35| () Bool
    true)
  (define-fun |memory_model::choice_rf_3_6_4_9_F_216| () Bool
    false)
  (define-fun |memory_model::choice_ws-ext_1_9_2_7_F_409| () Bool
    true)
  (define-fun |memory_model::choice_ws-ext_2_9_3_9_F_440| () Bool
    false)
  (define-fun |memory_model::choice_rf_0_19_0_12_T_3| () Bool
    false)
  (define-fun |memory_model::choice_rf_4_8_4_1_F_272| () Bool
    false)
  (define-fun |memory_model::choice_ws-ext_1_5_5_3_F_343| () Bool
    true)
  (define-fun |memory_model::choice_rf_5_0_1_7_F_279| () Bool
    false)
  (define-fun |memory_model::choice_ws-ext_1_5_5_5_F_344| () Bool
    true)
  (define-fun |memory_model::choice_ws-ext_1_7_5_7_F_406| () Bool
    true)
  (define-fun |memory_model::choice_rf_2_8_2_1_F_182| () Bool
    false)
  (define-fun |memory_model::choice_rf_3_4_0_10_F_61| () Bool
    false)
  (define-fun |memory_model::choice_rf_4_0_2_1_F_239| () Bool
    false)
  (define-fun |memory_model::choice_rf_5_0_1_1_F_278| () Bool
    false)
  (define-fun |memory_model::choice_rf_5_0_4_9_F_289| () Bool
    false)
  (define-fun |memory_model::choice_rf_5_2_4_3_F_97| () Bool
    false)
  (define-fun |memory_model::choice_rf_5_8_3_1_F_311| () Bool
    false)
  (define-fun |memory_model::choice_ws-ext_3_1_5_9_F_452| () Bool
    true)
  (define-fun |MTX#11| () (_ BitVec 8)
    #x00)
  (define-fun |__CPROVER_next_thread_id#9| () (_ BitVec 32)
    #x00000003)
  (define-fun |MTX#43$wclk$8| () Int
    7)
  (define-fun |memory_model::choice_rf_4_8_3_9_F_271| () Bool
    false)
  (define-fun |memory_model::choice_rf_4_2_0_10_F_71| () Bool
    false)
  (define-fun |memory_model::choice_rf_5_4_4_5_F_107| () Bool
    false)
  (define-fun |memory_model::choice_rf_3_8_3_7_F_228| () Bool
    false)
  (define-fun |memory_model::choice_rf_3_6_2_7_F_211| () Bool
    false)
  (define-fun |memory_model::choice_rf_3_8_4_7_F_230| () Bool
    false)
  (define-fun |memory_model::choice_rf_0_23_0_20_T_8| () Bool
    true)
  (define-fun |memory_model::choice_ws-ext_1_5_2_3_F_337| () Bool
    true)
  (define-fun |memory_model::choice_ws-ext_2_5_5_5_F_356| () Bool
    false)
  (define-fun |memory_model::choice_ws-ext_3_1_4_1_F_447| () Bool
    true)
  (define-fun |memory_model::choice_ws-ext_4_7_5_9_F_470| () Bool
    true)
  (define-fun |memory_model::choice_ws-ext_0_0_4_9_F_380| () Bool
    true)
  (define-fun |memory_model::choice_rf_3_2_2_5_F_56| () Bool
    false)
  (define-fun |MTX#16$wclk$8| () Int
    10)
  (define-fun |memory_model::choice_ws-ext_1_9_4_9_F_416| () Bool
    true)
  (define-fun |memory_model::choice_ws-ext_2_9_4_9_F_443| () Bool
    false)
  (define-fun |memory_model::choice_rf_1_4_5_3_F_31| () Bool
    false)
  (define-fun |memory_model::choice_rf_3_8_5_7_F_233| () Bool
    false)
  (define-fun |__CPROVER_next_thread_id#2$wclk$8| () Int
    (- 29))
  (define-fun |memory_model::choice_ws-ext_2_3_3_5_F_346| () Bool
    false)
  (define-fun |memory_model::choice_rf_5_6_1_9_F_293| () Bool
    false)
  (define-fun |memory_model::choice_ws-ext_0_10_4_5_F_326| () Bool
    true)
  (define-fun |memory_model::choice_rf_3_4_4_3_F_67| () Bool
    false)
  (define-fun |memory_model::choice_ws-ext_1_1_3_1_F_387| () Bool
    false)
  (define-fun |memory_model::choice_rf_4_0_5_1_F_245| () Bool
    false)
  (define-fun |memory_model::choice_rf_2_4_5_5_F_51| () Bool
    false)
  (define-fun |memory_model::choice_rf_5_0_1_9_F_280| () Bool
    false)
  (define-fun |memory_model::choice_rf_5_0_3_9_F_286| () Bool
    false)
  (define-fun |memory_model::choice_rf_2_6_1_1_F_165| () Bool
    false)
  (define-fun |memory_model::choice_rf_3_0_5_9_F_205| () Bool
    false)
  (define-fun |memory_model::choice_ws-ext_1_9_5_1_F_417| () Bool
    true)
  (define-fun |memory_model::choice_rf_5_6_3_1_F_297| () Bool
    false)
  (define-fun |memory_model::choice_rf_4_4_5_5_F_89| () Bool
    false)
  (define-fun |memory_model::choice_rf_3_6_1_7_F_208| () Bool
    false)
  (define-fun |memory_model::choice_rf_1_2_0_10_F_14| () Bool
    false)
  (define-fun |memory_model::choice_ws-ext_0_10_3_5_F_324| () Bool
    true)
  (define-fun |memory_model::choice_ws-ext_3_7_4_9_F_455| () Bool
    true)
  (define-fun |memory_model::choice_rf_3_4_2_5_F_65| () Bool
    false)
  (define-fun |memory_model::choice_rf_2_8_3_1_F_184| () Bool
    false)
  (define-fun |main::1::t!0@1#3$wclk$8| () Int
    (- 25))
  (define-fun |memory_model::choice_rf_1_4_5_5_F_32| () Bool
    false)
  (define-fun |memory_model::choice_rf_4_8_1_7_F_264| () Bool
    false)
  (define-fun |count#14| () (_ BitVec 32)
    #x00000001)
  (define-fun |memory_model::choice_rf_1_4_1_3_F_24| () Bool
    true)
  (define-fun |memory_model::choice_rf_2_4_1_5_F_44| () Bool
    false)
  (define-fun |memory_model::choice_rf_4_0_1_9_F_238| () Bool
    false)
  (define-fun |memory_model::choice_ws-ext_1_5_4_3_F_341| () Bool
    false)
  (define-fun |memory_model::choice_ws-ext_3_3_4_3_F_357| () Bool
    true)
  (define-fun |memory_model::choice_ws-ext_0_0_5_7_F_382| () Bool
    true)
  (define-fun |memory_model::choice_rf_2_4_5_3_F_50| () Bool
    false)
  (define-fun |memory_model::choice_rf_1_4_3_5_F_28| () Bool
    false)
  (define-fun |memory_model::choice_rf_1_0_0_0_F_109| () Bool
    false)
  (define-fun |memory_model::choice_rf_3_6_5_1_F_217| () Bool
    false)
  (define-fun |memory_model::choice_ws-ext_1_3_3_3_F_331| () Bool
    false)
  (define-fun |memory_model::choice_ws-ext_3_7_5_9_F_458| () Bool
    true)
  (define-fun |memory_model::choice_rf_2_4_4_3_F_48| () Bool
    false)
  (define-fun |MTX#20| () (_ BitVec 8)
    #x00)
  (define-fun |count#19$wclk$8| () Int
    4)
  (define-fun |memory_model::choice_rf_1_2_5_3_F_21| () Bool
    false)
  (define-fun |memory_model::choice_ws-ext_2_5_4_3_F_353| () Bool
    false)
  (define-fun |memory_model::choice_rf_3_6_4_7_F_215| () Bool
    false)
  (define-fun |memory_model::choice_rf_4_2_5_3_F_78| () Bool
    false)
  (define-fun |memory_model::choice_rf_5_6_3_7_F_298| () Bool
    false)
  (define-fun |memory_model::choice_ws-ext_1_9_3_1_F_411| () Bool
    false)
  (define-fun |memory_model::choice_ws-ext_4_9_5_9_F_473| () Bool
    true)
  (define-fun |count#14$rclk$8| () Int
    (- 12))
  (define-fun |memory_model::choice_rf_1_8_5_9_F_150| () Bool
    false)
  (define-fun |memory_model::choice_ws-ext_1_1_4_9_F_392| () Bool
    true)
  (define-fun |MTX#32| () (_ BitVec 8)
    #x01)
  (define-fun |memory_model::choice_ws-ext_0_0_1_7_F_370| () Bool
    true)
  (define-fun |memory_model::choice_rf_1_0_5_7_F_120| () Bool
    false)
  (define-fun |memory_model::choice_ws-ext_4_7_5_1_F_468| () Bool
    true)
  (define-fun |MTX#4$wclk$8| () Int
    (- 7))
  (define-fun |memory_model::choice_rf_4_4_3_5_F_86| () Bool
    false)
  (define-fun |memory_model::choice_rf_2_6_5_7_F_176| () Bool
    false)
  (define-fun |__CPROVER_pipe_count#1$wclk$8| () Int
    (- 33))
  (define-fun |memory_model::choice_ws-ext_0_0_3_9_F_377| () Bool
    true)
  (define-fun |memory_model::choice_rf_3_8_2_1_F_224| () Bool
    false)
  (define-fun |MTX#46$wclk$8| () Int
    8)
  (define-fun |memory_model::choice_ws-ext_1_1_3_7_F_388| () Bool
    false)
  (define-fun |main::1::t!0@1#4$wclk$8| () Int
    (- 22))
  (define-fun |memory_model::choice_ws-ext_1_1_2_7_F_385| () Bool
    true)
  (define-fun |count#8$rclk$8| () Int
    8)
  (define-fun |memory_model::choice_rf_4_0_5_7_F_246| () Bool
    false)
  (define-fun |memory_model::choice_rf_2_0_5_7_F_162| () Bool
    false)
  (define-fun |memory_model::choice_ws-ext_3_9_4_1_F_459| () Bool
    true)
  (define-fun |MTX#2| () (_ BitVec 8)
    #x00)
  (define-fun |MTX#19$wclk$8| () Int
    11)
  (define-fun |memory_model::choice_rf_3_6_5_9_F_219| () Bool
    false)
  (define-fun |memory_model::choice_rf_1_0_2_9_F_112| () Bool
    false)
  (define-fun |memory_model::choice_rf_5_6_4_9_F_302| () Bool
    false)
  (define-fun |memory_model::choice_ws-ext_1_7_3_7_F_400| () Bool
    false)
  (define-fun |memory_model::choice_rf_1_8_5_1_F_148| () Bool
    false)
  (define-fun |memory_model::choice_rf_2_2_4_5_F_39| () Bool
    false)
  (define-fun |memory_model::choice_rf_3_4_1_5_F_63| () Bool
    false)
  (define-fun |memory_model::choice_ws-ext_2_7_3_9_F_431| () Bool
    false)
  (define-fun |memory_model::choice_rf_2_6_5_9_F_177| () Bool
    false)
  (define-fun |memory_model::choice_ws-ext_2_9_5_1_F_444| () Bool
    false)
  (define-fun |count#20$rclk$8| () Int
    5)
  (define-fun |memory_model::choice_rf_5_2_3_5_F_96| () Bool
    false)
  (define-fun |memory_model::choice_rf_2_6_1_7_F_166| () Bool
    false)
  (define-fun |memory_model::choice_rf_4_8_1_9_F_265| () Bool
    false)
  (define-fun |memory_model::choice_ws-ext_4_3_5_5_F_366| () Bool
    true)
  (define-fun |count#21$wclk$8| () Int
    6)
  (define-fun |memory_model::choice_rf_4_8_2_1_F_266| () Bool
    false)
  (define-fun |memory_model::choice_ws-ext_2_1_3_1_F_420| () Bool
    false)
  (define-fun |__CPROVER_malloc_object#1$wclk$8| () Int
    (- 37))
  (define-fun |memory_model::choice_ws-ext_4_1_5_9_F_467| () Bool
    true)
  (define-fun |memory_model::choice_rf_2_2_0_10_F_33| () Bool
    false)
  (define-fun |memory_model::choice_rf_1_8_0_0_F_136| () Bool
    false)
  (define-fun |memory_model::choice_rf_5_6_5_1_F_303| () Bool
    false)
  (define-fun t1$14$spwnclk$8 () Int
    (- 27))
  (define-fun |memory_model::choice_rf_5_0_4_1_F_287| () Bool
    false)
  (define-fun |memory_model::choice_rf_5_2_1_5_F_92| () Bool
    false)
  (define-fun |memory_model::choice_ws-ext_2_9_3_7_F_439| () Bool
    false)
  (define-fun |memory_model::choice_rf_5_8_1_7_F_306| () Bool
    false)
  (define-fun |memory_model::choice_rf_4_4_2_3_F_83| () Bool
    false)
  (define-fun |memory_model::choice_ws-ext_1_3_5_5_F_336| () Bool
    true)
  (define-fun |memory_model::choice_rf_5_0_4_7_F_288| () Bool
    false)
  (define-fun |memory_model::choice_ws-ext_2_3_5_3_F_349| () Bool
    false)
  (define-fun |memory_model::choice_ws-ext_2_1_5_1_F_426| () Bool
    true)
  (define-fun |memory_model::choice_ws-ext_4_1_5_1_F_465| () Bool
    true)
  (define-fun |memory_model::choice_rf_3_4_2_3_F_64| () Bool
    false)
  (define-fun |__CPROVER_next_thread_id#1$wclk$8| () Int
    (- 34))
  (define-fun |memory_model::choice_rf_1_2_5_5_F_22| () Bool
    false)
  (define-fun |memory_model::choice_rf_4_0_3_7_F_243| () Bool
    true)
  (define-fun |MTX#31$wclk$8| () Int
    (- 13))
  (define-fun |memory_model::choice_rf_4_2_5_5_F_79| () Bool
    false)
  (define-fun |memory_model::choice_ws-ext_3_9_5_1_F_462| () Bool
    true)
  (define-fun |memory_model::choice_rf_1_6_4_7_F_131| () Bool
    false)
  (define-fun |memory_model::choice_rf_1_6_4_9_F_132| () Bool
    false)
  (define-fun |memory_model::choice_rf_4_8_3_1_F_269| () Bool
    false)
  (define-fun |memory_model::choice_rf_4_4_3_3_F_85| () Bool
    false)
  (define-fun |memory_model::choice_ws-ext_1_3_2_5_F_330| () Bool
    true)
  (define-fun |count#15$wclk$8| () Int
    (- 11))
  (define-fun |count#6$rclk$8| () Int
    1)
  (define-fun |memory_model::choice_rf_4_2_3_3_F_76| () Bool
    true)
  (define-fun |memory_model::choice_rf_5_2_1_3_F_91| () Bool
    false)
  (define-fun |memory_model::choice_ws-ext_3_1_5_1_F_450| () Bool
    true)
  (define-fun |memory_model::choice_ws-ext_1_9_4_7_F_415| () Bool
    false)
  (define-fun |memory_model::choice_rf_2_8_4_9_F_189| () Bool
    false)
  (define-fun |memory_model::choice_ws-ext_4_5_5_5_F_368| () Bool
    true)
  (define-fun |memory_model::choice_ws-ext_2_7_4_9_F_434| () Bool
    false)
  (define-fun |__CPROVER_next_thread_id#3| () (_ BitVec 32)
    #x00000001)
  (define-fun |memory_model::choice_ws-ext_1_3_3_5_F_332| () Bool
    false)
  (define-fun |memory_model::choice_ws-ext_1_5_2_5_F_338| () Bool
    true)
  (define-fun |memory_model::choice_ws-ext_0_0_2_1_F_372| () Bool
    true)
  (define-fun |MTX#22$wclk$8| () Int
    (- 20))
  (define-fun |memory_model::choice_rf_5_0_2_9_F_283| () Bool
    false)
  (define-fun |__CPROVER_next_thread_id#8$wclk$8| () Int
    (- 23))
  (define-fun |count#10$rclk$8| () Int
    (- 19))
  (define-fun |memory_model::choice_rf_3_6_1_1_F_207| () Bool
    false)
  (define-fun |memory_model::choice_ws-ext_2_3_3_3_F_345| () Bool
    false)
  (define-fun |memory_model::choice_rf_3_8_4_1_F_229| () Bool
    false)
  (define-fun |memory_model::choice_rf_4_6_3_9_F_257| () Bool
    false)
  (define-fun |memory_model::choice_ws-ext_1_7_3_9_F_401| () Bool
    false)
  (define-fun |__CPROVER_memory_leak#1$wclk$8| () Int
    (- 35))
  (define-fun |memory_model::choice_rf_3_4_5_3_F_69| () Bool
    false)
  (define-fun |memory_model::choice_rf_3_0_5_1_F_203| () Bool
    false)
  (define-fun |memory_model::choice_ws-ext_1_7_3_1_F_399| () Bool
    false)
  (define-fun |memory_model::choice_ws-ext_2_9_4_7_F_442| () Bool
    false)
  (define-fun |memory_model::choice_rf_4_2_2_5_F_75| () Bool
    false)
  (define-fun |memory_model::choice_ws-ext_1_1_5_7_F_394| () Bool
    true)
  (define-fun |memory_model::choice_rf_5_8_0_0_F_304| () Bool
    false)
  (define-fun |memory_model::choice_ws-ext_0_0_1_1_F_369| () Bool
    true)
  (define-fun |MTX#44$rclk$8| () Int
    8)
  (define-fun |MTX#41$rclk$8| () Int
    7)
  (define-fun |MTX#38$rclk$8| () Int
    2)
  (define-fun |MTX#35$rclk$8| () Int
    1)
  (define-fun |MTX#32$rclk$8| () Int
    (- 8))
  (define-fun |MTX#29$rclk$8| () Int
    (- 13))
  (define-fun |MTX#26$rclk$8| () Int
    (- 14))
  (define-fun |MTX#23$rclk$8| () Int
    (- 15))
  (define-fun |MTX#20$rclk$8| () Int
    (- 20))
  (define-fun |MTX#17$rclk$8| () Int
    11)
  (define-fun |MTX#14$rclk$8| () Int
    10)
  (define-fun |MTX#11$rclk$8| () Int
    0)
  (define-fun |MTX#8$rclk$8| () Int
    (- 1))
  (define-fun |MTX#5$rclk$8| () Int
    (- 2))
  (define-fun |MTX#2$rclk$8| () Int
    (- 7))
  (define-fun |__CPROVER_next_thread_id#12$rclk$8| () Int
    (- 1))
  (define-fun |__CPROVER_next_thread_id#9$rclk$8| () Int
    (- 20))
  (define-fun |__CPROVER_next_thread_id#6$rclk$8| () Int
    (- 23))
  (define-fun |__CPROVER_next_thread_id#3$rclk$8| () Int
    (- 26))
  (define-fun |MTX#44| () (_ BitVec 8)
    #x00)
  (define-fun |MTX#45| () (_ BitVec 8)
    #x00)
  (define-fun |MTX#41| () (_ BitVec 8)
    #x00)
  (define-fun |MTX#42| () (_ BitVec 8)
    #x00)
  (define-fun |MTX#39| () (_ BitVec 8)
    #x01)
  (define-fun |MTX#35| () (_ BitVec 8)
    #x00)
  (define-fun |MTX#36| () (_ BitVec 8)
    #x00)
  (define-fun |MTX#33| () (_ BitVec 8)
    #x01)
  (define-fun |MTX#30| () (_ BitVec 8)
    #x00)
  (define-fun |MTX#26| () (_ BitVec 8)
    #x00)
  (define-fun |MTX#27| () (_ BitVec 8)
    #x00)
  (define-fun |MTX#24| () (_ BitVec 8)
    #x01)
  (define-fun |MTX#21| () (_ BitVec 8)
    #x00)
  (define-fun |MTX#17| () (_ BitVec 8)
    #x00)
  (define-fun |MTX#18| () (_ BitVec 8)
    #x00)
  (define-fun |MTX#15| () (_ BitVec 8)
    #x01)
  (define-fun |MTX#12| () (_ BitVec 8)
    #x00)
  (define-fun |MTX#9| () (_ BitVec 8)
    #x01)
  (define-fun |MTX#5| () (_ BitVec 8)
    #x00)
  (define-fun |MTX#6| () (_ BitVec 8)
    #x00)
  (define-fun |MTX#3| () (_ BitVec 8)
    #x00)
  (define-fun |main::1::t!0@1#1| () (_ BitVec 32)
    #x00000000)
  (define-fun |pthread_create::1::this_thread_id!0@1#1| () (_ BitVec 32)
    #x00000000)
  (define-fun |pthread_create::1::this_thread_id!0@2#1| () (_ BitVec 32)
    #x00000000)
  (define-fun |pthread_create::1::this_thread_id!0@3#1| () (_ BitVec 32)
    #x00000000)
  (define-fun |pthread_create::1::this_thread_id!0@4#1| () (_ BitVec 32)
    #x00000000)
  (define-fun |pthread_create::1::this_thread_id!0@5#1| () (_ BitVec 32)
    #x00000000)
  (define-fun |pthread_create::1::this_thread_id!1@0#0| () (_ BitVec 32)
    #x00000000)
  (define-fun |pthread_create::1::this_thread_id!2@0#0| () (_ BitVec 32)
    #x00000000)
  (define-fun |pthread_create::1::this_thread_id!3@0#0| () (_ BitVec 32)
    #x00000000)
  (define-fun |pthread_create::1::this_thread_id!4@0#0| () (_ BitVec 32)
    #x00000000)
  (define-fun |pthread_create::1::this_thread_id!5@0#0| () (_ BitVec 32)
    #x00000000)
  (define-fun array_of.0 () (Array (_ BitVec 32) Bool)
    ((as const (Array (_ BitVec 32) Bool)) false))
  (define-fun |count#18| () (_ BitVec 32)
    #x00000000)
  (define-fun |main::1::t!0@1| () (_ BitVec 32)
    #x00000000)
)
(:added-eqs           2924
 :arith-add-rows      49788
 :arith-assert-lower  2936
 :arith-assert-upper  2130
 :arith-bound-prop    3276
 :arith-conflicts     15
 :arith-pivots        631
 :binary-propagations 19133
 :bv-bit2core         11639
 :bv-conflicts        1
 :bv-diseqs           8
 :bv-dynamic-diseqs   109
 :bv->core-eq         99
 :conflicts           199
 :decisions           827
 :del-clause          1970
 :eliminated-vars     34
 :final-checks        1
 :max-memory          12.31
 :memory              7.14
 :minimized-lits      1465
 :mk-bool-var         3259
 :mk-clause           8715
 :num-allocs          61395840
 :num-checks          1
 :propagations        38007
 :restarts            1
 :rlimit-count        3127660
 :time                0.16
 :total-time          0.21)

real	0m0.212s
user	0m0.201s
sys	0m0.010s
State: AC Run_time: 0.2136244773864746