num of guard = 37
num of elim = 25
num of guard = 37
num of elim = 0
unsat
(error "line 8699 column 17: model is not available")
(error "line 8700 column 17: model is not available")
(error "line 8701 column 18: model is not available")
(error "line 8702 column 19: model is not available")
(error "line 8703 column 19: model is not available")
(error "line 8704 column 19: model is not available")
(error "line 8705 column 19: model is not available")
(error "line 8706 column 19: model is not available")
(error "line 8707 column 19: model is not available")
(error "line 8708 column 19: model is not available")
(error "line 8709 column 19: model is not available")
(error "line 8710 column 19: model is not available")
(error "line 8711 column 19: model is not available")
(error "line 8712 column 18: model is not available")
(error "line 8713 column 19: model is not available")
(error "line 8714 column 19: model is not available")
(error "line 8715 column 19: model is not available")
(error "line 8716 column 19: model is not available")
(error "line 8717 column 19: model is not available")
(error "line 8718 column 19: model is not available")
(error "line 8719 column 19: model is not available")
(error "line 8720 column 19: model is not available")
(error "line 8721 column 19: model is not available")
(error "line 8722 column 19: model is not available")
(error "line 8723 column 18: model is not available")
(error "line 8724 column 19: model is not available")
(error "line 8725 column 19: model is not available")
(error "line 8726 column 19: model is not available")
(error "line 8727 column 19: model is not available")
(error "line 8728 column 19: model is not available")
(error "line 8729 column 19: model is not available")
(error "line 8730 column 19: model is not available")
(error "line 8731 column 19: model is not available")
(error "line 8732 column 19: model is not available")
(error "line 8733 column 19: model is not available")
(error "line 8734 column 18: model is not available")
(error "line 8735 column 19: model is not available")
(error "line 8736 column 19: model is not available")
(error "line 8737 column 19: model is not available")
(error "line 8738 column 19: model is not available")
(error "line 8739 column 19: model is not available")
(error "line 8740 column 19: model is not available")
(error "line 8741 column 19: model is not available")
(error "line 8742 column 19: model is not available")
(error "line 8743 column 19: model is not available")
(error "line 8744 column 19: model is not available")
(error "line 8745 column 18: model is not available")
(error "line 8746 column 19: model is not available")
(error "line 8747 column 19: model is not available")
(error "line 8748 column 19: model is not available")
(error "line 8749 column 19: model is not available")
(error "line 8750 column 19: model is not available")
(error "line 8751 column 19: model is not available")
(error "line 8752 column 19: model is not available")
(error "line 8753 column 19: model is not available")
(error "line 8754 column 19: model is not available")
(error "line 8755 column 19: model is not available")
(error "line 8756 column 18: model is not available")
(error "line 8757 column 19: model is not available")
(error "line 8758 column 19: model is not available")
(error "line 8759 column 19: model is not available")
(error "line 8760 column 19: model is not available")
(error "line 8761 column 19: model is not available")
(error "line 8762 column 19: model is not available")
(error "line 8763 column 19: model is not available")
(error "line 8764 column 19: model is not available")
(error "line 8765 column 19: model is not available")
(error "line 8766 column 19: model is not available")
(error "line 8767 column 18: model is not available")
(error "line 8768 column 19: model is not available")
(error "line 8769 column 19: model is not available")
(error "line 8770 column 19: model is not available")
(error "line 8771 column 19: model is not available")
(error "line 8772 column 19: model is not available")
(error "line 8773 column 19: model is not available")
(error "line 8774 column 19: model is not available")
(error "line 8775 column 19: model is not available")
(error "line 8776 column 19: model is not available")
(error "line 8777 column 19: model is not available")
(error "line 8778 column 18: model is not available")
(error "line 8779 column 19: model is not available")
(error "line 8780 column 19: model is not available")
(error "line 8781 column 19: model is not available")
(error "line 8782 column 19: model is not available")
(error "line 8783 column 19: model is not available")
(error "line 8784 column 19: model is not available")
(error "line 8785 column 19: model is not available")
(error "line 8786 column 19: model is not available")
(error "line 8787 column 19: model is not available")
(error "line 8788 column 19: model is not available")
(error "line 8789 column 18: model is not available")
(error "line 8790 column 19: model is not available")
(error "line 8791 column 19: model is not available")
(error "line 8792 column 19: model is not available")
(error "line 8793 column 19: model is not available")
(error "line 8794 column 19: model is not available")
(error "line 8795 column 19: model is not available")
(error "line 8796 column 19: model is not available")
(error "line 8797 column 19: model is not available")
(error "line 8798 column 19: model is not available")
(error "line 8799 column 19: model is not available")
(error "line 8800 column 18: model is not available")
(error "line 8801 column 19: model is not available")
(error "line 8802 column 19: model is not available")
(error "line 8803 column 19: model is not available")
(error "line 8804 column 19: model is not available")
(error "line 8805 column 19: model is not available")
(error "line 8806 column 19: model is not available")
(error "line 8807 column 19: model is not available")
(error "line 8808 column 19: model is not available")
(error "line 8809 column 19: model is not available")
(error "line 8810 column 19: model is not available")
(error "line 8811 column 17: model is not available")
(error "line 8812 column 18: model is not available")
(error "line 8813 column 19: model is not available")
(error "line 8814 column 19: model is not available")
(error "line 8815 column 19: model is not available")
(error "line 8816 column 19: model is not available")
(error "line 8817 column 19: model is not available")
(error "line 8818 column 19: model is not available")
(error "line 8819 column 19: model is not available")
(error "line 8820 column 19: model is not available")
(error "line 8821 column 19: model is not available")
(error "line 8822 column 19: model is not available")
(error "line 8823 column 18: model is not available")
(error "line 8824 column 19: model is not available")
(error "line 8825 column 19: model is not available")
(error "line 8826 column 19: model is not available")
(error "line 8827 column 19: model is not available")
(error "line 8828 column 19: model is not available")
(error "line 8829 column 19: model is not available")
(error "line 8830 column 19: model is not available")
(error "line 8831 column 19: model is not available")
(error "line 8832 column 19: model is not available")
(error "line 8833 column 19: model is not available")
(error "line 8834 column 18: model is not available")
(error "line 8835 column 19: model is not available")
(error "line 8836 column 19: model is not available")
(error "line 8837 column 19: model is not available")
(error "line 8838 column 19: model is not available")
(error "line 8839 column 19: model is not available")
(error "line 8840 column 19: model is not available")
(error "line 8841 column 19: model is not available")
(error "line 8842 column 19: model is not available")
(error "line 8843 column 19: model is not available")
(error "line 8844 column 19: model is not available")
(error "line 8845 column 18: model is not available")
(error "line 8846 column 19: model is not available")
(error "line 8847 column 19: model is not available")
(error "line 8848 column 19: model is not available")
(error "line 8849 column 19: model is not available")
(error "line 8850 column 19: model is not available")
(error "line 8851 column 19: model is not available")
(error "line 8852 column 19: model is not available")
(error "line 8853 column 19: model is not available")
(error "line 8854 column 19: model is not available")
(error "line 8855 column 19: model is not available")
(error "line 8856 column 18: model is not available")
(error "line 8857 column 19: model is not available")
(error "line 8858 column 19: model is not available")
(error "line 8859 column 19: model is not available")
(error "line 8860 column 19: model is not available")
(error "line 8861 column 19: model is not available")
(error "line 8862 column 19: model is not available")
(error "line 8863 column 19: model is not available")
(error "line 8864 column 19: model is not available")
(error "line 8865 column 19: model is not available")
(error "line 8866 column 19: model is not available")
(error "line 8867 column 18: model is not available")
(error "line 8868 column 19: model is not available")
(error "line 8869 column 19: model is not available")
(error "line 8870 column 19: model is not available")
(error "line 8871 column 19: model is not available")
(error "line 8872 column 19: model is not available")
(error "line 8873 column 19: model is not available")
(error "line 8874 column 19: model is not available")
(error "line 8875 column 19: model is not available")
(error "line 8876 column 19: model is not available")
(error "line 8877 column 19: model is not available")
(error "line 8878 column 18: model is not available")
(error "line 8879 column 19: model is not available")
(error "line 8880 column 19: model is not available")
(error "line 8881 column 19: model is not available")
(error "line 8882 column 19: model is not available")
(error "line 8883 column 19: model is not available")
(error "line 8884 column 19: model is not available")
(error "line 8885 column 19: model is not available")
(error "line 8886 column 19: model is not available")
(error "line 8887 column 19: model is not available")
(error "line 8888 column 19: model is not available")
(error "line 8889 column 18: model is not available")
(error "line 8890 column 19: model is not available")
(error "line 8891 column 19: model is not available")
(error "line 8892 column 19: model is not available")
(error "line 8893 column 19: model is not available")
(error "line 8894 column 19: model is not available")
(error "line 8895 column 19: model is not available")
(error "line 8896 column 19: model is not available")
(error "line 8897 column 19: model is not available")
(error "line 8898 column 19: model is not available")
(error "line 8899 column 19: model is not available")
(error "line 8900 column 18: model is not available")
(error "line 8901 column 19: model is not available")
(error "line 8902 column 19: model is not available")
(error "line 8903 column 19: model is not available")
(error "line 8904 column 19: model is not available")
(error "line 8905 column 19: model is not available")
(error "line 8906 column 19: model is not available")
(error "line 8907 column 19: model is not available")
(error "line 8908 column 19: model is not available")
(error "line 8909 column 19: model is not available")
(error "line 8910 column 19: model is not available")
(error "line 8911 column 18: model is not available")
(error "line 8912 column 19: model is not available")
(error "line 8913 column 19: model is not available")
(error "line 8914 column 19: model is not available")
(error "line 8915 column 19: model is not available")
(error "line 8916 column 19: model is not available")
(error "line 8917 column 19: model is not available")
(error "line 8918 column 19: model is not available")
(error "line 8919 column 19: model is not available")
(error "line 8920 column 19: model is not available")
(error "line 8921 column 19: model is not available")
(error "line 8922 column 17: model is not available")
(error "line 8923 column 18: model is not available")
(error "line 8924 column 19: model is not available")
(error "line 8925 column 19: model is not available")
(error "line 8926 column 19: model is not available")
(error "line 8927 column 19: model is not available")
(error "line 8928 column 19: model is not available")
(error "line 8929 column 19: model is not available")
(error "line 8930 column 19: model is not available")
(error "line 8931 column 19: model is not available")
(error "line 8932 column 19: model is not available")
(error "line 8933 column 19: model is not available")
(error "line 8934 column 18: model is not available")
(error "line 8935 column 19: model is not available")
(error "line 8936 column 19: model is not available")
(error "line 8937 column 19: model is not available")
(error "line 8938 column 19: model is not available")
(error "line 8939 column 18: model is not available")
(error "line 8940 column 18: model is not available")
(error "line 8941 column 18: model is not available")
(error "line 8942 column 18: model is not available")
(error "line 8943 column 18: model is not available")
(error "line 8944 column 18: model is not available")
(error "line 8945 column 18: model is not available")
(error "line 8946 column 18: model is not available")
(error "line 8947 column 17: model is not available")
(error "line 8948 column 18: model is not available")
(error "line 8949 column 18: model is not available")
(error "line 8950 column 18: model is not available")
(error "line 8951 column 18: model is not available")
(error "line 8952 column 18: model is not available")
(error "line 8953 column 18: model is not available")
(error "line 8954 column 18: model is not available")
(error "line 8955 column 18: model is not available")
(error "line 8956 column 18: model is not available")
(error "line 8957 column 18: model is not available")
(error "line 8958 column 17: model is not available")
(error "line 8959 column 18: model is not available")
(error "line 8960 column 18: model is not available")
(error "line 8961 column 18: model is not available")
(error "line 8962 column 18: model is not available")
(error "line 8963 column 18: model is not available")
(error "line 8964 column 18: model is not available")
(error "line 8965 column 18: model is not available")
(error "line 8966 column 18: model is not available")
(error "line 8967 column 18: model is not available")
(error "line 8968 column 18: model is not available")
(error "line 8969 column 17: model is not available")
(error "line 8970 column 18: model is not available")
(error "line 8971 column 18: model is not available")
(error "line 8972 column 18: model is not available")
(error "line 8973 column 18: model is not available")
(error "line 8974 column 18: model is not available")
(error "line 8975 column 18: model is not available")
(error "line 8976 column 18: model is not available")
(error "line 8977 column 18: model is not available")
(error "line 8978 column 18: model is not available")
(error "line 8979 column 18: model is not available")
(error "line 8980 column 17: model is not available")
(error "line 8981 column 18: model is not available")
(error "line 8982 column 18: model is not available")
(error "line 8983 column 18: model is not available")
(error "line 8984 column 18: model is not available")
(error "line 8985 column 18: model is not available")
(error "line 8986 column 18: model is not available")
(error "line 8987 column 18: model is not available")
(error "line 8988 column 18: model is not available")
(error "line 8989 column 18: model is not available")
(error "line 8990 column 18: model is not available")
(error "line 8991 column 17: model is not available")
(error "line 8992 column 18: model is not available")
(error "line 8993 column 18: model is not available")
(error "line 8994 column 18: model is not available")
(error "line 8995 column 18: model is not available")
(error "line 8996 column 18: model is not available")
(error "line 8997 column 18: model is not available")
(error "line 8998 column 18: model is not available")
(error "line 8999 column 18: model is not available")
(error "line 9000 column 18: model is not available")
(error "line 9001 column 18: model is not available")
(error "line 9002 column 17: model is not available")
(error "line 9003 column 18: model is not available")
(error "line 9004 column 18: model is not available")
(error "line 9005 column 18: model is not available")
(error "line 9006 column 18: model is not available")
(error "line 9007 column 18: model is not available")
(error "line 9008 column 18: model is not available")
(error "line 9009 column 18: model is not available")
(error "line 9010 column 18: model is not available")
(error "line 9011 column 18: model is not available")
(error "line 9012 column 18: model is not available")
(error "line 9013 column 23: model is not available")
(error "line 9014 column 23: model is not available")
(error "line 9015 column 24: model is not available")
(error "line 9016 column 24: model is not available")
(error "line 9017 column 24: model is not available")
(error "line 9018 column 24: model is not available")
(error "line 9019 column 24: model is not available")
(error "line 9020 column 24: model is not available")
(error "line 9021 column 24: model is not available")
(error "line 9022 column 24: model is not available")
(error "line 9023 column 24: model is not available")
(error "line 9024 column 24: model is not available")
(error "line 9025 column 23: model is not available")
(error "line 9026 column 24: model is not available")
(error "line 9027 column 24: model is not available")
(error "line 9028 column 24: model is not available")
(error "line 9029 column 24: model is not available")
(error "line 9030 column 24: model is not available")
(error "line 9031 column 24: model is not available")
(error "line 9032 column 24: model is not available")
(error "line 9033 column 24: model is not available")
(error "line 9034 column 24: model is not available")
(error "line 9035 column 23: model is not available")
(error "line 9036 column 23: model is not available")
(error "line 9037 column 23: model is not available")
(error "line 9038 column 23: model is not available")
(error "line 9039 column 23: model is not available")
(error "line 9040 column 23: model is not available")
(error "line 9041 column 23: model is not available")
(error "line 9042 column 23: model is not available")
(error "line 9043 column 30: model is not available")
(error "line 9044 column 23: model is not available")
(error "line 9045 column 30: model is not available")
(error "line 9046 column 23: model is not available")
(error "line 9047 column 30: model is not available")
(error "line 9048 column 23: model is not available")
(error "line 9049 column 30: model is not available")
(error "line 9050 column 23: model is not available")
(error "line 9051 column 30: model is not available")
(error "line 9052 column 23: model is not available")
(error "line 9053 column 30: model is not available")
(error "line 9054 column 24: model is not available")
(error "line 9055 column 31: model is not available")
(error "line 9056 column 24: model is not available")
(error "line 9057 column 31: model is not available")
(error "line 9058 column 24: model is not available")
(error "line 9059 column 31: model is not available")
(error "line 9060 column 24: model is not available")
(error "line 9061 column 31: model is not available")
(error "line 9062 column 24: model is not available")
(error "line 9063 column 31: model is not available")
(error "line 9064 column 24: model is not available")
(error "line 9065 column 31: model is not available")
(error "line 9066 column 20: model is not available")
(error "line 9067 column 27: model is not available")
(error "line 9068 column 21: model is not available")
(error "line 9069 column 21: model is not available")
(error "line 9070 column 28: model is not available")
(error "line 9071 column 21: model is not available")
(error "line 9072 column 28: model is not available")
(error "line 9073 column 21: model is not available")
(error "line 9074 column 21: model is not available")
(error "line 9075 column 28: model is not available")
(error "line 9076 column 21: model is not available")
(error "line 9077 column 28: model is not available")
(error "line 9078 column 21: model is not available")
(error "line 9079 column 28: model is not available")
(error "line 9080 column 21: model is not available")
(error "line 9081 column 28: model is not available")
(error "line 9082 column 21: model is not available")
(error "line 9083 column 21: model is not available")
(error "line 9084 column 28: model is not available")
(error "line 9085 column 20: model is not available")
(error "line 9086 column 27: model is not available")
(error "line 9087 column 21: model is not available")
(error "line 9088 column 28: model is not available")
(error "line 9089 column 21: model is not available")
(error "line 9090 column 21: model is not available")
(error "line 9091 column 28: model is not available")
(error "line 9092 column 21: model is not available")
(error "line 9093 column 28: model is not available")
(error "line 9094 column 21: model is not available")
(error "line 9095 column 28: model is not available")
(error "line 9096 column 21: model is not available")
(error "line 9097 column 21: model is not available")
(error "line 9098 column 28: model is not available")
(error "line 9099 column 21: model is not available")
(error "line 9100 column 28: model is not available")
(error "line 9101 column 21: model is not available")
(error "line 9102 column 21: model is not available")
(error "line 9103 column 28: model is not available")
(error "line 9104 column 20: model is not available")
(error "line 9105 column 21: model is not available")
(error "line 9106 column 28: model is not available")
(error "line 9107 column 21: model is not available")
(error "line 9108 column 28: model is not available")
(error "line 9109 column 21: model is not available")
(error "line 9110 column 28: model is not available")
(error "line 9111 column 21: model is not available")
(error "line 9112 column 28: model is not available")
(error "line 9113 column 21: model is not available")
(error "line 9114 column 28: model is not available")
(error "line 9115 column 21: model is not available")
(error "line 9116 column 28: model is not available")
(error "line 9117 column 21: model is not available")
(error "line 9118 column 21: model is not available")
(error "line 9119 column 28: model is not available")
(error "line 9120 column 21: model is not available")
(error "line 9121 column 28: model is not available")
(error "line 9122 column 21: model is not available")
(error "line 9123 column 20: model is not available")
(error "line 9124 column 27: model is not available")
(error "line 9125 column 21: model is not available")
(error "line 9126 column 28: model is not available")
(error "line 9127 column 21: model is not available")
(error "line 9128 column 28: model is not available")
(error "line 9129 column 21: model is not available")
(error "line 9130 column 28: model is not available")
(error "line 9131 column 21: model is not available")
(error "line 9132 column 21: model is not available")
(error "line 9133 column 28: model is not available")
(error "line 9134 column 21: model is not available")
(error "line 9135 column 28: model is not available")
(error "line 9136 column 21: model is not available")
(error "line 9137 column 21: model is not available")
(error "line 9138 column 28: model is not available")
(error "line 9139 column 21: model is not available")
(error "line 9140 column 28: model is not available")
(error "line 9141 column 21: model is not available")
(error "line 9142 column 28: model is not available")
(error "line 9143 column 20: model is not available")
(error "line 9144 column 27: model is not available")
(error "line 9145 column 21: model is not available")
(error "line 9146 column 28: model is not available")
(error "line 9147 column 21: model is not available")
(error "line 9148 column 28: model is not available")
(error "line 9149 column 21: model is not available")
(error "line 9150 column 21: model is not available")
(error "line 9151 column 28: model is not available")
(error "line 9152 column 20: model is not available")
(error "line 9153 column 27: model is not available")
(error "line 9154 column 20: model is not available")
(error "line 9155 column 27: model is not available")
(error "line 9156 column 20: model is not available")
(error "line 9157 column 27: model is not available")
(error "line 9158 column 20: model is not available")
(error "line 9159 column 27: model is not available")
(error "line 9160 column 38: model is not available")
(error "line 9161 column 45: model is not available")
(error "line 9162 column 38: model is not available")
(error "line 9163 column 45: model is not available")
(error "line 9164 column 46: model is not available")
(error "line 9165 column 53: model is not available")
(error "line 9166 column 40: model is not available")
(error "line 9167 column 47: model is not available")
(error "line 9168 column 38: model is not available")
(error "line 9169 column 45: model is not available")
(error "line 9170 column 38: model is not available")
(error "line 9171 column 45: model is not available")
(error "line 9172 column 41: model is not available")
(error "line 9173 column 48: model is not available")
(error "line 9174 column 41: model is not available")
(error "line 9175 column 48: model is not available")
(error "line 9176 column 37: model is not available")
(error "line 9177 column 44: model is not available")
(error "line 9178 column 42: model is not available")
(error "line 9179 column 42: model is not available")
(error "line 9180 column 38: model is not available")
(error "line 9181 column 38: model is not available")
(error "line 9182 column 38: model is not available")
(error "line 9183 column 41: model is not available")
(error "line 9184 column 48: model is not available")
(error "line 9185 column 41: model is not available")
(error "line 9186 column 48: model is not available")
(error "line 9187 column 41: model is not available")
(error "line 9188 column 48: model is not available")
(error "line 9189 column 53: model is not available")
(error "line 9190 column 38: model is not available")
(error "line 9191 column 39: model is not available")
(error "line 9192 column 39: model is not available")
(error "line 9193 column 39: model is not available")
(error "line 9194 column 39: model is not available")
(error "line 9195 column 39: model is not available")
(error "line 9196 column 39: model is not available")
(error "line 9197 column 39: model is not available")
(error "line 9198 column 39: model is not available")
(error "line 9199 column 39: model is not available")
(error "line 9200 column 39: model is not available")
(error "line 9201 column 38: model is not available")
(error "line 9202 column 39: model is not available")
(error "line 9203 column 39: model is not available")
(error "line 9204 column 39: model is not available")
(error "line 9205 column 39: model is not available")
(error "line 9206 column 39: model is not available")
(error "line 9207 column 39: model is not available")
(error "line 9208 column 39: model is not available")
(error "line 9209 column 39: model is not available")
(error "line 9210 column 39: model is not available")
(error "line 9211 column 39: model is not available")
(error "line 9212 column 38: model is not available")
(error "line 9213 column 39: model is not available")
(error "line 9214 column 39: model is not available")
(error "line 9215 column 39: model is not available")
(error "line 9216 column 39: model is not available")
(error "line 9217 column 39: model is not available")
(error "line 9218 column 39: model is not available")
(error "line 9219 column 39: model is not available")
(error "line 9220 column 39: model is not available")
(error "line 9221 column 38: model is not available")
(error "line 9222 column 38: model is not available")
(error "line 9223 column 38: model is not available")
(error "line 9224 column 38: model is not available")
(error "line 9225 column 38: model is not available")
(error "line 9226 column 38: model is not available")
(error "line 9227 column 36: model is not available")
(error "line 9228 column 29: model is not available")
(error "line 9229 column 31: model is not available")
(error "line 9230 column 38: model is not available")
(error "line 9231 column 31: model is not available")
(error "line 9232 column 38: model is not available")
(error "line 9233 column 50: model is not available")
(error "line 9234 column 52: model is not available")
(error "line 9235 column 53: model is not available")
(error "line 9236 column 52: model is not available")
(error "line 9237 column 52: model is not available")
(error "line 9238 column 53: model is not available")
(error "line 9239 column 53: model is not available")
(error "line 9240 column 52: model is not available")
(error "line 9241 column 53: model is not available")
(error "line 9242 column 52: model is not available")
(error "line 9243 column 53: model is not available")
(error "line 9244 column 53: model is not available")
(error "line 9245 column 52: model is not available")
(error "line 9246 column 53: model is not available")
(error "line 9247 column 53: model is not available")
(error "line 9248 column 52: model is not available")
(error "line 9249 column 53: model is not available")
(error "line 9250 column 53: model is not available")
(error "line 9251 column 52: model is not available")
(error "line 9252 column 52: model is not available")
(error "line 9253 column 53: model is not available")
(error "line 9254 column 53: model is not available")
(error "line 9255 column 52: model is not available")
(error "line 9256 column 53: model is not available")
(error "line 9257 column 52: model is not available")
(error "line 9258 column 53: model is not available")
(error "line 9259 column 53: model is not available")
(error "line 9260 column 52: model is not available")
(error "line 9261 column 53: model is not available")
(error "line 9262 column 53: model is not available")
(error "line 9263 column 52: model is not available")
(error "line 9264 column 53: model is not available")
(error "line 9265 column 53: model is not available")
(error "line 9266 column 52: model is not available")
(error "line 9267 column 53: model is not available")
(error "line 9268 column 53: model is not available")
(error "line 9269 column 52: model is not available")
(error "line 9270 column 53: model is not available")
(error "line 9271 column 53: model is not available")
(error "line 9272 column 52: model is not available")
(error "line 9273 column 53: model is not available")
(error "line 9274 column 53: model is not available")
(error "line 9275 column 53: model is not available")
(error "line 9276 column 52: model is not available")
(error "line 9277 column 53: model is not available")
(error "line 9278 column 53: model is not available")
(error "line 9279 column 52: model is not available")
(error "line 9280 column 53: model is not available")
(error "line 9281 column 53: model is not available")
(error "line 9282 column 53: model is not available")
(error "line 9283 column 53: model is not available")
(error "line 9284 column 50: model is not available")
(error "line 9285 column 50: model is not available")
(error "line 9286 column 52: model is not available")
(error "line 9287 column 53: model is not available")
(error "line 9288 column 53: model is not available")
(error "line 9289 column 52: model is not available")
(error "line 9290 column 53: model is not available")
(error "line 9291 column 53: model is not available")
(error "line 9292 column 53: model is not available")
(error "line 9293 column 53: model is not available")
(error "line 9294 column 52: model is not available")
(error "line 9295 column 53: model is not available")
(error "line 9296 column 53: model is not available")
(error "line 9297 column 52: model is not available")
(error "line 9298 column 53: model is not available")
(error "line 9299 column 53: model is not available")
(error "line 9300 column 53: model is not available")
(error "line 9301 column 53: model is not available")
(error "line 9302 column 52: model is not available")
(error "line 9303 column 53: model is not available")
(error "line 9304 column 53: model is not available")
(error "line 9305 column 52: model is not available")
(error "line 9306 column 53: model is not available")
(error "line 9307 column 53: model is not available")
(error "line 9308 column 53: model is not available")
(error "line 9309 column 53: model is not available")
(error "line 9310 column 52: model is not available")
(error "line 9311 column 53: model is not available")
(error "line 9312 column 53: model is not available")
(error "line 9313 column 52: model is not available")
(error "line 9314 column 53: model is not available")
(error "line 9315 column 53: model is not available")
(error "line 9316 column 53: model is not available")
(error "line 9317 column 53: model is not available")
(error "line 9318 column 52: model is not available")
(error "line 9319 column 53: model is not available")
(error "line 9320 column 53: model is not available")
(error "line 9321 column 52: model is not available")
(error "line 9322 column 53: model is not available")
(error "line 9323 column 53: model is not available")
(error "line 9324 column 53: model is not available")
(error "line 9325 column 53: model is not available")
(error "line 9326 column 52: model is not available")
(error "line 9327 column 54: model is not available")
(error "line 9328 column 54: model is not available")
(error "line 9329 column 53: model is not available")
(error "line 9330 column 54: model is not available")
(error "line 9331 column 54: model is not available")
(error "line 9332 column 54: model is not available")
(error "line 9333 column 54: model is not available")
(error "line 9334 column 54: model is not available")
(error "line 9335 column 50: model is not available")
(error "line 9336 column 50: model is not available")
(error "line 9337 column 53: model is not available")
(error "line 9338 column 54: model is not available")
(error "line 9339 column 54: model is not available")
(error "line 9340 column 53: model is not available")
(error "line 9341 column 54: model is not available")
(error "line 9342 column 54: model is not available")
(error "line 9343 column 54: model is not available")
(error "line 9344 column 54: model is not available")
(error "line 9345 column 54: model is not available")
(error "line 9346 column 54: model is not available")
(error "line 9347 column 53: model is not available")
(error "line 9348 column 54: model is not available")
(error "line 9349 column 54: model is not available")
(error "line 9350 column 53: model is not available")
(error "line 9351 column 54: model is not available")
(error "line 9352 column 54: model is not available")
(error "line 9353 column 54: model is not available")
(error "line 9354 column 54: model is not available")
(error "line 9355 column 54: model is not available")
(error "line 9356 column 54: model is not available")
(error "line 9357 column 53: model is not available")
(error "line 9358 column 54: model is not available")
(error "line 9359 column 54: model is not available")
(error "line 9360 column 53: model is not available")
(error "line 9361 column 54: model is not available")
(error "line 9362 column 54: model is not available")
(error "line 9363 column 54: model is not available")
(error "line 9364 column 54: model is not available")
(error "line 9365 column 54: model is not available")
(error "line 9366 column 54: model is not available")
(error "line 9367 column 54: model is not available")
(error "line 9368 column 53: model is not available")
(error "line 9369 column 54: model is not available")
(error "line 9370 column 54: model is not available")
(error "line 9371 column 53: model is not available")
(error "line 9372 column 54: model is not available")
(error "line 9373 column 54: model is not available")
(error "line 9374 column 54: model is not available")
(error "line 9375 column 54: model is not available")
(error "line 9376 column 54: model is not available")
(error "line 9377 column 54: model is not available")
(error "line 9378 column 54: model is not available")
(error "line 9379 column 54: model is not available")
(error "line 9380 column 53: model is not available")
(error "line 9381 column 54: model is not available")
(error "line 9382 column 54: model is not available")
(error "line 9383 column 53: model is not available")
(error "line 9384 column 54: model is not available")
(error "line 9385 column 54: model is not available")
(error "line 9386 column 54: model is not available")
(error "line 9387 column 54: model is not available")
(error "line 9388 column 54: model is not available")
(error "line 9389 column 54: model is not available")
(error "line 9390 column 54: model is not available")
(error "line 9391 column 54: model is not available")
(error "line 9392 column 53: model is not available")
(error "line 9393 column 54: model is not available")
(error "line 9394 column 54: model is not available")
(error "line 9395 column 53: model is not available")
(error "line 9396 column 54: model is not available")
(error "line 9397 column 54: model is not available")
(error "line 9398 column 54: model is not available")
(error "line 9399 column 54: model is not available")
(error "line 9400 column 54: model is not available")
(error "line 9401 column 54: model is not available")
(error "line 9402 column 54: model is not available")
(error "line 9403 column 54: model is not available")
(error "line 9404 column 53: model is not available")
(error "line 9405 column 54: model is not available")
(error "line 9406 column 54: model is not available")
(error "line 9407 column 53: model is not available")
(error "line 9408 column 54: model is not available")
(error "line 9409 column 54: model is not available")
(error "line 9410 column 54: model is not available")
(error "line 9411 column 54: model is not available")
(error "line 9412 column 54: model is not available")
(error "line 9413 column 54: model is not available")
(error "line 9414 column 54: model is not available")
(error "line 9415 column 54: model is not available")
(error "line 9416 column 50: model is not available")
(error "line 9417 column 50: model is not available")
(error "line 9418 column 52: model is not available")
(error "line 9419 column 52: model is not available")
(error "line 9420 column 50: model is not available")
(error "line 9421 column 50: model is not available")
(error "line 9422 column 52: model is not available")
(error "line 9423 column 52: model is not available")
(error "line 9424 column 51: model is not available")
(error "line 9425 column 51: model is not available")
(error "line 9426 column 57: model is not available")
(error "line 9427 column 57: model is not available")
(error "line 9428 column 58: model is not available")
(error "line 9429 column 57: model is not available")
(error "line 9430 column 57: model is not available")
(error "line 9431 column 57: model is not available")
(error "line 9432 column 57: model is not available")
(error "line 9433 column 56: model is not available")
(error "line 9434 column 57: model is not available")
(error "line 9435 column 57: model is not available")
(error "line 9436 column 57: model is not available")
(error "line 9437 column 57: model is not available")
(error "line 9438 column 57: model is not available")
(error "line 9439 column 57: model is not available")
(error "line 9440 column 57: model is not available")
(error "line 9441 column 57: model is not available")
(error "line 9442 column 57: model is not available")
(error "line 9443 column 36: model is not available")
(error "line 9444 column 36: model is not available")
(error "line 9445 column 37: model is not available")
(error "line 9446 column 36: model is not available")
(error "line 9447 column 36: model is not available")
(error "line 9448 column 36: model is not available")
(error "line 9449 column 36: model is not available")
(error "line 9450 column 36: model is not available")
(error "line 9451 column 36: model is not available")
(error "line 9452 column 36: model is not available")
(error "line 9453 column 36: model is not available")
(error "line 9454 column 46: model is not available")
(error "line 9455 column 46: model is not available")
(error "line 9456 column 54: model is not available")
(error "line 9457 column 54: model is not available")
(error "line 9458 column 54: model is not available")
(error "line 9459 column 40: model is not available")
(error "line 9460 column 40: model is not available")
(error "line 9461 column 41: model is not available")
(error "line 9462 column 41: model is not available")
(error "line 9463 column 50: model is not available")
(error "line 9464 column 50: model is not available")
(error "line 9465 column 43: model is not available")
(error "line 9466 column 43: model is not available")
(error "line 9467 column 47: model is not available")
(error "line 9468 column 48: model is not available")
(error "line 9469 column 48: model is not available")
(error "line 9470 column 48: model is not available")
(error "line 9471 column 47: model is not available")
(error "line 9472 column 47: model is not available")
(error "line 9473 column 47: model is not available")
(error "line 9474 column 47: model is not available")
(error "line 9475 column 47: model is not available")
(error "line 9476 column 47: model is not available")
(error "line 9477 column 47: model is not available")
(error "line 9478 column 47: model is not available")
(error "line 9479 column 80: model is not available")
(error "line 9480 column 80: model is not available")
(error "line 9481 column 80: model is not available")
(error "line 9482 column 80: model is not available")
(error "line 9483 column 79: model is not available")
(error "line 9484 column 79: model is not available")
(error "line 9485 column 79: model is not available")
(error "line 9486 column 79: model is not available")
(error "line 9487 column 79: model is not available")
(error "line 9488 column 79: model is not available")
(error "line 9489 column 79: model is not available")
(error "line 9490 column 79: model is not available")
(error "line 9491 column 79: model is not available")
(error "line 9492 column 79: model is not available")
(error "line 9493 column 79: model is not available")
(error "line 9494 column 79: model is not available")
(error "line 9495 column 80: model is not available")
(error "line 9496 column 80: model is not available")
(error "line 9497 column 79: model is not available")
(error "line 9498 column 79: model is not available")
(error "line 9499 column 79: model is not available")
(error "line 9500 column 79: model is not available")
(error "line 9501 column 79: model is not available")
(error "line 9502 column 79: model is not available")
(error "line 9503 column 79: model is not available")
(error "line 9504 column 79: model is not available")
(error "line 9505 column 79: model is not available")
(error "line 9506 column 79: model is not available")
(error "line 9507 column 79: model is not available")
(error "line 9508 column 79: model is not available")
(error "line 9509 column 79: model is not available")
(error "line 9510 column 79: model is not available")
(error "line 9511 column 79: model is not available")
(error "line 9512 column 79: model is not available")
(error "line 9513 column 79: model is not available")
(error "line 9514 column 79: model is not available")
(error "line 9515 column 79: model is not available")
(error "line 9516 column 79: model is not available")
(error "line 9517 column 79: model is not available")
(error "line 9518 column 79: model is not available")
(error "line 9519 column 79: model is not available")
(error "line 9520 column 79: model is not available")
(error "line 9521 column 79: model is not available")
(error "line 9522 column 79: model is not available")
(error "line 9523 column 79: model is not available")
(error "line 9524 column 79: model is not available")
(error "line 9525 column 79: model is not available")
(error "line 9526 column 79: model is not available")
(error "line 9527 column 79: model is not available")
(error "line 9528 column 79: model is not available")
(error "line 9529 column 79: model is not available")
(error "line 9530 column 79: model is not available")
(error "line 9531 column 79: model is not available")
(error "line 9532 column 79: model is not available")
(error "line 9533 column 79: model is not available")
(error "line 9534 column 79: model is not available")
(error "line 9535 column 79: model is not available")
(error "line 9536 column 79: model is not available")
(error "line 9537 column 79: model is not available")
(error "line 9538 column 79: model is not available")
(error "line 9539 column 79: model is not available")
(error "line 9540 column 79: model is not available")
(error "line 9541 column 79: model is not available")
(error "line 9542 column 79: model is not available")
(error "line 9543 column 79: model is not available")
(error "line 9544 column 79: model is not available")
(error "line 9545 column 79: model is not available")
(error "line 9546 column 79: model is not available")
(error "line 9547 column 79: model is not available")
(error "line 9548 column 79: model is not available")
(error "line 9549 column 79: model is not available")
(error "line 9550 column 79: model is not available")
(error "line 9551 column 79: model is not available")
(error "line 9552 column 30: model is not available")
(error "line 9553 column 36: model is not available")
(error "line 9554 column 36: model is not available")
(error "line 9555 column 69: model is not available")
(error "line 9556 column 69: model is not available")
(error "line 9557 column 69: model is not available")
(error "line 9558 column 69: model is not available")
(error "line 9559 column 69: model is not available")
(error "line 9560 column 30: model is not available")
(error "line 9562 column 10: model is not available")
(:added-eqs               91
 :arith-add-rows          736
 :arith-assert-lower      56
 :arith-assert-upper      154
 :arith-bound-prop        193
 :arith-pivots            95
 :binary-propagations     1598
 :bv-bit2core             424
 :bv-dynamic-diseqs       16
 :conflicts               31
 :decisions               101
 :del-clause              502
 :eliminated-applications 33
 :eliminated-vars         26
 :max-memory              7.06
 :memory                  4.66
 :minimized-lits          103
 :mk-bool-var             1002
 :mk-clause               923
 :num-allocs              17511675
 :num-checks              1
 :propagations            1942
 :rlimit-count            5209250
 :time                    0.22
 :total-time              0.26)

real	0m0.265s
user	0m0.264s
sys	0m0.001s
State: RE Run_time: 0.26706385612487793