num of guard = 5
num of elim = 6
num of guard = 5
num of elim = 0
unsat
(error "line 1262 column 17: model is not available")
(error "line 1263 column 17: model is not available")
(error "line 1264 column 18: model is not available")
(error "line 1265 column 19: model is not available")
(error "line 1266 column 19: model is not available")
(error "line 1267 column 19: model is not available")
(error "line 1268 column 19: model is not available")
(error "line 1269 column 19: model is not available")
(error "line 1270 column 19: model is not available")
(error "line 1271 column 19: model is not available")
(error "line 1272 column 19: model is not available")
(error "line 1273 column 19: model is not available")
(error "line 1274 column 19: model is not available")
(error "line 1275 column 18: model is not available")
(error "line 1276 column 19: model is not available")
(error "line 1277 column 19: model is not available")
(error "line 1278 column 19: model is not available")
(error "line 1279 column 19: model is not available")
(error "line 1280 column 19: model is not available")
(error "line 1281 column 18: model is not available")
(error "line 1282 column 18: model is not available")
(error "line 1283 column 18: model is not available")
(error "line 1284 column 18: model is not available")
(error "line 1285 column 18: model is not available")
(error "line 1286 column 18: model is not available")
(error "line 1287 column 18: model is not available")
(error "line 1288 column 18: model is not available")
(error "line 1289 column 17: model is not available")
(error "line 1290 column 18: model is not available")
(error "line 1291 column 18: model is not available")
(error "line 1292 column 18: model is not available")
(error "line 1293 column 18: model is not available")
(error "line 1294 column 18: model is not available")
(error "line 1295 column 18: model is not available")
(error "line 1296 column 18: model is not available")
(error "line 1297 column 18: model is not available")
(error "line 1298 column 18: model is not available")
(error "line 1299 column 18: model is not available")
(error "line 1300 column 17: model is not available")
(error "line 1301 column 18: model is not available")
(error "line 1302 column 18: model is not available")
(error "line 1303 column 18: model is not available")
(error "line 1304 column 18: model is not available")
(error "line 1305 column 18: model is not available")
(error "line 1306 column 18: model is not available")
(error "line 1307 column 18: model is not available")
(error "line 1308 column 18: model is not available")
(error "line 1309 column 18: model is not available")
(error "line 1310 column 18: model is not available")
(error "line 1311 column 17: model is not available")
(error "line 1312 column 18: model is not available")
(error "line 1313 column 18: model is not available")
(error "line 1314 column 18: model is not available")
(error "line 1315 column 18: model is not available")
(error "line 1316 column 18: model is not available")
(error "line 1317 column 18: model is not available")
(error "line 1318 column 18: model is not available")
(error "line 1319 column 18: model is not available")
(error "line 1320 column 18: model is not available")
(error "line 1321 column 18: model is not available")
(error "line 1322 column 17: model is not available")
(error "line 1323 column 18: model is not available")
(error "line 1324 column 18: model is not available")
(error "line 1325 column 18: model is not available")
(error "line 1326 column 18: model is not available")
(error "line 1327 column 18: model is not available")
(error "line 1328 column 18: model is not available")
(error "line 1329 column 18: model is not available")
(error "line 1330 column 18: model is not available")
(error "line 1331 column 18: model is not available")
(error "line 1332 column 18: model is not available")
(error "line 1333 column 17: model is not available")
(error "line 1334 column 18: model is not available")
(error "line 1335 column 18: model is not available")
(error "line 1336 column 18: model is not available")
(error "line 1337 column 18: model is not available")
(error "line 1338 column 18: model is not available")
(error "line 1339 column 18: model is not available")
(error "line 1340 column 18: model is not available")
(error "line 1341 column 18: model is not available")
(error "line 1342 column 18: model is not available")
(error "line 1343 column 18: model is not available")
(error "line 1344 column 17: model is not available")
(error "line 1345 column 18: model is not available")
(error "line 1346 column 18: model is not available")
(error "line 1347 column 18: model is not available")
(error "line 1348 column 18: model is not available")
(error "line 1349 column 18: model is not available")
(error "line 1350 column 18: model is not available")
(error "line 1351 column 18: model is not available")
(error "line 1352 column 18: model is not available")
(error "line 1353 column 18: model is not available")
(error "line 1354 column 18: model is not available")
(error "line 1355 column 17: model is not available")
(error "line 1356 column 18: model is not available")
(error "line 1357 column 18: model is not available")
(error "line 1358 column 18: model is not available")
(error "line 1359 column 18: model is not available")
(error "line 1360 column 18: model is not available")
(error "line 1361 column 18: model is not available")
(error "line 1362 column 18: model is not available")
(error "line 1363 column 18: model is not available")
(error "line 1364 column 18: model is not available")
(error "line 1365 column 18: model is not available")
(error "line 1366 column 17: model is not available")
(error "line 1367 column 18: model is not available")
(error "line 1368 column 18: model is not available")
(error "line 1369 column 18: model is not available")
(error "line 1370 column 18: model is not available")
(error "line 1371 column 18: model is not available")
(error "line 1372 column 18: model is not available")
(error "line 1373 column 18: model is not available")
(error "line 1374 column 18: model is not available")
(error "line 1375 column 18: model is not available")
(error "line 1376 column 18: model is not available")
(error "line 1377 column 38: model is not available")
(error "line 1378 column 45: model is not available")
(error "line 1379 column 38: model is not available")
(error "line 1380 column 45: model is not available")
(error "line 1381 column 46: model is not available")
(error "line 1382 column 53: model is not available")
(error "line 1383 column 40: model is not available")
(error "line 1384 column 47: model is not available")
(error "line 1385 column 38: model is not available")
(error "line 1386 column 45: model is not available")
(error "line 1387 column 38: model is not available")
(error "line 1388 column 45: model is not available")
(error "line 1389 column 41: model is not available")
(error "line 1390 column 48: model is not available")
(error "line 1391 column 41: model is not available")
(error "line 1392 column 48: model is not available")
(error "line 1393 column 37: model is not available")
(error "line 1394 column 44: model is not available")
(error "line 1395 column 42: model is not available")
(error "line 1396 column 42: model is not available")
(error "line 1397 column 38: model is not available")
(error "line 1398 column 38: model is not available")
(error "line 1399 column 38: model is not available")
(error "line 1400 column 41: model is not available")
(error "line 1401 column 48: model is not available")
(error "line 1402 column 55: model is not available")
(error "line 1403 column 55: model is not available")
(error "line 1404 column 53: model is not available")
(error "line 1405 column 18: model is not available")
(error "line 1406 column 25: model is not available")
(error "line 1407 column 18: model is not available")
(error "line 1408 column 25: model is not available")
(error "line 1409 column 18: model is not available")
(error "line 1410 column 25: model is not available")
(error "line 1411 column 18: model is not available")
(error "line 1412 column 25: model is not available")
(error "line 1413 column 18: model is not available")
(error "line 1414 column 25: model is not available")
(error "line 1415 column 18: model is not available")
(error "line 1416 column 25: model is not available")
(error "line 1417 column 18: model is not available")
(error "line 1418 column 25: model is not available")
(error "line 1419 column 38: model is not available")
(error "line 1420 column 38: model is not available")
(error "line 1421 column 38: model is not available")
(error "line 1422 column 38: model is not available")
(error "line 1423 column 38: model is not available")
(error "line 1424 column 36: model is not available")
(error "line 1425 column 69: model is not available")
(error "line 1426 column 69: model is not available")
(error "line 1427 column 29: model is not available")
(error "line 1428 column 31: model is not available")
(error "line 1429 column 38: model is not available")
(error "line 1430 column 31: model is not available")
(error "line 1431 column 38: model is not available")
(error "line 1432 column 52: model is not available")
(error "line 1433 column 51: model is not available")
(error "line 1434 column 52: model is not available")
(error "line 1435 column 52: model is not available")
(error "line 1436 column 52: model is not available")
(error "line 1437 column 53: model is not available")
(error "line 1438 column 53: model is not available")
(error "line 1439 column 53: model is not available")
(error "line 1440 column 53: model is not available")
(error "line 1441 column 52: model is not available")
(error "line 1442 column 52: model is not available")
(error "line 1443 column 52: model is not available")
(error "line 1444 column 52: model is not available")
(error "line 1445 column 52: model is not available")
(error "line 1446 column 52: model is not available")
(error "line 1447 column 52: model is not available")
(error "line 1448 column 52: model is not available")
(error "line 1449 column 51: model is not available")
(error "line 1450 column 51: model is not available")
(error "line 1451 column 51: model is not available")
(error "line 1452 column 51: model is not available")
(error "line 1453 column 51: model is not available")
(error "line 1454 column 52: model is not available")
(error "line 1455 column 52: model is not available")
(error "line 1456 column 52: model is not available")
(error "line 1457 column 51: model is not available")
(error "line 1458 column 56: model is not available")
(error "line 1459 column 56: model is not available")
(error "line 1460 column 57: model is not available")
(error "line 1461 column 56: model is not available")
(error "line 1462 column 56: model is not available")
(error "line 1463 column 56: model is not available")
(error "line 1464 column 56: model is not available")
(error "line 1465 column 56: model is not available")
(error "line 1466 column 56: model is not available")
(error "line 1467 column 57: model is not available")
(error "line 1468 column 36: model is not available")
(error "line 1469 column 46: model is not available")
(error "line 1470 column 46: model is not available")
(error "line 1471 column 46: model is not available")
(error "line 1472 column 46: model is not available")
(error "line 1473 column 54: model is not available")
(error "line 1474 column 54: model is not available")
(error "line 1475 column 54: model is not available")
(error "line 1476 column 40: model is not available")
(error "line 1477 column 40: model is not available")
(error "line 1478 column 41: model is not available")
(error "line 1479 column 41: model is not available")
(error "line 1480 column 50: model is not available")
(error "line 1481 column 50: model is not available")
(error "line 1482 column 43: model is not available")
(error "line 1483 column 43: model is not available")
(error "line 1484 column 18: model is not available")
(error "line 1485 column 25: model is not available")
(error "line 1486 column 18: model is not available")
(error "line 1487 column 25: model is not available")
(error "line 1488 column 18: model is not available")
(error "line 1489 column 25: model is not available")
(error "line 1490 column 18: model is not available")
(error "line 1491 column 25: model is not available")
(error "line 1492 column 18: model is not available")
(error "line 1493 column 25: model is not available")
(error "line 1494 column 18: model is not available")
(error "line 1495 column 25: model is not available")
(error "line 1496 column 18: model is not available")
(error "line 1497 column 25: model is not available")
(error "line 1498 column 18: model is not available")
(error "line 1499 column 25: model is not available")
(error "line 1500 column 18: model is not available")
(error "line 1501 column 25: model is not available")
(error "line 1502 column 18: model is not available")
(error "line 1503 column 18: model is not available")
(error "line 1504 column 18: model is not available")
(error "line 1505 column 25: model is not available")
(error "line 1506 column 18: model is not available")
(error "line 1507 column 25: model is not available")
(error "line 1508 column 18: model is not available")
(error "line 1509 column 18: model is not available")
(error "line 1510 column 18: model is not available")
(error "line 1511 column 25: model is not available")
(error "line 1512 column 30: model is not available")
(error "line 1513 column 36: model is not available")
(error "line 1514 column 32: model is not available")
(error "line 1515 column 34: model is not available")
(error "line 1516 column 41: model is not available")
(error "line 1517 column 34: model is not available")
(error "line 1518 column 41: model is not available")
(error "line 1519 column 34: model is not available")
(error "line 1520 column 41: model is not available")
(error "line 1521 column 39: model is not available")
(error "line 1522 column 32: model is not available")
(error "line 1523 column 34: model is not available")
(error "line 1524 column 41: model is not available")
(error "line 1525 column 34: model is not available")
(error "line 1526 column 41: model is not available")
(error "line 1527 column 34: model is not available")
(error "line 1528 column 41: model is not available")
(error "line 1529 column 39: model is not available")
(error "line 1530 column 30: model is not available")
(error "line 1531 column 30: model is not available")
(error "line 1533 column 10: model is not available")
(:added-eqs               8
 :arith-add-rows          435
 :arith-assert-lower      24
 :arith-assert-upper      23
 :arith-bound-prop        22
 :arith-pivots            34
 :binary-propagations     306
 :bv-bit2core             256
 :bv-diseqs               4
 :conflicts               15
 :decisions               22
 :del-clause              32
 :eliminated-applications 27
 :eliminated-vars         6
 :max-memory              4.34
 :memory                  3.43
 :mk-bool-var             738
 :mk-clause               672
 :num-allocs              1946396
 :num-checks              1
 :propagations            471
 :rlimit-count            44381
 :time                    0.01
 :total-time              0.02)

real	0m0.020s
user	0m0.014s
sys	0m0.006s
State: RE Run_time: 0.022374629974365234