num of guard = 20
num of elim = 26
num of guard = 20
num of elim = 0
unsat
(error "line 15333 column 17: model is not available")
(error "line 15334 column 17: model is not available")
(error "line 15335 column 18: model is not available")
(error "line 15336 column 19: model is not available")
(error "line 15337 column 19: model is not available")
(error "line 15338 column 19: model is not available")
(error "line 15339 column 19: model is not available")
(error "line 15340 column 19: model is not available")
(error "line 15341 column 19: model is not available")
(error "line 15342 column 19: model is not available")
(error "line 15343 column 19: model is not available")
(error "line 15344 column 19: model is not available")
(error "line 15345 column 19: model is not available")
(error "line 15346 column 18: model is not available")
(error "line 15347 column 19: model is not available")
(error "line 15348 column 19: model is not available")
(error "line 15349 column 19: model is not available")
(error "line 15350 column 19: model is not available")
(error "line 15351 column 19: model is not available")
(error "line 15352 column 19: model is not available")
(error "line 15353 column 19: model is not available")
(error "line 15354 column 19: model is not available")
(error "line 15355 column 19: model is not available")
(error "line 15356 column 19: model is not available")
(error "line 15357 column 18: model is not available")
(error "line 15358 column 19: model is not available")
(error "line 15359 column 19: model is not available")
(error "line 15360 column 19: model is not available")
(error "line 15361 column 19: model is not available")
(error "line 15362 column 19: model is not available")
(error "line 15363 column 19: model is not available")
(error "line 15364 column 19: model is not available")
(error "line 15365 column 19: model is not available")
(error "line 15366 column 19: model is not available")
(error "line 15367 column 19: model is not available")
(error "line 15368 column 18: model is not available")
(error "line 15369 column 19: model is not available")
(error "line 15370 column 19: model is not available")
(error "line 15371 column 19: model is not available")
(error "line 15372 column 19: model is not available")
(error "line 15373 column 19: model is not available")
(error "line 15374 column 19: model is not available")
(error "line 15375 column 19: model is not available")
(error "line 15376 column 19: model is not available")
(error "line 15377 column 19: model is not available")
(error "line 15378 column 19: model is not available")
(error "line 15379 column 18: model is not available")
(error "line 15380 column 19: model is not available")
(error "line 15381 column 19: model is not available")
(error "line 15382 column 19: model is not available")
(error "line 15383 column 19: model is not available")
(error "line 15384 column 19: model is not available")
(error "line 15385 column 19: model is not available")
(error "line 15386 column 19: model is not available")
(error "line 15387 column 19: model is not available")
(error "line 15388 column 19: model is not available")
(error "line 15389 column 19: model is not available")
(error "line 15390 column 18: model is not available")
(error "line 15391 column 19: model is not available")
(error "line 15392 column 19: model is not available")
(error "line 15393 column 19: model is not available")
(error "line 15394 column 19: model is not available")
(error "line 15395 column 19: model is not available")
(error "line 15396 column 19: model is not available")
(error "line 15397 column 19: model is not available")
(error "line 15398 column 19: model is not available")
(error "line 15399 column 19: model is not available")
(error "line 15400 column 19: model is not available")
(error "line 15401 column 18: model is not available")
(error "line 15402 column 19: model is not available")
(error "line 15403 column 19: model is not available")
(error "line 15404 column 19: model is not available")
(error "line 15405 column 19: model is not available")
(error "line 15406 column 19: model is not available")
(error "line 15407 column 19: model is not available")
(error "line 15408 column 19: model is not available")
(error "line 15409 column 19: model is not available")
(error "line 15410 column 19: model is not available")
(error "line 15411 column 19: model is not available")
(error "line 15412 column 18: model is not available")
(error "line 15413 column 19: model is not available")
(error "line 15414 column 19: model is not available")
(error "line 15415 column 19: model is not available")
(error "line 15416 column 19: model is not available")
(error "line 15417 column 19: model is not available")
(error "line 15418 column 19: model is not available")
(error "line 15419 column 19: model is not available")
(error "line 15420 column 19: model is not available")
(error "line 15421 column 19: model is not available")
(error "line 15422 column 19: model is not available")
(error "line 15423 column 18: model is not available")
(error "line 15424 column 19: model is not available")
(error "line 15425 column 19: model is not available")
(error "line 15426 column 19: model is not available")
(error "line 15427 column 19: model is not available")
(error "line 15428 column 19: model is not available")
(error "line 15429 column 19: model is not available")
(error "line 15430 column 19: model is not available")
(error "line 15431 column 19: model is not available")
(error "line 15432 column 19: model is not available")
(error "line 15433 column 19: model is not available")
(error "line 15434 column 18: model is not available")
(error "line 15435 column 19: model is not available")
(error "line 15436 column 19: model is not available")
(error "line 15437 column 19: model is not available")
(error "line 15438 column 19: model is not available")
(error "line 15439 column 19: model is not available")
(error "line 15440 column 19: model is not available")
(error "line 15441 column 19: model is not available")
(error "line 15442 column 19: model is not available")
(error "line 15443 column 19: model is not available")
(error "line 15444 column 19: model is not available")
(error "line 15445 column 17: model is not available")
(error "line 15446 column 18: model is not available")
(error "line 15447 column 19: model is not available")
(error "line 15448 column 19: model is not available")
(error "line 15449 column 19: model is not available")
(error "line 15450 column 19: model is not available")
(error "line 15451 column 19: model is not available")
(error "line 15452 column 19: model is not available")
(error "line 15453 column 19: model is not available")
(error "line 15454 column 19: model is not available")
(error "line 15455 column 19: model is not available")
(error "line 15456 column 19: model is not available")
(error "line 15457 column 18: model is not available")
(error "line 15458 column 19: model is not available")
(error "line 15459 column 19: model is not available")
(error "line 15460 column 19: model is not available")
(error "line 15461 column 19: model is not available")
(error "line 15462 column 19: model is not available")
(error "line 15463 column 19: model is not available")
(error "line 15464 column 19: model is not available")
(error "line 15465 column 19: model is not available")
(error "line 15466 column 19: model is not available")
(error "line 15467 column 19: model is not available")
(error "line 15468 column 18: model is not available")
(error "line 15469 column 19: model is not available")
(error "line 15470 column 19: model is not available")
(error "line 15471 column 19: model is not available")
(error "line 15472 column 19: model is not available")
(error "line 15473 column 19: model is not available")
(error "line 15474 column 19: model is not available")
(error "line 15475 column 19: model is not available")
(error "line 15476 column 19: model is not available")
(error "line 15477 column 19: model is not available")
(error "line 15478 column 19: model is not available")
(error "line 15479 column 18: model is not available")
(error "line 15480 column 19: model is not available")
(error "line 15481 column 19: model is not available")
(error "line 15482 column 19: model is not available")
(error "line 15483 column 19: model is not available")
(error "line 15484 column 19: model is not available")
(error "line 15485 column 19: model is not available")
(error "line 15486 column 19: model is not available")
(error "line 15487 column 19: model is not available")
(error "line 15488 column 19: model is not available")
(error "line 15489 column 19: model is not available")
(error "line 15490 column 18: model is not available")
(error "line 15491 column 19: model is not available")
(error "line 15492 column 19: model is not available")
(error "line 15493 column 19: model is not available")
(error "line 15494 column 19: model is not available")
(error "line 15495 column 19: model is not available")
(error "line 15496 column 19: model is not available")
(error "line 15497 column 19: model is not available")
(error "line 15498 column 19: model is not available")
(error "line 15499 column 19: model is not available")
(error "line 15500 column 19: model is not available")
(error "line 15501 column 18: model is not available")
(error "line 15502 column 19: model is not available")
(error "line 15503 column 19: model is not available")
(error "line 15504 column 19: model is not available")
(error "line 15505 column 19: model is not available")
(error "line 15506 column 19: model is not available")
(error "line 15507 column 19: model is not available")
(error "line 15508 column 19: model is not available")
(error "line 15509 column 19: model is not available")
(error "line 15510 column 19: model is not available")
(error "line 15511 column 19: model is not available")
(error "line 15512 column 18: model is not available")
(error "line 15513 column 19: model is not available")
(error "line 15514 column 19: model is not available")
(error "line 15515 column 19: model is not available")
(error "line 15516 column 19: model is not available")
(error "line 15517 column 19: model is not available")
(error "line 15518 column 19: model is not available")
(error "line 15519 column 19: model is not available")
(error "line 15520 column 19: model is not available")
(error "line 15521 column 19: model is not available")
(error "line 15522 column 19: model is not available")
(error "line 15523 column 18: model is not available")
(error "line 15524 column 19: model is not available")
(error "line 15525 column 19: model is not available")
(error "line 15526 column 19: model is not available")
(error "line 15527 column 19: model is not available")
(error "line 15528 column 19: model is not available")
(error "line 15529 column 19: model is not available")
(error "line 15530 column 19: model is not available")
(error "line 15531 column 19: model is not available")
(error "line 15532 column 19: model is not available")
(error "line 15533 column 19: model is not available")
(error "line 15534 column 18: model is not available")
(error "line 15535 column 19: model is not available")
(error "line 15536 column 19: model is not available")
(error "line 15537 column 19: model is not available")
(error "line 15538 column 19: model is not available")
(error "line 15539 column 19: model is not available")
(error "line 15540 column 19: model is not available")
(error "line 15541 column 19: model is not available")
(error "line 15542 column 19: model is not available")
(error "line 15543 column 19: model is not available")
(error "line 15544 column 19: model is not available")
(error "line 15545 column 18: model is not available")
(error "line 15546 column 19: model is not available")
(error "line 15547 column 19: model is not available")
(error "line 15548 column 19: model is not available")
(error "line 15549 column 19: model is not available")
(error "line 15550 column 19: model is not available")
(error "line 15551 column 19: model is not available")
(error "line 15552 column 19: model is not available")
(error "line 15553 column 19: model is not available")
(error "line 15554 column 19: model is not available")
(error "line 15555 column 19: model is not available")
(error "line 15556 column 17: model is not available")
(error "line 15557 column 18: model is not available")
(error "line 15558 column 19: model is not available")
(error "line 15559 column 19: model is not available")
(error "line 15560 column 19: model is not available")
(error "line 15561 column 19: model is not available")
(error "line 15562 column 19: model is not available")
(error "line 15563 column 19: model is not available")
(error "line 15564 column 19: model is not available")
(error "line 15565 column 19: model is not available")
(error "line 15566 column 19: model is not available")
(error "line 15567 column 19: model is not available")
(error "line 15568 column 18: model is not available")
(error "line 15569 column 19: model is not available")
(error "line 15570 column 19: model is not available")
(error "line 15571 column 19: model is not available")
(error "line 15572 column 19: model is not available")
(error "line 15573 column 19: model is not available")
(error "line 15574 column 19: model is not available")
(error "line 15575 column 19: model is not available")
(error "line 15576 column 19: model is not available")
(error "line 15577 column 19: model is not available")
(error "line 15578 column 19: model is not available")
(error "line 15579 column 18: model is not available")
(error "line 15580 column 19: model is not available")
(error "line 15581 column 19: model is not available")
(error "line 15582 column 19: model is not available")
(error "line 15583 column 19: model is not available")
(error "line 15584 column 19: model is not available")
(error "line 15585 column 19: model is not available")
(error "line 15586 column 19: model is not available")
(error "line 15587 column 19: model is not available")
(error "line 15588 column 19: model is not available")
(error "line 15589 column 19: model is not available")
(error "line 15590 column 18: model is not available")
(error "line 15591 column 19: model is not available")
(error "line 15592 column 19: model is not available")
(error "line 15593 column 19: model is not available")
(error "line 15594 column 19: model is not available")
(error "line 15595 column 19: model is not available")
(error "line 15596 column 19: model is not available")
(error "line 15597 column 19: model is not available")
(error "line 15598 column 19: model is not available")
(error "line 15599 column 19: model is not available")
(error "line 15600 column 19: model is not available")
(error "line 15601 column 18: model is not available")
(error "line 15602 column 19: model is not available")
(error "line 15603 column 19: model is not available")
(error "line 15604 column 19: model is not available")
(error "line 15605 column 19: model is not available")
(error "line 15606 column 19: model is not available")
(error "line 15607 column 19: model is not available")
(error "line 15608 column 19: model is not available")
(error "line 15609 column 19: model is not available")
(error "line 15610 column 19: model is not available")
(error "line 15611 column 19: model is not available")
(error "line 15612 column 18: model is not available")
(error "line 15613 column 19: model is not available")
(error "line 15614 column 19: model is not available")
(error "line 15615 column 19: model is not available")
(error "line 15616 column 19: model is not available")
(error "line 15617 column 19: model is not available")
(error "line 15618 column 19: model is not available")
(error "line 15619 column 19: model is not available")
(error "line 15620 column 19: model is not available")
(error "line 15621 column 19: model is not available")
(error "line 15622 column 19: model is not available")
(error "line 15623 column 18: model is not available")
(error "line 15624 column 19: model is not available")
(error "line 15625 column 19: model is not available")
(error "line 15626 column 19: model is not available")
(error "line 15627 column 19: model is not available")
(error "line 15628 column 19: model is not available")
(error "line 15629 column 19: model is not available")
(error "line 15630 column 19: model is not available")
(error "line 15631 column 19: model is not available")
(error "line 15632 column 19: model is not available")
(error "line 15633 column 19: model is not available")
(error "line 15634 column 18: model is not available")
(error "line 15635 column 19: model is not available")
(error "line 15636 column 19: model is not available")
(error "line 15637 column 19: model is not available")
(error "line 15638 column 19: model is not available")
(error "line 15639 column 19: model is not available")
(error "line 15640 column 19: model is not available")
(error "line 15641 column 19: model is not available")
(error "line 15642 column 19: model is not available")
(error "line 15643 column 19: model is not available")
(error "line 15644 column 19: model is not available")
(error "line 15645 column 18: model is not available")
(error "line 15646 column 19: model is not available")
(error "line 15647 column 19: model is not available")
(error "line 15648 column 19: model is not available")
(error "line 15649 column 19: model is not available")
(error "line 15650 column 19: model is not available")
(error "line 15651 column 19: model is not available")
(error "line 15652 column 19: model is not available")
(error "line 15653 column 19: model is not available")
(error "line 15654 column 19: model is not available")
(error "line 15655 column 19: model is not available")
(error "line 15656 column 18: model is not available")
(error "line 15657 column 19: model is not available")
(error "line 15658 column 19: model is not available")
(error "line 15659 column 19: model is not available")
(error "line 15660 column 19: model is not available")
(error "line 15661 column 19: model is not available")
(error "line 15662 column 19: model is not available")
(error "line 15663 column 19: model is not available")
(error "line 15664 column 19: model is not available")
(error "line 15665 column 19: model is not available")
(error "line 15666 column 19: model is not available")
(error "line 15667 column 17: model is not available")
(error "line 15668 column 18: model is not available")
(error "line 15669 column 19: model is not available")
(error "line 15670 column 19: model is not available")
(error "line 15671 column 19: model is not available")
(error "line 15672 column 19: model is not available")
(error "line 15673 column 19: model is not available")
(error "line 15674 column 19: model is not available")
(error "line 15675 column 19: model is not available")
(error "line 15676 column 19: model is not available")
(error "line 15677 column 19: model is not available")
(error "line 15678 column 19: model is not available")
(error "line 15679 column 18: model is not available")
(error "line 15680 column 19: model is not available")
(error "line 15681 column 19: model is not available")
(error "line 15682 column 19: model is not available")
(error "line 15683 column 19: model is not available")
(error "line 15684 column 19: model is not available")
(error "line 15685 column 19: model is not available")
(error "line 15686 column 19: model is not available")
(error "line 15687 column 19: model is not available")
(error "line 15688 column 19: model is not available")
(error "line 15689 column 19: model is not available")
(error "line 15690 column 18: model is not available")
(error "line 15691 column 19: model is not available")
(error "line 15692 column 19: model is not available")
(error "line 15693 column 19: model is not available")
(error "line 15694 column 19: model is not available")
(error "line 15695 column 19: model is not available")
(error "line 15696 column 19: model is not available")
(error "line 15697 column 19: model is not available")
(error "line 15698 column 19: model is not available")
(error "line 15699 column 19: model is not available")
(error "line 15700 column 19: model is not available")
(error "line 15701 column 18: model is not available")
(error "line 15702 column 19: model is not available")
(error "line 15703 column 19: model is not available")
(error "line 15704 column 19: model is not available")
(error "line 15705 column 19: model is not available")
(error "line 15706 column 19: model is not available")
(error "line 15707 column 19: model is not available")
(error "line 15708 column 19: model is not available")
(error "line 15709 column 19: model is not available")
(error "line 15710 column 19: model is not available")
(error "line 15711 column 19: model is not available")
(error "line 15712 column 18: model is not available")
(error "line 15713 column 19: model is not available")
(error "line 15714 column 19: model is not available")
(error "line 15715 column 19: model is not available")
(error "line 15716 column 19: model is not available")
(error "line 15717 column 19: model is not available")
(error "line 15718 column 19: model is not available")
(error "line 15719 column 19: model is not available")
(error "line 15720 column 19: model is not available")
(error "line 15721 column 19: model is not available")
(error "line 15722 column 19: model is not available")
(error "line 15723 column 18: model is not available")
(error "line 15724 column 19: model is not available")
(error "line 15725 column 19: model is not available")
(error "line 15726 column 19: model is not available")
(error "line 15727 column 19: model is not available")
(error "line 15728 column 19: model is not available")
(error "line 15729 column 19: model is not available")
(error "line 15730 column 19: model is not available")
(error "line 15731 column 19: model is not available")
(error "line 15732 column 19: model is not available")
(error "line 15733 column 19: model is not available")
(error "line 15734 column 18: model is not available")
(error "line 15735 column 19: model is not available")
(error "line 15736 column 19: model is not available")
(error "line 15737 column 19: model is not available")
(error "line 15738 column 19: model is not available")
(error "line 15739 column 19: model is not available")
(error "line 15740 column 19: model is not available")
(error "line 15741 column 19: model is not available")
(error "line 15742 column 19: model is not available")
(error "line 15743 column 19: model is not available")
(error "line 15744 column 19: model is not available")
(error "line 15745 column 18: model is not available")
(error "line 15746 column 19: model is not available")
(error "line 15747 column 19: model is not available")
(error "line 15748 column 19: model is not available")
(error "line 15749 column 19: model is not available")
(error "line 15750 column 19: model is not available")
(error "line 15751 column 19: model is not available")
(error "line 15752 column 19: model is not available")
(error "line 15753 column 19: model is not available")
(error "line 15754 column 19: model is not available")
(error "line 15755 column 19: model is not available")
(error "line 15756 column 18: model is not available")
(error "line 15757 column 19: model is not available")
(error "line 15758 column 19: model is not available")
(error "line 15759 column 19: model is not available")
(error "line 15760 column 19: model is not available")
(error "line 15761 column 19: model is not available")
(error "line 15762 column 19: model is not available")
(error "line 15763 column 19: model is not available")
(error "line 15764 column 19: model is not available")
(error "line 15765 column 19: model is not available")
(error "line 15766 column 19: model is not available")
(error "line 15767 column 18: model is not available")
(error "line 15768 column 19: model is not available")
(error "line 15769 column 19: model is not available")
(error "line 15770 column 19: model is not available")
(error "line 15771 column 19: model is not available")
(error "line 15772 column 19: model is not available")
(error "line 15773 column 19: model is not available")
(error "line 15774 column 19: model is not available")
(error "line 15775 column 19: model is not available")
(error "line 15776 column 19: model is not available")
(error "line 15777 column 19: model is not available")
(error "line 15778 column 17: model is not available")
(error "line 15779 column 18: model is not available")
(error "line 15780 column 19: model is not available")
(error "line 15781 column 19: model is not available")
(error "line 15782 column 19: model is not available")
(error "line 15783 column 19: model is not available")
(error "line 15784 column 19: model is not available")
(error "line 15785 column 19: model is not available")
(error "line 15786 column 19: model is not available")
(error "line 15787 column 19: model is not available")
(error "line 15788 column 19: model is not available")
(error "line 15789 column 19: model is not available")
(error "line 15790 column 18: model is not available")
(error "line 15791 column 19: model is not available")
(error "line 15792 column 19: model is not available")
(error "line 15793 column 19: model is not available")
(error "line 15794 column 19: model is not available")
(error "line 15795 column 19: model is not available")
(error "line 15796 column 19: model is not available")
(error "line 15797 column 19: model is not available")
(error "line 15798 column 19: model is not available")
(error "line 15799 column 19: model is not available")
(error "line 15800 column 19: model is not available")
(error "line 15801 column 18: model is not available")
(error "line 15802 column 19: model is not available")
(error "line 15803 column 19: model is not available")
(error "line 15804 column 19: model is not available")
(error "line 15805 column 19: model is not available")
(error "line 15806 column 19: model is not available")
(error "line 15807 column 19: model is not available")
(error "line 15808 column 19: model is not available")
(error "line 15809 column 19: model is not available")
(error "line 15810 column 19: model is not available")
(error "line 15811 column 19: model is not available")
(error "line 15812 column 18: model is not available")
(error "line 15813 column 19: model is not available")
(error "line 15814 column 19: model is not available")
(error "line 15815 column 18: model is not available")
(error "line 15816 column 18: model is not available")
(error "line 15817 column 18: model is not available")
(error "line 15818 column 18: model is not available")
(error "line 15819 column 18: model is not available")
(error "line 15820 column 18: model is not available")
(error "line 15821 column 17: model is not available")
(error "line 15822 column 18: model is not available")
(error "line 15823 column 18: model is not available")
(error "line 15824 column 18: model is not available")
(error "line 15825 column 18: model is not available")
(error "line 15826 column 18: model is not available")
(error "line 15827 column 18: model is not available")
(error "line 15828 column 18: model is not available")
(error "line 15829 column 18: model is not available")
(error "line 15830 column 18: model is not available")
(error "line 15831 column 18: model is not available")
(error "line 15832 column 17: model is not available")
(error "line 15833 column 18: model is not available")
(error "line 15834 column 18: model is not available")
(error "line 15835 column 18: model is not available")
(error "line 15836 column 18: model is not available")
(error "line 15837 column 18: model is not available")
(error "line 15838 column 18: model is not available")
(error "line 15839 column 18: model is not available")
(error "line 15840 column 18: model is not available")
(error "line 15841 column 18: model is not available")
(error "line 15842 column 18: model is not available")
(error "line 15843 column 17: model is not available")
(error "line 15844 column 18: model is not available")
(error "line 15845 column 18: model is not available")
(error "line 15846 column 18: model is not available")
(error "line 15847 column 18: model is not available")
(error "line 15848 column 18: model is not available")
(error "line 15849 column 18: model is not available")
(error "line 15850 column 18: model is not available")
(error "line 15851 column 18: model is not available")
(error "line 15852 column 18: model is not available")
(error "line 15853 column 18: model is not available")
(error "line 15854 column 17: model is not available")
(error "line 15855 column 18: model is not available")
(error "line 15856 column 18: model is not available")
(error "line 15857 column 18: model is not available")
(error "line 15858 column 18: model is not available")
(error "line 15859 column 18: model is not available")
(error "line 15860 column 18: model is not available")
(error "line 15861 column 18: model is not available")
(error "line 15862 column 18: model is not available")
(error "line 15863 column 18: model is not available")
(error "line 15864 column 18: model is not available")
(error "line 15865 column 38: model is not available")
(error "line 15866 column 45: model is not available")
(error "line 15867 column 38: model is not available")
(error "line 15868 column 45: model is not available")
(error "line 15869 column 46: model is not available")
(error "line 15870 column 53: model is not available")
(error "line 15871 column 40: model is not available")
(error "line 15872 column 47: model is not available")
(error "line 15873 column 38: model is not available")
(error "line 15874 column 45: model is not available")
(error "line 15875 column 38: model is not available")
(error "line 15876 column 45: model is not available")
(error "line 15877 column 41: model is not available")
(error "line 15878 column 48: model is not available")
(error "line 15879 column 42: model is not available")
(error "line 15880 column 42: model is not available")
(error "line 15881 column 49: model is not available")
(error "line 15882 column 42: model is not available")
(error "line 15883 column 49: model is not available")
(error "line 15884 column 42: model is not available")
(error "line 15885 column 42: model is not available")
(error "line 15886 column 49: model is not available")
(error "line 15887 column 42: model is not available")
(error "line 15888 column 49: model is not available")
(error "line 15889 column 42: model is not available")
(error "line 15890 column 42: model is not available")
(error "line 15891 column 49: model is not available")
(error "line 15892 column 41: model is not available")
(error "line 15893 column 48: model is not available")
(error "line 15894 column 41: model is not available")
(error "line 15895 column 48: model is not available")
(error "line 15896 column 41: model is not available")
(error "line 15897 column 41: model is not available")
(error "line 15898 column 48: model is not available")
(error "line 15899 column 41: model is not available")
(error "line 15900 column 48: model is not available")
(error "line 15901 column 41: model is not available")
(error "line 15902 column 41: model is not available")
(error "line 15903 column 48: model is not available")
(error "line 15904 column 41: model is not available")
(error "line 15905 column 48: model is not available")
(error "line 15906 column 37: model is not available")
(error "line 15907 column 44: model is not available")
(error "line 15908 column 42: model is not available")
(error "line 15909 column 42: model is not available")
(error "line 15910 column 42: model is not available")
(error "line 15911 column 42: model is not available")
(error "line 15912 column 42: model is not available")
(error "line 15913 column 42: model is not available")
(error "line 15914 column 42: model is not available")
(error "line 15915 column 38: model is not available")
(error "line 15916 column 38: model is not available")
(error "line 15917 column 38: model is not available")
(error "line 15918 column 38: model is not available")
(error "line 15919 column 38: model is not available")
(error "line 15920 column 38: model is not available")
(error "line 15921 column 38: model is not available")
(error "line 15922 column 38: model is not available")
(error "line 15923 column 38: model is not available")
(error "line 15924 column 38: model is not available")
(error "line 15925 column 38: model is not available")
(error "line 15926 column 38: model is not available")
(error "line 15927 column 38: model is not available")
(error "line 15928 column 41: model is not available")
(error "line 15929 column 48: model is not available")
(error "line 15930 column 42: model is not available")
(error "line 15931 column 49: model is not available")
(error "line 15932 column 42: model is not available")
(error "line 15933 column 49: model is not available")
(error "line 15934 column 42: model is not available")
(error "line 15935 column 49: model is not available")
(error "line 15936 column 42: model is not available")
(error "line 15937 column 49: model is not available")
(error "line 15938 column 41: model is not available")
(error "line 15939 column 48: model is not available")
(error "line 15940 column 41: model is not available")
(error "line 15941 column 48: model is not available")
(error "line 15942 column 41: model is not available")
(error "line 15943 column 48: model is not available")
(error "line 15944 column 41: model is not available")
(error "line 15945 column 48: model is not available")
(error "line 15946 column 41: model is not available")
(error "line 15947 column 48: model is not available")
(error "line 15948 column 41: model is not available")
(error "line 15949 column 48: model is not available")
(error "line 15950 column 41: model is not available")
(error "line 15951 column 48: model is not available")
(error "line 15952 column 41: model is not available")
(error "line 15953 column 48: model is not available")
(error "line 15954 column 55: model is not available")
(error "line 15955 column 55: model is not available")
(error "line 15956 column 55: model is not available")
(error "line 15957 column 55: model is not available")
(error "line 15958 column 55: model is not available")
(error "line 15959 column 55: model is not available")
(error "line 15960 column 55: model is not available")
(error "line 15961 column 53: model is not available")
(error "line 15962 column 53: model is not available")
(error "line 15963 column 53: model is not available")
(error "line 15964 column 53: model is not available")
(error "line 15965 column 53: model is not available")
(error "line 15966 column 53: model is not available")
(error "line 15967 column 18: model is not available")
(error "line 15968 column 25: model is not available")
(error "line 15969 column 19: model is not available")
(error "line 15970 column 26: model is not available")
(error "line 15971 column 19: model is not available")
(error "line 15972 column 26: model is not available")
(error "line 15973 column 19: model is not available")
(error "line 15974 column 26: model is not available")
(error "line 15975 column 19: model is not available")
(error "line 15976 column 26: model is not available")
(error "line 15977 column 19: model is not available")
(error "line 15978 column 26: model is not available")
(error "line 15979 column 19: model is not available")
(error "line 15980 column 26: model is not available")
(error "line 15981 column 19: model is not available")
(error "line 15982 column 26: model is not available")
(error "line 15983 column 19: model is not available")
(error "line 15984 column 26: model is not available")
(error "line 15985 column 19: model is not available")
(error "line 15986 column 26: model is not available")
(error "line 15987 column 19: model is not available")
(error "line 15988 column 26: model is not available")
(error "line 15989 column 18: model is not available")
(error "line 15990 column 25: model is not available")
(error "line 15991 column 19: model is not available")
(error "line 15992 column 26: model is not available")
(error "line 15993 column 19: model is not available")
(error "line 15994 column 26: model is not available")
(error "line 15995 column 19: model is not available")
(error "line 15996 column 26: model is not available")
(error "line 15997 column 18: model is not available")
(error "line 15998 column 25: model is not available")
(error "line 15999 column 18: model is not available")
(error "line 16000 column 25: model is not available")
(error "line 16001 column 18: model is not available")
(error "line 16002 column 25: model is not available")
(error "line 16003 column 18: model is not available")
(error "line 16004 column 25: model is not available")
(error "line 16005 column 18: model is not available")
(error "line 16006 column 25: model is not available")
(error "line 16007 column 18: model is not available")
(error "line 16008 column 25: model is not available")
(error "line 16009 column 18: model is not available")
(error "line 16010 column 25: model is not available")
(error "line 16011 column 38: model is not available")
(error "line 16012 column 39: model is not available")
(error "line 16013 column 39: model is not available")
(error "line 16014 column 39: model is not available")
(error "line 16015 column 39: model is not available")
(error "line 16016 column 39: model is not available")
(error "line 16017 column 39: model is not available")
(error "line 16018 column 39: model is not available")
(error "line 16019 column 39: model is not available")
(error "line 16020 column 39: model is not available")
(error "line 16021 column 39: model is not available")
(error "line 16022 column 38: model is not available")
(error "line 16023 column 39: model is not available")
(error "line 16024 column 38: model is not available")
(error "line 16025 column 38: model is not available")
(error "line 16026 column 38: model is not available")
(error "line 16027 column 38: model is not available")
(error "line 16028 column 38: model is not available")
(error "line 16029 column 38: model is not available")
(error "line 16030 column 38: model is not available")
(error "line 16031 column 36: model is not available")
(error "line 16032 column 36: model is not available")
(error "line 16033 column 36: model is not available")
(error "line 16034 column 36: model is not available")
(error "line 16035 column 36: model is not available")
(error "line 16036 column 36: model is not available")
(error "line 16037 column 36: model is not available")
(error "line 16038 column 69: model is not available")
(error "line 16039 column 70: model is not available")
(error "line 16040 column 70: model is not available")
(error "line 16041 column 70: model is not available")
(error "line 16042 column 70: model is not available")
(error "line 16043 column 70: model is not available")
(error "line 16044 column 70: model is not available")
(error "line 16045 column 70: model is not available")
(error "line 16046 column 70: model is not available")
(error "line 16047 column 69: model is not available")
(error "line 16048 column 69: model is not available")
(error "line 16049 column 69: model is not available")
(error "line 16050 column 69: model is not available")
(error "line 16051 column 69: model is not available")
(error "line 16052 column 69: model is not available")
(error "line 16053 column 69: model is not available")
(error "line 16054 column 69: model is not available")
(error "line 16055 column 29: model is not available")
(error "line 16056 column 31: model is not available")
(error "line 16057 column 38: model is not available")
(error "line 16058 column 31: model is not available")
(error "line 16059 column 38: model is not available")
(error "line 16060 column 31: model is not available")
(error "line 16061 column 38: model is not available")
(error "line 16062 column 31: model is not available")
(error "line 16063 column 38: model is not available")
(error "line 16064 column 31: model is not available")
(error "line 16065 column 38: model is not available")
(error "line 16066 column 31: model is not available")
(error "line 16067 column 38: model is not available")
(error "line 16068 column 31: model is not available")
(error "line 16069 column 38: model is not available")
(error "line 16070 column 53: model is not available")
(error "line 16071 column 52: model is not available")
(error "line 16072 column 53: model is not available")
(error "line 16073 column 53: model is not available")
(error "line 16074 column 52: model is not available")
(error "line 16075 column 53: model is not available")
(error "line 16076 column 53: model is not available")
(error "line 16077 column 53: model is not available")
(error "line 16078 column 52: model is not available")
(error "line 16079 column 53: model is not available")
(error "line 16080 column 53: model is not available")
(error "line 16081 column 53: model is not available")
(error "line 16082 column 53: model is not available")
(error "line 16083 column 52: model is not available")
(error "line 16084 column 53: model is not available")
(error "line 16085 column 53: model is not available")
(error "line 16086 column 53: model is not available")
(error "line 16087 column 53: model is not available")
(error "line 16088 column 53: model is not available")
(error "line 16089 column 52: model is not available")
(error "line 16090 column 54: model is not available")
(error "line 16091 column 53: model is not available")
(error "line 16092 column 53: model is not available")
(error "line 16093 column 53: model is not available")
(error "line 16094 column 53: model is not available")
(error "line 16095 column 53: model is not available")
(error "line 16096 column 53: model is not available")
(error "line 16097 column 53: model is not available")
(error "line 16098 column 54: model is not available")
(error "line 16099 column 54: model is not available")
(error "line 16100 column 53: model is not available")
(error "line 16101 column 53: model is not available")
(error "line 16102 column 53: model is not available")
(error "line 16103 column 53: model is not available")
(error "line 16104 column 53: model is not available")
(error "line 16105 column 53: model is not available")
(error "line 16106 column 53: model is not available")
(error "line 16107 column 54: model is not available")
(error "line 16108 column 54: model is not available")
(error "line 16109 column 53: model is not available")
(error "line 16110 column 53: model is not available")
(error "line 16111 column 53: model is not available")
(error "line 16112 column 53: model is not available")
(error "line 16113 column 53: model is not available")
(error "line 16114 column 53: model is not available")
(error "line 16115 column 53: model is not available")
(error "line 16116 column 53: model is not available")
(error "line 16117 column 53: model is not available")
(error "line 16118 column 53: model is not available")
(error "line 16119 column 53: model is not available")
(error "line 16120 column 53: model is not available")
(error "line 16121 column 53: model is not available")
(error "line 16122 column 53: model is not available")
(error "line 16123 column 53: model is not available")
(error "line 16124 column 53: model is not available")
(error "line 16125 column 53: model is not available")
(error "line 16126 column 53: model is not available")
(error "line 16127 column 53: model is not available")
(error "line 16128 column 53: model is not available")
(error "line 16129 column 53: model is not available")
(error "line 16130 column 53: model is not available")
(error "line 16131 column 53: model is not available")
(error "line 16132 column 53: model is not available")
(error "line 16133 column 53: model is not available")
(error "line 16134 column 53: model is not available")
(error "line 16135 column 51: model is not available")
(error "line 16136 column 52: model is not available")
(error "line 16137 column 52: model is not available")
(error "line 16138 column 52: model is not available")
(error "line 16139 column 52: model is not available")
(error "line 16140 column 52: model is not available")
(error "line 16141 column 53: model is not available")
(error "line 16142 column 53: model is not available")
(error "line 16143 column 52: model is not available")
(error "line 16144 column 52: model is not available")
(error "line 16145 column 52: model is not available")
(error "line 16146 column 52: model is not available")
(error "line 16147 column 52: model is not available")
(error "line 16148 column 52: model is not available")
(error "line 16149 column 52: model is not available")
(error "line 16150 column 52: model is not available")
(error "line 16151 column 52: model is not available")
(error "line 16152 column 52: model is not available")
(error "line 16153 column 52: model is not available")
(error "line 16154 column 52: model is not available")
(error "line 16155 column 52: model is not available")
(error "line 16156 column 52: model is not available")
(error "line 16157 column 52: model is not available")
(error "line 16158 column 53: model is not available")
(error "line 16159 column 53: model is not available")
(error "line 16160 column 53: model is not available")
(error "line 16161 column 52: model is not available")
(error "line 16162 column 52: model is not available")
(error "line 16163 column 52: model is not available")
(error "line 16164 column 52: model is not available")
(error "line 16165 column 52: model is not available")
(error "line 16166 column 52: model is not available")
(error "line 16167 column 52: model is not available")
(error "line 16168 column 52: model is not available")
(error "line 16169 column 52: model is not available")
(error "line 16170 column 52: model is not available")
(error "line 16171 column 52: model is not available")
(error "line 16172 column 53: model is not available")
(error "line 16173 column 53: model is not available")
(error "line 16174 column 53: model is not available")
(error "line 16175 column 53: model is not available")
(error "line 16176 column 53: model is not available")
(error "line 16177 column 53: model is not available")
(error "line 16178 column 53: model is not available")
(error "line 16179 column 51: model is not available")
(error "line 16180 column 52: model is not available")
(error "line 16181 column 52: model is not available")
(error "line 16182 column 52: model is not available")
(error "line 16183 column 53: model is not available")
(error "line 16184 column 53: model is not available")
(error "line 16185 column 53: model is not available")
(error "line 16186 column 53: model is not available")
(error "line 16187 column 52: model is not available")
(error "line 16188 column 52: model is not available")
(error "line 16189 column 52: model is not available")
(error "line 16190 column 52: model is not available")
(error "line 16191 column 52: model is not available")
(error "line 16192 column 52: model is not available")
(error "line 16193 column 52: model is not available")
(error "line 16194 column 52: model is not available")
(error "line 16195 column 52: model is not available")
(error "line 16196 column 52: model is not available")
(error "line 16197 column 52: model is not available")
(error "line 16198 column 52: model is not available")
(error "line 16199 column 52: model is not available")
(error "line 16200 column 52: model is not available")
(error "line 16201 column 52: model is not available")
(error "line 16202 column 53: model is not available")
(error "line 16203 column 53: model is not available")
(error "line 16204 column 53: model is not available")
(error "line 16205 column 52: model is not available")
(error "line 16206 column 52: model is not available")
(error "line 16207 column 52: model is not available")
(error "line 16208 column 52: model is not available")
(error "line 16209 column 52: model is not available")
(error "line 16210 column 52: model is not available")
(error "line 16211 column 52: model is not available")
(error "line 16212 column 52: model is not available")
(error "line 16213 column 52: model is not available")
(error "line 16214 column 52: model is not available")
(error "line 16215 column 52: model is not available")
(error "line 16216 column 54: model is not available")
(error "line 16217 column 54: model is not available")
(error "line 16218 column 54: model is not available")
(error "line 16219 column 54: model is not available")
(error "line 16220 column 54: model is not available")
(error "line 16221 column 54: model is not available")
(error "line 16222 column 54: model is not available")
(error "line 16223 column 52: model is not available")
(error "line 16224 column 53: model is not available")
(error "line 16225 column 53: model is not available")
(error "line 16226 column 53: model is not available")
(error "line 16227 column 53: model is not available")
(error "line 16228 column 53: model is not available")
(error "line 16229 column 53: model is not available")
(error "line 16230 column 53: model is not available")
(error "line 16231 column 52: model is not available")
(error "line 16232 column 52: model is not available")
(error "line 16233 column 52: model is not available")
(error "line 16234 column 52: model is not available")
(error "line 16235 column 52: model is not available")
(error "line 16236 column 52: model is not available")
(error "line 16237 column 52: model is not available")
(error "line 16238 column 52: model is not available")
(error "line 16239 column 52: model is not available")
(error "line 16240 column 52: model is not available")
(error "line 16241 column 53: model is not available")
(error "line 16242 column 53: model is not available")
(error "line 16243 column 53: model is not available")
(error "line 16244 column 53: model is not available")
(error "line 16245 column 53: model is not available")
(error "line 16246 column 53: model is not available")
(error "line 16247 column 53: model is not available")
(error "line 16248 column 53: model is not available")
(error "line 16249 column 52: model is not available")
(error "line 16250 column 52: model is not available")
(error "line 16251 column 52: model is not available")
(error "line 16252 column 52: model is not available")
(error "line 16253 column 52: model is not available")
(error "line 16254 column 52: model is not available")
(error "line 16255 column 52: model is not available")
(error "line 16256 column 52: model is not available")
(error "line 16257 column 52: model is not available")
(error "line 16258 column 52: model is not available")
(error "line 16259 column 52: model is not available")
(error "line 16260 column 54: model is not available")
(error "line 16261 column 54: model is not available")
(error "line 16262 column 54: model is not available")
(error "line 16263 column 54: model is not available")
(error "line 16264 column 54: model is not available")
(error "line 16265 column 54: model is not available")
(error "line 16266 column 54: model is not available")
(error "line 16267 column 52: model is not available")
(error "line 16268 column 53: model is not available")
(error "line 16269 column 53: model is not available")
(error "line 16270 column 53: model is not available")
(error "line 16271 column 53: model is not available")
(error "line 16272 column 53: model is not available")
(error "line 16273 column 53: model is not available")
(error "line 16274 column 53: model is not available")
(error "line 16275 column 52: model is not available")
(error "line 16276 column 52: model is not available")
(error "line 16277 column 52: model is not available")
(error "line 16278 column 52: model is not available")
(error "line 16279 column 52: model is not available")
(error "line 16280 column 52: model is not available")
(error "line 16281 column 52: model is not available")
(error "line 16282 column 52: model is not available")
(error "line 16283 column 53: model is not available")
(error "line 16284 column 53: model is not available")
(error "line 16285 column 53: model is not available")
(error "line 16286 column 53: model is not available")
(error "line 16287 column 53: model is not available")
(error "line 16288 column 53: model is not available")
(error "line 16289 column 53: model is not available")
(error "line 16290 column 53: model is not available")
(error "line 16291 column 53: model is not available")
(error "line 16292 column 53: model is not available")
(error "line 16293 column 52: model is not available")
(error "line 16294 column 52: model is not available")
(error "line 16295 column 52: model is not available")
(error "line 16296 column 52: model is not available")
(error "line 16297 column 52: model is not available")
(error "line 16298 column 52: model is not available")
(error "line 16299 column 52: model is not available")
(error "line 16300 column 52: model is not available")
(error "line 16301 column 52: model is not available")
(error "line 16302 column 52: model is not available")
(error "line 16303 column 52: model is not available")
(error "line 16304 column 54: model is not available")
(error "line 16305 column 54: model is not available")
(error "line 16306 column 54: model is not available")
(error "line 16307 column 54: model is not available")
(error "line 16308 column 54: model is not available")
(error "line 16309 column 54: model is not available")
(error "line 16310 column 54: model is not available")
(error "line 16311 column 52: model is not available")
(error "line 16312 column 53: model is not available")
(error "line 16313 column 53: model is not available")
(error "line 16314 column 53: model is not available")
(error "line 16315 column 53: model is not available")
(error "line 16316 column 53: model is not available")
(error "line 16317 column 53: model is not available")
(error "line 16318 column 53: model is not available")
(error "line 16319 column 52: model is not available")
(error "line 16320 column 52: model is not available")
(error "line 16321 column 52: model is not available")
(error "line 16322 column 52: model is not available")
(error "line 16323 column 52: model is not available")
(error "line 16324 column 52: model is not available")
(error "line 16325 column 52: model is not available")
(error "line 16326 column 52: model is not available")
(error "line 16327 column 53: model is not available")
(error "line 16328 column 53: model is not available")
(error "line 16329 column 53: model is not available")
(error "line 16330 column 53: model is not available")
(error "line 16331 column 53: model is not available")
(error "line 16332 column 53: model is not available")
(error "line 16333 column 53: model is not available")
(error "line 16334 column 53: model is not available")
(error "line 16335 column 53: model is not available")
(error "line 16336 column 53: model is not available")
(error "line 16337 column 52: model is not available")
(error "line 16338 column 52: model is not available")
(error "line 16339 column 52: model is not available")
(error "line 16340 column 52: model is not available")
(error "line 16341 column 52: model is not available")
(error "line 16342 column 52: model is not available")
(error "line 16343 column 52: model is not available")
(error "line 16344 column 52: model is not available")
(error "line 16345 column 52: model is not available")
(error "line 16346 column 52: model is not available")
(error "line 16347 column 52: model is not available")
(error "line 16348 column 54: model is not available")
(error "line 16349 column 54: model is not available")
(error "line 16350 column 54: model is not available")
(error "line 16351 column 54: model is not available")
(error "line 16352 column 54: model is not available")
(error "line 16353 column 54: model is not available")
(error "line 16354 column 54: model is not available")
(error "line 16355 column 52: model is not available")
(error "line 16356 column 53: model is not available")
(error "line 16357 column 53: model is not available")
(error "line 16358 column 53: model is not available")
(error "line 16359 column 53: model is not available")
(error "line 16360 column 53: model is not available")
(error "line 16361 column 53: model is not available")
(error "line 16362 column 53: model is not available")
(error "line 16363 column 52: model is not available")
(error "line 16364 column 52: model is not available")
(error "line 16365 column 52: model is not available")
(error "line 16366 column 52: model is not available")
(error "line 16367 column 52: model is not available")
(error "line 16368 column 52: model is not available")
(error "line 16369 column 52: model is not available")
(error "line 16370 column 52: model is not available")
(error "line 16371 column 53: model is not available")
(error "line 16372 column 53: model is not available")
(error "line 16373 column 53: model is not available")
(error "line 16374 column 53: model is not available")
(error "line 16375 column 53: model is not available")
(error "line 16376 column 53: model is not available")
(error "line 16377 column 53: model is not available")
(error "line 16378 column 53: model is not available")
(error "line 16379 column 53: model is not available")
(error "line 16380 column 53: model is not available")
(error "line 16381 column 52: model is not available")
(error "line 16382 column 52: model is not available")
(error "line 16383 column 52: model is not available")
(error "line 16384 column 52: model is not available")
(error "line 16385 column 52: model is not available")
(error "line 16386 column 52: model is not available")
(error "line 16387 column 52: model is not available")
(error "line 16388 column 52: model is not available")
(error "line 16389 column 52: model is not available")
(error "line 16390 column 52: model is not available")
(error "line 16391 column 52: model is not available")
(error "line 16392 column 57: model is not available")
(error "line 16393 column 57: model is not available")
(error "line 16394 column 57: model is not available")
(error "line 16395 column 57: model is not available")
(error "line 16396 column 57: model is not available")
(error "line 16397 column 57: model is not available")
(error "line 16398 column 57: model is not available")
(error "line 16399 column 57: model is not available")
(error "line 16400 column 57: model is not available")
(error "line 16401 column 57: model is not available")
(error "line 16402 column 57: model is not available")
(error "line 16403 column 57: model is not available")
(error "line 16404 column 58: model is not available")
(error "line 16405 column 58: model is not available")
(error "line 16406 column 58: model is not available")
(error "line 16407 column 58: model is not available")
(error "line 16408 column 58: model is not available")
(error "line 16409 column 58: model is not available")
(error "line 16410 column 57: model is not available")
(error "line 16411 column 57: model is not available")
(error "line 16412 column 57: model is not available")
(error "line 16413 column 57: model is not available")
(error "line 16414 column 57: model is not available")
(error "line 16415 column 57: model is not available")
(error "line 16416 column 57: model is not available")
(error "line 16417 column 57: model is not available")
(error "line 16418 column 57: model is not available")
(error "line 16419 column 57: model is not available")
(error "line 16420 column 57: model is not available")
(error "line 16421 column 57: model is not available")
(error "line 16422 column 57: model is not available")
(error "line 16423 column 57: model is not available")
(error "line 16424 column 57: model is not available")
(error "line 16425 column 57: model is not available")
(error "line 16426 column 57: model is not available")
(error "line 16427 column 57: model is not available")
(error "line 16428 column 57: model is not available")
(error "line 16429 column 57: model is not available")
(error "line 16430 column 57: model is not available")
(error "line 16431 column 57: model is not available")
(error "line 16432 column 57: model is not available")
(error "line 16433 column 57: model is not available")
(error "line 16434 column 57: model is not available")
(error "line 16435 column 57: model is not available")
(error "line 16436 column 57: model is not available")
(error "line 16437 column 57: model is not available")
(error "line 16438 column 57: model is not available")
(error "line 16439 column 57: model is not available")
(error "line 16440 column 57: model is not available")
(error "line 16441 column 57: model is not available")
(error "line 16442 column 57: model is not available")
(error "line 16443 column 57: model is not available")
(error "line 16444 column 57: model is not available")
(error "line 16445 column 57: model is not available")
(error "line 16446 column 58: model is not available")
(error "line 16447 column 58: model is not available")
(error "line 16448 column 58: model is not available")
(error "line 16449 column 58: model is not available")
(error "line 16450 column 58: model is not available")
(error "line 16451 column 58: model is not available")
(error "line 16452 column 57: model is not available")
(error "line 16453 column 57: model is not available")
(error "line 16454 column 57: model is not available")
(error "line 16455 column 57: model is not available")
(error "line 16456 column 57: model is not available")
(error "line 16457 column 57: model is not available")
(error "line 16458 column 58: model is not available")
(error "line 16459 column 58: model is not available")
(error "line 16460 column 58: model is not available")
(error "line 16461 column 58: model is not available")
(error "line 16462 column 58: model is not available")
(error "line 16463 column 58: model is not available")
(error "line 16464 column 58: model is not available")
(error "line 16465 column 58: model is not available")
(error "line 16466 column 58: model is not available")
(error "line 16467 column 58: model is not available")
(error "line 16468 column 56: model is not available")
(error "line 16469 column 56: model is not available")
(error "line 16470 column 56: model is not available")
(error "line 16471 column 56: model is not available")
(error "line 16472 column 56: model is not available")
(error "line 16473 column 56: model is not available")
(error "line 16474 column 56: model is not available")
(error "line 16475 column 56: model is not available")
(error "line 16476 column 56: model is not available")
(error "line 16477 column 56: model is not available")
(error "line 16478 column 56: model is not available")
(error "line 16479 column 56: model is not available")
(error "line 16480 column 56: model is not available")
(error "line 16481 column 56: model is not available")
(error "line 16482 column 56: model is not available")
(error "line 16483 column 56: model is not available")
(error "line 16484 column 56: model is not available")
(error "line 16485 column 56: model is not available")
(error "line 16486 column 56: model is not available")
(error "line 16487 column 56: model is not available")
(error "line 16488 column 56: model is not available")
(error "line 16489 column 56: model is not available")
(error "line 16490 column 56: model is not available")
(error "line 16491 column 56: model is not available")
(error "line 16492 column 56: model is not available")
(error "line 16493 column 58: model is not available")
(error "line 16494 column 58: model is not available")
(error "line 16495 column 58: model is not available")
(error "line 16496 column 58: model is not available")
(error "line 16497 column 58: model is not available")
(error "line 16498 column 58: model is not available")
(error "line 16499 column 58: model is not available")
(error "line 16500 column 58: model is not available")
(error "line 16501 column 56: model is not available")
(error "line 16502 column 56: model is not available")
(error "line 16503 column 56: model is not available")
(error "line 16504 column 56: model is not available")
(error "line 16505 column 56: model is not available")
(error "line 16506 column 56: model is not available")
(error "line 16507 column 56: model is not available")
(error "line 16508 column 56: model is not available")
(error "line 16509 column 56: model is not available")
(error "line 16510 column 56: model is not available")
(error "line 16511 column 56: model is not available")
(error "line 16512 column 56: model is not available")
(error "line 16513 column 56: model is not available")
(error "line 16514 column 56: model is not available")
(error "line 16515 column 56: model is not available")
(error "line 16516 column 56: model is not available")
(error "line 16517 column 56: model is not available")
(error "line 16518 column 56: model is not available")
(error "line 16519 column 56: model is not available")
(error "line 16520 column 56: model is not available")
(error "line 16521 column 58: model is not available")
(error "line 16522 column 58: model is not available")
(error "line 16523 column 58: model is not available")
(error "line 16524 column 58: model is not available")
(error "line 16525 column 58: model is not available")
(error "line 16526 column 58: model is not available")
(error "line 16527 column 56: model is not available")
(error "line 16528 column 56: model is not available")
(error "line 16529 column 56: model is not available")
(error "line 16530 column 56: model is not available")
(error "line 16531 column 56: model is not available")
(error "line 16532 column 56: model is not available")
(error "line 16533 column 56: model is not available")
(error "line 16534 column 56: model is not available")
(error "line 16535 column 56: model is not available")
(error "line 16536 column 56: model is not available")
(error "line 16537 column 56: model is not available")
(error "line 16538 column 56: model is not available")
(error "line 16539 column 56: model is not available")
(error "line 16540 column 56: model is not available")
(error "line 16541 column 56: model is not available")
(error "line 16542 column 58: model is not available")
(error "line 16543 column 58: model is not available")
(error "line 16544 column 58: model is not available")
(error "line 16545 column 58: model is not available")
(error "line 16546 column 56: model is not available")
(error "line 16547 column 56: model is not available")
(error "line 16548 column 56: model is not available")
(error "line 16549 column 56: model is not available")
(error "line 16550 column 56: model is not available")
(error "line 16551 column 56: model is not available")
(error "line 16552 column 56: model is not available")
(error "line 16553 column 56: model is not available")
(error "line 16554 column 56: model is not available")
(error "line 16555 column 56: model is not available")
(error "line 16556 column 58: model is not available")
(error "line 16557 column 58: model is not available")
(error "line 16558 column 56: model is not available")
(error "line 16559 column 56: model is not available")
(error "line 16560 column 56: model is not available")
(error "line 16561 column 56: model is not available")
(error "line 16562 column 56: model is not available")
(error "line 16563 column 36: model is not available")
(error "line 16564 column 36: model is not available")
(error "line 16565 column 36: model is not available")
(error "line 16566 column 36: model is not available")
(error "line 16567 column 36: model is not available")
(error "line 16568 column 36: model is not available")
(error "line 16569 column 46: model is not available")
(error "line 16570 column 46: model is not available")
(error "line 16571 column 47: model is not available")
(error "line 16572 column 47: model is not available")
(error "line 16573 column 47: model is not available")
(error "line 16574 column 46: model is not available")
(error "line 16575 column 46: model is not available")
(error "line 16576 column 46: model is not available")
(error "line 16577 column 46: model is not available")
(error "line 16578 column 46: model is not available")
(error "line 16579 column 46: model is not available")
(error "line 16580 column 46: model is not available")
(error "line 16581 column 46: model is not available")
(error "line 16582 column 46: model is not available")
(error "line 16583 column 46: model is not available")
(error "line 16584 column 46: model is not available")
(error "line 16585 column 46: model is not available")
(error "line 16586 column 46: model is not available")
(error "line 16587 column 46: model is not available")
(error "line 16588 column 54: model is not available")
(error "line 16589 column 54: model is not available")
(error "line 16590 column 54: model is not available")
(error "line 16591 column 54: model is not available")
(error "line 16592 column 54: model is not available")
(error "line 16593 column 54: model is not available")
(error "line 16594 column 54: model is not available")
(error "line 16595 column 54: model is not available")
(error "line 16596 column 54: model is not available")
(error "line 16597 column 54: model is not available")
(error "line 16598 column 54: model is not available")
(error "line 16599 column 54: model is not available")
(error "line 16600 column 54: model is not available")
(error "line 16601 column 54: model is not available")
(error "line 16602 column 54: model is not available")
(error "line 16603 column 54: model is not available")
(error "line 16604 column 54: model is not available")
(error "line 16605 column 54: model is not available")
(error "line 16606 column 40: model is not available")
(error "line 16607 column 40: model is not available")
(error "line 16608 column 40: model is not available")
(error "line 16609 column 40: model is not available")
(error "line 16610 column 40: model is not available")
(error "line 16611 column 40: model is not available")
(error "line 16612 column 40: model is not available")
(error "line 16613 column 40: model is not available")
(error "line 16614 column 40: model is not available")
(error "line 16615 column 40: model is not available")
(error "line 16616 column 40: model is not available")
(error "line 16617 column 40: model is not available")
(error "line 16618 column 41: model is not available")
(error "line 16619 column 41: model is not available")
(error "line 16620 column 41: model is not available")
(error "line 16621 column 41: model is not available")
(error "line 16622 column 41: model is not available")
(error "line 16623 column 41: model is not available")
(error "line 16624 column 41: model is not available")
(error "line 16625 column 41: model is not available")
(error "line 16626 column 41: model is not available")
(error "line 16627 column 41: model is not available")
(error "line 16628 column 41: model is not available")
(error "line 16629 column 41: model is not available")
(error "line 16630 column 50: model is not available")
(error "line 16631 column 50: model is not available")
(error "line 16632 column 50: model is not available")
(error "line 16633 column 50: model is not available")
(error "line 16634 column 50: model is not available")
(error "line 16635 column 50: model is not available")
(error "line 16636 column 50: model is not available")
(error "line 16637 column 50: model is not available")
(error "line 16638 column 50: model is not available")
(error "line 16639 column 50: model is not available")
(error "line 16640 column 50: model is not available")
(error "line 16641 column 50: model is not available")
(error "line 16642 column 43: model is not available")
(error "line 16643 column 43: model is not available")
(error "line 16644 column 43: model is not available")
(error "line 16645 column 43: model is not available")
(error "line 16646 column 43: model is not available")
(error "line 16647 column 43: model is not available")
(error "line 16648 column 43: model is not available")
(error "line 16649 column 43: model is not available")
(error "line 16650 column 43: model is not available")
(error "line 16651 column 43: model is not available")
(error "line 16652 column 43: model is not available")
(error "line 16653 column 43: model is not available")
(error "line 16654 column 26: model is not available")
(error "line 16655 column 18: model is not available")
(error "line 16656 column 25: model is not available")
(error "line 16657 column 19: model is not available")
(error "line 16658 column 26: model is not available")
(error "line 16659 column 19: model is not available")
(error "line 16660 column 26: model is not available")
(error "line 16661 column 19: model is not available")
(error "line 16662 column 26: model is not available")
(error "line 16663 column 19: model is not available")
(error "line 16664 column 26: model is not available")
(error "line 16665 column 19: model is not available")
(error "line 16666 column 26: model is not available")
(error "line 16667 column 19: model is not available")
(error "line 16668 column 26: model is not available")
(error "line 16669 column 19: model is not available")
(error "line 16670 column 26: model is not available")
(error "line 16671 column 19: model is not available")
(error "line 16672 column 26: model is not available")
(error "line 16673 column 19: model is not available")
(error "line 16674 column 26: model is not available")
(error "line 16675 column 19: model is not available")
(error "line 16676 column 26: model is not available")
(error "line 16677 column 18: model is not available")
(error "line 16678 column 25: model is not available")
(error "line 16679 column 19: model is not available")
(error "line 16680 column 26: model is not available")
(error "line 16681 column 19: model is not available")
(error "line 16682 column 26: model is not available")
(error "line 16683 column 19: model is not available")
(error "line 16684 column 26: model is not available")
(error "line 16685 column 18: model is not available")
(error "line 16686 column 25: model is not available")
(error "line 16687 column 18: model is not available")
(error "line 16688 column 25: model is not available")
(error "line 16689 column 18: model is not available")
(error "line 16690 column 25: model is not available")
(error "line 16691 column 18: model is not available")
(error "line 16692 column 25: model is not available")
(error "line 16693 column 18: model is not available")
(error "line 16694 column 25: model is not available")
(error "line 16695 column 18: model is not available")
(error "line 16696 column 25: model is not available")
(error "line 16697 column 18: model is not available")
(error "line 16698 column 25: model is not available")
(error "line 16699 column 18: model is not available")
(error "line 16700 column 25: model is not available")
(error "line 16701 column 19: model is not available")
(error "line 16702 column 26: model is not available")
(error "line 16703 column 19: model is not available")
(error "line 16704 column 19: model is not available")
(error "line 16705 column 26: model is not available")
(error "line 16706 column 19: model is not available")
(error "line 16707 column 26: model is not available")
(error "line 16708 column 19: model is not available")
(error "line 16709 column 19: model is not available")
(error "line 16710 column 26: model is not available")
(error "line 16711 column 19: model is not available")
(error "line 16712 column 26: model is not available")
(error "line 16713 column 19: model is not available")
(error "line 16714 column 19: model is not available")
(error "line 16715 column 26: model is not available")
(error "line 16716 column 19: model is not available")
(error "line 16717 column 26: model is not available")
(error "line 16718 column 18: model is not available")
(error "line 16719 column 25: model is not available")
(error "line 16720 column 19: model is not available")
(error "line 16721 column 19: model is not available")
(error "line 16722 column 26: model is not available")
(error "line 16723 column 19: model is not available")
(error "line 16724 column 26: model is not available")
(error "line 16725 column 19: model is not available")
(error "line 16726 column 19: model is not available")
(error "line 16727 column 26: model is not available")
(error "line 16728 column 18: model is not available")
(error "line 16729 column 18: model is not available")
(error "line 16730 column 18: model is not available")
(error "line 16731 column 25: model is not available")
(error "line 16732 column 18: model is not available")
(error "line 16733 column 25: model is not available")
(error "line 16734 column 18: model is not available")
(error "line 16735 column 18: model is not available")
(error "line 16736 column 18: model is not available")
(error "line 16737 column 25: model is not available")
(error "line 16738 column 30: model is not available")
(error "line 16739 column 30: model is not available")
(error "line 16740 column 30: model is not available")
(error "line 16741 column 30: model is not available")
(error "line 16742 column 30: model is not available")
(error "line 16743 column 30: model is not available")
(error "line 16744 column 36: model is not available")
(error "line 16745 column 36: model is not available")
(error "line 16746 column 36: model is not available")
(error "line 16747 column 36: model is not available")
(error "line 16748 column 36: model is not available")
(error "line 16749 column 36: model is not available")
(error "line 16750 column 36: model is not available")
(error "line 16751 column 36: model is not available")
(error "line 16752 column 36: model is not available")
(error "line 16753 column 36: model is not available")
(error "line 16754 column 36: model is not available")
(error "line 16755 column 36: model is not available")
(error "line 16756 column 36: model is not available")
(error "line 16757 column 29: model is not available")
(error "line 16758 column 31: model is not available")
(error "line 16759 column 38: model is not available")
(error "line 16760 column 31: model is not available")
(error "line 16761 column 38: model is not available")
(error "line 16762 column 31: model is not available")
(error "line 16763 column 38: model is not available")
(error "line 16764 column 36: model is not available")
(error "line 16765 column 29: model is not available")
(error "line 16766 column 31: model is not available")
(error "line 16767 column 38: model is not available")
(error "line 16768 column 31: model is not available")
(error "line 16769 column 38: model is not available")
(error "line 16770 column 31: model is not available")
(error "line 16771 column 38: model is not available")
(error "line 16772 column 36: model is not available")
(error "line 16773 column 29: model is not available")
(error "line 16774 column 31: model is not available")
(error "line 16775 column 38: model is not available")
(error "line 16776 column 31: model is not available")
(error "line 16777 column 38: model is not available")
(error "line 16778 column 31: model is not available")
(error "line 16779 column 38: model is not available")
(error "line 16780 column 36: model is not available")
(error "line 16781 column 29: model is not available")
(error "line 16782 column 31: model is not available")
(error "line 16783 column 38: model is not available")
(error "line 16784 column 31: model is not available")
(error "line 16785 column 38: model is not available")
(error "line 16786 column 31: model is not available")
(error "line 16787 column 38: model is not available")
(error "line 16788 column 36: model is not available")
(error "line 16789 column 29: model is not available")
(error "line 16790 column 31: model is not available")
(error "line 16791 column 38: model is not available")
(error "line 16792 column 31: model is not available")
(error "line 16793 column 38: model is not available")
(error "line 16794 column 31: model is not available")
(error "line 16795 column 38: model is not available")
(error "line 16796 column 36: model is not available")
(error "line 16797 column 29: model is not available")
(error "line 16798 column 31: model is not available")
(error "line 16799 column 38: model is not available")
(error "line 16800 column 31: model is not available")
(error "line 16801 column 38: model is not available")
(error "line 16802 column 31: model is not available")
(error "line 16803 column 38: model is not available")
(error "line 16804 column 36: model is not available")
(error "line 16805 column 29: model is not available")
(error "line 16806 column 31: model is not available")
(error "line 16807 column 38: model is not available")
(error "line 16808 column 31: model is not available")
(error "line 16809 column 38: model is not available")
(error "line 16810 column 31: model is not available")
(error "line 16811 column 38: model is not available")
(error "line 16812 column 36: model is not available")
(error "line 16813 column 30: model is not available")
(error "line 16814 column 30: model is not available")
(error "line 16815 column 30: model is not available")
(error "line 16816 column 30: model is not available")
(error "line 16817 column 30: model is not available")
(error "line 16818 column 30: model is not available")
(error "line 16819 column 30: model is not available")
(error "line 16821 column 10: model is not available")
(:added-eqs               16544135
 :arith-add-rows          127173551
 :arith-assert-lower      10274379
 :arith-assert-upper      7264620
 :arith-bound-prop        20243
 :arith-conflicts         87
 :arith-pivots            1164827
 :array-ax1               6
 :array-ax2               20
 :binary-propagations     130609048
 :bv-bit2core             90861981
 :bv-conflicts            166
 :bv-diseqs               18
 :bv-dynamic-diseqs       376605
 :bv-dynamic-eqs          8158
 :bv->core-eq             2107176
 :conflicts               1278272
 :decisions               1881960
 :del-clause              23258462
 :eliminated-applications 50
 :eliminated-vars         26
 :max-memory              32.58
 :memory                  14.61
 :minimized-lits          24269174
 :mk-bool-var             9359113
 :mk-clause               23284654
 :num-allocs              55581086323.00
 :num-checks              1
 :propagations            292621537
 :restarts                1321
 :rlimit-count            8585718487.00
 :time                    252.05
 :total-time              251.77)

real	4m12.098s
user	4m11.746s
sys	0m0.033s
State: RE Run_time: 252.1001148223877