sat
(= |goto_symex::&92;guard#1| true)
(= |goto_symex::&92;guard#2| false)
(= |nondet_symex::nondet1| false)
(= |memory_model::choice_rf_1_25_0_10_T_0| false)
(= |memory_model::choice_rf_1_25_2_36_T_1| false)
(= |memory_model::choice_rf_1_25_3_20_T_2| true)
(= |memory_model::choice_rf_2_35_0_10_T_3| true)
(= |memory_model::choice_rf_2_35_1_26_T_4| false)
(= |memory_model::choice_rf_2_35_3_20_T_5| false)
(= |memory_model::choice_rf_3_19_0_10_T_6| true)
(= |memory_model::choice_rf_3_19_1_26_T_7| false)
(= |memory_model::choice_rf_3_19_2_36_T_8| false)
(= |memory_model::choice_rf_0_45_0_8_T_9| false)
(= |memory_model::choice_rf_0_45_0_41_T_10| true)
(= |memory_model::choice_rf_0_50_0_8_T_11| false)
(= |memory_model::choice_rf_0_50_0_41_T_12| false)
(= |memory_model::choice_rf_0_50_0_46_T_13| true)
(= |memory_model::choice_rf_1_2_0_21_F_14| false)
(= |memory_model::choice_rf_1_2_1_1_F_15| true)
(= |memory_model::choice_rf_0_54_0_11_F_16| false)
(= |memory_model::choice_rf_0_54_1_24_F_17| false)
(= |memory_model::choice_rf_0_54_2_34_F_18| false)
(= |memory_model::choice_rf_0_54_3_18_F_19| true)
(= |memory_model::choice_rf_1_23_0_11_F_20| false)
(= |memory_model::choice_rf_1_23_2_34_F_21| true)
(= |memory_model::choice_rf_1_23_3_18_F_22| false)
(= |memory_model::choice_rf_2_33_0_11_F_23| true)
(= |memory_model::choice_rf_2_33_1_24_F_24| false)
(= |memory_model::choice_rf_2_33_3_18_F_25| false)
(= |memory_model::choice_rf_3_17_0_11_F_26| false)
(= |memory_model::choice_rf_3_17_1_24_F_27| true)
(= |memory_model::choice_rf_3_17_2_34_F_28| false)
(= |memory_model::choice_rf_0_73_0_12_F_29| false)
(= |memory_model::choice_rf_0_73_1_3_F_30| true)
(= |memory_model::choice_rf_0_72_0_13_F_31| false)
(= |memory_model::choice_rf_0_72_1_14_F_32| true)
(= |memory_model::choice_rf_0_71_0_14_F_33| false)
(= |memory_model::choice_rf_0_71_3_2_F_34| true)
(= |memory_model::choice_rf_0_70_0_15_F_35| false)
(= |memory_model::choice_rf_0_70_3_4_F_36| true)
(= |memory_model::choice_rf_3_3_0_16_F_37| true)
(= |memory_model::choice_rf_3_3_1_0_F_38| false)
(= |memory_model::choice_rf_0_56_0_17_F_39| false)
(= |memory_model::choice_rf_0_56_0_55_F_40| true)
(= |memory_model::choice_rf_0_69_0_18_F_41| false)
(= |memory_model::choice_rf_0_76_0_18_F_42| false)
(= |memory_model::choice_rf_0_76_0_75_F_43| true)
(= |memory_model::choice_rf_0_77_0_18_F_44| false)
(= |memory_model::choice_rf_0_77_0_75_F_45| true)
(= |memory_model::choice_rf_0_57_0_22_F_46| false)
(= |memory_model::choice_rf_0_57_1_16_F_47| false)
(= |memory_model::choice_rf_0_57_2_32_F_48| true)
(= |memory_model::choice_rf_0_57_3_16_F_49| false)
(= |memory_model::choice_rf_1_10_0_22_F_50| true)
(= |memory_model::choice_rf_1_10_0_68_F_51| false)
(= |memory_model::choice_rf_1_10_2_32_F_52| false)
(= |memory_model::choice_rf_1_10_3_16_F_53| false)
(= |memory_model::choice_rf_2_21_0_22_F_54| false)
(= |memory_model::choice_rf_2_21_0_68_F_55| false)
(= |memory_model::choice_rf_2_21_1_16_F_56| false)
(= |memory_model::choice_rf_2_21_3_16_F_57| true)
(= |memory_model::choice_rf_3_5_0_22_F_58| false)
(= |memory_model::choice_rf_3_5_0_68_F_59| false)
(= |memory_model::choice_rf_3_5_1_16_F_60| true)
(= |memory_model::choice_rf_3_5_2_32_F_61| false)
(= |memory_model::choice_rf_0_62_0_25_F_62| true)
(= |memory_model::choice_rf_2_7_0_25_F_63| true)
(= |memory_model::choice_rf_2_7_0_65_F_64| false)
(= |memory_model::choice_rf_1_8_0_26_F_65| true)
(= |memory_model::choice_rf_2_6_0_26_F_66| true)
(= |memory_model::choice_rf_2_6_1_12_F_67| false)
(= |memory_model::choice_rf_2_3_0_27_F_68| true)
(= |memory_model::choice_rf_2_26_0_27_F_69| false)
(= |memory_model::choice_rf_2_26_2_10_F_70| true)
(= |memory_model::choice_rf_2_1_0_28_F_71| true)
(= |memory_model::choice_rf_2_1_3_13_F_72| false)
(= |memory_model::choice_rf_3_10_0_28_F_73| true)
(= |memory_model::choice_rf_0_59_0_29_F_74| false)
(= |memory_model::choice_rf_0_59_2_14_F_75| true)
(= |memory_model::choice_rf_2_5_0_29_F_76| false)
(= |memory_model::choice_rf_2_5_0_64_F_77| false)
(= |memory_model::choice_rf_1_6_0_30_F_78| false)
(= |memory_model::choice_rf_1_6_2_13_F_79| true)
(= |memory_model::choice_rf_2_4_0_30_F_80| false)
(= |memory_model::choice_rf_2_4_1_11_F_81| false)
(= |memory_model::choice_rf_2_2_0_31_F_82| false)
(= |memory_model::choice_rf_2_25_0_31_F_83| false)
(= |memory_model::choice_rf_2_25_2_12_F_84| true)
(= |memory_model::choice_rf_2_0_0_32_F_85| false)
(= |memory_model::choice_rf_2_0_3_12_F_86| false)
(= |memory_model::choice_rf_3_9_0_32_F_87| false)
(= |memory_model::choice_rf_3_9_2_11_F_88| true)
(= |memory_model::choice_rf_0_61_0_35_F_89| false)
(= |memory_model::choice_rf_0_61_1_15_F_90| true)
(= |memory_model::choice_rf_0_61_2_17_F_91| false)
(= |memory_model::choice_rf_1_5_0_35_F_92| false)
(= |memory_model::choice_rf_1_5_2_17_F_93| true)
(= |memory_model::choice_rf_2_9_0_35_F_94| true)
(= |memory_model::choice_rf_2_9_1_15_F_95| false)
(= |memory_model::choice_rf_2_24_0_35_F_96| false)
(= |memory_model::choice_rf_2_24_1_15_F_97| true)
(= |memory_model::choice_rf_2_24_2_17_F_98| false)
(= |memory_model::choice_rf_3_8_0_35_F_99| false)
(= |memory_model::choice_rf_3_8_1_15_F_100| true)
(= |memory_model::choice_rf_3_8_2_17_F_101| false)
(= |memory_model::choice_rf_0_63_0_36_F_102| false)
(= |memory_model::choice_rf_0_63_1_21_F_103| false)
(= |memory_model::choice_rf_0_63_2_15_F_104| false)
(= |memory_model::choice_rf_0_63_2_31_F_105| true)
(= |memory_model::choice_rf_0_63_3_15_F_106| false)
(= |memory_model::choice_rf_1_9_0_36_F_107| false)
(= |memory_model::choice_rf_1_9_0_67_F_108| false)
(= |memory_model::choice_rf_1_9_2_15_F_109| true)
(= |memory_model::choice_rf_1_9_2_31_F_110| false)
(= |memory_model::choice_rf_1_9_3_15_F_111| false)
(= |memory_model::choice_rf_2_8_0_36_F_112| true)
(= |memory_model::choice_rf_2_8_0_67_F_113| false)
(= |memory_model::choice_rf_2_8_1_21_F_114| false)
(= |memory_model::choice_rf_2_8_3_15_F_115| false)
(= |memory_model::choice_rf_2_27_0_36_F_116| false)
(= |memory_model::choice_rf_2_27_0_67_F_117| false)
(= |memory_model::choice_rf_2_27_1_21_F_118| false)
(= |memory_model::choice_rf_2_27_2_15_F_119| false)
(= |memory_model::choice_rf_2_27_3_15_F_120| true)
(= |memory_model::choice_rf_3_11_0_36_F_121| false)
(= |memory_model::choice_rf_3_11_0_67_F_122| false)
(= |memory_model::choice_rf_3_11_1_21_F_123| true)
(= |memory_model::choice_rf_3_11_2_15_F_124| false)
(= |memory_model::choice_rf_3_11_2_31_F_125| false)
(= |memory_model::choice_rf_0_58_0_37_F_126| false)
(= |memory_model::choice_rf_0_58_1_13_F_127| true)
(= |memory_model::choice_rf_0_58_2_18_F_128| false)
(= |memory_model::choice_rf_1_4_0_37_F_129| false)
(= |memory_model::choice_rf_1_4_2_18_F_130| true)
(= |memory_model::choice_rf_2_22_0_37_F_131| false)
(= |memory_model::choice_rf_2_22_1_13_F_132| true)
(= |memory_model::choice_rf_2_22_2_18_F_133| false)
(= |memory_model::choice_rf_3_6_0_37_F_134| false)
(= |memory_model::choice_rf_3_6_1_13_F_135| true)
(= |memory_model::choice_rf_3_6_2_18_F_136| false)
(= |memory_model::choice_rf_0_60_0_38_F_137| false)
(= |memory_model::choice_rf_0_60_1_19_F_138| false)
(= |memory_model::choice_rf_0_60_2_16_F_139| false)
(= |memory_model::choice_rf_0_60_2_30_F_140| true)
(= |memory_model::choice_rf_0_60_3_14_F_141| false)
(= |memory_model::choice_rf_1_7_0_38_F_142| false)
(= |memory_model::choice_rf_1_7_0_66_F_143| false)
(= |memory_model::choice_rf_1_7_2_16_F_144| true)
(= |memory_model::choice_rf_1_7_2_30_F_145| false)
(= |memory_model::choice_rf_1_7_3_14_F_146| false)
(= |memory_model::choice_rf_2_23_0_38_F_147| false)
(= |memory_model::choice_rf_2_23_0_66_F_148| false)
(= |memory_model::choice_rf_2_23_1_19_F_149| false)
(= |memory_model::choice_rf_2_23_2_16_F_150| false)
(= |memory_model::choice_rf_2_23_3_14_F_151| true)
(= |memory_model::choice_rf_3_7_0_38_F_152| false)
(= |memory_model::choice_rf_3_7_0_66_F_153| false)
(= |memory_model::choice_rf_3_7_1_19_F_154| true)
(= |memory_model::choice_rf_3_7_2_16_F_155| false)
(= |memory_model::choice_rf_3_7_2_30_F_156| false)
(= |memory_model::choice_rf_0_74_0_39_F_157| false)
(= |memory_model::choice_rf_0_74_2_20_F_158| false)
(= |memory_model::choice_rf_0_74_3_0_F_159| true)
(= |memory_model::choice_rf_2_19_0_39_F_160| false)
(= |memory_model::choice_rf_2_19_3_0_F_161| false)
(= |memory_model::choice_rf_3_1_0_39_F_162| false)
(= |memory_model::choice_rf_3_1_2_20_F_163| false)
(= |memory_model::choice_rf_3_1_3_0_F_164| true)
(= |memory_model::choice_ws-ext_0_10_1_26_T_165| true)
(= |memory_model::choice_ws-ext_0_10_2_36_T_166| true)
(= |memory_model::choice_ws-ext_0_10_3_20_T_167| true)
(= |memory_model::choice_ws-ext_1_26_2_36_T_168| false)
(= |memory_model::choice_ws-ext_1_26_3_20_T_169| false)
(= |memory_model::choice_ws-ext_2_36_3_20_T_170| true)
(= |memory_model::choice_ws-ext_0_21_1_1_F_171| true)
(= |memory_model::choice_ws-ext_0_11_1_24_F_172| true)
(= |memory_model::choice_ws-ext_0_11_2_34_F_173| true)
(= |memory_model::choice_ws-ext_0_11_3_18_F_174| true)
(= |memory_model::choice_ws-ext_1_24_2_34_F_175| false)
(= |memory_model::choice_ws-ext_1_24_3_18_F_176| true)
(= |memory_model::choice_ws-ext_2_34_3_18_F_177| true)
(= |memory_model::choice_ws-ext_0_12_1_3_F_178| true)
(= |memory_model::choice_ws-ext_0_13_1_14_F_179| true)
(= |memory_model::choice_ws-ext_0_14_3_2_F_180| true)
(= |memory_model::choice_ws-ext_0_15_3_4_F_181| true)
(= |memory_model::choice_ws-ext_0_16_1_0_F_182| true)
(= |memory_model::choice_ws-ext_0_22_1_16_F_183| true)
(= |memory_model::choice_ws-ext_0_22_2_32_F_184| true)
(= |memory_model::choice_ws-ext_0_22_3_16_F_185| true)
(= |memory_model::choice_ws-ext_0_68_1_16_F_186| false)
(= |memory_model::choice_ws-ext_0_68_2_32_F_187| false)
(= |memory_model::choice_ws-ext_0_68_3_16_F_188| false)
(= |memory_model::choice_ws-ext_1_16_2_32_F_189| true)
(= |memory_model::choice_ws-ext_1_16_3_16_F_190| true)
(= |memory_model::choice_ws-ext_2_32_3_16_F_191| false)
(= |memory_model::choice_ws-ext_0_23_1_18_F_192| true)
(= |memory_model::choice_ws-ext_0_24_1_17_F_193| true)
(= |memory_model::choice_ws-ext_0_26_1_12_F_194| true)
(= |memory_model::choice_ws-ext_0_27_2_10_F_195| true)
(= |memory_model::choice_ws-ext_0_27_2_29_F_196| true)
(= |memory_model::choice_ws-ext_0_28_3_13_F_197| true)
(= |memory_model::choice_ws-ext_0_29_2_14_F_198| true)
(= |memory_model::choice_ws-ext_0_64_2_14_F_199| false)
(= |memory_model::choice_ws-ext_0_30_1_11_F_200| true)
(= |memory_model::choice_ws-ext_0_30_2_13_F_201| true)
(= |memory_model::choice_ws-ext_1_11_2_13_F_202| false)
(= |memory_model::choice_ws-ext_0_31_2_12_F_203| true)
(= |memory_model::choice_ws-ext_0_31_2_28_F_204| true)
(= |memory_model::choice_ws-ext_0_32_2_11_F_205| true)
(= |memory_model::choice_ws-ext_0_32_3_12_F_206| true)
(= |memory_model::choice_ws-ext_2_11_3_12_F_207| true)
(= |memory_model::choice_ws-ext_0_35_1_15_F_208| true)
(= |memory_model::choice_ws-ext_0_35_2_17_F_209| true)
(= |memory_model::choice_ws-ext_1_15_2_17_F_210| false)
(= |memory_model::choice_ws-ext_0_36_1_21_F_211| true)
(= |memory_model::choice_ws-ext_0_36_2_15_F_212| true)
(= |memory_model::choice_ws-ext_0_36_2_31_F_213| true)
(= |memory_model::choice_ws-ext_0_36_3_15_F_214| true)
(= |memory_model::choice_ws-ext_0_67_1_21_F_215| false)
(= |memory_model::choice_ws-ext_0_67_2_15_F_216| false)
(= |memory_model::choice_ws-ext_0_67_2_31_F_217| false)
(= |memory_model::choice_ws-ext_0_67_3_15_F_218| false)
(= |memory_model::choice_ws-ext_1_21_2_15_F_219| false)
(= |memory_model::choice_ws-ext_1_21_2_31_F_220| true)
(= |memory_model::choice_ws-ext_1_21_3_15_F_221| true)
(= |memory_model::choice_ws-ext_2_15_3_15_F_222| true)
(= |memory_model::choice_ws-ext_2_31_3_15_F_223| false)
(= |memory_model::choice_ws-ext_0_37_1_13_F_224| true)
(= |memory_model::choice_ws-ext_0_37_2_18_F_225| true)
(= |memory_model::choice_ws-ext_1_13_2_18_F_226| false)
(= |memory_model::choice_ws-ext_0_38_1_19_F_227| true)
(= |memory_model::choice_ws-ext_0_38_2_16_F_228| true)
(= |memory_model::choice_ws-ext_0_38_2_30_F_229| true)
(= |memory_model::choice_ws-ext_0_38_3_14_F_230| true)
(= |memory_model::choice_ws-ext_0_66_1_19_F_231| false)
(= |memory_model::choice_ws-ext_0_66_2_16_F_232| false)
(= |memory_model::choice_ws-ext_0_66_2_30_F_233| false)
(= |memory_model::choice_ws-ext_0_66_3_14_F_234| false)
(= |memory_model::choice_ws-ext_1_19_2_16_F_235| false)
(= |memory_model::choice_ws-ext_1_19_2_30_F_236| true)
(= |memory_model::choice_ws-ext_1_19_3_14_F_237| true)
(= |memory_model::choice_ws-ext_2_16_3_14_F_238| true)
(= |memory_model::choice_ws-ext_2_30_3_14_F_239| false)
(= |memory_model::choice_ws-ext_0_39_2_20_F_240| true)
(= |memory_model::choice_ws-ext_0_39_3_0_F_241| true)
(= |memory_model::choice_ws-ext_2_20_3_0_F_242| true)
(= |memory_model::choice_ws-ext_0_19_1_22_F_243| true)
(= |memory_model::choice_ws-ext_0_20_1_20_F_244| true)
(= |main$tmp_guard0#3| #b00000001)
(= |__CPROVER_next_thread_id#3| #b00000000000000000000000000000001)
(= |__CPROVER_next_thread_id#6| #b00000000000000000000000000000010)
(= |__unbuffered_cnt#2| #b00000000000000000000000000000011)
(= |y$w_buff0_used#2| #b00000000)
(= |y$r_buff0_thd0#2| #b00000000)
(= |y$w_buff0#2| #b00000000000000000000000000000001)
(= |y$w_buff1_used#2| #b00000000)
(= |y$r_buff1_thd0#2| #b00000000)
(= |y$w_buff1#2| #b00000000000000000000000000000000)
(= |y#2| #b00000000000000000000000000000001)
(= |y#4| #b00000000000000000000000000000001)
(= |y$w_buff0_used#6| #b00000000)
(= |y$w_buff1_used#6| #b00000000)
(= |y$r_buff0_thd0#8| #b00000000)
(= |y$r_buff1_thd0#7| #b00000000)
(= |z#2| #b00000000000000000000000000000010)
(= |__unbuffered_p0_EAX#2| #b00000000000000000000000000000001)
(= |__unbuffered_p0_EBX#2| #b00000000000000000000000000000000)
(= |__unbuffered_p2_EAX#2| #b00000000000000000000000000000010)
(= |__unbuffered_p2_EBX#2| #b00000000000000000000000000000000)
(= |main$tmp_guard1#2| #b00000000)
(= |main$tmp_guard1#3| #b10000000)
(= |main$tmp_guard1#6| #b00000000)
(= |pthread_create::1::this_thread_id!1@0#0| #b00000000000000000000000000000000)
(= |x#3| #b00000000000000000000000000000001)
(= |y#6| #b00000000000000000000000000000000)
(= |y$w_buff0_used#11| #b00000001)
(= |y$r_buff0_thd1#2| #b00000000)
(= |y$w_buff1_used#9| #b00000000)
(= |y$r_buff1_thd1#2| #b00000000)
(= |y$w_buff0#4| #b00000000000000000000000000000001)
(= |y$w_buff1#4| #b00000000000000000000000000000000)
(= |__unbuffered_cnt#4| #b00000000000000000000000000000001)
(= |pthread_create::1::this_thread_id!2@0#0| #b00000000000000000000000000000000)
(= |y$w_buff0#7| #b00000000000000000000000000000000)
(= |y$w_buff0_used#14| #b00000000)
(= |y$r_buff0_thd0#11| #b00000000)
(= |y$r_buff1_thd0#9| #b00000000)
(= |y$r_buff1_thd0#10| #b10000000)
(= |y$r_buff0_thd1#5| #b00000000)
(= |y$r_buff1_thd1#5| #b00000000)
(= |y$r_buff1_thd1#6| #b10000000)
(= |y$r_buff0_thd2#2| #b00000000)
(= |y$r_buff1_thd2#2| #b00000000)
(= |y$r_buff1_thd2#3| #b10000000)
(= |y$r_buff0_thd3#2| #b00000000)
(= |y$r_buff1_thd3#2| #b00000000)
(= |y$r_buff1_thd3#3| #b10000000)
(= |y$r_buff0_thd2#4| #b00000001)
(= |z#4| #b00000000000000000000000000000001)
(= |z#5| #b10000000000000000000000000000000)
(= |y$w_buff0_used#17| #b00000001)
(= |y$r_buff0_thd2#6| #b00000001)
(= |y$w_buff0#10| #b00000000000000000000000000000001)
(= |y$w_buff1_used#13| #b00000000)
(= |y$r_buff1_thd2#5| #b00000000)
(= |y$w_buff1#8| #b00000000000000000000000000000000)
(= |y#10| #b00000000000000000000000000000000)
(= |y#12| #b00000000000000000000000000000001)
(= |y$w_buff0_used#21| #b00000000)
(= |y$w_buff1_used#17| #b00000000)
(= |y$r_buff0_thd2#12| #b00000001)
(= |y$r_buff1_thd2#10| #b00000000)
(= |__unbuffered_cnt#7| #b00000000000000000000000000000000)
(= |__unbuffered_cnt#9| #b00000000000000000000000000000001)
(= |pthread_create::1::this_thread_id!3@0#0| #b10000000000000000000000000000000)
(= |z#8| #b00000000000000000000000000000010)
(= |a#3| #b00000000000000000000000000000000)
(= |y$w_buff0_used#26| #b00000001)
(= |y$r_buff0_thd3#4| #b00000000)
(= |y$w_buff0#12| #b00000000000000000000000000000001)
(= |y$w_buff1_used#20| #b00000000)
(= |y$r_buff1_thd3#5| #b00000000)
(= |y$w_buff1#10| #b00000000000000000000000000000000)
(= |y#14| #b00000000000000000000000000000000)
(= |__unbuffered_cnt#11| #b00000000000000000000000000000010)
(= |__CPROVER_threads_exited#1$wclk$8| #b00100100)
(= |__CPROVER_threads_exited#2$rclk$8| #b11100010)
(= |__CPROVER_threads_exited#5$wclk$8| #b11000001)
(= |__CPROVER_threads_exited#7$wclk$8| #b11000010)
(= |__CPROVER_threads_exited#4$rclk$8| #b11000000)
(= |__CPROVER_threads_exited#3$wclk$8| #b11111011)
(= |__CPROVER_threads_exited#6$rclk$8| #b10111000)
(= |x#1$wclk$8| #b00101111)
(= |x#3$rclk$8| #b10100111)
(= |__unbuffered_cnt#6$wclk$8| #b10110010)
(= |__unbuffered_cnt#2$rclk$8| #b10110100)
(= |__unbuffered_cnt#10$wclk$8| #b10110001)
(= |__unbuffered_cnt#13$wclk$8| #b10110011)
(= |__unbuffered_cnt#1$wclk$8| #b00100101)
(= |__unbuffered_cnt#4$rclk$8| #b10110010)
(= |__unbuffered_cnt#7$rclk$8| #b10110001)
(= |__unbuffered_cnt#11$rclk$8| #b10110011)
(= |__unbuffered_p0_EAX#4$wclk$8| #b10100111)
(= |__unbuffered_p0_EAX#2$rclk$8| #b11110111)
(= |__unbuffered_p0_EBX#4$wclk$8| #b10101000)
(= |__unbuffered_p0_EBX#2$rclk$8| #b11110111)
(= |__unbuffered_p2_EAX#4$wclk$8| #b10100001)
(= |__unbuffered_p2_EAX#2$rclk$8| #b11110111)
(= |__unbuffered_p2_EBX#4$wclk$8| #b10100100)
(= |__unbuffered_p2_EBX#2$rclk$8| #b11110111)
(= |a#1$wclk$8| #b00101010)
(= |a#3$rclk$8| #b10100100)
(= |a#2$wclk$8| #b10100101)
(= |main$tmp_guard1#5| #b00000000)
(= |y#9$wclk$8| #b10101000)
(= |y#2$rclk$8| #b10110110)
(= |y#13$wclk$8| #b10110000)
(= |y#16$wclk$8| #b10101001)
(= |y#1$wclk$8| #b00110010)
(= |y#6$rclk$8| #b10101000)
(= |y#5$wclk$8| #b10110110)
(= |y#10$rclk$8| #b10110000)
(= |y#14$rclk$8| #b10101001)
(= |y$r_buff0_thd0#1$wclk$8| #b00110101)
(= |y$r_buff0_thd0#11$rclk$8| #b10001001)
(= |y$r_buff0_thd0#10$wclk$8| #b10110110)
(= |y$r_buff0_thd1#1$wclk$8| #b00110110)
(= |y$r_buff0_thd1#2$rclk$8| #b10101000)
(= |y$r_buff0_thd1#5$rclk$8| #b10001001)
(= |y$r_buff0_thd1#4$wclk$8| #b10101000)
(= |y$r_buff0_thd2#1$wclk$8| #b00110111)
(= |y$r_buff0_thd2#2$rclk$8| #b10001001)
(= |y$r_buff0_thd2#6$rclk$8| #b10110000)
(= |y$r_buff0_thd3#1$wclk$8| #b00111101)
(= |y$r_buff0_thd3#2$rclk$8| #b10001001)
(= |y$r_buff0_thd3#6$wclk$8| #b10101001)
(= |y$r_buff0_thd3#4$rclk$8| #b10101001)
(= |y$r_buff1_thd0#11$wclk$8| #b10001001)
(= |y$r_buff1_thd0#2$rclk$8| #b10110110)
(= |y$r_buff1_thd0#1$wclk$8| #b00111110)
(= |y$r_buff1_thd0#10$rclk$8| #b10001001)
(= |y$r_buff1_thd0#8$wclk$8| #b10110110)
(= |y$r_buff1_thd1#1$wclk$8| #b01001011)
(= |y$r_buff1_thd1#2$rclk$8| #b10101000)
(= |y$r_buff1_thd1#7$wclk$8| #b10001001)
(= |y$r_buff1_thd1#6$rclk$8| #b10001001)
(= |y$r_buff1_thd1#4$wclk$8| #b10101000)
(= |y$r_buff1_thd2#1$wclk$8| #b01001100)
(= |y$r_buff1_thd2#3$rclk$8| #b10001001)
(= |y$r_buff1_thd2#5$rclk$8| #b10110000)
(= |y$r_buff1_thd3#1$wclk$8| #b01001101)
(= |y$r_buff1_thd3#3$rclk$8| #b10001001)
(= |y$r_buff1_thd3#7$wclk$8| #b10101001)
(= |y$r_buff1_thd3#5$rclk$8| #b10101001)
(= |y$r_buff1_thd3#4$wclk$8| #b10001001)
(= |y$w_buff0#6$wclk$8| #b10101000)
(= |y$w_buff0#2$rclk$8| #b10110110)
(= |y$w_buff0#9$wclk$8| #b10001001)
(= |y$w_buff0#1$wclk$8| #b01011110)
(= |y$w_buff0#4$rclk$8| #b10101000)
(= |y$w_buff0#7$rclk$8| #b10001001)
(= |y$w_buff0#10$rclk$8| #b10110000)
(= |y$w_buff0#12$rclk$8| #b10101001)
(= |y$w_buff0_used#13$wclk$8| #b10101000)
(= |y$w_buff0_used#2$rclk$8| #b10110110)
(= |y$w_buff0_used#16$wclk$8| #b10001001)
(= |y$w_buff0_used#25$wclk$8| #b10110000)
(= |y$w_buff0_used#28$wclk$8| #b10101001)
(= |y$w_buff0_used#1$wclk$8| #b01100000)
(= |y$w_buff0_used#11$rclk$8| #b10101000)
(= |y$w_buff0_used#10$wclk$8| #b10110110)
(= |y$w_buff0_used#14$rclk$8| #b10001001)
(= |y$w_buff0_used#17$rclk$8| #b10110000)
(= |y$w_buff0_used#26$rclk$8| #b10101001)
(= |y$w_buff1#6$wclk$8| #b10101000)
(= |y$w_buff1#2$rclk$8| #b10110110)
(= |y$w_buff1#7$wclk$8| #b10001001)
(= |y$w_buff1#1$wclk$8| #b01100001)
(= |y$w_buff1#4$rclk$8| #b10101000)
(= |y$w_buff1#8$rclk$8| #b10110000)
(= |y$w_buff1#10$rclk$8| #b10101001)
(= |y$w_buff1_used#11$wclk$8| #b10101000)
(= |y$w_buff1_used#2$rclk$8| #b10110110)
(= |y$w_buff1_used#12$wclk$8| #b10001001)
(= |y$w_buff1_used#19$wclk$8| #b10110000)
(= |y$w_buff1_used#22$wclk$8| #b10101001)
(= |y$w_buff1_used#1$wclk$8| #b01100010)
(= |y$w_buff1_used#9$rclk$8| #b10101000)
(= |y$w_buff1_used#8$wclk$8| #b10110110)
(= |y$w_buff1_used#13$rclk$8| #b10110000)
(= |y$w_buff1_used#20$rclk$8| #b10101001)
(= |z#6$wclk$8| #b10011111)
(= |z#2$rclk$8| #b11110111)
(= |z#7$wclk$8| #b10100000)
(= |z#1$wclk$8| #b01100011)
(= |z#5$rclk$8| #b10011111)
(= |z#8$rclk$8| #b10100001)
(= |x#2$wclk$8| #b10100110)
(= |__unbuffered_p0_EAX#1$wclk$8| #b00100110)
(= |__unbuffered_p0_EBX#1$wclk$8| #b00100111)
(= |__unbuffered_p2_EAX#1$wclk$8| #b00101000)
(= |__unbuffered_p2_EBX#1$wclk$8| #b00101001)
(= |y$flush_delayed#1$wclk$8| #b00110011)
(= |y$flush_delayed#3$wclk$8| #b10101000)
(= |y$mem_tmp#1$wclk$8| #b00110100)
(= |y$mem_tmp#2$wclk$8| #b10101000)
(= |y$r_buff0_thd2#5$wclk$8| #b10001001)
(= |y$r_buff0_thd2#14$wclk$8| #b10110000)
(= |y$r_buff1_thd2#4$wclk$8| #b10001001)
(= |y$r_buff1_thd2#11$wclk$8| #b10110000)
(= |weak$$choice0#1$wclk$8| #b00101101)
(= |weak$$choice0#2$wclk$8| #b10101000)
(= |weak$$choice2#1$wclk$8| #b00101110)
(= |weak$$choice2#2$wclk$8| #b10101000)
(= t1$43$spwnclk$8 #b01110011)
(= t1$48$spwnclk$8 #b01110111)
(= t1$53$spwnclk$8 #b10001111)
(= |main::1::t651!0@1$wclk$8| #b00000000)
(= |main::1::t652!0@1$wclk$8| #b00000001)
(= |__CPROVER_dead_object#1$wclk$8| #b00000010)
(= |__CPROVER_deallocated#1$wclk$8| #b00000011)
(= |__CPROVER_malloc_is_new_array#1$wclk$8| #b00000100)
(= |__CPROVER_malloc_object#1$wclk$8| #b00010000)
(= |__CPROVER_malloc_size#1$wclk$8| #b00100000)
(= |__CPROVER_memory_leak#1$wclk$8| #b00100001)
(= |__CPROVER_next_thread_id#1$wclk$8| #b00100010)
(= |__CPROVER_pipe_count#1$wclk$8| #b00100011)
(= |main$tmp_guard0#1$wclk$8| #b00101011)
(= |main$tmp_guard1#1$wclk$8| #b00101100)
(= |y$read_delayed#1$wclk$8| #b01001110)
(= |y$read_delayed_var#1$wclk$8| #b01001111)
(= |main::1::t650!0@1#1$wclk$8| #b01110000)
(= |__CPROVER_next_thread_id#2$wclk$8| #b01110001)
(= |main::1::t650!0@1#2$wclk$8| #b01110010)
(= |main::1::t651!0@1#1$wclk$8| #b01110100)
(= |__CPROVER_next_thread_id#3$rclk$8| #b01110101)
(= |__CPROVER_next_thread_id#5$wclk$8| #b01110101)
(= |main::1::t651!0@1#2$wclk$8| #b01110110)
(= |main::1::t652!0@1#1$wclk$8| #b01111101)
(= |__CPROVER_next_thread_id#6$rclk$8| #b01111110)
(= |__CPROVER_next_thread_id#8$wclk$8| #b01111110)
(= |main::1::t652!0@1#2$wclk$8| #b10001110)
(= |main$tmp_guard0#2$wclk$8| #b10110100)
(= |main$tmp_guard0#3$rclk$8| #b10110101)
(= |y$r_buff0_thd0#2$rclk$8| #b10110110)
(= |main$tmp_guard1#3$rclk$8| #b11110111)
(= |main$tmp_guard1#4$wclk$8| #b11110111)
(= |main$tmp_guard1#5$rclk$8| #b11111100)
(= |main$tmp_guard1#6$rclk$8| #b11111110)
(= array_of.0 @fun_7)
(= |__CPROVER_threads_exited#2| @fun_7)
(= |__CPROVER_threads_exited#4| @fun_7)
(= |__CPROVER_threads_exited#6| @fun_7)
(function @fun_7
 (type (Array (_ BitVec 32) (_ BitVec 1)))
 (= (@fun_7 #b00000000000000000000000000000000) #b0)
 (default #b1))

real	0m0.024s
user	0m0.021s
sys	0m0.003s
State: AC Run_time: 0.026417970657348633