sat
(model
(define-fun |main$tmp_guard0#3| () (_ BitVec 8) #b00000001)
(define-fun |goto_symex::&92;guard#1| () Bool true)
(define-fun |goto_symex::&92;guard#2| () Bool false)
(define-fun array_of.0 () (Array (_ BitVec 32) (_ BitVec 1)) ((as const (Array (_ BitVec 32) (_ BitVec 1))) #b0))
(define-fun |main::1::t999!0@1| () (_ BitVec 32) #b00000000000000000000000000000000)
(define-fun |main::1::t1000!0@1| () (_ BitVec 32) #b00000000000000000000000000000000)
(define-fun |__CPROVER_next_thread_id#3| () (_ BitVec 32) #b00000000000000000000000000000001)
(define-fun |main::1::t1001!0@1| () (_ BitVec 32) #b00000000000000000000000000000000)
(define-fun |__CPROVER_next_thread_id#6| () (_ BitVec 32) #b00000000000000000000000000000010)
(define-fun |main::1::t1002!0@1| () (_ BitVec 32) #b00000000000000000000000000000000)
(define-fun |__CPROVER_next_thread_id#9| () (_ BitVec 32) #b00000000000000000000000000000011)
(define-fun |__unbuffered_cnt#2| () (_ BitVec 32) #b00000000000000000000000000000100)
(define-fun |z$w_buff0_used#2| () (_ BitVec 8) #b00000000)
(define-fun |z$r_buff0_thd0#2| () (_ BitVec 8) #b00000000)
(define-fun |z$w_buff0#2| () (_ BitVec 32) #b00000000000000000000000000000001)
(define-fun |z$w_buff1_used#2| () (_ BitVec 8) #b00000000)
(define-fun |z$r_buff1_thd0#2| () (_ BitVec 8) #b00000000)
(define-fun |z$w_buff1#2| () (_ BitVec 32) #b00000000000000000000000000000000)
(define-fun |z#2| () (_ BitVec 32) #b00000000000000000000000000000001)
(define-fun |z#4| () (_ BitVec 32) #b00000000000000000000000000000001)
(define-fun |z$w_buff0_used#6| () (_ BitVec 8) #b00000000)
(define-fun |z$w_buff1_used#6| () (_ BitVec 8) #b00000000)
(define-fun |z$r_buff0_thd0#8| () (_ BitVec 8) #b00000000)
(define-fun |z$r_buff1_thd0#7| () (_ BitVec 8) #b00000000)
(define-fun |x#2| () (_ BitVec 32) #b00000000000000000000000000000010)
(define-fun |__unbuffered_p1_EAX#2| () (_ BitVec 32) #b00000000000000000000000000000000)
(define-fun |__unbuffered_p2_EAX#2| () (_ BitVec 32) #b00000000000000000000000000000000)
(define-fun |__unbuffered_p3_EAX#2| () (_ BitVec 32) #b00000000000000000000000000000001)
(define-fun |__unbuffered_p3_EBX#2| () (_ BitVec 32) #b00000000000000000000000000000000)
(define-fun |main$tmp_guard1#2| () (_ BitVec 8) #b00000000)
(define-fun |main$tmp_guard1#3| () (_ BitVec 8) #b00000000)
(define-fun |main$tmp_guard1#6| () (_ BitVec 8) #b00000000)
(define-fun |pthread_create::1::this_thread_id!1@0#0| () (_ BitVec 32) #b00000000000000000000000000000000)
(define-fun |__unbuffered_cnt#4| () (_ BitVec 32) #b00000000000000000000000000000001)
(define-fun |nondet_symex::nondet0| () (_ BitVec 32) #b00000000000000000000000000000000)
(define-fun |__CPROVER_threads_exited#2| () (Array (_ BitVec 32) (_ BitVec 1)) (store ((as const (Array (_ BitVec 32) (_ BitVec 1))) #b0) #b00000000000000000000000000000000 #b1))
(define-fun |pthread_create::1::this_thread_id!2@0#0| () (_ BitVec 32) #b00000000000000000000000000000000)
(define-fun |y#2| () (_ BitVec 32) #b00000000000000000000000000000000)
(define-fun |__unbuffered_cnt#7| () (_ BitVec 32) #b00000000000000000000000000000010)
(define-fun |nondet_symex::nondet1| () (_ BitVec 32) #b00000000000000000000000000000000)
(define-fun |__CPROVER_threads_exited#4| () (Array (_ BitVec 32) (_ BitVec 1)) (store ((as const (Array (_ BitVec 32) (_ BitVec 1))) #b0) #b00000000000000000000000000000000 #b1))
(define-fun |pthread_create::1::this_thread_id!3@0#0| () (_ BitVec 32) #b00000000000000000000000000000000)
(define-fun |nondet_symex::nondet2| () (_ BitVec 32) #b00000000000000000000000000000000)
(define-fun |nondet_symex::nondet3| () (_ BitVec 32) #b00000000000000000000000000000000)
(define-fun |z#6| () (_ BitVec 32) #b00000000000000000000000000000000)
(define-fun |z$w_buff0_used#11| () (_ BitVec 8) #b00000001)
(define-fun |z$r_buff0_thd3#2| () (_ BitVec 8) #b00000000)
(define-fun |z$w_buff1_used#9| () (_ BitVec 8) #b00000000)
(define-fun |z$r_buff1_thd3#2| () (_ BitVec 8) #b00000000)
(define-fun |z$w_buff0#4| () (_ BitVec 32) #b00000000000000000000000000000001)
(define-fun |z$w_buff1#4| () (_ BitVec 32) #b00000000000000000000000000000000)
(define-fun |__unbuffered_cnt#10| () (_ BitVec 32) #b00000000000000000000000000000000)
(define-fun |nondet_symex::nondet4| () (_ BitVec 32) #b00000000000000000000000000000000)
(define-fun |__CPROVER_threads_exited#6| () (Array (_ BitVec 32) (_ BitVec 1)) (store ((as const (Array (_ BitVec 32) (_ BitVec 1))) #b0) #b00000000000000000000000000000000 #b1))
(define-fun |pthread_create::1::this_thread_id!4@0#0| () (_ BitVec 32) #b00000000000000000000000000000000)
(define-fun |z$w_buff0#7| () (_ BitVec 32) #b00000000000000000000000000000000)
(define-fun |z$w_buff0_used#14| () (_ BitVec 8) #b00000000)
(define-fun |z$r_buff0_thd0#11| () (_ BitVec 8) #b00000000)
(define-fun |z$r_buff1_thd0#9| () (_ BitVec 8) #b00000000)
(define-fun |z$r_buff1_thd0#10| () (_ BitVec 8) #b00000000)
(define-fun |z$r_buff0_thd1#2| () (_ BitVec 8) #b00000000)
(define-fun |z$r_buff1_thd1#2| () (_ BitVec 8) #b00000000)
(define-fun |z$r_buff1_thd1#3| () (_ BitVec 8) #b00000000)
(define-fun |z$r_buff0_thd2#2| () (_ BitVec 8) #b00000000)
(define-fun |z$r_buff1_thd2#2| () (_ BitVec 8) #b00000000)
(define-fun |z$r_buff1_thd2#3| () (_ BitVec 8) #b00000000)
(define-fun |z$r_buff0_thd3#5| () (_ BitVec 8) #b00000000)
(define-fun |z$r_buff1_thd3#5| () (_ BitVec 8) #b00000000)
(define-fun |z$r_buff1_thd3#6| () (_ BitVec 8) #b00000000)
(define-fun |z$r_buff0_thd4#2| () (_ BitVec 8) #b00000000)
(define-fun |z$r_buff1_thd4#2| () (_ BitVec 8) #b00000000)
(define-fun |z$r_buff1_thd4#3| () (_ BitVec 8) #b00000000)
(define-fun |z$r_buff0_thd4#4| () (_ BitVec 8) #b00000001)
(define-fun |a#2| () (_ BitVec 32) #b00000000000000000000000000000001)
(define-fun |a#3| () (_ BitVec 32) #b00000000000000000000000000000000)
(define-fun |a#5| () (_ BitVec 32) #b00000000000000000000000000000001)
(define-fun |__unbuffered_p3_EAX#4| () (_ BitVec 32) #b00000000000000000000000000000001)
(define-fun |__unbuffered_p3_EAX#5| () (_ BitVec 32) #b00000000000000000000000000000000)
(define-fun |b#3| () (_ BitVec 32) #b00000000000000000000000000000000)
(define-fun |__unbuffered_p3_EBX#4| () (_ BitVec 32) #b00000000000000000000000000000000)
(define-fun |__unbuffered_p3_EBX#5| () (_ BitVec 32) #b00000000000000000000000000000000)
(define-fun |z$w_buff0_used#17| () (_ BitVec 8) #b00000001)
(define-fun |z$r_buff0_thd4#6| () (_ BitVec 8) #b00000001)
(define-fun |z$w_buff0#10| () (_ BitVec 32) #b00000000000000000000000000000001)
(define-fun |z$w_buff1_used#13| () (_ BitVec 8) #b00000000)
(define-fun |z$r_buff1_thd4#5| () (_ BitVec 8) #b00000000)
(define-fun |z$w_buff1#8| () (_ BitVec 32) #b00000000000000000000000000000000)
(define-fun |z#10| () (_ BitVec 32) #b00000000000000000000000000000000)
(define-fun |z#12| () (_ BitVec 32) #b00000000000000000000000000000001)
(define-fun |z$w_buff0_used#21| () (_ BitVec 8) #b00000000)
(define-fun |z$w_buff1_used#17| () (_ BitVec 8) #b00000000)
(define-fun |z$r_buff0_thd4#12| () (_ BitVec 8) #b00000001)
(define-fun |z$r_buff1_thd4#10| () (_ BitVec 8) #b00000000)
(define-fun |__unbuffered_cnt#13| () (_ BitVec 32) #b00000000000000000000000000000011)
(define-fun |__unbuffered_cnt#15| () (_ BitVec 32) #b00000000000000000000000000000100)
(define-fun |nondet_symex::nondet5| () (_ BitVec 32) #b00000000000000000000000000000000)
(define-fun |__CPROVER_threads_exited#8| () (Array (_ BitVec 32) (_ BitVec 1)) ((as const (Array (_ BitVec 32) (_ BitVec 1))) #b0))
(define-fun |main::1::t999!0@1#1| () (_ BitVec 32) #b00000000000000000000000000000000)
(define-fun |pthread_create::1::this_thread_id!0@1#1| () (_ BitVec 32) #b00000000000000000000000000000000)
(define-fun |main::1::t1000!0@1#1| () (_ BitVec 32) #b00000000000000000000000000000000)
(define-fun |pthread_create::1::this_thread_id!0@2#1| () (_ BitVec 32) #b00000000000000000000000000000000)
(define-fun |main::1::t1001!0@1#1| () (_ BitVec 32) #b00000000000000000000000000000000)
(define-fun |pthread_create::1::this_thread_id!0@3#1| () (_ BitVec 32) #b00000000000000000000000000000000)
(define-fun |main::1::t1002!0@1#1| () (_ BitVec 32) #b00000000000000000000000000000000)
(define-fun |pthread_create::1::this_thread_id!0@4#1| () (_ BitVec 32) #b00000000000000000000000000000000)
(define-fun |P0::$tmp::return_value___VERIFIER_nondet_pointer$1!1@1#1| () (_ BitVec 32) #b00000000000000000000000000000000)
(define-fun |P1::$tmp::return_value___VERIFIER_nondet_pointer$1!2@1#1| () (_ BitVec 32) #b00000000000000000000000000000000)
(define-fun |P2::$tmp::return_value___VERIFIER_nondet_pointer$1!3@1#1| () (_ BitVec 32) #b00000000000000000000000000000000)
(define-fun |P2::$tmp::return_value___VERIFIER_nondet_pointer$2!3@1#1| () (_ BitVec 32) #b00000000000000000000000000000000)
(define-fun |P2::$tmp::return_value___VERIFIER_nondet_pointer$3!3@1#1| () (_ BitVec 32) #b00000000000000000000000000000000)
(define-fun |P3::$tmp::return_value___VERIFIER_nondet_pointer$1!4@1#1| () (_ BitVec 32) #b00000000000000000000000000000000)
(define-fun |memory_model::choice_rf_1_4_0_11_T_0| () Bool false)
(define-fun |__CPROVER_threads_exited#1$wclk$8| () (_ BitVec 8) #b00110010)
(define-fun |__CPROVER_threads_exited#2$rclk$8| () (_ BitVec 8) #b11111100)
(define-fun |memory_model::choice_rf_1_4_2_6_T_1| () Bool false)
(define-fun |__CPROVER_threads_exited#5$wclk$8| () (_ BitVec 8) #b11111110)
(define-fun |memory_model::choice_rf_1_4_3_23_T_2| () Bool false)
(define-fun |__CPROVER_threads_exited#7$wclk$8| () (_ BitVec 8) #b11111101)
(define-fun |memory_model::choice_rf_1_4_4_45_T_3| () Bool true)
(define-fun |__CPROVER_threads_exited#9$wclk$8| () (_ BitVec 8) #b11101110)
(define-fun |memory_model::choice_rf_2_5_0_11_T_4| () Bool false)
(define-fun |__CPROVER_threads_exited#4$rclk$8| () (_ BitVec 8) #b11110000)
(define-fun |memory_model::choice_rf_2_5_1_5_T_5| () Bool false)
(define-fun |__CPROVER_threads_exited#3$wclk$8| () (_ BitVec 8) #b11111111)
(define-fun |memory_model::choice_rf_2_5_3_23_T_6| () Bool false)
(define-fun |memory_model::choice_rf_2_5_4_45_T_7| () Bool true)
(define-fun |memory_model::choice_rf_3_22_0_11_T_8| () Bool false)
(define-fun |__CPROVER_threads_exited#6$rclk$8| () (_ BitVec 8) #b11101111)
(define-fun |memory_model::choice_rf_3_22_1_5_T_9| () Bool false)
(define-fun |memory_model::choice_rf_3_22_2_6_T_10| () Bool false)
(define-fun |memory_model::choice_rf_3_22_4_45_T_11| () Bool true)
(define-fun |memory_model::choice_rf_4_44_0_11_T_12| () Bool true)
(define-fun |__CPROVER_threads_exited#8$rclk$8| () (_ BitVec 8) #b11101101)
(define-fun |memory_model::choice_rf_4_44_1_5_T_13| () Bool false)
(define-fun |memory_model::choice_rf_4_44_2_6_T_14| () Bool false)
(define-fun |memory_model::choice_rf_4_44_3_23_T_15| () Bool false)
(define-fun |memory_model::choice_rf_0_49_0_9_T_16| () Bool false)
(define-fun |memory_model::choice_rf_0_49_0_45_T_17| () Bool true)
(define-fun |memory_model::choice_rf_0_54_0_9_T_18| () Bool false)
(define-fun |memory_model::choice_rf_0_54_0_45_T_19| () Bool false)
(define-fun |memory_model::choice_rf_0_54_0_50_T_20| () Bool true)
(define-fun |memory_model::choice_rf_0_59_0_9_T_21| () Bool false)
(define-fun |memory_model::choice_rf_0_59_0_45_T_22| () Bool false)
(define-fun |memory_model::choice_rf_0_59_0_50_T_23| () Bool false)
(define-fun |memory_model::choice_rf_0_59_0_55_T_24| () Bool true)
(define-fun |memory_model::choice_rf_0_83_0_23_F_25| () Bool false)
(define-fun |memory_model::choice_rf_0_83_1_1_F_26| () Bool false)
(define-fun |x#4$wclk$8| () (_ BitVec 8) #b11011000)
(define-fun |x#2$rclk$8| () (_ BitVec 8) #b11111000)
(define-fun |memory_model::choice_rf_0_83_2_0_F_27| () Bool true)
(define-fun |x#5$wclk$8| () (_ BitVec 8) #b11011001)
(define-fun |memory_model::choice_rf_0_63_0_12_F_28| () Bool false)
(define-fun |memory_model::choice_rf_0_63_1_3_F_29| () Bool false)
(define-fun |__unbuffered_cnt#6$wclk$8| () (_ BitVec 8) #b11101000)
(define-fun |__unbuffered_cnt#2$rclk$8| () (_ BitVec 8) #b11101101)
(define-fun |memory_model::choice_rf_0_63_2_4_F_30| () Bool false)
(define-fun |__unbuffered_cnt#9$wclk$8| () (_ BitVec 8) #b11101001)
(define-fun |memory_model::choice_rf_0_63_3_21_F_31| () Bool false)
(define-fun |__unbuffered_cnt#12$wclk$8| () (_ BitVec 8) #b11100110)
(define-fun |memory_model::choice_rf_0_63_4_43_F_32| () Bool true)
(define-fun |__unbuffered_cnt#16$wclk$8| () (_ BitVec 8) #b11101100)
(define-fun |memory_model::choice_rf_1_2_0_12_F_33| () Bool false)
(define-fun |__unbuffered_cnt#1$wclk$8| () (_ BitVec 8) #b00110011)
(define-fun |__unbuffered_cnt#4$rclk$8| () (_ BitVec 8) #b11101000)
(define-fun |memory_model::choice_rf_1_2_2_4_F_34| () Bool false)
(define-fun |memory_model::choice_rf_1_2_3_21_F_35| () Bool true)
(define-fun |memory_model::choice_rf_1_2_4_43_F_36| () Bool false)
(define-fun |memory_model::choice_rf_2_3_0_12_F_37| () Bool false)
(define-fun |__unbuffered_cnt#7$rclk$8| () (_ BitVec 8) #b11101001)
(define-fun |memory_model::choice_rf_2_3_1_3_F_38| () Bool true)
(define-fun |memory_model::choice_rf_2_3_3_21_F_39| () Bool false)
(define-fun |memory_model::choice_rf_2_3_4_43_F_40| () Bool false)
(define-fun |memory_model::choice_rf_3_20_0_12_F_41| () Bool true)
(define-fun |__unbuffered_cnt#10$rclk$8| () (_ BitVec 8) #b11100110)
(define-fun |memory_model::choice_rf_3_20_1_3_F_42| () Bool false)
(define-fun |memory_model::choice_rf_3_20_2_4_F_43| () Bool false)
(define-fun |memory_model::choice_rf_3_20_4_43_F_44| () Bool false)
(define-fun |memory_model::choice_rf_4_42_0_12_F_45| () Bool false)
(define-fun |__unbuffered_cnt#13$rclk$8| () (_ BitVec 8) #b11101100)
(define-fun |memory_model::choice_rf_4_42_1_3_F_46| () Bool false)
(define-fun |memory_model::choice_rf_4_42_2_4_F_47| () Bool true)
(define-fun |memory_model::choice_rf_4_42_3_21_F_48| () Bool false)
(define-fun |memory_model::choice_rf_0_82_0_13_F_49| () Bool false)
(define-fun |memory_model::choice_rf_0_82_2_2_F_50| () Bool true)
(define-fun |__unbuffered_p1_EAX#4$wclk$8| () (_ BitVec 8) #b11011010)
(define-fun |__unbuffered_p1_EAX#2$rclk$8| () (_ BitVec 8) #b11111000)
(define-fun |memory_model::choice_rf_0_81_0_14_F_51| () Bool false)
(define-fun |memory_model::choice_rf_0_81_3_11_F_52| () Bool true)
(define-fun |__unbuffered_p2_EAX#4$wclk$8| () (_ BitVec 8) #b11011100)
(define-fun |__unbuffered_p2_EAX#2$rclk$8| () (_ BitVec 8) #b11111000)
(define-fun |memory_model::choice_rf_0_80_0_15_F_53| () Bool false)
(define-fun |memory_model::choice_rf_0_80_4_26_F_54| () Bool true)
(define-fun |__unbuffered_p3_EAX#6$wclk$8| () (_ BitVec 8) #b11000110)
(define-fun |__unbuffered_p3_EAX#2$rclk$8| () (_ BitVec 8) #b11111000)
(define-fun |memory_model::choice_rf_4_24_0_15_F_55| () Bool false)
(define-fun |__unbuffered_p3_EAX#1$wclk$8| () (_ BitVec 8) #b00110110)
(define-fun |__unbuffered_p3_EAX#5$rclk$8| () (_ BitVec 8) #b11000110)
(define-fun |memory_model::choice_rf_0_79_0_16_F_56| () Bool false)
(define-fun |memory_model::choice_rf_0_79_4_29_F_57| () Bool true)
(define-fun |__unbuffered_p3_EBX#6$wclk$8| () (_ BitVec 8) #b11010011)
(define-fun |__unbuffered_p3_EBX#2$rclk$8| () (_ BitVec 8) #b11111000)
(define-fun |memory_model::choice_rf_4_27_0_16_F_58| () Bool false)
(define-fun |__unbuffered_p3_EBX#1$wclk$8| () (_ BitVec 8) #b00111000)
(define-fun |__unbuffered_p3_EBX#5$rclk$8| () (_ BitVec 8) #b11010011)
(define-fun |memory_model::choice_rf_4_22_0_17_F_59| () Bool false)
(define-fun |a#1$wclk$8| () (_ BitVec 8) #b00111001)
(define-fun |a#3$rclk$8| () (_ BitVec 8) #b11000101)
(define-fun |memory_model::choice_rf_4_25_0_17_F_60| () Bool false)
(define-fun |a#5$rclk$8| () (_ BitVec 8) #b11000110)
(define-fun |memory_model::choice_rf_4_25_4_23_F_61| () Bool true)
(define-fun |memory_model::choice_rf_4_28_0_18_F_62| () Bool true)
(define-fun |b#1$wclk$8| () (_ BitVec 8) #b01000010)
(define-fun |b#3$rclk$8| () (_ BitVec 8) #b11010011)
(define-fun |memory_model::choice_rf_4_28_1_0_F_63| () Bool false)
(define-fun |b#2$wclk$8| () (_ BitVec 8) #b11010111)
(define-fun |memory_model::choice_rf_0_65_0_19_F_64| () Bool false)
(define-fun |memory_model::choice_rf_0_65_0_64_F_65| () Bool true)
(define-fun |memory_model::choice_rf_0_78_0_20_F_66| () Bool false)
(define-fun |main$tmp_guard1#5| () (_ BitVec 8) #b00000000)
(define-fun |memory_model::choice_rf_0_85_0_20_F_67| () Bool false)
(define-fun |memory_model::choice_rf_0_85_0_84_F_68| () Bool true)
(define-fun |memory_model::choice_rf_0_86_0_20_F_69| () Bool false)
(define-fun |memory_model::choice_rf_0_86_0_84_F_70| () Bool true)
(define-fun |memory_model::choice_rf_2_1_0_24_F_71| () Bool true)
(define-fun |y#1$wclk$8| () (_ BitVec 8) #b01010010)
(define-fun |y#2$rclk$8| () (_ BitVec 8) #b11011010)
(define-fun |memory_model::choice_rf_2_1_3_0_F_72| () Bool false)
(define-fun |y#4$wclk$8| () (_ BitVec 8) #b11011011)
(define-fun |memory_model::choice_rf_0_68_0_25_F_73| () Bool false)
(define-fun |memory_model::choice_rf_0_68_3_18_F_74| () Bool false)
(define-fun |z#9$wclk$8| () (_ BitVec 8) #b11011100)
(define-fun |z#2$rclk$8| () (_ BitVec 8) #b11101111)
(define-fun |memory_model::choice_rf_0_68_4_41_F_75| () Bool true)
(define-fun |z#13$wclk$8| () (_ BitVec 8) #b11100101)
(define-fun |memory_model::choice_rf_3_7_0_25_F_76| () Bool true)
(define-fun |z#1$wclk$8| () (_ BitVec 8) #b01011000)
(define-fun |z#6$rclk$8| () (_ BitVec 8) #b11011100)
(define-fun |memory_model::choice_rf_3_7_0_77_F_77| () Bool false)
(define-fun |z#5$wclk$8| () (_ BitVec 8) #b11101111)
(define-fun |memory_model::choice_rf_3_7_4_41_F_78| () Bool false)
(define-fun |memory_model::choice_rf_4_31_0_25_F_79| () Bool false)
(define-fun |z#10$rclk$8| () (_ BitVec 8) #b11100101)
(define-fun |memory_model::choice_rf_4_31_0_77_F_80| () Bool false)
(define-fun |memory_model::choice_rf_4_31_3_18_F_81| () Bool true)
(define-fun |memory_model::choice_rf_0_71_0_28_F_82| () Bool true)
(define-fun |memory_model::choice_rf_4_8_0_28_F_83| () Bool true)
(define-fun |z$r_buff0_thd0#1$wclk$8| () (_ BitVec 8) #b01100011)
(define-fun |z$r_buff0_thd0#11$rclk$8| () (_ BitVec 8) #b11000100)
(define-fun |memory_model::choice_rf_4_8_0_74_F_84| () Bool false)
(define-fun |z$r_buff0_thd0#10$wclk$8| () (_ BitVec 8) #b11101111)
(define-fun |memory_model::choice_rf_4_4_0_29_F_85| () Bool true)
(define-fun |z$r_buff0_thd1#1$wclk$8| () (_ BitVec 8) #b01100101)
(define-fun |z$r_buff0_thd1#2$rclk$8| () (_ BitVec 8) #b11000100)
(define-fun |memory_model::choice_rf_4_2_0_30_F_86| () Bool true)
(define-fun |z$r_buff0_thd2#1$wclk$8| () (_ BitVec 8) #b01100110)
(define-fun |z$r_buff0_thd2#2$rclk$8| () (_ BitVec 8) #b11000100)
(define-fun |memory_model::choice_rf_3_4_0_31_F_87| () Bool true)
(define-fun |z$r_buff0_thd3#1$wclk$8| () (_ BitVec 8) #b01100111)
(define-fun |z$r_buff0_thd3#2$rclk$8| () (_ BitVec 8) #b11011100)
(define-fun |memory_model::choice_rf_4_7_0_31_F_88| () Bool true)
(define-fun |z$r_buff0_thd3#5$rclk$8| () (_ BitVec 8) #b11000100)
(define-fun |memory_model::choice_rf_4_7_3_9_F_89| () Bool false)
(define-fun |z$r_buff0_thd3#4$wclk$8| () (_ BitVec 8) #b11011100)
(define-fun |memory_model::choice_rf_4_6_0_32_F_90| () Bool true)
(define-fun |z$r_buff0_thd4#1$wclk$8| () (_ BitVec 8) #b01101000)
(define-fun |z$r_buff0_thd4#2$rclk$8| () (_ BitVec 8) #b11000100)
(define-fun |memory_model::choice_rf_4_34_0_32_F_91| () Bool false)
(define-fun |z$r_buff0_thd4#6$rclk$8| () (_ BitVec 8) #b11100101)
(define-fun |memory_model::choice_rf_4_34_4_12_F_92| () Bool true)
(define-fun |memory_model::choice_rf_0_67_0_33_F_93| () Bool false)
(define-fun |memory_model::choice_rf_0_67_4_16_F_94| () Bool true)
(define-fun |z$r_buff1_thd0#11$wclk$8| () (_ BitVec 8) #b11000100)
(define-fun |z$r_buff1_thd0#2$rclk$8| () (_ BitVec 8) #b11101111)
(define-fun |memory_model::choice_rf_4_5_0_33_F_95| () Bool false)
(define-fun |z$r_buff1_thd0#1$wclk$8| () (_ BitVec 8) #b01101001)
(define-fun |z$r_buff1_thd0#10$rclk$8| () (_ BitVec 8) #b11000100)
(define-fun |memory_model::choice_rf_4_5_0_73_F_96| () Bool false)
(define-fun |z$r_buff1_thd0#8$wclk$8| () (_ BitVec 8) #b11101111)
(define-fun |memory_model::choice_rf_4_3_0_34_F_97| () Bool false)
(define-fun |z$r_buff1_thd1#1$wclk$8| () (_ BitVec 8) #b01101011)
(define-fun |z$r_buff1_thd1#3$rclk$8| () (_ BitVec 8) #b11000100)
(define-fun |memory_model::choice_rf_4_1_0_35_F_98| () Bool false)
(define-fun |z$r_buff1_thd2#1$wclk$8| () (_ BitVec 8) #b01101100)
(define-fun |z$r_buff1_thd2#3$rclk$8| () (_ BitVec 8) #b11000100)
(define-fun |memory_model::choice_rf_3_3_0_36_F_99| () Bool false)
(define-fun |z$r_buff1_thd3#1$wclk$8| () (_ BitVec 8) #b01101101)
(define-fun |z$r_buff1_thd3#2$rclk$8| () (_ BitVec 8) #b11011100)
(define-fun |memory_model::choice_rf_3_3_4_13_F_100| () Bool true)
(define-fun |z$r_buff1_thd3#7$wclk$8| () (_ BitVec 8) #b11000100)
(define-fun |memory_model::choice_rf_4_0_0_36_F_101| () Bool false)
(define-fun |z$r_buff1_thd3#6$rclk$8| () (_ BitVec 8) #b11000100)
(define-fun |memory_model::choice_rf_4_0_3_8_F_102| () Bool false)
(define-fun |z$r_buff1_thd3#4$wclk$8| () (_ BitVec 8) #b11011100)
(define-fun |memory_model::choice_rf_4_9_0_37_F_103| () Bool false)
(define-fun |z$r_buff1_thd4#1$wclk$8| () (_ BitVec 8) #b01101110)
(define-fun |z$r_buff1_thd4#3$rclk$8| () (_ BitVec 8) #b11000100)
(define-fun |memory_model::choice_rf_4_35_0_37_F_104| () Bool false)
(define-fun |z$r_buff1_thd4#5$rclk$8| () (_ BitVec 8) #b11100101)
(define-fun |memory_model::choice_rf_4_35_4_17_F_105| () Bool true)
(define-fun |memory_model::choice_rf_0_70_0_40_F_106| () Bool false)
(define-fun |memory_model::choice_rf_0_70_3_13_F_107| () Bool true)
(define-fun |z$w_buff0#6$wclk$8| () (_ BitVec 8) #b11011100)
(define-fun |z$w_buff0#2$rclk$8| () (_ BitVec 8) #b11101111)
(define-fun |memory_model::choice_rf_0_70_4_20_F_108| () Bool false)
(define-fun |z$w_buff0#9$wclk$8| () (_ BitVec 8) #b11000100)
(define-fun |memory_model::choice_rf_3_2_0_40_F_109| () Bool false)
(define-fun |z$w_buff0#1$wclk$8| () (_ BitVec 8) #b01110111)
(define-fun |z$w_buff0#4$rclk$8| () (_ BitVec 8) #b11011100)
(define-fun |memory_model::choice_rf_3_2_4_20_F_110| () Bool true)
(define-fun |memory_model::choice_rf_4_11_0_40_F_111| () Bool true)
(define-fun |z$w_buff0#7$rclk$8| () (_ BitVec 8) #b11000100)
(define-fun |memory_model::choice_rf_4_11_3_13_F_112| () Bool false)
(define-fun |memory_model::choice_rf_4_33_0_40_F_113| () Bool false)
(define-fun |z$w_buff0#10$rclk$8| () (_ BitVec 8) #b11100101)
(define-fun |memory_model::choice_rf_4_33_3_13_F_114| () Bool true)
(define-fun |memory_model::choice_rf_4_33_4_20_F_115| () Bool false)
(define-fun |memory_model::choice_rf_0_72_0_41_F_116| () Bool false)
(define-fun |memory_model::choice_rf_0_72_3_10_F_117| () Bool false)
(define-fun |z$w_buff0_used#13$wclk$8| () (_ BitVec 8) #b11011100)
(define-fun |z$w_buff0_used#2$rclk$8| () (_ BitVec 8) #b11101111)
(define-fun |memory_model::choice_rf_0_72_4_18_F_118| () Bool false)
(define-fun |z$w_buff0_used#16$wclk$8| () (_ BitVec 8) #b11000100)
(define-fun |memory_model::choice_rf_0_72_4_39_F_119| () Bool true)
(define-fun |z$w_buff0_used#25$wclk$8| () (_ BitVec 8) #b11100101)
(define-fun |memory_model::choice_rf_3_5_0_41_F_120| () Bool false)
(define-fun |z$w_buff0_used#1$wclk$8| () (_ BitVec 8) #b01111010)
(define-fun |z$w_buff0_used#11$rclk$8| () (_ BitVec 8) #b11011100)
(define-fun |memory_model::choice_rf_3_5_0_75_F_121| () Bool false)
(define-fun |z$w_buff0_used#10$wclk$8| () (_ BitVec 8) #b11101111)
(define-fun |memory_model::choice_rf_3_5_4_18_F_122| () Bool true)
(define-fun |memory_model::choice_rf_3_5_4_39_F_123| () Bool false)
(define-fun |memory_model::choice_rf_4_10_0_41_F_124| () Bool true)
(define-fun |z$w_buff0_used#14$rclk$8| () (_ BitVec 8) #b11000100)
(define-fun |memory_model::choice_rf_4_10_0_75_F_125| () Bool false)
(define-fun |memory_model::choice_rf_4_10_3_10_F_126| () Bool false)
(define-fun |memory_model::choice_rf_4_36_0_41_F_127| () Bool false)
(define-fun |z$w_buff0_used#17$rclk$8| () (_ BitVec 8) #b11100101)
(define-fun |memory_model::choice_rf_4_36_0_75_F_128| () Bool false)
(define-fun |memory_model::choice_rf_4_36_3_10_F_129| () Bool true)
(define-fun |memory_model::choice_rf_4_36_4_18_F_130| () Bool false)
(define-fun |memory_model::choice_rf_0_66_0_42_F_131| () Bool false)
(define-fun |memory_model::choice_rf_0_66_3_12_F_132| () Bool true)
(define-fun |z$w_buff1#6$wclk$8| () (_ BitVec 8) #b11011100)
(define-fun |z$w_buff1#2$rclk$8| () (_ BitVec 8) #b11101111)
(define-fun |memory_model::choice_rf_0_66_4_21_F_133| () Bool false)
(define-fun |z$w_buff1#7$wclk$8| () (_ BitVec 8) #b11000100)
(define-fun |memory_model::choice_rf_3_1_0_42_F_134| () Bool false)
(define-fun |z$w_buff1#1$wclk$8| () (_ BitVec 8) #b01111100)
(define-fun |z$w_buff1#4$rclk$8| () (_ BitVec 8) #b11011100)
(define-fun |memory_model::choice_rf_3_1_4_21_F_135| () Bool true)
(define-fun |memory_model::choice_rf_4_30_0_42_F_136| () Bool false)
(define-fun |z$w_buff1#8$rclk$8| () (_ BitVec 8) #b11100101)
(define-fun |memory_model::choice_rf_4_30_3_12_F_137| () Bool true)
(define-fun |memory_model::choice_rf_4_30_4_21_F_138| () Bool false)
(define-fun |memory_model::choice_rf_0_69_0_43_F_139| () Bool false)
(define-fun |memory_model::choice_rf_0_69_3_17_F_140| () Bool false)
(define-fun |z$w_buff1_used#11$wclk$8| () (_ BitVec 8) #b11011100)
(define-fun |z$w_buff1_used#2$rclk$8| () (_ BitVec 8) #b11101111)
(define-fun |memory_model::choice_rf_0_69_4_19_F_141| () Bool false)
(define-fun |z$w_buff1_used#12$wclk$8| () (_ BitVec 8) #b11000100)
(define-fun |memory_model::choice_rf_0_69_4_40_F_142| () Bool true)
(define-fun |z$w_buff1_used#19$wclk$8| () (_ BitVec 8) #b11100101)
(define-fun |memory_model::choice_rf_3_6_0_43_F_143| () Bool false)
(define-fun |z$w_buff1_used#1$wclk$8| () (_ BitVec 8) #b01111101)
(define-fun |z$w_buff1_used#9$rclk$8| () (_ BitVec 8) #b11011100)
(define-fun |memory_model::choice_rf_3_6_0_76_F_144| () Bool false)
(define-fun |z$w_buff1_used#8$wclk$8| () (_ BitVec 8) #b11101111)
(define-fun |memory_model::choice_rf_3_6_4_19_F_145| () Bool true)
(define-fun |memory_model::choice_rf_3_6_4_40_F_146| () Bool false)
(define-fun |memory_model::choice_rf_4_32_0_43_F_147| () Bool false)
(define-fun |z$w_buff1_used#13$rclk$8| () (_ BitVec 8) #b11100101)
(define-fun |memory_model::choice_rf_4_32_0_76_F_148| () Bool false)
(define-fun |memory_model::choice_rf_4_32_3_17_F_149| () Bool true)
(define-fun |memory_model::choice_rf_4_32_4_19_F_150| () Bool false)
(define-fun |memory_model::choice_ws-ext_0_11_1_5_T_151| () Bool true)
(define-fun |memory_model::choice_ws-ext_0_11_2_6_T_152| () Bool true)
(define-fun |memory_model::choice_ws-ext_0_11_3_23_T_153| () Bool true)
(define-fun |memory_model::choice_ws-ext_0_11_4_45_T_154| () Bool true)
(define-fun |memory_model::choice_ws-ext_1_5_2_6_T_155| () Bool false)
(define-fun |memory_model::choice_ws-ext_1_5_3_23_T_156| () Bool false)
(define-fun |memory_model::choice_ws-ext_1_5_4_45_T_157| () Bool false)
(define-fun |memory_model::choice_ws-ext_2_6_3_23_T_158| () Bool false)
(define-fun |memory_model::choice_ws-ext_2_6_4_45_T_159| () Bool false)
(define-fun |memory_model::choice_ws-ext_3_23_4_45_T_160| () Bool false)
(define-fun |x#1$wclk$8| () (_ BitVec 8) #b01001111)
(define-fun |memory_model::choice_ws-ext_0_23_1_1_F_161| () Bool true)
(define-fun |memory_model::choice_ws-ext_0_23_2_0_F_162| () Bool true)
(define-fun |memory_model::choice_ws-ext_1_1_2_0_F_163| () Bool true)
(define-fun |memory_model::choice_ws-ext_0_12_1_3_F_164| () Bool true)
(define-fun |memory_model::choice_ws-ext_0_12_2_4_F_165| () Bool true)
(define-fun |memory_model::choice_ws-ext_0_12_3_21_F_166| () Bool true)
(define-fun |memory_model::choice_ws-ext_0_12_4_43_F_167| () Bool true)
(define-fun |memory_model::choice_ws-ext_1_3_2_4_F_168| () Bool true)
(define-fun |memory_model::choice_ws-ext_1_3_3_21_F_169| () Bool false)
(define-fun |memory_model::choice_ws-ext_1_3_4_43_F_170| () Bool true)
(define-fun |memory_model::choice_ws-ext_2_4_3_21_F_171| () Bool false)
(define-fun |memory_model::choice_ws-ext_2_4_4_43_F_172| () Bool true)
(define-fun |memory_model::choice_ws-ext_3_21_4_43_F_173| () Bool true)
(define-fun |__unbuffered_p1_EAX#1$wclk$8| () (_ BitVec 8) #b00110100)
(define-fun |memory_model::choice_ws-ext_0_13_2_2_F_174| () Bool true)
(define-fun |__unbuffered_p2_EAX#1$wclk$8| () (_ BitVec 8) #b00110101)
(define-fun |memory_model::choice_ws-ext_0_14_3_11_F_175| () Bool true)
(define-fun |memory_model::choice_ws-ext_0_15_4_26_F_176| () Bool true)
(define-fun |memory_model::choice_ws-ext_0_16_4_29_F_177| () Bool true)
(define-fun |a#4$wclk$8| () (_ BitVec 8) #b11000101)
(define-fun |memory_model::choice_ws-ext_0_17_4_23_F_178| () Bool true)
(define-fun |memory_model::choice_ws-ext_0_18_1_0_F_179| () Bool true)
(define-fun |memory_model::choice_ws-ext_0_24_3_0_F_180| () Bool true)
(define-fun |memory_model::choice_ws-ext_0_25_3_18_F_181| () Bool true)
(define-fun |memory_model::choice_ws-ext_0_25_4_41_F_182| () Bool true)
(define-fun |memory_model::choice_ws-ext_0_77_3_18_F_183| () Bool false)
(define-fun |memory_model::choice_ws-ext_0_77_4_41_F_184| () Bool false)
(define-fun |memory_model::choice_ws-ext_3_18_4_41_F_185| () Bool true)
(define-fun |z$flush_delayed#1$wclk$8| () (_ BitVec 8) #b01100001)
(define-fun |z$flush_delayed#3$wclk$8| () (_ BitVec 8) #b11011100)
(define-fun |memory_model::choice_ws-ext_0_26_3_15_F_186| () Bool true)
(define-fun |z$mem_tmp#1$wclk$8| () (_ BitVec 8) #b01100010)
(define-fun |z$mem_tmp#2$wclk$8| () (_ BitVec 8) #b11011100)
(define-fun |memory_model::choice_ws-ext_0_27_3_14_F_187| () Bool true)
(define-fun |memory_model::choice_ws-ext_0_31_3_9_F_188| () Bool true)
(define-fun |z$r_buff0_thd4#5$wclk$8| () (_ BitVec 8) #b11000100)
(define-fun |memory_model::choice_ws-ext_0_32_4_12_F_189| () Bool true)
(define-fun |z$r_buff0_thd4#14$wclk$8| () (_ BitVec 8) #b11100101)
(define-fun |memory_model::choice_ws-ext_0_32_4_37_F_190| () Bool true)
(define-fun |memory_model::choice_ws-ext_0_33_4_16_F_191| () Bool true)
(define-fun |memory_model::choice_ws-ext_0_73_4_16_F_192| () Bool false)
(define-fun |z$r_buff1_thd1#4$wclk$8| () (_ BitVec 8) #b11000100)
(define-fun |memory_model::choice_ws-ext_0_34_4_15_F_193| () Bool true)
(define-fun |z$r_buff1_thd2#4$wclk$8| () (_ BitVec 8) #b11000100)
(define-fun |memory_model::choice_ws-ext_0_35_4_14_F_194| () Bool true)
(define-fun |memory_model::choice_ws-ext_0_36_3_8_F_195| () Bool true)
(define-fun |memory_model::choice_ws-ext_0_36_4_13_F_196| () Bool true)
(define-fun |memory_model::choice_ws-ext_3_8_4_13_F_197| () Bool false)
(define-fun |z$r_buff1_thd4#4$wclk$8| () (_ BitVec 8) #b11000100)
(define-fun |memory_model::choice_ws-ext_0_37_4_17_F_198| () Bool true)
(define-fun |z$r_buff1_thd4#11$wclk$8| () (_ BitVec 8) #b11100101)
(define-fun |memory_model::choice_ws-ext_0_37_4_38_F_199| () Bool true)
(define-fun |memory_model::choice_ws-ext_0_40_3_13_F_200| () Bool true)
(define-fun |memory_model::choice_ws-ext_0_40_4_20_F_201| () Bool true)
(define-fun |memory_model::choice_ws-ext_3_13_4_20_F_202| () Bool false)
(define-fun |memory_model::choice_ws-ext_0_41_3_10_F_203| () Bool true)
(define-fun |memory_model::choice_ws-ext_0_41_4_18_F_204| () Bool true)
(define-fun |memory_model::choice_ws-ext_0_41_4_39_F_205| () Bool true)
(define-fun |memory_model::choice_ws-ext_0_75_3_10_F_206| () Bool false)
(define-fun |memory_model::choice_ws-ext_0_75_4_18_F_207| () Bool false)
(define-fun |memory_model::choice_ws-ext_0_75_4_39_F_208| () Bool false)
(define-fun |memory_model::choice_ws-ext_3_10_4_18_F_209| () Bool false)
(define-fun |memory_model::choice_ws-ext_3_10_4_39_F_210| () Bool true)
(define-fun |memory_model::choice_ws-ext_0_42_3_12_F_211| () Bool true)
(define-fun |memory_model::choice_ws-ext_0_42_4_21_F_212| () Bool true)
(define-fun |memory_model::choice_ws-ext_3_12_4_21_F_213| () Bool false)
(define-fun |memory_model::choice_ws-ext_0_43_3_17_F_214| () Bool true)
(define-fun |memory_model::choice_ws-ext_0_43_4_19_F_215| () Bool true)
(define-fun |memory_model::choice_ws-ext_0_43_4_40_F_216| () Bool true)
(define-fun |memory_model::choice_ws-ext_0_76_3_17_F_217| () Bool false)
(define-fun |memory_model::choice_ws-ext_0_76_4_19_F_218| () Bool false)
(define-fun |memory_model::choice_ws-ext_0_76_4_40_F_219| () Bool false)
(define-fun |memory_model::choice_ws-ext_3_17_4_19_F_220| () Bool false)
(define-fun |memory_model::choice_ws-ext_3_17_4_40_F_221| () Bool true)
(define-fun |weak$$choice0#1$wclk$8| () (_ BitVec 8) #b01001011)
(define-fun |weak$$choice0#2$wclk$8| () (_ BitVec 8) #b11011100)
(define-fun |memory_model::choice_ws-ext_0_21_3_19_F_222| () Bool true)
(define-fun |weak$$choice2#1$wclk$8| () (_ BitVec 8) #b01001110)
(define-fun |weak$$choice2#2$wclk$8| () (_ BitVec 8) #b11011100)
(define-fun |memory_model::choice_ws-ext_0_22_3_16_F_223| () Bool true)
(define-fun t1$47$spwnclk$8 () (_ BitVec 8) #b10001000)
(define-fun t1$52$spwnclk$8 () (_ BitVec 8) #b10110000)
(define-fun t1$57$spwnclk$8 () (_ BitVec 8) #b10110101)
(define-fun t1$62$spwnclk$8 () (_ BitVec 8) #b10111111)
(define-fun |main::1::t1000!0@1$wclk$8| () (_ BitVec 8) #b00000010)
(define-fun |main::1::t1001!0@1$wclk$8| () (_ BitVec 8) #b00000100)
(define-fun |main::1::t1002!0@1$wclk$8| () (_ BitVec 8) #b00000101)
(define-fun |__CPROVER_dead_object#1$wclk$8| () (_ BitVec 8) #b00010000)
(define-fun |__CPROVER_deallocated#1$wclk$8| () (_ BitVec 8) #b00010001)
(define-fun |__CPROVER_malloc_is_new_array#1$wclk$8| () (_ BitVec 8) #b00010100)
(define-fun |__CPROVER_malloc_object#1$wclk$8| () (_ BitVec 8) #b00100101)
(define-fun |__CPROVER_malloc_size#1$wclk$8| () (_ BitVec 8) #b00101000)
(define-fun |__CPROVER_memory_leak#1$wclk$8| () (_ BitVec 8) #b00101001)
(define-fun |__CPROVER_next_thread_id#1$wclk$8| () (_ BitVec 8) #b00110000)
(define-fun |__CPROVER_pipe_count#1$wclk$8| () (_ BitVec 8) #b00110001)
(define-fun |main$tmp_guard0#1$wclk$8| () (_ BitVec 8) #b01000100)
(define-fun |main$tmp_guard1#1$wclk$8| () (_ BitVec 8) #b01000101)
(define-fun |z$read_delayed#1$wclk$8| () (_ BitVec 8) #b01110101)
(define-fun |z$read_delayed_var#1$wclk$8| () (_ BitVec 8) #b01110110)
(define-fun |main::1::t999!0@1#1$wclk$8| () (_ BitVec 8) #b01111110)
(define-fun |__CPROVER_next_thread_id#2$wclk$8| () (_ BitVec 8) #b01111111)
(define-fun |main::1::t999!0@1#2$wclk$8| () (_ BitVec 8) #b10000110)
(define-fun |main::1::t1000!0@1#1$wclk$8| () (_ BitVec 8) #b10001001)
(define-fun |__CPROVER_next_thread_id#3$rclk$8| () (_ BitVec 8) #b10010001)
(define-fun |__CPROVER_next_thread_id#5$wclk$8| () (_ BitVec 8) #b10010001)
(define-fun |main::1::t1000!0@1#2$wclk$8| () (_ BitVec 8) #b10100010)
(define-fun |main::1::t1001!0@1#1$wclk$8| () (_ BitVec 8) #b10110001)
(define-fun |__CPROVER_next_thread_id#6$rclk$8| () (_ BitVec 8) #b10110011)
(define-fun |__CPROVER_next_thread_id#8$wclk$8| () (_ BitVec 8) #b10110011)
(define-fun |main::1::t1001!0@1#2$wclk$8| () (_ BitVec 8) #b10110100)
(define-fun |main::1::t1002!0@1#1$wclk$8| () (_ BitVec 8) #b10110110)
(define-fun |__CPROVER_next_thread_id#9$rclk$8| () (_ BitVec 8) #b10110111)
(define-fun |__CPROVER_next_thread_id#11$wclk$8| () (_ BitVec 8) #b10110111)
(define-fun |main::1::t1002!0@1#2$wclk$8| () (_ BitVec 8) #b10111110)
(define-fun |main$tmp_guard0#2$wclk$8| () (_ BitVec 8) #b11101101)
(define-fun |main$tmp_guard0#3$rclk$8| () (_ BitVec 8) #b11101110)
(define-fun |z$r_buff0_thd0#2$rclk$8| () (_ BitVec 8) #b11101111)
(define-fun |main$tmp_guard1#3$rclk$8| () (_ BitVec 8) #b11111000)
(define-fun |main$tmp_guard1#4$wclk$8| () (_ BitVec 8) #b11111000)
(define-fun |main$tmp_guard1#5$rclk$8| () (_ BitVec 8) #b11111010)
(define-fun |main$tmp_guard1#6$rclk$8| () (_ BitVec 8) #b11111011)
)

real	0m0.321s
user	0m0.313s
sys	0m0.007s
State: AC Run_time: 0.3227994441986084