sat
(= |goto_symex::&92;guard#1| true)
(= |goto_symex::&92;guard#2| false)
(= |memory_model::choice_rf_1_36_0_10_T_0| false)
(= |memory_model::choice_rf_1_36_2_18_T_1| false)
(= |memory_model::choice_rf_1_36_3_35_T_2| true)
(= |memory_model::choice_rf_2_17_0_10_T_3| false)
(= |memory_model::choice_rf_2_17_1_37_T_4| true)
(= |memory_model::choice_rf_2_17_3_35_T_5| false)
(= |memory_model::choice_rf_3_34_0_10_T_6| true)
(= |memory_model::choice_rf_3_34_1_37_T_7| false)
(= |memory_model::choice_rf_3_34_2_18_T_8| false)
(= |memory_model::choice_rf_0_43_0_8_T_9| false)
(= |memory_model::choice_rf_0_43_0_39_T_10| true)
(= |memory_model::choice_rf_0_48_0_8_T_11| false)
(= |memory_model::choice_rf_0_48_0_39_T_12| false)
(= |memory_model::choice_rf_0_48_0_44_T_13| true)
(= |memory_model::choice_rf_1_20_0_19_F_14| true)
(= |memory_model::choice_rf_1_20_2_0_F_15| false)
(= |memory_model::choice_rf_0_52_0_11_F_16| false)
(= |memory_model::choice_rf_0_52_1_35_F_17| false)
(= |memory_model::choice_rf_0_52_2_16_F_18| true)
(= |memory_model::choice_rf_0_52_3_33_F_19| false)
(= |memory_model::choice_rf_1_34_0_11_F_20| false)
(= |memory_model::choice_rf_1_34_2_16_F_21| false)
(= |memory_model::choice_rf_1_34_3_33_F_22| true)
(= |memory_model::choice_rf_2_15_0_11_F_23| false)
(= |memory_model::choice_rf_2_15_1_35_F_24| true)
(= |memory_model::choice_rf_2_15_3_33_F_25| false)
(= |memory_model::choice_rf_3_32_0_11_F_26| true)
(= |memory_model::choice_rf_3_32_1_35_F_27| false)
(= |memory_model::choice_rf_3_32_2_16_F_28| false)
(= |memory_model::choice_rf_0_70_0_12_F_29| false)
(= |memory_model::choice_rf_0_70_1_21_F_30| true)
(= |memory_model::choice_rf_1_19_0_12_F_31| false)
(= |memory_model::choice_rf_0_69_0_13_F_32| false)
(= |memory_model::choice_rf_0_69_2_2_F_33| true)
(= |memory_model::choice_rf_0_68_0_14_F_34| false)
(= |memory_model::choice_rf_0_68_3_11_F_35| true)
(= |memory_model::choice_rf_0_54_0_15_F_36| false)
(= |memory_model::choice_rf_0_54_0_53_F_37| true)
(= |memory_model::choice_rf_0_67_0_16_F_38| false)
(= |memory_model::choice_rf_0_72_0_16_F_39| false)
(= |memory_model::choice_rf_0_72_0_71_F_40| true)
(= |memory_model::choice_rf_0_73_0_16_F_41| false)
(= |memory_model::choice_rf_0_73_0_71_F_42| true)
(= |memory_model::choice_rf_2_1_0_20_F_43| true)
(= |memory_model::choice_rf_2_1_3_0_F_44| false)
(= |memory_model::choice_rf_0_55_0_21_F_45| false)
(= |memory_model::choice_rf_0_55_1_33_F_46| true)
(= |memory_model::choice_rf_0_55_2_14_F_47| false)
(= |memory_model::choice_rf_0_55_3_14_F_48| false)
(= |memory_model::choice_rf_0_55_3_31_F_49| false)
(= |memory_model::choice_rf_1_22_0_21_F_50| false)
(= |memory_model::choice_rf_1_22_0_66_F_51| false)
(= |memory_model::choice_rf_1_22_2_14_F_52| true)
(= |memory_model::choice_rf_1_22_3_14_F_53| false)
(= |memory_model::choice_rf_1_22_3_31_F_54| false)
(= |memory_model::choice_rf_2_3_0_21_F_55| false)
(= |memory_model::choice_rf_2_3_0_66_F_56| false)
(= |memory_model::choice_rf_2_3_1_33_F_57| false)
(= |memory_model::choice_rf_2_3_3_14_F_58| false)
(= |memory_model::choice_rf_2_3_3_31_F_59| true)
(= |memory_model::choice_rf_3_7_0_21_F_60| true)
(= |memory_model::choice_rf_3_7_0_66_F_61| false)
(= |memory_model::choice_rf_3_7_1_33_F_62| false)
(= |memory_model::choice_rf_3_7_2_14_F_63| false)
(= |memory_model::choice_rf_3_20_0_21_F_64| false)
(= |memory_model::choice_rf_3_20_0_66_F_65| false)
(= |memory_model::choice_rf_3_20_1_33_F_66| false)
(= |memory_model::choice_rf_3_20_2_14_F_67| false)
(= |memory_model::choice_rf_3_20_3_14_F_68| true)
(= |memory_model::choice_rf_0_60_0_24_F_69| true)
(= |memory_model::choice_rf_1_5_0_24_F_70| true)
(= |memory_model::choice_rf_1_5_0_63_F_71| false)
(= |memory_model::choice_rf_1_4_0_25_F_72| true)
(= |memory_model::choice_rf_1_27_0_25_F_73| false)
(= |memory_model::choice_rf_1_27_1_10_F_74| true)
(= |memory_model::choice_rf_1_1_0_26_F_75| true)
(= |memory_model::choice_rf_1_1_2_10_F_76| false)
(= |memory_model::choice_rf_2_7_0_26_F_77| true)
(= |memory_model::choice_rf_1_0_0_27_F_78| true)
(= |memory_model::choice_rf_1_0_3_16_F_79| false)
(= |memory_model::choice_rf_1_0_3_27_F_80| false)
(= |memory_model::choice_rf_3_4_0_27_F_81| true)
(= |memory_model::choice_rf_3_24_0_27_F_82| false)
(= |memory_model::choice_rf_3_24_3_16_F_83| true)
(= |memory_model::choice_rf_0_57_0_28_F_84| false)
(= |memory_model::choice_rf_0_57_1_12_F_85| true)
(= |memory_model::choice_rf_1_3_0_28_F_86| false)
(= |memory_model::choice_rf_1_3_0_62_F_87| false)
(= |memory_model::choice_rf_1_2_0_29_F_88| false)
(= |memory_model::choice_rf_1_24_0_29_F_89| false)
(= |memory_model::choice_rf_1_24_1_11_F_90| true)
(= |memory_model::choice_rf_1_7_0_30_F_91| false)
(= |memory_model::choice_rf_1_7_2_12_F_92| false)
(= |memory_model::choice_rf_2_8_0_30_F_93| false)
(= |memory_model::choice_rf_2_8_1_14_F_94| true)
(= |memory_model::choice_rf_1_6_0_31_F_95| false)
(= |memory_model::choice_rf_1_6_3_9_F_96| false)
(= |memory_model::choice_rf_1_6_3_29_F_97| false)
(= |memory_model::choice_rf_3_5_0_31_F_98| false)
(= |memory_model::choice_rf_3_5_1_13_F_99| true)
(= |memory_model::choice_rf_3_25_0_31_F_100| false)
(= |memory_model::choice_rf_3_25_1_13_F_101| false)
(= |memory_model::choice_rf_3_25_3_9_F_102| true)
(= |memory_model::choice_rf_0_59_0_34_F_103| false)
(= |memory_model::choice_rf_0_59_1_17_F_104| false)
(= |memory_model::choice_rf_0_59_3_13_F_105| true)
(= |memory_model::choice_rf_1_9_0_34_F_106| true)
(= |memory_model::choice_rf_1_9_3_13_F_107| false)
(= |memory_model::choice_rf_1_26_0_34_F_108| false)
(= |memory_model::choice_rf_1_26_1_17_F_109| false)
(= |memory_model::choice_rf_1_26_3_13_F_110| true)
(= |memory_model::choice_rf_2_6_0_34_F_111| false)
(= |memory_model::choice_rf_2_6_1_17_F_112| false)
(= |memory_model::choice_rf_2_6_3_13_F_113| true)
(= |memory_model::choice_rf_3_2_0_34_F_114| false)
(= |memory_model::choice_rf_3_2_1_17_F_115| true)
(= |memory_model::choice_rf_3_23_0_34_F_116| false)
(= |memory_model::choice_rf_3_23_1_17_F_117| false)
(= |memory_model::choice_rf_3_23_3_13_F_118| true)
(= |memory_model::choice_rf_0_61_0_35_F_119| false)
(= |memory_model::choice_rf_0_61_1_15_F_120| false)
(= |memory_model::choice_rf_0_61_1_32_F_121| true)
(= |memory_model::choice_rf_0_61_2_13_F_122| false)
(= |memory_model::choice_rf_0_61_3_10_F_123| false)
(= |memory_model::choice_rf_0_61_3_30_F_124| false)
(= |memory_model::choice_rf_1_8_0_35_F_125| true)
(= |memory_model::choice_rf_1_8_0_65_F_126| false)
(= |memory_model::choice_rf_1_8_2_13_F_127| false)
(= |memory_model::choice_rf_1_8_3_10_F_128| false)
(= |memory_model::choice_rf_1_8_3_30_F_129| false)
(= |memory_model::choice_rf_1_28_0_35_F_130| false)
(= |memory_model::choice_rf_1_28_0_65_F_131| false)
(= |memory_model::choice_rf_1_28_1_15_F_132| false)
(= |memory_model::choice_rf_1_28_2_13_F_133| true)
(= |memory_model::choice_rf_1_28_3_10_F_134| false)
(= |memory_model::choice_rf_1_28_3_30_F_135| false)
(= |memory_model::choice_rf_2_9_0_35_F_136| false)
(= |memory_model::choice_rf_2_9_0_65_F_137| false)
(= |memory_model::choice_rf_2_9_1_15_F_138| false)
(= |memory_model::choice_rf_2_9_1_32_F_139| false)
(= |memory_model::choice_rf_2_9_3_10_F_140| false)
(= |memory_model::choice_rf_2_9_3_30_F_141| true)
(= |memory_model::choice_rf_3_6_0_35_F_142| false)
(= |memory_model::choice_rf_3_6_0_65_F_143| false)
(= |memory_model::choice_rf_3_6_1_15_F_144| true)
(= |memory_model::choice_rf_3_6_1_32_F_145| false)
(= |memory_model::choice_rf_3_6_2_13_F_146| false)
(= |memory_model::choice_rf_3_26_0_35_F_147| false)
(= |memory_model::choice_rf_3_26_0_65_F_148| false)
(= |memory_model::choice_rf_3_26_1_15_F_149| false)
(= |memory_model::choice_rf_3_26_1_32_F_150| false)
(= |memory_model::choice_rf_3_26_2_13_F_151| false)
(= |memory_model::choice_rf_3_26_3_10_F_152| true)
(= |memory_model::choice_rf_0_56_0_36_F_153| false)
(= |memory_model::choice_rf_0_56_1_18_F_154| false)
(= |memory_model::choice_rf_0_56_3_12_F_155| true)
(= |memory_model::choice_rf_1_23_0_36_F_156| false)
(= |memory_model::choice_rf_1_23_1_18_F_157| false)
(= |memory_model::choice_rf_1_23_3_12_F_158| true)
(= |memory_model::choice_rf_2_4_0_36_F_159| false)
(= |memory_model::choice_rf_2_4_1_18_F_160| false)
(= |memory_model::choice_rf_2_4_3_12_F_161| true)
(= |memory_model::choice_rf_3_1_0_36_F_162| false)
(= |memory_model::choice_rf_3_1_1_18_F_163| true)
(= |memory_model::choice_rf_3_21_0_36_F_164| false)
(= |memory_model::choice_rf_3_21_1_18_F_165| false)
(= |memory_model::choice_rf_3_21_3_12_F_166| true)
(= |memory_model::choice_rf_0_58_0_37_F_167| false)
(= |memory_model::choice_rf_0_58_1_16_F_168| false)
(= |memory_model::choice_rf_0_58_1_31_F_169| true)
(= |memory_model::choice_rf_0_58_2_11_F_170| false)
(= |memory_model::choice_rf_0_58_3_8_F_171| false)
(= |memory_model::choice_rf_0_58_3_28_F_172| false)
(= |memory_model::choice_rf_1_25_0_37_F_173| false)
(= |memory_model::choice_rf_1_25_0_64_F_174| false)
(= |memory_model::choice_rf_1_25_1_16_F_175| false)
(= |memory_model::choice_rf_1_25_2_11_F_176| true)
(= |memory_model::choice_rf_1_25_3_8_F_177| false)
(= |memory_model::choice_rf_1_25_3_28_F_178| false)
(= |memory_model::choice_rf_2_5_0_37_F_179| false)
(= |memory_model::choice_rf_2_5_0_64_F_180| false)
(= |memory_model::choice_rf_2_5_1_16_F_181| false)
(= |memory_model::choice_rf_2_5_1_31_F_182| false)
(= |memory_model::choice_rf_2_5_3_8_F_183| false)
(= |memory_model::choice_rf_2_5_3_28_F_184| true)
(= |memory_model::choice_rf_3_3_0_37_F_185| false)
(= |memory_model::choice_rf_3_3_0_64_F_186| false)
(= |memory_model::choice_rf_3_3_1_16_F_187| true)
(= |memory_model::choice_rf_3_3_1_31_F_188| false)
(= |memory_model::choice_rf_3_3_2_11_F_189| false)
(= |memory_model::choice_rf_3_22_0_37_F_190| false)
(= |memory_model::choice_rf_3_22_0_64_F_191| false)
(= |memory_model::choice_rf_3_22_1_16_F_192| false)
(= |memory_model::choice_rf_3_22_1_31_F_193| false)
(= |memory_model::choice_rf_3_22_2_11_F_194| false)
(= |memory_model::choice_rf_3_22_3_8_F_195| true)
(= |memory_model::choice_ws-ext_0_10_1_37_T_196| true)
(= |memory_model::choice_ws-ext_0_10_2_18_T_197| true)
(= |memory_model::choice_ws-ext_0_10_3_35_T_198| true)
(= |memory_model::choice_ws-ext_1_37_2_18_T_199| true)
(= |memory_model::choice_ws-ext_1_37_3_35_T_200| false)
(= |memory_model::choice_ws-ext_2_18_3_35_T_201| false)
(= |memory_model::choice_ws-ext_0_19_2_0_F_202| true)
(= |memory_model::choice_ws-ext_0_11_1_35_F_203| true)
(= |memory_model::choice_ws-ext_0_11_2_16_F_204| true)
(= |memory_model::choice_ws-ext_0_11_3_33_F_205| true)
(= |memory_model::choice_ws-ext_1_35_2_16_F_206| true)
(= |memory_model::choice_ws-ext_1_35_3_33_F_207| false)
(= |memory_model::choice_ws-ext_2_16_3_33_F_208| false)
(= |memory_model::choice_ws-ext_0_12_1_21_F_209| true)
(= |memory_model::choice_ws-ext_0_13_2_2_F_210| true)
(= |memory_model::choice_ws-ext_0_14_3_11_F_211| true)
(= |memory_model::choice_ws-ext_0_20_3_0_F_212| true)
(= |memory_model::choice_ws-ext_0_21_1_33_F_213| true)
(= |memory_model::choice_ws-ext_0_21_2_14_F_214| true)
(= |memory_model::choice_ws-ext_0_21_3_14_F_215| true)
(= |memory_model::choice_ws-ext_0_21_3_31_F_216| true)
(= |memory_model::choice_ws-ext_0_66_1_33_F_217| false)
(= |memory_model::choice_ws-ext_0_66_2_14_F_218| false)
(= |memory_model::choice_ws-ext_0_66_3_14_F_219| false)
(= |memory_model::choice_ws-ext_0_66_3_31_F_220| false)
(= |memory_model::choice_ws-ext_1_33_2_14_F_221| false)
(= |memory_model::choice_ws-ext_1_33_3_14_F_222| false)
(= |memory_model::choice_ws-ext_1_33_3_31_F_223| false)
(= |memory_model::choice_ws-ext_2_14_3_14_F_224| false)
(= |memory_model::choice_ws-ext_2_14_3_31_F_225| false)
(= |memory_model::choice_ws-ext_0_22_3_17_F_226| true)
(= |memory_model::choice_ws-ext_0_23_3_15_F_227| true)
(= |memory_model::choice_ws-ext_0_25_1_10_F_228| true)
(= |memory_model::choice_ws-ext_0_25_1_30_F_229| true)
(= |memory_model::choice_ws-ext_0_26_2_10_F_230| true)
(= |memory_model::choice_ws-ext_0_27_3_16_F_231| true)
(= |memory_model::choice_ws-ext_0_27_3_27_F_232| true)
(= |memory_model::choice_ws-ext_0_28_1_12_F_233| true)
(= |memory_model::choice_ws-ext_0_62_1_12_F_234| false)
(= |memory_model::choice_ws-ext_0_29_1_11_F_235| true)
(= |memory_model::choice_ws-ext_0_29_1_29_F_236| true)
(= |memory_model::choice_ws-ext_0_30_1_14_F_237| true)
(= |memory_model::choice_ws-ext_0_30_2_12_F_238| true)
(= |memory_model::choice_ws-ext_1_14_2_12_F_239| true)
(= |memory_model::choice_ws-ext_0_31_1_13_F_240| true)
(= |memory_model::choice_ws-ext_0_31_3_9_F_241| true)
(= |memory_model::choice_ws-ext_0_31_3_29_F_242| true)
(= |memory_model::choice_ws-ext_1_13_3_9_F_243| true)
(= |memory_model::choice_ws-ext_1_13_3_29_F_244| true)
(= |memory_model::choice_ws-ext_0_34_1_17_F_245| true)
(= |memory_model::choice_ws-ext_0_34_3_13_F_246| true)
(= |memory_model::choice_ws-ext_1_17_3_13_F_247| true)
(= |memory_model::choice_ws-ext_0_35_1_15_F_248| true)
(= |memory_model::choice_ws-ext_0_35_1_32_F_249| true)
(= |memory_model::choice_ws-ext_0_35_2_13_F_250| true)
(= |memory_model::choice_ws-ext_0_35_3_10_F_251| true)
(= |memory_model::choice_ws-ext_0_35_3_30_F_252| true)
(= |memory_model::choice_ws-ext_0_65_1_15_F_253| false)
(= |memory_model::choice_ws-ext_0_65_1_32_F_254| false)
(= |memory_model::choice_ws-ext_0_65_2_13_F_255| false)
(= |memory_model::choice_ws-ext_0_65_3_10_F_256| false)
(= |memory_model::choice_ws-ext_0_65_3_30_F_257| false)
(= |memory_model::choice_ws-ext_1_15_2_13_F_258| true)
(= |memory_model::choice_ws-ext_1_15_3_10_F_259| true)
(= |memory_model::choice_ws-ext_1_15_3_30_F_260| true)
(= |memory_model::choice_ws-ext_1_32_2_13_F_261| false)
(= |memory_model::choice_ws-ext_1_32_3_10_F_262| false)
(= |memory_model::choice_ws-ext_1_32_3_30_F_263| false)
(= |memory_model::choice_ws-ext_2_13_3_10_F_264| false)
(= |memory_model::choice_ws-ext_2_13_3_30_F_265| false)
(= |memory_model::choice_ws-ext_0_36_1_18_F_266| true)
(= |memory_model::choice_ws-ext_0_36_3_12_F_267| true)
(= |memory_model::choice_ws-ext_1_18_3_12_F_268| true)
(= |memory_model::choice_ws-ext_0_37_1_16_F_269| true)
(= |memory_model::choice_ws-ext_0_37_1_31_F_270| true)
(= |memory_model::choice_ws-ext_0_37_2_11_F_271| true)
(= |memory_model::choice_ws-ext_0_37_3_8_F_272| true)
(= |memory_model::choice_ws-ext_0_37_3_28_F_273| true)
(= |memory_model::choice_ws-ext_0_64_1_16_F_274| false)
(= |memory_model::choice_ws-ext_0_64_1_31_F_275| false)
(= |memory_model::choice_ws-ext_0_64_2_11_F_276| false)
(= |memory_model::choice_ws-ext_0_64_3_8_F_277| false)
(= |memory_model::choice_ws-ext_0_64_3_28_F_278| false)
(= |memory_model::choice_ws-ext_1_16_2_11_F_279| true)
(= |memory_model::choice_ws-ext_1_16_3_8_F_280| true)
(= |memory_model::choice_ws-ext_1_16_3_28_F_281| true)
(= |memory_model::choice_ws-ext_1_31_2_11_F_282| false)
(= |memory_model::choice_ws-ext_1_31_3_8_F_283| false)
(= |memory_model::choice_ws-ext_1_31_3_28_F_284| false)
(= |memory_model::choice_ws-ext_2_11_3_8_F_285| false)
(= |memory_model::choice_ws-ext_2_11_3_28_F_286| false)
(= |memory_model::choice_ws-ext_0_17_3_19_F_287| true)
(= |memory_model::choice_ws-ext_0_18_3_18_F_288| true)
(= |main$tmp_guard0#3| #b00000001)
(= |__CPROVER_next_thread_id#3| #b00000000000000000000000000000001)
(= |__CPROVER_next_thread_id#6| #b00000000000000000000000000000010)
(= |__unbuffered_cnt#2| #b00000000000000000000000000000011)
(= |z$w_buff0_used#2| #b00000000)
(= |z$r_buff0_thd0#2| #b00000000)
(= |z$w_buff0#2| #b00000000000000000000000000000001)
(= |z$w_buff1_used#2| #b00000000)
(= |z$r_buff1_thd0#2| #b00000000)
(= |z$w_buff1#2| #b00000000000000000000000000000000)
(= |z#2| #b00000000000000000000000000000001)
(= |z#4| #b00000000000000000000000000000001)
(= |z$w_buff0_used#6| #b00000000)
(= |z$w_buff1_used#6| #b00000000)
(= |z$r_buff0_thd0#8| #b00000000)
(= |z$r_buff1_thd0#7| #b00000000)
(= |__unbuffered_p0_EAX#2| #b00000000000000000000000000000000)
(= |__unbuffered_p1_EAX#2| #b00000000000000000000000000000000)
(= |__unbuffered_p2_EAX#2| #b00000000000000000000000000000000)
(= |main$tmp_guard1#2| #b00000000)
(= |main$tmp_guard1#3| #b10000000)
(= |main$tmp_guard1#6| #b00000000)
(= |pthread_create::1::this_thread_id!1@0#0| #b01000000000000000000000000000000)
(= |z$w_buff0#4| #b00000000000000000000000000000000)
(= |z$w_buff0_used#11| #b00000000)
(= |z$r_buff0_thd0#11| #b00000000)
(= |z$r_buff1_thd0#9| #b00000000)
(= |z$r_buff1_thd0#10| #b10000000)
(= |z$r_buff0_thd1#2| #b00000000)
(= |z$r_buff1_thd1#2| #b00000000)
(= |z$r_buff1_thd1#3| #b10000000)
(= |z$r_buff0_thd2#2| #b00000000)
(= |z$r_buff1_thd2#2| #b00000000)
(= |z$r_buff1_thd2#3| #b10000000)
(= |z$r_buff0_thd3#2| #b00000000)
(= |z$r_buff1_thd3#2| #b00000000)
(= |z$r_buff1_thd3#3| #b10000000)
(= |z$r_buff0_thd1#4| #b00000001)
(= |x#2| #b00000000000000000000000000000000)
(= |__unbuffered_p0_EAX#4| #b00000000000000000000000000000000)
(= |__unbuffered_p0_EAX#5| #b10000000000000000000000000000000)
(= |z$w_buff0_used#14| #b00000001)
(= |z$r_buff0_thd1#6| #b00000001)
(= |z$w_buff0#7| #b00000000000000000000000000000001)
(= |z$w_buff1_used#10| #b00000000)
(= |z$r_buff1_thd1#5| #b00000000)
(= |z$w_buff1#5| #b00000000000000000000000000000000)
(= |z#6| #b00000000000000000000000000000000)
(= |z#8| #b00000000000000000000000000000001)
(= |z$w_buff0_used#18| #b00000000)
(= |z$w_buff1_used#14| #b00000000)
(= |z$r_buff0_thd1#12| #b00000001)
(= |z$r_buff1_thd1#10| #b00000000)
(= |__unbuffered_cnt#4| #b00000000000000000000000000000001)
(= |__unbuffered_cnt#6| #b00000000000000000000000000000010)
(= |pthread_create::1::this_thread_id!2@0#0| #b00000000000000000000000000000000)
(= |y#2| #b00000000000000000000000000000000)
(= |z$w_buff0_used#23| #b00000001)
(= |z$r_buff0_thd2#4| #b00000000)
(= |z$w_buff0#9| #b00000000000000000000000000000001)
(= |z$w_buff1_used#17| #b00000000)
(= |z$r_buff1_thd2#5| #b00000000)
(= |z$w_buff1#7| #b00000000000000000000000000000000)
(= |z#10| #b00000000000000000000000000000000)
(= |__unbuffered_cnt#8| #b00000000000000000000000000000010)
(= |pthread_create::1::this_thread_id!3@0#0| #b10000000000000000000000000000000)
(= |nondet_symex::nondet3| #b00000000000000000000000000000000)
(= |z#13| #b00000000000000000000000000000000)
(= |z$w_buff0_used#26| #b00000001)
(= |z$r_buff0_thd3#4| #b00000000)
(= |z$w_buff1_used#20| #b00000000)
(= |z$r_buff1_thd3#5| #b00000000)
(= |z$w_buff0#11| #b00000000000000000000000000000001)
(= |z$w_buff1#9| #b00000000000000000000000000000000)
(= |z$w_buff0_used#29| #b00000001)
(= |z$r_buff0_thd3#7| #b00000000)
(= |z$w_buff0#14| #b00000000000000000000000000000001)
(= |z$w_buff1_used#23| #b00000000)
(= |z$r_buff1_thd3#8| #b00000000)
(= |z$w_buff1#12| #b00000000000000000000000000000000)
(= |z#17| #b00000000000000000000000000000000)
(= |__unbuffered_cnt#11| #b00000000000000000000000000000000)
(= |__CPROVER_threads_exited#1$wclk$8| #b00010010)
(= |__CPROVER_threads_exited#2$rclk$8| #b11101110)
(= |__CPROVER_threads_exited#5$wclk$8| #b11111101)
(= |__CPROVER_threads_exited#7$wclk$8| #b11001110)
(= |__CPROVER_threads_exited#4$rclk$8| #b11111100)
(= |__CPROVER_threads_exited#3$wclk$8| #b11101111)
(= |__CPROVER_threads_exited#6$rclk$8| #b10111101)
(= |x#1$wclk$8| #b01010001)
(= |x#2$rclk$8| #b10101010)
(= |x#4$wclk$8| #b10110000)
(= |__unbuffered_cnt#7$wclk$8| #b11101100)
(= |__unbuffered_cnt#2$rclk$8| #b11101110)
(= |__unbuffered_cnt#10$wclk$8| #b11101101)
(= |__unbuffered_cnt#13$wclk$8| #b10111011)
(= |__unbuffered_cnt#1$wclk$8| #b00010011)
(= |__unbuffered_cnt#4$rclk$8| #b11101100)
(= |__unbuffered_cnt#8$rclk$8| #b11101101)
(= |__unbuffered_cnt#11$rclk$8| #b10111011)
(= |__unbuffered_p0_EAX#6$wclk$8| #b10101010)
(= |__unbuffered_p0_EAX#2$rclk$8| #b11110010)
(= |__unbuffered_p0_EAX#1$wclk$8| #b00011000)
(= |__unbuffered_p0_EAX#5$rclk$8| #b10101010)
(= |__unbuffered_p1_EAX#4$wclk$8| #b10110011)
(= |__unbuffered_p1_EAX#2$rclk$8| #b11110010)
(= |__unbuffered_p2_EAX#4$wclk$8| #b10111001)
(= |__unbuffered_p2_EAX#2$rclk$8| #b11110010)
(= |main$tmp_guard1#5| #b00000000)
(= |y#1$wclk$8| #b01010010)
(= |y#2$rclk$8| #b10110011)
(= |y#4$wclk$8| #b10110100)
(= |z#9$wclk$8| #b11101011)
(= |z#2$rclk$8| #b11110001)
(= |z#12$wclk$8| #b11010011)
(= |z#16$wclk$8| #b10111001)
(= |z#19$wclk$8| #b10111010)
(= |z#1$wclk$8| #b01010011)
(= |z#6$rclk$8| #b11101011)
(= |z#5$wclk$8| #b11110001)
(= |z#10$rclk$8| #b11010011)
(= |z#13$rclk$8| #b10111001)
(= |z#17$rclk$8| #b10111010)
(= |z$r_buff0_thd0#1$wclk$8| #b01010110)
(= |z$r_buff0_thd0#11$rclk$8| #b10101001)
(= |z$r_buff0_thd0#10$wclk$8| #b11110001)
(= |z$r_buff0_thd1#1$wclk$8| #b01010111)
(= |z$r_buff0_thd1#2$rclk$8| #b10101001)
(= |z$r_buff0_thd1#6$rclk$8| #b11101011)
(= |z$r_buff0_thd2#1$wclk$8| #b01011110)
(= |z$r_buff0_thd2#2$rclk$8| #b10101001)
(= |z$r_buff0_thd2#6$wclk$8| #b11010011)
(= |z$r_buff0_thd2#4$rclk$8| #b11010011)
(= |z$r_buff0_thd3#1$wclk$8| #b01100000)
(= |z$r_buff0_thd3#2$rclk$8| #b10101001)
(= |z$r_buff0_thd3#6$wclk$8| #b10111001)
(= |z$r_buff0_thd3#9$wclk$8| #b10111010)
(= |z$r_buff0_thd3#4$rclk$8| #b10111001)
(= |z$r_buff0_thd3#7$rclk$8| #b10111010)
(= |z$r_buff1_thd0#11$wclk$8| #b10101001)
(= |z$r_buff1_thd0#2$rclk$8| #b11110001)
(= |z$r_buff1_thd0#1$wclk$8| #b01100001)
(= |z$r_buff1_thd0#10$rclk$8| #b10101001)
(= |z$r_buff1_thd0#8$wclk$8| #b11110001)
(= |z$r_buff1_thd1#1$wclk$8| #b01100101)
(= |z$r_buff1_thd1#3$rclk$8| #b10101001)
(= |z$r_buff1_thd1#5$rclk$8| #b11101011)
(= |z$r_buff1_thd2#1$wclk$8| #b01100110)
(= |z$r_buff1_thd2#3$rclk$8| #b10101001)
(= |z$r_buff1_thd2#7$wclk$8| #b11010011)
(= |z$r_buff1_thd2#5$rclk$8| #b11010011)
(= |z$r_buff1_thd2#4$wclk$8| #b10101001)
(= |z$r_buff1_thd3#1$wclk$8| #b01100111)
(= |z$r_buff1_thd3#3$rclk$8| #b10101001)
(= |z$r_buff1_thd3#7$wclk$8| #b10111001)
(= |z$r_buff1_thd3#10$wclk$8| #b10111010)
(= |z$r_buff1_thd3#5$rclk$8| #b10111001)
(= |z$r_buff1_thd3#4$wclk$8| #b10101001)
(= |z$r_buff1_thd3#8$rclk$8| #b10111010)
(= |z$w_buff0#6$wclk$8| #b10101001)
(= |z$w_buff0#2$rclk$8| #b11110001)
(= |z$w_buff0#13$wclk$8| #b10111001)
(= |z$w_buff0#1$wclk$8| #b01101010)
(= |z$w_buff0#4$rclk$8| #b10101001)
(= |z$w_buff0#7$rclk$8| #b11101011)
(= |z$w_buff0#9$rclk$8| #b11010011)
(= |z$w_buff0#11$rclk$8| #b10111001)
(= |z$w_buff0#14$rclk$8| #b10111010)
(= |z$w_buff0_used#13$wclk$8| #b10101001)
(= |z$w_buff0_used#2$rclk$8| #b11110001)
(= |z$w_buff0_used#22$wclk$8| #b11101011)
(= |z$w_buff0_used#25$wclk$8| #b11010011)
(= |z$w_buff0_used#28$wclk$8| #b10111001)
(= |z$w_buff0_used#31$wclk$8| #b10111010)
(= |z$w_buff0_used#1$wclk$8| #b01101011)
(= |z$w_buff0_used#11$rclk$8| #b10101001)
(= |z$w_buff0_used#10$wclk$8| #b11110001)
(= |z$w_buff0_used#14$rclk$8| #b11101011)
(= |z$w_buff0_used#23$rclk$8| #b11010011)
(= |z$w_buff0_used#26$rclk$8| #b10111001)
(= |z$w_buff0_used#29$rclk$8| #b10111010)
(= |z$w_buff1#4$wclk$8| #b10101001)
(= |z$w_buff1#2$rclk$8| #b11110001)
(= |z$w_buff1#11$wclk$8| #b10111001)
(= |z$w_buff1#1$wclk$8| #b01101110)
(= |z$w_buff1#5$rclk$8| #b11101011)
(= |z$w_buff1#7$rclk$8| #b11010011)
(= |z$w_buff1#9$rclk$8| #b10111001)
(= |z$w_buff1#12$rclk$8| #b10111010)
(= |z$w_buff1_used#9$wclk$8| #b10101001)
(= |z$w_buff1_used#2$rclk$8| #b11110001)
(= |z$w_buff1_used#16$wclk$8| #b11101011)
(= |z$w_buff1_used#19$wclk$8| #b11010011)
(= |z$w_buff1_used#22$wclk$8| #b10111001)
(= |z$w_buff1_used#25$wclk$8| #b10111010)
(= |z$w_buff1_used#1$wclk$8| #b01110011)
(= |z$w_buff1_used#10$rclk$8| #b11101011)
(= |z$w_buff1_used#8$wclk$8| #b11110001)
(= |z$w_buff1_used#17$rclk$8| #b11010011)
(= |z$w_buff1_used#20$rclk$8| #b10111001)
(= |z$w_buff1_used#23$rclk$8| #b10111010)
(= |__unbuffered_p1_EAX#1$wclk$8| #b00011010)
(= |__unbuffered_p2_EAX#1$wclk$8| #b00011011)
(= |z$flush_delayed#1$wclk$8| #b01010100)
(= |z$flush_delayed#3$wclk$8| #b10111001)
(= |z$mem_tmp#1$wclk$8| #b01010101)
(= |z$mem_tmp#2$wclk$8| #b10111001)
(= |z$r_buff0_thd1#5$wclk$8| #b10101001)
(= |z$r_buff0_thd1#14$wclk$8| #b11101011)
(= |z$r_buff1_thd1#4$wclk$8| #b10101001)
(= |z$r_buff1_thd1#11$wclk$8| #b11101011)
(= |weak$$choice0#1$wclk$8| #b01000110)
(= |weak$$choice0#2$wclk$8| #b10111001)
(= |weak$$choice2#1$wclk$8| #b01001011)
(= |weak$$choice2#2$wclk$8| #b10111001)
(= t1$41$spwnclk$8 #b01111000)
(= t1$46$spwnclk$8 #b10101100)
(= t1$51$spwnclk$8 #b10110011)
(= |main::1::t1318!0@1$wclk$8| #b00000000)
(= |main::1::t1319!0@1$wclk$8| #b00001000)
(= |__CPROVER_dead_object#1$wclk$8| #b00001001)
(= |__CPROVER_deallocated#1$wclk$8| #b00001010)
(= |__CPROVER_malloc_is_new_array#1$wclk$8| #b00001011)
(= |__CPROVER_malloc_object#1$wclk$8| #b00001100)
(= |__CPROVER_malloc_size#1$wclk$8| #b00001101)
(= |__CPROVER_memory_leak#1$wclk$8| #b00001110)
(= |__CPROVER_next_thread_id#1$wclk$8| #b00001111)
(= |__CPROVER_pipe_count#1$wclk$8| #b00010001)
(= |main$tmp_guard0#1$wclk$8| #b00011100)
(= |main$tmp_guard1#1$wclk$8| #b00011101)
(= |z$read_delayed#1$wclk$8| #b01101000)
(= |z$read_delayed_var#1$wclk$8| #b01101001)
(= |main::1::t1317!0@1#1$wclk$8| #b01110101)
(= |__CPROVER_next_thread_id#2$wclk$8| #b01110110)
(= |main::1::t1317!0@1#2$wclk$8| #b01110111)
(= |main::1::t1318!0@1#1$wclk$8| #b01111001)
(= |__CPROVER_next_thread_id#3$rclk$8| #b10011010)
(= |__CPROVER_next_thread_id#5$wclk$8| #b10011010)
(= |main::1::t1318!0@1#2$wclk$8| #b10101011)
(= |main::1::t1319!0@1#1$wclk$8| #b10110000)
(= |__CPROVER_next_thread_id#6$rclk$8| #b10110001)
(= |__CPROVER_next_thread_id#8$wclk$8| #b10110001)
(= |main::1::t1319!0@1#2$wclk$8| #b10110010)
(= |main$tmp_guard0#2$wclk$8| #b11101110)
(= |main$tmp_guard0#3$rclk$8| #b11101111)
(= |z$r_buff0_thd0#2$rclk$8| #b11110001)
(= |main$tmp_guard1#3$rclk$8| #b11110010)
(= |main$tmp_guard1#4$wclk$8| #b11110010)
(= |main$tmp_guard1#5$rclk$8| #b11110011)
(= |main$tmp_guard1#6$rclk$8| #b11110100)
(= array_of.0 @fun_15)
(= |__CPROVER_threads_exited#2| @fun_9)
(= |__CPROVER_threads_exited#4| @fun_11)
(= |__CPROVER_threads_exited#6| @fun_15)
(function @fun_15
 (type (Array (_ BitVec 32) (_ BitVec 1)))
 (= (@fun_15 #b00000000000000000000000000000000) #b0)
 (= (@fun_15 #b01000000000000000000000000000000) #b0)
 (= (@fun_15 #b10000000000000000000000000000000) #b0)
 (default #b1))
(function @fun_9
 (type (Array (_ BitVec 32) (_ BitVec 1)))
 (= (@fun_9 #b00000000000000000000000000000000) #b0)
 (= (@fun_9 #b01000000000000000000000000000000) #b0)
 (default #b1))
(function @fun_11
 (type (Array (_ BitVec 32) (_ BitVec 1)))
 (= (@fun_11 #b00000000000000000000000000000000) #b0)
 (default #b1))

real	0m0.025s
user	0m0.018s
sys	0m0.007s
State: AC Run_time: 0.02691197395324707