sat
(model
(define-fun |main$tmp_guard0#3| () (_ BitVec 8) #b00000001)
(define-fun |goto_symex::&92;guard#1| () Bool true)
(define-fun |goto_symex::&92;guard#2| () Bool false)
(define-fun array_of.0 () (Array (_ BitVec 32) (_ BitVec 1)) ((as const (Array (_ BitVec 32) (_ BitVec 1))) #b0))
(define-fun |main::1::t1191!0@1| () (_ BitVec 32) #b00000000000000000000000000000000)
(define-fun |main::1::t1192!0@1| () (_ BitVec 32) #b00000000000000000000000000000000)
(define-fun |__CPROVER_next_thread_id#3| () (_ BitVec 32) #b00000000000000000000000000000001)
(define-fun |main::1::t1193!0@1| () (_ BitVec 32) #b00000000000000000000000000000000)
(define-fun |__CPROVER_next_thread_id#6| () (_ BitVec 32) #b00000000000000000000000000000010)
(define-fun |main::1::t1194!0@1| () (_ BitVec 32) #b00000000000000000000000000000000)
(define-fun |__CPROVER_next_thread_id#9| () (_ BitVec 32) #b00000000000000000000000000000011)
(define-fun |__unbuffered_cnt#2| () (_ BitVec 32) #b00000000000000000000000000000100)
(define-fun |z$w_buff0_used#2| () (_ BitVec 8) #b00000000)
(define-fun |z$r_buff0_thd0#2| () (_ BitVec 8) #b00000000)
(define-fun |z$w_buff0#2| () (_ BitVec 32) #b00000000000000000000000000000010)
(define-fun |z$w_buff1_used#2| () (_ BitVec 8) #b00000000)
(define-fun |z$r_buff1_thd0#2| () (_ BitVec 8) #b00000000)
(define-fun |z$w_buff1#2| () (_ BitVec 32) #b00000000000000000000000000000000)
(define-fun |z#2| () (_ BitVec 32) #b00000000000000000000000000000010)
(define-fun |z#4| () (_ BitVec 32) #b00000000000000000000000000000010)
(define-fun |z$w_buff0_used#6| () (_ BitVec 8) #b00000000)
(define-fun |z$w_buff1_used#6| () (_ BitVec 8) #b00000000)
(define-fun |z$r_buff0_thd0#8| () (_ BitVec 8) #b00000000)
(define-fun |z$r_buff1_thd0#7| () (_ BitVec 8) #b00000000)
(define-fun |nondet_symex::nondet0| () (_ BitVec 32) #b00000000000000000000000000000000)
(define-fun |weak$$choice0#2| () (_ BitVec 8) #b00000000)
(define-fun |weak$$choice0#3| () (_ BitVec 8) #b00000000)
(define-fun |nondet_symex::nondet1| () (_ BitVec 32) #b00000000000000000000000000000000)
(define-fun |weak$$choice2#2| () (_ BitVec 8) #b00000000)
(define-fun |weak$$choice2#3| () (_ BitVec 8) #b00000000)
(define-fun |z$flush_delayed#2| () (_ BitVec 8) #b00000000)
(define-fun |z$flush_delayed#3| () (_ BitVec 8) #b00000000)
(define-fun |z#6| () (_ BitVec 32) #b00000000000000000000000000000010)
(define-fun |z$mem_tmp#2| () (_ BitVec 32) #b00000000000000000000000000000010)
(define-fun |z$mem_tmp#3| () (_ BitVec 32) #b00000000000000000000000000000000)
(define-fun |z$w_buff0_used#11| () (_ BitVec 8) #b00000000)
(define-fun |z$r_buff0_thd0#11| () (_ BitVec 8) #b00000000)
(define-fun |z$w_buff1_used#9| () (_ BitVec 8) #b00000000)
(define-fun |z$r_buff1_thd0#9| () (_ BitVec 8) #b00000000)
(define-fun |z$w_buff0#4| () (_ BitVec 32) #b00000000000000000000000000000010)
(define-fun |z$w_buff1#4| () (_ BitVec 32) #b00000000000000000000000000000000)
(define-fun |z#9| () (_ BitVec 32) #b00000000000000000000000000000010)
(define-fun |z$w_buff0#10| () (_ BitVec 32) #b00000000000000000000000000000010)
(define-fun |z$w_buff1#10| () (_ BitVec 32) #b00000000000000000000000000000000)
(define-fun |z$w_buff0_used#23| () (_ BitVec 8) #b00000000)
(define-fun |z$w_buff1_used#17| () (_ BitVec 8) #b00000000)
(define-fun |z$r_buff0_thd0#33| () (_ BitVec 8) #b00000000)
(define-fun |z$r_buff1_thd0#19| () (_ BitVec 8) #b00000000)
(define-fun |x#2| () (_ BitVec 32) #b00000000000000000000000000000010)
(define-fun |__unbuffered_p1_EAX#2| () (_ BitVec 32) #b00000000000000000000000000000000)
(define-fun |__unbuffered_p3_EAX#2| () (_ BitVec 32) #b00000000000000000000000000000001)
(define-fun |__unbuffered_p3_EBX#2| () (_ BitVec 32) #b00000000000000000000000000000000)
(define-fun |main$tmp_guard1#2| () (_ BitVec 8) #b00000000)
(define-fun |main$tmp_guard1#3| () (_ BitVec 8) #b00000000)
(define-fun |z#13| () (_ BitVec 32) #b00000000000000000000000000000010)
(define-fun |z$flush_delayed#6| () (_ BitVec 8) #b00000000)
(define-fun |main$tmp_guard1#6| () (_ BitVec 8) #b00000000)
(define-fun |pthread_create::1::this_thread_id!1@0#0| () (_ BitVec 32) #b00000000000000000000000000000000)
(define-fun |__unbuffered_cnt#4| () (_ BitVec 32) #b00000000000000000000000000000001)
(define-fun |nondet_symex::nondet2| () (_ BitVec 32) #b00000000000000000000000000000000)
(define-fun |__CPROVER_threads_exited#2| () (Array (_ BitVec 32) (_ BitVec 1)) (store ((as const (Array (_ BitVec 32) (_ BitVec 1))) #b0) #b00000000000000000000000000000000 #b1))
(define-fun |pthread_create::1::this_thread_id!2@0#0| () (_ BitVec 32) #b00000000000000000000000000000000)
(define-fun |y#2| () (_ BitVec 32) #b00000000000000000000000000000000)
(define-fun |__unbuffered_cnt#7| () (_ BitVec 32) #b00000000000000000000000000000010)
(define-fun |nondet_symex::nondet3| () (_ BitVec 32) #b00000000000000000000000000000000)
(define-fun |__CPROVER_threads_exited#4| () (Array (_ BitVec 32) (_ BitVec 1)) (store ((as const (Array (_ BitVec 32) (_ BitVec 1))) #b0) #b00000000000000000000000000000000 #b1))
(define-fun |pthread_create::1::this_thread_id!3@0#0| () (_ BitVec 32) #b00000000000000000000000000000000)
(define-fun |z$w_buff0_used#31| () (_ BitVec 8) #b00000001)
(define-fun |z$r_buff0_thd3#2| () (_ BitVec 8) #b00000000)
(define-fun |z$w_buff0#12| () (_ BitVec 32) #b00000000000000000000000000000010)
(define-fun |z$w_buff1_used#21| () (_ BitVec 8) #b00000000)
(define-fun |z$r_buff1_thd3#2| () (_ BitVec 8) #b00000000)
(define-fun |z$w_buff1#12| () (_ BitVec 32) #b00000000000000000000000000000000)
(define-fun |z#16| () (_ BitVec 32) #b00000000000000000000000000000001)
(define-fun |__unbuffered_cnt#10| () (_ BitVec 32) #b00000000000000000000000000000000)
(define-fun |nondet_symex::nondet4| () (_ BitVec 32) #b00000000000000000000000000000000)
(define-fun |__CPROVER_threads_exited#6| () (Array (_ BitVec 32) (_ BitVec 1)) (store ((as const (Array (_ BitVec 32) (_ BitVec 1))) #b0) #b00000000000000000000000000000000 #b1))
(define-fun |pthread_create::1::this_thread_id!4@0#0| () (_ BitVec 32) #b00000000000000000000000000000000)
(define-fun |z$w_buff0#14| () (_ BitVec 32) #b00000000000000000000000000000000)
(define-fun |z$w_buff0_used#34| () (_ BitVec 8) #b00000000)
(define-fun |z$r_buff0_thd0#38| () (_ BitVec 8) #b00000000)
(define-fun |z$r_buff1_thd0#21| () (_ BitVec 8) #b00000000)
(define-fun |z$r_buff1_thd0#22| () (_ BitVec 8) #b00000000)
(define-fun |z$r_buff0_thd1#2| () (_ BitVec 8) #b00000000)
(define-fun |z$r_buff1_thd1#2| () (_ BitVec 8) #b00000000)
(define-fun |z$r_buff1_thd1#3| () (_ BitVec 8) #b00000000)
(define-fun |z$r_buff0_thd2#2| () (_ BitVec 8) #b00000000)
(define-fun |z$r_buff1_thd2#2| () (_ BitVec 8) #b00000000)
(define-fun |z$r_buff1_thd2#3| () (_ BitVec 8) #b00000000)
(define-fun |z$r_buff0_thd3#5| () (_ BitVec 8) #b00000000)
(define-fun |z$r_buff1_thd3#5| () (_ BitVec 8) #b00000000)
(define-fun |z$r_buff1_thd3#6| () (_ BitVec 8) #b00000000)
(define-fun |z$r_buff0_thd4#2| () (_ BitVec 8) #b00000000)
(define-fun |z$r_buff1_thd4#2| () (_ BitVec 8) #b00000000)
(define-fun |z$r_buff1_thd4#3| () (_ BitVec 8) #b00000000)
(define-fun |z$r_buff0_thd4#4| () (_ BitVec 8) #b00000001)
(define-fun |a#2| () (_ BitVec 32) #b00000000000000000000000000000001)
(define-fun |a#3| () (_ BitVec 32) #b00000000000000000000000000000000)
(define-fun |a#5| () (_ BitVec 32) #b00000000000000000000000000000001)
(define-fun |__unbuffered_p3_EAX#4| () (_ BitVec 32) #b00000000000000000000000000000001)
(define-fun |__unbuffered_p3_EAX#5| () (_ BitVec 32) #b00000000000000000000000000000000)
(define-fun |b#3| () (_ BitVec 32) #b00000000000000000000000000000000)
(define-fun |__unbuffered_p3_EBX#4| () (_ BitVec 32) #b00000000000000000000000000000000)
(define-fun |__unbuffered_p3_EBX#5| () (_ BitVec 32) #b00000000000000000000000000000000)
(define-fun |z$w_buff0_used#37| () (_ BitVec 8) #b00000001)
(define-fun |z$r_buff0_thd4#6| () (_ BitVec 8) #b00000001)
(define-fun |z$w_buff0#17| () (_ BitVec 32) #b00000000000000000000000000000010)
(define-fun |z$w_buff1_used#25| () (_ BitVec 8) #b00000000)
(define-fun |z$r_buff1_thd4#5| () (_ BitVec 8) #b00000000)
(define-fun |z$w_buff1#15| () (_ BitVec 32) #b00000000000000000000000000000000)
(define-fun |z#19| () (_ BitVec 32) #b00000000000000000000000000000001)
(define-fun |z#21| () (_ BitVec 32) #b00000000000000000000000000000010)
(define-fun |z$w_buff0_used#41| () (_ BitVec 8) #b00000000)
(define-fun |z$w_buff1_used#29| () (_ BitVec 8) #b00000000)
(define-fun |z$r_buff0_thd4#12| () (_ BitVec 8) #b00000001)
(define-fun |z$r_buff1_thd4#10| () (_ BitVec 8) #b00000000)
(define-fun |__unbuffered_cnt#13| () (_ BitVec 32) #b00000000000000000000000000000011)
(define-fun |__unbuffered_cnt#15| () (_ BitVec 32) #b00000000000000000000000000000100)
(define-fun |nondet_symex::nondet5| () (_ BitVec 32) #b00000000000000000000000000000000)
(define-fun |__CPROVER_threads_exited#8| () (Array (_ BitVec 32) (_ BitVec 1)) ((as const (Array (_ BitVec 32) (_ BitVec 1))) #b0))
(define-fun |main::1::t1191!0@1#1| () (_ BitVec 32) #b00000000000000000000000000000000)
(define-fun |pthread_create::1::this_thread_id!0@1#1| () (_ BitVec 32) #b00000000000000000000000000000000)
(define-fun |main::1::t1192!0@1#1| () (_ BitVec 32) #b00000000000000000000000000000000)
(define-fun |pthread_create::1::this_thread_id!0@2#1| () (_ BitVec 32) #b00000000000000000000000000000000)
(define-fun |main::1::t1193!0@1#1| () (_ BitVec 32) #b00000000000000000000000000000000)
(define-fun |pthread_create::1::this_thread_id!0@3#1| () (_ BitVec 32) #b00000000000000000000000000000000)
(define-fun |main::1::t1194!0@1#1| () (_ BitVec 32) #b00000000000000000000000000000000)
(define-fun |pthread_create::1::this_thread_id!0@4#1| () (_ BitVec 32) #b00000000000000000000000000000000)
(define-fun |main::$tmp::return_value___VERIFIER_nondet_pointer$1!0@1#1| () (_ BitVec 32) #b00000000000000000000000000000000)
(define-fun |main::$tmp::return_value___VERIFIER_nondet_pointer$2!0@1#1| () (_ BitVec 32) #b00000000000000000000000000000000)
(define-fun |P0::$tmp::return_value___VERIFIER_nondet_pointer$1!1@1#1| () (_ BitVec 32) #b00000000000000000000000000000000)
(define-fun |P1::$tmp::return_value___VERIFIER_nondet_pointer$1!2@1#1| () (_ BitVec 32) #b00000000000000000000000000000000)
(define-fun |P2::$tmp::return_value___VERIFIER_nondet_pointer$1!3@1#1| () (_ BitVec 32) #b00000000000000000000000000000000)
(define-fun |P3::$tmp::return_value___VERIFIER_nondet_pointer$1!4@1#1| () (_ BitVec 32) #b00000000000000000000000000000000)
(define-fun |memory_model::choice_rf_1_4_0_11_T_0| () Bool false)
(define-fun |__CPROVER_threads_exited#1$wclk$8| () (_ BitVec 8) #b00010111)
(define-fun |__CPROVER_threads_exited#2$rclk$8| () (_ BitVec 8) #b11111100)
(define-fun |memory_model::choice_rf_1_4_2_6_T_1| () Bool false)
(define-fun |__CPROVER_threads_exited#5$wclk$8| () (_ BitVec 8) #b11111110)
(define-fun |memory_model::choice_rf_1_4_3_17_T_2| () Bool false)
(define-fun |__CPROVER_threads_exited#7$wclk$8| () (_ BitVec 8) #b11111101)
(define-fun |memory_model::choice_rf_1_4_4_45_T_3| () Bool true)
(define-fun |__CPROVER_threads_exited#9$wclk$8| () (_ BitVec 8) #b11111010)
(define-fun |memory_model::choice_rf_2_5_0_11_T_4| () Bool false)
(define-fun |__CPROVER_threads_exited#4$rclk$8| () (_ BitVec 8) #b11111011)
(define-fun |memory_model::choice_rf_2_5_1_5_T_5| () Bool false)
(define-fun |__CPROVER_threads_exited#3$wclk$8| () (_ BitVec 8) #b11111111)
(define-fun |memory_model::choice_rf_2_5_3_17_T_6| () Bool false)
(define-fun |memory_model::choice_rf_2_5_4_45_T_7| () Bool true)
(define-fun |memory_model::choice_rf_3_16_0_11_T_8| () Bool false)
(define-fun |__CPROVER_threads_exited#6$rclk$8| () (_ BitVec 8) #b11111011)
(define-fun |memory_model::choice_rf_3_16_1_5_T_9| () Bool false)
(define-fun |memory_model::choice_rf_3_16_2_6_T_10| () Bool false)
(define-fun |memory_model::choice_rf_3_16_4_45_T_11| () Bool true)
(define-fun |memory_model::choice_rf_4_44_0_11_T_12| () Bool true)
(define-fun |__CPROVER_threads_exited#8$rclk$8| () (_ BitVec 8) #b11111001)
(define-fun |memory_model::choice_rf_4_44_1_5_T_13| () Bool false)
(define-fun |memory_model::choice_rf_4_44_2_6_T_14| () Bool false)
(define-fun |memory_model::choice_rf_4_44_3_17_T_15| () Bool false)
(define-fun |memory_model::choice_rf_0_48_0_9_T_16| () Bool false)
(define-fun |memory_model::choice_rf_0_48_0_44_T_17| () Bool true)
(define-fun |memory_model::choice_rf_0_53_0_9_T_18| () Bool false)
(define-fun |memory_model::choice_rf_0_53_0_44_T_19| () Bool false)
(define-fun |memory_model::choice_rf_0_53_0_49_T_20| () Bool true)
(define-fun |memory_model::choice_rf_0_58_0_9_T_21| () Bool false)
(define-fun |memory_model::choice_rf_0_58_0_44_T_22| () Bool false)
(define-fun |memory_model::choice_rf_0_58_0_49_T_23| () Bool false)
(define-fun |memory_model::choice_rf_0_58_0_54_T_24| () Bool true)
(define-fun |memory_model::choice_rf_0_92_0_22_F_25| () Bool false)
(define-fun |memory_model::choice_rf_0_92_1_1_F_26| () Bool false)
(define-fun |x#4$wclk$8| () (_ BitVec 8) #b11100010)
(define-fun |x#2$rclk$8| () (_ BitVec 8) #b11111101)
(define-fun |memory_model::choice_rf_0_92_2_0_F_27| () Bool true)
(define-fun |x#5$wclk$8| () (_ BitVec 8) #b11101000)
(define-fun |memory_model::choice_rf_0_62_0_12_F_28| () Bool false)
(define-fun |memory_model::choice_rf_0_62_1_3_F_29| () Bool false)
(define-fun |__unbuffered_cnt#6$wclk$8| () (_ BitVec 8) #b11110101)
(define-fun |__unbuffered_cnt#2$rclk$8| () (_ BitVec 8) #b11111001)
(define-fun |memory_model::choice_rf_0_62_2_4_F_30| () Bool false)
(define-fun |__unbuffered_cnt#9$wclk$8| () (_ BitVec 8) #b11110111)
(define-fun |memory_model::choice_rf_0_62_3_15_F_31| () Bool false)
(define-fun |__unbuffered_cnt#12$wclk$8| () (_ BitVec 8) #b11101111)
(define-fun |memory_model::choice_rf_0_62_4_43_F_32| () Bool true)
(define-fun |__unbuffered_cnt#16$wclk$8| () (_ BitVec 8) #b11111000)
(define-fun |memory_model::choice_rf_1_2_0_12_F_33| () Bool false)
(define-fun |__unbuffered_cnt#1$wclk$8| () (_ BitVec 8) #b00100000)
(define-fun |__unbuffered_cnt#4$rclk$8| () (_ BitVec 8) #b11110101)
(define-fun |memory_model::choice_rf_1_2_2_4_F_34| () Bool false)
(define-fun |memory_model::choice_rf_1_2_3_15_F_35| () Bool true)
(define-fun |memory_model::choice_rf_1_2_4_43_F_36| () Bool false)
(define-fun |memory_model::choice_rf_2_3_0_12_F_37| () Bool false)
(define-fun |__unbuffered_cnt#7$rclk$8| () (_ BitVec 8) #b11110111)
(define-fun |memory_model::choice_rf_2_3_1_3_F_38| () Bool true)
(define-fun |memory_model::choice_rf_2_3_3_15_F_39| () Bool false)
(define-fun |memory_model::choice_rf_2_3_4_43_F_40| () Bool false)
(define-fun |memory_model::choice_rf_3_14_0_12_F_41| () Bool true)
(define-fun |__unbuffered_cnt#10$rclk$8| () (_ BitVec 8) #b11101111)
(define-fun |memory_model::choice_rf_3_14_1_3_F_42| () Bool false)
(define-fun |memory_model::choice_rf_3_14_2_4_F_43| () Bool false)
(define-fun |memory_model::choice_rf_3_14_4_43_F_44| () Bool false)
(define-fun |memory_model::choice_rf_4_42_0_12_F_45| () Bool false)
(define-fun |__unbuffered_cnt#13$rclk$8| () (_ BitVec 8) #b11111000)
(define-fun |memory_model::choice_rf_4_42_1_3_F_46| () Bool false)
(define-fun |memory_model::choice_rf_4_42_2_4_F_47| () Bool true)
(define-fun |memory_model::choice_rf_4_42_3_15_F_48| () Bool false)
(define-fun |memory_model::choice_rf_0_90_0_13_F_49| () Bool false)
(define-fun |memory_model::choice_rf_0_90_2_2_F_50| () Bool true)
(define-fun |__unbuffered_p1_EAX#4$wclk$8| () (_ BitVec 8) #b11101010)
(define-fun |__unbuffered_p1_EAX#2$rclk$8| () (_ BitVec 8) #b11111101)
(define-fun |memory_model::choice_rf_0_79_0_14_F_51| () Bool false)
(define-fun |memory_model::choice_rf_0_79_4_26_F_52| () Bool true)
(define-fun |__unbuffered_p3_EAX#6$wclk$8| () (_ BitVec 8) #b11011110)
(define-fun |__unbuffered_p3_EAX#2$rclk$8| () (_ BitVec 8) #b11111101)
(define-fun |memory_model::choice_rf_4_24_0_14_F_53| () Bool false)
(define-fun |__unbuffered_p3_EAX#1$wclk$8| () (_ BitVec 8) #b00100010)
(define-fun |__unbuffered_p3_EAX#5$rclk$8| () (_ BitVec 8) #b11011110)
(define-fun |memory_model::choice_rf_0_78_0_15_F_54| () Bool false)
(define-fun |memory_model::choice_rf_0_78_4_29_F_55| () Bool true)
(define-fun |__unbuffered_p3_EBX#6$wclk$8| () (_ BitVec 8) #b11100000)
(define-fun |__unbuffered_p3_EBX#2$rclk$8| () (_ BitVec 8) #b11111101)
(define-fun |memory_model::choice_rf_4_27_0_15_F_56| () Bool false)
(define-fun |__unbuffered_p3_EBX#1$wclk$8| () (_ BitVec 8) #b00100011)
(define-fun |__unbuffered_p3_EBX#5$rclk$8| () (_ BitVec 8) #b11100000)
(define-fun |memory_model::choice_rf_4_22_0_16_F_57| () Bool false)
(define-fun |a#1$wclk$8| () (_ BitVec 8) #b00100100)
(define-fun |a#3$rclk$8| () (_ BitVec 8) #b11011101)
(define-fun |memory_model::choice_rf_4_25_0_16_F_58| () Bool false)
(define-fun |a#5$rclk$8| () (_ BitVec 8) #b11011110)
(define-fun |memory_model::choice_rf_4_25_4_23_F_59| () Bool true)
(define-fun |memory_model::choice_rf_4_28_0_17_F_60| () Bool true)
(define-fun |b#1$wclk$8| () (_ BitVec 8) #b10000101)
(define-fun |b#3$rclk$8| () (_ BitVec 8) #b11100000)
(define-fun |memory_model::choice_rf_4_28_1_0_F_61| () Bool false)
(define-fun |b#2$wclk$8| () (_ BitVec 8) #b11100001)
(define-fun |memory_model::choice_rf_0_64_0_18_F_62| () Bool false)
(define-fun |memory_model::choice_rf_0_64_0_63_F_63| () Bool true)
(define-fun |memory_model::choice_rf_0_77_0_19_F_64| () Bool false)
(define-fun |main$tmp_guard1#5| () (_ BitVec 8) #b00000000)
(define-fun |memory_model::choice_rf_0_105_0_19_F_65| () Bool false)
(define-fun |memory_model::choice_rf_0_105_0_100_F_66| () Bool true)
(define-fun |memory_model::choice_rf_0_106_0_19_F_67| () Bool false)
(define-fun |memory_model::choice_rf_0_106_0_100_F_68| () Bool true)
(define-fun |memory_model::choice_rf_2_1_0_23_F_69| () Bool true)
(define-fun |y#1$wclk$8| () (_ BitVec 8) #b10101010)
(define-fun |y#2$rclk$8| () (_ BitVec 8) #b11101010)
(define-fun |memory_model::choice_rf_2_1_3_0_F_70| () Bool false)
(define-fun |y#4$wclk$8| () (_ BitVec 8) #b11101011)
(define-fun |memory_model::choice_rf_0_65_0_24_F_71| () Bool false)
(define-fun |memory_model::choice_rf_0_65_3_1_F_72| () Bool false)
(define-fun |z#15$wclk$8| () (_ BitVec 8) #b11101100)
(define-fun |z#2$rclk$8| () (_ BitVec 8) #b11111100)
(define-fun |memory_model::choice_rf_0_65_3_13_F_73| () Bool false)
(define-fun |z#18$wclk$8| () (_ BitVec 8) #b11101101)
(define-fun |memory_model::choice_rf_0_65_4_41_F_74| () Bool true)
(define-fun |z#22$wclk$8| () (_ BitVec 8) #b11110000)
(define-fun |memory_model::choice_rf_0_83_0_24_F_75| () Bool false)
(define-fun |memory_model::choice_rf_0_83_0_76_F_76| () Bool true)
(define-fun |memory_model::choice_rf_0_83_3_1_F_77| () Bool false)
(define-fun |z#6$rclk$8| () (_ BitVec 8) #b11111101)
(define-fun |memory_model::choice_rf_0_83_3_13_F_78| () Bool false)
(define-fun |memory_model::choice_rf_0_83_4_41_F_79| () Bool false)
(define-fun |memory_model::choice_rf_3_2_0_24_F_80| () Bool false)
(define-fun |z#1$wclk$8| () (_ BitVec 8) #b10101011)
(define-fun |z#16$rclk$8| () (_ BitVec 8) #b11101101)
(define-fun |memory_model::choice_rf_3_2_0_76_F_81| () Bool false)
(define-fun |z#5$wclk$8| () (_ BitVec 8) #b11111100)
(define-fun |memory_model::choice_rf_3_2_0_99_F_82| () Bool false)
(define-fun |z#14$wclk$8| () (_ BitVec 8) #b11111101)
(define-fun |memory_model::choice_rf_3_2_3_1_F_83| () Bool true)
(define-fun |memory_model::choice_rf_3_2_4_41_F_84| () Bool false)
(define-fun |memory_model::choice_rf_4_31_0_24_F_85| () Bool false)
(define-fun |z#19$rclk$8| () (_ BitVec 8) #b11110000)
(define-fun |memory_model::choice_rf_4_31_0_76_F_86| () Bool false)
(define-fun |memory_model::choice_rf_4_31_0_99_F_87| () Bool false)
(define-fun |memory_model::choice_rf_4_31_3_1_F_88| () Bool false)
(define-fun |memory_model::choice_rf_4_31_3_13_F_89| () Bool true)
(define-fun |memory_model::choice_rf_0_82_0_25_F_90| () Bool false)
(define-fun |memory_model::choice_rf_0_89_0_26_F_91| () Bool false)
(define-fun |memory_model::choice_rf_0_70_0_27_F_92| () Bool true)
(define-fun |memory_model::choice_rf_0_85_0_27_F_93| () Bool false)
(define-fun |memory_model::choice_rf_0_85_0_73_F_94| () Bool true)
(define-fun |memory_model::choice_rf_4_9_0_27_F_95| () Bool true)
(define-fun |z$r_buff0_thd0#1$wclk$8| () (_ BitVec 8) #b10110010)
(define-fun |z$r_buff0_thd0#38$rclk$8| () (_ BitVec 8) #b11011100)
(define-fun |memory_model::choice_rf_4_9_0_73_F_96| () Bool false)
(define-fun |z$r_buff0_thd0#10$wclk$8| () (_ BitVec 8) #b11111100)
(define-fun |memory_model::choice_rf_4_9_0_94_F_97| () Bool false)
(define-fun |z$r_buff0_thd0#37$wclk$8| () (_ BitVec 8) #b11111101)
(define-fun |memory_model::choice_rf_4_7_0_28_F_98| () Bool true)
(define-fun |z$r_buff0_thd1#1$wclk$8| () (_ BitVec 8) #b10110011)
(define-fun |z$r_buff0_thd1#2$rclk$8| () (_ BitVec 8) #b11011100)
(define-fun |memory_model::choice_rf_4_5_0_29_F_99| () Bool true)
(define-fun |z$r_buff0_thd2#1$wclk$8| () (_ BitVec 8) #b10110100)
(define-fun |z$r_buff0_thd2#2$rclk$8| () (_ BitVec 8) #b11011100)
(define-fun |memory_model::choice_rf_3_7_0_30_F_100| () Bool true)
(define-fun |z$r_buff0_thd3#1$wclk$8| () (_ BitVec 8) #b10110101)
(define-fun |z$r_buff0_thd3#2$rclk$8| () (_ BitVec 8) #b11101101)
(define-fun |memory_model::choice_rf_4_3_0_30_F_101| () Bool true)
(define-fun |z$r_buff0_thd3#5$rclk$8| () (_ BitVec 8) #b11011100)
(define-fun |memory_model::choice_rf_4_3_3_9_F_102| () Bool false)
(define-fun |z$r_buff0_thd3#4$wclk$8| () (_ BitVec 8) #b11101101)
(define-fun |memory_model::choice_rf_4_1_0_31_F_103| () Bool true)
(define-fun |z$r_buff0_thd4#1$wclk$8| () (_ BitVec 8) #b10110110)
(define-fun |z$r_buff0_thd4#2$rclk$8| () (_ BitVec 8) #b11011100)
(define-fun |memory_model::choice_rf_4_35_0_31_F_104| () Bool false)
(define-fun |z$r_buff0_thd4#6$rclk$8| () (_ BitVec 8) #b11110000)
(define-fun |memory_model::choice_rf_4_35_4_14_F_105| () Bool true)
(define-fun |memory_model::choice_rf_0_69_0_32_F_106| () Bool false)
(define-fun |memory_model::choice_rf_0_69_4_15_F_107| () Bool true)
(define-fun |z$r_buff1_thd0#23$wclk$8| () (_ BitVec 8) #b11011100)
(define-fun |z$r_buff1_thd0#2$rclk$8| () (_ BitVec 8) #b11111100)
(define-fun |memory_model::choice_rf_0_86_0_32_F_108| () Bool false)
(define-fun |memory_model::choice_rf_0_86_0_72_F_109| () Bool true)
(define-fun |memory_model::choice_rf_0_86_4_15_F_110| () Bool false)
(define-fun |z$r_buff1_thd0#9$rclk$8| () (_ BitVec 8) #b11111101)
(define-fun |memory_model::choice_rf_4_8_0_32_F_111| () Bool false)
(define-fun |z$r_buff1_thd0#1$wclk$8| () (_ BitVec 8) #b10110111)
(define-fun |z$r_buff1_thd0#22$rclk$8| () (_ BitVec 8) #b11011100)
(define-fun |memory_model::choice_rf_4_8_0_72_F_112| () Bool false)
(define-fun |z$r_buff1_thd0#8$wclk$8| () (_ BitVec 8) #b11111100)
(define-fun |memory_model::choice_rf_4_8_0_93_F_113| () Bool false)
(define-fun |z$r_buff1_thd0#20$wclk$8| () (_ BitVec 8) #b11111101)
(define-fun |memory_model::choice_rf_4_6_0_33_F_114| () Bool false)
(define-fun |z$r_buff1_thd1#1$wclk$8| () (_ BitVec 8) #b10111000)
(define-fun |z$r_buff1_thd1#3$rclk$8| () (_ BitVec 8) #b11011100)
(define-fun |memory_model::choice_rf_4_4_0_34_F_115| () Bool false)
(define-fun |z$r_buff1_thd2#1$wclk$8| () (_ BitVec 8) #b10111001)
(define-fun |z$r_buff1_thd2#3$rclk$8| () (_ BitVec 8) #b11011100)
(define-fun |memory_model::choice_rf_3_4_0_35_F_116| () Bool false)
(define-fun |z$r_buff1_thd3#1$wclk$8| () (_ BitVec 8) #b10111010)
(define-fun |z$r_buff1_thd3#2$rclk$8| () (_ BitVec 8) #b11101101)
(define-fun |memory_model::choice_rf_3_4_4_17_F_117| () Bool true)
(define-fun |z$r_buff1_thd3#7$wclk$8| () (_ BitVec 8) #b11011100)
(define-fun |memory_model::choice_rf_4_2_0_35_F_118| () Bool false)
(define-fun |z$r_buff1_thd3#6$rclk$8| () (_ BitVec 8) #b11011100)
(define-fun |memory_model::choice_rf_4_2_3_11_F_119| () Bool false)
(define-fun |z$r_buff1_thd3#4$wclk$8| () (_ BitVec 8) #b11101101)
(define-fun |memory_model::choice_rf_4_0_0_36_F_120| () Bool false)
(define-fun |z$r_buff1_thd4#1$wclk$8| () (_ BitVec 8) #b10111011)
(define-fun |z$r_buff1_thd4#3$rclk$8| () (_ BitVec 8) #b11011100)
(define-fun |memory_model::choice_rf_4_32_0_36_F_121| () Bool false)
(define-fun |z$r_buff1_thd4#5$rclk$8| () (_ BitVec 8) #b11110000)
(define-fun |memory_model::choice_rf_4_32_4_16_F_122| () Bool true)
(define-fun |memory_model::choice_rf_0_68_0_39_F_123| () Bool false)
(define-fun |memory_model::choice_rf_0_68_4_20_F_124| () Bool true)
(define-fun |z$w_buff0#16$wclk$8| () (_ BitVec 8) #b11011100)
(define-fun |z$w_buff0#2$rclk$8| () (_ BitVec 8) #b11111100)
(define-fun |memory_model::choice_rf_0_88_0_39_F_125| () Bool false)
(define-fun |memory_model::choice_rf_0_88_4_20_F_126| () Bool true)
(define-fun |z$w_buff0#4$rclk$8| () (_ BitVec 8) #b11111101)
(define-fun |memory_model::choice_rf_3_6_0_39_F_127| () Bool false)
(define-fun |z$w_buff0#1$wclk$8| () (_ BitVec 8) #b11000010)
(define-fun |z$w_buff0#12$rclk$8| () (_ BitVec 8) #b11101101)
(define-fun |memory_model::choice_rf_3_6_0_98_F_128| () Bool false)
(define-fun |z$w_buff0#11$wclk$8| () (_ BitVec 8) #b11111101)
(define-fun |memory_model::choice_rf_3_6_4_20_F_129| () Bool true)
(define-fun |memory_model::choice_rf_4_11_0_39_F_130| () Bool true)
(define-fun |z$w_buff0#14$rclk$8| () (_ BitVec 8) #b11011100)
(define-fun |memory_model::choice_rf_4_11_0_98_F_131| () Bool false)
(define-fun |memory_model::choice_rf_4_34_0_39_F_132| () Bool false)
(define-fun |z$w_buff0#17$rclk$8| () (_ BitVec 8) #b11110000)
(define-fun |memory_model::choice_rf_4_34_0_98_F_133| () Bool false)
(define-fun |memory_model::choice_rf_4_34_4_20_F_134| () Bool true)
(define-fun |memory_model::choice_rf_0_71_0_40_F_135| () Bool false)
(define-fun |memory_model::choice_rf_0_71_3_12_F_136| () Bool false)
(define-fun |z$w_buff0_used#33$wclk$8| () (_ BitVec 8) #b11101101)
(define-fun |z$w_buff0_used#2$rclk$8| () (_ BitVec 8) #b11111100)
(define-fun |memory_model::choice_rf_0_71_4_18_F_137| () Bool false)
(define-fun |z$w_buff0_used#36$wclk$8| () (_ BitVec 8) #b11011100)
(define-fun |memory_model::choice_rf_0_71_4_40_F_138| () Bool true)
(define-fun |z$w_buff0_used#45$wclk$8| () (_ BitVec 8) #b11110000)
(define-fun |memory_model::choice_rf_0_84_0_40_F_139| () Bool false)
(define-fun |memory_model::choice_rf_0_84_0_75_F_140| () Bool true)
(define-fun |memory_model::choice_rf_0_84_3_12_F_141| () Bool false)
(define-fun |z$w_buff0_used#11$rclk$8| () (_ BitVec 8) #b11111101)
(define-fun |memory_model::choice_rf_0_84_4_18_F_142| () Bool false)
(define-fun |memory_model::choice_rf_0_84_4_40_F_143| () Bool false)
(define-fun |memory_model::choice_rf_3_8_0_40_F_144| () Bool false)
(define-fun |z$w_buff0_used#1$wclk$8| () (_ BitVec 8) #b11000011)
(define-fun |z$w_buff0_used#31$rclk$8| () (_ BitVec 8) #b11101101)
(define-fun |memory_model::choice_rf_3_8_0_75_F_145| () Bool false)
(define-fun |z$w_buff0_used#10$wclk$8| () (_ BitVec 8) #b11111100)
(define-fun |memory_model::choice_rf_3_8_0_96_F_146| () Bool false)
(define-fun |z$w_buff0_used#30$wclk$8| () (_ BitVec 8) #b11111101)
(define-fun |memory_model::choice_rf_3_8_4_18_F_147| () Bool true)
(define-fun |memory_model::choice_rf_3_8_4_40_F_148| () Bool false)
(define-fun |memory_model::choice_rf_4_10_0_40_F_149| () Bool true)
(define-fun |z$w_buff0_used#34$rclk$8| () (_ BitVec 8) #b11011100)
(define-fun |memory_model::choice_rf_4_10_0_75_F_150| () Bool false)
(define-fun |memory_model::choice_rf_4_10_0_96_F_151| () Bool false)
(define-fun |memory_model::choice_rf_4_10_3_12_F_152| () Bool false)
(define-fun |memory_model::choice_rf_4_36_0_40_F_153| () Bool false)
(define-fun |z$w_buff0_used#37$rclk$8| () (_ BitVec 8) #b11110000)
(define-fun |memory_model::choice_rf_4_36_0_75_F_154| () Bool false)
(define-fun |memory_model::choice_rf_4_36_0_96_F_155| () Bool false)
(define-fun |memory_model::choice_rf_4_36_3_12_F_156| () Bool true)
(define-fun |memory_model::choice_rf_4_36_4_18_F_157| () Bool false)
(define-fun |memory_model::choice_rf_0_66_0_41_F_158| () Bool false)
(define-fun |memory_model::choice_rf_0_66_4_21_F_159| () Bool true)
(define-fun |z$w_buff1#14$wclk$8| () (_ BitVec 8) #b11011100)
(define-fun |z$w_buff1#2$rclk$8| () (_ BitVec 8) #b11111100)
(define-fun |memory_model::choice_rf_0_91_0_41_F_160| () Bool false)
(define-fun |memory_model::choice_rf_0_91_4_21_F_161| () Bool true)
(define-fun |z$w_buff1#4$rclk$8| () (_ BitVec 8) #b11111101)
(define-fun |memory_model::choice_rf_3_3_0_41_F_162| () Bool false)
(define-fun |z$w_buff1#1$wclk$8| () (_ BitVec 8) #b11000100)
(define-fun |z$w_buff1#12$rclk$8| () (_ BitVec 8) #b11101101)
(define-fun |memory_model::choice_rf_3_3_0_97_F_163| () Bool false)
(define-fun |z$w_buff1#11$wclk$8| () (_ BitVec 8) #b11111101)
(define-fun |memory_model::choice_rf_3_3_4_21_F_164| () Bool true)
(define-fun |memory_model::choice_rf_4_30_0_41_F_165| () Bool false)
(define-fun |z$w_buff1#15$rclk$8| () (_ BitVec 8) #b11110000)
(define-fun |memory_model::choice_rf_4_30_0_97_F_166| () Bool false)
(define-fun |memory_model::choice_rf_4_30_4_21_F_167| () Bool true)
(define-fun |memory_model::choice_rf_0_67_0_42_F_168| () Bool false)
(define-fun |memory_model::choice_rf_0_67_3_10_F_169| () Bool false)
(define-fun |z$w_buff1_used#23$wclk$8| () (_ BitVec 8) #b11101101)
(define-fun |z$w_buff1_used#2$rclk$8| () (_ BitVec 8) #b11111100)
(define-fun |memory_model::choice_rf_0_67_4_19_F_170| () Bool false)
(define-fun |z$w_buff1_used#24$wclk$8| () (_ BitVec 8) #b11011100)
(define-fun |memory_model::choice_rf_0_67_4_38_F_171| () Bool true)
(define-fun |z$w_buff1_used#31$wclk$8| () (_ BitVec 8) #b11110000)
(define-fun |memory_model::choice_rf_0_87_0_42_F_172| () Bool false)
(define-fun |memory_model::choice_rf_0_87_0_74_F_173| () Bool true)
(define-fun |memory_model::choice_rf_0_87_3_10_F_174| () Bool false)
(define-fun |z$w_buff1_used#9$rclk$8| () (_ BitVec 8) #b11111101)
(define-fun |memory_model::choice_rf_0_87_4_19_F_175| () Bool false)
(define-fun |memory_model::choice_rf_0_87_4_38_F_176| () Bool false)
(define-fun |memory_model::choice_rf_3_5_0_42_F_177| () Bool false)
(define-fun |z$w_buff1_used#1$wclk$8| () (_ BitVec 8) #b11000101)
(define-fun |z$w_buff1_used#21$rclk$8| () (_ BitVec 8) #b11101101)
(define-fun |memory_model::choice_rf_3_5_0_74_F_178| () Bool false)
(define-fun |z$w_buff1_used#8$wclk$8| () (_ BitVec 8) #b11111100)
(define-fun |memory_model::choice_rf_3_5_0_95_F_179| () Bool false)
(define-fun |z$w_buff1_used#20$wclk$8| () (_ BitVec 8) #b11111101)
(define-fun |memory_model::choice_rf_3_5_4_19_F_180| () Bool true)
(define-fun |memory_model::choice_rf_3_5_4_38_F_181| () Bool false)
(define-fun |memory_model::choice_rf_4_33_0_42_F_182| () Bool false)
(define-fun |z$w_buff1_used#25$rclk$8| () (_ BitVec 8) #b11110000)
(define-fun |memory_model::choice_rf_4_33_0_74_F_183| () Bool false)
(define-fun |memory_model::choice_rf_4_33_0_95_F_184| () Bool false)
(define-fun |memory_model::choice_rf_4_33_3_10_F_185| () Bool true)
(define-fun |memory_model::choice_rf_4_33_4_19_F_186| () Bool false)
(define-fun |memory_model::choice_rf_0_80_0_20_F_187| () Bool false)
(define-fun |memory_model::choice_rf_0_81_0_21_F_188| () Bool false)
(define-fun |memory_model::choice_ws-ext_0_11_1_5_T_189| () Bool true)
(define-fun |memory_model::choice_ws-ext_0_11_2_6_T_190| () Bool true)
(define-fun |memory_model::choice_ws-ext_0_11_3_17_T_191| () Bool true)
(define-fun |memory_model::choice_ws-ext_0_11_4_45_T_192| () Bool true)
(define-fun |memory_model::choice_ws-ext_1_5_2_6_T_193| () Bool false)
(define-fun |memory_model::choice_ws-ext_1_5_3_17_T_194| () Bool false)
(define-fun |memory_model::choice_ws-ext_1_5_4_45_T_195| () Bool false)
(define-fun |memory_model::choice_ws-ext_2_6_3_17_T_196| () Bool false)
(define-fun |memory_model::choice_ws-ext_2_6_4_45_T_197| () Bool false)
(define-fun |memory_model::choice_ws-ext_3_17_4_45_T_198| () Bool false)
(define-fun |x#1$wclk$8| () (_ BitVec 8) #b10101001)
(define-fun |memory_model::choice_ws-ext_0_22_1_1_F_199| () Bool true)
(define-fun |memory_model::choice_ws-ext_0_22_2_0_F_200| () Bool true)
(define-fun |memory_model::choice_ws-ext_1_1_2_0_F_201| () Bool true)
(define-fun |memory_model::choice_ws-ext_0_12_1_3_F_202| () Bool true)
(define-fun |memory_model::choice_ws-ext_0_12_2_4_F_203| () Bool true)
(define-fun |memory_model::choice_ws-ext_0_12_3_15_F_204| () Bool true)
(define-fun |memory_model::choice_ws-ext_0_12_4_43_F_205| () Bool true)
(define-fun |memory_model::choice_ws-ext_1_3_2_4_F_206| () Bool true)
(define-fun |memory_model::choice_ws-ext_1_3_3_15_F_207| () Bool false)
(define-fun |memory_model::choice_ws-ext_1_3_4_43_F_208| () Bool true)
(define-fun |memory_model::choice_ws-ext_2_4_3_15_F_209| () Bool false)
(define-fun |memory_model::choice_ws-ext_2_4_4_43_F_210| () Bool true)
(define-fun |memory_model::choice_ws-ext_3_15_4_43_F_211| () Bool true)
(define-fun |__unbuffered_p1_EAX#1$wclk$8| () (_ BitVec 8) #b00100001)
(define-fun |memory_model::choice_ws-ext_0_13_2_2_F_212| () Bool true)
(define-fun |memory_model::choice_ws-ext_0_14_4_26_F_213| () Bool true)
(define-fun |memory_model::choice_ws-ext_0_15_4_29_F_214| () Bool true)
(define-fun |a#4$wclk$8| () (_ BitVec 8) #b11011101)
(define-fun |memory_model::choice_ws-ext_0_16_4_23_F_215| () Bool true)
(define-fun |memory_model::choice_ws-ext_0_17_1_0_F_216| () Bool true)
(define-fun |memory_model::choice_ws-ext_0_23_3_0_F_217| () Bool true)
(define-fun |memory_model::choice_ws-ext_0_24_3_1_F_218| () Bool true)
(define-fun |memory_model::choice_ws-ext_0_24_3_13_F_219| () Bool true)
(define-fun |memory_model::choice_ws-ext_0_24_4_41_F_220| () Bool true)
(define-fun |memory_model::choice_ws-ext_0_76_3_1_F_221| () Bool false)
(define-fun |memory_model::choice_ws-ext_0_76_3_13_F_222| () Bool false)
(define-fun |memory_model::choice_ws-ext_0_76_4_41_F_223| () Bool false)
(define-fun |memory_model::choice_ws-ext_0_99_3_1_F_224| () Bool false)
(define-fun |memory_model::choice_ws-ext_0_99_3_13_F_225| () Bool false)
(define-fun |memory_model::choice_ws-ext_0_99_4_41_F_226| () Bool false)
(define-fun |memory_model::choice_ws-ext_3_1_4_41_F_227| () Bool true)
(define-fun |memory_model::choice_ws-ext_3_13_4_41_F_228| () Bool true)
(define-fun |memory_model::choice_ws-ext_0_30_3_9_F_229| () Bool true)
(define-fun |z$r_buff0_thd4#5$wclk$8| () (_ BitVec 8) #b11011100)
(define-fun |memory_model::choice_ws-ext_0_31_4_14_F_230| () Bool true)
(define-fun |z$r_buff0_thd4#14$wclk$8| () (_ BitVec 8) #b11110000)
(define-fun |memory_model::choice_ws-ext_0_31_4_37_F_231| () Bool true)
(define-fun |memory_model::choice_ws-ext_0_32_4_15_F_232| () Bool true)
(define-fun |memory_model::choice_ws-ext_0_72_4_15_F_233| () Bool false)
(define-fun |memory_model::choice_ws-ext_0_93_4_15_F_234| () Bool false)
(define-fun |z$r_buff1_thd1#4$wclk$8| () (_ BitVec 8) #b11011100)
(define-fun |memory_model::choice_ws-ext_0_33_4_13_F_235| () Bool true)
(define-fun |z$r_buff1_thd2#4$wclk$8| () (_ BitVec 8) #b11011100)
(define-fun |memory_model::choice_ws-ext_0_34_4_12_F_236| () Bool true)
(define-fun |memory_model::choice_ws-ext_0_35_3_11_F_237| () Bool true)
(define-fun |memory_model::choice_ws-ext_0_35_4_17_F_238| () Bool true)
(define-fun |memory_model::choice_ws-ext_3_11_4_17_F_239| () Bool false)
(define-fun |z$r_buff1_thd4#4$wclk$8| () (_ BitVec 8) #b11011100)
(define-fun |memory_model::choice_ws-ext_0_36_4_16_F_240| () Bool true)
(define-fun |z$r_buff1_thd4#11$wclk$8| () (_ BitVec 8) #b11110000)
(define-fun |memory_model::choice_ws-ext_0_36_4_39_F_241| () Bool true)
(define-fun |memory_model::choice_ws-ext_0_39_4_20_F_242| () Bool true)
(define-fun |memory_model::choice_ws-ext_0_98_4_20_F_243| () Bool false)
(define-fun |memory_model::choice_ws-ext_0_40_3_12_F_244| () Bool true)
(define-fun |memory_model::choice_ws-ext_0_40_4_18_F_245| () Bool true)
(define-fun |memory_model::choice_ws-ext_0_40_4_40_F_246| () Bool true)
(define-fun |memory_model::choice_ws-ext_0_75_3_12_F_247| () Bool false)
(define-fun |memory_model::choice_ws-ext_0_75_4_18_F_248| () Bool false)
(define-fun |memory_model::choice_ws-ext_0_75_4_40_F_249| () Bool false)
(define-fun |memory_model::choice_ws-ext_0_96_3_12_F_250| () Bool false)
(define-fun |memory_model::choice_ws-ext_0_96_4_18_F_251| () Bool false)
(define-fun |memory_model::choice_ws-ext_0_96_4_40_F_252| () Bool false)
(define-fun |memory_model::choice_ws-ext_3_12_4_18_F_253| () Bool false)
(define-fun |memory_model::choice_ws-ext_3_12_4_40_F_254| () Bool true)
(define-fun |memory_model::choice_ws-ext_0_41_4_21_F_255| () Bool true)
(define-fun |memory_model::choice_ws-ext_0_97_4_21_F_256| () Bool false)
(define-fun |memory_model::choice_ws-ext_0_42_3_10_F_257| () Bool true)
(define-fun |memory_model::choice_ws-ext_0_42_4_19_F_258| () Bool true)
(define-fun |memory_model::choice_ws-ext_0_42_4_38_F_259| () Bool true)
(define-fun |memory_model::choice_ws-ext_0_74_3_10_F_260| () Bool false)
(define-fun |memory_model::choice_ws-ext_0_74_4_19_F_261| () Bool false)
(define-fun |memory_model::choice_ws-ext_0_74_4_38_F_262| () Bool false)
(define-fun |memory_model::choice_ws-ext_0_95_3_10_F_263| () Bool false)
(define-fun |memory_model::choice_ws-ext_0_95_4_19_F_264| () Bool false)
(define-fun |memory_model::choice_ws-ext_0_95_4_38_F_265| () Bool false)
(define-fun |memory_model::choice_ws-ext_3_10_4_19_F_266| () Bool false)
(define-fun |memory_model::choice_ws-ext_3_10_4_38_F_267| () Bool true)
(define-fun t1$46$spwnclk$8 () (_ BitVec 8) #b11001101)
(define-fun t1$51$spwnclk$8 () (_ BitVec 8) #b11010011)
(define-fun t1$56$spwnclk$8 () (_ BitVec 8) #b11010111)
(define-fun t1$61$spwnclk$8 () (_ BitVec 8) #b11011011)
(define-fun |main::1::t1192!0@1$wclk$8| () (_ BitVec 8) #b00000000)
(define-fun |main::1::t1193!0@1$wclk$8| () (_ BitVec 8) #b00000001)
(define-fun |main::1::t1194!0@1$wclk$8| () (_ BitVec 8) #b00000010)
(define-fun |__CPROVER_dead_object#1$wclk$8| () (_ BitVec 8) #b00000011)
(define-fun |__CPROVER_deallocated#1$wclk$8| () (_ BitVec 8) #b00010000)
(define-fun |__CPROVER_malloc_is_new_array#1$wclk$8| () (_ BitVec 8) #b00010001)
(define-fun |__CPROVER_malloc_object#1$wclk$8| () (_ BitVec 8) #b00010010)
(define-fun |__CPROVER_malloc_size#1$wclk$8| () (_ BitVec 8) #b00010011)
(define-fun |__CPROVER_memory_leak#1$wclk$8| () (_ BitVec 8) #b00010100)
(define-fun |__CPROVER_next_thread_id#1$wclk$8| () (_ BitVec 8) #b00010101)
(define-fun |__CPROVER_pipe_count#1$wclk$8| () (_ BitVec 8) #b00010110)
(define-fun |main$tmp_guard0#1$wclk$8| () (_ BitVec 8) #b10001010)
(define-fun |main$tmp_guard1#1$wclk$8| () (_ BitVec 8) #b10001011)
(define-fun |weak$$choice0#1$wclk$8| () (_ BitVec 8) #b10001100)
(define-fun |weak$$choice2#1$wclk$8| () (_ BitVec 8) #b10101000)
(define-fun |z$flush_delayed#1$wclk$8| () (_ BitVec 8) #b10110000)
(define-fun |z$mem_tmp#1$wclk$8| () (_ BitVec 8) #b10110001)
(define-fun |z$read_delayed#1$wclk$8| () (_ BitVec 8) #b10111100)
(define-fun |z$read_delayed_var#1$wclk$8| () (_ BitVec 8) #b10111101)
(define-fun |main::1::t1191!0@1#1$wclk$8| () (_ BitVec 8) #b11000110)
(define-fun |__CPROVER_next_thread_id#2$wclk$8| () (_ BitVec 8) #b11001001)
(define-fun |main::1::t1191!0@1#2$wclk$8| () (_ BitVec 8) #b11001100)
(define-fun |main::1::t1192!0@1#1$wclk$8| () (_ BitVec 8) #b11010000)
(define-fun |__CPROVER_next_thread_id#3$rclk$8| () (_ BitVec 8) #b11010001)
(define-fun |__CPROVER_next_thread_id#5$wclk$8| () (_ BitVec 8) #b11010001)
(define-fun |main::1::t1192!0@1#2$wclk$8| () (_ BitVec 8) #b11010010)
(define-fun |main::1::t1193!0@1#1$wclk$8| () (_ BitVec 8) #b11010100)
(define-fun |__CPROVER_next_thread_id#6$rclk$8| () (_ BitVec 8) #b11010101)
(define-fun |__CPROVER_next_thread_id#8$wclk$8| () (_ BitVec 8) #b11010101)
(define-fun |main::1::t1193!0@1#2$wclk$8| () (_ BitVec 8) #b11010110)
(define-fun |main::1::t1194!0@1#1$wclk$8| () (_ BitVec 8) #b11011000)
(define-fun |__CPROVER_next_thread_id#9$rclk$8| () (_ BitVec 8) #b11011001)
(define-fun |__CPROVER_next_thread_id#11$wclk$8| () (_ BitVec 8) #b11011001)
(define-fun |main::1::t1194!0@1#2$wclk$8| () (_ BitVec 8) #b11011010)
(define-fun |main$tmp_guard0#2$wclk$8| () (_ BitVec 8) #b11111001)
(define-fun |main$tmp_guard0#3$rclk$8| () (_ BitVec 8) #b11111010)
(define-fun |z$r_buff0_thd0#2$rclk$8| () (_ BitVec 8) #b11111100)
(define-fun |main$tmp_guard1#3$rclk$8| () (_ BitVec 8) #b11111101)
(define-fun |weak$$choice0#3$rclk$8| () (_ BitVec 8) #b11111101)
(define-fun |weak$$choice2#3$rclk$8| () (_ BitVec 8) #b11111101)
(define-fun |z$flush_delayed#3$rclk$8| () (_ BitVec 8) #b11111101)
(define-fun |z$r_buff0_thd0#11$rclk$8| () (_ BitVec 8) #b11111101)
(define-fun |z$mem_tmp#3$rclk$8| () (_ BitVec 8) #b11111101)
(define-fun |main$tmp_guard1#4$wclk$8| () (_ BitVec 8) #b11111101)
(define-fun |z$flush_delayed#7$wclk$8| () (_ BitVec 8) #b11111101)
(define-fun |z$mem_tmp#5$wclk$8| () (_ BitVec 8) #b11111101)
(define-fun |weak$$choice2#11$wclk$8| () (_ BitVec 8) #b11111101)
(define-fun |weak$$choice0#4$wclk$8| () (_ BitVec 8) #b11111101)
(define-fun |main$tmp_guard1#5$rclk$8| () (_ BitVec 8) #b11111110)
(define-fun |main$tmp_guard1#6$rclk$8| () (_ BitVec 8) #b11111111)
)

real	0m0.395s
user	0m0.374s
sys	0m0.020s
State: AC Run_time: 0.3968675136566162