sat
(= |goto_symex::&92;guard#1| true)
(= |goto_symex::&92;guard#2| true)
(= |goto_symex::&92;guard#3| true)
(= |nondet_symex::nondet0| false)
(= |nondet_symex::nondet1| true)
(= |nondet_symex::nondet2| true)
(= |nondet_symex::nondet3| false)
(= |nondet_symex::nondet4| false)
(= |nondet_symex::nondet7| false)
(= |nondet_symex::nondet8| false)
(= |memory_model::choice_rf_1_24_0_11_T_0| false)
(= |memory_model::choice_rf_1_24_2_17_T_1| false)
(= |memory_model::choice_rf_1_24_3_35_T_2| true)
(= |memory_model::choice_rf_2_16_0_11_T_3| true)
(= |memory_model::choice_rf_2_16_1_25_T_4| false)
(= |memory_model::choice_rf_2_16_3_35_T_5| false)
(= |memory_model::choice_rf_3_34_0_11_T_6| false)
(= |memory_model::choice_rf_3_34_1_25_T_7| false)
(= |memory_model::choice_rf_3_34_2_17_T_8| true)
(= |memory_model::choice_rf_0_59_0_9_T_9| false)
(= |memory_model::choice_rf_0_59_0_55_T_10| true)
(= |memory_model::choice_rf_0_64_0_9_T_11| false)
(= |memory_model::choice_rf_0_64_0_55_T_12| false)
(= |memory_model::choice_rf_0_64_0_60_T_13| true)
(= |memory_model::choice_rf_0_85_0_36_F_14| false)
(= |memory_model::choice_rf_0_85_1_21_F_15| false)
(= |memory_model::choice_rf_0_85_2_0_F_16| true)
(= |memory_model::choice_rf_0_68_0_12_F_17| false)
(= |memory_model::choice_rf_0_68_1_23_F_18| true)
(= |memory_model::choice_rf_0_68_2_15_F_19| false)
(= |memory_model::choice_rf_0_68_3_33_F_20| false)
(= |memory_model::choice_rf_1_22_0_12_F_21| false)
(= |memory_model::choice_rf_1_22_2_15_F_22| false)
(= |memory_model::choice_rf_1_22_3_33_F_23| true)
(= |memory_model::choice_rf_2_14_0_12_F_24| true)
(= |memory_model::choice_rf_2_14_1_23_F_25| false)
(= |memory_model::choice_rf_2_14_3_33_F_26| false)
(= |memory_model::choice_rf_3_32_0_12_F_27| false)
(= |memory_model::choice_rf_3_32_1_23_F_28| false)
(= |memory_model::choice_rf_3_32_2_15_F_29| true)
(= |memory_model::choice_rf_0_89_0_13_F_30| false)
(= |memory_model::choice_rf_0_89_1_14_F_31| false)
(= |memory_model::choice_rf_0_91_0_24_F_32| false)
(= |memory_model::choice_rf_0_91_1_8_F_33| true)
(= |memory_model::choice_rf_0_84_0_30_F_34| false)
(= |memory_model::choice_rf_0_84_3_7_F_35| true)
(= |memory_model::choice_rf_0_70_0_31_F_36| false)
(= |memory_model::choice_rf_0_70_0_69_F_37| true)
(= |memory_model::choice_rf_0_83_0_32_F_38| false)
(= |memory_model::choice_rf_0_115_0_32_F_39| false)
(= |memory_model::choice_rf_0_115_0_101_F_40| true)
(= |memory_model::choice_rf_0_116_0_32_F_41| false)
(= |memory_model::choice_rf_0_116_0_101_F_42| true)
(= |memory_model::choice_rf_0_71_0_37_F_43| false)
(= |memory_model::choice_rf_0_71_1_16_F_44| false)
(= |memory_model::choice_rf_0_71_2_1_F_45| false)
(= |memory_model::choice_rf_0_71_2_13_F_46| false)
(= |memory_model::choice_rf_0_71_3_14_F_47| false)
(= |memory_model::choice_rf_0_71_3_19_F_48| false)
(= |memory_model::choice_rf_0_71_3_31_F_49| true)
(= |memory_model::choice_rf_0_94_0_37_F_50| false)
(= |memory_model::choice_rf_0_94_0_82_F_51| true)
(= |memory_model::choice_rf_0_94_1_16_F_52| false)
(= |memory_model::choice_rf_0_94_2_1_F_53| false)
(= |memory_model::choice_rf_0_94_2_13_F_54| false)
(= |memory_model::choice_rf_0_94_3_14_F_55| false)
(= |memory_model::choice_rf_0_94_3_19_F_56| false)
(= |memory_model::choice_rf_0_94_3_31_F_57| false)
(= |memory_model::choice_rf_1_6_0_37_F_58| true)
(= |memory_model::choice_rf_1_6_0_82_F_59| false)
(= |memory_model::choice_rf_1_6_0_107_F_60| false)
(= |memory_model::choice_rf_1_6_2_1_F_61| false)
(= |memory_model::choice_rf_1_6_2_13_F_62| false)
(= |memory_model::choice_rf_1_6_3_14_F_63| false)
(= |memory_model::choice_rf_1_6_3_19_F_64| false)
(= |memory_model::choice_rf_1_6_3_31_F_65| false)
(= |memory_model::choice_rf_2_2_0_37_F_66| false)
(= |memory_model::choice_rf_2_2_0_82_F_67| false)
(= |memory_model::choice_rf_2_2_0_107_F_68| false)
(= |memory_model::choice_rf_2_2_1_16_F_69| false)
(= |memory_model::choice_rf_2_2_2_1_F_70| true)
(= |memory_model::choice_rf_2_2_3_14_F_71| false)
(= |memory_model::choice_rf_2_2_3_19_F_72| false)
(= |memory_model::choice_rf_2_2_3_31_F_73| false)
(= |memory_model::choice_rf_3_6_0_37_F_74| false)
(= |memory_model::choice_rf_3_6_0_82_F_75| false)
(= |memory_model::choice_rf_3_6_0_107_F_76| false)
(= |memory_model::choice_rf_3_6_1_16_F_77| false)
(= |memory_model::choice_rf_3_6_2_1_F_78| false)
(= |memory_model::choice_rf_3_6_2_13_F_79| true)
(= |memory_model::choice_rf_3_20_0_37_F_80| false)
(= |memory_model::choice_rf_3_20_0_82_F_81| false)
(= |memory_model::choice_rf_3_20_0_107_F_82| false)
(= |memory_model::choice_rf_3_20_1_16_F_83| false)
(= |memory_model::choice_rf_3_20_2_1_F_84| false)
(= |memory_model::choice_rf_3_20_2_13_F_85| false)
(= |memory_model::choice_rf_3_20_3_14_F_86| false)
(= |memory_model::choice_rf_3_20_3_19_F_87| true)
(= |memory_model::choice_rf_0_93_0_38_F_88| false)
(= |memory_model::choice_rf_0_93_1_18_F_89| false)
(= |memory_model::choice_rf_0_93_3_16_F_90| false)
(= |memory_model::choice_rf_0_95_0_39_F_91| false)
(= |memory_model::choice_rf_0_95_1_17_F_92| false)
(= |memory_model::choice_rf_0_95_3_15_F_93| false)
(= |memory_model::choice_rf_0_76_0_40_F_94| true)
(= |memory_model::choice_rf_0_97_0_40_F_95| false)
(= |memory_model::choice_rf_0_97_0_79_F_96| true)
(= |memory_model::choice_rf_1_4_0_41_F_97| true)
(= |memory_model::choice_rf_2_7_0_42_F_98| true)
(= |memory_model::choice_rf_3_4_0_43_F_99| true)
(= |memory_model::choice_rf_3_25_0_43_F_100| false)
(= |memory_model::choice_rf_3_25_3_9_F_101| true)
(= |memory_model::choice_rf_0_75_0_44_F_102| true)
(= |memory_model::choice_rf_0_99_0_44_F_103| false)
(= |memory_model::choice_rf_0_99_0_78_F_104| true)
(= |memory_model::choice_rf_1_2_0_45_F_105| true)
(= |memory_model::choice_rf_2_4_0_46_F_106| true)
(= |memory_model::choice_rf_3_2_0_47_F_107| true)
(= |memory_model::choice_rf_3_22_0_47_F_108| false)
(= |memory_model::choice_rf_3_22_3_8_F_109| true)
(= |memory_model::choice_rf_0_74_0_50_F_110| false)
(= |memory_model::choice_rf_0_74_1_15_F_111| false)
(= |memory_model::choice_rf_0_74_3_13_F_112| true)
(= |memory_model::choice_rf_0_90_0_50_F_113| false)
(= |memory_model::choice_rf_0_90_1_15_F_114| false)
(= |memory_model::choice_rf_0_90_3_13_F_115| true)
(= |memory_model::choice_rf_1_1_0_50_F_116| true)
(= |memory_model::choice_rf_1_1_0_108_F_117| false)
(= |memory_model::choice_rf_1_1_3_13_F_118| false)
(= |memory_model::choice_rf_2_5_0_50_F_119| false)
(= |memory_model::choice_rf_2_5_0_108_F_120| false)
(= |memory_model::choice_rf_2_5_1_15_F_121| true)
(= |memory_model::choice_rf_2_5_3_13_F_122| false)
(= |memory_model::choice_rf_3_1_0_50_F_123| false)
(= |memory_model::choice_rf_3_1_0_108_F_124| false)
(= |memory_model::choice_rf_3_1_1_15_F_125| true)
(= |memory_model::choice_rf_3_24_0_50_F_126| false)
(= |memory_model::choice_rf_3_24_0_108_F_127| false)
(= |memory_model::choice_rf_3_24_1_15_F_128| false)
(= |memory_model::choice_rf_3_24_3_13_F_129| true)
(= |memory_model::choice_rf_0_77_0_51_F_130| false)
(= |memory_model::choice_rf_0_77_1_12_F_131| false)
(= |memory_model::choice_rf_0_77_2_12_F_132| false)
(= |memory_model::choice_rf_0_77_3_11_F_133| false)
(= |memory_model::choice_rf_0_77_3_30_F_134| true)
(= |memory_model::choice_rf_0_96_0_51_F_135| false)
(= |memory_model::choice_rf_0_96_0_81_F_136| true)
(= |memory_model::choice_rf_0_96_1_12_F_137| false)
(= |memory_model::choice_rf_0_96_2_12_F_138| false)
(= |memory_model::choice_rf_0_96_3_11_F_139| false)
(= |memory_model::choice_rf_0_96_3_30_F_140| false)
(= |memory_model::choice_rf_1_5_0_51_F_141| true)
(= |memory_model::choice_rf_1_5_0_81_F_142| false)
(= |memory_model::choice_rf_1_5_0_111_F_143| false)
(= |memory_model::choice_rf_1_5_2_12_F_144| false)
(= |memory_model::choice_rf_1_5_3_11_F_145| false)
(= |memory_model::choice_rf_1_5_3_30_F_146| false)
(= |memory_model::choice_rf_2_8_0_51_F_147| false)
(= |memory_model::choice_rf_2_8_0_81_F_148| false)
(= |memory_model::choice_rf_2_8_0_111_F_149| false)
(= |memory_model::choice_rf_2_8_1_12_F_150| true)
(= |memory_model::choice_rf_2_8_3_11_F_151| false)
(= |memory_model::choice_rf_2_8_3_30_F_152| false)
(= |memory_model::choice_rf_3_5_0_51_F_153| false)
(= |memory_model::choice_rf_3_5_0_81_F_154| false)
(= |memory_model::choice_rf_3_5_0_111_F_155| false)
(= |memory_model::choice_rf_3_5_1_12_F_156| false)
(= |memory_model::choice_rf_3_5_2_12_F_157| true)
(= |memory_model::choice_rf_3_26_0_51_F_158| false)
(= |memory_model::choice_rf_3_26_0_81_F_159| false)
(= |memory_model::choice_rf_3_26_0_111_F_160| false)
(= |memory_model::choice_rf_3_26_1_12_F_161| false)
(= |memory_model::choice_rf_3_26_2_12_F_162| false)
(= |memory_model::choice_rf_3_26_3_11_F_163| true)
(= |memory_model::choice_rf_0_72_0_52_F_164| false)
(= |memory_model::choice_rf_0_72_1_13_F_165| false)
(= |memory_model::choice_rf_0_72_3_12_F_166| true)
(= |memory_model::choice_rf_0_100_0_52_F_167| false)
(= |memory_model::choice_rf_0_100_1_13_F_168| false)
(= |memory_model::choice_rf_0_100_3_12_F_169| true)
(= |memory_model::choice_rf_1_0_0_52_F_170| true)
(= |memory_model::choice_rf_1_0_0_110_F_171| false)
(= |memory_model::choice_rf_1_0_3_12_F_172| false)
(= |memory_model::choice_rf_2_3_0_52_F_173| false)
(= |memory_model::choice_rf_2_3_0_110_F_174| false)
(= |memory_model::choice_rf_2_3_1_13_F_175| true)
(= |memory_model::choice_rf_2_3_3_12_F_176| false)
(= |memory_model::choice_rf_3_0_0_52_F_177| false)
(= |memory_model::choice_rf_3_0_0_110_F_178| false)
(= |memory_model::choice_rf_3_0_1_13_F_179| true)
(= |memory_model::choice_rf_3_21_0_52_F_180| false)
(= |memory_model::choice_rf_3_21_0_110_F_181| false)
(= |memory_model::choice_rf_3_21_1_13_F_182| false)
(= |memory_model::choice_rf_3_21_3_12_F_183| true)
(= |memory_model::choice_rf_0_73_0_53_F_184| false)
(= |memory_model::choice_rf_0_73_1_11_F_185| false)
(= |memory_model::choice_rf_0_73_2_11_F_186| false)
(= |memory_model::choice_rf_0_73_3_10_F_187| false)
(= |memory_model::choice_rf_0_73_3_29_F_188| true)
(= |memory_model::choice_rf_0_88_0_53_F_189| false)
(= |memory_model::choice_rf_0_88_0_80_F_190| true)
(= |memory_model::choice_rf_0_88_1_11_F_191| false)
(= |memory_model::choice_rf_0_88_2_11_F_192| false)
(= |memory_model::choice_rf_0_88_3_10_F_193| false)
(= |memory_model::choice_rf_0_88_3_29_F_194| false)
(= |memory_model::choice_rf_1_3_0_53_F_195| true)
(= |memory_model::choice_rf_1_3_0_80_F_196| false)
(= |memory_model::choice_rf_1_3_0_103_F_197| false)
(= |memory_model::choice_rf_1_3_2_11_F_198| false)
(= |memory_model::choice_rf_1_3_3_10_F_199| false)
(= |memory_model::choice_rf_1_3_3_29_F_200| false)
(= |memory_model::choice_rf_2_6_0_53_F_201| false)
(= |memory_model::choice_rf_2_6_0_80_F_202| false)
(= |memory_model::choice_rf_2_6_0_103_F_203| false)
(= |memory_model::choice_rf_2_6_1_11_F_204| true)
(= |memory_model::choice_rf_2_6_3_10_F_205| false)
(= |memory_model::choice_rf_2_6_3_29_F_206| false)
(= |memory_model::choice_rf_3_3_0_53_F_207| false)
(= |memory_model::choice_rf_3_3_0_80_F_208| false)
(= |memory_model::choice_rf_3_3_0_103_F_209| false)
(= |memory_model::choice_rf_3_3_1_11_F_210| false)
(= |memory_model::choice_rf_3_3_2_11_F_211| true)
(= |memory_model::choice_rf_3_23_0_53_F_212| false)
(= |memory_model::choice_rf_3_23_0_80_F_213| false)
(= |memory_model::choice_rf_3_23_0_103_F_214| false)
(= |memory_model::choice_rf_3_23_1_11_F_215| false)
(= |memory_model::choice_rf_3_23_2_11_F_216| false)
(= |memory_model::choice_rf_3_23_3_10_F_217| true)
(= |memory_model::choice_rf_0_87_0_33_F_218| false)
(= |memory_model::choice_rf_0_87_1_20_F_219| false)
(= |memory_model::choice_rf_0_87_3_18_F_220| false)
(= |memory_model::choice_rf_0_98_0_34_F_221| false)
(= |memory_model::choice_rf_0_92_0_35_F_222| false)
(= |memory_model::choice_rf_0_92_1_19_F_223| false)
(= |memory_model::choice_rf_0_92_3_17_F_224| false)
(= |memory_model::choice_rf_0_86_0_2_F_225| true)
(= |memory_model::choice_ws-ext_0_11_1_25_T_226| true)
(= |memory_model::choice_ws-ext_0_11_2_17_T_227| true)
(= |memory_model::choice_ws-ext_0_11_3_35_T_228| true)
(= |memory_model::choice_ws-ext_1_25_2_17_T_229| false)
(= |memory_model::choice_ws-ext_1_25_3_35_T_230| false)
(= |memory_model::choice_ws-ext_2_17_3_35_T_231| true)
(= |memory_model::choice_ws-ext_0_36_1_21_F_232| true)
(= |memory_model::choice_ws-ext_0_36_2_0_F_233| true)
(= |memory_model::choice_ws-ext_1_21_2_0_F_234| true)
(= |memory_model::choice_ws-ext_0_12_1_23_F_235| true)
(= |memory_model::choice_ws-ext_0_12_2_15_F_236| true)
(= |memory_model::choice_ws-ext_0_12_3_33_F_237| true)
(= |memory_model::choice_ws-ext_1_23_2_15_F_238| false)
(= |memory_model::choice_ws-ext_1_23_3_33_F_239| false)
(= |memory_model::choice_ws-ext_2_15_3_33_F_240| true)
(= |memory_model::choice_ws-ext_0_13_1_14_F_241| true)
(= |memory_model::choice_ws-ext_0_109_1_14_F_242| false)
(= |memory_model::choice_ws-ext_0_24_1_8_F_243| true)
(= |memory_model::choice_ws-ext_0_25_1_7_F_244| true)
(= |memory_model::choice_ws-ext_0_30_3_7_F_245| true)
(= |memory_model::choice_ws-ext_0_37_1_16_F_246| true)
(= |memory_model::choice_ws-ext_0_37_2_1_F_247| true)
(= |memory_model::choice_ws-ext_0_37_2_13_F_248| true)
(= |memory_model::choice_ws-ext_0_37_3_14_F_249| true)
(= |memory_model::choice_ws-ext_0_37_3_19_F_250| true)
(= |memory_model::choice_ws-ext_0_37_3_31_F_251| true)
(= |memory_model::choice_ws-ext_0_82_1_16_F_252| false)
(= |memory_model::choice_ws-ext_0_82_2_1_F_253| false)
(= |memory_model::choice_ws-ext_0_82_2_13_F_254| false)
(= |memory_model::choice_ws-ext_0_82_3_14_F_255| false)
(= |memory_model::choice_ws-ext_0_82_3_19_F_256| false)
(= |memory_model::choice_ws-ext_0_82_3_31_F_257| false)
(= |memory_model::choice_ws-ext_0_107_1_16_F_258| false)
(= |memory_model::choice_ws-ext_0_107_2_1_F_259| false)
(= |memory_model::choice_ws-ext_0_107_2_13_F_260| false)
(= |memory_model::choice_ws-ext_0_107_3_14_F_261| false)
(= |memory_model::choice_ws-ext_0_107_3_19_F_262| false)
(= |memory_model::choice_ws-ext_0_107_3_31_F_263| false)
(= |memory_model::choice_ws-ext_1_16_2_1_F_264| true)
(= |memory_model::choice_ws-ext_1_16_2_13_F_265| true)
(= |memory_model::choice_ws-ext_1_16_3_14_F_266| true)
(= |memory_model::choice_ws-ext_1_16_3_19_F_267| true)
(= |memory_model::choice_ws-ext_1_16_3_31_F_268| true)
(= |memory_model::choice_ws-ext_2_1_3_14_F_269| true)
(= |memory_model::choice_ws-ext_2_1_3_19_F_270| true)
(= |memory_model::choice_ws-ext_2_1_3_31_F_271| true)
(= |memory_model::choice_ws-ext_2_13_3_14_F_272| true)
(= |memory_model::choice_ws-ext_2_13_3_19_F_273| true)
(= |memory_model::choice_ws-ext_2_13_3_31_F_274| true)
(= |memory_model::choice_ws-ext_0_38_1_18_F_275| true)
(= |memory_model::choice_ws-ext_0_38_3_16_F_276| true)
(= |memory_model::choice_ws-ext_0_105_1_18_F_277| false)
(= |memory_model::choice_ws-ext_0_105_3_16_F_278| false)
(= |memory_model::choice_ws-ext_1_18_3_16_F_279| true)
(= |memory_model::choice_ws-ext_0_39_1_17_F_280| true)
(= |memory_model::choice_ws-ext_0_39_3_15_F_281| true)
(= |memory_model::choice_ws-ext_0_106_1_17_F_282| false)
(= |memory_model::choice_ws-ext_0_106_3_15_F_283| false)
(= |memory_model::choice_ws-ext_1_17_3_15_F_284| true)
(= |memory_model::choice_ws-ext_0_41_1_10_F_285| true)
(= |memory_model::choice_ws-ext_0_42_2_10_F_286| true)
(= |memory_model::choice_ws-ext_0_43_3_9_F_287| true)
(= |memory_model::choice_ws-ext_0_43_3_28_F_288| true)
(= |memory_model::choice_ws-ext_0_45_1_9_F_289| true)
(= |memory_model::choice_ws-ext_0_46_2_9_F_290| true)
(= |memory_model::choice_ws-ext_0_47_3_8_F_291| true)
(= |memory_model::choice_ws-ext_0_47_3_27_F_292| true)
(= |memory_model::choice_ws-ext_0_50_1_15_F_293| true)
(= |memory_model::choice_ws-ext_0_50_3_13_F_294| true)
(= |memory_model::choice_ws-ext_0_108_1_15_F_295| false)
(= |memory_model::choice_ws-ext_0_108_3_13_F_296| false)
(= |memory_model::choice_ws-ext_1_15_3_13_F_297| true)
(= |memory_model::choice_ws-ext_0_51_1_12_F_298| true)
(= |memory_model::choice_ws-ext_0_51_2_12_F_299| true)
(= |memory_model::choice_ws-ext_0_51_3_11_F_300| true)
(= |memory_model::choice_ws-ext_0_51_3_30_F_301| true)
(= |memory_model::choice_ws-ext_0_81_1_12_F_302| false)
(= |memory_model::choice_ws-ext_0_81_2_12_F_303| false)
(= |memory_model::choice_ws-ext_0_81_3_11_F_304| false)
(= |memory_model::choice_ws-ext_0_81_3_30_F_305| false)
(= |memory_model::choice_ws-ext_0_111_1_12_F_306| false)
(= |memory_model::choice_ws-ext_0_111_2_12_F_307| false)
(= |memory_model::choice_ws-ext_0_111_3_11_F_308| false)
(= |memory_model::choice_ws-ext_0_111_3_30_F_309| false)
(= |memory_model::choice_ws-ext_1_12_2_12_F_310| true)
(= |memory_model::choice_ws-ext_1_12_3_11_F_311| true)
(= |memory_model::choice_ws-ext_1_12_3_30_F_312| true)
(= |memory_model::choice_ws-ext_2_12_3_11_F_313| true)
(= |memory_model::choice_ws-ext_2_12_3_30_F_314| true)
(= |memory_model::choice_ws-ext_0_52_1_13_F_315| true)
(= |memory_model::choice_ws-ext_0_52_3_12_F_316| true)
(= |memory_model::choice_ws-ext_0_110_1_13_F_317| false)
(= |memory_model::choice_ws-ext_0_110_3_12_F_318| false)
(= |memory_model::choice_ws-ext_1_13_3_12_F_319| true)
(= |memory_model::choice_ws-ext_0_53_1_11_F_320| true)
(= |memory_model::choice_ws-ext_0_53_2_11_F_321| true)
(= |memory_model::choice_ws-ext_0_53_3_10_F_322| true)
(= |memory_model::choice_ws-ext_0_53_3_29_F_323| true)
(= |memory_model::choice_ws-ext_0_80_1_11_F_324| false)
(= |memory_model::choice_ws-ext_0_80_2_11_F_325| false)
(= |memory_model::choice_ws-ext_0_80_3_10_F_326| false)
(= |memory_model::choice_ws-ext_0_80_3_29_F_327| false)
(= |memory_model::choice_ws-ext_0_103_1_11_F_328| false)
(= |memory_model::choice_ws-ext_0_103_2_11_F_329| false)
(= |memory_model::choice_ws-ext_0_103_3_10_F_330| false)
(= |memory_model::choice_ws-ext_0_103_3_29_F_331| false)
(= |memory_model::choice_ws-ext_1_11_2_11_F_332| true)
(= |memory_model::choice_ws-ext_1_11_3_10_F_333| true)
(= |memory_model::choice_ws-ext_1_11_3_29_F_334| true)
(= |memory_model::choice_ws-ext_2_11_3_10_F_335| true)
(= |memory_model::choice_ws-ext_2_11_3_29_F_336| true)
(= |memory_model::choice_ws-ext_0_33_1_20_F_337| true)
(= |memory_model::choice_ws-ext_0_33_3_18_F_338| true)
(= |memory_model::choice_ws-ext_0_102_1_20_F_339| false)
(= |memory_model::choice_ws-ext_0_102_3_18_F_340| false)
(= |memory_model::choice_ws-ext_1_20_3_18_F_341| true)
(= |memory_model::choice_ws-ext_0_35_1_19_F_342| true)
(= |memory_model::choice_ws-ext_0_35_3_17_F_343| true)
(= |memory_model::choice_ws-ext_0_104_1_19_F_344| false)
(= |memory_model::choice_ws-ext_0_104_3_17_F_345| false)
(= |memory_model::choice_ws-ext_1_19_3_17_F_346| true)
(= |main$tmp_guard0#3| #b00000001)
(= |__CPROVER_next_thread_id#3| #b00000000000000000000000000000001)
(= |__CPROVER_next_thread_id#6| #b00000000000000000000000000000010)
(= |__unbuffered_cnt#2| #b00000000000000000000000000000011)
(= |y$w_buff0_used#2| #b00000000)
(= |y$r_buff0_thd0#2| #b00000000)
(= |y$w_buff0#2| #b00000000000000000000000000000000)
(= |y$w_buff1_used#2| #b00000000)
(= |y$r_buff1_thd0#2| #b00000000)
(= |y$w_buff1#2| #b00000000000000000000000000000000)
(= |y#2| #b00000000000000000000000000000010)
(= |y#4| #b00000000000000000000000000000010)
(= |y$w_buff0_used#6| #b00000000)
(= |y$w_buff1_used#6| #b00000000)
(= |y$r_buff0_thd0#8| #b00000000)
(= |y$r_buff1_thd0#7| #b00000000)
(= |weak$$choice0#2| #b00000000)
(= |weak$$choice0#3| #b10000000)
(= |weak$$choice2#2| #b00000001)
(= |weak$$choice2#3| #b10000000)
(= |y$flush_delayed#2| #b00000001)
(= |y$flush_delayed#3| #b10000000)
(= |y#6| #b00000000000000000000000000000010)
(= |y$mem_tmp#2| #b00000000000000000000000000000010)
(= |y$mem_tmp#3| #b10000000000000000000000000000000)
(= |y$w_buff0_used#11| #b00000000)
(= |y$r_buff0_thd0#11| #b00000000)
(= |y$w_buff1_used#9| #b00000000)
(= |y$r_buff1_thd0#9| #b00000000)
(= |y$w_buff0#4| #b00000000000000000000000000000000)
(= |y$w_buff1#4| #b00000000000000000000000000000000)
(= |y#9| #b00000000000000000000000000000010)
(= |y$w_buff0#10| #b00000000000000000000000000000000)
(= |y$w_buff1#10| #b00000000000000000000000000000000)
(= |y$w_buff0_used#23| #b00000000)
(= |y$w_buff1_used#17| #b00000000)
(= |y$r_buff0_thd0#33| #b00000000)
(= |y$r_buff1_thd0#19| #b00000000)
(= |weak$$choice1#2| #b00000001)
(= |weak$$choice1#3| #b10000000)
(= |__unbuffered_p0_EAX$read_delayed#2| #b00000001)
(= |__unbuffered_p0_EAX$read_delayed_var$object#1| #b00000000000000000000000000000010)
(= |__unbuffered_p0_EAX#2| #b10000000000000000000000000000000)
(= |__unbuffered_p0_EAX#8| #b00000000000000000000000000000010)
(= |x#2| #b00000000000000000000000000000010)
(= |__unbuffered_p2_EAX#2| #b00000000000000000000000000000001)
(= |main$tmp_guard1#2| #b00000000)
(= |main$tmp_guard1#3| #b10000000)
(= |y#13| #b00000000000000000000000000000010)
(= |y$flush_delayed#6| #b00000000)
(= |main$tmp_guard1#6| #b00000000)
(= |pthread_create::1::this_thread_id!1@0#0| #b00000000000000000000000000000000)
(= |y#15| #b00000000000000000000000000000000)
(= |y$w_buff0_used#31| #b00000000)
(= |y$r_buff0_thd1#2| #b00000000)
(= |y$w_buff1_used#21| #b00000000)
(= |y$r_buff1_thd1#2| #b00000000)
(= |y$w_buff0#12| #b00000000000000000000000000000000)
(= |y$w_buff1#12| #b00000000000000000000000000000000)
(= |__unbuffered_cnt#4| #b00000000000000000000000000000010)
(= |pthread_create::1::this_thread_id!2@0#0| #b00000000000000000000000000000000)
(= |y$w_buff0_used#34| #b00000000)
(= |y$r_buff0_thd2#2| #b00000000)
(= |y$w_buff0#15| #b00000000000000000000000000000000)
(= |y$w_buff1_used#24| #b00000000)
(= |y$r_buff1_thd2#2| #b00000000)
(= |y$w_buff1#15| #b00000000000000000000000000000000)
(= |y#20| #b00000000000000000000000000000001)
(= |__unbuffered_cnt#7| #b00000000000000000000000000000000)
(= |pthread_create::1::this_thread_id!3@0#0| #b10000000000000000000000000000000)
(= |y#23| #b00000000000000000000000000000001)
(= |y$w_buff0_used#37| #b00000000)
(= |y$r_buff0_thd3#2| #b00000000)
(= |y$w_buff1_used#27| #b00000000)
(= |y$r_buff1_thd3#2| #b00000000)
(= |y$w_buff0#17| #b00000000000000000000000000000000)
(= |y$w_buff1#17| #b00000000000000000000000000000000)
(= |y$w_buff0_used#40| #b00000000)
(= |y$r_buff0_thd3#5| #b00000000)
(= |y$w_buff0#20| #b00000000000000000000000000000000)
(= |y$w_buff1_used#30| #b00000000)
(= |y$r_buff1_thd3#5| #b00000000)
(= |y$w_buff1#20| #b00000000000000000000000000000000)
(= |y#28| #b00000000000000000000000000000010)
(= |__unbuffered_cnt#10| #b00000000000000000000000000000001)
(= |__CPROVER_threads_exited#1$wclk$8| #b00011100)
(= |__CPROVER_threads_exited#2$rclk$8| #b11111101)
(= |__CPROVER_threads_exited#5$wclk$8| #b11101100)
(= |__CPROVER_threads_exited#7$wclk$8| #b11111011)
(= |__CPROVER_threads_exited#4$rclk$8| #b11101010)
(= |__CPROVER_threads_exited#3$wclk$8| #b11111110)
(= |__CPROVER_threads_exited#6$rclk$8| #b11101111)
(= |x#4$wclk$8| #b11010001)
(= |x#2$rclk$8| #b11111100)
(= |x#5$wclk$8| #b11011010)
(= |__unbuffered_cnt#6$wclk$8| #b11110101)
(= |__unbuffered_cnt#2$rclk$8| #b11110110)
(= |__unbuffered_cnt#9$wclk$8| #b11101001)
(= |__unbuffered_cnt#12$wclk$8| #b11101010)
(= |__unbuffered_cnt#1$wclk$8| #b00011101)
(= |__unbuffered_cnt#4$rclk$8| #b11110101)
(= |__unbuffered_cnt#7$rclk$8| #b11101001)
(= |__unbuffered_cnt#10$rclk$8| #b11101010)
(= |__unbuffered_p0_EAX#11$wclk$8| #b10111110)
(= |__unbuffered_p0_EAX#2$rclk$8| #b11111100)
(= |__unbuffered_p0_EAX$read_delayed#4$wclk$8| #b10111110)
(= |__unbuffered_p0_EAX$read_delayed#2$rclk$8| #b11111100)
(= |__unbuffered_p2_EAX#4$wclk$8| #b11100101)
(= |__unbuffered_p2_EAX#2$rclk$8| #b11111100)
(= |main$tmp_guard1#5| #b00000000)
(= |y#18$wclk$8| #b10111110)
(= |y#2$rclk$8| #b11111011)
(= |y#19$wclk$8| #b11011011)
(= |y#22$wclk$8| #b11011100)
(= |y#26$wclk$8| #b11100101)
(= |y#27$wclk$8| #b11101000)
(= |y#30$wclk$8| #b11101001)
(= |y#6$rclk$8| #b11111100)
(= |y#1$wclk$8| #b10000101)
(= |y#15$rclk$8| #b10111110)
(= |y#5$wclk$8| #b11111011)
(= |y#14$wclk$8| #b11111100)
(= |y#20$rclk$8| #b11011100)
(= |y#23$rclk$8| #b11100101)
(= |y#28$rclk$8| #b11101001)
(= |y$flush_delayed#9$wclk$8| #b10111110)
(= |y$flush_delayed#3$rclk$8| #b11111100)
(= |y$flush_delayed#11$wclk$8| #b11100101)
(= |y$mem_tmp#6$wclk$8| #b10111110)
(= |y$mem_tmp#3$rclk$8| #b11111100)
(= |y$mem_tmp#7$wclk$8| #b11100101)
(= |y$r_buff0_thd1#1$wclk$8| #b10001001)
(= |y$r_buff0_thd1#2$rclk$8| #b10111110)
(= |y$r_buff0_thd2#1$wclk$8| #b10001010)
(= |y$r_buff0_thd2#2$rclk$8| #b11011100)
(= |y$r_buff0_thd3#1$wclk$8| #b10011011)
(= |y$r_buff0_thd3#2$rclk$8| #b11100101)
(= |y$r_buff0_thd3#5$rclk$8| #b11101001)
(= |y$r_buff1_thd1#1$wclk$8| #b10011101)
(= |y$r_buff1_thd1#2$rclk$8| #b10111110)
(= |y$r_buff1_thd2#1$wclk$8| #b10011110)
(= |y$r_buff1_thd2#2$rclk$8| #b11011100)
(= |y$r_buff1_thd3#1$wclk$8| #b10101101)
(= |y$r_buff1_thd3#2$rclk$8| #b11100101)
(= |y$r_buff1_thd3#5$rclk$8| #b11101001)
(= |y$w_buff0#14$wclk$8| #b10111110)
(= |y$w_buff0#2$rclk$8| #b11111011)
(= |y$w_buff0#19$wclk$8| #b11100101)
(= |y$w_buff0#4$rclk$8| #b11111100)
(= |y$w_buff0#1$wclk$8| #b10110000)
(= |y$w_buff0#12$rclk$8| #b10111110)
(= |y$w_buff0#11$wclk$8| #b11111100)
(= |y$w_buff0#15$rclk$8| #b11011100)
(= |y$w_buff0#17$rclk$8| #b11100101)
(= |y$w_buff0#20$rclk$8| #b11101001)
(= |y$w_buff0_used#33$wclk$8| #b10111110)
(= |y$w_buff0_used#2$rclk$8| #b11111011)
(= |y$w_buff0_used#36$wclk$8| #b11011100)
(= |y$w_buff0_used#39$wclk$8| #b11100101)
(= |y$w_buff0_used#42$wclk$8| #b11101001)
(= |y$w_buff0_used#11$rclk$8| #b11111100)
(= |y$w_buff0_used#1$wclk$8| #b10110001)
(= |y$w_buff0_used#31$rclk$8| #b10111110)
(= |y$w_buff0_used#10$wclk$8| #b11111011)
(= |y$w_buff0_used#30$wclk$8| #b11111100)
(= |y$w_buff0_used#34$rclk$8| #b11011100)
(= |y$w_buff0_used#37$rclk$8| #b11100101)
(= |y$w_buff0_used#40$rclk$8| #b11101001)
(= |y$w_buff1#14$wclk$8| #b10111110)
(= |y$w_buff1#2$rclk$8| #b11111011)
(= |y$w_buff1#19$wclk$8| #b11100101)
(= |y$w_buff1#4$rclk$8| #b11111100)
(= |y$w_buff1#1$wclk$8| #b10110100)
(= |y$w_buff1#12$rclk$8| #b10111110)
(= |y$w_buff1#11$wclk$8| #b11111100)
(= |y$w_buff1#15$rclk$8| #b11011100)
(= |y$w_buff1#17$rclk$8| #b11100101)
(= |y$w_buff1#20$rclk$8| #b11101001)
(= |y$w_buff1_used#23$wclk$8| #b10111110)
(= |y$w_buff1_used#2$rclk$8| #b11111011)
(= |y$w_buff1_used#26$wclk$8| #b11011100)
(= |y$w_buff1_used#29$wclk$8| #b11100101)
(= |y$w_buff1_used#32$wclk$8| #b11101001)
(= |y$w_buff1_used#9$rclk$8| #b11111100)
(= |y$w_buff1_used#1$wclk$8| #b10110101)
(= |y$w_buff1_used#21$rclk$8| #b10111110)
(= |y$w_buff1_used#8$wclk$8| #b11111011)
(= |y$w_buff1_used#20$wclk$8| #b11111100)
(= |y$w_buff1_used#24$rclk$8| #b11011100)
(= |y$w_buff1_used#27$rclk$8| #b11100101)
(= |y$w_buff1_used#30$rclk$8| #b11101001)
(= |weak$$choice0#5$wclk$8| #b10111110)
(= |weak$$choice0#3$rclk$8| #b11111100)
(= |weak$$choice0#6$wclk$8| #b11100101)
(= |weak$$choice2#12$wclk$8| #b10111110)
(= |weak$$choice2#3$rclk$8| #b11111100)
(= |weak$$choice2#13$wclk$8| #b11100101)
(= __unbuffered_p0_EAX$read_delayed_var$object #b00000000000000000000000000000010)
(= |x#1$wclk$8| #b10000100)
(= |__unbuffered_p0_EAX#1$wclk$8| #b00011110)
(= |__unbuffered_p0_EAX#10$wclk$8| #b11111100)
(= |__unbuffered_p0_EAX$read_delayed#1$wclk$8| #b01011101)
(= |__unbuffered_p0_EAX$read_delayed_var#1$wclk$8| #b01101110)
(= |__unbuffered_p0_EAX$read_delayed_var#2$wclk$8| #b10111110)
(= |__unbuffered_p2_EAX#1$wclk$8| #b01111110)
(= |y$flush_delayed#1$wclk$8| #b10000110)
(= |y$flush_delayed#7$wclk$8| #b11111100)
(= |y$mem_tmp#1$wclk$8| #b10000111)
(= |y$mem_tmp#5$wclk$8| #b11111100)
(= |y$r_buff0_thd1#4$wclk$8| #b10111110)
(= |y$r_buff0_thd2#4$wclk$8| #b11011100)
(= |y$r_buff0_thd3#4$wclk$8| #b11100101)
(= |y$r_buff0_thd3#7$wclk$8| #b11101001)
(= |y$r_buff1_thd1#4$wclk$8| #b10111110)
(= |y$r_buff1_thd2#4$wclk$8| #b11011100)
(= |y$r_buff1_thd3#4$wclk$8| #b11100101)
(= |y$r_buff1_thd3#7$wclk$8| #b11101001)
(= |weak$$choice0#1$wclk$8| #b10000001)
(= |weak$$choice0#4$wclk$8| #b11111100)
(= |weak$$choice2#1$wclk$8| #b10000011)
(= |weak$$choice2#11$wclk$8| #b11111100)
(= t1$57$spwnclk$8 #b10111100)
(= t1$62$spwnclk$8 #b11011000)
(= t1$67$spwnclk$8 #b11100100)
(= |main::1::t1816!0@1$wclk$8| #b00000000)
(= |main::1::t1817!0@1$wclk$8| #b00000010)
(= __unbuffered_p0_EAX$read_delayed_var$object$wclk$8 #b00000011)
(= |__CPROVER_dead_object#1$wclk$8| #b00000100)
(= |__CPROVER_deallocated#1$wclk$8| #b00000101)
(= |__CPROVER_malloc_is_new_array#1$wclk$8| #b00000110)
(= |__CPROVER_malloc_object#1$wclk$8| #b00000111)
(= |__CPROVER_malloc_size#1$wclk$8| #b00010000)
(= |__CPROVER_memory_leak#1$wclk$8| #b00010001)
(= |__CPROVER_next_thread_id#1$wclk$8| #b00011010)
(= |__CPROVER_pipe_count#1$wclk$8| #b00011011)
(= |__unbuffered_p0_EAX$flush_delayed#1$wclk$8| #b00011111)
(= |__unbuffered_p0_EAX$mem_tmp#1$wclk$8| #b00111001)
(= |__unbuffered_p0_EAX$r_buff0_thd0#1$wclk$8| #b00111010)
(= |__unbuffered_p0_EAX$r_buff0_thd1#1$wclk$8| #b01001000)
(= |__unbuffered_p0_EAX$r_buff0_thd2#1$wclk$8| #b01001001)
(= |__unbuffered_p0_EAX$r_buff0_thd3#1$wclk$8| #b01010010)
(= |__unbuffered_p0_EAX$r_buff1_thd0#1$wclk$8| #b01010011)
(= |__unbuffered_p0_EAX$r_buff1_thd1#1$wclk$8| #b01010101)
(= |__unbuffered_p0_EAX$r_buff1_thd2#1$wclk$8| #b01011010)
(= |__unbuffered_p0_EAX$r_buff1_thd3#1$wclk$8| #b01011011)
(= |__unbuffered_p0_EAX$w_buff0#1$wclk$8| #b01110111)
(= |__unbuffered_p0_EAX$w_buff0_used#1$wclk$8| #b01111000)
(= |__unbuffered_p0_EAX$w_buff1#1$wclk$8| #b01111001)
(= |__unbuffered_p0_EAX$w_buff1_used#1$wclk$8| #b01111010)
(= |main$tmp_guard0#1$wclk$8| #b01111111)
(= |main$tmp_guard1#1$wclk$8| #b10000000)
(= |weak$$choice1#1$wclk$8| #b10000010)
(= |y$r_buff0_thd0#1$wclk$8| #b10001000)
(= |y$r_buff1_thd0#1$wclk$8| #b10011100)
(= |y$read_delayed#1$wclk$8| #b10101110)
(= |y$read_delayed_var#1$wclk$8| #b10101111)
(= |main::1::t1815!0@1#1$wclk$8| #b10110110)
(= |__CPROVER_next_thread_id#2$wclk$8| #b10110111)
(= |main::1::t1815!0@1#2$wclk$8| #b10111001)
(= |main::1::t1816!0@1#1$wclk$8| #b10111101)
(= |__CPROVER_next_thread_id#3$rclk$8| #b11001110)
(= |__CPROVER_next_thread_id#5$wclk$8| #b11001110)
(= |main::1::t1816!0@1#2$wclk$8| #b11010111)
(= |main::1::t1817!0@1#1$wclk$8| #b11011001)
(= |__CPROVER_next_thread_id#6$rclk$8| #b11100010)
(= |__CPROVER_next_thread_id#8$wclk$8| #b11100010)
(= |main::1::t1817!0@1#2$wclk$8| #b11100011)
(= |main$tmp_guard0#2$wclk$8| #b11110110)
(= |main$tmp_guard0#3$rclk$8| #b11111010)
(= |y$r_buff1_thd0#2$rclk$8| #b11111011)
(= |y$r_buff0_thd0#2$rclk$8| #b11111011)
(= |y$r_buff1_thd0#8$wclk$8| #b11111011)
(= |y$r_buff0_thd0#10$wclk$8| #b11111011)
(= |main$tmp_guard1#3$rclk$8| #b11111100)
(= |__unbuffered_p0_EAX$read_delayed_var$object#1$rclk$8| #b11111100)
(= |y$r_buff0_thd0#11$rclk$8| #b11111100)
(= |weak$$choice1#3$rclk$8| #b11111100)
(= |y$r_buff1_thd0#9$rclk$8| #b11111100)
(= |main$tmp_guard1#4$wclk$8| #b11111100)
(= |y$r_buff0_thd0#37$wclk$8| #b11111100)
(= |weak$$choice1#7$wclk$8| #b11111100)
(= |y$r_buff1_thd0#20$wclk$8| #b11111100)
(= |main$tmp_guard1#5$rclk$8| #b11111110)
(= |main$tmp_guard1#6$rclk$8| #b11111111)
(= array_of.0 @fun_10)
(= |__CPROVER_threads_exited#2| @fun_7)
(= |__CPROVER_threads_exited#4| @fun_10)
(= |__CPROVER_threads_exited#6| @fun_11)
(function @fun_10
 (type (Array (_ BitVec 32) (_ BitVec 1)))
 (= (@fun_10 #b00000000000000000000000000000000) #b0)
 (= (@fun_10 #b10000000000000000000000000000000) #b0)
 (default #b1))
(function @fun_7
 (type (Array (_ BitVec 32) (_ BitVec 1)))
 (default #b1))
(function @fun_11
 (type (Array (_ BitVec 32) (_ BitVec 1)))
 (= (@fun_11 #b10000000000000000000000000000000) #b0)
 (default #b1))

real	0m0.028s
user	0m0.025s
sys	0m0.004s
State: AC Run_time: 0.030227184295654297