sat
(= |goto_symex::&92;guard#1| true)
(= |goto_symex::&92;guard#2| false)
(= |nondet_symex::nondet0| false)
(= |nondet_symex::nondet1| true)
(= |nondet_symex::nondet2| false)
(= |nondet_symex::nondet3| true)
(= |nondet_symex::nondet5| false)
(= |nondet_symex::nondet6| false)
(= |memory_model::choice_rf_1_22_0_10_T_0| true)
(= |memory_model::choice_rf_1_22_2_47_T_1| false)
(= |memory_model::choice_rf_1_22_3_36_T_2| false)
(= |memory_model::choice_rf_2_46_0_10_T_3| false)
(= |memory_model::choice_rf_2_46_1_23_T_4| true)
(= |memory_model::choice_rf_2_46_3_36_T_5| false)
(= |memory_model::choice_rf_3_35_0_10_T_6| false)
(= |memory_model::choice_rf_3_35_1_23_T_7| false)
(= |memory_model::choice_rf_3_35_2_47_T_8| true)
(= |memory_model::choice_rf_0_41_0_8_T_9| false)
(= |memory_model::choice_rf_0_41_0_37_T_10| true)
(= |memory_model::choice_rf_0_46_0_8_T_11| false)
(= |memory_model::choice_rf_0_46_0_37_T_12| false)
(= |memory_model::choice_rf_0_46_0_42_T_13| true)
(= |memory_model::choice_rf_0_54_0_18_F_14| false)
(= |memory_model::choice_rf_0_54_1_15_F_15| false)
(= |memory_model::choice_rf_0_54_2_0_F_16| false)
(= |memory_model::choice_rf_0_54_2_12_F_17| false)
(= |memory_model::choice_rf_0_54_2_26_F_18| false)
(= |memory_model::choice_rf_0_54_2_43_F_19| false)
(= |memory_model::choice_rf_0_54_3_32_F_20| true)
(= |memory_model::choice_rf_0_70_0_18_F_21| false)
(= |memory_model::choice_rf_0_70_0_64_F_22| true)
(= |memory_model::choice_rf_0_70_1_15_F_23| false)
(= |memory_model::choice_rf_0_70_2_0_F_24| false)
(= |memory_model::choice_rf_0_70_2_12_F_25| false)
(= |memory_model::choice_rf_0_70_2_26_F_26| false)
(= |memory_model::choice_rf_0_70_2_43_F_27| false)
(= |memory_model::choice_rf_0_70_3_32_F_28| false)
(= |memory_model::choice_rf_1_7_0_18_F_29| true)
(= |memory_model::choice_rf_1_7_0_64_F_30| false)
(= |memory_model::choice_rf_1_7_0_86_F_31| false)
(= |memory_model::choice_rf_1_7_2_0_F_32| false)
(= |memory_model::choice_rf_1_7_2_12_F_33| false)
(= |memory_model::choice_rf_1_7_2_26_F_34| false)
(= |memory_model::choice_rf_1_7_2_43_F_35| false)
(= |memory_model::choice_rf_1_7_3_32_F_36| false)
(= |memory_model::choice_rf_2_1_0_18_F_37| false)
(= |memory_model::choice_rf_2_1_0_64_F_38| false)
(= |memory_model::choice_rf_2_1_0_86_F_39| false)
(= |memory_model::choice_rf_2_1_1_15_F_40| false)
(= |memory_model::choice_rf_2_1_2_0_F_41| true)
(= |memory_model::choice_rf_2_1_3_32_F_42| false)
(= |memory_model::choice_rf_2_19_0_18_F_43| false)
(= |memory_model::choice_rf_2_19_0_64_F_44| false)
(= |memory_model::choice_rf_2_19_0_86_F_45| false)
(= |memory_model::choice_rf_2_19_1_15_F_46| false)
(= |memory_model::choice_rf_2_19_2_0_F_47| false)
(= |memory_model::choice_rf_2_19_2_12_F_48| true)
(= |memory_model::choice_rf_2_19_3_32_F_49| false)
(= |memory_model::choice_rf_2_32_0_18_F_50| false)
(= |memory_model::choice_rf_2_32_0_64_F_51| false)
(= |memory_model::choice_rf_2_32_0_86_F_52| false)
(= |memory_model::choice_rf_2_32_1_15_F_53| false)
(= |memory_model::choice_rf_2_32_2_0_F_54| false)
(= |memory_model::choice_rf_2_32_2_12_F_55| false)
(= |memory_model::choice_rf_2_32_2_26_F_56| true)
(= |memory_model::choice_rf_2_32_3_32_F_57| false)
(= |memory_model::choice_rf_3_21_0_18_F_58| false)
(= |memory_model::choice_rf_3_21_0_64_F_59| false)
(= |memory_model::choice_rf_3_21_0_86_F_60| false)
(= |memory_model::choice_rf_3_21_1_15_F_61| false)
(= |memory_model::choice_rf_3_21_2_0_F_62| false)
(= |memory_model::choice_rf_3_21_2_12_F_63| false)
(= |memory_model::choice_rf_3_21_2_26_F_64| false)
(= |memory_model::choice_rf_3_21_2_43_F_65| true)
(= |memory_model::choice_rf_0_50_0_11_F_66| false)
(= |memory_model::choice_rf_0_50_1_21_F_67| false)
(= |memory_model::choice_rf_0_50_2_45_F_68| true)
(= |memory_model::choice_rf_0_50_3_34_F_69| false)
(= |memory_model::choice_rf_1_20_0_11_F_70| true)
(= |memory_model::choice_rf_1_20_2_45_F_71| false)
(= |memory_model::choice_rf_1_20_3_34_F_72| false)
(= |memory_model::choice_rf_2_44_0_11_F_73| false)
(= |memory_model::choice_rf_2_44_1_21_F_74| false)
(= |memory_model::choice_rf_2_44_3_34_F_75| true)
(= |memory_model::choice_rf_3_33_0_11_F_76| false)
(= |memory_model::choice_rf_3_33_1_21_F_77| true)
(= |memory_model::choice_rf_3_33_2_45_F_78| false)
(= |memory_model::choice_rf_0_79_0_12_F_79| false)
(= |memory_model::choice_rf_0_79_1_8_F_80| true)
(= |memory_model::choice_rf_0_66_0_13_F_81| false)
(= |memory_model::choice_rf_0_66_2_20_F_82| true)
(= |memory_model::choice_rf_0_52_0_14_F_83| false)
(= |memory_model::choice_rf_0_52_0_51_F_84| true)
(= |memory_model::choice_rf_0_65_0_15_F_85| false)
(= |memory_model::choice_rf_0_92_0_15_F_86| false)
(= |memory_model::choice_rf_0_92_0_89_F_87| true)
(= |memory_model::choice_rf_0_93_0_15_F_88| false)
(= |memory_model::choice_rf_0_93_0_89_F_89| true)
(= |memory_model::choice_rf_0_69_0_19_F_90| false)
(= |memory_model::choice_rf_0_69_1_17_F_91| false)
(= |memory_model::choice_rf_0_69_2_29_F_92| false)
(= |memory_model::choice_rf_0_72_0_20_F_93| false)
(= |memory_model::choice_rf_0_72_1_16_F_94| false)
(= |memory_model::choice_rf_0_72_2_27_F_95| false)
(= |memory_model::choice_rf_0_58_0_21_F_96| true)
(= |memory_model::choice_rf_0_74_0_21_F_97| false)
(= |memory_model::choice_rf_0_74_0_61_F_98| true)
(= |memory_model::choice_rf_3_7_0_21_F_99| true)
(= |memory_model::choice_rf_3_7_0_61_F_100| false)
(= |memory_model::choice_rf_3_7_0_81_F_101| false)
(= |memory_model::choice_rf_1_5_0_22_F_102| true)
(= |memory_model::choice_rf_3_5_0_22_F_103| true)
(= |memory_model::choice_rf_3_5_1_10_F_104| false)
(= |memory_model::choice_rf_2_6_0_23_F_105| true)
(= |memory_model::choice_rf_2_17_0_23_F_106| false)
(= |memory_model::choice_rf_2_17_2_8_F_107| true)
(= |memory_model::choice_rf_2_37_0_23_F_108| false)
(= |memory_model::choice_rf_2_37_2_8_F_109| false)
(= |memory_model::choice_rf_2_37_2_28_F_110| true)
(= |memory_model::choice_rf_3_3_0_23_F_111| true)
(= |memory_model::choice_rf_3_3_2_8_F_112| false)
(= |memory_model::choice_rf_3_3_2_28_F_113| false)
(= |memory_model::choice_rf_3_3_2_39_F_114| false)
(= |memory_model::choice_rf_3_1_0_24_F_115| true)
(= |memory_model::choice_rf_3_26_0_24_F_116| false)
(= |memory_model::choice_rf_3_26_3_10_F_117| true)
(= |memory_model::choice_rf_0_57_0_25_F_118| false)
(= |memory_model::choice_rf_0_57_3_12_F_119| true)
(= |memory_model::choice_rf_0_78_0_25_F_120| false)
(= |memory_model::choice_rf_0_78_0_60_F_121| true)
(= |memory_model::choice_rf_0_78_3_12_F_122| false)
(= |memory_model::choice_rf_3_6_0_25_F_123| false)
(= |memory_model::choice_rf_3_6_0_60_F_124| false)
(= |memory_model::choice_rf_3_6_0_80_F_125| false)
(= |memory_model::choice_rf_1_3_0_26_F_126| false)
(= |memory_model::choice_rf_1_3_3_11_F_127| true)
(= |memory_model::choice_rf_3_4_0_26_F_128| false)
(= |memory_model::choice_rf_3_4_1_9_F_129| false)
(= |memory_model::choice_rf_2_3_0_27_F_130| false)
(= |memory_model::choice_rf_2_3_3_14_F_131| true)
(= |memory_model::choice_rf_2_15_0_27_F_132| false)
(= |memory_model::choice_rf_2_15_2_9_F_133| true)
(= |memory_model::choice_rf_2_15_3_14_F_134| false)
(= |memory_model::choice_rf_2_34_0_27_F_135| false)
(= |memory_model::choice_rf_2_34_2_9_F_136| false)
(= |memory_model::choice_rf_2_34_2_21_F_137| true)
(= |memory_model::choice_rf_2_34_3_14_F_138| false)
(= |memory_model::choice_rf_3_2_0_27_F_139| false)
(= |memory_model::choice_rf_3_2_2_9_F_140| false)
(= |memory_model::choice_rf_3_2_2_21_F_141| false)
(= |memory_model::choice_rf_3_2_2_40_F_142| false)
(= |memory_model::choice_rf_3_0_0_28_F_143| false)
(= |memory_model::choice_rf_3_23_0_28_F_144| false)
(= |memory_model::choice_rf_3_23_3_13_F_145| true)
(= |memory_model::choice_rf_0_56_0_31_F_146| false)
(= |memory_model::choice_rf_0_56_1_13_F_147| false)
(= |memory_model::choice_rf_0_56_2_24_F_148| true)
(= |memory_model::choice_rf_0_56_3_17_F_149| false)
(= |memory_model::choice_rf_0_75_0_31_F_150| false)
(= |memory_model::choice_rf_0_75_1_13_F_151| false)
(= |memory_model::choice_rf_0_75_2_24_F_152| true)
(= |memory_model::choice_rf_0_75_3_17_F_153| false)
(= |memory_model::choice_rf_1_2_0_31_F_154| false)
(= |memory_model::choice_rf_1_2_0_84_F_155| false)
(= |memory_model::choice_rf_1_2_2_24_F_156| false)
(= |memory_model::choice_rf_1_2_3_17_F_157| true)
(= |memory_model::choice_rf_2_5_0_31_F_158| false)
(= |memory_model::choice_rf_2_5_0_84_F_159| false)
(= |memory_model::choice_rf_2_5_1_13_F_160| true)
(= |memory_model::choice_rf_2_5_3_17_F_161| false)
(= |memory_model::choice_rf_2_14_0_31_F_162| false)
(= |memory_model::choice_rf_2_14_0_84_F_163| false)
(= |memory_model::choice_rf_2_14_1_13_F_164| true)
(= |memory_model::choice_rf_2_14_3_17_F_165| false)
(= |memory_model::choice_rf_2_36_0_31_F_166| false)
(= |memory_model::choice_rf_2_36_0_84_F_167| false)
(= |memory_model::choice_rf_2_36_1_13_F_168| false)
(= |memory_model::choice_rf_2_36_2_24_F_169| true)
(= |memory_model::choice_rf_2_36_3_17_F_170| false)
(= |memory_model::choice_rf_3_9_0_31_F_171| true)
(= |memory_model::choice_rf_3_9_0_84_F_172| false)
(= |memory_model::choice_rf_3_9_1_13_F_173| false)
(= |memory_model::choice_rf_3_9_2_24_F_174| false)
(= |memory_model::choice_rf_3_25_0_31_F_175| false)
(= |memory_model::choice_rf_3_25_0_84_F_176| false)
(= |memory_model::choice_rf_3_25_1_13_F_177| false)
(= |memory_model::choice_rf_3_25_2_24_F_178| true)
(= |memory_model::choice_rf_3_25_3_17_F_179| false)
(= |memory_model::choice_rf_0_59_0_32_F_180| false)
(= |memory_model::choice_rf_0_59_1_11_F_181| false)
(= |memory_model::choice_rf_0_59_2_10_F_182| false)
(= |memory_model::choice_rf_0_59_2_22_F_183| false)
(= |memory_model::choice_rf_0_59_2_41_F_184| false)
(= |memory_model::choice_rf_0_59_3_15_F_185| false)
(= |memory_model::choice_rf_0_59_3_30_F_186| true)
(= |memory_model::choice_rf_0_73_0_32_F_187| false)
(= |memory_model::choice_rf_0_73_0_62_F_188| true)
(= |memory_model::choice_rf_0_73_1_11_F_189| false)
(= |memory_model::choice_rf_0_73_2_10_F_190| false)
(= |memory_model::choice_rf_0_73_2_22_F_191| false)
(= |memory_model::choice_rf_0_73_2_41_F_192| false)
(= |memory_model::choice_rf_0_73_3_15_F_193| false)
(= |memory_model::choice_rf_0_73_3_30_F_194| false)
(= |memory_model::choice_rf_1_6_0_32_F_195| false)
(= |memory_model::choice_rf_1_6_0_62_F_196| false)
(= |memory_model::choice_rf_1_6_0_82_F_197| false)
(= |memory_model::choice_rf_1_6_2_10_F_198| false)
(= |memory_model::choice_rf_1_6_2_22_F_199| false)
(= |memory_model::choice_rf_1_6_2_41_F_200| false)
(= |memory_model::choice_rf_1_6_3_15_F_201| true)
(= |memory_model::choice_rf_1_6_3_30_F_202| false)
(= |memory_model::choice_rf_2_7_0_32_F_203| false)
(= |memory_model::choice_rf_2_7_0_62_F_204| false)
(= |memory_model::choice_rf_2_7_0_82_F_205| false)
(= |memory_model::choice_rf_2_7_1_11_F_206| true)
(= |memory_model::choice_rf_2_7_3_15_F_207| false)
(= |memory_model::choice_rf_2_7_3_30_F_208| false)
(= |memory_model::choice_rf_2_18_0_32_F_209| false)
(= |memory_model::choice_rf_2_18_0_62_F_210| false)
(= |memory_model::choice_rf_2_18_0_82_F_211| false)
(= |memory_model::choice_rf_2_18_1_11_F_212| false)
(= |memory_model::choice_rf_2_18_2_10_F_213| true)
(= |memory_model::choice_rf_2_18_3_15_F_214| false)
(= |memory_model::choice_rf_2_18_3_30_F_215| false)
(= |memory_model::choice_rf_2_38_0_32_F_216| false)
(= |memory_model::choice_rf_2_38_0_62_F_217| false)
(= |memory_model::choice_rf_2_38_0_82_F_218| false)
(= |memory_model::choice_rf_2_38_1_11_F_219| false)
(= |memory_model::choice_rf_2_38_2_10_F_220| false)
(= |memory_model::choice_rf_2_38_2_22_F_221| true)
(= |memory_model::choice_rf_2_38_3_15_F_222| false)
(= |memory_model::choice_rf_2_38_3_30_F_223| false)
(= |memory_model::choice_rf_3_8_0_32_F_224| true)
(= |memory_model::choice_rf_3_8_0_62_F_225| false)
(= |memory_model::choice_rf_3_8_0_82_F_226| false)
(= |memory_model::choice_rf_3_8_1_11_F_227| false)
(= |memory_model::choice_rf_3_8_2_10_F_228| false)
(= |memory_model::choice_rf_3_8_2_22_F_229| false)
(= |memory_model::choice_rf_3_8_2_41_F_230| false)
(= |memory_model::choice_rf_3_27_0_32_F_231| false)
(= |memory_model::choice_rf_3_27_0_62_F_232| false)
(= |memory_model::choice_rf_3_27_0_82_F_233| false)
(= |memory_model::choice_rf_3_27_1_11_F_234| false)
(= |memory_model::choice_rf_3_27_2_10_F_235| false)
(= |memory_model::choice_rf_3_27_2_22_F_236| false)
(= |memory_model::choice_rf_3_27_2_41_F_237| true)
(= |memory_model::choice_rf_3_27_3_15_F_238| false)
(= |memory_model::choice_rf_0_53_0_33_F_239| false)
(= |memory_model::choice_rf_0_53_1_12_F_240| false)
(= |memory_model::choice_rf_0_53_2_23_F_241| true)
(= |memory_model::choice_rf_0_53_3_18_F_242| false)
(= |memory_model::choice_rf_0_76_0_33_F_243| false)
(= |memory_model::choice_rf_0_76_1_12_F_244| false)
(= |memory_model::choice_rf_0_76_2_23_F_245| true)
(= |memory_model::choice_rf_0_76_3_18_F_246| false)
(= |memory_model::choice_rf_1_1_0_33_F_247| false)
(= |memory_model::choice_rf_1_1_0_83_F_248| false)
(= |memory_model::choice_rf_1_1_2_23_F_249| false)
(= |memory_model::choice_rf_1_1_3_18_F_250| true)
(= |memory_model::choice_rf_2_2_0_33_F_251| false)
(= |memory_model::choice_rf_2_2_0_83_F_252| false)
(= |memory_model::choice_rf_2_2_1_12_F_253| true)
(= |memory_model::choice_rf_2_2_3_18_F_254| false)
(= |memory_model::choice_rf_2_13_0_33_F_255| false)
(= |memory_model::choice_rf_2_13_0_83_F_256| false)
(= |memory_model::choice_rf_2_13_1_12_F_257| true)
(= |memory_model::choice_rf_2_13_3_18_F_258| false)
(= |memory_model::choice_rf_2_33_0_33_F_259| false)
(= |memory_model::choice_rf_2_33_0_83_F_260| false)
(= |memory_model::choice_rf_2_33_1_12_F_261| false)
(= |memory_model::choice_rf_2_33_2_23_F_262| true)
(= |memory_model::choice_rf_2_33_3_18_F_263| false)
(= |memory_model::choice_rf_3_22_0_33_F_264| false)
(= |memory_model::choice_rf_3_22_0_83_F_265| false)
(= |memory_model::choice_rf_3_22_1_12_F_266| false)
(= |memory_model::choice_rf_3_22_2_23_F_267| true)
(= |memory_model::choice_rf_3_22_3_18_F_268| false)
(= |memory_model::choice_rf_0_55_0_34_F_269| false)
(= |memory_model::choice_rf_0_55_1_14_F_270| false)
(= |memory_model::choice_rf_0_55_2_11_F_271| false)
(= |memory_model::choice_rf_0_55_2_25_F_272| false)
(= |memory_model::choice_rf_0_55_2_42_F_273| false)
(= |memory_model::choice_rf_0_55_3_16_F_274| false)
(= |memory_model::choice_rf_0_55_3_31_F_275| true)
(= |memory_model::choice_rf_0_71_0_34_F_276| false)
(= |memory_model::choice_rf_0_71_0_63_F_277| true)
(= |memory_model::choice_rf_0_71_1_14_F_278| false)
(= |memory_model::choice_rf_0_71_2_11_F_279| false)
(= |memory_model::choice_rf_0_71_2_25_F_280| false)
(= |memory_model::choice_rf_0_71_2_42_F_281| false)
(= |memory_model::choice_rf_0_71_3_16_F_282| false)
(= |memory_model::choice_rf_0_71_3_31_F_283| false)
(= |memory_model::choice_rf_1_4_0_34_F_284| false)
(= |memory_model::choice_rf_1_4_0_63_F_285| false)
(= |memory_model::choice_rf_1_4_0_85_F_286| false)
(= |memory_model::choice_rf_1_4_2_11_F_287| false)
(= |memory_model::choice_rf_1_4_2_25_F_288| false)
(= |memory_model::choice_rf_1_4_2_42_F_289| false)
(= |memory_model::choice_rf_1_4_3_16_F_290| true)
(= |memory_model::choice_rf_1_4_3_31_F_291| false)
(= |memory_model::choice_rf_2_4_0_34_F_292| false)
(= |memory_model::choice_rf_2_4_0_63_F_293| false)
(= |memory_model::choice_rf_2_4_0_85_F_294| false)
(= |memory_model::choice_rf_2_4_1_14_F_295| true)
(= |memory_model::choice_rf_2_4_3_16_F_296| false)
(= |memory_model::choice_rf_2_4_3_31_F_297| false)
(= |memory_model::choice_rf_2_16_0_34_F_298| false)
(= |memory_model::choice_rf_2_16_0_63_F_299| false)
(= |memory_model::choice_rf_2_16_0_85_F_300| false)
(= |memory_model::choice_rf_2_16_1_14_F_301| false)
(= |memory_model::choice_rf_2_16_2_11_F_302| true)
(= |memory_model::choice_rf_2_16_3_16_F_303| false)
(= |memory_model::choice_rf_2_16_3_31_F_304| false)
(= |memory_model::choice_rf_2_35_0_34_F_305| false)
(= |memory_model::choice_rf_2_35_0_63_F_306| false)
(= |memory_model::choice_rf_2_35_0_85_F_307| false)
(= |memory_model::choice_rf_2_35_1_14_F_308| false)
(= |memory_model::choice_rf_2_35_2_11_F_309| false)
(= |memory_model::choice_rf_2_35_2_25_F_310| true)
(= |memory_model::choice_rf_2_35_3_16_F_311| false)
(= |memory_model::choice_rf_2_35_3_31_F_312| false)
(= |memory_model::choice_rf_3_24_0_34_F_313| false)
(= |memory_model::choice_rf_3_24_0_63_F_314| false)
(= |memory_model::choice_rf_3_24_0_85_F_315| false)
(= |memory_model::choice_rf_3_24_1_14_F_316| false)
(= |memory_model::choice_rf_3_24_2_11_F_317| false)
(= |memory_model::choice_rf_3_24_2_25_F_318| false)
(= |memory_model::choice_rf_3_24_2_42_F_319| true)
(= |memory_model::choice_rf_3_24_3_16_F_320| false)
(= |memory_model::choice_rf_0_77_0_35_F_321| false)
(= |memory_model::choice_rf_0_77_1_0_F_322| true)
(= |memory_model::choice_rf_0_77_3_20_F_323| false)
(= |memory_model::choice_rf_3_19_0_35_F_324| false)
(= |memory_model::choice_rf_3_19_1_0_F_325| false)
(= |memory_model::choice_rf_0_67_0_16_F_326| false)
(= |memory_model::choice_rf_0_67_1_19_F_327| false)
(= |memory_model::choice_rf_0_67_2_31_F_328| false)
(= |memory_model::choice_rf_0_68_0_17_F_329| false)
(= |memory_model::choice_rf_0_68_1_18_F_330| false)
(= |memory_model::choice_rf_0_68_2_30_F_331| false)
(= |memory_model::choice_ws-ext_0_10_1_23_T_332| true)
(= |memory_model::choice_ws-ext_0_10_2_47_T_333| true)
(= |memory_model::choice_ws-ext_0_10_3_36_T_334| true)
(= |memory_model::choice_ws-ext_1_23_2_47_T_335| true)
(= |memory_model::choice_ws-ext_1_23_3_36_T_336| true)
(= |memory_model::choice_ws-ext_2_47_3_36_T_337| true)
(= |memory_model::choice_ws-ext_0_18_1_15_F_338| true)
(= |memory_model::choice_ws-ext_0_18_2_0_F_339| true)
(= |memory_model::choice_ws-ext_0_18_2_12_F_340| true)
(= |memory_model::choice_ws-ext_0_18_2_26_F_341| true)
(= |memory_model::choice_ws-ext_0_18_2_43_F_342| true)
(= |memory_model::choice_ws-ext_0_18_3_32_F_343| true)
(= |memory_model::choice_ws-ext_0_64_1_15_F_344| false)
(= |memory_model::choice_ws-ext_0_64_2_0_F_345| false)
(= |memory_model::choice_ws-ext_0_64_2_12_F_346| false)
(= |memory_model::choice_ws-ext_0_64_2_26_F_347| false)
(= |memory_model::choice_ws-ext_0_64_2_43_F_348| false)
(= |memory_model::choice_ws-ext_0_64_3_32_F_349| false)
(= |memory_model::choice_ws-ext_0_86_1_15_F_350| false)
(= |memory_model::choice_ws-ext_0_86_2_0_F_351| false)
(= |memory_model::choice_ws-ext_0_86_2_12_F_352| false)
(= |memory_model::choice_ws-ext_0_86_2_26_F_353| false)
(= |memory_model::choice_ws-ext_0_86_2_43_F_354| false)
(= |memory_model::choice_ws-ext_0_86_3_32_F_355| false)
(= |memory_model::choice_ws-ext_1_15_2_0_F_356| true)
(= |memory_model::choice_ws-ext_1_15_2_12_F_357| true)
(= |memory_model::choice_ws-ext_1_15_2_26_F_358| true)
(= |memory_model::choice_ws-ext_1_15_2_43_F_359| true)
(= |memory_model::choice_ws-ext_1_15_3_32_F_360| true)
(= |memory_model::choice_ws-ext_2_0_3_32_F_361| true)
(= |memory_model::choice_ws-ext_2_12_3_32_F_362| true)
(= |memory_model::choice_ws-ext_2_26_3_32_F_363| true)
(= |memory_model::choice_ws-ext_2_43_3_32_F_364| true)
(= |memory_model::choice_ws-ext_0_11_1_21_F_365| true)
(= |memory_model::choice_ws-ext_0_11_2_45_F_366| true)
(= |memory_model::choice_ws-ext_0_11_3_34_F_367| true)
(= |memory_model::choice_ws-ext_1_21_2_45_F_368| true)
(= |memory_model::choice_ws-ext_1_21_3_34_F_369| true)
(= |memory_model::choice_ws-ext_2_45_3_34_F_370| false)
(= |memory_model::choice_ws-ext_0_12_1_8_F_371| true)
(= |memory_model::choice_ws-ext_0_13_2_20_F_372| true)
(= |memory_model::choice_ws-ext_0_19_1_17_F_373| true)
(= |memory_model::choice_ws-ext_0_19_2_29_F_374| true)
(= |memory_model::choice_ws-ext_0_88_1_17_F_375| false)
(= |memory_model::choice_ws-ext_0_88_2_29_F_376| false)
(= |memory_model::choice_ws-ext_1_17_2_29_F_377| true)
(= |memory_model::choice_ws-ext_0_20_1_16_F_378| true)
(= |memory_model::choice_ws-ext_0_20_2_27_F_379| true)
(= |memory_model::choice_ws-ext_0_87_1_16_F_380| false)
(= |memory_model::choice_ws-ext_0_87_2_27_F_381| false)
(= |memory_model::choice_ws-ext_1_16_2_27_F_382| true)
(= |memory_model::choice_ws-ext_0_22_1_10_F_383| true)
(= |memory_model::choice_ws-ext_0_23_2_8_F_384| true)
(= |memory_model::choice_ws-ext_0_23_2_28_F_385| true)
(= |memory_model::choice_ws-ext_0_23_2_39_F_386| true)
(= |memory_model::choice_ws-ext_0_24_3_10_F_387| true)
(= |memory_model::choice_ws-ext_0_24_3_28_F_388| true)
(= |memory_model::choice_ws-ext_0_25_3_12_F_389| true)
(= |memory_model::choice_ws-ext_0_60_3_12_F_390| false)
(= |memory_model::choice_ws-ext_0_80_3_12_F_391| false)
(= |memory_model::choice_ws-ext_0_26_1_9_F_392| true)
(= |memory_model::choice_ws-ext_0_26_3_11_F_393| true)
(= |memory_model::choice_ws-ext_1_9_3_11_F_394| false)
(= |memory_model::choice_ws-ext_0_27_2_9_F_395| true)
(= |memory_model::choice_ws-ext_0_27_2_21_F_396| true)
(= |memory_model::choice_ws-ext_0_27_2_40_F_397| true)
(= |memory_model::choice_ws-ext_0_27_3_14_F_398| true)
(= |memory_model::choice_ws-ext_2_9_3_14_F_399| false)
(= |memory_model::choice_ws-ext_2_21_3_14_F_400| false)
(= |memory_model::choice_ws-ext_2_40_3_14_F_401| false)
(= |memory_model::choice_ws-ext_0_28_3_13_F_402| true)
(= |memory_model::choice_ws-ext_0_28_3_29_F_403| true)
(= |memory_model::choice_ws-ext_0_31_1_13_F_404| true)
(= |memory_model::choice_ws-ext_0_31_2_24_F_405| true)
(= |memory_model::choice_ws-ext_0_31_3_17_F_406| true)
(= |memory_model::choice_ws-ext_0_84_1_13_F_407| false)
(= |memory_model::choice_ws-ext_0_84_2_24_F_408| false)
(= |memory_model::choice_ws-ext_0_84_3_17_F_409| false)
(= |memory_model::choice_ws-ext_1_13_2_24_F_410| true)
(= |memory_model::choice_ws-ext_1_13_3_17_F_411| false)
(= |memory_model::choice_ws-ext_2_24_3_17_F_412| false)
(= |memory_model::choice_ws-ext_0_32_1_11_F_413| true)
(= |memory_model::choice_ws-ext_0_32_2_10_F_414| true)
(= |memory_model::choice_ws-ext_0_32_2_22_F_415| true)
(= |memory_model::choice_ws-ext_0_32_2_41_F_416| true)
(= |memory_model::choice_ws-ext_0_32_3_15_F_417| true)
(= |memory_model::choice_ws-ext_0_32_3_30_F_418| true)
(= |memory_model::choice_ws-ext_0_62_1_11_F_419| false)
(= |memory_model::choice_ws-ext_0_62_2_10_F_420| false)
(= |memory_model::choice_ws-ext_0_62_2_22_F_421| false)
(= |memory_model::choice_ws-ext_0_62_2_41_F_422| false)
(= |memory_model::choice_ws-ext_0_62_3_15_F_423| false)
(= |memory_model::choice_ws-ext_0_62_3_30_F_424| false)
(= |memory_model::choice_ws-ext_0_82_1_11_F_425| false)
(= |memory_model::choice_ws-ext_0_82_2_10_F_426| false)
(= |memory_model::choice_ws-ext_0_82_2_22_F_427| false)
(= |memory_model::choice_ws-ext_0_82_2_41_F_428| false)
(= |memory_model::choice_ws-ext_0_82_3_15_F_429| false)
(= |memory_model::choice_ws-ext_0_82_3_30_F_430| false)
(= |memory_model::choice_ws-ext_1_11_2_10_F_431| true)
(= |memory_model::choice_ws-ext_1_11_2_22_F_432| true)
(= |memory_model::choice_ws-ext_1_11_2_41_F_433| true)
(= |memory_model::choice_ws-ext_1_11_3_15_F_434| false)
(= |memory_model::choice_ws-ext_1_11_3_30_F_435| true)
(= |memory_model::choice_ws-ext_2_10_3_15_F_436| false)
(= |memory_model::choice_ws-ext_2_10_3_30_F_437| true)
(= |memory_model::choice_ws-ext_2_22_3_15_F_438| false)
(= |memory_model::choice_ws-ext_2_22_3_30_F_439| true)
(= |memory_model::choice_ws-ext_2_41_3_15_F_440| false)
(= |memory_model::choice_ws-ext_2_41_3_30_F_441| true)
(= |memory_model::choice_ws-ext_0_33_1_12_F_442| true)
(= |memory_model::choice_ws-ext_0_33_2_23_F_443| true)
(= |memory_model::choice_ws-ext_0_33_3_18_F_444| true)
(= |memory_model::choice_ws-ext_0_83_1_12_F_445| false)
(= |memory_model::choice_ws-ext_0_83_2_23_F_446| false)
(= |memory_model::choice_ws-ext_0_83_3_18_F_447| false)
(= |memory_model::choice_ws-ext_1_12_2_23_F_448| true)
(= |memory_model::choice_ws-ext_1_12_3_18_F_449| false)
(= |memory_model::choice_ws-ext_2_23_3_18_F_450| false)
(= |memory_model::choice_ws-ext_0_34_1_14_F_451| true)
(= |memory_model::choice_ws-ext_0_34_2_11_F_452| true)
(= |memory_model::choice_ws-ext_0_34_2_25_F_453| true)
(= |memory_model::choice_ws-ext_0_34_2_42_F_454| true)
(= |memory_model::choice_ws-ext_0_34_3_16_F_455| true)
(= |memory_model::choice_ws-ext_0_34_3_31_F_456| true)
(= |memory_model::choice_ws-ext_0_63_1_14_F_457| false)
(= |memory_model::choice_ws-ext_0_63_2_11_F_458| false)
(= |memory_model::choice_ws-ext_0_63_2_25_F_459| false)
(= |memory_model::choice_ws-ext_0_63_2_42_F_460| false)
(= |memory_model::choice_ws-ext_0_63_3_16_F_461| false)
(= |memory_model::choice_ws-ext_0_63_3_31_F_462| false)
(= |memory_model::choice_ws-ext_0_85_1_14_F_463| false)
(= |memory_model::choice_ws-ext_0_85_2_11_F_464| false)
(= |memory_model::choice_ws-ext_0_85_2_25_F_465| false)
(= |memory_model::choice_ws-ext_0_85_2_42_F_466| false)
(= |memory_model::choice_ws-ext_0_85_3_16_F_467| false)
(= |memory_model::choice_ws-ext_0_85_3_31_F_468| false)
(= |memory_model::choice_ws-ext_1_14_2_11_F_469| true)
(= |memory_model::choice_ws-ext_1_14_2_25_F_470| true)
(= |memory_model::choice_ws-ext_1_14_2_42_F_471| true)
(= |memory_model::choice_ws-ext_1_14_3_16_F_472| false)
(= |memory_model::choice_ws-ext_1_14_3_31_F_473| true)
(= |memory_model::choice_ws-ext_2_11_3_16_F_474| false)
(= |memory_model::choice_ws-ext_2_11_3_31_F_475| true)
(= |memory_model::choice_ws-ext_2_25_3_16_F_476| false)
(= |memory_model::choice_ws-ext_2_25_3_31_F_477| true)
(= |memory_model::choice_ws-ext_2_42_3_16_F_478| false)
(= |memory_model::choice_ws-ext_2_42_3_31_F_479| true)
(= |memory_model::choice_ws-ext_0_35_1_0_F_480| true)
(= |memory_model::choice_ws-ext_0_35_3_20_F_481| true)
(= |memory_model::choice_ws-ext_1_0_3_20_F_482| false)
(= |memory_model::choice_ws-ext_0_16_1_19_F_483| true)
(= |memory_model::choice_ws-ext_0_16_2_31_F_484| true)
(= |memory_model::choice_ws-ext_0_91_1_19_F_485| false)
(= |memory_model::choice_ws-ext_0_91_2_31_F_486| false)
(= |memory_model::choice_ws-ext_1_19_2_31_F_487| true)
(= |memory_model::choice_ws-ext_0_17_1_18_F_488| true)
(= |memory_model::choice_ws-ext_0_17_2_30_F_489| true)
(= |memory_model::choice_ws-ext_0_90_1_18_F_490| false)
(= |memory_model::choice_ws-ext_0_90_2_30_F_491| false)
(= |memory_model::choice_ws-ext_1_18_2_30_F_492| true)
(= |main$tmp_guard0#3| #b00000001)
(= |__CPROVER_next_thread_id#3| #b00000000000000000000000000000001)
(= |__CPROVER_next_thread_id#6| #b00000000000000000000000000000010)
(= |__unbuffered_cnt#2| #b00000000000000000000000000000011)
(= |x$w_buff0_used#2| #b00000000)
(= |x$r_buff0_thd0#2| #b00000000)
(= |x$w_buff0#2| #b00000000000000000000000000000010)
(= |x$w_buff1_used#2| #b00000000)
(= |x$r_buff1_thd0#2| #b00000000)
(= |x$w_buff1#2| #b00000000000000000000000000000000)
(= |x#2| #b00000000000000000000000000000010)
(= |x#4| #b00000000000000000000000000000010)
(= |x$w_buff0_used#6| #b00000000)
(= |x$w_buff1_used#6| #b00000000)
(= |x$r_buff0_thd0#8| #b00000000)
(= |x$r_buff1_thd0#7| #b00000000)
(= |weak$$choice0#2| #b00000000)
(= |weak$$choice0#3| #b10000000)
(= |weak$$choice2#2| #b00000001)
(= |weak$$choice2#3| #b10000000)
(= |x$flush_delayed#2| #b00000001)
(= |x$flush_delayed#3| #b10000000)
(= |x#6| #b00000000000000000000000000000010)
(= |x$mem_tmp#2| #b00000000000000000000000000000010)
(= |x$mem_tmp#3| #b10000000000000000000000000000000)
(= |x$w_buff0_used#11| #b00000000)
(= |x$r_buff0_thd0#11| #b00000000)
(= |x$w_buff1_used#9| #b00000000)
(= |x$r_buff1_thd0#9| #b00000000)
(= |x$w_buff0#4| #b00000000000000000000000000000010)
(= |x$w_buff1#4| #b00000000000000000000000000000000)
(= |x#9| #b00000000000000000000000000000010)
(= |x$w_buff0#10| #b00000000000000000000000000000010)
(= |x$w_buff1#10| #b00000000000000000000000000000000)
(= |x$w_buff0_used#23| #b00000000)
(= |x$w_buff1_used#17| #b00000000)
(= |x$r_buff0_thd0#33| #b00000000)
(= |x$r_buff1_thd0#19| #b00000000)
(= |y#2| #b00000000000000000000000000000010)
(= |__unbuffered_p0_EAX#2| #b00000000000000000000000000000000)
(= |__unbuffered_p1_EAX#2| #b00000000000000000000000000000001)
(= |main$tmp_guard1#2| #b00000000)
(= |main$tmp_guard1#3| #b00000001)
(= |x#13| #b00000000000000000000000000000010)
(= |x$flush_delayed#6| #b00000000)
(= |main$tmp_guard1#6| #b00000000)
(= |pthread_create::1::this_thread_id!1@0#0| #b01000000000000000000000000000000)
(= |x#15| #b00000000000000000000000000000000)
(= |x$w_buff0_used#31| #b00000001)
(= |x$r_buff0_thd1#2| #b00000000)
(= |x$w_buff1_used#21| #b00000000)
(= |x$r_buff1_thd1#2| #b00000000)
(= |x$w_buff0#12| #b00000000000000000000000000000010)
(= |x$w_buff1#12| #b00000000000000000000000000000000)
(= |__unbuffered_cnt#4| #b00000000000000000000000000000000)
(= |pthread_create::1::this_thread_id!2@0#0| #b00000000000000000000000000000000)
(= |x$w_buff0_used#34| #b00000001)
(= |x$r_buff0_thd2#2| #b00000000)
(= |x$w_buff0#15| #b00000000000000000000000000000010)
(= |x$w_buff1_used#24| #b00000000)
(= |x$r_buff1_thd2#2| #b00000000)
(= |x$w_buff1#15| #b00000000000000000000000000000000)
(= |x#20| #b00000000000000000000000000000001)
(= |x#23| #b00000000000000000000000000000001)
(= |x$w_buff0_used#37| #b00000001)
(= |x$r_buff0_thd2#5| #b00000000)
(= |x$w_buff1_used#27| #b00000000)
(= |x$r_buff1_thd2#5| #b00000000)
(= |x$w_buff0#17| #b00000000000000000000000000000010)
(= |x$w_buff1#17| #b00000000000000000000000000000000)
(= |x$w_buff0_used#40| #b00000001)
(= |x$r_buff0_thd2#8| #b00000000)
(= |x$w_buff0#20| #b00000000000000000000000000000010)
(= |x$w_buff1_used#30| #b00000000)
(= |x$r_buff1_thd2#8| #b00000000)
(= |x$w_buff1#20| #b00000000000000000000000000000000)
(= |x#27| #b00000000000000000000000000000001)
(= |__unbuffered_cnt#7| #b00000000000000000000000000000010)
(= |pthread_create::1::this_thread_id!3@0#0| #b10000000000000000000000000000000)
(= |x$w_buff0#22| #b00000000000000000000000000000000)
(= |x$w_buff0_used#43| #b00000000)
(= |x$r_buff0_thd0#38| #b00000000)
(= |x$r_buff1_thd0#21| #b00000000)
(= |x$r_buff1_thd0#22| #b10000000)
(= |x$r_buff0_thd1#5| #b00000000)
(= |x$r_buff1_thd1#5| #b00000000)
(= |x$r_buff1_thd1#6| #b10000000)
(= |x$r_buff0_thd2#11| #b00000000)
(= |x$r_buff1_thd2#11| #b00000000)
(= |x$r_buff1_thd2#12| #b10000000)
(= |x$r_buff0_thd3#2| #b00000000)
(= |x$r_buff1_thd3#2| #b00000000)
(= |x$r_buff1_thd3#3| #b10000000)
(= |x$r_buff0_thd3#4| #b00000001)
(= |y#5| #b00000000000000000000000000000001)
(= |y#6| #b00000000000000000000000000000010)
(= |x$w_buff0_used#46| #b00000001)
(= |x$r_buff0_thd3#6| #b00000001)
(= |x$w_buff0#25| #b00000000000000000000000000000010)
(= |x$w_buff1_used#34| #b00000000)
(= |x$r_buff1_thd3#5| #b00000000)
(= |x$w_buff1#23| #b00000000000000000000000000000000)
(= |x#30| #b00000000000000000000000000000001)
(= |x#32| #b00000000000000000000000000000010)
(= |x$w_buff0_used#50| #b00000000)
(= |x$w_buff1_used#38| #b00000000)
(= |x$r_buff0_thd3#12| #b00000001)
(= |x$r_buff1_thd3#10| #b00000000)
(= |__unbuffered_cnt#10| #b00000000000000000000000000000001)
(= |__unbuffered_cnt#12| #b00000000000000000000000000000010)
(= |__CPROVER_threads_exited#1$wclk$8| #b00010110)
(= |__CPROVER_threads_exited#2$rclk$8| #b11101110)
(= |__CPROVER_threads_exited#5$wclk$8| #b11111101)
(= |__CPROVER_threads_exited#7$wclk$8| #b11111111)
(= |__CPROVER_threads_exited#4$rclk$8| #b11111100)
(= |__CPROVER_threads_exited#3$wclk$8| #b11101111)
(= |__CPROVER_threads_exited#6$rclk$8| #b11111110)
(= |x#18$wclk$8| #b10110010)
(= |x#2$rclk$8| #b11101010)
(= |x#19$wclk$8| #b10110100)
(= |x#22$wclk$8| #b10111000)
(= |x#26$wclk$8| #b10111001)
(= |x#29$wclk$8| #b10111101)
(= |x#33$wclk$8| #b11100000)
(= |x#6$rclk$8| #b11101011)
(= |x#1$wclk$8| #b00011111)
(= |x#15$rclk$8| #b10110010)
(= |x#5$wclk$8| #b11101010)
(= |x#14$wclk$8| #b11101011)
(= |x#20$rclk$8| #b10111000)
(= |x#23$rclk$8| #b10111001)
(= |x#27$rclk$8| #b10111101)
(= |x#30$rclk$8| #b11100000)
(= |__unbuffered_cnt#6$wclk$8| #b11100000)
(= |__unbuffered_cnt#2$rclk$8| #b11100011)
(= |__unbuffered_cnt#9$wclk$8| #b11100010)
(= |__unbuffered_cnt#13$wclk$8| #b11100001)
(= |__unbuffered_cnt#1$wclk$8| #b00010111)
(= |__unbuffered_cnt#4$rclk$8| #b11100000)
(= |__unbuffered_cnt#7$rclk$8| #b11100010)
(= |__unbuffered_cnt#10$rclk$8| #b11100001)
(= |__unbuffered_p0_EAX#4$wclk$8| #b10110010)
(= |__unbuffered_p0_EAX#2$rclk$8| #b11101011)
(= |__unbuffered_p1_EAX#4$wclk$8| #b10111001)
(= |__unbuffered_p1_EAX#2$rclk$8| #b11101011)
(= |main$tmp_guard1#5| #b00000000)
(= |x$flush_delayed#9$wclk$8| #b10110010)
(= |x$flush_delayed#3$rclk$8| #b11101011)
(= |x$flush_delayed#11$wclk$8| #b10111001)
(= |x$mem_tmp#6$wclk$8| #b10110010)
(= |x$mem_tmp#3$rclk$8| #b11101011)
(= |x$mem_tmp#7$wclk$8| #b10111001)
(= |x$r_buff0_thd0#1$wclk$8| #b00100011)
(= |x$r_buff0_thd0#38$rclk$8| #b00111111)
(= |x$r_buff0_thd0#10$wclk$8| #b11101010)
(= |x$r_buff0_thd0#37$wclk$8| #b11101011)
(= |x$r_buff0_thd1#1$wclk$8| #b00100100)
(= |x$r_buff0_thd1#2$rclk$8| #b10110010)
(= |x$r_buff0_thd1#5$rclk$8| #b00111111)
(= |x$r_buff0_thd1#4$wclk$8| #b10110010)
(= |x$r_buff0_thd2#1$wclk$8| #b00100101)
(= |x$r_buff0_thd2#2$rclk$8| #b10111000)
(= |x$r_buff0_thd2#5$rclk$8| #b10111001)
(= |x$r_buff0_thd2#8$rclk$8| #b10111101)
(= |x$r_buff0_thd2#11$rclk$8| #b00111111)
(= |x$r_buff0_thd2#4$wclk$8| #b10111000)
(= |x$r_buff0_thd2#7$wclk$8| #b10111001)
(= |x$r_buff0_thd2#10$wclk$8| #b10111101)
(= |x$r_buff0_thd3#1$wclk$8| #b00100110)
(= |x$r_buff0_thd3#2$rclk$8| #b00111111)
(= |x$r_buff0_thd3#6$rclk$8| #b11100000)
(= |x$r_buff1_thd0#23$wclk$8| #b00111111)
(= |x$r_buff1_thd0#2$rclk$8| #b11101010)
(= |x$r_buff1_thd0#9$rclk$8| #b11101011)
(= |x$r_buff1_thd0#1$wclk$8| #b00100111)
(= |x$r_buff1_thd0#22$rclk$8| #b00111111)
(= |x$r_buff1_thd0#8$wclk$8| #b11101010)
(= |x$r_buff1_thd0#20$wclk$8| #b11101011)
(= |x$r_buff1_thd1#1$wclk$8| #b00101000)
(= |x$r_buff1_thd1#2$rclk$8| #b10110010)
(= |x$r_buff1_thd1#7$wclk$8| #b00111111)
(= |x$r_buff1_thd1#6$rclk$8| #b00111111)
(= |x$r_buff1_thd1#4$wclk$8| #b10110010)
(= |x$r_buff1_thd2#1$wclk$8| #b00101001)
(= |x$r_buff1_thd2#2$rclk$8| #b10111000)
(= |x$r_buff1_thd2#13$wclk$8| #b00111111)
(= |x$r_buff1_thd2#5$rclk$8| #b10111001)
(= |x$r_buff1_thd2#8$rclk$8| #b10111101)
(= |x$r_buff1_thd2#12$rclk$8| #b00111111)
(= |x$r_buff1_thd2#4$wclk$8| #b10111000)
(= |x$r_buff1_thd2#7$wclk$8| #b10111001)
(= |x$r_buff1_thd2#10$wclk$8| #b10111101)
(= |x$r_buff1_thd3#1$wclk$8| #b00101010)
(= |x$r_buff1_thd3#3$rclk$8| #b00111111)
(= |x$r_buff1_thd3#5$rclk$8| #b11100000)
(= |x$w_buff0#14$wclk$8| #b10110010)
(= |x$w_buff0#2$rclk$8| #b11101010)
(= |x$w_buff0#19$wclk$8| #b10111001)
(= |x$w_buff0#24$wclk$8| #b00111111)
(= |x$w_buff0#4$rclk$8| #b11101011)
(= |x$w_buff0#1$wclk$8| #b00101101)
(= |x$w_buff0#12$rclk$8| #b10110010)
(= |x$w_buff0#11$wclk$8| #b11101011)
(= |x$w_buff0#15$rclk$8| #b10111000)
(= |x$w_buff0#17$rclk$8| #b10111001)
(= |x$w_buff0#20$rclk$8| #b10111101)
(= |x$w_buff0#22$rclk$8| #b00111111)
(= |x$w_buff0#25$rclk$8| #b11100000)
(= |x$w_buff0_used#33$wclk$8| #b10110010)
(= |x$w_buff0_used#2$rclk$8| #b11101010)
(= |x$w_buff0_used#36$wclk$8| #b10111000)
(= |x$w_buff0_used#39$wclk$8| #b10111001)
(= |x$w_buff0_used#42$wclk$8| #b10111101)
(= |x$w_buff0_used#45$wclk$8| #b00111111)
(= |x$w_buff0_used#54$wclk$8| #b11100000)
(= |x$w_buff0_used#11$rclk$8| #b11101011)
(= |x$w_buff0_used#1$wclk$8| #b00101110)
(= |x$w_buff0_used#31$rclk$8| #b10110010)
(= |x$w_buff0_used#10$wclk$8| #b11101010)
(= |x$w_buff0_used#30$wclk$8| #b11101011)
(= |x$w_buff0_used#34$rclk$8| #b10111000)
(= |x$w_buff0_used#37$rclk$8| #b10111001)
(= |x$w_buff0_used#40$rclk$8| #b10111101)
(= |x$w_buff0_used#43$rclk$8| #b00111111)
(= |x$w_buff0_used#46$rclk$8| #b11100000)
(= |x$w_buff1#14$wclk$8| #b10110010)
(= |x$w_buff1#2$rclk$8| #b11101010)
(= |x$w_buff1#19$wclk$8| #b10111001)
(= |x$w_buff1#22$wclk$8| #b00111111)
(= |x$w_buff1#4$rclk$8| #b11101011)
(= |x$w_buff1#1$wclk$8| #b00101111)
(= |x$w_buff1#12$rclk$8| #b10110010)
(= |x$w_buff1#11$wclk$8| #b11101011)
(= |x$w_buff1#15$rclk$8| #b10111000)
(= |x$w_buff1#17$rclk$8| #b10111001)
(= |x$w_buff1#20$rclk$8| #b10111101)
(= |x$w_buff1#23$rclk$8| #b11100000)
(= |x$w_buff1_used#23$wclk$8| #b10110010)
(= |x$w_buff1_used#2$rclk$8| #b11101010)
(= |x$w_buff1_used#26$wclk$8| #b10111000)
(= |x$w_buff1_used#29$wclk$8| #b10111001)
(= |x$w_buff1_used#32$wclk$8| #b10111101)
(= |x$w_buff1_used#33$wclk$8| #b00111111)
(= |x$w_buff1_used#40$wclk$8| #b11100000)
(= |x$w_buff1_used#9$rclk$8| #b11101011)
(= |x$w_buff1_used#1$wclk$8| #b00110000)
(= |x$w_buff1_used#21$rclk$8| #b10110010)
(= |x$w_buff1_used#8$wclk$8| #b11101010)
(= |x$w_buff1_used#20$wclk$8| #b11101011)
(= |x$w_buff1_used#24$rclk$8| #b10111000)
(= |x$w_buff1_used#27$rclk$8| #b10111001)
(= |x$w_buff1_used#30$rclk$8| #b10111101)
(= |x$w_buff1_used#34$rclk$8| #b11100000)
(= |y#4$wclk$8| #b10000111)
(= |y#2$rclk$8| #b11101011)
(= |y#7$wclk$8| #b01001111)
(= |y#1$wclk$8| #b00110001)
(= |y#6$rclk$8| #b01001111)
(= |weak$$choice0#5$wclk$8| #b10110010)
(= |weak$$choice0#3$rclk$8| #b11101011)
(= |weak$$choice0#6$wclk$8| #b10111001)
(= |weak$$choice2#12$wclk$8| #b10110010)
(= |weak$$choice2#3$rclk$8| #b11101011)
(= |weak$$choice2#13$wclk$8| #b10111001)
(= |__unbuffered_p0_EAX#1$wclk$8| #b00011000)
(= |__unbuffered_p1_EAX#1$wclk$8| #b00011001)
(= |x$flush_delayed#1$wclk$8| #b00100001)
(= |x$flush_delayed#7$wclk$8| #b11101011)
(= |x$mem_tmp#1$wclk$8| #b00100010)
(= |x$mem_tmp#5$wclk$8| #b11101011)
(= |x$r_buff0_thd3#5$wclk$8| #b00111111)
(= |x$r_buff0_thd3#14$wclk$8| #b11100000)
(= |x$r_buff1_thd3#4$wclk$8| #b00111111)
(= |x$r_buff1_thd3#11$wclk$8| #b11100000)
(= |weak$$choice0#1$wclk$8| #b00011101)
(= |weak$$choice0#4$wclk$8| #b11101011)
(= |weak$$choice2#1$wclk$8| #b00011110)
(= |weak$$choice2#11$wclk$8| #b11101011)
(= t1$39$spwnclk$8 #b00110110)
(= t1$44$spwnclk$8 #b00111010)
(= t1$49$spwnclk$8 #b00111110)
(= |main::1::t2555!0@1$wclk$8| #b00000000)
(= |main::1::t2556!0@1$wclk$8| #b00000001)
(= |__CPROVER_dead_object#1$wclk$8| #b00000010)
(= |__CPROVER_deallocated#1$wclk$8| #b00000011)
(= |__CPROVER_malloc_is_new_array#1$wclk$8| #b00000100)
(= |__CPROVER_malloc_object#1$wclk$8| #b00000101)
(= |__CPROVER_malloc_size#1$wclk$8| #b00000110)
(= |__CPROVER_memory_leak#1$wclk$8| #b00000111)
(= |__CPROVER_next_thread_id#1$wclk$8| #b00010100)
(= |__CPROVER_pipe_count#1$wclk$8| #b00010101)
(= |main$tmp_guard0#1$wclk$8| #b00011010)
(= |main$tmp_guard1#1$wclk$8| #b00011100)
(= |x$read_delayed#1$wclk$8| #b00101011)
(= |x$read_delayed_var#1$wclk$8| #b00101100)
(= |main::1::t2554!0@1#1$wclk$8| #b00110010)
(= |__CPROVER_next_thread_id#2$wclk$8| #b00110100)
(= |main::1::t2554!0@1#2$wclk$8| #b00110101)
(= |main::1::t2555!0@1#1$wclk$8| #b00110111)
(= |__CPROVER_next_thread_id#3$rclk$8| #b00111000)
(= |__CPROVER_next_thread_id#5$wclk$8| #b00111000)
(= |main::1::t2555!0@1#2$wclk$8| #b00111001)
(= |main::1::t2556!0@1#1$wclk$8| #b00111011)
(= |__CPROVER_next_thread_id#6$rclk$8| #b00111100)
(= |__CPROVER_next_thread_id#8$wclk$8| #b00111100)
(= |main::1::t2556!0@1#2$wclk$8| #b00111101)
(= |main$tmp_guard0#2$wclk$8| #b11100011)
(= |main$tmp_guard0#3$rclk$8| #b11101001)
(= |x$r_buff0_thd0#2$rclk$8| #b11101010)
(= |main$tmp_guard1#3$rclk$8| #b11101011)
(= |x$r_buff0_thd0#11$rclk$8| #b11101011)
(= |main$tmp_guard1#4$wclk$8| #b11101011)
(= |main$tmp_guard1#5$rclk$8| #b11111000)
(= |main$tmp_guard1#6$rclk$8| #b11111001)
(= array_of.0 @fun_11)
(= |__CPROVER_threads_exited#2| @fun_11)
(= |__CPROVER_threads_exited#4| @fun_11)
(= |__CPROVER_threads_exited#6| @fun_11)
(function @fun_11
 (type (Array (_ BitVec 32) (_ BitVec 1)))
 (= (@fun_11 #b10000000000000000000000000000000) #b0)
 (default #b1))

real	0m0.040s
user	0m0.037s
sys	0m0.003s
State: AC Run_time: 0.04235053062438965