sat
(model
(define-fun |main$tmp_guard0#3| () (_ BitVec 8) #b00000001)
(define-fun |goto_symex::&92;guard#1| () Bool true)
(define-fun |goto_symex::&92;guard#2| () Bool true)
(define-fun |goto_symex::&92;guard#3| () Bool true)
(define-fun array_of.0 () (Array (_ BitVec 32) (_ BitVec 1)) ((as const (Array (_ BitVec 32) (_ BitVec 1))) #b0))
(define-fun |main::1::t2151!0@1| () (_ BitVec 32) #b00000000000000000000000000000000)
(define-fun |main::1::t2152!0@1| () (_ BitVec 32) #b00000000000000000000000000000000)
(define-fun |__CPROVER_next_thread_id#3| () (_ BitVec 32) #b00000000000000000000000000000001)
(define-fun |main::1::t2153!0@1| () (_ BitVec 32) #b00000000000000000000000000000000)
(define-fun |__CPROVER_next_thread_id#6| () (_ BitVec 32) #b00000000000000000000000000000010)
(define-fun |main::1::t2154!0@1| () (_ BitVec 32) #b00000000000000000000000000000000)
(define-fun |__CPROVER_next_thread_id#9| () (_ BitVec 32) #b00000000000000000000000000000011)
(define-fun |__unbuffered_cnt#2| () (_ BitVec 32) #b00000000000000000000000000000100)
(define-fun |x$w_buff0_used#2| () (_ BitVec 8) #b00000000)
(define-fun |x$r_buff0_thd0#2| () (_ BitVec 8) #b00000000)
(define-fun |x$w_buff0#2| () (_ BitVec 32) #b00000000000000000000000000000000)
(define-fun |x$w_buff1_used#2| () (_ BitVec 8) #b00000000)
(define-fun |x$r_buff1_thd0#2| () (_ BitVec 8) #b00000000)
(define-fun |x$w_buff1#2| () (_ BitVec 32) #b00000000000000000000000000000000)
(define-fun |x#2| () (_ BitVec 32) #b00000000000000000000000000000010)
(define-fun |x#4| () (_ BitVec 32) #b00000000000000000000000000000010)
(define-fun |x$w_buff0_used#6| () (_ BitVec 8) #b00000000)
(define-fun |x$w_buff1_used#6| () (_ BitVec 8) #b00000000)
(define-fun |x$r_buff0_thd0#8| () (_ BitVec 8) #b00000000)
(define-fun |x$r_buff1_thd0#7| () (_ BitVec 8) #b00000000)
(define-fun |nondet_symex::nondet0| () (_ BitVec 32) #b00000000000000000000000000000000)
(define-fun |weak$$choice0#2| () (_ BitVec 8) #b00000000)
(define-fun |weak$$choice0#3| () (_ BitVec 8) #b00000000)
(define-fun |nondet_symex::nondet1| () (_ BitVec 32) #b00000000000000000000000000000000)
(define-fun |weak$$choice2#2| () (_ BitVec 8) #b00000000)
(define-fun |weak$$choice2#3| () (_ BitVec 8) #b00000000)
(define-fun |x$flush_delayed#2| () (_ BitVec 8) #b00000000)
(define-fun |x$flush_delayed#3| () (_ BitVec 8) #b00000000)
(define-fun |x#6| () (_ BitVec 32) #b00000000000000000000000000000010)
(define-fun |x$mem_tmp#2| () (_ BitVec 32) #b00000000000000000000000000000010)
(define-fun |x$mem_tmp#3| () (_ BitVec 32) #b00000000000000000000000000000000)
(define-fun |x$w_buff0_used#11| () (_ BitVec 8) #b00000000)
(define-fun |x$r_buff0_thd0#11| () (_ BitVec 8) #b00000000)
(define-fun |x$w_buff1_used#9| () (_ BitVec 8) #b00000000)
(define-fun |x$r_buff1_thd0#9| () (_ BitVec 8) #b00000000)
(define-fun |x$w_buff0#4| () (_ BitVec 32) #b00000000000000000000000000000000)
(define-fun |x$w_buff1#4| () (_ BitVec 32) #b00000000000000000000000000000000)
(define-fun |x#9| () (_ BitVec 32) #b00000000000000000000000000000010)
(define-fun |x$w_buff0#10| () (_ BitVec 32) #b00000000000000000000000000000000)
(define-fun |x$w_buff1#10| () (_ BitVec 32) #b00000000000000000000000000000000)
(define-fun |x$w_buff0_used#23| () (_ BitVec 8) #b00000000)
(define-fun |x$w_buff1_used#17| () (_ BitVec 8) #b00000000)
(define-fun |x$r_buff0_thd0#33| () (_ BitVec 8) #b00000000)
(define-fun |x$r_buff1_thd0#19| () (_ BitVec 8) #b00000000)
(define-fun |nondet_symex::nondet2| () (_ BitVec 32) #b00000000000000000000000000000001)
(define-fun |weak$$choice1#2| () (_ BitVec 8) #b00000001)
(define-fun |weak$$choice1#3| () (_ BitVec 8) #b00000000)
(define-fun |__unbuffered_p2_EAX$read_delayed#2| () (_ BitVec 8) #b00000001)
(define-fun |__unbuffered_p2_EAX$read_delayed_var$object#1| () (_ BitVec 32) #b00000000000000000000000000000010)
(define-fun |__unbuffered_p2_EAX$read_delayed_var$object#0| () (_ BitVec 32) #b00000000000000000000000000000000)
(define-fun |main::$tmp::::tmp_if_expr$1!0@1#1| () (_ BitVec 32) #b00000000000000000000000000000000)
(define-fun |__unbuffered_p2_EAX#2| () (_ BitVec 32) #b00000000000000000000000000000010)
(define-fun |main::$tmp::::tmp_if_expr$1!0@1#0| () (_ BitVec 32) #b00000000000000000000000000000000)
(define-fun |main::$tmp::::tmp_if_expr$2!0@1#1| () (_ BitVec 32) #b00000000000000000000000000000000)
(define-fun |__unbuffered_p2_EAX#8| () (_ BitVec 32) #b00000000000000000000000000000010)
(define-fun |y#2| () (_ BitVec 32) #b00000000000000000000000000000010)
(define-fun |__unbuffered_p0_EAX#2| () (_ BitVec 32) #b00000000000000000000000000000010)
(define-fun |main$tmp_guard1#2| () (_ BitVec 8) #b00000000)
(define-fun |main$tmp_guard1#3| () (_ BitVec 8) #b00000000)
(define-fun |x#13| () (_ BitVec 32) #b00000000000000000000000000000010)
(define-fun |x$flush_delayed#6| () (_ BitVec 8) #b00000000)
(define-fun |main$tmp_guard1#6| () (_ BitVec 8) #b00000000)
(define-fun |pthread_create::1::this_thread_id!1@0#0| () (_ BitVec 32) #b00000000000000000000000000000000)
(define-fun |y#4| () (_ BitVec 32) #b00000000000000000000000000000010)
(define-fun |x$w_buff0_used#31| () (_ BitVec 8) #b00000000)
(define-fun |x$r_buff0_thd1#2| () (_ BitVec 8) #b00000000)
(define-fun |x$w_buff0#12| () (_ BitVec 32) #b00000000000000000000000000000000)
(define-fun |x$w_buff1_used#21| () (_ BitVec 8) #b00000000)
(define-fun |x$r_buff1_thd1#2| () (_ BitVec 8) #b00000000)
(define-fun |x$w_buff1#12| () (_ BitVec 32) #b00000000000000000000000000000000)
(define-fun |x#16| () (_ BitVec 32) #b00000000000000000000000000000010)
(define-fun |__unbuffered_cnt#4| () (_ BitVec 32) #b00000000000000000000000000000001)
(define-fun |nondet_symex::nondet3| () (_ BitVec 32) #b00000000000000000000000000000000)
(define-fun |__CPROVER_threads_exited#2| () (Array (_ BitVec 32) (_ BitVec 1)) (store ((as const (Array (_ BitVec 32) (_ BitVec 1))) #b0) #b00000000000000000000000000000000 #b1))
(define-fun |pthread_create::1::this_thread_id!2@0#0| () (_ BitVec 32) #b00000000000000000000000000000000)
(define-fun |x$w_buff0_used#34| () (_ BitVec 8) #b00000000)
(define-fun |x$r_buff0_thd2#2| () (_ BitVec 8) #b00000000)
(define-fun |x$w_buff0#14| () (_ BitVec 32) #b00000000000000000000000000000000)
(define-fun |x$w_buff1_used#24| () (_ BitVec 8) #b00000000)
(define-fun |x$r_buff1_thd2#2| () (_ BitVec 8) #b00000000)
(define-fun |x$w_buff1#14| () (_ BitVec 32) #b00000000000000000000000000000000)
(define-fun |x#20| () (_ BitVec 32) #b00000000000000000000000000000010)
(define-fun |__unbuffered_cnt#7| () (_ BitVec 32) #b00000000000000000000000000000010)
(define-fun |nondet_symex::nondet4| () (_ BitVec 32) #b00000000000000000000000000000000)
(define-fun |__CPROVER_threads_exited#4| () (Array (_ BitVec 32) (_ BitVec 1)) (store ((as const (Array (_ BitVec 32) (_ BitVec 1))) #b0) #b00000000000000000000000000000000 #b1))
(define-fun |pthread_create::1::this_thread_id!3@0#0| () (_ BitVec 32) #b00000000000000000000000000000000)
(define-fun |nondet_symex::nondet5| () (_ BitVec 32) #b00000000000000000000000000000000)
(define-fun |nondet_symex::nondet6| () (_ BitVec 32) #b00000000000000000000000000000000)
(define-fun |x#23| () (_ BitVec 32) #b00000000000000000000000000000000)
(define-fun |nondet_symex::nondet7| () (_ BitVec 32) #b00000000000000000000000000000000)
(define-fun |x$w_buff0_used#37| () (_ BitVec 8) #b00000000)
(define-fun |x$r_buff0_thd3#2| () (_ BitVec 8) #b00000000)
(define-fun |x$w_buff0#16| () (_ BitVec 32) #b00000000000000000000000000000000)
(define-fun |x$r_buff1_thd3#2| () (_ BitVec 8) #b00000000)
(define-fun |x$w_buff1_used#27| () (_ BitVec 8) #b00000000)
(define-fun |x$w_buff1#16| () (_ BitVec 32) #b00000000000000000000000000000000)
(define-fun x () (_ BitVec 32) #b00000000000000000000000000000000)
(define-fun |x$w_buff0_used#40| () (_ BitVec 8) #b00000000)
(define-fun |x$r_buff0_thd3#5| () (_ BitVec 8) #b00000000)
(define-fun |x$w_buff0#19| () (_ BitVec 32) #b00000000000000000000000000000000)
(define-fun |x$w_buff1_used#30| () (_ BitVec 8) #b00000000)
(define-fun |x$r_buff1_thd3#5| () (_ BitVec 8) #b00000000)
(define-fun |x$w_buff1#19| () (_ BitVec 32) #b00000000000000000000000000000000)
(define-fun |x#27| () (_ BitVec 32) #b00000000000000000000000000000010)
(define-fun |__unbuffered_cnt#10| () (_ BitVec 32) #b00000000000000000000000000000000)
(define-fun |nondet_symex::nondet8| () (_ BitVec 32) #b00000000000000000000000000000000)
(define-fun |__CPROVER_threads_exited#6| () (Array (_ BitVec 32) (_ BitVec 1)) (store ((as const (Array (_ BitVec 32) (_ BitVec 1))) #b0) #b00000000000000000000000000000000 #b1))
(define-fun |pthread_create::1::this_thread_id!4@0#0| () (_ BitVec 32) #b00000000000000000000000000000000)
(define-fun |x$w_buff0_used#43| () (_ BitVec 8) #b00000000)
(define-fun |x$r_buff0_thd4#2| () (_ BitVec 8) #b00000000)
(define-fun |x$w_buff0#21| () (_ BitVec 32) #b00000000000000000000000000000000)
(define-fun |x$w_buff1_used#33| () (_ BitVec 8) #b00000000)
(define-fun |x$r_buff1_thd4#2| () (_ BitVec 8) #b00000000)
(define-fun |x$w_buff1#21| () (_ BitVec 32) #b00000000000000000000000000000000)
(define-fun |x#30| () (_ BitVec 32) #b00000000000000000000000000000010)
(define-fun |__unbuffered_cnt#13| () (_ BitVec 32) #b00000000000000000000000000000011)
(define-fun |nondet_symex::nondet9| () (_ BitVec 32) #b00000000000000000000000000000000)
(define-fun |__CPROVER_threads_exited#8| () (Array (_ BitVec 32) (_ BitVec 1)) ((as const (Array (_ BitVec 32) (_ BitVec 1))) #b0))
(define-fun |main::1::t2151!0@1#1| () (_ BitVec 32) #b00000000000000000000000000000000)
(define-fun |pthread_create::1::this_thread_id!0@1#1| () (_ BitVec 32) #b00000000000000000000000000000000)
(define-fun |main::1::t2152!0@1#1| () (_ BitVec 32) #b00000000000000000000000000000000)
(define-fun |pthread_create::1::this_thread_id!0@2#1| () (_ BitVec 32) #b00000000000000000000000000000000)
(define-fun |main::1::t2153!0@1#1| () (_ BitVec 32) #b00000000000000000000000000000000)
(define-fun |pthread_create::1::this_thread_id!0@3#1| () (_ BitVec 32) #b00000000000000000000000000000000)
(define-fun |main::1::t2154!0@1#1| () (_ BitVec 32) #b00000000000000000000000000000000)
(define-fun |pthread_create::1::this_thread_id!0@4#1| () (_ BitVec 32) #b00000000000000000000000000000000)
(define-fun |main::$tmp::return_value___VERIFIER_nondet_pointer$1!0@1#1| () (_ BitVec 32) #b00000000000000000000000000000000)
(define-fun |main::$tmp::return_value___VERIFIER_nondet_pointer$2!0@1#1| () (_ BitVec 32) #b00000000000000000000000000000000)
(define-fun |main::$tmp::return_value___VERIFIER_nondet_pointer$3!0@1#1| () (_ BitVec 32) #b00000000000000000000000000000000)
(define-fun |P0::$tmp::return_value___VERIFIER_nondet_pointer$1!1@1#1| () (_ BitVec 32) #b00000000000000000000000000000000)
(define-fun |P1::$tmp::return_value___VERIFIER_nondet_pointer$1!2@1#1| () (_ BitVec 32) #b00000000000000000000000000000000)
(define-fun |P2::$tmp::return_value___VERIFIER_nondet_pointer$1!3@1#1| () (_ BitVec 32) #b00000000000000000000000000000000)
(define-fun |P2::$tmp::return_value___VERIFIER_nondet_pointer$2!3@1#1| () (_ BitVec 32) #b00000000000000000000000000000000)
(define-fun |P2::$tmp::return_value___VERIFIER_nondet_pointer$3!3@1#1| () (_ BitVec 32) #b00000000000000000000000000000000)
(define-fun |P2::$tmp::return_value___VERIFIER_nondet_pointer$4!3@1#1| () (_ BitVec 32) #b00000000000000000000000000000000)
(define-fun |P3::$tmp::return_value___VERIFIER_nondet_pointer$1!4@1#1| () (_ BitVec 32) #b00000000000000000000000000000000)
(define-fun |memory_model::choice_rf_1_17_0_12_T_0| () Bool false)
(define-fun |__CPROVER_threads_exited#1$wclk$8| () (_ BitVec 8) #b00011001)
(define-fun |__CPROVER_threads_exited#2$rclk$8| () (_ BitVec 8) #b11111100)
(define-fun |memory_model::choice_rf_1_17_2_16_T_1| () Bool false)
(define-fun |__CPROVER_threads_exited#5$wclk$8| () (_ BitVec 8) #b11111110)
(define-fun |memory_model::choice_rf_1_17_3_38_T_2| () Bool false)
(define-fun |__CPROVER_threads_exited#7$wclk$8| () (_ BitVec 8) #b11111101)
(define-fun |memory_model::choice_rf_1_17_4_16_T_3| () Bool true)
(define-fun |__CPROVER_threads_exited#9$wclk$8| () (_ BitVec 8) #b11111011)
(define-fun |memory_model::choice_rf_2_15_0_12_T_4| () Bool false)
(define-fun |__CPROVER_threads_exited#4$rclk$8| () (_ BitVec 8) #b11111100)
(define-fun |memory_model::choice_rf_2_15_1_18_T_5| () Bool false)
(define-fun |__CPROVER_threads_exited#3$wclk$8| () (_ BitVec 8) #b11111111)
(define-fun |memory_model::choice_rf_2_15_3_38_T_6| () Bool false)
(define-fun |memory_model::choice_rf_2_15_4_16_T_7| () Bool true)
(define-fun |memory_model::choice_rf_3_37_0_12_T_8| () Bool false)
(define-fun |__CPROVER_threads_exited#6$rclk$8| () (_ BitVec 8) #b11111100)
(define-fun |memory_model::choice_rf_3_37_1_18_T_9| () Bool false)
(define-fun |memory_model::choice_rf_3_37_2_16_T_10| () Bool false)
(define-fun |memory_model::choice_rf_3_37_4_16_T_11| () Bool true)
(define-fun |memory_model::choice_rf_4_15_0_12_T_12| () Bool true)
(define-fun |__CPROVER_threads_exited#8$rclk$8| () (_ BitVec 8) #b11111010)
(define-fun |memory_model::choice_rf_4_15_1_18_T_13| () Bool false)
(define-fun |memory_model::choice_rf_4_15_2_16_T_14| () Bool false)
(define-fun |memory_model::choice_rf_4_15_3_38_T_15| () Bool false)
(define-fun |memory_model::choice_rf_0_64_0_10_T_16| () Bool false)
(define-fun |memory_model::choice_rf_0_64_0_60_T_17| () Bool true)
(define-fun |memory_model::choice_rf_0_69_0_10_T_18| () Bool false)
(define-fun |memory_model::choice_rf_0_69_0_60_T_19| () Bool false)
(define-fun |memory_model::choice_rf_0_69_0_65_T_20| () Bool true)
(define-fun |memory_model::choice_rf_0_74_0_10_T_21| () Bool false)
(define-fun |memory_model::choice_rf_0_74_0_60_T_22| () Bool false)
(define-fun |memory_model::choice_rf_0_74_0_65_T_23| () Bool false)
(define-fun |memory_model::choice_rf_0_74_0_70_T_24| () Bool true)
(define-fun |memory_model::choice_rf_0_81_0_39_F_25| () Bool false)
(define-fun |memory_model::choice_rf_0_81_1_2_F_26| () Bool false)
(define-fun |x#15$wclk$8| () (_ BitVec 8) #b11110001)
(define-fun |x#2$rclk$8| () (_ BitVec 8) #b11111100)
(define-fun |memory_model::choice_rf_0_81_1_14_F_27| () Bool false)
(define-fun |x#18$wclk$8| () (_ BitVec 8) #b11110101)
(define-fun |memory_model::choice_rf_0_81_2_0_F_28| () Bool false)
(define-fun |x#19$wclk$8| () (_ BitVec 8) #b11110010)
(define-fun |memory_model::choice_rf_0_81_2_12_F_29| () Bool false)
(define-fun |x#22$wclk$8| () (_ BitVec 8) #b11110011)
(define-fun |memory_model::choice_rf_0_81_3_15_F_30| () Bool false)
(define-fun |x#26$wclk$8| () (_ BitVec 8) #b11101000)
(define-fun |memory_model::choice_rf_0_81_3_34_F_31| () Bool false)
(define-fun |x#29$wclk$8| () (_ BitVec 8) #b11110100)
(define-fun |memory_model::choice_rf_0_81_4_12_F_32| () Bool true)
(define-fun |x#32$wclk$8| () (_ BitVec 8) #b11111000)
(define-fun |memory_model::choice_rf_0_101_0_39_F_33| () Bool false)
(define-fun |memory_model::choice_rf_0_101_0_92_F_34| () Bool true)
(define-fun |memory_model::choice_rf_0_101_1_2_F_35| () Bool false)
(define-fun |x#6$rclk$8| () (_ BitVec 8) #b11111101)
(define-fun |memory_model::choice_rf_0_101_1_14_F_36| () Bool false)
(define-fun |memory_model::choice_rf_0_101_2_0_F_37| () Bool false)
(define-fun |memory_model::choice_rf_0_101_2_12_F_38| () Bool false)
(define-fun |memory_model::choice_rf_0_101_3_15_F_39| () Bool false)
(define-fun |memory_model::choice_rf_0_101_3_34_F_40| () Bool false)
(define-fun |memory_model::choice_rf_0_101_4_12_F_41| () Bool false)
(define-fun |memory_model::choice_rf_1_3_0_39_F_42| () Bool false)
(define-fun |x#1$wclk$8| () (_ BitVec 8) #b11000101)
(define-fun |x#16$rclk$8| () (_ BitVec 8) #b11110101)
(define-fun |memory_model::choice_rf_1_3_0_92_F_43| () Bool false)
(define-fun |x#5$wclk$8| () (_ BitVec 8) #b11111100)
(define-fun |memory_model::choice_rf_1_3_0_116_F_44| () Bool false)
(define-fun |x#14$wclk$8| () (_ BitVec 8) #b11111101)
(define-fun |memory_model::choice_rf_1_3_1_2_F_45| () Bool false)
(define-fun |memory_model::choice_rf_1_3_2_0_F_46| () Bool false)
(define-fun |memory_model::choice_rf_1_3_2_12_F_47| () Bool false)
(define-fun |memory_model::choice_rf_1_3_3_15_F_48| () Bool false)
(define-fun |memory_model::choice_rf_1_3_3_34_F_49| () Bool true)
(define-fun |memory_model::choice_rf_1_3_4_12_F_50| () Bool false)
(define-fun |memory_model::choice_rf_2_1_0_39_F_51| () Bool false)
(define-fun |x#20$rclk$8| () (_ BitVec 8) #b11110011)
(define-fun |memory_model::choice_rf_2_1_0_92_F_52| () Bool false)
(define-fun |memory_model::choice_rf_2_1_0_116_F_53| () Bool false)
(define-fun |memory_model::choice_rf_2_1_1_2_F_54| () Bool false)
(define-fun |memory_model::choice_rf_2_1_1_14_F_55| () Bool false)
(define-fun |memory_model::choice_rf_2_1_2_0_F_56| () Bool true)
(define-fun |memory_model::choice_rf_2_1_3_15_F_57| () Bool false)
(define-fun |memory_model::choice_rf_2_1_3_34_F_58| () Bool false)
(define-fun |memory_model::choice_rf_2_1_4_12_F_59| () Bool false)
(define-fun |memory_model::choice_rf_3_6_0_39_F_60| () Bool true)
(define-fun |x#23$rclk$8| () (_ BitVec 8) #b11101000)
(define-fun |memory_model::choice_rf_3_6_0_92_F_61| () Bool false)
(define-fun |memory_model::choice_rf_3_6_0_116_F_62| () Bool false)
(define-fun |memory_model::choice_rf_3_6_1_2_F_63| () Bool false)
(define-fun |memory_model::choice_rf_3_6_1_14_F_64| () Bool false)
(define-fun |memory_model::choice_rf_3_6_2_0_F_65| () Bool false)
(define-fun |memory_model::choice_rf_3_6_2_12_F_66| () Bool false)
(define-fun |memory_model::choice_rf_3_6_4_12_F_67| () Bool false)
(define-fun |memory_model::choice_rf_3_23_0_39_F_68| () Bool false)
(define-fun |x#27$rclk$8| () (_ BitVec 8) #b11110100)
(define-fun |memory_model::choice_rf_3_23_0_92_F_69| () Bool false)
(define-fun |memory_model::choice_rf_3_23_0_116_F_70| () Bool false)
(define-fun |memory_model::choice_rf_3_23_1_2_F_71| () Bool false)
(define-fun |memory_model::choice_rf_3_23_1_14_F_72| () Bool false)
(define-fun |memory_model::choice_rf_3_23_2_0_F_73| () Bool false)
(define-fun |memory_model::choice_rf_3_23_2_12_F_74| () Bool true)
(define-fun |memory_model::choice_rf_3_23_3_15_F_75| () Bool false)
(define-fun |memory_model::choice_rf_3_23_4_12_F_76| () Bool false)
(define-fun |memory_model::choice_rf_4_1_0_39_F_77| () Bool false)
(define-fun |x#30$rclk$8| () (_ BitVec 8) #b11111000)
(define-fun |memory_model::choice_rf_4_1_0_92_F_78| () Bool false)
(define-fun |memory_model::choice_rf_4_1_0_116_F_79| () Bool false)
(define-fun |memory_model::choice_rf_4_1_1_2_F_80| () Bool false)
(define-fun |memory_model::choice_rf_4_1_1_14_F_81| () Bool true)
(define-fun |memory_model::choice_rf_4_1_2_0_F_82| () Bool false)
(define-fun |memory_model::choice_rf_4_1_2_12_F_83| () Bool false)
(define-fun |memory_model::choice_rf_4_1_3_15_F_84| () Bool false)
(define-fun |memory_model::choice_rf_4_1_3_34_F_85| () Bool false)
(define-fun |memory_model::choice_rf_0_78_0_13_F_86| () Bool false)
(define-fun |memory_model::choice_rf_0_78_1_16_F_87| () Bool false)
(define-fun |__unbuffered_cnt#6$wclk$8| () (_ BitVec 8) #b11110110)
(define-fun |__unbuffered_cnt#2$rclk$8| () (_ BitVec 8) #b11111010)
(define-fun |memory_model::choice_rf_0_78_2_14_F_88| () Bool false)
(define-fun |__unbuffered_cnt#9$wclk$8| () (_ BitVec 8) #b11111000)
(define-fun |memory_model::choice_rf_0_78_3_36_F_89| () Bool false)
(define-fun |__unbuffered_cnt#12$wclk$8| () (_ BitVec 8) #b11110101)
(define-fun |memory_model::choice_rf_0_78_4_14_F_90| () Bool true)
(define-fun |__unbuffered_cnt#15$wclk$8| () (_ BitVec 8) #b11111001)
(define-fun |memory_model::choice_rf_1_15_0_13_F_91| () Bool false)
(define-fun |__unbuffered_cnt#1$wclk$8| () (_ BitVec 8) #b00011010)
(define-fun |__unbuffered_cnt#4$rclk$8| () (_ BitVec 8) #b11110110)
(define-fun |memory_model::choice_rf_1_15_2_14_F_92| () Bool false)
(define-fun |memory_model::choice_rf_1_15_3_36_F_93| () Bool true)
(define-fun |memory_model::choice_rf_1_15_4_14_F_94| () Bool false)
(define-fun |memory_model::choice_rf_2_13_0_13_F_95| () Bool false)
(define-fun |__unbuffered_cnt#7$rclk$8| () (_ BitVec 8) #b11111000)
(define-fun |memory_model::choice_rf_2_13_1_16_F_96| () Bool true)
(define-fun |memory_model::choice_rf_2_13_3_36_F_97| () Bool false)
(define-fun |memory_model::choice_rf_2_13_4_14_F_98| () Bool false)
(define-fun |memory_model::choice_rf_3_35_0_13_F_99| () Bool true)
(define-fun |__unbuffered_cnt#10$rclk$8| () (_ BitVec 8) #b11110101)
(define-fun |memory_model::choice_rf_3_35_1_16_F_100| () Bool false)
(define-fun |memory_model::choice_rf_3_35_2_14_F_101| () Bool false)
(define-fun |memory_model::choice_rf_3_35_4_14_F_102| () Bool false)
(define-fun |memory_model::choice_rf_4_13_0_13_F_103| () Bool false)
(define-fun |__unbuffered_cnt#13$rclk$8| () (_ BitVec 8) #b11111001)
(define-fun |memory_model::choice_rf_4_13_1_16_F_104| () Bool false)
(define-fun |memory_model::choice_rf_4_13_2_14_F_105| () Bool true)
(define-fun |memory_model::choice_rf_4_13_3_36_F_106| () Bool false)
(define-fun |memory_model::choice_rf_0_94_0_14_F_107| () Bool false)
(define-fun |memory_model::choice_rf_0_94_1_1_F_108| () Bool true)
(define-fun |__unbuffered_p0_EAX#4$wclk$8| () (_ BitVec 8) #b11110000)
(define-fun |__unbuffered_p0_EAX#2$rclk$8| () (_ BitVec 8) #b11111101)
(define-fun |memory_model::choice_rf_0_95_0_15_F_109| () Bool false)
(define-fun |memory_model::choice_rf_0_95_3_7_F_110| () Bool false)
(define-fun |__unbuffered_p2_EAX#11$wclk$8| () (_ BitVec 8) #b11101000)
(define-fun |__unbuffered_p2_EAX#2$rclk$8| () (_ BitVec 8) #b11111101)
(define-fun |memory_model::choice_rf_0_102_0_28_F_111| () Bool false)
(define-fun |memory_model::choice_rf_0_102_3_8_F_112| () Bool true)
(define-fun |__unbuffered_p2_EAX$read_delayed#4$wclk$8| () (_ BitVec 8) #b11101000)
(define-fun |__unbuffered_p2_EAX$read_delayed#2$rclk$8| () (_ BitVec 8) #b11111101)
(define-fun |memory_model::choice_rf_0_80_0_34_F_113| () Bool false)
(define-fun |memory_model::choice_rf_0_80_0_79_F_114| () Bool true)
(define-fun |memory_model::choice_rf_0_93_0_35_F_115| () Bool false)
(define-fun |main$tmp_guard1#5| () (_ BitVec 8) #b00000000)
(define-fun |memory_model::choice_rf_0_125_0_35_F_116| () Bool false)
(define-fun |memory_model::choice_rf_0_125_0_111_F_117| () Bool true)
(define-fun |memory_model::choice_rf_0_126_0_35_F_118| () Bool false)
(define-fun |memory_model::choice_rf_0_126_0_111_F_119| () Bool true)
(define-fun |memory_model::choice_rf_0_104_0_40_F_120| () Bool false)
(define-fun |memory_model::choice_rf_0_104_3_18_F_121| () Bool false)
(define-fun |x$flush_delayed#9$wclk$8| () (_ BitVec 8) #b11101000)
(define-fun |x$flush_delayed#3$rclk$8| () (_ BitVec 8) #b11111101)
(define-fun |memory_model::choice_rf_0_105_0_41_F_122| () Bool false)
(define-fun |memory_model::choice_rf_0_105_3_17_F_123| () Bool false)
(define-fun |x$mem_tmp#6$wclk$8| () (_ BitVec 8) #b11101000)
(define-fun |x$mem_tmp#3$rclk$8| () (_ BitVec 8) #b11111101)
(define-fun |memory_model::choice_rf_0_86_0_42_F_124| () Bool true)
(define-fun |memory_model::choice_rf_0_106_0_42_F_125| () Bool false)
(define-fun |memory_model::choice_rf_0_106_0_89_F_126| () Bool true)
(define-fun |memory_model::choice_rf_1_8_0_43_F_127| () Bool true)
(define-fun |x$r_buff0_thd1#1$wclk$8| () (_ BitVec 8) #b11001001)
(define-fun |x$r_buff0_thd1#2$rclk$8| () (_ BitVec 8) #b11110101)
(define-fun |memory_model::choice_rf_2_6_0_44_F_128| () Bool true)
(define-fun |x$r_buff0_thd2#1$wclk$8| () (_ BitVec 8) #b11001101)
(define-fun |x$r_buff0_thd2#2$rclk$8| () (_ BitVec 8) #b11110011)
(define-fun |memory_model::choice_rf_3_4_0_45_F_129| () Bool true)
(define-fun |x$r_buff0_thd3#1$wclk$8| () (_ BitVec 8) #b11001110)
(define-fun |x$r_buff0_thd3#2$rclk$8| () (_ BitVec 8) #b11101000)
(define-fun |memory_model::choice_rf_3_28_0_45_F_130| () Bool false)
(define-fun |x$r_buff0_thd3#5$rclk$8| () (_ BitVec 8) #b11110100)
(define-fun |memory_model::choice_rf_3_28_3_9_F_131| () Bool true)
(define-fun |memory_model::choice_rf_4_6_0_46_F_132| () Bool true)
(define-fun |x$r_buff0_thd4#1$wclk$8| () (_ BitVec 8) #b11001111)
(define-fun |x$r_buff0_thd4#2$rclk$8| () (_ BitVec 8) #b11111000)
(define-fun |memory_model::choice_rf_0_83_0_47_F_133| () Bool true)
(define-fun |memory_model::choice_rf_0_108_0_47_F_134| () Bool false)
(define-fun |memory_model::choice_rf_0_108_0_88_F_135| () Bool true)
(define-fun |memory_model::choice_rf_1_5_0_48_F_136| () Bool true)
(define-fun |x$r_buff1_thd1#1$wclk$8| () (_ BitVec 8) #b11010001)
(define-fun |x$r_buff1_thd1#2$rclk$8| () (_ BitVec 8) #b11110101)
(define-fun |memory_model::choice_rf_2_3_0_49_F_137| () Bool true)
(define-fun |x$r_buff1_thd2#1$wclk$8| () (_ BitVec 8) #b11010010)
(define-fun |x$r_buff1_thd2#2$rclk$8| () (_ BitVec 8) #b11110011)
(define-fun |memory_model::choice_rf_3_2_0_50_F_138| () Bool true)
(define-fun |x$r_buff1_thd3#1$wclk$8| () (_ BitVec 8) #b11010011)
(define-fun |x$r_buff1_thd3#2$rclk$8| () (_ BitVec 8) #b11101000)
(define-fun |memory_model::choice_rf_3_25_0_50_F_139| () Bool false)
(define-fun |x$r_buff1_thd3#5$rclk$8| () (_ BitVec 8) #b11110100)
(define-fun |memory_model::choice_rf_3_25_3_19_F_140| () Bool true)
(define-fun |memory_model::choice_rf_4_4_0_51_F_141| () Bool true)
(define-fun |x$r_buff1_thd4#1$wclk$8| () (_ BitVec 8) #b11010100)
(define-fun |x$r_buff1_thd4#2$rclk$8| () (_ BitVec 8) #b11111000)
(define-fun |memory_model::choice_rf_0_85_0_54_F_142| () Bool false)
(define-fun |memory_model::choice_rf_0_85_3_14_F_143| () Bool true)
(define-fun |x$w_buff0#18$wclk$8| () (_ BitVec 8) #b11101000)
(define-fun |x$w_buff0#2$rclk$8| () (_ BitVec 8) #b11111100)
(define-fun |memory_model::choice_rf_0_110_0_54_F_144| () Bool false)
(define-fun |memory_model::choice_rf_0_110_3_14_F_145| () Bool true)
(define-fun |x$w_buff0#4$rclk$8| () (_ BitVec 8) #b11111101)
(define-fun |memory_model::choice_rf_1_7_0_54_F_146| () Bool false)
(define-fun |x$w_buff0#1$wclk$8| () (_ BitVec 8) #b11010111)
(define-fun |x$w_buff0#12$rclk$8| () (_ BitVec 8) #b11110101)
(define-fun |memory_model::choice_rf_1_7_0_119_F_147| () Bool false)
(define-fun |x$w_buff0#11$wclk$8| () (_ BitVec 8) #b11111101)
(define-fun |memory_model::choice_rf_1_7_3_14_F_148| () Bool true)
(define-fun |memory_model::choice_rf_2_5_0_54_F_149| () Bool false)
(define-fun |x$w_buff0#14$rclk$8| () (_ BitVec 8) #b11110011)
(define-fun |memory_model::choice_rf_2_5_0_119_F_150| () Bool false)
(define-fun |memory_model::choice_rf_2_5_3_14_F_151| () Bool true)
(define-fun |memory_model::choice_rf_3_3_0_54_F_152| () Bool true)
(define-fun |x$w_buff0#16$rclk$8| () (_ BitVec 8) #b11101000)
(define-fun |memory_model::choice_rf_3_3_0_119_F_153| () Bool false)
(define-fun |memory_model::choice_rf_3_27_0_54_F_154| () Bool false)
(define-fun |x$w_buff0#19$rclk$8| () (_ BitVec 8) #b11110100)
(define-fun |memory_model::choice_rf_3_27_0_119_F_155| () Bool false)
(define-fun |memory_model::choice_rf_3_27_3_14_F_156| () Bool true)
(define-fun |memory_model::choice_rf_4_5_0_54_F_157| () Bool false)
(define-fun |x$w_buff0#21$rclk$8| () (_ BitVec 8) #b11111000)
(define-fun |memory_model::choice_rf_4_5_0_119_F_158| () Bool false)
(define-fun |memory_model::choice_rf_4_5_3_14_F_159| () Bool true)
(define-fun |memory_model::choice_rf_0_87_0_55_F_160| () Bool false)
(define-fun |memory_model::choice_rf_0_87_1_13_F_161| () Bool false)
(define-fun |x$w_buff0_used#33$wclk$8| () (_ BitVec 8) #b11110101)
(define-fun |x$w_buff0_used#2$rclk$8| () (_ BitVec 8) #b11111100)
(define-fun |memory_model::choice_rf_0_87_2_11_F_162| () Bool false)
(define-fun |x$w_buff0_used#36$wclk$8| () (_ BitVec 8) #b11110011)
(define-fun |memory_model::choice_rf_0_87_3_11_F_163| () Bool false)
(define-fun |x$w_buff0_used#39$wclk$8| () (_ BitVec 8) #b11101000)
(define-fun |memory_model::choice_rf_0_87_3_33_F_164| () Bool false)
(define-fun |x$w_buff0_used#42$wclk$8| () (_ BitVec 8) #b11110100)
(define-fun |memory_model::choice_rf_0_87_4_11_F_165| () Bool true)
(define-fun |x$w_buff0_used#45$wclk$8| () (_ BitVec 8) #b11111000)
(define-fun |memory_model::choice_rf_0_98_0_55_F_166| () Bool false)
(define-fun |memory_model::choice_rf_0_98_0_91_F_167| () Bool true)
(define-fun |memory_model::choice_rf_0_98_1_13_F_168| () Bool false)
(define-fun |x$w_buff0_used#11$rclk$8| () (_ BitVec 8) #b11111101)
(define-fun |memory_model::choice_rf_0_98_2_11_F_169| () Bool false)
(define-fun |memory_model::choice_rf_0_98_3_11_F_170| () Bool false)
(define-fun |memory_model::choice_rf_0_98_3_33_F_171| () Bool false)
(define-fun |memory_model::choice_rf_0_98_4_11_F_172| () Bool false)
(define-fun |memory_model::choice_rf_1_9_0_55_F_173| () Bool false)
(define-fun |x$w_buff0_used#1$wclk$8| () (_ BitVec 8) #b11011000)
(define-fun |x$w_buff0_used#31$rclk$8| () (_ BitVec 8) #b11110101)
(define-fun |memory_model::choice_rf_1_9_0_91_F_174| () Bool false)
(define-fun |x$w_buff0_used#10$wclk$8| () (_ BitVec 8) #b11111100)
(define-fun |memory_model::choice_rf_1_9_0_113_F_175| () Bool false)
(define-fun |x$w_buff0_used#30$wclk$8| () (_ BitVec 8) #b11111101)
(define-fun |memory_model::choice_rf_1_9_2_11_F_176| () Bool false)
(define-fun |memory_model::choice_rf_1_9_3_11_F_177| () Bool false)
(define-fun |memory_model::choice_rf_1_9_3_33_F_178| () Bool true)
(define-fun |memory_model::choice_rf_1_9_4_11_F_179| () Bool false)
(define-fun |memory_model::choice_rf_2_7_0_55_F_180| () Bool false)
(define-fun |x$w_buff0_used#34$rclk$8| () (_ BitVec 8) #b11110011)
(define-fun |memory_model::choice_rf_2_7_0_91_F_181| () Bool false)
(define-fun |memory_model::choice_rf_2_7_0_113_F_182| () Bool false)
(define-fun |memory_model::choice_rf_2_7_1_13_F_183| () Bool false)
(define-fun |memory_model::choice_rf_2_7_3_11_F_184| () Bool true)
(define-fun |memory_model::choice_rf_2_7_3_33_F_185| () Bool false)
(define-fun |memory_model::choice_rf_2_7_4_11_F_186| () Bool false)
(define-fun |memory_model::choice_rf_3_5_0_55_F_187| () Bool true)
(define-fun |x$w_buff0_used#37$rclk$8| () (_ BitVec 8) #b11101000)
(define-fun |memory_model::choice_rf_3_5_0_91_F_188| () Bool false)
(define-fun |memory_model::choice_rf_3_5_0_113_F_189| () Bool false)
(define-fun |memory_model::choice_rf_3_5_1_13_F_190| () Bool false)
(define-fun |memory_model::choice_rf_3_5_2_11_F_191| () Bool false)
(define-fun |memory_model::choice_rf_3_5_4_11_F_192| () Bool false)
(define-fun |memory_model::choice_rf_3_29_0_55_F_193| () Bool false)
(define-fun |x$w_buff0_used#40$rclk$8| () (_ BitVec 8) #b11110100)
(define-fun |memory_model::choice_rf_3_29_0_91_F_194| () Bool false)
(define-fun |memory_model::choice_rf_3_29_0_113_F_195| () Bool false)
(define-fun |memory_model::choice_rf_3_29_1_13_F_196| () Bool false)
(define-fun |memory_model::choice_rf_3_29_2_11_F_197| () Bool true)
(define-fun |memory_model::choice_rf_3_29_3_11_F_198| () Bool false)
(define-fun |memory_model::choice_rf_3_29_4_11_F_199| () Bool false)
(define-fun |memory_model::choice_rf_4_7_0_55_F_200| () Bool false)
(define-fun |x$w_buff0_used#43$rclk$8| () (_ BitVec 8) #b11111000)
(define-fun |memory_model::choice_rf_4_7_0_91_F_201| () Bool false)
(define-fun |memory_model::choice_rf_4_7_0_113_F_202| () Bool false)
(define-fun |memory_model::choice_rf_4_7_1_13_F_203| () Bool true)
(define-fun |memory_model::choice_rf_4_7_2_11_F_204| () Bool false)
(define-fun |memory_model::choice_rf_4_7_3_11_F_205| () Bool false)
(define-fun |memory_model::choice_rf_4_7_3_33_F_206| () Bool false)
(define-fun |memory_model::choice_rf_0_82_0_56_F_207| () Bool false)
(define-fun |memory_model::choice_rf_0_82_3_13_F_208| () Bool true)
(define-fun |x$w_buff1#18$wclk$8| () (_ BitVec 8) #b11101000)
(define-fun |x$w_buff1#2$rclk$8| () (_ BitVec 8) #b11111100)
(define-fun |memory_model::choice_rf_0_109_0_56_F_209| () Bool false)
(define-fun |memory_model::choice_rf_0_109_3_13_F_210| () Bool true)
(define-fun |x$w_buff1#4$rclk$8| () (_ BitVec 8) #b11111101)
(define-fun |memory_model::choice_rf_1_4_0_56_F_211| () Bool false)
(define-fun |x$w_buff1#1$wclk$8| () (_ BitVec 8) #b11011001)
(define-fun |x$w_buff1#12$rclk$8| () (_ BitVec 8) #b11110101)
(define-fun |memory_model::choice_rf_1_4_0_120_F_212| () Bool false)
(define-fun |x$w_buff1#11$wclk$8| () (_ BitVec 8) #b11111101)
(define-fun |memory_model::choice_rf_1_4_3_13_F_213| () Bool true)
(define-fun |memory_model::choice_rf_2_2_0_56_F_214| () Bool false)
(define-fun |x$w_buff1#14$rclk$8| () (_ BitVec 8) #b11110011)
(define-fun |memory_model::choice_rf_2_2_0_120_F_215| () Bool false)
(define-fun |memory_model::choice_rf_2_2_3_13_F_216| () Bool true)
(define-fun |memory_model::choice_rf_3_0_0_56_F_217| () Bool true)
(define-fun |x$w_buff1#16$rclk$8| () (_ BitVec 8) #b11101000)
(define-fun |memory_model::choice_rf_3_0_0_120_F_218| () Bool false)
(define-fun |memory_model::choice_rf_3_24_0_56_F_219| () Bool false)
(define-fun |x$w_buff1#19$rclk$8| () (_ BitVec 8) #b11110100)
(define-fun |memory_model::choice_rf_3_24_0_120_F_220| () Bool false)
(define-fun |memory_model::choice_rf_3_24_3_13_F_221| () Bool true)
(define-fun |memory_model::choice_rf_4_2_0_56_F_222| () Bool false)
(define-fun |x$w_buff1#21$rclk$8| () (_ BitVec 8) #b11111000)
(define-fun |memory_model::choice_rf_4_2_0_120_F_223| () Bool false)
(define-fun |memory_model::choice_rf_4_2_3_13_F_224| () Bool true)
(define-fun |memory_model::choice_rf_0_84_0_57_F_225| () Bool false)
(define-fun |memory_model::choice_rf_0_84_1_12_F_226| () Bool false)
(define-fun |x$w_buff1_used#23$wclk$8| () (_ BitVec 8) #b11110101)
(define-fun |x$w_buff1_used#2$rclk$8| () (_ BitVec 8) #b11111100)
(define-fun |memory_model::choice_rf_0_84_2_9_F_227| () Bool false)
(define-fun |x$w_buff1_used#26$wclk$8| () (_ BitVec 8) #b11110011)
(define-fun |memory_model::choice_rf_0_84_3_10_F_228| () Bool false)
(define-fun |x$w_buff1_used#29$wclk$8| () (_ BitVec 8) #b11101000)
(define-fun |memory_model::choice_rf_0_84_3_32_F_229| () Bool false)
(define-fun |x$w_buff1_used#32$wclk$8| () (_ BitVec 8) #b11110100)
(define-fun |memory_model::choice_rf_0_84_4_10_F_230| () Bool true)
(define-fun |x$w_buff1_used#35$wclk$8| () (_ BitVec 8) #b11111000)
(define-fun |memory_model::choice_rf_0_107_0_57_F_231| () Bool false)
(define-fun |memory_model::choice_rf_0_107_0_90_F_232| () Bool true)
(define-fun |memory_model::choice_rf_0_107_1_12_F_233| () Bool false)
(define-fun |x$w_buff1_used#9$rclk$8| () (_ BitVec 8) #b11111101)
(define-fun |memory_model::choice_rf_0_107_2_9_F_234| () Bool false)
(define-fun |memory_model::choice_rf_0_107_3_10_F_235| () Bool false)
(define-fun |memory_model::choice_rf_0_107_3_32_F_236| () Bool false)
(define-fun |memory_model::choice_rf_0_107_4_10_F_237| () Bool false)
(define-fun |memory_model::choice_rf_1_6_0_57_F_238| () Bool false)
(define-fun |x$w_buff1_used#1$wclk$8| () (_ BitVec 8) #b11011010)
(define-fun |x$w_buff1_used#21$rclk$8| () (_ BitVec 8) #b11110101)
(define-fun |memory_model::choice_rf_1_6_0_90_F_239| () Bool false)
(define-fun |x$w_buff1_used#8$wclk$8| () (_ BitVec 8) #b11111100)
(define-fun |memory_model::choice_rf_1_6_0_122_F_240| () Bool false)
(define-fun |x$w_buff1_used#20$wclk$8| () (_ BitVec 8) #b11111101)
(define-fun |memory_model::choice_rf_1_6_2_9_F_241| () Bool false)
(define-fun |memory_model::choice_rf_1_6_3_10_F_242| () Bool false)
(define-fun |memory_model::choice_rf_1_6_3_32_F_243| () Bool true)
(define-fun |memory_model::choice_rf_1_6_4_10_F_244| () Bool false)
(define-fun |memory_model::choice_rf_2_4_0_57_F_245| () Bool false)
(define-fun |x$w_buff1_used#24$rclk$8| () (_ BitVec 8) #b11110011)
(define-fun |memory_model::choice_rf_2_4_0_90_F_246| () Bool false)
(define-fun |memory_model::choice_rf_2_4_0_122_F_247| () Bool false)
(define-fun |memory_model::choice_rf_2_4_1_12_F_248| () Bool false)
(define-fun |memory_model::choice_rf_2_4_3_10_F_249| () Bool true)
(define-fun |memory_model::choice_rf_2_4_3_32_F_250| () Bool false)
(define-fun |memory_model::choice_rf_2_4_4_10_F_251| () Bool false)
(define-fun |memory_model::choice_rf_3_1_0_57_F_252| () Bool true)
(define-fun |x$w_buff1_used#27$rclk$8| () (_ BitVec 8) #b11101000)
(define-fun |memory_model::choice_rf_3_1_0_90_F_253| () Bool false)
(define-fun |memory_model::choice_rf_3_1_0_122_F_254| () Bool false)
(define-fun |memory_model::choice_rf_3_1_1_12_F_255| () Bool false)
(define-fun |memory_model::choice_rf_3_1_2_9_F_256| () Bool false)
(define-fun |memory_model::choice_rf_3_1_4_10_F_257| () Bool false)
(define-fun |memory_model::choice_rf_3_26_0_57_F_258| () Bool false)
(define-fun |x$w_buff1_used#30$rclk$8| () (_ BitVec 8) #b11110100)
(define-fun |memory_model::choice_rf_3_26_0_90_F_259| () Bool false)
(define-fun |memory_model::choice_rf_3_26_0_122_F_260| () Bool false)
(define-fun |memory_model::choice_rf_3_26_1_12_F_261| () Bool false)
(define-fun |memory_model::choice_rf_3_26_2_9_F_262| () Bool true)
(define-fun |memory_model::choice_rf_3_26_3_10_F_263| () Bool false)
(define-fun |memory_model::choice_rf_3_26_4_10_F_264| () Bool false)
(define-fun |memory_model::choice_rf_4_3_0_57_F_265| () Bool false)
(define-fun |x$w_buff1_used#33$rclk$8| () (_ BitVec 8) #b11111000)
(define-fun |memory_model::choice_rf_4_3_0_90_F_266| () Bool false)
(define-fun |memory_model::choice_rf_4_3_0_122_F_267| () Bool false)
(define-fun |memory_model::choice_rf_4_3_1_12_F_268| () Bool true)
(define-fun |memory_model::choice_rf_4_3_2_9_F_269| () Bool false)
(define-fun |memory_model::choice_rf_4_3_3_10_F_270| () Bool false)
(define-fun |memory_model::choice_rf_4_3_3_32_F_271| () Bool false)
(define-fun |memory_model::choice_rf_0_103_0_58_F_272| () Bool false)
(define-fun |memory_model::choice_rf_0_103_3_22_F_273| () Bool false)
(define-fun |y#6$wclk$8| () (_ BitVec 8) #b11101001)
(define-fun |y#2$rclk$8| () (_ BitVec 8) #b11111101)
(define-fun |memory_model::choice_rf_0_103_4_0_F_274| () Bool true)
(define-fun |y#7$wclk$8| () (_ BitVec 8) #b11101111)
(define-fun |memory_model::choice_rf_1_0_0_58_F_275| () Bool false)
(define-fun |y#1$wclk$8| () (_ BitVec 8) #b11011011)
(define-fun |y#4$rclk$8| () (_ BitVec 8) #b11110000)
(define-fun |memory_model::choice_rf_1_0_3_22_F_276| () Bool false)
(define-fun |memory_model::choice_rf_1_0_4_0_F_277| () Bool true)
(define-fun |memory_model::choice_rf_0_97_0_36_F_278| () Bool false)
(define-fun |memory_model::choice_rf_0_97_3_21_F_279| () Bool false)
(define-fun |weak$$choice0#5$wclk$8| () (_ BitVec 8) #b11101000)
(define-fun |weak$$choice0#3$rclk$8| () (_ BitVec 8) #b11111101)
(define-fun |memory_model::choice_rf_0_99_0_37_F_280| () Bool false)
(define-fun |memory_model::choice_rf_0_99_3_16_F_281| () Bool false)
(define-fun |weak$$choice1#8$wclk$8| () (_ BitVec 8) #b11101000)
(define-fun |weak$$choice1#3$rclk$8| () (_ BitVec 8) #b11111101)
(define-fun |memory_model::choice_rf_0_100_0_38_F_282| () Bool false)
(define-fun |memory_model::choice_rf_0_100_3_20_F_283| () Bool false)
(define-fun |weak$$choice2#12$wclk$8| () (_ BitVec 8) #b11101000)
(define-fun |weak$$choice2#3$rclk$8| () (_ BitVec 8) #b11111101)
(define-fun __unbuffered_p2_EAX$read_delayed_var$object () (_ BitVec 32) #b00000000000000000000000000000010)
(define-fun |memory_model::choice_rf_0_96_0_3_F_284| () Bool true)
(define-fun |memory_model::choice_ws-ext_0_12_1_18_T_285| () Bool true)
(define-fun |memory_model::choice_ws-ext_0_12_2_16_T_286| () Bool true)
(define-fun |memory_model::choice_ws-ext_0_12_3_38_T_287| () Bool true)
(define-fun |memory_model::choice_ws-ext_0_12_4_16_T_288| () Bool true)
(define-fun |memory_model::choice_ws-ext_1_18_2_16_T_289| () Bool false)
(define-fun |memory_model::choice_ws-ext_1_18_3_38_T_290| () Bool false)
(define-fun |memory_model::choice_ws-ext_1_18_4_16_T_291| () Bool false)
(define-fun |memory_model::choice_ws-ext_2_16_3_38_T_292| () Bool false)
(define-fun |memory_model::choice_ws-ext_2_16_4_16_T_293| () Bool false)
(define-fun |memory_model::choice_ws-ext_3_38_4_16_T_294| () Bool false)
(define-fun |memory_model::choice_ws-ext_0_39_1_2_F_295| () Bool true)
(define-fun |memory_model::choice_ws-ext_0_39_1_14_F_296| () Bool true)
(define-fun |memory_model::choice_ws-ext_0_39_2_0_F_297| () Bool true)
(define-fun |memory_model::choice_ws-ext_0_39_2_12_F_298| () Bool true)
(define-fun |memory_model::choice_ws-ext_0_39_3_15_F_299| () Bool true)
(define-fun |memory_model::choice_ws-ext_0_39_3_34_F_300| () Bool true)
(define-fun |memory_model::choice_ws-ext_0_39_4_12_F_301| () Bool true)
(define-fun |memory_model::choice_ws-ext_0_92_1_2_F_302| () Bool false)
(define-fun |memory_model::choice_ws-ext_0_92_1_14_F_303| () Bool false)
(define-fun |memory_model::choice_ws-ext_0_92_2_0_F_304| () Bool false)
(define-fun |memory_model::choice_ws-ext_0_92_2_12_F_305| () Bool false)
(define-fun |memory_model::choice_ws-ext_0_92_3_15_F_306| () Bool false)
(define-fun |memory_model::choice_ws-ext_0_92_3_34_F_307| () Bool false)
(define-fun |memory_model::choice_ws-ext_0_92_4_12_F_308| () Bool false)
(define-fun |memory_model::choice_ws-ext_0_116_1_2_F_309| () Bool false)
(define-fun |memory_model::choice_ws-ext_0_116_1_14_F_310| () Bool false)
(define-fun |memory_model::choice_ws-ext_0_116_2_0_F_311| () Bool false)
(define-fun |memory_model::choice_ws-ext_0_116_2_12_F_312| () Bool false)
(define-fun |memory_model::choice_ws-ext_0_116_3_15_F_313| () Bool false)
(define-fun |memory_model::choice_ws-ext_0_116_3_34_F_314| () Bool false)
(define-fun |memory_model::choice_ws-ext_0_116_4_12_F_315| () Bool false)
(define-fun |memory_model::choice_ws-ext_1_2_2_0_F_316| () Bool true)
(define-fun |memory_model::choice_ws-ext_1_2_2_12_F_317| () Bool true)
(define-fun |memory_model::choice_ws-ext_1_2_3_15_F_318| () Bool false)
(define-fun |memory_model::choice_ws-ext_1_2_3_34_F_319| () Bool true)
(define-fun |memory_model::choice_ws-ext_1_2_4_12_F_320| () Bool true)
(define-fun |memory_model::choice_ws-ext_1_14_2_0_F_321| () Bool false)
(define-fun |memory_model::choice_ws-ext_1_14_2_12_F_322| () Bool false)
(define-fun |memory_model::choice_ws-ext_1_14_3_15_F_323| () Bool false)
(define-fun |memory_model::choice_ws-ext_1_14_3_34_F_324| () Bool false)
(define-fun |memory_model::choice_ws-ext_1_14_4_12_F_325| () Bool true)
(define-fun |memory_model::choice_ws-ext_2_0_3_15_F_326| () Bool false)
(define-fun |memory_model::choice_ws-ext_2_0_3_34_F_327| () Bool true)
(define-fun |memory_model::choice_ws-ext_2_0_4_12_F_328| () Bool true)
(define-fun |memory_model::choice_ws-ext_2_12_3_15_F_329| () Bool false)
(define-fun |memory_model::choice_ws-ext_2_12_3_34_F_330| () Bool true)
(define-fun |memory_model::choice_ws-ext_2_12_4_12_F_331| () Bool true)
(define-fun |memory_model::choice_ws-ext_3_15_4_12_F_332| () Bool true)
(define-fun |memory_model::choice_ws-ext_3_34_4_12_F_333| () Bool true)
(define-fun |memory_model::choice_ws-ext_0_13_1_16_F_334| () Bool true)
(define-fun |memory_model::choice_ws-ext_0_13_2_14_F_335| () Bool true)
(define-fun |memory_model::choice_ws-ext_0_13_3_36_F_336| () Bool true)
(define-fun |memory_model::choice_ws-ext_0_13_4_14_F_337| () Bool true)
(define-fun |memory_model::choice_ws-ext_1_16_2_14_F_338| () Bool true)
(define-fun |memory_model::choice_ws-ext_1_16_3_36_F_339| () Bool false)
(define-fun |memory_model::choice_ws-ext_1_16_4_14_F_340| () Bool true)
(define-fun |memory_model::choice_ws-ext_2_14_3_36_F_341| () Bool false)
(define-fun |memory_model::choice_ws-ext_2_14_4_14_F_342| () Bool true)
(define-fun |memory_model::choice_ws-ext_3_36_4_14_F_343| () Bool true)
(define-fun |__unbuffered_p0_EAX#1$wclk$8| () (_ BitVec 8) #b00011011)
(define-fun |memory_model::choice_ws-ext_0_14_1_1_F_344| () Bool true)
(define-fun |__unbuffered_p2_EAX#1$wclk$8| () (_ BitVec 8) #b00011100)
(define-fun |memory_model::choice_ws-ext_0_15_3_7_F_345| () Bool true)
(define-fun |__unbuffered_p2_EAX#10$wclk$8| () (_ BitVec 8) #b11111101)
(define-fun |memory_model::choice_ws-ext_0_124_3_7_F_346| () Bool false)
(define-fun |__unbuffered_p2_EAX$read_delayed#1$wclk$8| () (_ BitVec 8) #b10011010)
(define-fun |memory_model::choice_ws-ext_0_28_3_8_F_347| () Bool true)
(define-fun |__unbuffered_p2_EAX$read_delayed_var#1$wclk$8| () (_ BitVec 8) #b10011011)
(define-fun |__unbuffered_p2_EAX$read_delayed_var#2$wclk$8| () (_ BitVec 8) #b11101000)
(define-fun |memory_model::choice_ws-ext_0_29_3_12_F_348| () Bool true)
(define-fun |x$flush_delayed#1$wclk$8| () (_ BitVec 8) #b11000110)
(define-fun |memory_model::choice_ws-ext_0_40_3_18_F_349| () Bool true)
(define-fun |x$flush_delayed#7$wclk$8| () (_ BitVec 8) #b11111101)
(define-fun |memory_model::choice_ws-ext_0_117_3_18_F_350| () Bool false)
(define-fun |x$mem_tmp#1$wclk$8| () (_ BitVec 8) #b11000111)
(define-fun |memory_model::choice_ws-ext_0_41_3_17_F_351| () Bool true)
(define-fun |x$mem_tmp#5$wclk$8| () (_ BitVec 8) #b11111101)
(define-fun |memory_model::choice_ws-ext_0_118_3_17_F_352| () Bool false)
(define-fun |x$r_buff0_thd1#4$wclk$8| () (_ BitVec 8) #b11110101)
(define-fun |memory_model::choice_ws-ext_0_43_1_11_F_353| () Bool true)
(define-fun |x$r_buff0_thd2#4$wclk$8| () (_ BitVec 8) #b11110011)
(define-fun |memory_model::choice_ws-ext_0_44_2_10_F_354| () Bool true)
(define-fun |x$r_buff0_thd3#4$wclk$8| () (_ BitVec 8) #b11101000)
(define-fun |memory_model::choice_ws-ext_0_45_3_9_F_355| () Bool true)
(define-fun |x$r_buff0_thd3#7$wclk$8| () (_ BitVec 8) #b11110100)
(define-fun |memory_model::choice_ws-ext_0_45_3_31_F_356| () Bool true)
(define-fun |x$r_buff0_thd4#4$wclk$8| () (_ BitVec 8) #b11111000)
(define-fun |memory_model::choice_ws-ext_0_46_4_9_F_357| () Bool true)
(define-fun |x$r_buff1_thd1#4$wclk$8| () (_ BitVec 8) #b11110101)
(define-fun |memory_model::choice_ws-ext_0_48_1_10_F_358| () Bool true)
(define-fun |x$r_buff1_thd2#4$wclk$8| () (_ BitVec 8) #b11110011)
(define-fun |memory_model::choice_ws-ext_0_49_2_8_F_359| () Bool true)
(define-fun |x$r_buff1_thd3#4$wclk$8| () (_ BitVec 8) #b11101000)
(define-fun |memory_model::choice_ws-ext_0_50_3_19_F_360| () Bool true)
(define-fun |x$r_buff1_thd3#7$wclk$8| () (_ BitVec 8) #b11110100)
(define-fun |memory_model::choice_ws-ext_0_50_3_30_F_361| () Bool true)
(define-fun |x$r_buff1_thd4#4$wclk$8| () (_ BitVec 8) #b11111000)
(define-fun |memory_model::choice_ws-ext_0_51_4_8_F_362| () Bool true)
(define-fun |memory_model::choice_ws-ext_0_54_3_14_F_363| () Bool true)
(define-fun |memory_model::choice_ws-ext_0_119_3_14_F_364| () Bool false)
(define-fun |memory_model::choice_ws-ext_0_55_1_13_F_365| () Bool true)
(define-fun |memory_model::choice_ws-ext_0_55_2_11_F_366| () Bool true)
(define-fun |memory_model::choice_ws-ext_0_55_3_11_F_367| () Bool true)
(define-fun |memory_model::choice_ws-ext_0_55_3_33_F_368| () Bool true)
(define-fun |memory_model::choice_ws-ext_0_55_4_11_F_369| () Bool true)
(define-fun |memory_model::choice_ws-ext_0_91_1_13_F_370| () Bool false)
(define-fun |memory_model::choice_ws-ext_0_91_2_11_F_371| () Bool false)
(define-fun |memory_model::choice_ws-ext_0_91_3_11_F_372| () Bool false)
(define-fun |memory_model::choice_ws-ext_0_91_3_33_F_373| () Bool false)
(define-fun |memory_model::choice_ws-ext_0_91_4_11_F_374| () Bool false)
(define-fun |memory_model::choice_ws-ext_0_113_1_13_F_375| () Bool false)
(define-fun |memory_model::choice_ws-ext_0_113_2_11_F_376| () Bool false)
(define-fun |memory_model::choice_ws-ext_0_113_3_11_F_377| () Bool false)
(define-fun |memory_model::choice_ws-ext_0_113_3_33_F_378| () Bool false)
(define-fun |memory_model::choice_ws-ext_0_113_4_11_F_379| () Bool false)
(define-fun |memory_model::choice_ws-ext_1_13_2_11_F_380| () Bool false)
(define-fun |memory_model::choice_ws-ext_1_13_3_11_F_381| () Bool false)
(define-fun |memory_model::choice_ws-ext_1_13_3_33_F_382| () Bool false)
(define-fun |memory_model::choice_ws-ext_1_13_4_11_F_383| () Bool true)
(define-fun |memory_model::choice_ws-ext_2_11_3_11_F_384| () Bool false)
(define-fun |memory_model::choice_ws-ext_2_11_3_33_F_385| () Bool true)
(define-fun |memory_model::choice_ws-ext_2_11_4_11_F_386| () Bool true)
(define-fun |memory_model::choice_ws-ext_3_11_4_11_F_387| () Bool true)
(define-fun |memory_model::choice_ws-ext_3_33_4_11_F_388| () Bool true)
(define-fun |memory_model::choice_ws-ext_0_56_3_13_F_389| () Bool true)
(define-fun |memory_model::choice_ws-ext_0_120_3_13_F_390| () Bool false)
(define-fun |memory_model::choice_ws-ext_0_57_1_12_F_391| () Bool true)
(define-fun |memory_model::choice_ws-ext_0_57_2_9_F_392| () Bool true)
(define-fun |memory_model::choice_ws-ext_0_57_3_10_F_393| () Bool true)
(define-fun |memory_model::choice_ws-ext_0_57_3_32_F_394| () Bool true)
(define-fun |memory_model::choice_ws-ext_0_57_4_10_F_395| () Bool true)
(define-fun |memory_model::choice_ws-ext_0_90_1_12_F_396| () Bool false)
(define-fun |memory_model::choice_ws-ext_0_90_2_9_F_397| () Bool false)
(define-fun |memory_model::choice_ws-ext_0_90_3_10_F_398| () Bool false)
(define-fun |memory_model::choice_ws-ext_0_90_3_32_F_399| () Bool false)
(define-fun |memory_model::choice_ws-ext_0_90_4_10_F_400| () Bool false)
(define-fun |memory_model::choice_ws-ext_0_122_1_12_F_401| () Bool false)
(define-fun |memory_model::choice_ws-ext_0_122_2_9_F_402| () Bool false)
(define-fun |memory_model::choice_ws-ext_0_122_3_10_F_403| () Bool false)
(define-fun |memory_model::choice_ws-ext_0_122_3_32_F_404| () Bool false)
(define-fun |memory_model::choice_ws-ext_0_122_4_10_F_405| () Bool false)
(define-fun |memory_model::choice_ws-ext_1_12_2_9_F_406| () Bool false)
(define-fun |memory_model::choice_ws-ext_1_12_3_10_F_407| () Bool false)
(define-fun |memory_model::choice_ws-ext_1_12_3_32_F_408| () Bool false)
(define-fun |memory_model::choice_ws-ext_1_12_4_10_F_409| () Bool true)
(define-fun |memory_model::choice_ws-ext_2_9_3_10_F_410| () Bool false)
(define-fun |memory_model::choice_ws-ext_2_9_3_32_F_411| () Bool true)
(define-fun |memory_model::choice_ws-ext_2_9_4_10_F_412| () Bool true)
(define-fun |memory_model::choice_ws-ext_3_10_4_10_F_413| () Bool true)
(define-fun |memory_model::choice_ws-ext_3_32_4_10_F_414| () Bool true)
(define-fun |memory_model::choice_ws-ext_0_58_3_22_F_415| () Bool true)
(define-fun |memory_model::choice_ws-ext_0_58_4_0_F_416| () Bool true)
(define-fun |memory_model::choice_ws-ext_3_22_4_0_F_417| () Bool true)
(define-fun |weak$$choice0#1$wclk$8| () (_ BitVec 8) #b11000010)
(define-fun |memory_model::choice_ws-ext_0_36_3_21_F_418| () Bool true)
(define-fun |weak$$choice0#4$wclk$8| () (_ BitVec 8) #b11111101)
(define-fun |memory_model::choice_ws-ext_0_112_3_21_F_419| () Bool false)
(define-fun |weak$$choice1#1$wclk$8| () (_ BitVec 8) #b11000011)
(define-fun |memory_model::choice_ws-ext_0_37_3_16_F_420| () Bool true)
(define-fun |weak$$choice1#7$wclk$8| () (_ BitVec 8) #b11111101)
(define-fun |memory_model::choice_ws-ext_0_114_3_16_F_421| () Bool false)
(define-fun |weak$$choice2#1$wclk$8| () (_ BitVec 8) #b11000100)
(define-fun |memory_model::choice_ws-ext_0_38_3_20_F_422| () Bool true)
(define-fun |weak$$choice2#11$wclk$8| () (_ BitVec 8) #b11111101)
(define-fun |memory_model::choice_ws-ext_0_115_3_20_F_423| () Bool false)
(define-fun t1$62$spwnclk$8 () (_ BitVec 8) #b11011111)
(define-fun t1$67$spwnclk$8 () (_ BitVec 8) #b11100011)
(define-fun t1$72$spwnclk$8 () (_ BitVec 8) #b11100111)
(define-fun t1$77$spwnclk$8 () (_ BitVec 8) #b11101110)
(define-fun |main::1::t2152!0@1$wclk$8| () (_ BitVec 8) #b00000000)
(define-fun |main::1::t2153!0@1$wclk$8| () (_ BitVec 8) #b00000010)
(define-fun |main::1::t2154!0@1$wclk$8| () (_ BitVec 8) #b00000011)
(define-fun __unbuffered_p2_EAX$read_delayed_var$object$wclk$8 () (_ BitVec 8) #b00001000)
(define-fun |__CPROVER_dead_object#1$wclk$8| () (_ BitVec 8) #b00001001)
(define-fun |__CPROVER_deallocated#1$wclk$8| () (_ BitVec 8) #b00001010)
(define-fun |__CPROVER_malloc_is_new_array#1$wclk$8| () (_ BitVec 8) #b00010011)
(define-fun |__CPROVER_malloc_object#1$wclk$8| () (_ BitVec 8) #b00010100)
(define-fun |__CPROVER_malloc_size#1$wclk$8| () (_ BitVec 8) #b00010101)
(define-fun |__CPROVER_memory_leak#1$wclk$8| () (_ BitVec 8) #b00010110)
(define-fun |__CPROVER_next_thread_id#1$wclk$8| () (_ BitVec 8) #b00010111)
(define-fun |__CPROVER_pipe_count#1$wclk$8| () (_ BitVec 8) #b00011000)
(define-fun |__unbuffered_p2_EAX$flush_delayed#1$wclk$8| () (_ BitVec 8) #b10001101)
(define-fun |__unbuffered_p2_EAX$mem_tmp#1$wclk$8| () (_ BitVec 8) #b10001110)
(define-fun |__unbuffered_p2_EAX$r_buff0_thd0#1$wclk$8| () (_ BitVec 8) #b10001111)
(define-fun |__unbuffered_p2_EAX$r_buff0_thd1#1$wclk$8| () (_ BitVec 8) #b10010000)
(define-fun |__unbuffered_p2_EAX$r_buff0_thd2#1$wclk$8| () (_ BitVec 8) #b10010001)
(define-fun |__unbuffered_p2_EAX$r_buff0_thd3#1$wclk$8| () (_ BitVec 8) #b10010010)
(define-fun |__unbuffered_p2_EAX$r_buff0_thd4#1$wclk$8| () (_ BitVec 8) #b10010011)
(define-fun |__unbuffered_p2_EAX$r_buff1_thd0#1$wclk$8| () (_ BitVec 8) #b10010100)
(define-fun |__unbuffered_p2_EAX$r_buff1_thd1#1$wclk$8| () (_ BitVec 8) #b10010101)
(define-fun |__unbuffered_p2_EAX$r_buff1_thd2#1$wclk$8| () (_ BitVec 8) #b10010110)
(define-fun |__unbuffered_p2_EAX$r_buff1_thd3#1$wclk$8| () (_ BitVec 8) #b10011000)
(define-fun |__unbuffered_p2_EAX$r_buff1_thd4#1$wclk$8| () (_ BitVec 8) #b10011001)
(define-fun |__unbuffered_p2_EAX$w_buff0#1$wclk$8| () (_ BitVec 8) #b10011100)
(define-fun |__unbuffered_p2_EAX$w_buff0_used#1$wclk$8| () (_ BitVec 8) #b10011101)
(define-fun |__unbuffered_p2_EAX$w_buff1#1$wclk$8| () (_ BitVec 8) #b10111110)
(define-fun |__unbuffered_p2_EAX$w_buff1_used#1$wclk$8| () (_ BitVec 8) #b10111111)
(define-fun |main$tmp_guard0#1$wclk$8| () (_ BitVec 8) #b11000000)
(define-fun |main$tmp_guard1#1$wclk$8| () (_ BitVec 8) #b11000001)
(define-fun |x$r_buff0_thd0#1$wclk$8| () (_ BitVec 8) #b11001000)
(define-fun |x$r_buff1_thd0#1$wclk$8| () (_ BitVec 8) #b11010000)
(define-fun |x$read_delayed#1$wclk$8| () (_ BitVec 8) #b11010101)
(define-fun |x$read_delayed_var#1$wclk$8| () (_ BitVec 8) #b11010110)
(define-fun |main::1::t2151!0@1#1$wclk$8| () (_ BitVec 8) #b11011100)
(define-fun |__CPROVER_next_thread_id#2$wclk$8| () (_ BitVec 8) #b11011101)
(define-fun |main::1::t2151!0@1#2$wclk$8| () (_ BitVec 8) #b11011110)
(define-fun |main::1::t2152!0@1#1$wclk$8| () (_ BitVec 8) #b11100000)
(define-fun |__CPROVER_next_thread_id#3$rclk$8| () (_ BitVec 8) #b11100001)
(define-fun |__CPROVER_next_thread_id#5$wclk$8| () (_ BitVec 8) #b11100001)
(define-fun |main::1::t2152!0@1#2$wclk$8| () (_ BitVec 8) #b11100010)
(define-fun |main::1::t2153!0@1#1$wclk$8| () (_ BitVec 8) #b11100100)
(define-fun |__CPROVER_next_thread_id#6$rclk$8| () (_ BitVec 8) #b11100101)
(define-fun |__CPROVER_next_thread_id#8$wclk$8| () (_ BitVec 8) #b11100101)
(define-fun |main::1::t2153!0@1#2$wclk$8| () (_ BitVec 8) #b11100110)
(define-fun |main::1::t2154!0@1#1$wclk$8| () (_ BitVec 8) #b11101011)
(define-fun |__CPROVER_next_thread_id#9$rclk$8| () (_ BitVec 8) #b11101100)
(define-fun |__CPROVER_next_thread_id#11$wclk$8| () (_ BitVec 8) #b11101100)
(define-fun |main::1::t2154!0@1#2$wclk$8| () (_ BitVec 8) #b11101101)
(define-fun |main$tmp_guard0#2$wclk$8| () (_ BitVec 8) #b11111010)
(define-fun |main$tmp_guard0#3$rclk$8| () (_ BitVec 8) #b11111011)
(define-fun |x$r_buff1_thd0#2$rclk$8| () (_ BitVec 8) #b11111100)
(define-fun |x$r_buff0_thd0#2$rclk$8| () (_ BitVec 8) #b11111100)
(define-fun |x$r_buff1_thd0#8$wclk$8| () (_ BitVec 8) #b11111100)
(define-fun |x$r_buff0_thd0#10$wclk$8| () (_ BitVec 8) #b11111100)
(define-fun |main$tmp_guard1#3$rclk$8| () (_ BitVec 8) #b11111101)
(define-fun |__unbuffered_p2_EAX$read_delayed_var$object#1$rclk$8| () (_ BitVec 8) #b11111101)
(define-fun |x$r_buff0_thd0#11$rclk$8| () (_ BitVec 8) #b11111101)
(define-fun |x$r_buff1_thd0#9$rclk$8| () (_ BitVec 8) #b11111101)
(define-fun |main$tmp_guard1#4$wclk$8| () (_ BitVec 8) #b11111101)
(define-fun |x$r_buff1_thd0#20$wclk$8| () (_ BitVec 8) #b11111101)
(define-fun |x$r_buff0_thd0#37$wclk$8| () (_ BitVec 8) #b11111101)
(define-fun |main$tmp_guard1#5$rclk$8| () (_ BitVec 8) #b11111110)
(define-fun |main$tmp_guard1#6$rclk$8| () (_ BitVec 8) #b11111111)
)

real	0m0.648s
user	0m0.639s
sys	0m0.007s
State: AC Run_time: 0.6495904922485352