sat
(model
(define-fun |main$tmp_guard0#3| () (_ BitVec 8) #b00000000)
(define-fun |goto_symex::&92;guard#1| () Bool false)
(define-fun |goto_symex::&92;guard#2| () Bool false)
(define-fun |goto_symex::&92;guard#3| () Bool false)
(define-fun |goto_symex::&92;guard#4| () Bool false)
(define-fun |goto_symex::&92;guard#5| () Bool true)
(define-fun array_of.0 () (Array (_ BitVec 32) (_ BitVec 1)) ((as const (Array (_ BitVec 32) (_ BitVec 1))) #b0))
(define-fun |main::1::t2374!0@1| () (_ BitVec 32) #b00000000000000000000000000000000)
(define-fun |main::1::t2375!0@1| () (_ BitVec 32) #b00000000000000000000000000000000)
(define-fun |__CPROVER_next_thread_id#3| () (_ BitVec 32) #b00000000000000000000000000000001)
(define-fun |main::1::t2376!0@1| () (_ BitVec 32) #b00000000000000000000000000000000)
(define-fun |__CPROVER_next_thread_id#6| () (_ BitVec 32) #b00000000000000000000000000000010)
(define-fun |__unbuffered_cnt#2| () (_ BitVec 32) #b00000000000000000000000000000001)
(define-fun |x$w_buff0_used#2| () (_ BitVec 8) #b00000000)
(define-fun |x$r_buff0_thd0#2| () (_ BitVec 8) #b00000000)
(define-fun |x$w_buff0#2| () (_ BitVec 32) #b00000000000000000000000000000000)
(define-fun |x$w_buff1_used#2| () (_ BitVec 8) #b00000000)
(define-fun |x$r_buff1_thd0#2| () (_ BitVec 8) #b11111110)
(define-fun |x$w_buff1#2| () (_ BitVec 32) #b00000000000000000000000000000000)
(define-fun |x#2| () (_ BitVec 32) #b00000000000000000000000000000000)
(define-fun |x#4| () (_ BitVec 32) #b00000000000000000000000000000000)
(define-fun |x$w_buff0_used#6| () (_ BitVec 8) #b00000000)
(define-fun |x$w_buff1_used#6| () (_ BitVec 8) #b00000000)
(define-fun |x$r_buff0_thd0#8| () (_ BitVec 8) #b00000000)
(define-fun |x$r_buff1_thd0#7| () (_ BitVec 8) #b00000001)
(define-fun |weak$$choice0#2| () (_ BitVec 8) #b00000000)
(define-fun |weak$$choice0#3| () (_ BitVec 8) #b00000000)
(define-fun |nondet_symex::nondet0| () Bool false)
(define-fun |weak$$choice2#2| () (_ BitVec 8) #b00000001)
(define-fun |weak$$choice2#3| () (_ BitVec 8) #b00000000)
(define-fun |nondet_symex::nondet1| () Bool true)
(define-fun |x$flush_delayed#2| () (_ BitVec 8) #b00000000)
(define-fun |x$flush_delayed#3| () (_ BitVec 8) #b00000000)
(define-fun |x#6| () (_ BitVec 32) #b11111111111111111111111111111111)
(define-fun |x$mem_tmp#2| () (_ BitVec 32) #b11111111111111111111111111111111)
(define-fun |x$mem_tmp#3| () (_ BitVec 32) #b00000000000000000000000000000000)
(define-fun |x$w_buff0_used#11| () (_ BitVec 8) #b00000000)
(define-fun |x$r_buff0_thd0#11| () (_ BitVec 8) #b11111110)
(define-fun |x$w_buff1_used#9| () (_ BitVec 8) #b11111110)
(define-fun |x$r_buff1_thd0#9| () (_ BitVec 8) #b11111110)
(define-fun |x$w_buff0#4| () (_ BitVec 32) #b00000000000000000000000000000000)
(define-fun |x$w_buff1#4| () (_ BitVec 32) #b00000000000000000000000000000000)
(define-fun |x#9| () (_ BitVec 32) #b11111111111111111111111111111111)
(define-fun |x$w_buff0#10| () (_ BitVec 32) #b00000000000000000000000000000000)
(define-fun |x$w_buff1#10| () (_ BitVec 32) #b00000000000000000000000000000000)
(define-fun |x$w_buff0_used#23| () (_ BitVec 8) #b00000000)
(define-fun |x$w_buff1_used#17| () (_ BitVec 8) #b00000001)
(define-fun |x$r_buff0_thd0#33| () (_ BitVec 8) #b00000001)
(define-fun |x$r_buff1_thd0#19| () (_ BitVec 8) #b00000001)
(define-fun |weak$$choice1#2| () (_ BitVec 8) #b00000001)
(define-fun |weak$$choice1#3| () (_ BitVec 8) #b00000000)
(define-fun |nondet_symex::nondet2| () Bool true)
(define-fun |__unbuffered_p2_EAX$read_delayed#2| () (_ BitVec 8) #b00000000)
(define-fun |__unbuffered_p2_EAX$read_delayed_var$object#1| () (_ BitVec 32) #b00000000000000000000000000000000)
(define-fun |main::$tmp::::tmp_if_expr$1!0@1#1| () (_ BitVec 32) #b00000000000000000000000000000000)
(define-fun |__unbuffered_p2_EAX$read_delayed_var$object#0| () (_ BitVec 32) #b00000000000000000000000000000000)
(define-fun |__unbuffered_p2_EAX#2| () (_ BitVec 32) #b00000000000000000000000000000001)
(define-fun |main::$tmp::::tmp_if_expr$1!0@1#0| () (_ BitVec 32) #b00000000000000000000000000000000)
(define-fun |main::$tmp::::tmp_if_expr$2!0@1#1| () (_ BitVec 32) #b00000000000000000000000000000000)
(define-fun |__unbuffered_p2_EAX#8| () (_ BitVec 32) #b00000000000000000000000000000001)
(define-fun |__unbuffered_p0_EAX#2| () (_ BitVec 32) #b11011011001100111111110111111111)
(define-fun |__unbuffered_p2_EBX#2| () (_ BitVec 32) #b00000000000000000000000000000000)
(define-fun |main$tmp_guard1#2| () (_ BitVec 8) #b00000001)
(define-fun |main$tmp_guard1#3| () (_ BitVec 8) #b11111110)
(define-fun |x#13| () (_ BitVec 32) #b11111111111111111111111111111111)
(define-fun |x$flush_delayed#6| () (_ BitVec 8) #b00000000)
(define-fun |main$tmp_guard1#6| () (_ BitVec 8) #b00000001)
(define-fun |pthread_create::1::this_thread_id!1@0#0| () (_ BitVec 32) #b00000000000000000000000000000000)
(define-fun |nondet_symex::nondet3| () Bool true)
(define-fun |nondet_symex::nondet4| () Bool true)
(define-fun |x#15| () (_ BitVec 32) #b00000000000000000000000000000000)
(define-fun |x$w_buff0_used#31| () (_ BitVec 8) #b00000000)
(define-fun |x$r_buff0_thd1#2| () (_ BitVec 8) #b00000000)
(define-fun |x$w_buff1_used#21| () (_ BitVec 8) #b00000000)
(define-fun |x$r_buff1_thd1#2| () (_ BitVec 8) #b00000000)
(define-fun |x$w_buff0#12| () (_ BitVec 32) #b00000000000000000000000000000000)
(define-fun |x$w_buff1#12| () (_ BitVec 32) #b00000000000000000000000000000000)
(define-fun |__unbuffered_cnt#4| () (_ BitVec 32) #b00000000000000000000000000000001)
(define-fun |nondet_symex::nondet5| () (_ BitVec 32) #b00000000000000000000000000000000)
(define-fun |__CPROVER_threads_exited#2| () (Array (_ BitVec 32) (_ BitVec 1)) (store ((as const (Array (_ BitVec 32) (_ BitVec 1))) #b0) #b00000000000000000000000000000000 #b1))
(define-fun |pthread_create::1::this_thread_id!2@0#0| () (_ BitVec 32) #b00000000000000000000000000000000)
(define-fun |x$w_buff0#15| () (_ BitVec 32) #b00000000000000000000000000000000)
(define-fun |x$w_buff0_used#34| () (_ BitVec 8) #b00000000)
(define-fun |x$r_buff0_thd0#38| () (_ BitVec 8) #b00000000)
(define-fun |x$r_buff1_thd0#21| () (_ BitVec 8) #b00000000)
(define-fun |x$r_buff1_thd0#22| () (_ BitVec 8) #b00000000)
(define-fun |x$r_buff0_thd1#5| () (_ BitVec 8) #b00000000)
(define-fun |x$r_buff1_thd1#5| () (_ BitVec 8) #b00000000)
(define-fun |x$r_buff1_thd1#6| () (_ BitVec 8) #b00000000)
(define-fun |x$r_buff0_thd2#2| () (_ BitVec 8) #b00000000)
(define-fun |x$r_buff1_thd2#2| () (_ BitVec 8) #b00000000)
(define-fun |x$r_buff1_thd2#3| () (_ BitVec 8) #b00000000)
(define-fun |x$r_buff0_thd3#2| () (_ BitVec 8) #b00000000)
(define-fun |x$r_buff1_thd3#2| () (_ BitVec 8) #b00000000)
(define-fun |x$r_buff1_thd3#3| () (_ BitVec 8) #b00000000)
(define-fun |x$r_buff0_thd2#4| () (_ BitVec 8) #b00000001)
(define-fun |x$w_buff0#18| () (_ BitVec 32) #b00000000000000000000000000000001)
(define-fun |x$w_buff1#16| () (_ BitVec 32) #b00000000000000000000000000000001)
(define-fun |x$w_buff1#17| () (_ BitVec 32) #b00000000000000000000000000000000)
(define-fun |x$w_buff0#20| () (_ BitVec 32) #b00000000000000000000000000000010)
(define-fun |x$w_buff0_used#37| () (_ BitVec 8) #b00000001)
(define-fun |x$w_buff1_used#25| () (_ BitVec 8) #b00000001)
(define-fun |x$w_buff1_used#26| () (_ BitVec 8) #b00000000)
(define-fun |x$w_buff0_used#39| () (_ BitVec 8) #b00000001)
(define-fun |x$r_buff0_thd0#40| () (_ BitVec 8) #b00000000)
(define-fun |x$r_buff0_thd1#7| () (_ BitVec 8) #b00000000)
(define-fun |x$r_buff0_thd2#6| () (_ BitVec 8) #b00000000)
(define-fun |x$r_buff0_thd3#4| () (_ BitVec 8) #b00000000)
(define-fun |x$w_buff0_used#43| () (_ BitVec 8) #b00000001)
(define-fun |x$r_buff0_thd2#9| () (_ BitVec 8) #b00000000)
(define-fun |x$w_buff0#22| () (_ BitVec 32) #b00000000000000000000000000000000)
(define-fun |x$w_buff1_used#30| () (_ BitVec 8) #b11111111)
(define-fun |x$r_buff1_thd2#6| () (_ BitVec 8) #b00000000)
(define-fun |x$w_buff1#19| () (_ BitVec 32) #b00000000000000000000000000000000)
(define-fun |x#19| () (_ BitVec 32) #b00000000000000000000000000000000)
(define-fun |__unbuffered_cnt#7| () (_ BitVec 32) #b00000000000000000000000000000000)
(define-fun |nondet_symex::nondet6| () (_ BitVec 32) #b00000000000000000000000000000000)
(define-fun |__CPROVER_threads_exited#4| () (Array (_ BitVec 32) (_ BitVec 1)) ((as const (Array (_ BitVec 32) (_ BitVec 1))) #b0))
(define-fun |pthread_create::1::this_thread_id!3@0#0| () (_ BitVec 32) #b00000000000000000000000000000000)
(define-fun |nondet_symex::nondet7| () Bool true)
(define-fun |nondet_symex::nondet8| () Bool true)
(define-fun |x#22| () (_ BitVec 32) #b00000000000000000000000000000000)
(define-fun |nondet_symex::nondet9| () Bool true)
(define-fun |x$w_buff0_used#46| () (_ BitVec 8) #b00000000)
(define-fun |x$r_buff0_thd3#6| () (_ BitVec 8) #b00000000)
(define-fun |x$w_buff0#24| () (_ BitVec 32) #b00000000000000000000000000000000)
(define-fun |x$r_buff1_thd3#6| () (_ BitVec 8) #b00000000)
(define-fun |x$w_buff1_used#33| () (_ BitVec 8) #b00000000)
(define-fun |x$w_buff1#21| () (_ BitVec 32) #b00000000000000000000000000000000)
(define-fun x () (_ BitVec 32) #b00000000000000000000000000000000)
(define-fun |y#3| () (_ BitVec 32) #b00000000000000000000000000000001)
(define-fun |x$w_buff0_used#49| () (_ BitVec 8) #b00000000)
(define-fun |x$r_buff0_thd3#9| () (_ BitVec 8) #b00000000)
(define-fun |x$w_buff0#27| () (_ BitVec 32) #b00000000000000000000000000000000)
(define-fun |x$w_buff1_used#36| () (_ BitVec 8) #b00000000)
(define-fun |x$r_buff1_thd3#9| () (_ BitVec 8) #b00000000)
(define-fun |x$w_buff1#24| () (_ BitVec 32) #b00000000000000000000000000000000)
(define-fun |x#26| () (_ BitVec 32) #b00000000000000000000000000000000)
(define-fun |__unbuffered_cnt#10| () (_ BitVec 32) #b00000000000000000000000000000000)
(define-fun |nondet_symex::nondet10| () (_ BitVec 32) #b00000000000000000000000000000000)
(define-fun |__CPROVER_threads_exited#6| () (Array (_ BitVec 32) (_ BitVec 1)) ((as const (Array (_ BitVec 32) (_ BitVec 1))) #b0))
(define-fun |main::1::t2374!0@1#1| () (_ BitVec 32) #b00000000000000000000000000000000)
(define-fun |pthread_create::1::this_thread_id!0@1#1| () (_ BitVec 32) #b00000000000000000000000000000000)
(define-fun |main::1::t2375!0@1#1| () (_ BitVec 32) #b00000000000000000000000000000000)
(define-fun |pthread_create::1::this_thread_id!0@2#1| () (_ BitVec 32) #b00000000000000000000000000000000)
(define-fun |main::1::t2376!0@1#1| () (_ BitVec 32) #b00000000000000000000000000000000)
(define-fun |pthread_create::1::this_thread_id!0@3#1| () (_ BitVec 32) #b00000000000000000000000000000000)
(define-fun |P0::$tmp::return_value___VERIFIER_nondet_pointer$1!1@1#1| () (_ BitVec 32) #b00000000000000000000000000000000)
(define-fun |P1::$tmp::return_value___VERIFIER_nondet_pointer$1!2@1#1| () (_ BitVec 32) #b00000000000000000000000000000000)
(define-fun |P2::$tmp::return_value___VERIFIER_nondet_pointer$1!3@1#1| () (_ BitVec 32) #b00000000000000000000000000000000)
(define-fun |memory_model::choice_rf_1_22_0_11_T_0| () Bool false)
(define-fun |__CPROVER_threads_exited#1$wclk$8| () (_ BitVec 8) #b00001111)
(define-fun |__CPROVER_threads_exited#2$rclk$8| () (_ BitVec 8) #b11111010)
(define-fun |memory_model::choice_rf_1_22_2_51_T_1| () Bool false)
(define-fun |__CPROVER_threads_exited#5$wclk$8| () (_ BitVec 8) #b11111110)
(define-fun |memory_model::choice_rf_1_22_3_39_T_2| () Bool true)
(define-fun |__CPROVER_threads_exited#7$wclk$8| () (_ BitVec 8) #b11111001)
(define-fun |memory_model::choice_rf_2_50_0_11_T_3| () Bool false)
(define-fun |__CPROVER_threads_exited#4$rclk$8| () (_ BitVec 8) #b11110111)
(define-fun |memory_model::choice_rf_2_50_1_23_T_4| () Bool false)
(define-fun |__CPROVER_threads_exited#3$wclk$8| () (_ BitVec 8) #b11111111)
(define-fun |memory_model::choice_rf_2_50_3_39_T_5| () Bool false)
(define-fun |memory_model::choice_rf_3_38_0_11_T_6| () Bool true)
(define-fun |__CPROVER_threads_exited#6$rclk$8| () (_ BitVec 8) #b11101100)
(define-fun |memory_model::choice_rf_3_38_1_23_T_7| () Bool false)
(define-fun |memory_model::choice_rf_3_38_2_51_T_8| () Bool false)
(define-fun |memory_model::choice_rf_0_60_0_9_T_9| () Bool false)
(define-fun |memory_model::choice_rf_0_60_0_56_T_10| () Bool true)
(define-fun |memory_model::choice_rf_0_65_0_9_T_11| () Bool false)
(define-fun |memory_model::choice_rf_0_65_0_56_T_12| () Bool false)
(define-fun |memory_model::choice_rf_0_65_0_61_T_13| () Bool true)
(define-fun |memory_model::choice_rf_0_72_0_37_F_14| () Bool false)
(define-fun |memory_model::choice_rf_0_72_1_13_F_15| () Bool false)
(define-fun |x#18$wclk$8| () (_ BitVec 8) #b10111101)
(define-fun |x#2$rclk$8| () (_ BitVec 8) #b11101010)
(define-fun |memory_model::choice_rf_0_72_2_47_F_16| () Bool false)
(define-fun |x#21$wclk$8| () (_ BitVec 8) #b11011111)
(define-fun |memory_model::choice_rf_0_72_3_15_F_17| () Bool false)
(define-fun |x#25$wclk$8| () (_ BitVec 8) #b10011010)
(define-fun |memory_model::choice_rf_0_72_3_35_F_18| () Bool false)
(define-fun |x#28$wclk$8| () (_ BitVec 8) #b10101100)
(define-fun |memory_model::choice_rf_0_94_0_37_F_19| () Bool false)
(define-fun |memory_model::choice_rf_0_94_0_83_F_20| () Bool false)
(define-fun |memory_model::choice_rf_0_94_1_13_F_21| () Bool false)
(define-fun |x#6$rclk$8| () (_ BitVec 8) #b11101011)
(define-fun |memory_model::choice_rf_0_94_2_47_F_22| () Bool false)
(define-fun |memory_model::choice_rf_0_94_3_15_F_23| () Bool false)
(define-fun |memory_model::choice_rf_0_94_3_35_F_24| () Bool false)
(define-fun |memory_model::choice_rf_1_7_0_37_F_25| () Bool false)
(define-fun |x#1$wclk$8| () (_ BitVec 8) #b01001000)
(define-fun |x#15$rclk$8| () (_ BitVec 8) #b10111101)
(define-fun |memory_model::choice_rf_1_7_0_83_F_26| () Bool false)
(define-fun |x#5$wclk$8| () (_ BitVec 8) #b11101010)
(define-fun |memory_model::choice_rf_1_7_0_109_F_27| () Bool false)
(define-fun |x#14$wclk$8| () (_ BitVec 8) #b11101011)
(define-fun |memory_model::choice_rf_1_7_2_47_F_28| () Bool false)
(define-fun |memory_model::choice_rf_1_7_3_15_F_29| () Bool false)
(define-fun |memory_model::choice_rf_1_7_3_35_F_30| () Bool true)
(define-fun |memory_model::choice_rf_2_36_0_37_F_31| () Bool false)
(define-fun |x#19$rclk$8| () (_ BitVec 8) #b11011111)
(define-fun |memory_model::choice_rf_2_36_0_83_F_32| () Bool false)
(define-fun |memory_model::choice_rf_2_36_0_109_F_33| () Bool false)
(define-fun |memory_model::choice_rf_2_36_1_13_F_34| () Bool false)
(define-fun |memory_model::choice_rf_2_36_3_15_F_35| () Bool false)
(define-fun |memory_model::choice_rf_2_36_3_35_F_36| () Bool false)
(define-fun |memory_model::choice_rf_3_6_0_37_F_37| () Bool true)
(define-fun |x#22$rclk$8| () (_ BitVec 8) #b10011010)
(define-fun |memory_model::choice_rf_3_6_0_83_F_38| () Bool false)
(define-fun |memory_model::choice_rf_3_6_0_109_F_39| () Bool false)
(define-fun |memory_model::choice_rf_3_6_1_13_F_40| () Bool false)
(define-fun |memory_model::choice_rf_3_6_2_47_F_41| () Bool false)
(define-fun |memory_model::choice_rf_3_24_0_37_F_42| () Bool false)
(define-fun |x#26$rclk$8| () (_ BitVec 8) #b10101100)
(define-fun |memory_model::choice_rf_3_24_0_83_F_43| () Bool false)
(define-fun |memory_model::choice_rf_3_24_0_109_F_44| () Bool false)
(define-fun |memory_model::choice_rf_3_24_1_13_F_45| () Bool false)
(define-fun |memory_model::choice_rf_3_24_2_47_F_46| () Bool false)
(define-fun |memory_model::choice_rf_3_24_3_15_F_47| () Bool true)
(define-fun |memory_model::choice_rf_0_69_0_12_F_48| () Bool false)
(define-fun |memory_model::choice_rf_0_69_1_21_F_49| () Bool false)
(define-fun |__unbuffered_cnt#6$wclk$8| () (_ BitVec 8) #b11111001)
(define-fun |__unbuffered_cnt#2$rclk$8| () (_ BitVec 8) #b11011101)
(define-fun |memory_model::choice_rf_0_69_2_49_F_50| () Bool false)
(define-fun |__unbuffered_cnt#9$wclk$8| () (_ BitVec 8) #b11110110)
(define-fun |memory_model::choice_rf_0_69_3_37_F_51| () Bool true)
(define-fun |__unbuffered_cnt#12$wclk$8| () (_ BitVec 8) #b11001100)
(define-fun |memory_model::choice_rf_1_20_0_12_F_52| () Bool false)
(define-fun |__unbuffered_cnt#1$wclk$8| () (_ BitVec 8) #b00011010)
(define-fun |__unbuffered_cnt#4$rclk$8| () (_ BitVec 8) #b11111001)
(define-fun |memory_model::choice_rf_1_20_2_49_F_53| () Bool false)
(define-fun |memory_model::choice_rf_1_20_3_37_F_54| () Bool true)
(define-fun |memory_model::choice_rf_2_48_0_12_F_55| () Bool false)
(define-fun |__unbuffered_cnt#7$rclk$8| () (_ BitVec 8) #b11110110)
(define-fun |memory_model::choice_rf_2_48_1_21_F_56| () Bool false)
(define-fun |memory_model::choice_rf_2_48_3_37_F_57| () Bool false)
(define-fun |memory_model::choice_rf_3_36_0_12_F_58| () Bool true)
(define-fun |__unbuffered_cnt#10$rclk$8| () (_ BitVec 8) #b11001100)
(define-fun |memory_model::choice_rf_3_36_1_21_F_59| () Bool false)
(define-fun |memory_model::choice_rf_3_36_2_49_F_60| () Bool false)
(define-fun |memory_model::choice_rf_0_90_0_13_F_61| () Bool false)
(define-fun |memory_model::choice_rf_0_90_1_16_F_62| () Bool false)
(define-fun |__unbuffered_p0_EAX#4$wclk$8| () (_ BitVec 8) #b10111101)
(define-fun |__unbuffered_p0_EAX#2$rclk$8| () (_ BitVec 8) #b11101011)
(define-fun |memory_model::choice_rf_0_86_0_14_F_63| () Bool false)
(define-fun |memory_model::choice_rf_0_86_3_7_F_64| () Bool false)
(define-fun |__unbuffered_p2_EAX#11$wclk$8| () (_ BitVec 8) #b10011010)
(define-fun |__unbuffered_p2_EAX#2$rclk$8| () (_ BitVec 8) #b11101011)
(define-fun |memory_model::choice_rf_0_101_0_25_F_65| () Bool false)
(define-fun |memory_model::choice_rf_0_101_3_8_F_66| () Bool false)
(define-fun |__unbuffered_p2_EAX$read_delayed#4$wclk$8| () (_ BitVec 8) #b10011010)
(define-fun |__unbuffered_p2_EAX$read_delayed#2$rclk$8| () (_ BitVec 8) #b11101011)
(define-fun |memory_model::choice_rf_0_85_0_31_F_67| () Bool false)
(define-fun |memory_model::choice_rf_0_85_3_23_F_68| () Bool false)
(define-fun |__unbuffered_p2_EBX#4$wclk$8| () (_ BitVec 8) #b10101011)
(define-fun |__unbuffered_p2_EBX#2$rclk$8| () (_ BitVec 8) #b11101011)
(define-fun |memory_model::choice_rf_0_71_0_32_F_69| () Bool false)
(define-fun |memory_model::choice_rf_0_71_0_70_F_70| () Bool true)
(define-fun |memory_model::choice_rf_0_84_0_33_F_71| () Bool false)
(define-fun |main$tmp_guard1#5| () (_ BitVec 8) #b00000000)
(define-fun |memory_model::choice_rf_0_116_0_33_F_72| () Bool false)
(define-fun |memory_model::choice_rf_0_116_0_102_F_73| () Bool false)
(define-fun |memory_model::choice_rf_0_117_0_33_F_74| () Bool false)
(define-fun |memory_model::choice_rf_0_117_0_102_F_75| () Bool false)
(define-fun |memory_model::choice_rf_0_93_0_38_F_76| () Bool false)
(define-fun |memory_model::choice_rf_0_93_1_15_F_77| () Bool false)
(define-fun |x$flush_delayed#9$wclk$8| () (_ BitVec 8) #b10111101)
(define-fun |x$flush_delayed#3$rclk$8| () (_ BitVec 8) #b11101011)
(define-fun |memory_model::choice_rf_0_93_3_18_F_78| () Bool false)
(define-fun |x$flush_delayed#11$wclk$8| () (_ BitVec 8) #b10011010)
(define-fun |memory_model::choice_rf_0_95_0_39_F_79| () Bool false)
(define-fun |memory_model::choice_rf_0_95_1_14_F_80| () Bool false)
(define-fun |x$mem_tmp#6$wclk$8| () (_ BitVec 8) #b10111101)
(define-fun |x$mem_tmp#3$rclk$8| () (_ BitVec 8) #b11101011)
(define-fun |memory_model::choice_rf_0_95_3_17_F_81| () Bool false)
(define-fun |x$mem_tmp#7$wclk$8| () (_ BitVec 8) #b10011010)
(define-fun |memory_model::choice_rf_0_77_0_40_F_82| () Bool false)
(define-fun |memory_model::choice_rf_0_97_0_40_F_83| () Bool false)
(define-fun |memory_model::choice_rf_0_97_0_80_F_84| () Bool false)
(define-fun |memory_model::choice_rf_2_7_0_40_F_85| () Bool true)
(define-fun |x$r_buff0_thd0#1$wclk$8| () (_ BitVec 8) #b01001011)
(define-fun |x$r_buff0_thd0#38$rclk$8| () (_ BitVec 8) #b11011010)
(define-fun |memory_model::choice_rf_2_7_0_80_F_86| () Bool false)
(define-fun |x$r_buff0_thd0#10$wclk$8| () (_ BitVec 8) #b11101010)
(define-fun |memory_model::choice_rf_2_7_0_112_F_87| () Bool false)
(define-fun |x$r_buff0_thd0#37$wclk$8| () (_ BitVec 8) #b11101011)
(define-fun |memory_model::choice_rf_2_21_0_40_F_88| () Bool false)
(define-fun |x$r_buff0_thd0#40$rclk$8| () (_ BitVec 8) #b11011110)
(define-fun |memory_model::choice_rf_2_21_0_80_F_89| () Bool false)
(define-fun |memory_model::choice_rf_2_21_0_112_F_90| () Bool false)
(define-fun |memory_model::choice_rf_1_5_0_41_F_91| () Bool true)
(define-fun |x$r_buff0_thd1#1$wclk$8| () (_ BitVec 8) #b01001101)
(define-fun |x$r_buff0_thd1#2$rclk$8| () (_ BitVec 8) #b10111101)
(define-fun |memory_model::choice_rf_2_5_0_41_F_92| () Bool false)
(define-fun |x$r_buff0_thd1#5$rclk$8| () (_ BitVec 8) #b11011010)
(define-fun |memory_model::choice_rf_2_5_1_9_F_93| () Bool true)
(define-fun |x$r_buff0_thd1#4$wclk$8| () (_ BitVec 8) #b10111101)
(define-fun |memory_model::choice_rf_2_20_0_41_F_94| () Bool false)
(define-fun |x$r_buff0_thd1#7$rclk$8| () (_ BitVec 8) #b11011110)
(define-fun |memory_model::choice_rf_2_20_1_9_F_95| () Bool false)
(define-fun |memory_model::choice_rf_2_3_0_42_F_96| () Bool true)
(define-fun |x$r_buff0_thd2#1$wclk$8| () (_ BitVec 8) #b01001110)
(define-fun |x$r_buff0_thd2#2$rclk$8| () (_ BitVec 8) #b11011010)
(define-fun |memory_model::choice_rf_2_22_0_42_F_97| () Bool false)
(define-fun |x$r_buff0_thd2#6$rclk$8| () (_ BitVec 8) #b11011110)
(define-fun |memory_model::choice_rf_2_22_2_15_F_98| () Bool false)
(define-fun |memory_model::choice_rf_2_41_0_42_F_99| () Bool false)
(define-fun |x$r_buff0_thd2#9$rclk$8| () (_ BitVec 8) #b11011111)
(define-fun |memory_model::choice_rf_2_41_2_15_F_100| () Bool false)
(define-fun |memory_model::choice_rf_2_41_2_32_F_101| () Bool false)
(define-fun |memory_model::choice_rf_2_1_0_43_F_102| () Bool false)
(define-fun |x$r_buff0_thd3#1$wclk$8| () (_ BitVec 8) #b01010010)
(define-fun |x$r_buff0_thd3#2$rclk$8| () (_ BitVec 8) #b11011010)
(define-fun |memory_model::choice_rf_2_1_3_10_F_103| () Bool false)
(define-fun |x$r_buff0_thd3#8$wclk$8| () (_ BitVec 8) #b10011010)
(define-fun |memory_model::choice_rf_2_1_3_32_F_104| () Bool true)
(define-fun |x$r_buff0_thd3#11$wclk$8| () (_ BitVec 8) #b10101100)
(define-fun |memory_model::choice_rf_2_19_0_43_F_105| () Bool false)
(define-fun |x$r_buff0_thd3#4$rclk$8| () (_ BitVec 8) #b11011110)
(define-fun |memory_model::choice_rf_2_19_3_10_F_106| () Bool false)
(define-fun |memory_model::choice_rf_2_19_3_32_F_107| () Bool false)
(define-fun |memory_model::choice_rf_3_4_0_43_F_108| () Bool true)
(define-fun |x$r_buff0_thd3#6$rclk$8| () (_ BitVec 8) #b10011010)
(define-fun |memory_model::choice_rf_3_29_0_43_F_109| () Bool false)
(define-fun |x$r_buff0_thd3#9$rclk$8| () (_ BitVec 8) #b10101100)
(define-fun |memory_model::choice_rf_3_29_3_10_F_110| () Bool true)
(define-fun |memory_model::choice_rf_0_76_0_44_F_111| () Bool false)
(define-fun |memory_model::choice_rf_0_76_2_13_F_112| () Bool false)
(define-fun |x$r_buff1_thd0#23$wclk$8| () (_ BitVec 8) #b11011010)
(define-fun |x$r_buff1_thd0#2$rclk$8| () (_ BitVec 8) #b11101010)
(define-fun |memory_model::choice_rf_0_76_2_30_F_113| () Bool false)
(define-fun |x$r_buff1_thd0#24$wclk$8| () (_ BitVec 8) #b11011110)
(define-fun |memory_model::choice_rf_0_99_0_44_F_114| () Bool false)
(define-fun |memory_model::choice_rf_0_99_0_79_F_115| () Bool false)
(define-fun |memory_model::choice_rf_0_99_2_13_F_116| () Bool false)
(define-fun |x$r_buff1_thd0#9$rclk$8| () (_ BitVec 8) #b11101011)
(define-fun |memory_model::choice_rf_0_99_2_30_F_117| () Bool false)
(define-fun |memory_model::choice_rf_2_6_0_44_F_118| () Bool false)
(define-fun |x$r_buff1_thd0#1$wclk$8| () (_ BitVec 8) #b01010100)
(define-fun |x$r_buff1_thd0#22$rclk$8| () (_ BitVec 8) #b11011010)
(define-fun |memory_model::choice_rf_2_6_0_79_F_119| () Bool false)
(define-fun |x$r_buff1_thd0#8$wclk$8| () (_ BitVec 8) #b11101010)
(define-fun |memory_model::choice_rf_2_6_0_114_F_120| () Bool false)
(define-fun |x$r_buff1_thd0#20$wclk$8| () (_ BitVec 8) #b11101011)
(define-fun |memory_model::choice_rf_1_3_0_45_F_121| () Bool true)
(define-fun |x$r_buff1_thd1#1$wclk$8| () (_ BitVec 8) #b01010101)
(define-fun |x$r_buff1_thd1#2$rclk$8| () (_ BitVec 8) #b10111101)
(define-fun |memory_model::choice_rf_1_3_2_12_F_122| () Bool false)
(define-fun |x$r_buff1_thd1#7$wclk$8| () (_ BitVec 8) #b11011010)
(define-fun |memory_model::choice_rf_1_3_2_29_F_123| () Bool false)
(define-fun |x$r_buff1_thd1#8$wclk$8| () (_ BitVec 8) #b11011110)
(define-fun |memory_model::choice_rf_2_4_0_45_F_124| () Bool false)
(define-fun |x$r_buff1_thd1#6$rclk$8| () (_ BitVec 8) #b11011010)
(define-fun |memory_model::choice_rf_2_4_1_8_F_125| () Bool false)
(define-fun |x$r_buff1_thd1#4$wclk$8| () (_ BitVec 8) #b10111101)
(define-fun |memory_model::choice_rf_2_2_0_46_F_126| () Bool false)
(define-fun |x$r_buff1_thd2#1$wclk$8| () (_ BitVec 8) #b01011001)
(define-fun |x$r_buff1_thd2#3$rclk$8| () (_ BitVec 8) #b11011010)
(define-fun |memory_model::choice_rf_2_38_0_46_F_127| () Bool false)
(define-fun |x$r_buff1_thd2#6$rclk$8| () (_ BitVec 8) #b11011111)
(define-fun |memory_model::choice_rf_2_38_2_11_F_128| () Bool false)
(define-fun |memory_model::choice_rf_2_38_2_28_F_129| () Bool false)
(define-fun |memory_model::choice_rf_2_0_0_47_F_130| () Bool false)
(define-fun |x$r_buff1_thd3#1$wclk$8| () (_ BitVec 8) #b01011010)
(define-fun |x$r_buff1_thd3#3$rclk$8| () (_ BitVec 8) #b11011010)
(define-fun |memory_model::choice_rf_2_0_3_9_F_131| () Bool false)
(define-fun |x$r_buff1_thd3#8$wclk$8| () (_ BitVec 8) #b10011010)
(define-fun |memory_model::choice_rf_2_0_3_31_F_132| () Bool false)
(define-fun |x$r_buff1_thd3#11$wclk$8| () (_ BitVec 8) #b10101100)
(define-fun |memory_model::choice_rf_3_2_0_47_F_133| () Bool true)
(define-fun |x$r_buff1_thd3#6$rclk$8| () (_ BitVec 8) #b10011010)
(define-fun |memory_model::choice_rf_3_2_2_10_F_134| () Bool false)
(define-fun |x$r_buff1_thd3#4$wclk$8| () (_ BitVec 8) #b11011010)
(define-fun |memory_model::choice_rf_3_2_2_27_F_135| () Bool false)
(define-fun |x$r_buff1_thd3#5$wclk$8| () (_ BitVec 8) #b11011110)
(define-fun |memory_model::choice_rf_3_26_0_47_F_136| () Bool false)
(define-fun |x$r_buff1_thd3#9$rclk$8| () (_ BitVec 8) #b10101100)
(define-fun |memory_model::choice_rf_3_26_2_10_F_137| () Bool false)
(define-fun |memory_model::choice_rf_3_26_2_27_F_138| () Bool false)
(define-fun |memory_model::choice_rf_3_26_3_9_F_139| () Bool true)
(define-fun |memory_model::choice_rf_0_75_0_50_F_140| () Bool false)
(define-fun |memory_model::choice_rf_0_75_1_17_F_141| () Bool false)
(define-fun |x$w_buff0#14$wclk$8| () (_ BitVec 8) #b10111101)
(define-fun |x$w_buff0#2$rclk$8| () (_ BitVec 8) #b11101010)
(define-fun |memory_model::choice_rf_0_75_2_17_F_142| () Bool false)
(define-fun |x$w_buff0#17$wclk$8| () (_ BitVec 8) #b11011010)
(define-fun |memory_model::choice_rf_0_75_2_34_F_143| () Bool false)
(define-fun |x$w_buff0#21$wclk$8| () (_ BitVec 8) #b11011110)
(define-fun |memory_model::choice_rf_0_75_3_19_F_144| () Bool false)
(define-fun |x$w_buff0#26$wclk$8| () (_ BitVec 8) #b10011010)
(define-fun |memory_model::choice_rf_0_92_0_50_F_145| () Bool false)
(define-fun |memory_model::choice_rf_0_92_1_17_F_146| () Bool false)
(define-fun |x$w_buff0#4$rclk$8| () (_ BitVec 8) #b11101011)
(define-fun |memory_model::choice_rf_0_92_2_17_F_147| () Bool false)
(define-fun |memory_model::choice_rf_0_92_2_34_F_148| () Bool false)
(define-fun |memory_model::choice_rf_0_92_3_19_F_149| () Bool false)
(define-fun |memory_model::choice_rf_1_2_0_50_F_150| () Bool false)
(define-fun |x$w_buff0#1$wclk$8| () (_ BitVec 8) #b01011101)
(define-fun |x$w_buff0#12$rclk$8| () (_ BitVec 8) #b10111101)
(define-fun |memory_model::choice_rf_1_2_0_105_F_151| () Bool false)
(define-fun |x$w_buff0#11$wclk$8| () (_ BitVec 8) #b11101011)
(define-fun |memory_model::choice_rf_1_2_2_17_F_152| () Bool false)
(define-fun |memory_model::choice_rf_1_2_2_34_F_153| () Bool false)
(define-fun |memory_model::choice_rf_1_2_3_19_F_154| () Bool true)
(define-fun |memory_model::choice_rf_2_9_0_50_F_155| () Bool false)
(define-fun |x$w_buff0#15$rclk$8| () (_ BitVec 8) #b11011010)
(define-fun |memory_model::choice_rf_2_9_0_105_F_156| () Bool false)
(define-fun |memory_model::choice_rf_2_9_1_17_F_157| () Bool true)
(define-fun |memory_model::choice_rf_2_9_3_19_F_158| () Bool false)
(define-fun |memory_model::choice_rf_2_26_0_50_F_159| () Bool false)
(define-fun |x$w_buff0#18$rclk$8| () (_ BitVec 8) #b11011110)
(define-fun |memory_model::choice_rf_2_26_0_105_F_160| () Bool false)
(define-fun |memory_model::choice_rf_2_26_1_17_F_161| () Bool false)
(define-fun |memory_model::choice_rf_2_26_2_17_F_162| () Bool true)
(define-fun |memory_model::choice_rf_2_26_3_19_F_163| () Bool false)
(define-fun |memory_model::choice_rf_2_39_0_50_F_164| () Bool false)
(define-fun |x$w_buff0#22$rclk$8| () (_ BitVec 8) #b11011111)
(define-fun |memory_model::choice_rf_2_39_0_105_F_165| () Bool false)
(define-fun |memory_model::choice_rf_2_39_1_17_F_166| () Bool false)
(define-fun |memory_model::choice_rf_2_39_2_17_F_167| () Bool false)
(define-fun |memory_model::choice_rf_2_39_2_34_F_168| () Bool false)
(define-fun |memory_model::choice_rf_2_39_3_19_F_169| () Bool false)
(define-fun |memory_model::choice_rf_3_3_0_50_F_170| () Bool true)
(define-fun |x$w_buff0#24$rclk$8| () (_ BitVec 8) #b10011010)
(define-fun |memory_model::choice_rf_3_3_0_105_F_171| () Bool false)
(define-fun |memory_model::choice_rf_3_3_1_17_F_172| () Bool false)
(define-fun |memory_model::choice_rf_3_3_2_17_F_173| () Bool false)
(define-fun |memory_model::choice_rf_3_3_2_34_F_174| () Bool false)
(define-fun |memory_model::choice_rf_3_28_0_50_F_175| () Bool false)
(define-fun |x$w_buff0#27$rclk$8| () (_ BitVec 8) #b10101100)
(define-fun |memory_model::choice_rf_3_28_0_105_F_176| () Bool false)
(define-fun |memory_model::choice_rf_3_28_1_17_F_177| () Bool false)
(define-fun |memory_model::choice_rf_3_28_2_17_F_178| () Bool false)
(define-fun |memory_model::choice_rf_3_28_2_34_F_179| () Bool false)
(define-fun |memory_model::choice_rf_3_28_3_19_F_180| () Bool true)
(define-fun |memory_model::choice_rf_0_78_0_51_F_181| () Bool false)
(define-fun |memory_model::choice_rf_0_78_1_11_F_182| () Bool false)
(define-fun |x$w_buff0_used#33$wclk$8| () (_ BitVec 8) #b10111101)
(define-fun |x$w_buff0_used#2$rclk$8| () (_ BitVec 8) #b11101010)
(define-fun |memory_model::choice_rf_0_78_2_14_F_183| () Bool false)
(define-fun |x$w_buff0_used#36$wclk$8| () (_ BitVec 8) #b11011010)
(define-fun |memory_model::choice_rf_0_78_2_31_F_184| () Bool false)
(define-fun |x$w_buff0_used#42$wclk$8| () (_ BitVec 8) #b11011110)
(define-fun |memory_model::choice_rf_0_78_2_46_F_185| () Bool false)
(define-fun |x$w_buff0_used#45$wclk$8| () (_ BitVec 8) #b11011111)
(define-fun |memory_model::choice_rf_0_78_3_12_F_186| () Bool false)
(define-fun |x$w_buff0_used#48$wclk$8| () (_ BitVec 8) #b10011010)
(define-fun |memory_model::choice_rf_0_78_3_34_F_187| () Bool false)
(define-fun |x$w_buff0_used#51$wclk$8| () (_ BitVec 8) #b10101100)
(define-fun |memory_model::choice_rf_0_96_0_51_F_188| () Bool false)
(define-fun |memory_model::choice_rf_0_96_0_82_F_189| () Bool false)
(define-fun |memory_model::choice_rf_0_96_1_11_F_190| () Bool false)
(define-fun |x$w_buff0_used#11$rclk$8| () (_ BitVec 8) #b11101011)
(define-fun |memory_model::choice_rf_0_96_2_14_F_191| () Bool false)
(define-fun |memory_model::choice_rf_0_96_2_31_F_192| () Bool false)
(define-fun |memory_model::choice_rf_0_96_2_46_F_193| () Bool false)
(define-fun |memory_model::choice_rf_0_96_3_12_F_194| () Bool false)
(define-fun |memory_model::choice_rf_0_96_3_34_F_195| () Bool false)
(define-fun |memory_model::choice_rf_1_6_0_51_F_196| () Bool false)
(define-fun |x$w_buff0_used#1$wclk$8| () (_ BitVec 8) #b01011110)
(define-fun |x$w_buff0_used#31$rclk$8| () (_ BitVec 8) #b10111101)
(define-fun |memory_model::choice_rf_1_6_0_82_F_197| () Bool false)
(define-fun |x$w_buff0_used#10$wclk$8| () (_ BitVec 8) #b11101010)
(define-fun |memory_model::choice_rf_1_6_0_111_F_198| () Bool false)
(define-fun |x$w_buff0_used#30$wclk$8| () (_ BitVec 8) #b11101011)
(define-fun |memory_model::choice_rf_1_6_2_14_F_199| () Bool false)
(define-fun |memory_model::choice_rf_1_6_2_31_F_200| () Bool false)
(define-fun |memory_model::choice_rf_1_6_2_46_F_201| () Bool false)
(define-fun |memory_model::choice_rf_1_6_3_12_F_202| () Bool false)
(define-fun |memory_model::choice_rf_1_6_3_34_F_203| () Bool true)
(define-fun |memory_model::choice_rf_2_8_0_51_F_204| () Bool false)
(define-fun |x$w_buff0_used#34$rclk$8| () (_ BitVec 8) #b11011010)
(define-fun |memory_model::choice_rf_2_8_0_82_F_205| () Bool false)
(define-fun |memory_model::choice_rf_2_8_0_111_F_206| () Bool false)
(define-fun |memory_model::choice_rf_2_8_1_11_F_207| () Bool true)
(define-fun |memory_model::choice_rf_2_8_3_12_F_208| () Bool false)
(define-fun |memory_model::choice_rf_2_8_3_34_F_209| () Bool false)
(define-fun |memory_model::choice_rf_2_24_0_51_F_210| () Bool false)
(define-fun |x$w_buff0_used#37$rclk$8| () (_ BitVec 8) #b11011110)
(define-fun |memory_model::choice_rf_2_24_0_82_F_211| () Bool false)
(define-fun |memory_model::choice_rf_2_24_0_111_F_212| () Bool false)
(define-fun |memory_model::choice_rf_2_24_1_11_F_213| () Bool false)
(define-fun |memory_model::choice_rf_2_24_2_14_F_214| () Bool true)
(define-fun |memory_model::choice_rf_2_24_3_12_F_215| () Bool false)
(define-fun |memory_model::choice_rf_2_24_3_34_F_216| () Bool false)
(define-fun |memory_model::choice_rf_2_42_0_51_F_217| () Bool false)
(define-fun |x$w_buff0_used#43$rclk$8| () (_ BitVec 8) #b11011111)
(define-fun |memory_model::choice_rf_2_42_0_82_F_218| () Bool false)
(define-fun |memory_model::choice_rf_2_42_0_111_F_219| () Bool false)
(define-fun |memory_model::choice_rf_2_42_1_11_F_220| () Bool false)
(define-fun |memory_model::choice_rf_2_42_2_14_F_221| () Bool false)
(define-fun |memory_model::choice_rf_2_42_2_31_F_222| () Bool false)
(define-fun |memory_model::choice_rf_2_42_3_12_F_223| () Bool false)
(define-fun |memory_model::choice_rf_2_42_3_34_F_224| () Bool false)
(define-fun |memory_model::choice_rf_3_5_0_51_F_225| () Bool true)
(define-fun |x$w_buff0_used#46$rclk$8| () (_ BitVec 8) #b10011010)
(define-fun |memory_model::choice_rf_3_5_0_82_F_226| () Bool false)
(define-fun |memory_model::choice_rf_3_5_0_111_F_227| () Bool false)
(define-fun |memory_model::choice_rf_3_5_1_11_F_228| () Bool false)
(define-fun |memory_model::choice_rf_3_5_2_14_F_229| () Bool false)
(define-fun |memory_model::choice_rf_3_5_2_31_F_230| () Bool false)
(define-fun |memory_model::choice_rf_3_5_2_46_F_231| () Bool false)
(define-fun |memory_model::choice_rf_3_30_0_51_F_232| () Bool false)
(define-fun |x$w_buff0_used#49$rclk$8| () (_ BitVec 8) #b10101100)
(define-fun |memory_model::choice_rf_3_30_0_82_F_233| () Bool false)
(define-fun |memory_model::choice_rf_3_30_0_111_F_234| () Bool false)
(define-fun |memory_model::choice_rf_3_30_1_11_F_235| () Bool false)
(define-fun |memory_model::choice_rf_3_30_2_14_F_236| () Bool false)
(define-fun |memory_model::choice_rf_3_30_2_31_F_237| () Bool false)
(define-fun |memory_model::choice_rf_3_30_2_46_F_238| () Bool false)
(define-fun |memory_model::choice_rf_3_30_3_12_F_239| () Bool true)
(define-fun |memory_model::choice_rf_0_73_0_52_F_240| () Bool false)
(define-fun |memory_model::choice_rf_0_73_1_12_F_241| () Bool false)
(define-fun |x$w_buff1#14$wclk$8| () (_ BitVec 8) #b10111101)
(define-fun |x$w_buff1#2$rclk$8| () (_ BitVec 8) #b11101010)
(define-fun |memory_model::choice_rf_0_73_2_18_F_242| () Bool false)
(define-fun |x$w_buff1#15$wclk$8| () (_ BitVec 8) #b11011010)
(define-fun |memory_model::choice_rf_0_73_2_35_F_243| () Bool false)
(define-fun |x$w_buff1#18$wclk$8| () (_ BitVec 8) #b11011110)
(define-fun |memory_model::choice_rf_0_73_3_13_F_244| () Bool false)
(define-fun |x$w_buff1#23$wclk$8| () (_ BitVec 8) #b10011010)
(define-fun |memory_model::choice_rf_0_100_0_52_F_245| () Bool false)
(define-fun |memory_model::choice_rf_0_100_1_12_F_246| () Bool false)
(define-fun |x$w_buff1#4$rclk$8| () (_ BitVec 8) #b11101011)
(define-fun |memory_model::choice_rf_0_100_2_18_F_247| () Bool false)
(define-fun |memory_model::choice_rf_0_100_2_35_F_248| () Bool false)
(define-fun |memory_model::choice_rf_0_100_3_13_F_249| () Bool false)
(define-fun |memory_model::choice_rf_1_1_0_52_F_250| () Bool false)
(define-fun |x$w_buff1#1$wclk$8| () (_ BitVec 8) #b01011111)
(define-fun |x$w_buff1#12$rclk$8| () (_ BitVec 8) #b10111101)
(define-fun |memory_model::choice_rf_1_1_0_110_F_251| () Bool false)
(define-fun |x$w_buff1#11$wclk$8| () (_ BitVec 8) #b11101011)
(define-fun |memory_model::choice_rf_1_1_2_18_F_252| () Bool false)
(define-fun |memory_model::choice_rf_1_1_2_35_F_253| () Bool false)
(define-fun |memory_model::choice_rf_1_1_3_13_F_254| () Bool true)
(define-fun |memory_model::choice_rf_2_25_0_52_F_255| () Bool false)
(define-fun |x$w_buff1#17$rclk$8| () (_ BitVec 8) #b11011110)
(define-fun |memory_model::choice_rf_2_25_0_110_F_256| () Bool false)
(define-fun |memory_model::choice_rf_2_25_1_12_F_257| () Bool false)
(define-fun |memory_model::choice_rf_2_25_2_18_F_258| () Bool false)
(define-fun |memory_model::choice_rf_2_25_3_13_F_259| () Bool false)
(define-fun |memory_model::choice_rf_2_37_0_52_F_260| () Bool false)
(define-fun |x$w_buff1#19$rclk$8| () (_ BitVec 8) #b11011111)
(define-fun |memory_model::choice_rf_2_37_0_110_F_261| () Bool false)
(define-fun |memory_model::choice_rf_2_37_1_12_F_262| () Bool false)
(define-fun |memory_model::choice_rf_2_37_2_18_F_263| () Bool false)
(define-fun |memory_model::choice_rf_2_37_2_35_F_264| () Bool false)
(define-fun |memory_model::choice_rf_2_37_3_13_F_265| () Bool false)
(define-fun |memory_model::choice_rf_3_0_0_52_F_266| () Bool true)
(define-fun |x$w_buff1#21$rclk$8| () (_ BitVec 8) #b10011010)
(define-fun |memory_model::choice_rf_3_0_0_110_F_267| () Bool false)
(define-fun |memory_model::choice_rf_3_0_1_12_F_268| () Bool false)
(define-fun |memory_model::choice_rf_3_0_2_18_F_269| () Bool false)
(define-fun |memory_model::choice_rf_3_0_2_35_F_270| () Bool false)
(define-fun |memory_model::choice_rf_3_25_0_52_F_271| () Bool false)
(define-fun |x$w_buff1#24$rclk$8| () (_ BitVec 8) #b10101100)
(define-fun |memory_model::choice_rf_3_25_0_110_F_272| () Bool false)
(define-fun |memory_model::choice_rf_3_25_1_12_F_273| () Bool false)
(define-fun |memory_model::choice_rf_3_25_2_18_F_274| () Bool false)
(define-fun |memory_model::choice_rf_3_25_2_35_F_275| () Bool false)
(define-fun |memory_model::choice_rf_3_25_3_13_F_276| () Bool true)
(define-fun |memory_model::choice_rf_0_74_0_53_F_277| () Bool false)
(define-fun |memory_model::choice_rf_0_74_1_10_F_278| () Bool false)
(define-fun |x$w_buff1_used#23$wclk$8| () (_ BitVec 8) #b10111101)
(define-fun |x$w_buff1_used#2$rclk$8| () (_ BitVec 8) #b11101010)
(define-fun |memory_model::choice_rf_0_74_2_16_F_279| () Bool false)
(define-fun |x$w_buff1_used#24$wclk$8| () (_ BitVec 8) #b11011010)
(define-fun |memory_model::choice_rf_0_74_2_33_F_280| () Bool false)
(define-fun |x$w_buff1_used#29$wclk$8| () (_ BitVec 8) #b11011110)
(define-fun |memory_model::choice_rf_0_74_2_45_F_281| () Bool false)
(define-fun |x$w_buff1_used#32$wclk$8| () (_ BitVec 8) #b11011111)
(define-fun |memory_model::choice_rf_0_74_3_11_F_282| () Bool false)
(define-fun |x$w_buff1_used#35$wclk$8| () (_ BitVec 8) #b10011010)
(define-fun |memory_model::choice_rf_0_74_3_33_F_283| () Bool false)
(define-fun |x$w_buff1_used#38$wclk$8| () (_ BitVec 8) #b10101100)
(define-fun |memory_model::choice_rf_0_89_0_53_F_284| () Bool false)
(define-fun |memory_model::choice_rf_0_89_0_81_F_285| () Bool false)
(define-fun |memory_model::choice_rf_0_89_1_10_F_286| () Bool false)
(define-fun |x$w_buff1_used#9$rclk$8| () (_ BitVec 8) #b11101011)
(define-fun |memory_model::choice_rf_0_89_2_16_F_287| () Bool false)
(define-fun |memory_model::choice_rf_0_89_2_33_F_288| () Bool false)
(define-fun |memory_model::choice_rf_0_89_2_45_F_289| () Bool false)
(define-fun |memory_model::choice_rf_0_89_3_11_F_290| () Bool false)
(define-fun |memory_model::choice_rf_0_89_3_33_F_291| () Bool false)
(define-fun |memory_model::choice_rf_1_4_0_53_F_292| () Bool false)
(define-fun |x$w_buff1_used#1$wclk$8| () (_ BitVec 8) #b01111011)
(define-fun |x$w_buff1_used#21$rclk$8| () (_ BitVec 8) #b10111101)
(define-fun |memory_model::choice_rf_1_4_0_81_F_293| () Bool false)
(define-fun |x$w_buff1_used#8$wclk$8| () (_ BitVec 8) #b11101010)
(define-fun |memory_model::choice_rf_1_4_0_106_F_294| () Bool false)
(define-fun |x$w_buff1_used#20$wclk$8| () (_ BitVec 8) #b11101011)
(define-fun |memory_model::choice_rf_1_4_2_16_F_295| () Bool false)
(define-fun |memory_model::choice_rf_1_4_2_33_F_296| () Bool false)
(define-fun |memory_model::choice_rf_1_4_2_45_F_297| () Bool false)
(define-fun |memory_model::choice_rf_1_4_3_11_F_298| () Bool false)
(define-fun |memory_model::choice_rf_1_4_3_33_F_299| () Bool true)
(define-fun |memory_model::choice_rf_2_23_0_53_F_300| () Bool false)
(define-fun |x$w_buff1_used#26$rclk$8| () (_ BitVec 8) #b11011110)
(define-fun |memory_model::choice_rf_2_23_0_81_F_301| () Bool false)
(define-fun |memory_model::choice_rf_2_23_0_106_F_302| () Bool false)
(define-fun |memory_model::choice_rf_2_23_1_10_F_303| () Bool false)
(define-fun |memory_model::choice_rf_2_23_2_16_F_304| () Bool false)
(define-fun |memory_model::choice_rf_2_23_3_11_F_305| () Bool false)
(define-fun |memory_model::choice_rf_2_23_3_33_F_306| () Bool false)
(define-fun |memory_model::choice_rf_2_40_0_53_F_307| () Bool false)
(define-fun |x$w_buff1_used#30$rclk$8| () (_ BitVec 8) #b11011111)
(define-fun |memory_model::choice_rf_2_40_0_81_F_308| () Bool false)
(define-fun |memory_model::choice_rf_2_40_0_106_F_309| () Bool false)
(define-fun |memory_model::choice_rf_2_40_1_10_F_310| () Bool false)
(define-fun |memory_model::choice_rf_2_40_2_16_F_311| () Bool false)
(define-fun |memory_model::choice_rf_2_40_2_33_F_312| () Bool false)
(define-fun |memory_model::choice_rf_2_40_3_11_F_313| () Bool false)
(define-fun |memory_model::choice_rf_2_40_3_33_F_314| () Bool false)
(define-fun |memory_model::choice_rf_3_1_0_53_F_315| () Bool true)
(define-fun |x$w_buff1_used#33$rclk$8| () (_ BitVec 8) #b10011010)
(define-fun |memory_model::choice_rf_3_1_0_81_F_316| () Bool false)
(define-fun |memory_model::choice_rf_3_1_0_106_F_317| () Bool false)
(define-fun |memory_model::choice_rf_3_1_1_10_F_318| () Bool false)
(define-fun |memory_model::choice_rf_3_1_2_16_F_319| () Bool false)
(define-fun |memory_model::choice_rf_3_1_2_33_F_320| () Bool false)
(define-fun |memory_model::choice_rf_3_1_2_45_F_321| () Bool false)
(define-fun |memory_model::choice_rf_3_27_0_53_F_322| () Bool false)
(define-fun |x$w_buff1_used#36$rclk$8| () (_ BitVec 8) #b10101100)
(define-fun |memory_model::choice_rf_3_27_0_81_F_323| () Bool false)
(define-fun |memory_model::choice_rf_3_27_0_106_F_324| () Bool false)
(define-fun |memory_model::choice_rf_3_27_1_10_F_325| () Bool false)
(define-fun |memory_model::choice_rf_3_27_2_16_F_326| () Bool false)
(define-fun |memory_model::choice_rf_3_27_2_33_F_327| () Bool false)
(define-fun |memory_model::choice_rf_3_27_2_45_F_328| () Bool false)
(define-fun |memory_model::choice_rf_3_27_3_11_F_329| () Bool true)
(define-fun |memory_model::choice_rf_3_22_0_54_F_330| () Bool false)
(define-fun |y#1$wclk$8| () (_ BitVec 8) #b01111110)
(define-fun |y#3$rclk$8| () (_ BitVec 8) #b10101011)
(define-fun |memory_model::choice_rf_3_22_1_0_F_331| () Bool true)
(define-fun |y#2$wclk$8| () (_ BitVec 8) #b10011010)
(define-fun |memory_model::choice_rf_0_98_0_34_F_332| () Bool false)
(define-fun |memory_model::choice_rf_0_98_1_19_F_333| () Bool false)
(define-fun |weak$$choice0#5$wclk$8| () (_ BitVec 8) #b10111101)
(define-fun |weak$$choice0#3$rclk$8| () (_ BitVec 8) #b11101011)
(define-fun |memory_model::choice_rf_0_98_3_21_F_334| () Bool false)
(define-fun |weak$$choice0#6$wclk$8| () (_ BitVec 8) #b10011010)
(define-fun |memory_model::choice_rf_0_88_0_35_F_335| () Bool false)
(define-fun |memory_model::choice_rf_0_88_3_16_F_336| () Bool false)
(define-fun |weak$$choice1#8$wclk$8| () (_ BitVec 8) #b10011010)
(define-fun |weak$$choice1#3$rclk$8| () (_ BitVec 8) #b11101011)
(define-fun |memory_model::choice_rf_0_91_0_36_F_337| () Bool false)
(define-fun |memory_model::choice_rf_0_91_1_18_F_338| () Bool false)
(define-fun |weak$$choice2#12$wclk$8| () (_ BitVec 8) #b10111101)
(define-fun |weak$$choice2#3$rclk$8| () (_ BitVec 8) #b11101011)
(define-fun |memory_model::choice_rf_0_91_3_20_F_339| () Bool false)
(define-fun |weak$$choice2#13$wclk$8| () (_ BitVec 8) #b10011010)
(define-fun __unbuffered_p2_EAX$read_delayed_var$object () (_ BitVec 32) #b00000000000000000000000000000000)
(define-fun |memory_model::choice_rf_0_87_0_2_F_340| () Bool false)
(define-fun |memory_model::choice_ws-ext_0_11_1_23_T_341| () Bool true)
(define-fun |memory_model::choice_ws-ext_0_11_2_51_T_342| () Bool true)
(define-fun |memory_model::choice_ws-ext_0_11_3_39_T_343| () Bool true)
(define-fun |memory_model::choice_ws-ext_1_23_2_51_T_344| () Bool false)
(define-fun |memory_model::choice_ws-ext_1_23_3_39_T_345| () Bool false)
(define-fun |memory_model::choice_ws-ext_2_51_3_39_T_346| () Bool false)
(define-fun |memory_model::choice_ws-ext_0_37_1_13_F_347| () Bool true)
(define-fun |memory_model::choice_ws-ext_0_37_2_47_F_348| () Bool true)
(define-fun |memory_model::choice_ws-ext_0_37_3_15_F_349| () Bool true)
(define-fun |memory_model::choice_ws-ext_0_37_3_35_F_350| () Bool true)
(define-fun |memory_model::choice_ws-ext_0_83_1_13_F_351| () Bool false)
(define-fun |memory_model::choice_ws-ext_0_83_2_47_F_352| () Bool false)
(define-fun |memory_model::choice_ws-ext_0_83_3_15_F_353| () Bool false)
(define-fun |memory_model::choice_ws-ext_0_83_3_35_F_354| () Bool false)
(define-fun |memory_model::choice_ws-ext_0_109_1_13_F_355| () Bool false)
(define-fun |memory_model::choice_ws-ext_0_109_2_47_F_356| () Bool false)
(define-fun |memory_model::choice_ws-ext_0_109_3_15_F_357| () Bool false)
(define-fun |memory_model::choice_ws-ext_0_109_3_35_F_358| () Bool false)
(define-fun |memory_model::choice_ws-ext_1_13_2_47_F_359| () Bool true)
(define-fun |memory_model::choice_ws-ext_1_13_3_15_F_360| () Bool false)
(define-fun |memory_model::choice_ws-ext_1_13_3_35_F_361| () Bool false)
(define-fun |memory_model::choice_ws-ext_2_47_3_15_F_362| () Bool false)
(define-fun |memory_model::choice_ws-ext_2_47_3_35_F_363| () Bool false)
(define-fun |memory_model::choice_ws-ext_0_12_1_21_F_364| () Bool true)
(define-fun |memory_model::choice_ws-ext_0_12_2_49_F_365| () Bool true)
(define-fun |memory_model::choice_ws-ext_0_12_3_37_F_366| () Bool true)
(define-fun |memory_model::choice_ws-ext_1_21_2_49_F_367| () Bool false)
(define-fun |memory_model::choice_ws-ext_1_21_3_37_F_368| () Bool false)
(define-fun |memory_model::choice_ws-ext_2_49_3_37_F_369| () Bool false)
(define-fun |__unbuffered_p0_EAX#1$wclk$8| () (_ BitVec 8) #b00011011)
(define-fun |memory_model::choice_ws-ext_0_13_1_16_F_370| () Bool true)
(define-fun |__unbuffered_p2_EAX#1$wclk$8| () (_ BitVec 8) #b00011100)
(define-fun |memory_model::choice_ws-ext_0_14_3_7_F_371| () Bool true)
(define-fun |__unbuffered_p2_EAX#10$wclk$8| () (_ BitVec 8) #b11101011)
(define-fun |memory_model::choice_ws-ext_0_115_3_7_F_372| () Bool false)
(define-fun |__unbuffered_p2_EAX$read_delayed#1$wclk$8| () (_ BitVec 8) #b00110000)
(define-fun |memory_model::choice_ws-ext_0_25_3_8_F_373| () Bool true)
(define-fun |__unbuffered_p2_EAX$read_delayed_var#1$wclk$8| () (_ BitVec 8) #b00110001)
(define-fun |__unbuffered_p2_EAX$read_delayed_var#2$wclk$8| () (_ BitVec 8) #b10011010)
(define-fun |memory_model::choice_ws-ext_0_26_3_14_F_374| () Bool true)
(define-fun |__unbuffered_p2_EBX#1$wclk$8| () (_ BitVec 8) #b00110111)
(define-fun |memory_model::choice_ws-ext_0_31_3_23_F_375| () Bool true)
(define-fun |x$flush_delayed#1$wclk$8| () (_ BitVec 8) #b01001001)
(define-fun |memory_model::choice_ws-ext_0_38_1_15_F_376| () Bool true)
(define-fun |memory_model::choice_ws-ext_0_38_3_18_F_377| () Bool true)
(define-fun |x$flush_delayed#7$wclk$8| () (_ BitVec 8) #b11101011)
(define-fun |memory_model::choice_ws-ext_0_107_1_15_F_378| () Bool false)
(define-fun |memory_model::choice_ws-ext_0_107_3_18_F_379| () Bool false)
(define-fun |memory_model::choice_ws-ext_1_15_3_18_F_380| () Bool false)
(define-fun |x$mem_tmp#1$wclk$8| () (_ BitVec 8) #b01001010)
(define-fun |memory_model::choice_ws-ext_0_39_1_14_F_381| () Bool true)
(define-fun |memory_model::choice_ws-ext_0_39_3_17_F_382| () Bool true)
(define-fun |x$mem_tmp#5$wclk$8| () (_ BitVec 8) #b11101011)
(define-fun |memory_model::choice_ws-ext_0_108_1_14_F_383| () Bool false)
(define-fun |memory_model::choice_ws-ext_0_108_3_17_F_384| () Bool false)
(define-fun |memory_model::choice_ws-ext_1_14_3_17_F_385| () Bool false)
(define-fun |memory_model::choice_ws-ext_0_41_1_9_F_386| () Bool true)
(define-fun |x$r_buff0_thd2#5$wclk$8| () (_ BitVec 8) #b11011010)
(define-fun |memory_model::choice_ws-ext_0_42_2_15_F_387| () Bool true)
(define-fun |x$r_buff0_thd2#8$wclk$8| () (_ BitVec 8) #b11011110)
(define-fun |memory_model::choice_ws-ext_0_42_2_32_F_388| () Bool true)
(define-fun |x$r_buff0_thd2#11$wclk$8| () (_ BitVec 8) #b11011111)
(define-fun |memory_model::choice_ws-ext_0_42_2_44_F_389| () Bool true)
(define-fun |memory_model::choice_ws-ext_0_43_3_10_F_390| () Bool true)
(define-fun |memory_model::choice_ws-ext_0_43_3_32_F_391| () Bool true)
(define-fun |memory_model::choice_ws-ext_0_44_2_13_F_392| () Bool true)
(define-fun |memory_model::choice_ws-ext_0_44_2_30_F_393| () Bool true)
(define-fun |memory_model::choice_ws-ext_0_79_2_13_F_394| () Bool false)
(define-fun |memory_model::choice_ws-ext_0_79_2_30_F_395| () Bool false)
(define-fun |memory_model::choice_ws-ext_0_114_2_13_F_396| () Bool false)
(define-fun |memory_model::choice_ws-ext_0_114_2_30_F_397| () Bool false)
(define-fun |memory_model::choice_ws-ext_0_45_1_8_F_398| () Bool true)
(define-fun |memory_model::choice_ws-ext_0_45_2_12_F_399| () Bool true)
(define-fun |memory_model::choice_ws-ext_0_45_2_29_F_400| () Bool true)
(define-fun |memory_model::choice_ws-ext_1_8_2_12_F_401| () Bool true)
(define-fun |memory_model::choice_ws-ext_1_8_2_29_F_402| () Bool true)
(define-fun |x$r_buff1_thd2#4$wclk$8| () (_ BitVec 8) #b11011010)
(define-fun |memory_model::choice_ws-ext_0_46_2_11_F_403| () Bool true)
(define-fun |x$r_buff1_thd2#5$wclk$8| () (_ BitVec 8) #b11011110)
(define-fun |memory_model::choice_ws-ext_0_46_2_28_F_404| () Bool true)
(define-fun |x$r_buff1_thd2#8$wclk$8| () (_ BitVec 8) #b11011111)
(define-fun |memory_model::choice_ws-ext_0_46_2_43_F_405| () Bool true)
(define-fun |memory_model::choice_ws-ext_0_47_2_10_F_406| () Bool true)
(define-fun |memory_model::choice_ws-ext_0_47_2_27_F_407| () Bool true)
(define-fun |memory_model::choice_ws-ext_0_47_3_9_F_408| () Bool true)
(define-fun |memory_model::choice_ws-ext_0_47_3_31_F_409| () Bool true)
(define-fun |memory_model::choice_ws-ext_2_10_3_9_F_410| () Bool false)
(define-fun |memory_model::choice_ws-ext_2_10_3_31_F_411| () Bool false)
(define-fun |memory_model::choice_ws-ext_2_27_3_9_F_412| () Bool false)
(define-fun |memory_model::choice_ws-ext_2_27_3_31_F_413| () Bool false)
(define-fun |memory_model::choice_ws-ext_0_50_1_17_F_414| () Bool true)
(define-fun |memory_model::choice_ws-ext_0_50_2_17_F_415| () Bool true)
(define-fun |memory_model::choice_ws-ext_0_50_2_34_F_416| () Bool true)
(define-fun |memory_model::choice_ws-ext_0_50_3_19_F_417| () Bool true)
(define-fun |memory_model::choice_ws-ext_0_105_1_17_F_418| () Bool false)
(define-fun |memory_model::choice_ws-ext_0_105_2_17_F_419| () Bool false)
(define-fun |memory_model::choice_ws-ext_0_105_2_34_F_420| () Bool false)
(define-fun |memory_model::choice_ws-ext_0_105_3_19_F_421| () Bool false)
(define-fun |memory_model::choice_ws-ext_1_17_2_17_F_422| () Bool true)
(define-fun |memory_model::choice_ws-ext_1_17_2_34_F_423| () Bool true)
(define-fun |memory_model::choice_ws-ext_1_17_3_19_F_424| () Bool false)
(define-fun |memory_model::choice_ws-ext_2_17_3_19_F_425| () Bool false)
(define-fun |memory_model::choice_ws-ext_2_34_3_19_F_426| () Bool false)
(define-fun |memory_model::choice_ws-ext_0_51_1_11_F_427| () Bool true)
(define-fun |memory_model::choice_ws-ext_0_51_2_14_F_428| () Bool true)
(define-fun |memory_model::choice_ws-ext_0_51_2_31_F_429| () Bool true)
(define-fun |memory_model::choice_ws-ext_0_51_2_46_F_430| () Bool true)
(define-fun |memory_model::choice_ws-ext_0_51_3_12_F_431| () Bool true)
(define-fun |memory_model::choice_ws-ext_0_51_3_34_F_432| () Bool true)
(define-fun |memory_model::choice_ws-ext_0_82_1_11_F_433| () Bool false)
(define-fun |memory_model::choice_ws-ext_0_82_2_14_F_434| () Bool false)
(define-fun |memory_model::choice_ws-ext_0_82_2_31_F_435| () Bool false)
(define-fun |memory_model::choice_ws-ext_0_82_2_46_F_436| () Bool false)
(define-fun |memory_model::choice_ws-ext_0_82_3_12_F_437| () Bool false)
(define-fun |memory_model::choice_ws-ext_0_82_3_34_F_438| () Bool false)
(define-fun |memory_model::choice_ws-ext_0_111_1_11_F_439| () Bool false)
(define-fun |memory_model::choice_ws-ext_0_111_2_14_F_440| () Bool false)
(define-fun |memory_model::choice_ws-ext_0_111_2_31_F_441| () Bool false)
(define-fun |memory_model::choice_ws-ext_0_111_2_46_F_442| () Bool false)
(define-fun |memory_model::choice_ws-ext_0_111_3_12_F_443| () Bool false)
(define-fun |memory_model::choice_ws-ext_0_111_3_34_F_444| () Bool false)
(define-fun |memory_model::choice_ws-ext_1_11_2_14_F_445| () Bool true)
(define-fun |memory_model::choice_ws-ext_1_11_2_31_F_446| () Bool true)
(define-fun |memory_model::choice_ws-ext_1_11_2_46_F_447| () Bool true)
(define-fun |memory_model::choice_ws-ext_1_11_3_12_F_448| () Bool false)
(define-fun |memory_model::choice_ws-ext_1_11_3_34_F_449| () Bool false)
(define-fun |memory_model::choice_ws-ext_2_14_3_12_F_450| () Bool false)
(define-fun |memory_model::choice_ws-ext_2_14_3_34_F_451| () Bool false)
(define-fun |memory_model::choice_ws-ext_2_31_3_12_F_452| () Bool false)
(define-fun |memory_model::choice_ws-ext_2_31_3_34_F_453| () Bool false)
(define-fun |memory_model::choice_ws-ext_2_46_3_12_F_454| () Bool false)
(define-fun |memory_model::choice_ws-ext_2_46_3_34_F_455| () Bool false)
(define-fun |memory_model::choice_ws-ext_0_52_1_12_F_456| () Bool true)
(define-fun |memory_model::choice_ws-ext_0_52_2_18_F_457| () Bool true)
(define-fun |memory_model::choice_ws-ext_0_52_2_35_F_458| () Bool true)
(define-fun |memory_model::choice_ws-ext_0_52_3_13_F_459| () Bool true)
(define-fun |memory_model::choice_ws-ext_0_110_1_12_F_460| () Bool false)
(define-fun |memory_model::choice_ws-ext_0_110_2_18_F_461| () Bool false)
(define-fun |memory_model::choice_ws-ext_0_110_2_35_F_462| () Bool false)
(define-fun |memory_model::choice_ws-ext_0_110_3_13_F_463| () Bool false)
(define-fun |memory_model::choice_ws-ext_1_12_2_18_F_464| () Bool true)
(define-fun |memory_model::choice_ws-ext_1_12_2_35_F_465| () Bool true)
(define-fun |memory_model::choice_ws-ext_1_12_3_13_F_466| () Bool false)
(define-fun |memory_model::choice_ws-ext_2_18_3_13_F_467| () Bool false)
(define-fun |memory_model::choice_ws-ext_2_35_3_13_F_468| () Bool false)
(define-fun |memory_model::choice_ws-ext_0_53_1_10_F_469| () Bool true)
(define-fun |memory_model::choice_ws-ext_0_53_2_16_F_470| () Bool true)
(define-fun |memory_model::choice_ws-ext_0_53_2_33_F_471| () Bool true)
(define-fun |memory_model::choice_ws-ext_0_53_2_45_F_472| () Bool true)
(define-fun |memory_model::choice_ws-ext_0_53_3_11_F_473| () Bool true)
(define-fun |memory_model::choice_ws-ext_0_53_3_33_F_474| () Bool true)
(define-fun |memory_model::choice_ws-ext_0_81_1_10_F_475| () Bool false)
(define-fun |memory_model::choice_ws-ext_0_81_2_16_F_476| () Bool false)
(define-fun |memory_model::choice_ws-ext_0_81_2_33_F_477| () Bool false)
(define-fun |memory_model::choice_ws-ext_0_81_2_45_F_478| () Bool false)
(define-fun |memory_model::choice_ws-ext_0_81_3_11_F_479| () Bool false)
(define-fun |memory_model::choice_ws-ext_0_81_3_33_F_480| () Bool false)
(define-fun |memory_model::choice_ws-ext_0_106_1_10_F_481| () Bool false)
(define-fun |memory_model::choice_ws-ext_0_106_2_16_F_482| () Bool false)
(define-fun |memory_model::choice_ws-ext_0_106_2_33_F_483| () Bool false)
(define-fun |memory_model::choice_ws-ext_0_106_2_45_F_484| () Bool false)
(define-fun |memory_model::choice_ws-ext_0_106_3_11_F_485| () Bool false)
(define-fun |memory_model::choice_ws-ext_0_106_3_33_F_486| () Bool false)
(define-fun |memory_model::choice_ws-ext_1_10_2_16_F_487| () Bool true)
(define-fun |memory_model::choice_ws-ext_1_10_2_33_F_488| () Bool true)
(define-fun |memory_model::choice_ws-ext_1_10_2_45_F_489| () Bool true)
(define-fun |memory_model::choice_ws-ext_1_10_3_11_F_490| () Bool false)
(define-fun |memory_model::choice_ws-ext_1_10_3_33_F_491| () Bool false)
(define-fun |memory_model::choice_ws-ext_2_16_3_11_F_492| () Bool false)
(define-fun |memory_model::choice_ws-ext_2_16_3_33_F_493| () Bool false)
(define-fun |memory_model::choice_ws-ext_2_33_3_11_F_494| () Bool false)
(define-fun |memory_model::choice_ws-ext_2_33_3_33_F_495| () Bool false)
(define-fun |memory_model::choice_ws-ext_2_45_3_11_F_496| () Bool false)
(define-fun |memory_model::choice_ws-ext_2_45_3_33_F_497| () Bool false)
(define-fun |memory_model::choice_ws-ext_0_54_1_0_F_498| () Bool true)
(define-fun |weak$$choice0#1$wclk$8| () (_ BitVec 8) #b00111010)
(define-fun |memory_model::choice_ws-ext_0_34_1_19_F_499| () Bool true)
(define-fun |memory_model::choice_ws-ext_0_34_3_21_F_500| () Bool true)
(define-fun |weak$$choice0#4$wclk$8| () (_ BitVec 8) #b11101011)
(define-fun |memory_model::choice_ws-ext_0_113_1_19_F_501| () Bool false)
(define-fun |memory_model::choice_ws-ext_0_113_3_21_F_502| () Bool false)
(define-fun |memory_model::choice_ws-ext_1_19_3_21_F_503| () Bool false)
(define-fun |weak$$choice1#1$wclk$8| () (_ BitVec 8) #b00111011)
(define-fun |memory_model::choice_ws-ext_0_35_3_16_F_504| () Bool true)
(define-fun |weak$$choice1#7$wclk$8| () (_ BitVec 8) #b11101011)
(define-fun |memory_model::choice_ws-ext_0_103_3_16_F_505| () Bool false)
(define-fun |weak$$choice2#1$wclk$8| () (_ BitVec 8) #b01000110)
(define-fun |memory_model::choice_ws-ext_0_36_1_18_F_506| () Bool true)
(define-fun |memory_model::choice_ws-ext_0_36_3_20_F_507| () Bool true)
(define-fun |weak$$choice2#11$wclk$8| () (_ BitVec 8) #b11101011)
(define-fun |memory_model::choice_ws-ext_0_104_1_18_F_508| () Bool false)
(define-fun |memory_model::choice_ws-ext_0_104_3_20_F_509| () Bool false)
(define-fun |memory_model::choice_ws-ext_1_18_3_20_F_510| () Bool false)
(define-fun t1$58$spwnclk$8 () (_ BitVec 8) #b10010001)
(define-fun t1$63$spwnclk$8 () (_ BitVec 8) #b10010101)
(define-fun t1$68$spwnclk$8 () (_ BitVec 8) #b10011001)
(define-fun |main::1::t2375!0@1$wclk$8| () (_ BitVec 8) #b00000000)
(define-fun |main::1::t2376!0@1$wclk$8| () (_ BitVec 8) #b00000001)
(define-fun __unbuffered_p2_EAX$read_delayed_var$object$wclk$8 () (_ BitVec 8) #b00000010)
(define-fun |__CPROVER_dead_object#1$wclk$8| () (_ BitVec 8) #b00000011)
(define-fun |__CPROVER_deallocated#1$wclk$8| () (_ BitVec 8) #b00000100)
(define-fun |__CPROVER_malloc_is_new_array#1$wclk$8| () (_ BitVec 8) #b00000101)
(define-fun |__CPROVER_malloc_object#1$wclk$8| () (_ BitVec 8) #b00000110)
(define-fun |__CPROVER_malloc_size#1$wclk$8| () (_ BitVec 8) #b00001000)
(define-fun |__CPROVER_memory_leak#1$wclk$8| () (_ BitVec 8) #b00001001)
(define-fun |__CPROVER_next_thread_id#1$wclk$8| () (_ BitVec 8) #b00001010)
(define-fun |__CPROVER_pipe_count#1$wclk$8| () (_ BitVec 8) #b00001011)
(define-fun |__unbuffered_p2_EAX$flush_delayed#1$wclk$8| () (_ BitVec 8) #b00011101)
(define-fun |__unbuffered_p2_EAX$mem_tmp#1$wclk$8| () (_ BitVec 8) #b00011110)
(define-fun |__unbuffered_p2_EAX$r_buff0_thd0#1$wclk$8| () (_ BitVec 8) #b00011111)
(define-fun |__unbuffered_p2_EAX$r_buff0_thd1#1$wclk$8| () (_ BitVec 8) #b00100000)
(define-fun |__unbuffered_p2_EAX$r_buff0_thd2#1$wclk$8| () (_ BitVec 8) #b00100001)
(define-fun |__unbuffered_p2_EAX$r_buff0_thd3#1$wclk$8| () (_ BitVec 8) #b00100010)
(define-fun |__unbuffered_p2_EAX$r_buff1_thd0#1$wclk$8| () (_ BitVec 8) #b00100011)
(define-fun |__unbuffered_p2_EAX$r_buff1_thd1#1$wclk$8| () (_ BitVec 8) #b00100100)
(define-fun |__unbuffered_p2_EAX$r_buff1_thd2#1$wclk$8| () (_ BitVec 8) #b00100101)
(define-fun |__unbuffered_p2_EAX$r_buff1_thd3#1$wclk$8| () (_ BitVec 8) #b00100110)
(define-fun |__unbuffered_p2_EAX$w_buff0#1$wclk$8| () (_ BitVec 8) #b00110010)
(define-fun |__unbuffered_p2_EAX$w_buff0_used#1$wclk$8| () (_ BitVec 8) #b00110100)
(define-fun |__unbuffered_p2_EAX$w_buff1#1$wclk$8| () (_ BitVec 8) #b00110101)
(define-fun |__unbuffered_p2_EAX$w_buff1_used#1$wclk$8| () (_ BitVec 8) #b00110110)
(define-fun |main$tmp_guard0#1$wclk$8| () (_ BitVec 8) #b00111000)
(define-fun |main$tmp_guard1#1$wclk$8| () (_ BitVec 8) #b00111001)
(define-fun |x$read_delayed#1$wclk$8| () (_ BitVec 8) #b01011011)
(define-fun |x$read_delayed_var#1$wclk$8| () (_ BitVec 8) #b01011100)
(define-fun |main::1::t2374!0@1#1$wclk$8| () (_ BitVec 8) #b01111111)
(define-fun |__CPROVER_next_thread_id#2$wclk$8| () (_ BitVec 8) #b10000000)
(define-fun |main::1::t2374!0@1#2$wclk$8| () (_ BitVec 8) #b10010000)
(define-fun |main::1::t2375!0@1#1$wclk$8| () (_ BitVec 8) #b10010010)
(define-fun |__CPROVER_next_thread_id#3$rclk$8| () (_ BitVec 8) #b10010011)
(define-fun |__CPROVER_next_thread_id#5$wclk$8| () (_ BitVec 8) #b10010011)
(define-fun |main::1::t2375!0@1#2$wclk$8| () (_ BitVec 8) #b10010100)
(define-fun |main::1::t2376!0@1#1$wclk$8| () (_ BitVec 8) #b10010110)
(define-fun |__CPROVER_next_thread_id#6$rclk$8| () (_ BitVec 8) #b10010111)
(define-fun |__CPROVER_next_thread_id#8$wclk$8| () (_ BitVec 8) #b10010111)
(define-fun |main::1::t2376!0@1#2$wclk$8| () (_ BitVec 8) #b10011000)
(define-fun |main$tmp_guard0#2$wclk$8| () (_ BitVec 8) #b11011101)
(define-fun |main$tmp_guard0#3$rclk$8| () (_ BitVec 8) #b11100010)
(define-fun |x$r_buff0_thd0#2$rclk$8| () (_ BitVec 8) #b11101010)
(define-fun |main$tmp_guard1#3$rclk$8| () (_ BitVec 8) #b11101011)
(define-fun |__unbuffered_p2_EAX$read_delayed_var$object#1$rclk$8| () (_ BitVec 8) #b11101011)
(define-fun |x$r_buff0_thd0#11$rclk$8| () (_ BitVec 8) #b11101011)
(define-fun |main$tmp_guard1#4$wclk$8| () (_ BitVec 8) #b11101011)
(define-fun |main$tmp_guard1#5$rclk$8| () (_ BitVec 8) #b11110000)
(define-fun |main$tmp_guard1#6$rclk$8| () (_ BitVec 8) #b11110001)
)

real	0m0.548s
user	0m0.541s
sys	0m0.007s
State: AC Run_time: 0.550015926361084