sat
(= |goto_symex::&92;guard#2| false)
(= |goto_symex::&92;guard#3| false)
(= |goto_symex::&92;guard#4| false)
(= |goto_symex::&92;guard#5| true)
(= |goto_symex::&92;guard#6| false)
(= |goto_symex::&92;guard#7| false)
(= |goto_symex::&92;guard#8| false)
(= |goto_symex::&92;guard#9| true)
(= |goto_symex::&92;guard#10| true)
(= |goto_symex::&92;guard#11| true)
(= |goto_symex::&92;guard#12| true)
(= |goto_symex::&92;guard#13| true)
(= |goto_symex::&92;guard#14| false)
(= |goto_symex::&92;guard#15| true)
(= |goto_symex::&92;guard#16| true)
(= |goto_symex::&92;guard#17| false)
(= |goto_symex::&92;guard#18| true)
(= |goto_symex::&92;guard#19| true)
(= |goto_symex::&92;guard#20| true)
(= |goto_symex::&92;guard#21| true)
(= |goto_symex::&92;guard#22| false)
(= |memory_model::choice_rf_1_37_0_8_T_0| false)
(= |memory_model::choice_rf_0_16_0_10_F_1| false)
(= |memory_model::choice_rf_0_16_0_11_F_2| false)
(= |memory_model::choice_rf_0_16_0_12_F_3| true)
(= |memory_model::choice_rf_0_16_1_6_F_4| false)
(= |memory_model::choice_rf_0_16_1_13_F_5| false)
(= |memory_model::choice_rf_0_16_1_20_F_6| false)
(= |memory_model::choice_rf_0_16_1_27_F_7| false)
(= |memory_model::choice_rf_0_16_1_34_F_8| false)
(= |memory_model::choice_rf_0_17_0_10_F_9| false)
(= |memory_model::choice_rf_0_17_0_11_F_10| false)
(= |memory_model::choice_rf_0_17_0_12_F_11| true)
(= |memory_model::choice_rf_0_17_1_6_F_12| false)
(= |memory_model::choice_rf_0_17_1_13_F_13| false)
(= |memory_model::choice_rf_0_17_1_20_F_14| false)
(= |memory_model::choice_rf_0_17_1_27_F_15| false)
(= |memory_model::choice_rf_0_17_1_34_F_16| false)
(= |memory_model::choice_rf_0_18_0_10_F_17| false)
(= |memory_model::choice_rf_0_18_0_11_F_18| false)
(= |memory_model::choice_rf_0_18_0_12_F_19| true)
(= |memory_model::choice_rf_0_18_1_6_F_20| false)
(= |memory_model::choice_rf_0_18_1_13_F_21| false)
(= |memory_model::choice_rf_0_18_1_20_F_22| false)
(= |memory_model::choice_rf_0_18_1_27_F_23| false)
(= |memory_model::choice_rf_0_18_1_34_F_24| false)
(= |memory_model::choice_rf_0_19_0_10_F_25| false)
(= |memory_model::choice_rf_0_19_0_11_F_26| false)
(= |memory_model::choice_rf_0_19_0_12_F_27| true)
(= |memory_model::choice_rf_0_19_1_6_F_28| false)
(= |memory_model::choice_rf_0_19_1_13_F_29| false)
(= |memory_model::choice_rf_0_19_1_20_F_30| false)
(= |memory_model::choice_rf_0_19_1_27_F_31| false)
(= |memory_model::choice_rf_0_19_1_34_F_32| false)
(= |memory_model::choice_rf_0_20_0_10_F_33| false)
(= |memory_model::choice_rf_0_20_0_11_F_34| false)
(= |memory_model::choice_rf_0_20_0_12_F_35| true)
(= |memory_model::choice_rf_0_20_1_6_F_36| false)
(= |memory_model::choice_rf_0_20_1_13_F_37| false)
(= |memory_model::choice_rf_0_20_1_20_F_38| false)
(= |memory_model::choice_rf_0_20_1_27_F_39| false)
(= |memory_model::choice_rf_0_20_1_34_F_40| false)
(= |memory_model::choice_rf_0_22_0_10_F_41| false)
(= |memory_model::choice_rf_0_22_0_11_F_42| false)
(= |memory_model::choice_rf_0_22_0_12_F_43| false)
(= |memory_model::choice_rf_0_22_0_21_F_44| true)
(= |memory_model::choice_rf_0_22_1_6_F_45| false)
(= |memory_model::choice_rf_0_22_1_13_F_46| false)
(= |memory_model::choice_rf_0_22_1_20_F_47| false)
(= |memory_model::choice_rf_0_22_1_27_F_48| false)
(= |memory_model::choice_rf_0_22_1_34_F_49| false)
(= |memory_model::choice_rf_0_23_0_10_F_50| false)
(= |memory_model::choice_rf_0_23_0_11_F_51| false)
(= |memory_model::choice_rf_0_23_0_12_F_52| false)
(= |memory_model::choice_rf_0_23_0_21_F_53| true)
(= |memory_model::choice_rf_0_23_1_6_F_54| false)
(= |memory_model::choice_rf_0_23_1_13_F_55| false)
(= |memory_model::choice_rf_0_23_1_20_F_56| false)
(= |memory_model::choice_rf_0_23_1_27_F_57| false)
(= |memory_model::choice_rf_0_23_1_34_F_58| false)
(= |memory_model::choice_rf_0_25_0_10_F_59| false)
(= |memory_model::choice_rf_0_25_0_11_F_60| false)
(= |memory_model::choice_rf_0_25_0_12_F_61| false)
(= |memory_model::choice_rf_0_25_0_21_F_62| false)
(= |memory_model::choice_rf_0_25_0_24_F_63| true)
(= |memory_model::choice_rf_0_25_1_6_F_64| false)
(= |memory_model::choice_rf_0_25_1_13_F_65| false)
(= |memory_model::choice_rf_0_25_1_20_F_66| false)
(= |memory_model::choice_rf_0_25_1_27_F_67| false)
(= |memory_model::choice_rf_0_25_1_34_F_68| false)
(= |memory_model::choice_rf_0_26_0_10_F_69| false)
(= |memory_model::choice_rf_0_26_0_11_F_70| false)
(= |memory_model::choice_rf_0_26_0_12_F_71| false)
(= |memory_model::choice_rf_0_26_0_21_F_72| false)
(= |memory_model::choice_rf_0_26_0_24_F_73| true)
(= |memory_model::choice_rf_0_26_1_6_F_74| false)
(= |memory_model::choice_rf_0_26_1_13_F_75| false)
(= |memory_model::choice_rf_0_26_1_20_F_76| false)
(= |memory_model::choice_rf_0_26_1_27_F_77| false)
(= |memory_model::choice_rf_0_26_1_34_F_78| false)
(= |memory_model::choice_rf_0_27_0_10_F_79| false)
(= |memory_model::choice_rf_0_27_0_11_F_80| false)
(= |memory_model::choice_rf_0_27_0_12_F_81| false)
(= |memory_model::choice_rf_0_27_0_21_F_82| false)
(= |memory_model::choice_rf_0_27_0_24_F_83| true)
(= |memory_model::choice_rf_0_27_1_6_F_84| false)
(= |memory_model::choice_rf_0_27_1_13_F_85| false)
(= |memory_model::choice_rf_0_27_1_20_F_86| false)
(= |memory_model::choice_rf_0_27_1_27_F_87| false)
(= |memory_model::choice_rf_0_27_1_34_F_88| false)
(= |memory_model::choice_rf_0_28_0_10_F_89| false)
(= |memory_model::choice_rf_0_28_0_11_F_90| false)
(= |memory_model::choice_rf_0_28_0_12_F_91| false)
(= |memory_model::choice_rf_0_28_0_21_F_92| false)
(= |memory_model::choice_rf_0_28_0_24_F_93| true)
(= |memory_model::choice_rf_0_28_1_6_F_94| false)
(= |memory_model::choice_rf_0_28_1_13_F_95| false)
(= |memory_model::choice_rf_0_28_1_20_F_96| false)
(= |memory_model::choice_rf_0_28_1_27_F_97| false)
(= |memory_model::choice_rf_0_28_1_34_F_98| false)
(= |memory_model::choice_rf_0_29_0_10_F_99| false)
(= |memory_model::choice_rf_0_29_0_11_F_100| false)
(= |memory_model::choice_rf_0_29_0_12_F_101| false)
(= |memory_model::choice_rf_0_29_0_21_F_102| false)
(= |memory_model::choice_rf_0_29_0_24_F_103| true)
(= |memory_model::choice_rf_0_29_1_6_F_104| false)
(= |memory_model::choice_rf_0_29_1_13_F_105| false)
(= |memory_model::choice_rf_0_29_1_20_F_106| false)
(= |memory_model::choice_rf_0_29_1_27_F_107| false)
(= |memory_model::choice_rf_0_29_1_34_F_108| false)
(= |memory_model::choice_rf_0_31_0_10_F_109| false)
(= |memory_model::choice_rf_0_31_0_11_F_110| false)
(= |memory_model::choice_rf_0_31_0_12_F_111| false)
(= |memory_model::choice_rf_0_31_0_21_F_112| false)
(= |memory_model::choice_rf_0_31_0_24_F_113| false)
(= |memory_model::choice_rf_0_31_0_30_F_114| true)
(= |memory_model::choice_rf_0_31_1_6_F_115| false)
(= |memory_model::choice_rf_0_31_1_13_F_116| false)
(= |memory_model::choice_rf_0_31_1_20_F_117| false)
(= |memory_model::choice_rf_0_31_1_27_F_118| false)
(= |memory_model::choice_rf_0_31_1_34_F_119| false)
(= |memory_model::choice_rf_0_32_0_10_F_120| false)
(= |memory_model::choice_rf_0_32_0_11_F_121| false)
(= |memory_model::choice_rf_0_32_0_12_F_122| false)
(= |memory_model::choice_rf_0_32_0_21_F_123| false)
(= |memory_model::choice_rf_0_32_0_24_F_124| false)
(= |memory_model::choice_rf_0_32_0_30_F_125| false)
(= |memory_model::choice_rf_0_32_1_6_F_126| false)
(= |memory_model::choice_rf_0_32_1_13_F_127| true)
(= |memory_model::choice_rf_0_32_1_20_F_128| false)
(= |memory_model::choice_rf_0_32_1_27_F_129| false)
(= |memory_model::choice_rf_0_32_1_34_F_130| false)
(= |memory_model::choice_rf_0_34_0_10_F_131| false)
(= |memory_model::choice_rf_0_34_0_11_F_132| false)
(= |memory_model::choice_rf_0_34_0_12_F_133| false)
(= |memory_model::choice_rf_0_34_0_21_F_134| false)
(= |memory_model::choice_rf_0_34_0_24_F_135| false)
(= |memory_model::choice_rf_0_34_0_30_F_136| false)
(= |memory_model::choice_rf_0_34_0_33_F_137| true)
(= |memory_model::choice_rf_0_34_1_6_F_138| false)
(= |memory_model::choice_rf_0_34_1_13_F_139| false)
(= |memory_model::choice_rf_0_34_1_20_F_140| false)
(= |memory_model::choice_rf_0_34_1_27_F_141| false)
(= |memory_model::choice_rf_0_34_1_34_F_142| false)
(= |memory_model::choice_rf_0_35_0_10_F_143| false)
(= |memory_model::choice_rf_0_35_0_11_F_144| false)
(= |memory_model::choice_rf_0_35_0_12_F_145| false)
(= |memory_model::choice_rf_0_35_0_21_F_146| false)
(= |memory_model::choice_rf_0_35_0_24_F_147| false)
(= |memory_model::choice_rf_0_35_0_30_F_148| false)
(= |memory_model::choice_rf_0_35_0_33_F_149| true)
(= |memory_model::choice_rf_0_35_1_6_F_150| false)
(= |memory_model::choice_rf_0_35_1_13_F_151| false)
(= |memory_model::choice_rf_0_35_1_20_F_152| false)
(= |memory_model::choice_rf_0_35_1_27_F_153| false)
(= |memory_model::choice_rf_0_35_1_34_F_154| false)
(= |memory_model::choice_rf_0_36_0_10_F_155| false)
(= |memory_model::choice_rf_0_36_0_11_F_156| false)
(= |memory_model::choice_rf_0_36_0_12_F_157| false)
(= |memory_model::choice_rf_0_36_0_21_F_158| false)
(= |memory_model::choice_rf_0_36_0_24_F_159| false)
(= |memory_model::choice_rf_0_36_0_30_F_160| false)
(= |memory_model::choice_rf_0_36_0_33_F_161| true)
(= |memory_model::choice_rf_0_36_1_6_F_162| false)
(= |memory_model::choice_rf_0_36_1_13_F_163| false)
(= |memory_model::choice_rf_0_36_1_20_F_164| false)
(= |memory_model::choice_rf_0_36_1_27_F_165| false)
(= |memory_model::choice_rf_0_36_1_34_F_166| false)
(= |memory_model::choice_rf_0_37_0_10_F_167| false)
(= |memory_model::choice_rf_0_37_0_11_F_168| false)
(= |memory_model::choice_rf_0_37_0_12_F_169| false)
(= |memory_model::choice_rf_0_37_0_21_F_170| false)
(= |memory_model::choice_rf_0_37_0_24_F_171| false)
(= |memory_model::choice_rf_0_37_0_30_F_172| false)
(= |memory_model::choice_rf_0_37_0_33_F_173| true)
(= |memory_model::choice_rf_0_37_1_6_F_174| false)
(= |memory_model::choice_rf_0_37_1_13_F_175| false)
(= |memory_model::choice_rf_0_37_1_20_F_176| false)
(= |memory_model::choice_rf_0_37_1_27_F_177| false)
(= |memory_model::choice_rf_0_37_1_34_F_178| false)
(= |memory_model::choice_rf_0_38_0_10_F_179| false)
(= |memory_model::choice_rf_0_38_0_11_F_180| false)
(= |memory_model::choice_rf_0_38_0_12_F_181| false)
(= |memory_model::choice_rf_0_38_0_21_F_182| false)
(= |memory_model::choice_rf_0_38_0_24_F_183| false)
(= |memory_model::choice_rf_0_38_0_30_F_184| false)
(= |memory_model::choice_rf_0_38_0_33_F_185| true)
(= |memory_model::choice_rf_0_38_1_6_F_186| false)
(= |memory_model::choice_rf_0_38_1_13_F_187| false)
(= |memory_model::choice_rf_0_38_1_20_F_188| false)
(= |memory_model::choice_rf_0_38_1_27_F_189| false)
(= |memory_model::choice_rf_0_38_1_34_F_190| false)
(= |memory_model::choice_rf_0_40_0_10_F_191| false)
(= |memory_model::choice_rf_0_40_0_11_F_192| false)
(= |memory_model::choice_rf_0_40_0_12_F_193| false)
(= |memory_model::choice_rf_0_40_0_21_F_194| false)
(= |memory_model::choice_rf_0_40_0_24_F_195| false)
(= |memory_model::choice_rf_0_40_0_30_F_196| false)
(= |memory_model::choice_rf_0_40_0_33_F_197| false)
(= |memory_model::choice_rf_0_40_0_39_F_198| true)
(= |memory_model::choice_rf_0_40_1_6_F_199| false)
(= |memory_model::choice_rf_0_40_1_13_F_200| false)
(= |memory_model::choice_rf_0_40_1_20_F_201| false)
(= |memory_model::choice_rf_0_40_1_27_F_202| false)
(= |memory_model::choice_rf_0_40_1_34_F_203| false)
(= |memory_model::choice_rf_0_41_0_10_F_204| false)
(= |memory_model::choice_rf_0_41_0_11_F_205| false)
(= |memory_model::choice_rf_0_41_0_12_F_206| false)
(= |memory_model::choice_rf_0_41_0_21_F_207| false)
(= |memory_model::choice_rf_0_41_0_24_F_208| false)
(= |memory_model::choice_rf_0_41_0_30_F_209| false)
(= |memory_model::choice_rf_0_41_0_33_F_210| false)
(= |memory_model::choice_rf_0_41_0_39_F_211| true)
(= |memory_model::choice_rf_0_41_1_6_F_212| false)
(= |memory_model::choice_rf_0_41_1_13_F_213| false)
(= |memory_model::choice_rf_0_41_1_20_F_214| false)
(= |memory_model::choice_rf_0_41_1_27_F_215| false)
(= |memory_model::choice_rf_0_41_1_34_F_216| false)
(= |memory_model::choice_rf_0_43_0_10_F_217| false)
(= |memory_model::choice_rf_0_43_0_11_F_218| false)
(= |memory_model::choice_rf_0_43_0_12_F_219| false)
(= |memory_model::choice_rf_0_43_0_21_F_220| false)
(= |memory_model::choice_rf_0_43_0_24_F_221| false)
(= |memory_model::choice_rf_0_43_0_30_F_222| false)
(= |memory_model::choice_rf_0_43_0_33_F_223| false)
(= |memory_model::choice_rf_0_43_0_39_F_224| false)
(= |memory_model::choice_rf_0_43_0_42_F_225| true)
(= |memory_model::choice_rf_0_43_1_6_F_226| false)
(= |memory_model::choice_rf_0_43_1_13_F_227| false)
(= |memory_model::choice_rf_0_43_1_20_F_228| false)
(= |memory_model::choice_rf_0_43_1_27_F_229| false)
(= |memory_model::choice_rf_0_43_1_34_F_230| false)
(= |memory_model::choice_rf_0_44_0_10_F_231| false)
(= |memory_model::choice_rf_0_44_0_11_F_232| false)
(= |memory_model::choice_rf_0_44_0_12_F_233| false)
(= |memory_model::choice_rf_0_44_0_21_F_234| false)
(= |memory_model::choice_rf_0_44_0_24_F_235| false)
(= |memory_model::choice_rf_0_44_0_30_F_236| false)
(= |memory_model::choice_rf_0_44_0_33_F_237| false)
(= |memory_model::choice_rf_0_44_0_39_F_238| false)
(= |memory_model::choice_rf_0_44_0_42_F_239| true)
(= |memory_model::choice_rf_0_44_1_6_F_240| false)
(= |memory_model::choice_rf_0_44_1_13_F_241| false)
(= |memory_model::choice_rf_0_44_1_20_F_242| false)
(= |memory_model::choice_rf_0_44_1_27_F_243| false)
(= |memory_model::choice_rf_0_44_1_34_F_244| false)
(= |memory_model::choice_rf_0_45_0_10_F_245| false)
(= |memory_model::choice_rf_0_45_0_11_F_246| false)
(= |memory_model::choice_rf_0_45_0_12_F_247| false)
(= |memory_model::choice_rf_0_45_0_21_F_248| false)
(= |memory_model::choice_rf_0_45_0_24_F_249| false)
(= |memory_model::choice_rf_0_45_0_30_F_250| false)
(= |memory_model::choice_rf_0_45_0_33_F_251| false)
(= |memory_model::choice_rf_0_45_0_39_F_252| false)
(= |memory_model::choice_rf_0_45_0_42_F_253| false)
(= |memory_model::choice_rf_0_45_1_6_F_254| false)
(= |memory_model::choice_rf_0_45_1_13_F_255| false)
(= |memory_model::choice_rf_0_45_1_20_F_256| false)
(= |memory_model::choice_rf_0_45_1_27_F_257| false)
(= |memory_model::choice_rf_0_45_1_34_F_258| false)
(= |memory_model::choice_rf_0_46_0_10_F_259| false)
(= |memory_model::choice_rf_0_46_0_11_F_260| false)
(= |memory_model::choice_rf_0_46_0_12_F_261| false)
(= |memory_model::choice_rf_0_46_0_21_F_262| false)
(= |memory_model::choice_rf_0_46_0_24_F_263| false)
(= |memory_model::choice_rf_0_46_0_30_F_264| false)
(= |memory_model::choice_rf_0_46_0_33_F_265| false)
(= |memory_model::choice_rf_0_46_0_39_F_266| false)
(= |memory_model::choice_rf_0_46_0_42_F_267| false)
(= |memory_model::choice_rf_0_46_1_6_F_268| false)
(= |memory_model::choice_rf_0_46_1_13_F_269| false)
(= |memory_model::choice_rf_0_46_1_20_F_270| false)
(= |memory_model::choice_rf_0_46_1_27_F_271| false)
(= |memory_model::choice_rf_0_46_1_34_F_272| false)
(= |memory_model::choice_rf_0_47_0_10_F_273| false)
(= |memory_model::choice_rf_0_47_0_11_F_274| false)
(= |memory_model::choice_rf_0_47_0_12_F_275| false)
(= |memory_model::choice_rf_0_47_0_21_F_276| false)
(= |memory_model::choice_rf_0_47_0_24_F_277| false)
(= |memory_model::choice_rf_0_47_0_30_F_278| false)
(= |memory_model::choice_rf_0_47_0_33_F_279| false)
(= |memory_model::choice_rf_0_47_0_39_F_280| false)
(= |memory_model::choice_rf_0_47_0_42_F_281| false)
(= |memory_model::choice_rf_0_47_1_6_F_282| false)
(= |memory_model::choice_rf_0_47_1_13_F_283| false)
(= |memory_model::choice_rf_0_47_1_20_F_284| false)
(= |memory_model::choice_rf_0_47_1_27_F_285| false)
(= |memory_model::choice_rf_0_47_1_34_F_286| false)
(= |memory_model::choice_rf_0_49_0_10_F_287| false)
(= |memory_model::choice_rf_0_49_0_11_F_288| false)
(= |memory_model::choice_rf_0_49_0_12_F_289| false)
(= |memory_model::choice_rf_0_49_0_21_F_290| false)
(= |memory_model::choice_rf_0_49_0_24_F_291| false)
(= |memory_model::choice_rf_0_49_0_30_F_292| false)
(= |memory_model::choice_rf_0_49_0_33_F_293| false)
(= |memory_model::choice_rf_0_49_0_39_F_294| false)
(= |memory_model::choice_rf_0_49_0_42_F_295| false)
(= |memory_model::choice_rf_0_49_0_48_F_296| false)
(= |memory_model::choice_rf_0_49_1_6_F_297| false)
(= |memory_model::choice_rf_0_49_1_13_F_298| false)
(= |memory_model::choice_rf_0_49_1_20_F_299| false)
(= |memory_model::choice_rf_0_49_1_27_F_300| false)
(= |memory_model::choice_rf_0_49_1_34_F_301| false)
(= |memory_model::choice_rf_0_50_0_10_F_302| false)
(= |memory_model::choice_rf_0_50_0_11_F_303| false)
(= |memory_model::choice_rf_0_50_0_12_F_304| false)
(= |memory_model::choice_rf_0_50_0_21_F_305| false)
(= |memory_model::choice_rf_0_50_0_24_F_306| false)
(= |memory_model::choice_rf_0_50_0_30_F_307| false)
(= |memory_model::choice_rf_0_50_0_33_F_308| false)
(= |memory_model::choice_rf_0_50_0_39_F_309| false)
(= |memory_model::choice_rf_0_50_0_42_F_310| false)
(= |memory_model::choice_rf_0_50_0_48_F_311| false)
(= |memory_model::choice_rf_0_50_1_6_F_312| false)
(= |memory_model::choice_rf_0_50_1_13_F_313| false)
(= |memory_model::choice_rf_0_50_1_20_F_314| false)
(= |memory_model::choice_rf_0_50_1_27_F_315| false)
(= |memory_model::choice_rf_0_50_1_34_F_316| false)
(= |memory_model::choice_rf_0_52_0_10_F_317| false)
(= |memory_model::choice_rf_0_52_0_11_F_318| false)
(= |memory_model::choice_rf_0_52_0_12_F_319| false)
(= |memory_model::choice_rf_0_52_0_21_F_320| false)
(= |memory_model::choice_rf_0_52_0_24_F_321| false)
(= |memory_model::choice_rf_0_52_0_30_F_322| false)
(= |memory_model::choice_rf_0_52_0_33_F_323| false)
(= |memory_model::choice_rf_0_52_0_39_F_324| false)
(= |memory_model::choice_rf_0_52_0_42_F_325| false)
(= |memory_model::choice_rf_0_52_0_48_F_326| false)
(= |memory_model::choice_rf_0_52_0_51_F_327| false)
(= |memory_model::choice_rf_0_52_1_6_F_328| false)
(= |memory_model::choice_rf_0_52_1_13_F_329| false)
(= |memory_model::choice_rf_0_52_1_20_F_330| false)
(= |memory_model::choice_rf_0_52_1_27_F_331| false)
(= |memory_model::choice_rf_0_52_1_34_F_332| false)
(= |memory_model::choice_rf_0_53_0_10_F_333| false)
(= |memory_model::choice_rf_0_53_0_11_F_334| false)
(= |memory_model::choice_rf_0_53_0_12_F_335| false)
(= |memory_model::choice_rf_0_53_0_21_F_336| false)
(= |memory_model::choice_rf_0_53_0_24_F_337| false)
(= |memory_model::choice_rf_0_53_0_30_F_338| false)
(= |memory_model::choice_rf_0_53_0_33_F_339| false)
(= |memory_model::choice_rf_0_53_0_39_F_340| false)
(= |memory_model::choice_rf_0_53_0_42_F_341| false)
(= |memory_model::choice_rf_0_53_0_48_F_342| false)
(= |memory_model::choice_rf_0_53_0_51_F_343| false)
(= |memory_model::choice_rf_0_53_1_6_F_344| false)
(= |memory_model::choice_rf_0_53_1_13_F_345| false)
(= |memory_model::choice_rf_0_53_1_20_F_346| false)
(= |memory_model::choice_rf_0_53_1_27_F_347| false)
(= |memory_model::choice_rf_0_53_1_34_F_348| false)
(= |memory_model::choice_rf_0_54_0_10_F_349| false)
(= |memory_model::choice_rf_0_54_0_11_F_350| false)
(= |memory_model::choice_rf_0_54_0_12_F_351| false)
(= |memory_model::choice_rf_0_54_0_21_F_352| false)
(= |memory_model::choice_rf_0_54_0_24_F_353| false)
(= |memory_model::choice_rf_0_54_0_30_F_354| false)
(= |memory_model::choice_rf_0_54_0_33_F_355| false)
(= |memory_model::choice_rf_0_54_0_39_F_356| false)
(= |memory_model::choice_rf_0_54_0_42_F_357| false)
(= |memory_model::choice_rf_0_54_0_48_F_358| false)
(= |memory_model::choice_rf_0_54_0_51_F_359| false)
(= |memory_model::choice_rf_0_54_1_6_F_360| false)
(= |memory_model::choice_rf_0_54_1_13_F_361| false)
(= |memory_model::choice_rf_0_54_1_20_F_362| false)
(= |memory_model::choice_rf_0_54_1_27_F_363| false)
(= |memory_model::choice_rf_0_54_1_34_F_364| false)
(= |memory_model::choice_rf_0_55_0_10_F_365| false)
(= |memory_model::choice_rf_0_55_0_11_F_366| false)
(= |memory_model::choice_rf_0_55_0_12_F_367| false)
(= |memory_model::choice_rf_0_55_0_21_F_368| false)
(= |memory_model::choice_rf_0_55_0_24_F_369| false)
(= |memory_model::choice_rf_0_55_0_30_F_370| false)
(= |memory_model::choice_rf_0_55_0_33_F_371| false)
(= |memory_model::choice_rf_0_55_0_39_F_372| false)
(= |memory_model::choice_rf_0_55_0_42_F_373| false)
(= |memory_model::choice_rf_0_55_0_48_F_374| false)
(= |memory_model::choice_rf_0_55_0_51_F_375| false)
(= |memory_model::choice_rf_0_55_1_6_F_376| false)
(= |memory_model::choice_rf_0_55_1_13_F_377| false)
(= |memory_model::choice_rf_0_55_1_20_F_378| false)
(= |memory_model::choice_rf_0_55_1_27_F_379| false)
(= |memory_model::choice_rf_0_55_1_34_F_380| false)
(= |memory_model::choice_rf_0_56_0_10_F_381| false)
(= |memory_model::choice_rf_0_56_0_11_F_382| false)
(= |memory_model::choice_rf_0_56_0_12_F_383| false)
(= |memory_model::choice_rf_0_56_0_21_F_384| false)
(= |memory_model::choice_rf_0_56_0_24_F_385| false)
(= |memory_model::choice_rf_0_56_0_30_F_386| false)
(= |memory_model::choice_rf_0_56_0_33_F_387| false)
(= |memory_model::choice_rf_0_56_0_39_F_388| false)
(= |memory_model::choice_rf_0_56_0_42_F_389| false)
(= |memory_model::choice_rf_0_56_0_48_F_390| false)
(= |memory_model::choice_rf_0_56_0_51_F_391| false)
(= |memory_model::choice_rf_0_56_1_6_F_392| false)
(= |memory_model::choice_rf_0_56_1_13_F_393| false)
(= |memory_model::choice_rf_0_56_1_20_F_394| false)
(= |memory_model::choice_rf_0_56_1_27_F_395| false)
(= |memory_model::choice_rf_0_56_1_34_F_396| false)
(= |memory_model::choice_rf_0_58_0_10_F_397| false)
(= |memory_model::choice_rf_0_58_0_11_F_398| false)
(= |memory_model::choice_rf_0_58_0_12_F_399| false)
(= |memory_model::choice_rf_0_58_0_21_F_400| false)
(= |memory_model::choice_rf_0_58_0_24_F_401| false)
(= |memory_model::choice_rf_0_58_0_30_F_402| false)
(= |memory_model::choice_rf_0_58_0_33_F_403| false)
(= |memory_model::choice_rf_0_58_0_39_F_404| false)
(= |memory_model::choice_rf_0_58_0_42_F_405| false)
(= |memory_model::choice_rf_0_58_0_48_F_406| false)
(= |memory_model::choice_rf_0_58_0_51_F_407| false)
(= |memory_model::choice_rf_0_58_0_57_F_408| false)
(= |memory_model::choice_rf_0_58_1_6_F_409| false)
(= |memory_model::choice_rf_0_58_1_13_F_410| false)
(= |memory_model::choice_rf_0_58_1_20_F_411| false)
(= |memory_model::choice_rf_0_58_1_27_F_412| false)
(= |memory_model::choice_rf_0_58_1_34_F_413| false)
(= |memory_model::choice_rf_0_59_0_10_F_414| false)
(= |memory_model::choice_rf_0_59_0_11_F_415| false)
(= |memory_model::choice_rf_0_59_0_12_F_416| false)
(= |memory_model::choice_rf_0_59_0_21_F_417| false)
(= |memory_model::choice_rf_0_59_0_24_F_418| false)
(= |memory_model::choice_rf_0_59_0_30_F_419| false)
(= |memory_model::choice_rf_0_59_0_33_F_420| false)
(= |memory_model::choice_rf_0_59_0_39_F_421| false)
(= |memory_model::choice_rf_0_59_0_42_F_422| false)
(= |memory_model::choice_rf_0_59_0_48_F_423| false)
(= |memory_model::choice_rf_0_59_0_51_F_424| false)
(= |memory_model::choice_rf_0_59_0_57_F_425| false)
(= |memory_model::choice_rf_0_59_1_6_F_426| false)
(= |memory_model::choice_rf_0_59_1_13_F_427| false)
(= |memory_model::choice_rf_0_59_1_20_F_428| false)
(= |memory_model::choice_rf_0_59_1_27_F_429| false)
(= |memory_model::choice_rf_0_59_1_34_F_430| false)
(= |memory_model::choice_rf_1_0_0_10_F_431| false)
(= |memory_model::choice_rf_1_0_0_11_F_432| false)
(= |memory_model::choice_rf_1_0_0_12_F_433| true)
(= |memory_model::choice_rf_1_0_0_21_F_434| false)
(= |memory_model::choice_rf_1_0_0_24_F_435| false)
(= |memory_model::choice_rf_1_0_0_30_F_436| false)
(= |memory_model::choice_rf_1_0_0_33_F_437| false)
(= |memory_model::choice_rf_1_0_0_39_F_438| false)
(= |memory_model::choice_rf_1_0_0_42_F_439| false)
(= |memory_model::choice_rf_1_0_0_48_F_440| false)
(= |memory_model::choice_rf_1_0_0_51_F_441| false)
(= |memory_model::choice_rf_1_0_0_57_F_442| false)
(= |memory_model::choice_rf_1_0_0_60_F_443| false)
(= |memory_model::choice_rf_1_1_0_10_F_444| false)
(= |memory_model::choice_rf_1_1_0_11_F_445| false)
(= |memory_model::choice_rf_1_1_0_12_F_446| true)
(= |memory_model::choice_rf_1_1_0_21_F_447| false)
(= |memory_model::choice_rf_1_1_0_24_F_448| false)
(= |memory_model::choice_rf_1_1_0_30_F_449| false)
(= |memory_model::choice_rf_1_1_0_33_F_450| false)
(= |memory_model::choice_rf_1_1_0_39_F_451| false)
(= |memory_model::choice_rf_1_1_0_42_F_452| false)
(= |memory_model::choice_rf_1_1_0_48_F_453| false)
(= |memory_model::choice_rf_1_1_0_51_F_454| false)
(= |memory_model::choice_rf_1_1_0_57_F_455| false)
(= |memory_model::choice_rf_1_1_0_60_F_456| false)
(= |memory_model::choice_rf_1_2_0_10_F_457| false)
(= |memory_model::choice_rf_1_2_0_11_F_458| false)
(= |memory_model::choice_rf_1_2_0_12_F_459| false)
(= |memory_model::choice_rf_1_2_0_21_F_460| false)
(= |memory_model::choice_rf_1_2_0_24_F_461| false)
(= |memory_model::choice_rf_1_2_0_30_F_462| false)
(= |memory_model::choice_rf_1_2_0_33_F_463| false)
(= |memory_model::choice_rf_1_2_0_39_F_464| false)
(= |memory_model::choice_rf_1_2_0_42_F_465| false)
(= |memory_model::choice_rf_1_2_0_48_F_466| false)
(= |memory_model::choice_rf_1_2_0_51_F_467| false)
(= |memory_model::choice_rf_1_2_0_57_F_468| false)
(= |memory_model::choice_rf_1_2_0_60_F_469| false)
(= |memory_model::choice_rf_1_3_0_10_F_470| false)
(= |memory_model::choice_rf_1_3_0_11_F_471| false)
(= |memory_model::choice_rf_1_3_0_12_F_472| true)
(= |memory_model::choice_rf_1_3_0_21_F_473| false)
(= |memory_model::choice_rf_1_3_0_24_F_474| false)
(= |memory_model::choice_rf_1_3_0_30_F_475| false)
(= |memory_model::choice_rf_1_3_0_33_F_476| false)
(= |memory_model::choice_rf_1_3_0_39_F_477| false)
(= |memory_model::choice_rf_1_3_0_42_F_478| false)
(= |memory_model::choice_rf_1_3_0_48_F_479| false)
(= |memory_model::choice_rf_1_3_0_51_F_480| false)
(= |memory_model::choice_rf_1_3_0_57_F_481| false)
(= |memory_model::choice_rf_1_3_0_60_F_482| false)
(= |memory_model::choice_rf_1_4_0_10_F_483| false)
(= |memory_model::choice_rf_1_4_0_11_F_484| false)
(= |memory_model::choice_rf_1_4_0_12_F_485| true)
(= |memory_model::choice_rf_1_4_0_21_F_486| false)
(= |memory_model::choice_rf_1_4_0_24_F_487| false)
(= |memory_model::choice_rf_1_4_0_30_F_488| false)
(= |memory_model::choice_rf_1_4_0_33_F_489| false)
(= |memory_model::choice_rf_1_4_0_39_F_490| false)
(= |memory_model::choice_rf_1_4_0_42_F_491| false)
(= |memory_model::choice_rf_1_4_0_48_F_492| false)
(= |memory_model::choice_rf_1_4_0_51_F_493| false)
(= |memory_model::choice_rf_1_4_0_57_F_494| false)
(= |memory_model::choice_rf_1_4_0_60_F_495| false)
(= |memory_model::choice_rf_1_5_0_10_F_496| false)
(= |memory_model::choice_rf_1_5_0_11_F_497| false)
(= |memory_model::choice_rf_1_5_0_12_F_498| true)
(= |memory_model::choice_rf_1_5_0_21_F_499| false)
(= |memory_model::choice_rf_1_5_0_24_F_500| false)
(= |memory_model::choice_rf_1_5_0_30_F_501| false)
(= |memory_model::choice_rf_1_5_0_33_F_502| false)
(= |memory_model::choice_rf_1_5_0_39_F_503| false)
(= |memory_model::choice_rf_1_5_0_42_F_504| false)
(= |memory_model::choice_rf_1_5_0_48_F_505| false)
(= |memory_model::choice_rf_1_5_0_51_F_506| false)
(= |memory_model::choice_rf_1_5_0_57_F_507| false)
(= |memory_model::choice_rf_1_5_0_60_F_508| false)
(= |memory_model::choice_rf_1_7_0_10_F_509| false)
(= |memory_model::choice_rf_1_7_0_11_F_510| false)
(= |memory_model::choice_rf_1_7_0_12_F_511| false)
(= |memory_model::choice_rf_1_7_0_21_F_512| false)
(= |memory_model::choice_rf_1_7_0_24_F_513| true)
(= |memory_model::choice_rf_1_7_0_30_F_514| false)
(= |memory_model::choice_rf_1_7_0_33_F_515| false)
(= |memory_model::choice_rf_1_7_0_39_F_516| false)
(= |memory_model::choice_rf_1_7_0_42_F_517| false)
(= |memory_model::choice_rf_1_7_0_48_F_518| false)
(= |memory_model::choice_rf_1_7_0_51_F_519| false)
(= |memory_model::choice_rf_1_7_0_57_F_520| false)
(= |memory_model::choice_rf_1_7_0_60_F_521| false)
(= |memory_model::choice_rf_1_7_1_6_F_522| false)
(= |memory_model::choice_rf_1_8_0_10_F_523| false)
(= |memory_model::choice_rf_1_8_0_11_F_524| false)
(= |memory_model::choice_rf_1_8_0_12_F_525| false)
(= |memory_model::choice_rf_1_8_0_21_F_526| false)
(= |memory_model::choice_rf_1_8_0_24_F_527| false)
(= |memory_model::choice_rf_1_8_0_30_F_528| true)
(= |memory_model::choice_rf_1_8_0_33_F_529| false)
(= |memory_model::choice_rf_1_8_0_39_F_530| false)
(= |memory_model::choice_rf_1_8_0_42_F_531| false)
(= |memory_model::choice_rf_1_8_0_48_F_532| false)
(= |memory_model::choice_rf_1_8_0_51_F_533| false)
(= |memory_model::choice_rf_1_8_0_57_F_534| false)
(= |memory_model::choice_rf_1_8_0_60_F_535| false)
(= |memory_model::choice_rf_1_8_1_6_F_536| false)
(= |memory_model::choice_rf_1_9_0_10_F_537| false)
(= |memory_model::choice_rf_1_9_0_11_F_538| false)
(= |memory_model::choice_rf_1_9_0_12_F_539| false)
(= |memory_model::choice_rf_1_9_0_21_F_540| false)
(= |memory_model::choice_rf_1_9_0_24_F_541| false)
(= |memory_model::choice_rf_1_9_0_30_F_542| true)
(= |memory_model::choice_rf_1_9_0_33_F_543| false)
(= |memory_model::choice_rf_1_9_0_39_F_544| false)
(= |memory_model::choice_rf_1_9_0_42_F_545| false)
(= |memory_model::choice_rf_1_9_0_48_F_546| false)
(= |memory_model::choice_rf_1_9_0_51_F_547| false)
(= |memory_model::choice_rf_1_9_0_57_F_548| false)
(= |memory_model::choice_rf_1_9_0_60_F_549| false)
(= |memory_model::choice_rf_1_9_1_6_F_550| false)
(= |memory_model::choice_rf_1_10_0_10_F_551| false)
(= |memory_model::choice_rf_1_10_0_11_F_552| false)
(= |memory_model::choice_rf_1_10_0_12_F_553| false)
(= |memory_model::choice_rf_1_10_0_21_F_554| false)
(= |memory_model::choice_rf_1_10_0_24_F_555| false)
(= |memory_model::choice_rf_1_10_0_30_F_556| true)
(= |memory_model::choice_rf_1_10_0_33_F_557| false)
(= |memory_model::choice_rf_1_10_0_39_F_558| false)
(= |memory_model::choice_rf_1_10_0_42_F_559| false)
(= |memory_model::choice_rf_1_10_0_48_F_560| false)
(= |memory_model::choice_rf_1_10_0_51_F_561| false)
(= |memory_model::choice_rf_1_10_0_57_F_562| false)
(= |memory_model::choice_rf_1_10_0_60_F_563| false)
(= |memory_model::choice_rf_1_10_1_6_F_564| false)
(= |memory_model::choice_rf_1_11_0_10_F_565| false)
(= |memory_model::choice_rf_1_11_0_11_F_566| false)
(= |memory_model::choice_rf_1_11_0_12_F_567| false)
(= |memory_model::choice_rf_1_11_0_21_F_568| false)
(= |memory_model::choice_rf_1_11_0_24_F_569| false)
(= |memory_model::choice_rf_1_11_0_30_F_570| true)
(= |memory_model::choice_rf_1_11_0_33_F_571| false)
(= |memory_model::choice_rf_1_11_0_39_F_572| false)
(= |memory_model::choice_rf_1_11_0_42_F_573| false)
(= |memory_model::choice_rf_1_11_0_48_F_574| false)
(= |memory_model::choice_rf_1_11_0_51_F_575| false)
(= |memory_model::choice_rf_1_11_0_57_F_576| false)
(= |memory_model::choice_rf_1_11_0_60_F_577| false)
(= |memory_model::choice_rf_1_11_1_6_F_578| false)
(= |memory_model::choice_rf_1_12_0_10_F_579| false)
(= |memory_model::choice_rf_1_12_0_11_F_580| false)
(= |memory_model::choice_rf_1_12_0_12_F_581| false)
(= |memory_model::choice_rf_1_12_0_21_F_582| false)
(= |memory_model::choice_rf_1_12_0_24_F_583| false)
(= |memory_model::choice_rf_1_12_0_30_F_584| true)
(= |memory_model::choice_rf_1_12_0_33_F_585| false)
(= |memory_model::choice_rf_1_12_0_39_F_586| false)
(= |memory_model::choice_rf_1_12_0_42_F_587| false)
(= |memory_model::choice_rf_1_12_0_48_F_588| false)
(= |memory_model::choice_rf_1_12_0_51_F_589| false)
(= |memory_model::choice_rf_1_12_0_57_F_590| false)
(= |memory_model::choice_rf_1_12_0_60_F_591| false)
(= |memory_model::choice_rf_1_12_1_6_F_592| false)
(= |memory_model::choice_rf_1_14_0_10_F_593| false)
(= |memory_model::choice_rf_1_14_0_11_F_594| false)
(= |memory_model::choice_rf_1_14_0_12_F_595| false)
(= |memory_model::choice_rf_1_14_0_21_F_596| false)
(= |memory_model::choice_rf_1_14_0_24_F_597| false)
(= |memory_model::choice_rf_1_14_0_30_F_598| false)
(= |memory_model::choice_rf_1_14_0_33_F_599| false)
(= |memory_model::choice_rf_1_14_0_39_F_600| false)
(= |memory_model::choice_rf_1_14_0_42_F_601| false)
(= |memory_model::choice_rf_1_14_0_48_F_602| false)
(= |memory_model::choice_rf_1_14_0_51_F_603| false)
(= |memory_model::choice_rf_1_14_0_57_F_604| false)
(= |memory_model::choice_rf_1_14_0_60_F_605| false)
(= |memory_model::choice_rf_1_14_1_6_F_606| false)
(= |memory_model::choice_rf_1_14_1_13_F_607| false)
(= |memory_model::choice_rf_1_15_0_10_F_608| false)
(= |memory_model::choice_rf_1_15_0_11_F_609| false)
(= |memory_model::choice_rf_1_15_0_12_F_610| false)
(= |memory_model::choice_rf_1_15_0_21_F_611| false)
(= |memory_model::choice_rf_1_15_0_24_F_612| false)
(= |memory_model::choice_rf_1_15_0_30_F_613| false)
(= |memory_model::choice_rf_1_15_0_33_F_614| false)
(= |memory_model::choice_rf_1_15_0_39_F_615| false)
(= |memory_model::choice_rf_1_15_0_42_F_616| false)
(= |memory_model::choice_rf_1_15_0_48_F_617| false)
(= |memory_model::choice_rf_1_15_0_51_F_618| false)
(= |memory_model::choice_rf_1_15_0_57_F_619| false)
(= |memory_model::choice_rf_1_15_0_60_F_620| false)
(= |memory_model::choice_rf_1_15_1_6_F_621| false)
(= |memory_model::choice_rf_1_15_1_13_F_622| false)
(= |memory_model::choice_rf_1_16_0_10_F_623| false)
(= |memory_model::choice_rf_1_16_0_11_F_624| false)
(= |memory_model::choice_rf_1_16_0_12_F_625| false)
(= |memory_model::choice_rf_1_16_0_21_F_626| false)
(= |memory_model::choice_rf_1_16_0_24_F_627| false)
(= |memory_model::choice_rf_1_16_0_30_F_628| false)
(= |memory_model::choice_rf_1_16_0_33_F_629| false)
(= |memory_model::choice_rf_1_16_0_39_F_630| false)
(= |memory_model::choice_rf_1_16_0_42_F_631| false)
(= |memory_model::choice_rf_1_16_0_48_F_632| false)
(= |memory_model::choice_rf_1_16_0_51_F_633| false)
(= |memory_model::choice_rf_1_16_0_57_F_634| false)
(= |memory_model::choice_rf_1_16_0_60_F_635| false)
(= |memory_model::choice_rf_1_16_1_6_F_636| false)
(= |memory_model::choice_rf_1_16_1_13_F_637| false)
(= |memory_model::choice_rf_1_17_0_10_F_638| false)
(= |memory_model::choice_rf_1_17_0_11_F_639| false)
(= |memory_model::choice_rf_1_17_0_12_F_640| false)
(= |memory_model::choice_rf_1_17_0_21_F_641| false)
(= |memory_model::choice_rf_1_17_0_24_F_642| false)
(= |memory_model::choice_rf_1_17_0_30_F_643| false)
(= |memory_model::choice_rf_1_17_0_33_F_644| false)
(= |memory_model::choice_rf_1_17_0_39_F_645| false)
(= |memory_model::choice_rf_1_17_0_42_F_646| false)
(= |memory_model::choice_rf_1_17_0_48_F_647| false)
(= |memory_model::choice_rf_1_17_0_51_F_648| false)
(= |memory_model::choice_rf_1_17_0_57_F_649| false)
(= |memory_model::choice_rf_1_17_0_60_F_650| false)
(= |memory_model::choice_rf_1_17_1_6_F_651| false)
(= |memory_model::choice_rf_1_17_1_13_F_652| false)
(= |memory_model::choice_rf_1_18_0_10_F_653| false)
(= |memory_model::choice_rf_1_18_0_11_F_654| false)
(= |memory_model::choice_rf_1_18_0_12_F_655| false)
(= |memory_model::choice_rf_1_18_0_21_F_656| false)
(= |memory_model::choice_rf_1_18_0_24_F_657| false)
(= |memory_model::choice_rf_1_18_0_30_F_658| false)
(= |memory_model::choice_rf_1_18_0_33_F_659| false)
(= |memory_model::choice_rf_1_18_0_39_F_660| false)
(= |memory_model::choice_rf_1_18_0_42_F_661| false)
(= |memory_model::choice_rf_1_18_0_48_F_662| false)
(= |memory_model::choice_rf_1_18_0_51_F_663| false)
(= |memory_model::choice_rf_1_18_0_57_F_664| false)
(= |memory_model::choice_rf_1_18_0_60_F_665| false)
(= |memory_model::choice_rf_1_18_1_6_F_666| false)
(= |memory_model::choice_rf_1_18_1_13_F_667| false)
(= |memory_model::choice_rf_1_19_0_10_F_668| false)
(= |memory_model::choice_rf_1_19_0_11_F_669| false)
(= |memory_model::choice_rf_1_19_0_12_F_670| false)
(= |memory_model::choice_rf_1_19_0_21_F_671| false)
(= |memory_model::choice_rf_1_19_0_24_F_672| false)
(= |memory_model::choice_rf_1_19_0_30_F_673| false)
(= |memory_model::choice_rf_1_19_0_33_F_674| false)
(= |memory_model::choice_rf_1_19_0_39_F_675| false)
(= |memory_model::choice_rf_1_19_0_42_F_676| false)
(= |memory_model::choice_rf_1_19_0_48_F_677| false)
(= |memory_model::choice_rf_1_19_0_51_F_678| false)
(= |memory_model::choice_rf_1_19_0_57_F_679| false)
(= |memory_model::choice_rf_1_19_0_60_F_680| false)
(= |memory_model::choice_rf_1_19_1_6_F_681| false)
(= |memory_model::choice_rf_1_19_1_13_F_682| false)
(= |memory_model::choice_rf_1_21_0_10_F_683| false)
(= |memory_model::choice_rf_1_21_0_11_F_684| false)
(= |memory_model::choice_rf_1_21_0_12_F_685| false)
(= |memory_model::choice_rf_1_21_0_21_F_686| false)
(= |memory_model::choice_rf_1_21_0_24_F_687| false)
(= |memory_model::choice_rf_1_21_0_30_F_688| false)
(= |memory_model::choice_rf_1_21_0_33_F_689| false)
(= |memory_model::choice_rf_1_21_0_39_F_690| false)
(= |memory_model::choice_rf_1_21_0_42_F_691| false)
(= |memory_model::choice_rf_1_21_0_48_F_692| false)
(= |memory_model::choice_rf_1_21_0_51_F_693| false)
(= |memory_model::choice_rf_1_21_0_57_F_694| false)
(= |memory_model::choice_rf_1_21_0_60_F_695| false)
(= |memory_model::choice_rf_1_21_1_6_F_696| false)
(= |memory_model::choice_rf_1_21_1_13_F_697| false)
(= |memory_model::choice_rf_1_21_1_20_F_698| false)
(= |memory_model::choice_rf_1_22_0_10_F_699| false)
(= |memory_model::choice_rf_1_22_0_11_F_700| false)
(= |memory_model::choice_rf_1_22_0_12_F_701| false)
(= |memory_model::choice_rf_1_22_0_21_F_702| false)
(= |memory_model::choice_rf_1_22_0_24_F_703| false)
(= |memory_model::choice_rf_1_22_0_30_F_704| false)
(= |memory_model::choice_rf_1_22_0_33_F_705| false)
(= |memory_model::choice_rf_1_22_0_39_F_706| false)
(= |memory_model::choice_rf_1_22_0_42_F_707| false)
(= |memory_model::choice_rf_1_22_0_48_F_708| false)
(= |memory_model::choice_rf_1_22_0_51_F_709| false)
(= |memory_model::choice_rf_1_22_0_57_F_710| false)
(= |memory_model::choice_rf_1_22_0_60_F_711| false)
(= |memory_model::choice_rf_1_22_1_6_F_712| false)
(= |memory_model::choice_rf_1_22_1_13_F_713| false)
(= |memory_model::choice_rf_1_22_1_20_F_714| false)
(= |memory_model::choice_rf_1_23_0_10_F_715| false)
(= |memory_model::choice_rf_1_23_0_11_F_716| false)
(= |memory_model::choice_rf_1_23_0_12_F_717| false)
(= |memory_model::choice_rf_1_23_0_21_F_718| false)
(= |memory_model::choice_rf_1_23_0_24_F_719| false)
(= |memory_model::choice_rf_1_23_0_30_F_720| false)
(= |memory_model::choice_rf_1_23_0_33_F_721| false)
(= |memory_model::choice_rf_1_23_0_39_F_722| false)
(= |memory_model::choice_rf_1_23_0_42_F_723| false)
(= |memory_model::choice_rf_1_23_0_48_F_724| false)
(= |memory_model::choice_rf_1_23_0_51_F_725| false)
(= |memory_model::choice_rf_1_23_0_57_F_726| false)
(= |memory_model::choice_rf_1_23_0_60_F_727| false)
(= |memory_model::choice_rf_1_23_1_6_F_728| false)
(= |memory_model::choice_rf_1_23_1_13_F_729| false)
(= |memory_model::choice_rf_1_23_1_20_F_730| false)
(= |memory_model::choice_rf_1_24_0_10_F_731| false)
(= |memory_model::choice_rf_1_24_0_11_F_732| false)
(= |memory_model::choice_rf_1_24_0_12_F_733| false)
(= |memory_model::choice_rf_1_24_0_21_F_734| false)
(= |memory_model::choice_rf_1_24_0_24_F_735| false)
(= |memory_model::choice_rf_1_24_0_30_F_736| false)
(= |memory_model::choice_rf_1_24_0_33_F_737| false)
(= |memory_model::choice_rf_1_24_0_39_F_738| false)
(= |memory_model::choice_rf_1_24_0_42_F_739| false)
(= |memory_model::choice_rf_1_24_0_48_F_740| false)
(= |memory_model::choice_rf_1_24_0_51_F_741| false)
(= |memory_model::choice_rf_1_24_0_57_F_742| false)
(= |memory_model::choice_rf_1_24_0_60_F_743| false)
(= |memory_model::choice_rf_1_24_1_6_F_744| false)
(= |memory_model::choice_rf_1_24_1_13_F_745| false)
(= |memory_model::choice_rf_1_24_1_20_F_746| false)
(= |memory_model::choice_rf_1_25_0_10_F_747| false)
(= |memory_model::choice_rf_1_25_0_11_F_748| false)
(= |memory_model::choice_rf_1_25_0_12_F_749| false)
(= |memory_model::choice_rf_1_25_0_21_F_750| false)
(= |memory_model::choice_rf_1_25_0_24_F_751| false)
(= |memory_model::choice_rf_1_25_0_30_F_752| false)
(= |memory_model::choice_rf_1_25_0_33_F_753| false)
(= |memory_model::choice_rf_1_25_0_39_F_754| false)
(= |memory_model::choice_rf_1_25_0_42_F_755| false)
(= |memory_model::choice_rf_1_25_0_48_F_756| false)
(= |memory_model::choice_rf_1_25_0_51_F_757| false)
(= |memory_model::choice_rf_1_25_0_57_F_758| false)
(= |memory_model::choice_rf_1_25_0_60_F_759| false)
(= |memory_model::choice_rf_1_25_1_6_F_760| false)
(= |memory_model::choice_rf_1_25_1_13_F_761| false)
(= |memory_model::choice_rf_1_25_1_20_F_762| false)
(= |memory_model::choice_rf_1_26_0_10_F_763| false)
(= |memory_model::choice_rf_1_26_0_11_F_764| false)
(= |memory_model::choice_rf_1_26_0_12_F_765| false)
(= |memory_model::choice_rf_1_26_0_21_F_766| false)
(= |memory_model::choice_rf_1_26_0_24_F_767| false)
(= |memory_model::choice_rf_1_26_0_30_F_768| false)
(= |memory_model::choice_rf_1_26_0_33_F_769| false)
(= |memory_model::choice_rf_1_26_0_39_F_770| false)
(= |memory_model::choice_rf_1_26_0_42_F_771| false)
(= |memory_model::choice_rf_1_26_0_48_F_772| false)
(= |memory_model::choice_rf_1_26_0_51_F_773| false)
(= |memory_model::choice_rf_1_26_0_57_F_774| false)
(= |memory_model::choice_rf_1_26_0_60_F_775| false)
(= |memory_model::choice_rf_1_26_1_6_F_776| false)
(= |memory_model::choice_rf_1_26_1_13_F_777| false)
(= |memory_model::choice_rf_1_26_1_20_F_778| false)
(= |memory_model::choice_rf_1_28_0_10_F_779| false)
(= |memory_model::choice_rf_1_28_0_11_F_780| false)
(= |memory_model::choice_rf_1_28_0_12_F_781| false)
(= |memory_model::choice_rf_1_28_0_21_F_782| false)
(= |memory_model::choice_rf_1_28_0_24_F_783| false)
(= |memory_model::choice_rf_1_28_0_30_F_784| false)
(= |memory_model::choice_rf_1_28_0_33_F_785| false)
(= |memory_model::choice_rf_1_28_0_39_F_786| false)
(= |memory_model::choice_rf_1_28_0_42_F_787| false)
(= |memory_model::choice_rf_1_28_0_48_F_788| false)
(= |memory_model::choice_rf_1_28_0_51_F_789| false)
(= |memory_model::choice_rf_1_28_0_57_F_790| false)
(= |memory_model::choice_rf_1_28_0_60_F_791| false)
(= |memory_model::choice_rf_1_28_1_6_F_792| false)
(= |memory_model::choice_rf_1_28_1_13_F_793| false)
(= |memory_model::choice_rf_1_28_1_20_F_794| false)
(= |memory_model::choice_rf_1_28_1_27_F_795| false)
(= |memory_model::choice_rf_1_29_0_10_F_796| false)
(= |memory_model::choice_rf_1_29_0_11_F_797| false)
(= |memory_model::choice_rf_1_29_0_12_F_798| false)
(= |memory_model::choice_rf_1_29_0_21_F_799| false)
(= |memory_model::choice_rf_1_29_0_24_F_800| false)
(= |memory_model::choice_rf_1_29_0_30_F_801| false)
(= |memory_model::choice_rf_1_29_0_33_F_802| false)
(= |memory_model::choice_rf_1_29_0_39_F_803| false)
(= |memory_model::choice_rf_1_29_0_42_F_804| false)
(= |memory_model::choice_rf_1_29_0_48_F_805| false)
(= |memory_model::choice_rf_1_29_0_51_F_806| false)
(= |memory_model::choice_rf_1_29_0_57_F_807| false)
(= |memory_model::choice_rf_1_29_0_60_F_808| false)
(= |memory_model::choice_rf_1_29_1_6_F_809| false)
(= |memory_model::choice_rf_1_29_1_13_F_810| false)
(= |memory_model::choice_rf_1_29_1_20_F_811| false)
(= |memory_model::choice_rf_1_29_1_27_F_812| false)
(= |memory_model::choice_rf_1_30_0_10_F_813| false)
(= |memory_model::choice_rf_1_30_0_11_F_814| false)
(= |memory_model::choice_rf_1_30_0_12_F_815| false)
(= |memory_model::choice_rf_1_30_0_21_F_816| false)
(= |memory_model::choice_rf_1_30_0_24_F_817| false)
(= |memory_model::choice_rf_1_30_0_30_F_818| false)
(= |memory_model::choice_rf_1_30_0_33_F_819| false)
(= |memory_model::choice_rf_1_30_0_39_F_820| false)
(= |memory_model::choice_rf_1_30_0_42_F_821| false)
(= |memory_model::choice_rf_1_30_0_48_F_822| false)
(= |memory_model::choice_rf_1_30_0_51_F_823| false)
(= |memory_model::choice_rf_1_30_0_57_F_824| false)
(= |memory_model::choice_rf_1_30_0_60_F_825| false)
(= |memory_model::choice_rf_1_30_1_6_F_826| false)
(= |memory_model::choice_rf_1_30_1_13_F_827| false)
(= |memory_model::choice_rf_1_30_1_20_F_828| false)
(= |memory_model::choice_rf_1_30_1_27_F_829| false)
(= |memory_model::choice_rf_1_31_0_10_F_830| false)
(= |memory_model::choice_rf_1_31_0_11_F_831| false)
(= |memory_model::choice_rf_1_31_0_12_F_832| false)
(= |memory_model::choice_rf_1_31_0_21_F_833| false)
(= |memory_model::choice_rf_1_31_0_24_F_834| false)
(= |memory_model::choice_rf_1_31_0_30_F_835| false)
(= |memory_model::choice_rf_1_31_0_33_F_836| false)
(= |memory_model::choice_rf_1_31_0_39_F_837| false)
(= |memory_model::choice_rf_1_31_0_42_F_838| false)
(= |memory_model::choice_rf_1_31_0_48_F_839| false)
(= |memory_model::choice_rf_1_31_0_51_F_840| false)
(= |memory_model::choice_rf_1_31_0_57_F_841| false)
(= |memory_model::choice_rf_1_31_0_60_F_842| false)
(= |memory_model::choice_rf_1_31_1_6_F_843| false)
(= |memory_model::choice_rf_1_31_1_13_F_844| false)
(= |memory_model::choice_rf_1_31_1_20_F_845| false)
(= |memory_model::choice_rf_1_31_1_27_F_846| false)
(= |memory_model::choice_rf_1_32_0_10_F_847| false)
(= |memory_model::choice_rf_1_32_0_11_F_848| false)
(= |memory_model::choice_rf_1_32_0_12_F_849| false)
(= |memory_model::choice_rf_1_32_0_21_F_850| false)
(= |memory_model::choice_rf_1_32_0_24_F_851| false)
(= |memory_model::choice_rf_1_32_0_30_F_852| false)
(= |memory_model::choice_rf_1_32_0_33_F_853| false)
(= |memory_model::choice_rf_1_32_0_39_F_854| false)
(= |memory_model::choice_rf_1_32_0_42_F_855| false)
(= |memory_model::choice_rf_1_32_0_48_F_856| false)
(= |memory_model::choice_rf_1_32_0_51_F_857| false)
(= |memory_model::choice_rf_1_32_0_57_F_858| false)
(= |memory_model::choice_rf_1_32_0_60_F_859| false)
(= |memory_model::choice_rf_1_32_1_6_F_860| false)
(= |memory_model::choice_rf_1_32_1_13_F_861| false)
(= |memory_model::choice_rf_1_32_1_20_F_862| false)
(= |memory_model::choice_rf_1_32_1_27_F_863| false)
(= |memory_model::choice_rf_1_33_0_10_F_864| false)
(= |memory_model::choice_rf_1_33_0_11_F_865| false)
(= |memory_model::choice_rf_1_33_0_12_F_866| false)
(= |memory_model::choice_rf_1_33_0_21_F_867| false)
(= |memory_model::choice_rf_1_33_0_24_F_868| false)
(= |memory_model::choice_rf_1_33_0_30_F_869| false)
(= |memory_model::choice_rf_1_33_0_33_F_870| false)
(= |memory_model::choice_rf_1_33_0_39_F_871| false)
(= |memory_model::choice_rf_1_33_0_42_F_872| false)
(= |memory_model::choice_rf_1_33_0_48_F_873| false)
(= |memory_model::choice_rf_1_33_0_51_F_874| false)
(= |memory_model::choice_rf_1_33_0_57_F_875| false)
(= |memory_model::choice_rf_1_33_0_60_F_876| false)
(= |memory_model::choice_rf_1_33_1_6_F_877| false)
(= |memory_model::choice_rf_1_33_1_13_F_878| false)
(= |memory_model::choice_rf_1_33_1_20_F_879| false)
(= |memory_model::choice_rf_1_33_1_27_F_880| false)
(= |memory_model::choice_rf_1_35_0_10_F_881| false)
(= |memory_model::choice_rf_1_35_0_11_F_882| false)
(= |memory_model::choice_rf_1_35_0_12_F_883| false)
(= |memory_model::choice_rf_1_35_0_21_F_884| false)
(= |memory_model::choice_rf_1_35_0_24_F_885| false)
(= |memory_model::choice_rf_1_35_0_30_F_886| false)
(= |memory_model::choice_rf_1_35_0_33_F_887| false)
(= |memory_model::choice_rf_1_35_0_39_F_888| false)
(= |memory_model::choice_rf_1_35_0_42_F_889| false)
(= |memory_model::choice_rf_1_35_0_48_F_890| false)
(= |memory_model::choice_rf_1_35_0_51_F_891| false)
(= |memory_model::choice_rf_1_35_0_57_F_892| false)
(= |memory_model::choice_rf_1_35_0_60_F_893| false)
(= |memory_model::choice_rf_1_35_1_6_F_894| false)
(= |memory_model::choice_rf_1_35_1_13_F_895| false)
(= |memory_model::choice_rf_1_35_1_20_F_896| false)
(= |memory_model::choice_rf_1_35_1_27_F_897| false)
(= |memory_model::choice_rf_1_35_1_34_F_898| false)
(= |memory_model::choice_rf_1_36_0_10_F_899| false)
(= |memory_model::choice_rf_1_36_0_11_F_900| false)
(= |memory_model::choice_rf_1_36_0_12_F_901| false)
(= |memory_model::choice_rf_1_36_0_21_F_902| false)
(= |memory_model::choice_rf_1_36_0_24_F_903| false)
(= |memory_model::choice_rf_1_36_0_30_F_904| false)
(= |memory_model::choice_rf_1_36_0_33_F_905| false)
(= |memory_model::choice_rf_1_36_0_39_F_906| false)
(= |memory_model::choice_rf_1_36_0_42_F_907| false)
(= |memory_model::choice_rf_1_36_0_48_F_908| false)
(= |memory_model::choice_rf_1_36_0_51_F_909| false)
(= |memory_model::choice_rf_1_36_0_57_F_910| false)
(= |memory_model::choice_rf_1_36_0_60_F_911| false)
(= |memory_model::choice_rf_1_36_1_6_F_912| false)
(= |memory_model::choice_rf_1_36_1_13_F_913| false)
(= |memory_model::choice_rf_1_36_1_20_F_914| false)
(= |memory_model::choice_rf_1_36_1_27_F_915| false)
(= |memory_model::choice_rf_1_36_1_34_F_916| false)
(= |memory_model::choice_ws-ext_0_8_1_38_T_917| true)
(= |memory_model::choice_ws-ext_0_10_1_6_F_918| true)
(= |memory_model::choice_ws-ext_0_10_1_13_F_919| true)
(= |memory_model::choice_ws-ext_0_10_1_20_F_920| true)
(= |memory_model::choice_ws-ext_0_10_1_27_F_921| true)
(= |memory_model::choice_ws-ext_0_10_1_34_F_922| true)
(= |memory_model::choice_ws-ext_0_11_1_6_F_923| true)
(= |memory_model::choice_ws-ext_0_11_1_13_F_924| true)
(= |memory_model::choice_ws-ext_0_11_1_20_F_925| true)
(= |memory_model::choice_ws-ext_0_11_1_27_F_926| true)
(= |memory_model::choice_ws-ext_0_11_1_34_F_927| true)
(= |memory_model::choice_ws-ext_0_12_1_6_F_928| true)
(= |memory_model::choice_ws-ext_0_12_1_13_F_929| true)
(= |memory_model::choice_ws-ext_0_12_1_20_F_930| true)
(= |memory_model::choice_ws-ext_0_12_1_27_F_931| true)
(= |memory_model::choice_ws-ext_0_12_1_34_F_932| true)
(= |memory_model::choice_ws-ext_0_21_1_6_F_933| true)
(= |memory_model::choice_ws-ext_0_21_1_13_F_934| true)
(= |memory_model::choice_ws-ext_0_21_1_20_F_935| true)
(= |memory_model::choice_ws-ext_0_21_1_27_F_936| true)
(= |memory_model::choice_ws-ext_0_21_1_34_F_937| true)
(= |memory_model::choice_ws-ext_0_24_1_6_F_938| true)
(= |memory_model::choice_ws-ext_0_24_1_13_F_939| true)
(= |memory_model::choice_ws-ext_0_24_1_20_F_940| true)
(= |memory_model::choice_ws-ext_0_24_1_27_F_941| true)
(= |memory_model::choice_ws-ext_0_24_1_34_F_942| true)
(= |memory_model::choice_ws-ext_0_30_1_6_F_943| false)
(= |memory_model::choice_ws-ext_0_30_1_13_F_944| true)
(= |memory_model::choice_ws-ext_0_30_1_20_F_945| true)
(= |memory_model::choice_ws-ext_0_30_1_27_F_946| true)
(= |memory_model::choice_ws-ext_0_30_1_34_F_947| true)
(= |memory_model::choice_ws-ext_0_33_1_6_F_948| false)
(= |memory_model::choice_ws-ext_0_33_1_13_F_949| false)
(= |memory_model::choice_ws-ext_0_33_1_20_F_950| true)
(= |memory_model::choice_ws-ext_0_33_1_27_F_951| true)
(= |memory_model::choice_ws-ext_0_33_1_34_F_952| true)
(= |memory_model::choice_ws-ext_0_39_1_6_F_953| false)
(= |memory_model::choice_ws-ext_0_39_1_13_F_954| false)
(= |memory_model::choice_ws-ext_0_39_1_20_F_955| false)
(= |memory_model::choice_ws-ext_0_39_1_27_F_956| true)
(= |memory_model::choice_ws-ext_0_39_1_34_F_957| true)
(= |memory_model::choice_ws-ext_0_42_1_6_F_958| false)
(= |memory_model::choice_ws-ext_0_42_1_13_F_959| false)
(= |memory_model::choice_ws-ext_0_42_1_20_F_960| false)
(= |memory_model::choice_ws-ext_0_42_1_27_F_961| true)
(= |memory_model::choice_ws-ext_0_42_1_34_F_962| true)
(= |memory_model::choice_ws-ext_0_48_1_6_F_963| false)
(= |memory_model::choice_ws-ext_0_48_1_13_F_964| false)
(= |memory_model::choice_ws-ext_0_48_1_20_F_965| false)
(= |memory_model::choice_ws-ext_0_48_1_27_F_966| false)
(= |memory_model::choice_ws-ext_0_48_1_34_F_967| true)
(= |memory_model::choice_ws-ext_0_51_1_6_F_968| false)
(= |memory_model::choice_ws-ext_0_51_1_13_F_969| false)
(= |memory_model::choice_ws-ext_0_51_1_20_F_970| false)
(= |memory_model::choice_ws-ext_0_51_1_27_F_971| false)
(= |memory_model::choice_ws-ext_0_51_1_34_F_972| true)
(= |memory_model::choice_ws-ext_0_57_1_6_F_973| false)
(= |memory_model::choice_ws-ext_0_57_1_13_F_974| false)
(= |memory_model::choice_ws-ext_0_57_1_20_F_975| false)
(= |memory_model::choice_ws-ext_0_57_1_27_F_976| false)
(= |memory_model::choice_ws-ext_0_57_1_34_F_977| false)
(= |memory_model::choice_ws-ext_0_60_1_6_F_978| false)
(= |memory_model::choice_ws-ext_0_60_1_13_F_979| false)
(= |memory_model::choice_ws-ext_0_60_1_20_F_980| false)
(= |memory_model::choice_ws-ext_0_60_1_27_F_981| false)
(= |memory_model::choice_ws-ext_0_60_1_34_F_982| false)
(=
 |main::1::r!0@1#1|
 #b100000000000000000000000000000111000000000000000000000000000000000000000000000000000000000000000000000000000000000000000000000001000000000000000000000000000000010000000000000000000000000000000)
(=
 |main::1::r!0@1#4|
 #b000000000000000000000000000000001000000000000000000000000000000000000000000000000000000000000000000000000000000000000000000000001000000000000000000000000000000000000000000000000000000000000000)
(=
 |main::1::r!0@1#5|
 #b000000000000000000000000000000001000000000000000000000000000000000000000000000000000000000000000000000000000000000000000000000001000000000000000000000000000000000000000000000000000000000000000)
(=
 |main::1::r!0@1#6|
 #b000000000000000000000000000000001000000000000000000000000000000000000000000000000000000000000000000000000000000000000000000000001000000000000000000000000000000000000000000000000000000000000000)
(=
 |main::1::r!0@1#7|
 #b000000000000000000000000000000001000000000000000000000000000000000000000000000000000000000000000000000000000000000000000000000001000000000000000000000000000000000000000000000000000000000000000)
(=
 |main::1::r!0@1#8|
 #b000000000000000000000000000000001000000000000000000000000000000000000000000000000000000000000000000000000000000000000000000000001000000000000000000000000000000000000000000000000000000000000000)
(=
 |main::1::r!0@1#10|
 #b000000000000000000000000000000001000000000000000000000000000000000000000000000000000000000000000000000000000000000000000000000001000000000000000000000000000000100000000000000000000000000000000)
(=
 |main::1::r!0@1#11|
 #b000000000000000000000000000000001000000000000000000000000000000000000000000000000000000000000000000000000000000000000000000000001000000000000000000000000000000100000000000000000000000000000000)
(=
 |main::1::r!0@1#13|
 #b000000000000000000000000000000011000000000000000000000000000000000000000000000000000000000000000000000000000000000000000000000001000000000000000000000000000000100000000000000000000000000000000)
(=
 |main::1::r!0@1#14|
 #b000000000000000000000000000000011000000000000000000000000000000000000000000000000000000000000000000000000000000000000000000000001000000000000000000000000000000100000000000000000000000000000000)
(=
 |main::1::r!0@1#15|
 #b000000000000000000000000000000011000000000000000000000000000000000000000000000000000000000000000000000000000000000000000000000001000000000000000000000000000000100000000000000000000000000000000)
(=
 |main::1::r!0@1#16|
 #b000000000000000000000000000000011000000000000000000000000000000000000000000000000000000000000000000000000000000000000000000000001000000000000000000000000000000100000000000000000000000000000000)
(=
 |main::1::r!0@1#17|
 #b000000000000000000000000000000011000000000000000000000000000000000000000000000000000000000000000000000000000000000000000000000001000000000000000000000000000000100000000000000000000000000000000)
(=
 |main::1::r!0@1#19|
 #b000000000000000000000000000000010000000000000000000000000000000000000000000000000000000000000000000000000000000000000000000000001000000000000000000000000000000100000000000000000000000000000000)
(=
 |main::1::r!0@1#20|
 #b000000000000000000000000000000010000000000000000000000000000000000000000000000000000000000000000000000000000000000000000000000001000000000000000000000000000000100000000000000000000000000000001)
(=
 |main::1::r!0@1#22|
 #b000000000000000000000000000000100000000000000000000000000000000000000000000000000000000000000000000000000000000000000000000000001000000000000000000000000000000100000000000000000000000000000000)
(=
 |main::1::r!0@1#23|
 #b000000000000000000000000000000100000000000000000000000000000000000000000000000000000000000000000000000000000000000000000000000001000000000000000000000000000000100000000000000000000000000000000)
(=
 |main::1::r!0@1#24|
 #b000000000000000000000000000000100000000000000000000000000000000000000000000000000000000000000000000000000000000000000000000000001000000000000000000000000000000100000000000000000000000000000000)
(=
 |main::1::r!0@1#25|
 #b000000000000000000000000000000100000000000000000000000000000000000000000000000000000000000000000000000000000000000000000000000001000000000000000000000000000000100000000000000000000000000000000)
(=
 |main::1::r!0@1#26|
 #b000000000000000000000000000000100000000000000000000000000000000000000000000000000000000000000000000000000000000000000000000000001000000000000000000000000000000100000000000000000000000000000000)
(=
 |main::1::r!0@1#28|
 #b000000000000000000000000000000100000000000000000000000000000000000000000000000000000000000000000000000000000000000000000000000001000000000000000000000000000000100000000000000000000000000000000)
(=
 |main::1::r!0@1#29|
 #b000000000000000000000000000000100000000000000000000000000000000000000000000000000000000000000000000000000000000000000000000000001000000000000000000000000000000100000000000000000000000000000000)
(=
 |main::1::r!0@1#31|
 #b000000000000000000000000000000110000000000000000000000000000000000000000000000000000000000000000000000000000000000000000000000001000000000000000000000000000000100000000000000000000000000000000)
(=
 |main::1::r!0@1#32|
 #b000000000000000000000000000000110000000000000000000000000000000000000000000000000000000000000000000000000000000000000000000000001000000000000000000000000000000100000000000000000000000000000000)
(=
 |main::1::r!0@1#33|
 #b111111111111111111111111111111110000000000000000000000000000000000000000000000000000000000000000000000000000000000000000000000000000000000000000000000000000000000000000000000000000000000000000)
(=
 |main::1::r!0@1#34|
 #b111111111111111111111111111111110000000000000000000000000000000000000000000000000000000000000000000000000000000000000000000000000000000000000000000000000000000000000000000000000000000000000000)
(=
 |main::1::r!0@1#35|
 #b111111111111111111111111111111110000000000000000000000000000000000000000000000000000000000000000000000000000000000000000000000000000000000000000000000000000000000000000000000000000000000000000)
(=
 |main::1::r!0@1#37|
 #b111111111111111111111111111111110000000000000000000000000000000000000000000000000000000000000000000000000000000000000000000000000000000000000000000000000000000000000000000000000000000000000000)
(=
 |main::1::r!0@1#38|
 #b111111111111111111111111111111110000000000000000000000000000000000000000000000000000000000000000000000000000000000000000000000000000000000000000000000000000000000000000000000000000000000000000)
(=
 |main::1::r!0@1#40|
 #b000000000000000000000000000000000000000000000000000000000000000000000000000000000000000000000000000000000000000000000000000000000000000000000000000000000000000000000000000000000000000000000000)
(=
 |main::1::r!0@1#41|
 #b000000000000000000000000000000000000000000000000000000000000000000000000000000000000000000000000000000000000000000000000000000000000000000000000000000000000000000000000000000000000000000000000)
(=
 |main::1::r!0@1#42|
 #b000000000000000000000000000000000000000000000000000000000000000000000000000000000000000000000000000000000000000000000000000000000000000000000000000000000000000000000000000000000000000000000000)
(=
 |main::1::r!0@1#43|
 #b000000000000000000000000000000000000000000000000000000000000000000000000000000000000000000000000000000000000000000000000000000000000000000000000000000000000000000000000000000000000000000000000)
(=
 |main::1::r!0@1#44|
 #b000000000000000000000000000000000000000000000000000000000000000000000000000000000000000000000000000000000000000000000000000000000000000000000000000000000000000000000000000000000000000000000000)
(=
 |main::1::r!0@1#46|
 #b000000000000000000000000000000000000000000000000000000000000000000000000000000000000000000000000000000000000000000000000000000000000000000000000000000000000010100000000000000000000000000000000)
(=
 |main::1::r!0@1#47|
 #b000000000000000000000000000000000000000000000000000000000000000000000000000000000000000000000000000000000000000000000000000000000000000000000000000000000000010100000000000000000000000000000000)
(=
 |main::1::r!0@1#50|
 #b000000000000000000000000000000001000000000000000000000000000000000000000000000000000000000000000000000000000000000000000000000001000000000000000000000000000000000000000000000000000000000000000)
(=
 |main::1::r!0@1#51|
 #b000000000000000000000000000000001000000000000000000000000000000000000000000000000000000000000000000000000000000000000000000000001000000000000000000000000000000000000000000000000000000000000000)
(=
 |main::1::r!0@1#52|
 #b000000000000000000000000000000000000000000000000000000000000000000000000000000000000000000000000000000000000000000000000000000000000000000000000000000000000000100000000000000000000000000000000)
(=
 |main::1::r!0@1#53|
 #b000000000000000000000000000000001000000000000000000000000000000000000000000000000000000000000000000000000000000000000000000000001000000000000000000000000000000000000000000000000000000000000000)
(=
 |main::1::r!0@1#54|
 #b000000000000000000000000000000001000000000000000000000000000000000000000000000000000000000000000000000000000000000000000000000001000000000000000000000000000000000000000000000000000000000000000)
(=
 |main::1::r!0@1#55|
 #b000000000000000000000000000000001000000000000000000000000000000000000000000000000000000000000000000000000000000000000000000000001000000000000000000000000000000000000000000000000000000000000000)
(=
 |main::1::r!0@1#57|
 #b000000000000000000000000000000011000000000000000000000000000000000000000000000000000000000000000000000000000000000000000000000001000000000000000000000000000000100000000000000000000000000000000)
(=
 |main::1::r!0@1#58|
 #b000000000000000000000000000000010000000000000000000000000000000000000000000000000000000000000000000000000000000000000000000000001000000000000000000000000000000100000000000000000000000000000000)
(=
 |main::1::r!0@1#59|
 #b000000000000000000000000000000010000000000000000000000000000000000000000000000000000000000000000000000000000000000000000000000001000000000000000000000000000000100000000000000000000000000000000)
(=
 |main::1::r!0@1#60|
 #b000000000000000000000000000000010000000000000000000000000000000000000000000000000000000000000000000000000000000000000000000000001000000000000000000000000000000100000000000000000000000000000000)
(=
 |main::1::r!0@1#61|
 #b000000000000000000000000000000010000000000000000000000000000000000000000000000000000000000000000000000000000000000000000000000001000000000000000000000000000000100000000000000000000000000000000)
(=
 |main::1::r!0@1#62|
 #b000000000000000000000000000000010000000000000000000000000000000000000000000000000000000000000000000000000000000000000000000000001000000000000000000000000000000100000000000000000000000000000000)
(=
 |main::1::r!0@1#64|
 #b000000000000000000000000000000001000000000000000000000000000000000000000000000000000000000000000000000000000000000000000000000001000000000000000000000000000000000000000000000000000000000000001)
(=
 |main::1::r!0@1#65|
 #b000000000000000000000000000000001000000000000000000000000000000000000000000000000000000000000000000000000000000000000000000000001000000000000000000000000000000010000000000000000000000000000000)
(=
 |main::1::r!0@1#66|
 #b000000000000000000000000000000001000000000000000000000000000001000000000000000000000000000000000000000000000000000000000000000000000000000000000000000000000000000000000000000000000000000000000)
(=
 |main::1::r!0@1#67|
 #b000000000000000000000000000000000000000000000000000000000000000000000000000000000000000000000000000000000000000000000000000000000000000000000000000000000000000000000000000000000000000000000011)
(=
 |main::1::r!0@1#68|
 #b000000000000000000000000000000000000000000000000000000000000000000000000000000000000000000000000000000000000000000000000000000000000000000000000000000000000000010000000000000000000000000000000)
(=
 |main::1::r!0@1#69|
 #b000000000000000000000000000000000000000000000000000000000000000000000000000000000000000000000000000000000000000000000000000000000000000000000000000000000000000010000000000000000000000000000000)
(=
 |main::1::r!0@1#71|
 #b000000000000000000000000000000001000000000000000000000000000000000000000000000000000000000000000000000000000000000000000000000001000000000000000000000000000000000000000000000000000000000000000)
(=
 |main::1::r!0@1#72|
 #b100000000000000000000000000000000000000000000000000000000000000000000000000000000000000000000000000000000000000000000000000000000000000000000000000000000000000000000000000000000000000000000000)
(=
 |main::1::r!0@1#73|
 #b000000000000000000000000000000001000000000000000000000000000001100000000000000000000000000000000000000000000000000000000000000000000000000000000000000000000000000000000000000000000000000000000)
(=
 |main::1::r!0@1#74|
 #b000000000000000000000000000000000000000000000000000000000000000000000000000000000000000000000000000000000000000000000000000000000000000000000000000000000000000000000000000000000000000000000011)
(=
 |main::1::r!0@1#75|
 #b111111111111111111111111111111100000000000000000000000000000000000000000000000000000000000000000000000000000000000000000000000000000000000000000000000000000000000000000000000000000000000000001)
(=
 |main::1::r!0@1#76|
 #b000000000000000000000000000000000000000000000000000000000000000000000000000000000000000000000000000000000000000000000000000000000000000000000000000000000000000010000000000000000000000000000001)
(=
 |main::1::r!0@1#78|
 #b111111111111111111111111111111100000000000000000000000000000000000000000000000000000000000000000000000000000000000000000000000000000000000000000000000000000000011111111111111111111111111111110)
(=
 |main::1::r!0@1#79|
 #b011111111111111111111111111111100000000000000000000000000000000000000000000000000000000000000000000000000000000000000000000000000000000000000000000000000000000011111111111111111111111111111110)
(=
 |main::1::r!0@1#80|
 #b100000000000000000000000000000100000000000000000000000000000000000000000000000000000000000000000000000000000000000000000000000000000000000000000000000000000000000000000000000000000000000000000)
(=
 |main::1::r!0@1#81|
 #b100000000000000000000000000000100000000000000000000000000000000000000000000000000000000000000000000000000000000000000000000000000000000000000000000000000000000000000000000000000000000000000000)
(=
 |main::1::r!0@1#82|
 #b000000000000000000000000000000000000000000000000000000000000000000000000000000000000000000000000000000000000000000000000000000000000000000000000000000000000000010000000000000000000000000000000)
(=
 |main::1::r!0@1#83|
 #b000000000000000000000000000000010000000000000000000000000000000000000000000000000000000000000000000000000000000000000000000000000000000000000000000000000000010100000000000000000000000000000000)
(=
 |main::1::r!0@1#85|
 #b100000000000000000000000000000000000000000000000000000000000000000000000000000000000000000000000000000000000000000000000000000000000000000000000000000000000000000000000000000000000000000000000)
(=
 |main::1::r!0@1#86|
 #b000000000000000000000000000000001000000000000000000000000000000000000000000000000000000000000000000000000000000000000000000000000000000000000000000000000000000000000000000000000000000000000000)
(= |__CPROVER_threads_exited#1$wclk$8| #b0001101)
(= |__CPROVER_threads_exited#2$rclk$8| #b1111110)
(= |main::1::r!0@1#56$wclk$8| #b1010100)
(= |main::1::r!0@1#4$rclk$8| #b0011001)
(= |main::1::r!0@1#63$wclk$8| #b1100010)
(= |main::1::r!0@1#70$wclk$8| #b1101001)
(= |main::1::r!0@1#77$wclk$8| #b1110001)
(= |main::1::r!0@1#84$wclk$8| #b1111011)
(= |main::1::r!0@1#5$rclk$8| #b0011100)
(= |main::1::r!0@1#6$rclk$8| #b0011101)
(= |main::1::r!0@1#7$rclk$8| #b0011110)
(= |main::1::r!0@1#8$rclk$8| #b0011111)
(= |main::1::r!0@1#10$rclk$8| #b1001110)
(= |main::1::r!0@1#11$rclk$8| #b1001111)
(= |main::1::r!0@1#13$rclk$8| #b1010001)
(= |main::1::r!0@1#14$rclk$8| #b1010010)
(= |main::1::r!0@1#15$rclk$8| #b1010011)
(= |main::1::r!0@1#16$rclk$8| #b1010100)
(= |main::1::r!0@1#17$rclk$8| #b1010101)
(= |main::1::r!0@1#19$rclk$8| #b1100001)
(= |main::1::r!0@1#20$rclk$8| #b1100011)
(= |main::1::r!0@1#22$rclk$8| #b1100101)
(= |main::1::r!0@1#23$rclk$8| #b1100110)
(= |main::1::r!0@1#24$rclk$8| #b1100111)
(= |main::1::r!0@1#25$rclk$8| #b1101000)
(= |main::1::r!0@1#26$rclk$8| #b1101001)
(= |main::1::r!0@1#28$rclk$8| #b1101011)
(= |main::1::r!0@1#29$rclk$8| #b1101100)
(= |main::1::r!0@1#31$rclk$8| #b1101110)
(= |main::1::r!0@1#32$rclk$8| #b1101111)
(= |main::1::r!0@1#33$rclk$8| #b1110000)
(= |main::1::r!0@1#34$rclk$8| #b1110001)
(= |main::1::r!0@1#35$rclk$8| #b1110010)
(= |main::1::r!0@1#37$rclk$8| #b1110100)
(= |main::1::r!0@1#38$rclk$8| #b1110101)
(= |main::1::r!0@1#40$rclk$8| #b1110111)
(= |main::1::r!0@1#41$rclk$8| #b1111000)
(= |main::1::r!0@1#42$rclk$8| #b1111001)
(= |main::1::r!0@1#43$rclk$8| #b1111010)
(= |main::1::r!0@1#44$rclk$8| #b1111011)
(= |main::1::r!0@1#46$rclk$8| #b1111101)
(= |main::1::r!0@1#47$rclk$8| #b1111110)
(= |main::1::r!0@1#1$wclk$8| #b0001111)
(= |main::1::r!0@1#50$rclk$8| #b0011110)
(= |main::1::r!0@1#2$wclk$8| #b0010001)
(= |main::1::r!0@1#3$wclk$8| #b0010100)
(= |main::1::r!0@1#9$wclk$8| #b1001101)
(= |main::1::r!0@1#12$wclk$8| #b1010000)
(= |main::1::r!0@1#18$wclk$8| #b1010110)
(= |main::1::r!0@1#21$wclk$8| #b1100100)
(= |main::1::r!0@1#27$wclk$8| #b1101010)
(= |main::1::r!0@1#30$wclk$8| #b1101101)
(= |main::1::r!0@1#36$wclk$8| #b1110011)
(= |main::1::r!0@1#39$wclk$8| #b1110110)
(= |main::1::r!0@1#45$wclk$8| #b1111100)
(= |main::1::r!0@1#48$wclk$8| #b1111111)
(= |main::1::r!0@1#51$rclk$8| #b1000000)
(= |main::1::r!0@1#52$rclk$8| #b1000001)
(= |main::1::r!0@1#53$rclk$8| #b1000011)
(= |main::1::r!0@1#54$rclk$8| #b1001000)
(= |main::1::r!0@1#55$rclk$8| #b1001101)
(= |main::1::r!0@1#57$rclk$8| #b1010101)
(= |main::1::r!0@1#58$rclk$8| #b1010111)
(= |main::1::r!0@1#59$rclk$8| #b1011010)
(= |main::1::r!0@1#60$rclk$8| #b1011011)
(= |main::1::r!0@1#61$rclk$8| #b1011100)
(= |main::1::r!0@1#62$rclk$8| #b1011101)
(= |main::1::r!0@1#64$rclk$8| #b1100011)
(= |main::1::r!0@1#65$rclk$8| #b1100100)
(= |main::1::r!0@1#66$rclk$8| #b1100101)
(= |main::1::r!0@1#67$rclk$8| #b1100110)
(= |main::1::r!0@1#68$rclk$8| #b1100111)
(= |main::1::r!0@1#69$rclk$8| #b1101000)
(= |main::1::r!0@1#71$rclk$8| #b1101010)
(= |main::1::r!0@1#72$rclk$8| #b1101011)
(= |main::1::r!0@1#73$rclk$8| #b1101100)
(= |main::1::r!0@1#74$rclk$8| #b1101101)
(= |main::1::r!0@1#75$rclk$8| #b1101111)
(= |main::1::r!0@1#76$rclk$8| #b1110000)
(= |main::1::r!0@1#78$rclk$8| #b1110010)
(= |main::1::r!0@1#79$rclk$8| #b1110011)
(= |main::1::r!0@1#80$rclk$8| #b1110100)
(= |main::1::r!0@1#81$rclk$8| #b1110101)
(= |main::1::r!0@1#82$rclk$8| #b1111001)
(= |main::1::r!0@1#83$rclk$8| #b1111010)
(= |main::1::r!0@1#85$rclk$8| #b1111100)
(= |main::1::r!0@1#86$rclk$8| #b1111101)
(= |__CPROVER_threads_exited#3$wclk$8| #b1111111)
(= t1$15$spwnclk$8 #b0011000)
(= |__CPROVER_dead_object#1$wclk$8| #b0000000)
(= |__CPROVER_deallocated#1$wclk$8| #b0000010)
(= |__CPROVER_malloc_is_new_array#1$wclk$8| #b0000100)
(= |__CPROVER_malloc_object#1$wclk$8| #b0001000)
(= |__CPROVER_malloc_size#1$wclk$8| #b0001001)
(= |__CPROVER_memory_leak#1$wclk$8| #b0001010)
(= |__CPROVER_next_thread_id#1$wclk$8| #b0001011)
(= |__CPROVER_pipe_count#1$wclk$8| #b0001100)
(= |main::1::reader!0@1#1$wclk$8| #b0001110)
(= |__CPROVER_next_thread_id#2$wclk$8| #b0010101)
(= |main::1::reader!0@1#2$wclk$8| #b0010110)
(= array_of.0 @fun_2)
(= |__CPROVER_threads_exited#2| @fun_4)
(function @fun_2
 (type (Array (_ BitVec 32) (_ BitVec 1)))
 (default #b0))
(function @fun_4
 (type (Array (_ BitVec 32) (_ BitVec 1)))
 (default #b1))

real	0m0.379s
user	0m0.342s
sys	0m0.036s
State: AC Run_time: 0.3815629482269287