num of guard = 7
num of elim = 25
num of guard = 7
num of elim = 16
sat
((|B0| false))
((|B1| false))
((|B10| true))
((|B100| true))
((|B101| true))
((|B102| true))
((|B103| true))
((|B104| true))
((|B105| true))
((|B106| true))
((|B107| true))
((|B108| true))
((|B109| true))
((|B11| true))
((|B110| true))
((|B111| true))
((|B112| true))
((|B113| true))
((|B114| true))
((|B115| true))
((|B116| true))
((|B117| false))
((|B118| true))
((|B119| true))
((|B12| true))
((|B120| true))
((|B121| true))
((|B122| true))
((|B123| true))
((|B124| false))
((|B125| true))
((|B13| true))
((|B14| true))
((|B15| true))
((|B16| true))
((|B17| true))
((|B18| false))
((|B19| false))
((|B2| true))
((|B20| true))
((|B21| false))
((|B22| false))
((|B23| true))
((|B24| true))
((|B25| true))
((|B26| true))
((|B27| true))
((|B28| true))
((|B29| true))
((|B3| false))
((|B30| false))
((|B31| false))
((|B32| true))
((|B33| true))
((|B34| true))
((|B35| true))
((|B36| true))
((|B37| true))
((|B38| true))
((|B39| false))
((|B4| false))
((|B40| false))
((|B41| false))
((|B42| false))
((|B43| false))
((|B44| false))
((|B45| false))
((|B46| false))
((|B47| false))
((|B48| false))
((|B49| false))
((|B5| true))
((|B50| false))
((|B51| false))
((|B52| false))
((|B53| false))
((|B54| false))
((|B55| false))
((|B56| false))
((|B57| false))
((|B58| false))
((|B59| false))
((|B6| true))
((|B60| false))
((|B61| false))
((|B62| false))
((|B63| false))
((|B64| false))
((|B65| false))
((|B66| false))
((|B67| false))
((|B68| false))
((|B69| false))
((|B7| true))
((|B70| false))
((|B71| false))
((|B72| false))
((|B73| false))
((|B74| false))
((|B75| false))
((|B76| false))
((|B77| false))
((|B78| false))
((|B79| false))
((|B8| true))
((|B80| false))
((|B81| false))
((|B82| false))
((|B83| false))
((|B84| false))
((|B85| false))
((|B86| false))
((|B87| false))
((|B88| false))
((|B89| false))
((|B9| true))
((|B90| false))
((|B91| false))
((|B92| false))
((|B93| false))
((|B94| false))
((|B95| false))
((|B96| false))
((|B97| false))
((|B98| true))
((|B99| true))
((|__CPROVER_dead_object#1| #x00000000))
((|__CPROVER_dead_object#1$wclk$8| (- 52)))
((|__CPROVER_deallocated#1| #x00000000))
((|__CPROVER_deallocated#1$wclk$8| (- 51)))
((|__CPROVER_deallocated#2| #x00000000))
((|__CPROVER_deallocated#2$rclk$8| (- 35)))
((|__CPROVER_deallocated#3| #x00000000))
((|__CPROVER_deallocated#3$rclk$8| (- 34)))
((|__CPROVER_deallocated#4| #x00000000))
((|__CPROVER_deallocated#4$wclk$8| (- 33)))
((|__CPROVER_malloc_is_new_array#1| false))
((|__CPROVER_malloc_is_new_array#1$wclk$8| (- 50)))
((|__CPROVER_malloc_is_new_array#2| false))
((|__CPROVER_malloc_is_new_array#2$rclk$8| (- 28)))
((|__CPROVER_malloc_is_new_array#3| false))
((|__CPROVER_malloc_is_new_array#3$wclk$8| (- 27)))
((|__CPROVER_malloc_object#1| #x00000000))
((|__CPROVER_malloc_object#1$wclk$8| (- 49)))
((|__CPROVER_malloc_object#2| #x00000000))
((|__CPROVER_malloc_object#2$rclk$8| (- 32)))
((|__CPROVER_malloc_object#3| #x00000000))
((|__CPROVER_malloc_object#3$wclk$8| (- 31)))
((|__CPROVER_malloc_size#1| #x00000000))
((|__CPROVER_malloc_size#1$wclk$8| (- 48)))
((|__CPROVER_malloc_size#2| #x00000000))
((|__CPROVER_malloc_size#2$rclk$8| (- 30)))
((|__CPROVER_malloc_size#3| #x00000000))
((|__CPROVER_malloc_size#3$wclk$8| (- 29)))
((|__CPROVER_memory_leak#1| #x00000000))
((|__CPROVER_memory_leak#1$wclk$8| (- 47)))
((|__CPROVER_memory_leak#2| #x00000000))
((|__CPROVER_memory_leak#2$rclk$8| (- 26)))
((|__CPROVER_memory_leak#3| #x00000000))
((|__CPROVER_memory_leak#3$wclk$8| (- 25)))
((|__CPROVER_next_thread_id#1| #x00000000))
((|__CPROVER_next_thread_id#1$wclk$8| (- 46)))
((|__CPROVER_next_thread_id#2| #x00000001))
((|__CPROVER_next_thread_id#2$wclk$8| (- 40)))
((|__CPROVER_next_thread_id#3| #x00000001))
((|__CPROVER_next_thread_id#3$rclk$8| (- 37)))
((|__CPROVER_next_thread_id#4| #x00000001))
((|__CPROVER_next_thread_id#5| #x00000002))
((|__CPROVER_next_thread_id#5$wclk$8| (- 37)))
((|__CPROVER_next_thread_id#6| #x00000002))
((|__CPROVER_next_thread_id#6$rclk$8| (- 32)))
((|__CPROVER_next_thread_id#7| #x00000002))
((|__CPROVER_next_thread_id#7$rclk$8| (- 1)))
((|__CPROVER_pipe_count#1| #x00000000))
((|__CPROVER_pipe_count#1$wclk$8| (- 45)))
((|__CPROVER_rounding_mode!0#1| #x00000000))
((|__CPROVER_rounding_mode!1#1| #x00000000))
((|__CPROVER_rounding_mode!2#1| #x00000000))
((|__CPROVER_thread_id!0#1| #x00000000))
((|__CPROVER_thread_id!1#1| #x00000000))
((|__CPROVER_thread_id!1#2| #x00004000))
((|__CPROVER_thread_id!2#1| #x00000000))
((|__CPROVER_thread_id!2#2| #x00000000))
((|__CPROVER_threads_exited#1| (store (store ((as const (Array (_ BitVec 32) Bool)) false) #x00000001 true)
       #x00000002
       true)))
((|__CPROVER_threads_exited#1$wclk$8| (- 44)))
((|__CPROVER_threads_exited#2| (store (store (store ((as const (Array (_ BitVec 32) Bool)) false)
                     #x00000001
                     true)
              #x00000002
              true)
       #x00000000
       true)))
((|__CPROVER_threads_exited#2$rclk$8| (- 4)))
((|__CPROVER_threads_exited#3| (store (store (store ((as const (Array (_ BitVec 32) Bool)) false)
                     #x00000001
                     true)
              #x00004000
              true)
       #x00000002
       true)))
((|__CPROVER_threads_exited#3$rclk$8| 0))
((|__CPROVER_threads_exited#4| (store (store ((as const (Array (_ BitVec 32) Bool)) false) #x00000001 true)
       #x00000002
       true)))
((|__CPROVER_threads_exited#4$rclk$8| (- 23)))
((|__CPROVER_threads_exited#5| (store (store (store ((as const (Array (_ BitVec 32) Bool)) false)
                     #x00000001
                     true)
              #x00000002
              true)
       #x00004000
       true)))
((|__CPROVER_threads_exited#5$wclk$8| (- 3)))
((|__CPROVER_threads_exited#6| (store (store ((as const (Array (_ BitVec 32) Bool)) false) #x00000001 true)
       #x00000002
       true)))
((|__CPROVER_threads_exited#6$rclk$8| (- 6)))
((|__CPROVER_threads_exited#7| (store (store (store ((as const (Array (_ BitVec 32) Bool)) false)
                     #x00000001
                     true)
              #x00000002
              true)
       #x00000000
       true)))
((|__CPROVER_threads_exited#7$wclk$8| (- 5)))
((|__VERIFIER_assert::expression!0@1#1| #x00000000))
((|calloc#return_value!1#1| #x00000000))
((|calloc#return_value!1#2| #x02000000))
((|calloc#return_value!2#1| #x00000000))
((|calloc::$tmp::malloc_value$1!1@1#1| #x00000000))
((|calloc::$tmp::malloc_value$1!1@1#2| #x02000000))
((|calloc::1::malloc_res!1@1#1| #x00000000))
((|calloc::1::malloc_res!1@1#2| #x02000000))
((|calloc::1::record_malloc!1@1#1| false))
((|calloc::1::record_malloc!1@1#2| false))
((|calloc::1::record_may_leak!1@1#1| false))
((|calloc::1::record_may_leak!1@1#2| false))
((|calloc::nmemb!1@1#1| #x00000008))
((|calloc::size!1@1#1| #x00000001))
((|goto_symex::&92;guard#1| false))
((|goto_symex::&92;guard#2| false))
((|goto_symex::&92;guard#3| false))
((|goto_symex::&92;guard#4| false))
((|goto_symex::&92;guard#5| false))
((|goto_symex::&92;guard#6| true))
((|goto_symex::&92;guard#7| false))
((|main#return_value!0#1| #x00000000))
((|main#return_value!1#1| #x00000000))
((|main#return_value!2#1| #x00000000))
((|main::$tmp::::tmp_if_expr$1!0@1#1| false))
((|main::$tmp::::tmp_if_expr$1!0@1#2| true))
((|main::$tmp::::tmp_if_expr$1!0@1#3| false))
((|main::$tmp::::tmp_if_expr$1!0@1#4| false))
((|main::$tmp::::tmp_if_expr$1!0@1#5| false))
((|main::1::t1!0@1| #x00000000))
((|main::1::t1!0@1#1| #x00000000))
((|main::1::t1!0@1#1$wclk$8| (- 42)))
((|main::1::t1!0@1#2| #x00000001))
((|main::1::t1!0@1#2$wclk$8| (- 39)))
((|main::1::t1!0@1#3| #x00000001))
((|main::1::t1!0@1#3$rclk$8| (- 34)))
((|main::1::t1!0@1#4| #x00000001))
((|main::1::t1!0@1#4$rclk$8| (- 33)))
((|main::1::t2!0@1| #x00000000))
((|main::1::t2!0@1#1| #x00000000))
((|main::1::t2!0@1#1$wclk$8| (- 41)))
((|main::1::t2!0@1#2| #x00000002))
((|main::1::t2!0@1#2$wclk$8| (- 36)))
((|main::1::t2!0@1#3| #x00000002))
((|main::1::t2!0@1#3$rclk$8| (- 3)))
((|main::1::t2!0@1#4| #x00000002))
((|main::1::t2!0@1#4$rclk$8| (- 2)))
((|memory_model::choice_rf_0_16_0_13_T_11| true))
((|memory_model::choice_rf_0_16_0_7_T_10| false))
((|memory_model::choice_rf_0_20_0_11_F_34| false))
((|memory_model::choice_rf_0_20_0_14_F_35| true))
((|memory_model::choice_rf_0_21_0_11_F_36| false))
((|memory_model::choice_rf_0_21_0_14_F_37| true))
((|memory_model::choice_rf_0_22_0_13_T_13| false))
((|memory_model::choice_rf_0_22_0_17_T_14| true))
((|memory_model::choice_rf_0_22_0_7_T_12| false))
((|memory_model::choice_rf_0_23_0_9_T_0| false))
((|memory_model::choice_rf_0_23_1_15_T_1| false))
((|memory_model::choice_rf_0_23_2_29_T_2| true))
((|memory_model::choice_rf_0_24_0_12_F_38| false))
((|memory_model::choice_rf_0_24_0_18_F_39| true))
((|memory_model::choice_rf_0_25_0_12_F_40| false))
((|memory_model::choice_rf_0_25_0_18_F_41| true))
((|memory_model::choice_rf_0_26_0_13_T_16| false))
((|memory_model::choice_rf_0_26_0_17_T_17| true))
((|memory_model::choice_rf_0_26_0_7_T_15| false))
((|memory_model::choice_rf_0_27_0_9_T_3| false))
((|memory_model::choice_rf_0_27_1_15_T_4| true))
((|memory_model::choice_rf_0_27_2_29_T_5| false))
((|memory_model::choice_rf_0_28_0_10_F_24| false))
((|memory_model::choice_rf_0_28_1_13_F_25| true))
((|memory_model::choice_rf_0_29_0_0_F_42| true))
((|memory_model::choice_rf_1_11_0_6_T_23| true))
((|memory_model::choice_rf_1_14_0_9_T_6| true))
((|memory_model::choice_rf_1_14_2_29_T_7| false))
((|memory_model::choice_rf_1_2_0_2_T_18| true))
((|memory_model::choice_rf_1_3_0_2_T_19| true))
((|memory_model::choice_rf_1_5_0_4_T_20| true))
((|memory_model::choice_rf_1_7_0_5_T_21| true))
((|memory_model::choice_rf_1_9_0_3_T_22| true))
((|memory_model::choice_rf_2_11_2_0_F_71| false))
((|memory_model::choice_rf_2_13_1_0_F_47| false))
((|memory_model::choice_rf_2_13_1_1_F_48| false))
((|memory_model::choice_rf_2_13_2_10_F_49| false))
((|memory_model::choice_rf_2_14_1_0_F_50| false))
((|memory_model::choice_rf_2_14_1_1_F_51| false))
((|memory_model::choice_rf_2_14_2_10_F_52| false))
((|memory_model::choice_rf_2_16_2_1_F_72| false))
((|memory_model::choice_rf_2_18_1_0_F_53| false))
((|memory_model::choice_rf_2_18_1_1_F_54| false))
((|memory_model::choice_rf_2_18_2_10_F_55| false))
((|memory_model::choice_rf_2_18_2_15_F_56| false))
((|memory_model::choice_rf_2_19_1_0_F_57| false))
((|memory_model::choice_rf_2_19_1_1_F_58| false))
((|memory_model::choice_rf_2_19_2_10_F_59| false))
((|memory_model::choice_rf_2_19_2_15_F_60| false))
((|memory_model::choice_rf_2_21_2_2_F_73| false))
((|memory_model::choice_rf_2_23_1_0_F_61| false))
((|memory_model::choice_rf_2_23_1_1_F_62| false))
((|memory_model::choice_rf_2_23_2_10_F_63| false))
((|memory_model::choice_rf_2_23_2_15_F_64| false))
((|memory_model::choice_rf_2_23_2_20_F_65| false))
((|memory_model::choice_rf_2_24_1_0_F_66| false))
((|memory_model::choice_rf_2_24_1_1_F_67| false))
((|memory_model::choice_rf_2_24_2_10_F_68| false))
((|memory_model::choice_rf_2_24_2_15_F_69| false))
((|memory_model::choice_rf_2_24_2_20_F_70| false))
((|memory_model::choice_rf_2_26_2_3_F_74| false))
((|memory_model::choice_rf_2_28_0_9_T_8| true))
((|memory_model::choice_rf_2_28_1_15_T_9| false))
((|memory_model::choice_rf_2_4_0_10_F_26| true))
((|memory_model::choice_rf_2_4_1_13_F_27| false))
((|memory_model::choice_rf_2_5_0_10_F_28| false))
((|memory_model::choice_rf_2_5_1_13_F_29| false))
((|memory_model::choice_rf_2_6_0_10_F_30| false))
((|memory_model::choice_rf_2_6_1_13_F_31| false))
((|memory_model::choice_rf_2_7_0_10_F_32| false))
((|memory_model::choice_rf_2_7_1_13_F_33| false))
((|memory_model::choice_rf_2_8_1_0_F_43| false))
((|memory_model::choice_rf_2_8_1_1_F_44| false))
((|memory_model::choice_rf_2_9_1_0_F_45| false))
((|memory_model::choice_rf_2_9_1_1_F_46| false))
((|memory_model::choice_ws-ext_0_10_1_13_F_83| true))
((|memory_model::choice_ws-ext_0_2_1_4_T_78| true))
((|memory_model::choice_ws-ext_0_3_1_10_T_81| true))
((|memory_model::choice_ws-ext_0_4_1_6_T_79| true))
((|memory_model::choice_ws-ext_0_5_1_8_T_80| true))
((|memory_model::choice_ws-ext_0_6_1_12_T_82| true))
((|memory_model::choice_ws-ext_0_9_1_15_T_75| true))
((|memory_model::choice_ws-ext_0_9_2_29_T_76| true))
((|memory_model::choice_ws-ext_1_0_2_10_F_84| true))
((|memory_model::choice_ws-ext_1_0_2_15_F_85| true))
((|memory_model::choice_ws-ext_1_0_2_20_F_86| true))
((|memory_model::choice_ws-ext_1_0_2_25_F_87| true))
((|memory_model::choice_ws-ext_1_15_2_29_T_77| false))
((|memory_model::choice_ws-ext_1_1_2_10_F_88| true))
((|memory_model::choice_ws-ext_1_1_2_15_F_89| true))
((|memory_model::choice_ws-ext_1_1_2_20_F_90| true))
((|memory_model::choice_ws-ext_1_1_2_25_F_91| true))
((|nondet_symex::nondet0| false))
((|nondet_symex::nondet1| false))
((|pthread_create#return_value!0#1| #x00000000))
((|pthread_create#return_value!0#2| #x00000000))
((|pthread_create#return_value!1#1| #x00000000))
((|pthread_create#return_value!2#1| #x00000000))
((|pthread_create::1::this_thread_id!0@1#1| #x00000000))
((|pthread_create::1::this_thread_id!0@1#2| #x00000001))
((|pthread_create::1::this_thread_id!0@2#1| #x00000000))
((|pthread_create::1::this_thread_id!0@2#2| #x00000002))
((|pthread_create::1::this_thread_id!1@0#0| #x00004000))
((|pthread_create::1::this_thread_id!2@0#0| #x00000000))
((|pthread_create::arg!0@1#1| #x00000000))
((|pthread_create::arg!0@2#1| #x00000000))
((|pthread_create::arg!1@0#1| #x00000000))
((|pthread_create::arg!2@0#1| #x00000000))
((|pthread_create::attr!0@1#1| #x00000000))
((|pthread_create::attr!0@2#1| #x00000000))
((|pthread_create::attr!1@0#1| #x00000000))
((|pthread_create::attr!2@0#1| #x00000000))
((|pthread_create::start_routine!0@1#1| #x04000000))
((|pthread_create::start_routine!0@2#1| #x06000000))
((|pthread_create::start_routine!1@0#1| #x04000000))
((|pthread_create::start_routine!2@0#1| #x06000000))
((|pthread_create::thread!0@1#1| #x03000000))
((|pthread_create::thread!0@2#1| #x05000000))
((|pthread_create::thread!1@0#1| #x03000000))
((|pthread_create::thread!2@0#1| #x05000000))
((|pthread_join#return_value!0#0| #x00000000))
((|pthread_join#return_value!0#1| #x00000003))
((|pthread_join#return_value!0#10| #x00000023))
((|pthread_join#return_value!0#11| #x00000000))
((|pthread_join#return_value!0#12| #x00000000))
((|pthread_join#return_value!0#13| #x00000000))
((|pthread_join#return_value!0#14| #x00000000))
((|pthread_join#return_value!0#2| #x00000000))
((|pthread_join#return_value!0#3| #x00000023))
((|pthread_join#return_value!0#4| #x00000000))
((|pthread_join#return_value!0#5| #x00000000))
((|pthread_join#return_value!0#6| #x00000000))
((|pthread_join#return_value!0#7| #x00000000))
((|pthread_join#return_value!0#8| #x00000003))
((|pthread_join#return_value!0#9| #x00000000))
((|pthread_join#return_value!1#1| #x00000000))
((|pthread_join#return_value!2#1| #x00000000))
((|pthread_join::thread!0@1#1| #x00000001))
((|pthread_join::thread!0@2#1| #x00000002))
((|pthread_join::value_ptr!0@1#1| #x00000000))
((|pthread_join::value_ptr!0@2#1| #x00000000))
((|return'!0#1| #x00000000))
((|strcpy#return_value!1#1| #x00000000))
((|strcpy#return_value!2#1| #x00000000))
((|strcpy::1::ch!2@1#1| #x00))
((|strcpy::1::ch!2@1#2| #x42))
((|strcpy::1::ch!2@1#3| #x69))
((|strcpy::1::ch!2@1#4| #x67))
((|strcpy::1::ch!2@1#5| #x73))
((|strcpy::1::i!2@1#1| #x00000000))
((|strcpy::1::i!2@1#2| #x00000000))
((|strcpy::1::i!2@1#3| #x00000001))
((|strcpy::1::i!2@1#4| #x00000002))
((|strcpy::1::i!2@1#5| #x00000003))
((|strcpy::1::i!2@1#6| #x00000004))
((|strcpy::dst!2@1#1| #x00000000))
((|strcpy::src!2@1#1| #x07000000))
((|symex::invalid_object0| #xbd))
((|symex::invalid_object0#1| #xbd))
((|symex::invalid_object0#1$rclk$8| 2))
((|symex::invalid_object0$wclk$8| (- 53)))
((|symex::invalid_object1| #x00))
((|symex::invalid_object1#1| #x00))
((|symex::invalid_object1#1$rclk$8| (- 23)))
((|symex::invalid_object1#2| #x42))
((|symex::invalid_object1#2$wclk$8| (- 22)))
((|symex::invalid_object1$wclk$8| (- 34)))
((|symex::invalid_object2| #x00))
((|symex::invalid_object2#1| #x00))
((|symex::invalid_object2#1$rclk$8| (- 18)))
((|symex::invalid_object2#2| #x69))
((|symex::invalid_object2#2$wclk$8| (- 17)))
((|symex::invalid_object2$wclk$8| (- 33)))
((|symex::invalid_object3| #x00))
((|symex::invalid_object3#1| #x00))
((|symex::invalid_object3#1$rclk$8| (- 13)))
((|symex::invalid_object3#2| #x67))
((|symex::invalid_object3#2$wclk$8| (- 12)))
((|symex::invalid_object3$wclk$8| (- 32)))
((|symex::invalid_object4| #x00))
((|symex::invalid_object4#1| #x00))
((|symex::invalid_object4#1$rclk$8| (- 8)))
((|symex::invalid_object4#2| #x73))
((|symex::invalid_object4#2$wclk$8| (- 7)))
((|symex::invalid_object4$wclk$8| (- 31)))
((|symex_dynamic::dynamic_object1| (let ((a!1 (store (store (store ((as const (Array (_ BitVec 32) (_ BitVec 8)))
                                  #x68)
                                #x00000000
                                #x00)
                         #x00000007
                         #x00)
                  #x00000005
                  #x00)))
(let ((a!2 (store (store (store (store a!1 #x00000003 #x00) #x00000001 #x00)
                         #x00000004
                         #x00)
                  #x00000006
                  #x00)))
  (store a!2 #x00000002 #x00)))))
((|symex_dynamic::dynamic_object1#1| (let ((a!1 (store (store (store ((as const (Array (_ BitVec 32) (_ BitVec 8)))
                                  #x68)
                                #x00000000
                                #x00)
                         #x00000007
                         #x00)
                  #x00000005
                  #x00)))
(let ((a!2 (store (store (store (store a!1 #x00000003 #x00) #x00000001 #x00)
                         #x00000004
                         #x00)
                  #x00000006
                  #x00)))
  (store a!2 #x00000002 #x00)))))
((|symex_dynamic::dynamic_object1#1$wclk$8| (- 36)))
((|symex_dynamic::dynamic_object1#10| (let ((a!1 (store (store (store ((as const (Array (_ BitVec 32) (_ BitVec 8)))
                                  #x68)
                                #x00000000
                                #x00)
                         #x00000007
                         #x00)
                  #x00000005
                  #x00)))
(let ((a!2 (store (store (store (store a!1 #x00000003 #x00) #x00000001 #x00)
                         #x00000004
                         #x00)
                  #x00000006
                  #x00)))
  (store a!2 #x00000002 #x00)))))
((|symex_dynamic::dynamic_object1#10$wclk$8| (- 14)))
((|symex_dynamic::dynamic_object1#11| (let ((a!1 (store (store (store ((as const (Array (_ BitVec 32) (_ BitVec 8)))
                                  #x68)
                                #x00000000
                                #x00)
                         #x00000007
                         #x00)
                  #x00000005
                  #x00)))
(let ((a!2 (store (store (store (store a!1 #x00000003 #x00) #x00000001 #x00)
                         #x00000004
                         #x00)
                  #x00000006
                  #x00)))
  (store a!2 #x00000002 #x00)))))
((|symex_dynamic::dynamic_object1#11$rclk$8| (- 11)))
((|symex_dynamic::dynamic_object1#12| (let ((a!1 (store (store (store ((as const (Array (_ BitVec 32) (_ BitVec 8)))
                                  #x68)
                                #x00000000
                                #x00)
                         #x00000007
                         #x00)
                  #x00000005
                  #x00)))
(let ((a!2 (store (store (store (store a!1 #x00000003 #x00) #x00000001 #x00)
                         #x00000004
                         #x00)
                  #x00000006
                  #x00)))
  (store a!2 #x00000002 #x00)))))
((|symex_dynamic::dynamic_object1#12$rclk$8| (- 10)))
((|symex_dynamic::dynamic_object1#13| (let ((a!1 (store (store (store ((as const (Array (_ BitVec 32) (_ BitVec 8)))
                                  #x68)
                                #x00000000
                                #x00)
                         #x00000007
                         #x00)
                  #x00000005
                  #x00)))
(let ((a!2 (store (store (store (store a!1 #x00000003 #x00) #x00000001 #x00)
                         #x00000004
                         #x00)
                  #x00000006
                  #x00)))
  (store a!2 #x00000002 #x00)))))
((|symex_dynamic::dynamic_object1#13$wclk$8| (- 9)))
((|symex_dynamic::dynamic_object1#2| (let ((a!1 (store (store (store ((as const (Array (_ BitVec 32) (_ BitVec 8)))
                                  #x68)
                                #x00000000
                                #x00)
                         #x00000007
                         #x00)
                  #x00000005
                  #x00)))
(let ((a!2 (store (store (store (store a!1 #x00000003 #x00) #x00000001 #x00)
                         #x00000004
                         #x00)
                  #x00000006
                  #x00)))
  (store a!2 #x00000002 #x00)))))
((|symex_dynamic::dynamic_object1#2$rclk$8| (- 26)))
((|symex_dynamic::dynamic_object1#3| (let ((a!1 (store (store (store ((as const (Array (_ BitVec 32) (_ BitVec 8)))
                                  #x68)
                                #x00000000
                                #x00)
                         #x00000007
                         #x00)
                  #x00000005
                  #x00)))
(let ((a!2 (store (store (store (store a!1 #x00000003 #x00) #x00000001 #x00)
                         #x00000004
                         #x00)
                  #x00000006
                  #x00)))
  (store a!2 #x00000002 #x00)))))
((|symex_dynamic::dynamic_object1#3$rclk$8| (- 25)))
((|symex_dynamic::dynamic_object1#4| (let ((a!1 (store (store (store ((as const (Array (_ BitVec 32) (_ BitVec 8)))
                                  #x68)
                                #x00000000
                                #x00)
                         #x00000007
                         #x00)
                  #x00000005
                  #x00)))
(let ((a!2 (store (store (store (store a!1 #x00000003 #x00) #x00000001 #x00)
                         #x00000004
                         #x00)
                  #x00000006
                  #x00)))
  (store a!2 #x00000002 #x00)))))
((|symex_dynamic::dynamic_object1#4$wclk$8| (- 24)))
((|symex_dynamic::dynamic_object1#5| (let ((a!1 (store (store (store ((as const (Array (_ BitVec 32) (_ BitVec 8)))
                                  #x68)
                                #x00000000
                                #x00)
                         #x00000007
                         #x00)
                  #x00000005
                  #x00)))
(let ((a!2 (store (store (store (store a!1 #x00000003 #x00) #x00000001 #x00)
                         #x00000004
                         #x00)
                  #x00000006
                  #x00)))
  (store a!2 #x00000002 #x00)))))
((|symex_dynamic::dynamic_object1#5$rclk$8| (- 21)))
((|symex_dynamic::dynamic_object1#6| (let ((a!1 (store (store (store ((as const (Array (_ BitVec 32) (_ BitVec 8)))
                                  #x68)
                                #x00000000
                                #x00)
                         #x00000007
                         #x00)
                  #x00000005
                  #x00)))
(let ((a!2 (store (store (store (store a!1 #x00000003 #x00) #x00000001 #x00)
                         #x00000004
                         #x00)
                  #x00000006
                  #x00)))
  (store a!2 #x00000002 #x00)))))
((|symex_dynamic::dynamic_object1#6$rclk$8| (- 20)))
((|symex_dynamic::dynamic_object1#7| (let ((a!1 (store (store (store ((as const (Array (_ BitVec 32) (_ BitVec 8)))
                                  #x68)
                                #x00000000
                                #x00)
                         #x00000007
                         #x00)
                  #x00000005
                  #x00)))
(let ((a!2 (store (store (store (store a!1 #x00000003 #x00) #x00000001 #x00)
                         #x00000004
                         #x00)
                  #x00000006
                  #x00)))
  (store a!2 #x00000002 #x00)))))
((|symex_dynamic::dynamic_object1#7$wclk$8| (- 19)))
((|symex_dynamic::dynamic_object1#8| (let ((a!1 (store (store (store ((as const (Array (_ BitVec 32) (_ BitVec 8)))
                                  #x68)
                                #x00000000
                                #x00)
                         #x00000007
                         #x00)
                  #x00000005
                  #x00)))
(let ((a!2 (store (store (store (store a!1 #x00000003 #x00) #x00000001 #x00)
                         #x00000004
                         #x00)
                  #x00000006
                  #x00)))
  (store a!2 #x00000002 #x00)))))
((|symex_dynamic::dynamic_object1#8$rclk$8| (- 16)))
((|symex_dynamic::dynamic_object1#9| (let ((a!1 (store (store (store ((as const (Array (_ BitVec 32) (_ BitVec 8)))
                                  #x68)
                                #x00000000
                                #x00)
                         #x00000007
                         #x00)
                  #x00000005
                  #x00)))
(let ((a!2 (store (store (store (store a!1 #x00000003 #x00) #x00000001 #x00)
                         #x00000004
                         #x00)
                  #x00000006
                  #x00)))
  (store a!2 #x00000002 #x00)))))
((|symex_dynamic::dynamic_object1#9$rclk$8| (- 15)))
((|symex_dynamic::dynamic_object1$wclk$8| (- 37)))
((|t1$15$spwnclk$8| (- 38)))
((|t1$19$spwnclk$8| (- 35)))
((|thread1#return_value!1#1| #x00000000))
((|thread1#return_value!1#2| #x00000000))
((|thread1#return_value!2#1| #x00000000))
((|thread1::$tmp::return_value_calloc$1!1@1#1| #x00000000))
((|thread1::$tmp::return_value_calloc$1!1@1#2| #x02000000))
((|thread1::arg!1@1#1| #x00000000))
((|thread2#return_value!1#1| #x00000000))
((|thread2#return_value!2#1| #x00000000))
((|thread2#return_value!2#2| #x00000000))
((|thread2::arg!2@1#1| #x00000000))
((|v#1| #x00000000))
((|v#1$wclk$8| (- 43)))
((|v#2| #x02000000))
((|v#2$rclk$8| 1))
((|v#3| #x02000000))
((|v#3$wclk$8| (- 24)))
((|v#4| #x00000000))
((|v#4$rclk$8| (- 30)))
((|v#5| #x00000000))
((|v#5$rclk$8| (- 29)))
((|v#6| #x00000000))
((|v#6$rclk$8| (- 28)))
((|v#7| #x00000000))
((|v#7$rclk$8| (- 27)))
(model 
  (define-fun |memory_model::choice_rf_2_13_2_10_F_49| () Bool
    false)
  (define-fun |v#2| () (_ BitVec 32)
    #x02000000)
  (define-fun |__CPROVER_threads_exited#6| () (Array (_ BitVec 32) Bool)
    (lambda ((x!1 (_ BitVec 32))) (or (= x!1 #x00000002) (= x!1 #x00000001))))
  (define-fun |memory_model::choice_rf_0_20_0_11_F_34| () Bool
    false)
  (define-fun |__CPROVER_next_thread_id#7$rclk$8| () Int
    (- 1))
  (define-fun |__CPROVER_malloc_object#2$rclk$8| () Int
    (- 32))
  (define-fun |memory_model::choice_rf_2_28_0_9_T_8| () Bool
    true)
  (define-fun |memory_model::choice_rf_2_5_1_13_F_29| () Bool
    false)
  (define-fun |symex_dynamic::dynamic_object1#6$rclk$8| () Int
    (- 20))
  (define-fun |symex_dynamic::dynamic_object1#9| () (Array (_ BitVec 32) (_ BitVec 8))
    (let ((a!1 (store (store (store ((as const (Array (_ BitVec 32) (_ BitVec 8)))
                                  #x68)
                                #x00000000
                                #x00)
                         #x00000007
                         #x00)
                  #x00000005
                  #x00)))
(let ((a!2 (store (store (store (store a!1 #x00000003 #x00) #x00000001 #x00)
                         #x00000004
                         #x00)
                  #x00000006
                  #x00)))
  (store a!2 #x00000002 #x00))))
  (define-fun |main::1::t2!0@1#3$rclk$8| () Int
    (- 3))
  (define-fun |memory_model::choice_ws-ext_0_2_1_4_T_78| () Bool
    true)
  (define-fun |symex_dynamic::dynamic_object1#2| () (Array (_ BitVec 32) (_ BitVec 8))
    (let ((a!1 (store (store (store ((as const (Array (_ BitVec 32) (_ BitVec 8)))
                                  #x68)
                                #x00000000
                                #x00)
                         #x00000007
                         #x00)
                  #x00000005
                  #x00)))
(let ((a!2 (store (store (store (store a!1 #x00000003 #x00) #x00000001 #x00)
                         #x00000004
                         #x00)
                  #x00000006
                  #x00)))
  (store a!2 #x00000002 #x00))))
  (define-fun |main::1::t2!0@1#3| () (_ BitVec 32)
    #x00000002)
  (define-fun |v#1$wclk$8| () Int
    (- 43))
  (define-fun |memory_model::choice_rf_2_24_2_15_F_69| () Bool
    false)
  (define-fun |memory_model::choice_ws-ext_0_4_1_6_T_79| () Bool
    true)
  (define-fun |memory_model::choice_ws-ext_0_5_1_8_T_80| () Bool
    true)
  (define-fun |symex_dynamic::dynamic_object1#3$rclk$8| () Int
    (- 25))
  (define-fun |main::1::t2!0@1#2$wclk$8| () Int
    (- 36))
  (define-fun |goto_symex::&92;guard#6| () Bool
    true)
  (define-fun |main::1::t2!0@1#4| () (_ BitVec 32)
    #x00000002)
  (define-fun |memory_model::choice_rf_0_28_0_10_F_24| () Bool
    false)
  (define-fun |v#2$rclk$8| () Int
    1)
  (define-fun |__CPROVER_threads_exited#3| () (Array (_ BitVec 32) Bool)
    (lambda ((x!1 (_ BitVec 32)))
  (or (= x!1 #x00000002) (= x!1 #x00004000) (= x!1 #x00000001))))
  (define-fun |symex_dynamic::dynamic_object1#12$rclk$8| () Int
    (- 10))
  (define-fun |memory_model::choice_rf_0_22_0_17_T_14| () Bool
    true)
  (define-fun |memory_model::choice_rf_0_22_0_13_T_13| () Bool
    false)
  (define-fun |symex_dynamic::dynamic_object1#9$rclk$8| () Int
    (- 15))
  (define-fun |memory_model::choice_rf_0_29_0_0_F_42| () Bool
    true)
  (define-fun |symex_dynamic::dynamic_object1#11| () (Array (_ BitVec 32) (_ BitVec 8))
    (let ((a!1 (store (store (store ((as const (Array (_ BitVec 32) (_ BitVec 8)))
                                  #x68)
                                #x00000000
                                #x00)
                         #x00000007
                         #x00)
                  #x00000005
                  #x00)))
(let ((a!2 (store (store (store (store a!1 #x00000003 #x00) #x00000001 #x00)
                         #x00000004
                         #x00)
                  #x00000006
                  #x00)))
  (store a!2 #x00000002 #x00))))
  (define-fun |memory_model::choice_rf_0_25_0_18_F_41| () Bool
    true)
  (define-fun |main::1::t1!0@1#1$wclk$8| () Int
    (- 42))
  (define-fun |main::1::t2!0@1#1$wclk$8| () Int
    (- 41))
  (define-fun |memory_model::choice_rf_2_24_2_10_F_68| () Bool
    false)
  (define-fun |symex_dynamic::dynamic_object1#6| () (Array (_ BitVec 32) (_ BitVec 8))
    (let ((a!1 (store (store (store ((as const (Array (_ BitVec 32) (_ BitVec 8)))
                                  #x68)
                                #x00000000
                                #x00)
                         #x00000007
                         #x00)
                  #x00000005
                  #x00)))
(let ((a!2 (store (store (store (store a!1 #x00000003 #x00) #x00000001 #x00)
                         #x00000004
                         #x00)
                  #x00000006
                  #x00)))
  (store a!2 #x00000002 #x00))))
  (define-fun |memory_model::choice_rf_0_24_0_12_F_38| () Bool
    false)
  (define-fun |v#5$rclk$8| () Int
    (- 29))
  (define-fun |memory_model::choice_ws-ext_1_0_2_15_F_85| () Bool
    true)
  (define-fun |symex_dynamic::dynamic_object1| () (Array (_ BitVec 32) (_ BitVec 8))
    (let ((a!1 (store (store (store ((as const (Array (_ BitVec 32) (_ BitVec 8)))
                                  #x68)
                                #x00000000
                                #x00)
                         #x00000007
                         #x00)
                  #x00000005
                  #x00)))
(let ((a!2 (store (store (store (store a!1 #x00000003 #x00) #x00000001 #x00)
                         #x00000004
                         #x00)
                  #x00000006
                  #x00)))
  (store a!2 #x00000002 #x00))))
  (define-fun |symex_dynamic::dynamic_object1#1$wclk$8| () Int
    (- 36))
  (define-fun |symex::invalid_object1#2$wclk$8| () Int
    (- 22))
  (define-fun |memory_model::choice_ws-ext_0_6_1_12_T_82| () Bool
    true)
  (define-fun |memory_model::choice_ws-ext_1_1_2_20_F_90| () Bool
    true)
  (define-fun array.1 () (Array (_ BitVec 32) (_ BitVec 8))
    (let ((a!1 (store (store (store ((as const (Array (_ BitVec 32) (_ BitVec 8)))
                                  #x68)
                                #x00000000
                                #x00)
                         #x00000007
                         #x00)
                  #x00000005
                  #x00)))
(let ((a!2 (store (store (store (store a!1 #x00000003 #x00) #x00000001 #x00)
                         #x00000004
                         #x00)
                  #x00000006
                  #x00)))
  (store a!2 #x00000002 #x00))))
  (define-fun |__CPROVER_malloc_is_new_array#1$wclk$8| () Int
    (- 50))
  (define-fun |__CPROVER_next_thread_id#6| () (_ BitVec 32)
    #x00000002)
  (define-fun |pthread_create::1::this_thread_id!2@0#0| () (_ BitVec 32)
    #x00000000)
  (define-fun |memory_model::choice_rf_0_27_2_29_T_5| () Bool
    false)
  (define-fun |symex_dynamic::dynamic_object1#13$wclk$8| () Int
    (- 9))
  (define-fun |memory_model::choice_rf_0_27_1_15_T_4| () Bool
    true)
  (define-fun |memory_model::choice_rf_0_27_0_9_T_3| () Bool
    false)
  (define-fun |memory_model::choice_rf_2_18_2_15_F_56| () Bool
    false)
  (define-fun |memory_model::choice_ws-ext_0_9_2_29_T_76| () Bool
    true)
  (define-fun |memory_model::choice_ws-ext_0_9_1_15_T_75| () Bool
    true)
  (define-fun |main::1::t1!0@1#2$wclk$8| () Int
    (- 39))
  (define-fun |symex::invalid_object1$wclk$8| () Int
    (- 34))
  (define-fun |__CPROVER_threads_exited#6$rclk$8| () Int
    (- 6))
  (define-fun t1$15$spwnclk$8 () Int
    (- 38))
  (define-fun |memory_model::choice_ws-ext_1_0_2_10_F_84| () Bool
    true)
  (define-fun |v#7$rclk$8| () Int
    (- 27))
  (define-fun |__CPROVER_threads_exited#7$wclk$8| () Int
    (- 5))
  (define-fun |__CPROVER_pipe_count#1$wclk$8| () Int
    (- 45))
  (define-fun |memory_model::choice_rf_2_14_2_10_F_52| () Bool
    false)
  (define-fun |memory_model::choice_ws-ext_0_3_1_10_T_81| () Bool
    true)
  (define-fun |memory_model::choice_rf_0_16_0_7_T_10| () Bool
    false)
  (define-fun |__CPROVER_deallocated#4$wclk$8| () Int
    (- 33))
  (define-fun |memory_model::choice_ws-ext_0_10_1_13_F_83| () Bool
    true)
  (define-fun |memory_model::choice_ws-ext_1_1_2_25_F_91| () Bool
    true)
  (define-fun |goto_symex::&92;guard#4| () Bool
    false)
  (define-fun |__CPROVER_deallocated#2$rclk$8| () Int
    (- 35))
  (define-fun |__CPROVER_next_thread_id#6$rclk$8| () Int
    (- 32))
  (define-fun |memory_model::choice_rf_0_26_0_13_T_16| () Bool
    false)
  (define-fun |goto_symex::&92;guard#2| () Bool
    false)
  (define-fun |v#4$rclk$8| () Int
    (- 30))
  (define-fun |goto_symex::&92;guard#3| () Bool
    false)
  (define-fun |__CPROVER_malloc_is_new_array#2$rclk$8| () Int
    (- 28))
  (define-fun |memory_model::choice_rf_0_23_1_15_T_1| () Bool
    false)
  (define-fun |memory_model::choice_rf_2_7_1_13_F_33| () Bool
    false)
  (define-fun |memory_model::choice_rf_2_23_2_15_F_64| () Bool
    false)
  (define-fun array_of.0 () (Array (_ BitVec 32) Bool)
    (lambda ((x!1 (_ BitVec 32))) (or (= x!1 #x00000002) (= x!1 #x00000001))))
  (define-fun |__CPROVER_memory_leak#2$rclk$8| () Int
    (- 26))
  (define-fun |symex_dynamic::dynamic_object1#12| () (Array (_ BitVec 32) (_ BitVec 8))
    (let ((a!1 (store (store (store ((as const (Array (_ BitVec 32) (_ BitVec 8)))
                                  #x68)
                                #x00000000
                                #x00)
                         #x00000007
                         #x00)
                  #x00000005
                  #x00)))
(let ((a!2 (store (store (store (store a!1 #x00000003 #x00) #x00000001 #x00)
                         #x00000004
                         #x00)
                  #x00000006
                  #x00)))
  (store a!2 #x00000002 #x00))))
  (define-fun |main::1::t1!0@1#4$rclk$8| () Int
    (- 33))
  (define-fun |__CPROVER_malloc_size#3$wclk$8| () Int
    (- 29))
  (define-fun |memory_model::choice_rf_0_23_2_29_T_2| () Bool
    true)
  (define-fun |__CPROVER_next_thread_id#7| () (_ BitVec 32)
    #x00000002)
  (define-fun |memory_model::choice_rf_2_18_2_10_F_55| () Bool
    false)
  (define-fun |__CPROVER_threads_exited#4| () (Array (_ BitVec 32) Bool)
    (lambda ((x!1 (_ BitVec 32))) (or (= x!1 #x00000002) (= x!1 #x00000001))))
  (define-fun |memory_model::choice_rf_0_25_0_12_F_40| () Bool
    false)
  (define-fun |memory_model::choice_rf_0_22_0_7_T_12| () Bool
    false)
  (define-fun |symex_dynamic::dynamic_object1#5| () (Array (_ BitVec 32) (_ BitVec 8))
    (let ((a!1 (store (store (store ((as const (Array (_ BitVec 32) (_ BitVec 8)))
                                  #x68)
                                #x00000000
                                #x00)
                         #x00000007
                         #x00)
                  #x00000005
                  #x00)))
(let ((a!2 (store (store (store (store a!1 #x00000003 #x00) #x00000001 #x00)
                         #x00000004
                         #x00)
                  #x00000006
                  #x00)))
  (store a!2 #x00000002 #x00))))
  (define-fun |symex_dynamic::dynamic_object1#4$wclk$8| () Int
    (- 24))
  (define-fun |memory_model::choice_rf_1_14_2_29_T_7| () Bool
    false)
  (define-fun |symex_dynamic::dynamic_object1#7$wclk$8| () Int
    (- 19))
  (define-fun |symex::invalid_object4#1$rclk$8| () Int
    (- 8))
  (define-fun |main::1::t1!0@1#3| () (_ BitVec 32)
    #x00000001)
  (define-fun |goto_symex::&92;guard#1| () Bool
    false)
  (define-fun |memory_model::choice_rf_0_20_0_14_F_35| () Bool
    true)
  (define-fun |__CPROVER_malloc_object#1$wclk$8| () Int
    (- 49))
  (define-fun |__CPROVER_threads_exited#3$rclk$8| () Int
    0)
  (define-fun |memory_model::choice_rf_0_26_0_7_T_15| () Bool
    false)
  (define-fun |__CPROVER_malloc_size#2$rclk$8| () Int
    (- 30))
  (define-fun |symex::invalid_object4#2$wclk$8| () Int
    (- 7))
  (define-fun |symex::invalid_object2#2$wclk$8| () Int
    (- 17))
  (define-fun |memory_model::choice_rf_0_28_1_13_F_25| () Bool
    true)
  (define-fun |memory_model::choice_ws-ext_1_1_2_10_F_88| () Bool
    true)
  (define-fun |memory_model::choice_rf_0_24_0_18_F_39| () Bool
    true)
  (define-fun |symex_dynamic::dynamic_object1#11$rclk$8| () Int
    (- 11))
  (define-fun |memory_model::choice_rf_2_24_2_20_F_70| () Bool
    false)
  (define-fun |__CPROVER_threads_exited#1$wclk$8| () Int
    (- 44))
  (define-fun |memory_model::choice_rf_0_16_0_13_T_11| () Bool
    true)
  (define-fun |__CPROVER_next_thread_id#5$wclk$8| () Int
    (- 37))
  (define-fun |__CPROVER_threads_exited#2$rclk$8| () Int
    (- 4))
  (define-fun |__CPROVER_malloc_size#1$wclk$8| () Int
    (- 48))
  (define-fun t1$19$spwnclk$8 () Int
    (- 35))
  (define-fun |goto_symex::&92;guard#5| () Bool
    false)
  (define-fun |symex::invalid_object2$wclk$8| () Int
    (- 33))
  (define-fun |memory_model::choice_rf_1_14_0_9_T_6| () Bool
    true)
  (define-fun |memory_model::choice_rf_2_28_1_15_T_9| () Bool
    false)
  (define-fun |memory_model::choice_rf_2_19_2_10_F_59| () Bool
    false)
  (define-fun |__CPROVER_memory_leak#3$wclk$8| () Int
    (- 25))
  (define-fun |symex::invalid_object2#1$rclk$8| () Int
    (- 18))
  (define-fun |memory_model::choice_rf_0_21_0_14_F_37| () Bool
    true)
  (define-fun |main::1::t1!0@1#4| () (_ BitVec 32)
    #x00000001)
  (define-fun |v#5| () (_ BitVec 32)
    #x00000000)
  (define-fun |__CPROVER_threads_exited#2| () (Array (_ BitVec 32) Bool)
    (lambda ((x!1 (_ BitVec 32)))
  (or (= x!1 #x00000000) (= x!1 #x00000002) (= x!1 #x00000001))))
  (define-fun |symex_dynamic::dynamic_object1#5$rclk$8| () Int
    (- 21))
  (define-fun |__CPROVER_next_thread_id#1$wclk$8| () Int
    (- 46))
  (define-fun |memory_model::choice_rf_2_6_1_13_F_31| () Bool
    false)
  (define-fun |memory_model::choice_rf_2_4_1_13_F_27| () Bool
    false)
  (define-fun |v#4| () (_ BitVec 32)
    #x00000000)
  (define-fun |v#6| () (_ BitVec 32)
    #x00000000)
  (define-fun |symex::invalid_object3$wclk$8| () Int
    (- 32))
  (define-fun |memory_model::choice_ws-ext_1_15_2_29_T_77| () Bool
    false)
  (define-fun |__CPROVER_threads_exited#5$wclk$8| () Int
    (- 3))
  (define-fun |__CPROVER_deallocated#3$rclk$8| () Int
    (- 34))
  (define-fun |memory_model::choice_rf_2_23_2_20_F_65| () Bool
    false)
  (define-fun string.2 () (Array (_ BitVec 32) (_ BitVec 8))
    (let ((a!1 (store (store (store ((as const (Array (_ BitVec 32) (_ BitVec 8)))
                                  #x00)
                                #x00000000
                                #x42)
                         #x00000005
                         #x6f)
                  #x00000003
                  #x73)))
  (store (store (store (store a!1 #x00000001 #x69) #x00000004 #x68)
                #x00000006
                #x74)
         #x00000002
         #x67)))
  (define-fun |v#6$rclk$8| () Int
    (- 28))
  (define-fun |symex::invalid_object3#1$rclk$8| () Int
    (- 13))
  (define-fun |pthread_create::1::this_thread_id!1@0#0| () (_ BitVec 32)
    #x00004000)
  (define-fun |symex_dynamic::dynamic_object1#3| () (Array (_ BitVec 32) (_ BitVec 8))
    (let ((a!1 (store (store (store ((as const (Array (_ BitVec 32) (_ BitVec 8)))
                                  #x68)
                                #x00000000
                                #x00)
                         #x00000007
                         #x00)
                  #x00000005
                  #x00)))
(let ((a!2 (store (store (store (store a!1 #x00000003 #x00) #x00000001 #x00)
                         #x00000004
                         #x00)
                  #x00000006
                  #x00)))
  (store a!2 #x00000002 #x00))))
  (define-fun |memory_model::choice_rf_0_23_0_9_T_0| () Bool
    false)
  (define-fun |__CPROVER_next_thread_id#3| () (_ BitVec 32)
    #x00000001)
  (define-fun |memory_model::choice_rf_2_19_2_15_F_60| () Bool
    false)
  (define-fun |memory_model::choice_ws-ext_1_0_2_25_F_87| () Bool
    true)
  (define-fun |symex_dynamic::dynamic_object1#8| () (Array (_ BitVec 32) (_ BitVec 8))
    (let ((a!1 (store (store (store ((as const (Array (_ BitVec 32) (_ BitVec 8)))
                                  #x68)
                                #x00000000
                                #x00)
                         #x00000007
                         #x00)
                  #x00000005
                  #x00)))
(let ((a!2 (store (store (store (store a!1 #x00000003 #x00) #x00000001 #x00)
                         #x00000004
                         #x00)
                  #x00000006
                  #x00)))
  (store a!2 #x00000002 #x00))))
  (define-fun |__CPROVER_malloc_object#3$wclk$8| () Int
    (- 31))
  (define-fun |symex::invalid_object4$wclk$8| () Int
    (- 31))
  (define-fun |memory_model::choice_ws-ext_1_0_2_20_F_86| () Bool
    true)
  (define-fun |symex::invalid_object1#1$rclk$8| () Int
    (- 23))
  (define-fun |main::1::t1!0@1#3$rclk$8| () Int
    (- 34))
  (define-fun |goto_symex::&92;guard#7| () Bool
    false)
  (define-fun |symex_dynamic::dynamic_object1#2$rclk$8| () Int
    (- 26))
  (define-fun |symex::invalid_object3#2$wclk$8| () Int
    (- 12))
  (define-fun |main::1::t2!0@1#4$rclk$8| () Int
    (- 2))
  (define-fun |__CPROVER_deallocated#1$wclk$8| () Int
    (- 51))
  (define-fun |v#3$wclk$8| () Int
    (- 24))
  (define-fun |memory_model::choice_ws-ext_1_1_2_15_F_89| () Bool
    true)
  (define-fun |__CPROVER_threads_exited#4$rclk$8| () Int
    (- 23))
  (define-fun |symex_dynamic::dynamic_object1#10$wclk$8| () Int
    (- 14))
  (define-fun |__CPROVER_memory_leak#1$wclk$8| () Int
    (- 47))
  (define-fun |__CPROVER_next_thread_id#2$wclk$8| () Int
    (- 40))
  (define-fun |symex_dynamic::dynamic_object1#8$rclk$8| () Int
    (- 16))
  (define-fun |v#7| () (_ BitVec 32)
    #x00000000)
  (define-fun |symex_dynamic::dynamic_object1$wclk$8| () Int
    (- 37))
  (define-fun |memory_model::choice_rf_2_23_2_10_F_63| () Bool
    false)
  (define-fun |memory_model::choice_rf_2_4_0_10_F_26| () Bool
    true)
  (define-fun |__CPROVER_malloc_is_new_array#3$wclk$8| () Int
    (- 27))
  (define-fun |memory_model::choice_rf_0_26_0_17_T_17| () Bool
    true)
  (define-fun |memory_model::choice_rf_0_21_0_11_F_36| () Bool
    false)
  (define-fun |__CPROVER_dead_object#1$wclk$8| () Int
    (- 52))
  (define-fun |symex::invalid_object0#1| () (_ BitVec 8)
    #xbd)
  (define-fun |symex::invalid_object0#1$rclk$8| () Int
    2)
  (define-fun |symex::invalid_object0$wclk$8| () Int
    (- 53))
  (define-fun |symex::invalid_object4| () (_ BitVec 8)
    #x00)
  (define-fun |symex::invalid_object4#1| () (_ BitVec 8)
    #x00)
  (define-fun |symex::invalid_object3| () (_ BitVec 8)
    #x00)
  (define-fun |symex::invalid_object3#1| () (_ BitVec 8)
    #x00)
  (define-fun |symex::invalid_object2| () (_ BitVec 8)
    #x00)
  (define-fun |symex::invalid_object2#1| () (_ BitVec 8)
    #x00)
  (define-fun |symex::invalid_object1| () (_ BitVec 8)
    #x00)
  (define-fun |symex::invalid_object1#1| () (_ BitVec 8)
    #x00)
  (define-fun |symex::invalid_object0| () (_ BitVec 8)
    #xbd)
  (define-fun |__CPROVER_next_thread_id#3$rclk$8| () Int
    (- 37))
  (define-fun |memory_model::choice_rf_1_11_0_6_T_23| () Bool
    true)
  (define-fun |__CPROVER_memory_leak#2| () (_ BitVec 32)
    #x00000000)
  (define-fun |memory_model::choice_rf_1_9_0_3_T_22| () Bool
    true)
  (define-fun |__CPROVER_malloc_is_new_array#2| () Bool
    false)
  (define-fun |memory_model::choice_rf_1_7_0_5_T_21| () Bool
    true)
  (define-fun |__CPROVER_malloc_size#2| () (_ BitVec 32)
    #x00000000)
  (define-fun |memory_model::choice_rf_1_5_0_4_T_20| () Bool
    true)
  (define-fun |__CPROVER_malloc_object#2| () (_ BitVec 32)
    #x00000000)
  (define-fun |memory_model::choice_rf_1_3_0_2_T_19| () Bool
    true)
  (define-fun |__CPROVER_deallocated#3| () (_ BitVec 32)
    #x00000000)
  (define-fun |memory_model::choice_rf_1_2_0_2_T_18| () Bool
    true)
  (define-fun |__CPROVER_deallocated#2| () (_ BitVec 32)
    #x00000000)
  (define-fun |strcpy::dst!2@1#1| () (_ BitVec 32)
    #x00000000)
  (define-fun |pthread_join::thread!0@2#1| () (_ BitVec 32)
    #x00000002)
  (define-fun |pthread_join::thread!0@1#1| () (_ BitVec 32)
    #x00000001)
  (define-fun |main::1::t1!0@1#1| () (_ BitVec 32)
    #x00000000)
  (define-fun |main::1::t2!0@1#1| () (_ BitVec 32)
    #x00000000)
  (define-fun |pthread_create::1::this_thread_id!0@1#1| () (_ BitVec 32)
    #x00000000)
  (define-fun |pthread_create::1::this_thread_id!0@2#1| () (_ BitVec 32)
    #x00000000)
  (define-fun |main::$tmp::::tmp_if_expr$1!0@1#1| () Bool
    false)
  (define-fun |thread1::$tmp::return_value_calloc$1!1@1#1| () (_ BitVec 32)
    #x00000000)
  (define-fun |calloc::1::malloc_res!1@1#1| () (_ BitVec 32)
    #x00000000)
  (define-fun |calloc::$tmp::malloc_value$1!1@1#1| () (_ BitVec 32)
    #x00000000)
  (define-fun |calloc::1::record_malloc!1@1#1| () Bool
    false)
  (define-fun |calloc::1::record_may_leak!1@1#1| () Bool
    false)
  (define-fun |strcpy::1::i!2@1#1| () (_ BitVec 32)
    #x00000000)
  (define-fun |strcpy::1::ch!2@1#1| () (_ BitVec 8)
    #x00)
  (define-fun |nondet_symex::nondet0| () Bool
    false)
  (define-fun |nondet_symex::nondet1| () Bool
    false)
  (define-fun |main::1::t1!0@1| () (_ BitVec 32)
    #x00000000)
  (define-fun |main::1::t2!0@1| () (_ BitVec 32)
    #x00000000)
  (define-fun |memory_model::choice_rf_2_11_2_0_F_71| () Bool
    false)
  (define-fun |memory_model::choice_rf_2_13_1_0_F_47| () Bool
    false)
  (define-fun |memory_model::choice_rf_2_13_1_1_F_48| () Bool
    false)
  (define-fun |memory_model::choice_rf_2_14_1_0_F_50| () Bool
    false)
  (define-fun |memory_model::choice_rf_2_14_1_1_F_51| () Bool
    false)
  (define-fun |memory_model::choice_rf_2_16_2_1_F_72| () Bool
    false)
  (define-fun |memory_model::choice_rf_2_18_1_0_F_53| () Bool
    false)
  (define-fun |memory_model::choice_rf_2_18_1_1_F_54| () Bool
    false)
  (define-fun |memory_model::choice_rf_2_19_1_0_F_57| () Bool
    false)
  (define-fun |memory_model::choice_rf_2_19_1_1_F_58| () Bool
    false)
  (define-fun |memory_model::choice_rf_2_21_2_2_F_73| () Bool
    false)
  (define-fun |memory_model::choice_rf_2_23_1_0_F_61| () Bool
    false)
  (define-fun |memory_model::choice_rf_2_23_1_1_F_62| () Bool
    false)
  (define-fun |memory_model::choice_rf_2_24_1_0_F_66| () Bool
    false)
  (define-fun |memory_model::choice_rf_2_24_1_1_F_67| () Bool
    false)
  (define-fun |memory_model::choice_rf_2_26_2_3_F_74| () Bool
    false)
  (define-fun |memory_model::choice_rf_2_5_0_10_F_28| () Bool
    false)
  (define-fun |memory_model::choice_rf_2_6_0_10_F_30| () Bool
    false)
  (define-fun |memory_model::choice_rf_2_7_0_10_F_32| () Bool
    false)
  (define-fun |memory_model::choice_rf_2_8_1_0_F_43| () Bool
    false)
  (define-fun |memory_model::choice_rf_2_8_1_1_F_44| () Bool
    false)
  (define-fun |memory_model::choice_rf_2_9_1_0_F_45| () Bool
    false)
  (define-fun |memory_model::choice_rf_2_9_1_1_F_46| () Bool
    false)
  (define-fun |pthread_join#return_value!0#0| () (_ BitVec 32)
    #x00000000)
)
(:added-eqs               171
 :arith-add-rows          2027
 :arith-assert-lower      80
 :arith-assert-upper      175
 :arith-bound-prop        97
 :arith-conflicts         8
 :arith-pivots            134
 :array-ax1               5
 :array-ax2               2
 :array-def-store         2
 :array-exp-ax2           2
 :binary-propagations     496
 :bv-bit2core             537
 :bv-diseqs               6
 :bv->core-eq             13
 :conflicts               13
 :decisions               323
 :del-clause              380
 :eliminated-applications 12
 :eliminated-vars         16
 :final-checks            2
 :max-memory              5.82
 :memory                  3.87
 :mk-bool-var             1584
 :mk-clause               905
 :num-allocs              3847633
 :num-checks              1
 :propagations            743
 :rlimit-count            195296
 :time                    0.01
 :total-time              0.03)

real	0m0.037s
user	0m0.037s
sys	0m0.000s
State: AC Run_time: 0.03877854347229004