sat
((|B0| false))
((|B1| false))
((|B10| true))
((|B100| true))
((|B101| true))
((|B102| true))
((|B103| true))
((|B104| true))
((|B105| true))
((|B106| true))
((|B107| true))
((|B108| true))
((|B109| false))
((|B11| true))
((|B110| true))
((|B111| true))
((|B112| true))
((|B113| true))
((|B114| true))
((|B115| true))
((|B116| true))
((|B117| true))
((|B118| true))
((|B119| false))
((|B12| true))
((|B120| true))
((|B121| true))
((|B122| true))
((|B123| true))
((|B124| true))
((|B125| true))
((|B126| true))
((|B127| true))
((|B128| true))
((|B129| false))
((|B13| true))
((|B130| true))
((|B131| true))
((|B132| true))
((|B133| true))
((|B134| true))
((|B135| true))
((|B136| true))
((|B137| true))
((|B138| true))
((|B139| false))
((|B14| true))
((|B140| true))
((|B141| true))
((|B142| true))
((|B143| true))
((|B144| true))
((|B145| true))
((|B146| true))
((|B147| true))
((|B148| true))
((|B149| false))
((|B15| true))
((|B150| true))
((|B151| true))
((|B152| false))
((|B153| false))
((|B154| false))
((|B155| false))
((|B156| false))
((|B157| false))
((|B158| false))
((|B159| true))
((|B16| true))
((|B160| true))
((|B161| true))
((|B162| true))
((|B163| true))
((|B164| true))
((|B165| true))
((|B166| true))
((|B167| true))
((|B168| true))
((|B169| true))
((|B17| true))
((|B170| true))
((|B171| false))
((|B172| true))
((|B173| true))
((|B174| true))
((|B175| true))
((|B176| true))
((|B177| true))
((|B178| false))
((|B179| false))
((|B18| true))
((|B19| true))
((|B2| true))
((|B20| true))
((|B21| true))
((|B22| true))
((|B23| true))
((|B24| true))
((|B25| true))
((|B26| true))
((|B27| true))
((|B28| true))
((|B29| true))
((|B3| false))
((|B30| true))
((|B31| true))
((|B32| true))
((|B33| true))
((|B34| true))
((|B35| true))
((|B36| true))
((|B37| true))
((|B38| true))
((|B39| true))
((|B4| false))
((|B40| true))
((|B41| true))
((|B42| true))
((|B43| true))
((|B44| true))
((|B45| true))
((|B46| true))
((|B47| true))
((|B48| true))
((|B49| true))
((|B5| true))
((|B50| true))
((|B51| true))
((|B52| true))
((|B53| true))
((|B54| true))
((|B55| false))
((|B56| false))
((|B57| true))
((|B58| false))
((|B59| false))
((|B6| true))
((|B60| true))
((|B61| true))
((|B62| true))
((|B63| true))
((|B64| true))
((|B65| true))
((|B66| true))
((|B67| false))
((|B68| false))
((|B69| true))
((|B7| true))
((|B70| true))
((|B71| true))
((|B72| true))
((|B73| true))
((|B74| true))
((|B75| true))
((|B76| false))
((|B77| false))
((|B78| false))
((|B79| false))
((|B8| true))
((|B80| false))
((|B81| false))
((|B82| true))
((|B83| true))
((|B84| true))
((|B85| true))
((|B86| true))
((|B87| true))
((|B88| true))
((|B89| true))
((|B9| true))
((|B90| true))
((|B91| true))
((|B92| true))
((|B93| true))
((|B94| true))
((|B95| true))
((|B96| true))
((|B97| true))
((|B98| true))
((|B99| true))
((|__CPROVER_dead_object#1| #x00000000))
((|__CPROVER_dead_object#1$wclk$8| (- 27)))
((|__CPROVER_deallocated#1| #x00000000))
((|__CPROVER_deallocated#1$wclk$8| (- 26)))
((|__CPROVER_deallocated#2| #x00000000))
((|__CPROVER_deallocated#2$rclk$8| (- 12)))
((|__CPROVER_deallocated#3| #x00000000))
((|__CPROVER_deallocated#3$rclk$8| (- 11)))
((|__CPROVER_deallocated#4| #x00000000))
((|__CPROVER_deallocated#4$wclk$8| (- 10)))
((|__CPROVER_malloc_is_new_array#1| false))
((|__CPROVER_malloc_is_new_array#1$wclk$8| (- 25)))
((|__CPROVER_malloc_is_new_array#2| false))
((|__CPROVER_malloc_is_new_array#2$rclk$8| (- 5)))
((|__CPROVER_malloc_is_new_array#3| false))
((|__CPROVER_malloc_is_new_array#3$wclk$8| (- 4)))
((|__CPROVER_malloc_object#1| #x00000000))
((|__CPROVER_malloc_object#1$wclk$8| (- 24)))
((|__CPROVER_malloc_object#2| #x00000000))
((|__CPROVER_malloc_object#2$rclk$8| (- 9)))
((|__CPROVER_malloc_object#3| #x00000000))
((|__CPROVER_malloc_object#3$wclk$8| (- 8)))
((|__CPROVER_malloc_size#1| #x00000000))
((|__CPROVER_malloc_size#1$wclk$8| (- 23)))
((|__CPROVER_malloc_size#2| #x00000000))
((|__CPROVER_malloc_size#2$rclk$8| (- 7)))
((|__CPROVER_malloc_size#3| #x00000000))
((|__CPROVER_malloc_size#3$wclk$8| (- 6)))
((|__CPROVER_memory_leak#1| #x00000000))
((|__CPROVER_memory_leak#1$wclk$8| (- 22)))
((|__CPROVER_memory_leak#2| #x00000000))
((|__CPROVER_memory_leak#2$rclk$8| (- 3)))
((|__CPROVER_memory_leak#3| #x00000000))
((|__CPROVER_memory_leak#3$wclk$8| (- 2)))
((|__CPROVER_next_thread_id#1| #x00000000))
((|__CPROVER_next_thread_id#1$wclk$8| (- 21)))
((|__CPROVER_next_thread_id#2| #x00000001))
((|__CPROVER_next_thread_id#2$wclk$8| (- 15)))
((|__CPROVER_next_thread_id#3| #x00000001))
((|__CPROVER_next_thread_id#3$rclk$8| (- 10)))
((|__CPROVER_next_thread_id#4| #x00000001))
((|__CPROVER_next_thread_id#4$rclk$8| (- 8)))
((|__CPROVER_next_thread_id#5| #x00000001))
((|__CPROVER_next_thread_id#6| #x00000002))
((|__CPROVER_next_thread_id#7| #x00000002))
((|__CPROVER_next_thread_id#8| #x00000002))
((|__CPROVER_next_thread_id#8$wclk$8| (- 8)))
((|__CPROVER_next_thread_id#9| #x00000002))
((|__CPROVER_next_thread_id#9$rclk$8| (- 3)))
((|__CPROVER_pipe_count#1| #x00000000))
((|__CPROVER_pipe_count#1$wclk$8| (- 20)))
((|__CPROVER_rounding_mode!0#1| #x00000000))
((|__CPROVER_rounding_mode!1#1| #x00000000))
((|__CPROVER_rounding_mode!2#1| #x00000000))
((|__CPROVER_thread_id!0#1| #x00000000))
((|__CPROVER_thread_id!1#1| #x00000000))
((|__CPROVER_thread_id!1#2| #x00000000))
((|__CPROVER_thread_id!2#1| #x00000000))
((|__CPROVER_thread_id!2#2| #x00000000))
((|__CPROVER_threads_exited#1| (store (store ((as const (Array (_ BitVec 32) Bool)) false) #x00000001 true)
       #x00000002
       true)))
((|__CPROVER_threads_exited#1$wclk$8| (- 19)))
((|__CPROVER_threads_exited#2| (store (store ((as const (Array (_ BitVec 32) Bool)) false) #x00000001 true)
       #x00000002
       true)))
((|__CPROVER_threads_exited#2$rclk$8| (- 9)))
((|__CPROVER_threads_exited#3| (store (store ((as const (Array (_ BitVec 32) Bool)) false) #x00000001 true)
       #x00000002
       true)))
((|__CPROVER_threads_exited#3$rclk$8| 0))
((|__CPROVER_threads_exited#4| (store (store ((as const (Array (_ BitVec 32) Bool)) false) #x00000001 true)
       #x00000002
       true)))
((|__CPROVER_threads_exited#4$rclk$8| 1))
((|__CPROVER_threads_exited#5| (store (store (store ((as const (Array (_ BitVec 32) Bool)) false)
                     #x00000001
                     true)
              #x00000002
              true)
       #x00000000
       true)))
((|__CPROVER_threads_exited#5$wclk$8| 32))
((|__CPROVER_threads_exited#6| ((as const (Array (_ BitVec 32) Bool)) false)))
((|__CPROVER_threads_exited#6$rclk$8| 30))
((|__CPROVER_threads_exited#7| (store ((as const (Array (_ BitVec 32) Bool)) false) #x00000000 true)))
((|__CPROVER_threads_exited#7$wclk$8| 31))
((|__VERIFIER_assert::expression!0@1#1| #x00000000))
((|goto_symex::&92;guard#1| false))
((|goto_symex::&92;guard#2| false))
((|goto_symex::&92;guard#3| false))
((|goto_symex::&92;guard#4| false))
((|goto_symex::&92;guard#5| false))
((|goto_symex::&92;guard#6| true))
((|goto_symex::&92;guard#7| true))
((|main#return_value!0#1| #x00000000))
((|main#return_value!1#1| #x00000000))
((|main#return_value!2#1| #x00000000))
((|main::$tmp::::tmp_if_expr$1!0@1#1| false))
((|main::$tmp::::tmp_if_expr$1!0@1#2| true))
((|main::$tmp::::tmp_if_expr$1!0@1#3| false))
((|main::$tmp::::tmp_if_expr$1!0@1#4| false))
((|main::$tmp::::tmp_if_expr$1!0@1#5| false))
((|main::1::t1!0@1| #x00000000))
((|main::1::t1!0@1#1| #x00000000))
((|main::1::t1!0@1#1$wclk$8| (- 17)))
((|main::1::t1!0@1#2| #x00000001))
((|main::1::t1!0@1#2$wclk$8| (- 14)))
((|main::1::t1!0@1#3| #x00000001))
((|main::1::t1!0@1#3$rclk$8| (- 12)))
((|main::1::t1!0@1#4| #x00000001))
((|main::1::t1!0@1#4$rclk$8| (- 11)))
((|main::1::t2!0@1| #x00000000))
((|main::1::t2!0@1#1| #x00000000))
((|main::1::t2!0@1#1$wclk$8| (- 16)))
((|main::1::t2!0@1#2| #x00000002))
((|main::1::t2!0@1#2$wclk$8| (- 7)))
((|main::1::t2!0@1#3| #x00000002))
((|main::1::t2!0@1#3$rclk$8| (- 5)))
((|main::1::t2!0@1#4| #x00000002))
((|main::1::t2!0@1#4$rclk$8| (- 4)))
((|malloc#return_value!1#1| #x00000000))
((|malloc#return_value!1#2| #x02000000))
((|malloc#return_value!2#1| #x00000000))
((|malloc::$tmp::malloc_value$1!1@1#1| #x00000000))
((|malloc::$tmp::malloc_value$1!1@1#2| #x02000000))
((|malloc::1::malloc_res!1@1#1| #x00000000))
((|malloc::1::malloc_res!1@1#2| #x02000000))
((|malloc::1::record_malloc!1@1#1| false))
((|malloc::1::record_malloc!1@1#2| false))
((|malloc::1::record_may_leak!1@1#1| false))
((|malloc::1::record_may_leak!1@1#2| false))
((|malloc::malloc_size!1@1#1| #x00000008))
((|memory_model::choice_rf_0_16_0_11_F_33| false))
((|memory_model::choice_rf_0_16_0_14_F_34| true))
((|memory_model::choice_rf_0_17_0_11_F_35| false))
((|memory_model::choice_rf_0_17_0_14_F_36| true))
((|memory_model::choice_rf_0_18_0_13_T_11| true))
((|memory_model::choice_rf_0_18_0_7_T_10| false))
((|memory_model::choice_rf_0_19_0_9_T_0| true))
((|memory_model::choice_rf_0_19_1_13_T_1| false))
((|memory_model::choice_rf_0_19_2_36_T_2| false))
((|memory_model::choice_rf_0_20_0_13_T_13| true))
((|memory_model::choice_rf_0_20_0_7_T_12| false))
((|memory_model::choice_rf_0_24_0_12_F_37| false))
((|memory_model::choice_rf_0_24_0_22_F_38| true))
((|memory_model::choice_rf_0_25_0_12_F_39| false))
((|memory_model::choice_rf_0_25_0_22_F_40| true))
((|memory_model::choice_rf_0_26_0_13_T_15| false))
((|memory_model::choice_rf_0_26_0_21_T_16| true))
((|memory_model::choice_rf_0_26_0_7_T_14| false))
((|memory_model::choice_rf_0_27_0_9_T_3| true))
((|memory_model::choice_rf_0_27_1_13_T_4| false))
((|memory_model::choice_rf_0_27_2_36_T_5| false))
((|memory_model::choice_rf_0_28_0_10_F_23| false))
((|memory_model::choice_rf_0_28_1_11_F_24| true))
((|memory_model::choice_rf_0_29_0_0_F_41| true))
((|memory_model::choice_rf_1_0_0_2_T_17| true))
((|memory_model::choice_rf_1_12_0_9_T_6| true))
((|memory_model::choice_rf_1_12_2_36_T_7| false))
((|memory_model::choice_rf_1_1_0_2_T_18| true))
((|memory_model::choice_rf_1_3_0_4_T_19| true))
((|memory_model::choice_rf_1_5_0_5_T_20| true))
((|memory_model::choice_rf_1_7_0_3_T_21| true))
((|memory_model::choice_rf_1_9_0_6_T_22| true))
((|memory_model::choice_rf_2_10_2_0_F_42| true))
((|memory_model::choice_rf_2_11_2_0_F_43| true))
((|memory_model::choice_rf_2_13_2_1_F_72| true))
((|memory_model::choice_rf_2_15_2_0_F_44| false))
((|memory_model::choice_rf_2_15_2_12_F_45| true))
((|memory_model::choice_rf_2_16_2_0_F_46| false))
((|memory_model::choice_rf_2_16_2_12_F_47| true))
((|memory_model::choice_rf_2_18_2_2_F_73| true))
((|memory_model::choice_rf_2_20_2_0_F_48| false))
((|memory_model::choice_rf_2_20_2_12_F_49| false))
((|memory_model::choice_rf_2_20_2_17_F_50| true))
((|memory_model::choice_rf_2_21_2_0_F_51| false))
((|memory_model::choice_rf_2_21_2_12_F_52| false))
((|memory_model::choice_rf_2_21_2_17_F_53| true))
((|memory_model::choice_rf_2_23_2_3_F_74| true))
((|memory_model::choice_rf_2_25_2_0_F_54| false))
((|memory_model::choice_rf_2_25_2_12_F_55| false))
((|memory_model::choice_rf_2_25_2_17_F_56| false))
((|memory_model::choice_rf_2_25_2_22_F_57| true))
((|memory_model::choice_rf_2_26_2_0_F_58| false))
((|memory_model::choice_rf_2_26_2_12_F_59| false))
((|memory_model::choice_rf_2_26_2_17_F_60| false))
((|memory_model::choice_rf_2_26_2_22_F_61| true))
((|memory_model::choice_rf_2_28_2_4_F_75| true))
((|memory_model::choice_rf_2_30_2_0_F_62| false))
((|memory_model::choice_rf_2_30_2_12_F_63| false))
((|memory_model::choice_rf_2_30_2_17_F_64| false))
((|memory_model::choice_rf_2_30_2_22_F_65| false))
((|memory_model::choice_rf_2_30_2_27_F_66| true))
((|memory_model::choice_rf_2_31_2_0_F_67| false))
((|memory_model::choice_rf_2_31_2_12_F_68| false))
((|memory_model::choice_rf_2_31_2_17_F_69| false))
((|memory_model::choice_rf_2_31_2_22_F_70| false))
((|memory_model::choice_rf_2_31_2_27_F_71| true))
((|memory_model::choice_rf_2_33_2_5_F_76| true))
((|memory_model::choice_rf_2_35_0_9_T_8| false))
((|memory_model::choice_rf_2_35_1_13_T_9| false))
((|memory_model::choice_rf_2_6_0_10_F_25| false))
((|memory_model::choice_rf_2_6_1_11_F_26| true))
((|memory_model::choice_rf_2_7_0_10_F_27| false))
((|memory_model::choice_rf_2_7_1_11_F_28| true))
((|memory_model::choice_rf_2_8_0_10_F_29| false))
((|memory_model::choice_rf_2_8_1_11_F_30| true))
((|memory_model::choice_rf_2_9_0_10_F_31| false))
((|memory_model::choice_rf_2_9_1_11_F_32| true))
((|memory_model::choice_ws-ext_0_10_1_11_F_85| true))
((|memory_model::choice_ws-ext_0_2_1_2_T_80| true))
((|memory_model::choice_ws-ext_0_3_1_8_T_83| true))
((|memory_model::choice_ws-ext_0_4_1_4_T_81| true))
((|memory_model::choice_ws-ext_0_5_1_6_T_82| true))
((|memory_model::choice_ws-ext_0_6_1_10_T_84| true))
((|memory_model::choice_ws-ext_0_9_1_13_T_77| true))
((|memory_model::choice_ws-ext_0_9_2_36_T_78| true))
((|memory_model::choice_ws-ext_1_13_2_36_T_79| false))
((|nondet_symex::nondet0| false))
((|nondet_symex::nondet1| false))
((|pthread_create#return_value!0#1| #x00000000))
((|pthread_create#return_value!0#2| #x00000000))
((|pthread_create#return_value!1#1| #x00000000))
((|pthread_create#return_value!2#1| #x00000000))
((|pthread_create::1::this_thread_id!0@1#1| #x00000000))
((|pthread_create::1::this_thread_id!0@1#2| #x00000001))
((|pthread_create::1::this_thread_id!0@2#1| #x00000000))
((|pthread_create::1::this_thread_id!0@2#2| #x00000002))
((|pthread_create::1::this_thread_id!1@0#0| #x00000000))
((|pthread_create::1::this_thread_id!2@0#0| #x00000000))
((|pthread_create::arg!0@1#1| #x00000000))
((|pthread_create::arg!0@2#1| #x00000000))
((|pthread_create::arg!1@0#1| #x00000000))
((|pthread_create::arg!2@0#1| #x00000000))
((|pthread_create::attr!0@1#1| #x00000000))
((|pthread_create::attr!0@2#1| #x00000000))
((|pthread_create::attr!1@0#1| #x00000000))
((|pthread_create::attr!2@0#1| #x00000000))
((|pthread_create::start_routine!0@1#1| #x04000000))
((|pthread_create::start_routine!0@2#1| #x06000000))
((|pthread_create::start_routine!1@0#1| #x04000000))
((|pthread_create::start_routine!2@0#1| #x06000000))
((|pthread_create::thread!0@1#1| #x03000000))
((|pthread_create::thread!0@2#1| #x05000000))
((|pthread_create::thread!1@0#1| #x03000000))
((|pthread_create::thread!2@0#1| #x05000000))
((|pthread_join#return_value!0#0| #x00000000))
((|pthread_join#return_value!0#1| #x00000003))
((|pthread_join#return_value!0#10| #x00000023))
((|pthread_join#return_value!0#11| #x00000000))
((|pthread_join#return_value!0#12| #x00000000))
((|pthread_join#return_value!0#13| #x00000000))
((|pthread_join#return_value!0#14| #x00000000))
((|pthread_join#return_value!0#2| #x00000000))
((|pthread_join#return_value!0#3| #x00000023))
((|pthread_join#return_value!0#4| #x00000000))
((|pthread_join#return_value!0#5| #x00000000))
((|pthread_join#return_value!0#6| #x00000000))
((|pthread_join#return_value!0#7| #x00000000))
((|pthread_join#return_value!0#8| #x00000003))
((|pthread_join#return_value!0#9| #x00000000))
((|pthread_join#return_value!1#1| #x00000000))
((|pthread_join#return_value!2#1| #x00000000))
((|pthread_join::thread!0@1#1| #x00000001))
((|pthread_join::thread!0@2#1| #x00000002))
((|pthread_join::value_ptr!0@1#1| #x00000000))
((|pthread_join::value_ptr!0@2#1| #x00000000))
((|return'!0#1| #x00000000))
((|strcpy#return_value!1#1| #x00000000))
((|strcpy#return_value!2#1| #x00000000))
((|strcpy::1::ch!2@1#1| #x00))
((|strcpy::1::ch!2@1#2| #x42))
((|strcpy::1::ch!2@1#3| #x69))
((|strcpy::1::ch!2@1#4| #x67))
((|strcpy::1::ch!2@1#5| #x73))
((|strcpy::1::ch!2@1#6| #x68))
((|strcpy::1::i!2@1#1| #x00000000))
((|strcpy::1::i!2@1#2| #x00000000))
((|strcpy::1::i!2@1#3| #x00000001))
((|strcpy::1::i!2@1#4| #x00000002))
((|strcpy::1::i!2@1#5| #x00000003))
((|strcpy::1::i!2@1#6| #x00000004))
((|strcpy::1::i!2@1#7| #x00000005))
((|strcpy::dst!2@1#1| #x02000000))
((|strcpy::src!2@1#1| #x07000000))
((|symex::invalid_object0| #xbd))
((|symex::invalid_object0#1| #xbd))
((|symex::invalid_object0#1$rclk$8| 2))
((|symex::invalid_object0$wclk$8| (- 28)))
((|symex::invalid_object1| #x00))
((|symex::invalid_object1#1| #x00))
((|symex::invalid_object1#1$rclk$8| 8))
((|symex::invalid_object1#2| #x00))
((|symex::invalid_object1#2$wclk$8| 9))
((|symex::invalid_object1$wclk$8| (- 4)))
((|symex::invalid_object2| #x00))
((|symex::invalid_object2#1| #x00))
((|symex::invalid_object2#1$rclk$8| 13))
((|symex::invalid_object2#2| #x00))
((|symex::invalid_object2#2$wclk$8| 14))
((|symex::invalid_object2$wclk$8| (- 3)))
((|symex::invalid_object3| #x00))
((|symex::invalid_object3#1| #x00))
((|symex::invalid_object3#1$rclk$8| 18))
((|symex::invalid_object3#2| #x00))
((|symex::invalid_object3#2$wclk$8| 19))
((|symex::invalid_object3$wclk$8| (- 2)))
((|symex::invalid_object4| #x00))
((|symex::invalid_object4#1| #x00))
((|symex::invalid_object4#1$rclk$8| 23))
((|symex::invalid_object4#2| #x00))
((|symex::invalid_object4#2$wclk$8| 24))
((|symex::invalid_object4$wclk$8| (- 1)))
((|symex::invalid_object5| #x00))
((|symex::invalid_object5#1| #x00))
((|symex::invalid_object5#1$rclk$8| 28))
((|symex::invalid_object5#2| #x00))
((|symex::invalid_object5#2$wclk$8| 29))
((|symex::invalid_object5$wclk$8| 0))
((|symex_dynamic::dynamic_object1| (store ((as const (Array (_ BitVec 32) (_ BitVec 8))) #x00) #x00000001 #x08)))
((|symex_dynamic::dynamic_object1#1| (store ((as const (Array (_ BitVec 32) (_ BitVec 8))) #x00) #x00000001 #x08)))
((|symex_dynamic::dynamic_object1#1$rclk$8| 5))
((|symex_dynamic::dynamic_object1#10| (store (store (store ((as const (Array (_ BitVec 32) (_ BitVec 8))) #x00)
                     #x00000000
                     #x42)
              #x00000001
              #x69)
       #x00000002
       #x67)))
((|symex_dynamic::dynamic_object1#10$rclk$8| 20))
((|symex_dynamic::dynamic_object1#11| (store (store (store ((as const (Array (_ BitVec 32) (_ BitVec 8))) #x00)
                     #x00000000
                     #x42)
              #x00000001
              #x69)
       #x00000002
       #x67)))
((|symex_dynamic::dynamic_object1#11$rclk$8| 21))
((|symex_dynamic::dynamic_object1#12| (let ((a!1 (store (store (store ((as const (Array (_ BitVec 32) (_ BitVec 8)))
                                  #x00)
                                #x00000000
                                #x42)
                         #x00000001
                         #x69)
                  #x00000002
                  #x67)))
  (store a!1 #x00000003 #x73))))
((|symex_dynamic::dynamic_object1#12$wclk$8| 22))
((|symex_dynamic::dynamic_object1#13| (let ((a!1 (store (store (store ((as const (Array (_ BitVec 32) (_ BitVec 8)))
                                  #x00)
                                #x00000003
                                #x73)
                         #x00000000
                         #x42)
                  #x00000001
                  #x69)))
  (store a!1 #x00000002 #x67))))
((|symex_dynamic::dynamic_object1#13$rclk$8| 25))
((|symex_dynamic::dynamic_object1#14| (let ((a!1 (store (store (store ((as const (Array (_ BitVec 32) (_ BitVec 8)))
                                  #x00)
                                #x00000003
                                #x73)
                         #x00000000
                         #x42)
                  #x00000001
                  #x69)))
  (store a!1 #x00000002 #x67))))
((|symex_dynamic::dynamic_object1#14$rclk$8| 26))
((|symex_dynamic::dynamic_object1#15| (let ((a!1 (store (store (store ((as const (Array (_ BitVec 32) (_ BitVec 8)))
                                  #x00)
                                #x00000003
                                #x73)
                         #x00000000
                         #x42)
                  #x00000001
                  #x69)))
  (store (store a!1 #x00000002 #x67) #x00000004 #x68))))
((|symex_dynamic::dynamic_object1#15$wclk$8| 27))
((|symex_dynamic::dynamic_object1#2| (store ((as const (Array (_ BitVec 32) (_ BitVec 8))) #x00) #x00000001 #x08)))
((|symex_dynamic::dynamic_object1#2$rclk$8| 6))
((|symex_dynamic::dynamic_object1#3| (store (store ((as const (Array (_ BitVec 32) (_ BitVec 8))) #x00)
              #x00000001
              #x08)
       #x00000000
       #x42)))
((|symex_dynamic::dynamic_object1#3$wclk$8| 7))
((|symex_dynamic::dynamic_object1#4| (store (store ((as const (Array (_ BitVec 32) (_ BitVec 8))) #x00)
              #x00000000
              #x42)
       #x00000001
       #x08)))
((|symex_dynamic::dynamic_object1#4$rclk$8| 10))
((|symex_dynamic::dynamic_object1#5| (store (store ((as const (Array (_ BitVec 32) (_ BitVec 8))) #x00)
              #x00000000
              #x42)
       #x00000001
       #x08)))
((|symex_dynamic::dynamic_object1#5$rclk$8| 11))
((|symex_dynamic::dynamic_object1#6| (store (store ((as const (Array (_ BitVec 32) (_ BitVec 8))) #x00)
              #x00000000
              #x42)
       #x00000001
       #x69)))
((|symex_dynamic::dynamic_object1#6$wclk$8| 12))
((|symex_dynamic::dynamic_object1#7| (store (store ((as const (Array (_ BitVec 32) (_ BitVec 8))) #x00)
              #x00000000
              #x42)
       #x00000001
       #x69)))
((|symex_dynamic::dynamic_object1#7$rclk$8| 15))
((|symex_dynamic::dynamic_object1#8| (store (store ((as const (Array (_ BitVec 32) (_ BitVec 8))) #x00)
              #x00000000
              #x42)
       #x00000001
       #x69)))
((|symex_dynamic::dynamic_object1#8$rclk$8| 16))
((|symex_dynamic::dynamic_object1#9| (store (store (store ((as const (Array (_ BitVec 32) (_ BitVec 8))) #x00)
                     #x00000000
                     #x42)
              #x00000001
              #x69)
       #x00000002
       #x67)))
((|symex_dynamic::dynamic_object1#9$wclk$8| 17))
((|symex_dynamic::dynamic_object1$wclk$8| (- 5)))
((|t1$15$spwnclk$8| (- 13)))
((|t1$23$spwnclk$8| (- 6)))
((|thread1#return_value!1#1| #x00000000))
((|thread1#return_value!1#2| #x00000000))
((|thread1#return_value!2#1| #x00000000))
((|thread1::$tmp::return_value_malloc$1!1@1#1| #x00000000))
((|thread1::$tmp::return_value_malloc$1!1@1#2| #x02000000))
((|thread1::arg!1@1#1| #x00000000))
((|thread2#return_value!1#1| #x00000000))
((|thread2#return_value!2#1| #x00000000))
((|thread2#return_value!2#2| #x00000000))
((|thread2::arg!2@1#1| #x00000000))
((|v#1| #x00000000))
((|v#1$wclk$8| (- 18)))
((|v#2| #x02000000))
((|v#2$rclk$8| 1))
((|v#3| #x02000000))
((|v#3$wclk$8| 0))
((|v#4| #x02000000))
((|v#4$rclk$8| 1))
((|v#5| #x02000000))
((|v#5$rclk$8| 2))
((|v#6| #x02000000))
((|v#6$rclk$8| 3))
((|v#7| #x02000000))
((|v#7$rclk$8| 4))
(model 
  (define-fun |symex::invalid_object5#1$rclk$8| () Int
    28)
  (define-fun |memory_model::choice_ws-ext_0_9_1_13_T_77| () Bool
    true)
  (define-fun |symex_dynamic::dynamic_object1#2| () (Array (_ BitVec 32) (_ BitVec 8))
    (store ((as const (Array (_ BitVec 32) (_ BitVec 8))) #x00) #x00000001 #x08))
  (define-fun |memory_model::choice_rf_0_19_1_13_T_1| () Bool
    false)
  (define-fun |v#1$wclk$8| () Int
    (- 18))
  (define-fun |memory_model::choice_rf_2_21_2_12_F_52| () Bool
    false)
  (define-fun |memory_model::choice_rf_2_8_1_11_F_30| () Bool
    true)
  (define-fun |memory_model::choice_rf_2_20_2_0_F_48| () Bool
    false)
  (define-fun |memory_model::choice_rf_2_31_2_0_F_67| () Bool
    false)
  (define-fun |main::1::t1!0@1#1$wclk$8| () Int
    (- 17))
  (define-fun |main::1::t2!0@1#4| () (_ BitVec 32)
    #x00000002)
  (define-fun |main::1::t2!0@1#2$wclk$8| () Int
    (- 7))
  (define-fun |__CPROVER_threads_exited#3| () (Array (_ BitVec 32) Bool)
    (lambda ((x!1 (_ BitVec 32))) (or (= x!1 #x00000002) (= x!1 #x00000001))))
  (define-fun |memory_model::choice_rf_2_28_2_4_F_75| () Bool
    true)
  (define-fun |memory_model::choice_rf_2_33_2_5_F_76| () Bool
    true)
  (define-fun |v#5$rclk$8| () Int
    2)
  (define-fun |symex::invalid_object1#2$wclk$8| () Int
    9)
  (define-fun |memory_model::choice_rf_0_18_0_7_T_10| () Bool
    false)
  (define-fun |symex_dynamic::dynamic_object1#1| () (Array (_ BitVec 32) (_ BitVec 8))
    (store ((as const (Array (_ BitVec 32) (_ BitVec 8))) #x00) #x00000001 #x08))
  (define-fun |memory_model::choice_rf_2_25_2_17_F_56| () Bool
    false)
  (define-fun |__CPROVER_next_thread_id#4| () (_ BitVec 32)
    #x00000001)
  (define-fun |symex::invalid_object1$wclk$8| () Int
    (- 4))
  (define-fun t1$15$spwnclk$8 () Int
    (- 13))
  (define-fun |memory_model::choice_rf_2_35_1_13_T_9| () Bool
    false)
  (define-fun |memory_model::choice_rf_2_30_2_0_F_62| () Bool
    false)
  (define-fun |__CPROVER_deallocated#4$wclk$8| () Int
    (- 10))
  (define-fun |__CPROVER_deallocated#2$rclk$8| () Int
    (- 12))
  (define-fun |memory_model::choice_rf_2_21_2_0_F_51| () Bool
    false)
  (define-fun |symex_dynamic::dynamic_object1#4| () (Array (_ BitVec 32) (_ BitVec 8))
    (store (store ((as const (Array (_ BitVec 32) (_ BitVec 8))) #x00)
              #x00000000
              #x42)
       #x00000001
       #x08))
  (define-fun |main::1::t1!0@1#4$rclk$8| () Int
    (- 11))
  (define-fun |memory_model::choice_rf_0_19_2_36_T_2| () Bool
    false)
  (define-fun |symex_dynamic::dynamic_object1#5| () (Array (_ BitVec 32) (_ BitVec 8))
    (store (store ((as const (Array (_ BitVec 32) (_ BitVec 8))) #x00)
              #x00000000
              #x42)
       #x00000001
       #x08))
  (define-fun |memory_model::choice_rf_2_31_2_12_F_68| () Bool
    false)
  (define-fun |__CPROVER_threads_exited#4| () (Array (_ BitVec 32) Bool)
    (lambda ((x!1 (_ BitVec 32))) (or (= x!1 #x00000002) (= x!1 #x00000001))))
  (define-fun |memory_model::choice_rf_0_20_0_13_T_13| () Bool
    true)
  (define-fun |__CPROVER_next_thread_id#3$rclk$8| () Int
    (- 10))
  (define-fun |symex::invalid_object4#1$rclk$8| () Int
    23)
  (define-fun |main::1::t1!0@1#3| () (_ BitVec 32)
    #x00000001)
  (define-fun |__CPROVER_malloc_size#2$rclk$8| () Int
    (- 7))
  (define-fun |__CPROVER_threads_exited#3$rclk$8| () Int
    0)
  (define-fun |memory_model::choice_ws-ext_0_5_1_6_T_82| () Bool
    true)
  (define-fun |memory_model::choice_rf_2_9_1_11_F_32| () Bool
    true)
  (define-fun |symex_dynamic::dynamic_object1#11$rclk$8| () Int
    21)
  (define-fun |memory_model::choice_rf_2_6_1_11_F_26| () Bool
    true)
  (define-fun |__CPROVER_threads_exited#1$wclk$8| () Int
    (- 19))
  (define-fun |memory_model::choice_rf_0_28_1_11_F_24| () Bool
    true)
  (define-fun |symex_dynamic::dynamic_object1#15$wclk$8| () Int
    27)
  (define-fun |memory_model::choice_rf_0_28_0_10_F_23| () Bool
    false)
  (define-fun |__CPROVER_threads_exited#2$rclk$8| () Int
    (- 9))
  (define-fun |memory_model::choice_rf_0_26_0_13_T_15| () Bool
    false)
  (define-fun |__CPROVER_memory_leak#3$wclk$8| () Int
    (- 2))
  (define-fun |v#5| () (_ BitVec 32)
    #x02000000)
  (define-fun |__CPROVER_threads_exited#2| () (Array (_ BitVec 32) Bool)
    (lambda ((x!1 (_ BitVec 32))) (or (= x!1 #x00000002) (= x!1 #x00000001))))
  (define-fun |memory_model::choice_rf_2_26_2_17_F_60| () Bool
    false)
  (define-fun |v#4| () (_ BitVec 32)
    #x02000000)
  (define-fun |__CPROVER_next_thread_id#9| () (_ BitVec 32)
    #x00000002)
  (define-fun |memory_model::choice_rf_0_17_0_14_F_36| () Bool
    true)
  (define-fun |__CPROVER_deallocated#3$rclk$8| () Int
    (- 11))
  (define-fun |symex::invalid_object3#1$rclk$8| () Int
    18)
  (define-fun |memory_model::choice_rf_0_26_0_21_T_16| () Bool
    true)
  (define-fun |v#6$rclk$8| () Int
    3)
  (define-fun |memory_model::choice_rf_2_7_0_10_F_27| () Bool
    false)
  (define-fun |pthread_create::1::this_thread_id!1@0#0| () (_ BitVec 32)
    #x00000000)
  (define-fun |__CPROVER_malloc_object#3$wclk$8| () Int
    (- 8))
  (define-fun |memory_model::choice_rf_2_25_2_0_F_54| () Bool
    false)
  (define-fun |symex::invalid_object1#1$rclk$8| () Int
    8)
  (define-fun |symex::invalid_object4$wclk$8| () Int
    (- 1))
  (define-fun |symex_dynamic::dynamic_object1#8| () (Array (_ BitVec 32) (_ BitVec 8))
    (store (store ((as const (Array (_ BitVec 32) (_ BitVec 8))) #x00)
              #x00000000
              #x42)
       #x00000001
       #x69))
  (define-fun |main::1::t1!0@1#3$rclk$8| () Int
    (- 12))
  (define-fun |memory_model::choice_rf_2_35_0_9_T_8| () Bool
    false)
  (define-fun |memory_model::choice_rf_2_30_2_22_F_65| () Bool
    false)
  (define-fun |memory_model::choice_rf_2_30_2_12_F_63| () Bool
    false)
  (define-fun |__CPROVER_deallocated#1$wclk$8| () Int
    (- 26))
  (define-fun |__CPROVER_next_thread_id#2$wclk$8| () Int
    (- 15))
  (define-fun |v#7| () (_ BitVec 32)
    #x02000000)
  (define-fun string.1 () (Array (_ BitVec 32) (_ BitVec 8))
    (let ((a!1 (store (store (store ((as const (Array (_ BitVec 32) (_ BitVec 8)))
                                  #x00)
                                #x00000000
                                #x42)
                         #x00000005
                         #x6f)
                  #x00000003
                  #x73)))
  (store (store (store (store a!1 #x00000001 #x69) #x00000004 #x68)
                #x00000006
                #x74)
         #x00000002
         #x67)))
  (define-fun |memory_model::choice_rf_2_16_2_12_F_47| () Bool
    true)
  (define-fun |symex_dynamic::dynamic_object1$wclk$8| () Int
    (- 5))
  (define-fun |__CPROVER_malloc_is_new_array#3$wclk$8| () Int
    (- 4))
  (define-fun |memory_model::choice_rf_0_24_0_12_F_37| () Bool
    false)
  (define-fun |memory_model::choice_rf_2_25_2_22_F_57| () Bool
    true)
  (define-fun |memory_model::choice_rf_2_10_2_0_F_42| () Bool
    true)
  (define-fun |__CPROVER_threads_exited#6| () (Array (_ BitVec 32) Bool)
    ((as const (Array (_ BitVec 32) Bool)) false))
  (define-fun |memory_model::choice_ws-ext_0_6_1_10_T_84| () Bool
    true)
  (define-fun |__CPROVER_malloc_object#2$rclk$8| () Int
    (- 9))
  (define-fun |memory_model::choice_rf_2_8_0_10_F_29| () Bool
    false)
  (define-fun |main::1::t2!0@1#3$rclk$8| () Int
    (- 5))
  (define-fun |memory_model::choice_rf_2_31_2_17_F_69| () Bool
    false)
  (define-fun |memory_model::choice_rf_2_6_0_10_F_25| () Bool
    false)
  (define-fun |symex_dynamic::dynamic_object1#12$wclk$8| () Int
    22)
  (define-fun |memory_model::choice_ws-ext_0_9_2_36_T_78| () Bool
    true)
  (define-fun |main::1::t2!0@1#3| () (_ BitVec 32)
    #x00000002)
  (define-fun |memory_model::choice_rf_2_15_2_12_F_45| () Bool
    true)
  (define-fun |memory_model::choice_rf_2_31_2_27_F_71| () Bool
    true)
  (define-fun |v#2$rclk$8| () Int
    1)
  (define-fun |memory_model::choice_rf_2_15_2_0_F_44| () Bool
    false)
  (define-fun |main::1::t2!0@1#1$wclk$8| () Int
    (- 16))
  (define-fun |memory_model::choice_rf_0_27_1_13_T_4| () Bool
    false)
  (define-fun |memory_model::choice_rf_0_25_0_22_F_40| () Bool
    true)
  (define-fun |symex_dynamic::dynamic_object1#11| () (Array (_ BitVec 32) (_ BitVec 8))
    (store (store (store ((as const (Array (_ BitVec 32) (_ BitVec 8))) #x00)
                     #x00000000
                     #x42)
              #x00000001
              #x69)
       #x00000002
       #x67))
  (define-fun |memory_model::choice_rf_0_20_0_7_T_12| () Bool
    false)
  (define-fun |memory_model::choice_rf_2_13_2_1_F_72| () Bool
    true)
  (define-fun |symex_dynamic::dynamic_object1#1$rclk$8| () Int
    5)
  (define-fun |symex_dynamic::dynamic_object1| () (Array (_ BitVec 32) (_ BitVec 8))
    (store ((as const (Array (_ BitVec 32) (_ BitVec 8))) #x00) #x00000001 #x08))
  (define-fun |memory_model::choice_rf_2_11_2_0_F_43| () Bool
    true)
  (define-fun |memory_model::choice_ws-ext_0_3_1_8_T_83| () Bool
    true)
  (define-fun |memory_model::choice_rf_2_20_2_17_F_50| () Bool
    true)
  (define-fun |__CPROVER_malloc_is_new_array#1$wclk$8| () Int
    (- 25))
  (define-fun |symex_dynamic::dynamic_object1#13$rclk$8| () Int
    25)
  (define-fun |symex::invalid_object5$wclk$8| () Int
    0)
  (define-fun |pthread_create::1::this_thread_id!2@0#0| () (_ BitVec 32)
    #x00000000)
  (define-fun |main::1::t1!0@1#2$wclk$8| () Int
    (- 14))
  (define-fun |memory_model::choice_rf_0_27_0_9_T_3| () Bool
    true)
  (define-fun |memory_model::choice_ws-ext_0_4_1_4_T_81| () Bool
    true)
  (define-fun |memory_model::choice_rf_0_29_0_0_F_41| () Bool
    true)
  (define-fun |memory_model::choice_rf_2_30_2_17_F_64| () Bool
    false)
  (define-fun |memory_model::choice_rf_0_25_0_12_F_39| () Bool
    false)
  (define-fun |symex_dynamic::dynamic_object1#7| () (Array (_ BitVec 32) (_ BitVec 8))
    (store (store ((as const (Array (_ BitVec 32) (_ BitVec 8))) #x00)
              #x00000000
              #x42)
       #x00000001
       #x69))
  (define-fun |__CPROVER_threads_exited#6$rclk$8| () Int
    30)
  (define-fun t1$23$spwnclk$8 () Int
    (- 6))
  (define-fun |symex_dynamic::dynamic_object1#14$rclk$8| () Int
    26)
  (define-fun |memory_model::choice_rf_0_17_0_11_F_35| () Bool
    false)
  (define-fun |v#7$rclk$8| () Int
    4)
  (define-fun |__CPROVER_threads_exited#7$wclk$8| () Int
    31)
  (define-fun |symex_dynamic::dynamic_object1#10$rclk$8| () Int
    20)
  (define-fun |__CPROVER_pipe_count#1$wclk$8| () Int
    (- 20))
  (define-fun |memory_model::choice_ws-ext_0_2_1_2_T_80| () Bool
    true)
  (define-fun |memory_model::choice_rf_2_25_2_12_F_55| () Bool
    false)
  (define-fun |v#4$rclk$8| () Int
    1)
  (define-fun |__CPROVER_malloc_is_new_array#2$rclk$8| () Int
    (- 5))
  (define-fun |symex_dynamic::dynamic_object1#13| () (Array (_ BitVec 32) (_ BitVec 8))
    (let ((a!1 (store (store (store ((as const (Array (_ BitVec 32) (_ BitVec 8)))
                                  #x00)
                                #x00000003
                                #x73)
                         #x00000000
                         #x42)
                  #x00000001
                  #x69)))
  (store a!1 #x00000002 #x67)))
  (define-fun |__CPROVER_memory_leak#2$rclk$8| () Int
    (- 3))
  (define-fun array_of.0 () (Array (_ BitVec 32) Bool)
    (lambda ((x!1 (_ BitVec 32))) (or (= x!1 #x00000002) (= x!1 #x00000001))))
  (define-fun |memory_model::choice_rf_0_24_0_22_F_38| () Bool
    true)
  (define-fun |symex_dynamic::dynamic_object1#6$wclk$8| () Int
    12)
  (define-fun |memory_model::choice_rf_2_18_2_2_F_73| () Bool
    true)
  (define-fun |__CPROVER_malloc_size#3$wclk$8| () Int
    (- 6))
  (define-fun |memory_model::choice_rf_2_30_2_27_F_66| () Bool
    true)
  (define-fun |memory_model::choice_rf_1_12_2_36_T_7| () Bool
    false)
  (define-fun |symex_dynamic::dynamic_object1#7$rclk$8| () Int
    15)
  (define-fun |memory_model::choice_rf_2_26_2_22_F_61| () Bool
    true)
  (define-fun |symex_dynamic::dynamic_object1#9$wclk$8| () Int
    17)
  (define-fun |symex::invalid_object4#2$wclk$8| () Int
    24)
  (define-fun |__CPROVER_malloc_object#1$wclk$8| () Int
    (- 24))
  (define-fun |memory_model::choice_rf_2_23_2_3_F_74| () Bool
    true)
  (define-fun |symex_dynamic::dynamic_object1#10| () (Array (_ BitVec 32) (_ BitVec 8))
    (store (store (store ((as const (Array (_ BitVec 32) (_ BitVec 8))) #x00)
                     #x00000000
                     #x42)
              #x00000001
              #x69)
       #x00000002
       #x67))
  (define-fun |symex::invalid_object2#2$wclk$8| () Int
    14)
  (define-fun |memory_model::choice_rf_1_12_0_9_T_6| () Bool
    true)
  (define-fun |memory_model::choice_rf_2_31_2_22_F_70| () Bool
    false)
  (define-fun |memory_model::choice_rf_0_16_0_14_F_34| () Bool
    true)
  (define-fun |memory_model::choice_ws-ext_1_13_2_36_T_79| () Bool
    false)
  (define-fun |__CPROVER_malloc_size#1$wclk$8| () Int
    (- 23))
  (define-fun |memory_model::choice_rf_2_7_1_11_F_28| () Bool
    true)
  (define-fun |symex::invalid_object2$wclk$8| () Int
    (- 3))
  (define-fun |symex_dynamic::dynamic_object1#4$rclk$8| () Int
    10)
  (define-fun |memory_model::choice_rf_2_20_2_12_F_49| () Bool
    false)
  (define-fun |__CPROVER_next_thread_id#9$rclk$8| () Int
    (- 3))
  (define-fun |memory_model::choice_ws-ext_0_10_1_11_F_85| () Bool
    true)
  (define-fun |memory_model::choice_rf_0_27_2_36_T_5| () Bool
    false)
  (define-fun |symex::invalid_object2#1$rclk$8| () Int
    13)
  (define-fun |main::1::t1!0@1#4| () (_ BitVec 32)
    #x00000001)
  (define-fun |__CPROVER_next_thread_id#1$wclk$8| () Int
    (- 21))
  (define-fun |symex_dynamic::dynamic_object1#5$rclk$8| () Int
    11)
  (define-fun |memory_model::choice_rf_2_21_2_17_F_53| () Bool
    true)
  (define-fun |symex::invalid_object5#2$wclk$8| () Int
    29)
  (define-fun |memory_model::choice_rf_2_16_2_0_F_46| () Bool
    false)
  (define-fun |v#6| () (_ BitVec 32)
    #x02000000)
  (define-fun |memory_model::choice_rf_2_9_0_10_F_31| () Bool
    false)
  (define-fun |symex::invalid_object3$wclk$8| () Int
    (- 2))
  (define-fun |__CPROVER_threads_exited#5$wclk$8| () Int
    32)
  (define-fun |__CPROVER_next_thread_id#3| () (_ BitVec 32)
    #x00000001)
  (define-fun |memory_model::choice_rf_0_26_0_7_T_14| () Bool
    false)
  (define-fun |main::1::t2!0@1#4$rclk$8| () Int
    (- 4))
  (define-fun |memory_model::choice_rf_0_16_0_11_F_33| () Bool
    false)
  (define-fun |symex_dynamic::dynamic_object1#2$rclk$8| () Int
    6)
  (define-fun |symex_dynamic::dynamic_object1#3$wclk$8| () Int
    7)
  (define-fun |symex_dynamic::dynamic_object1#14| () (Array (_ BitVec 32) (_ BitVec 8))
    (let ((a!1 (store (store (store ((as const (Array (_ BitVec 32) (_ BitVec 8)))
                                  #x00)
                                #x00000003
                                #x73)
                         #x00000000
                         #x42)
                  #x00000001
                  #x69)))
  (store a!1 #x00000002 #x67)))
  (define-fun |symex::invalid_object3#2$wclk$8| () Int
    19)
  (define-fun |__CPROVER_next_thread_id#8$wclk$8| () Int
    (- 8))
  (define-fun |memory_model::choice_rf_2_26_2_0_F_58| () Bool
    false)
  (define-fun |__CPROVER_threads_exited#4$rclk$8| () Int
    1)
  (define-fun |v#3$wclk$8| () Int
    0)
  (define-fun |__CPROVER_memory_leak#1$wclk$8| () Int
    (- 22))
  (define-fun |memory_model::choice_rf_2_26_2_12_F_59| () Bool
    false)
  (define-fun |symex_dynamic::dynamic_object1#8$rclk$8| () Int
    16)
  (define-fun |memory_model::choice_rf_0_19_0_9_T_0| () Bool
    true)
  (define-fun |memory_model::choice_rf_0_18_0_13_T_11| () Bool
    true)
  (define-fun |v#2| () (_ BitVec 32)
    #x02000000)
  (define-fun |__CPROVER_dead_object#1$wclk$8| () Int
    (- 27))
  (define-fun |symex::invalid_object0#1| () (_ BitVec 8)
    #xbd)
  (define-fun |symex::invalid_object0#1$rclk$8| () Int
    2)
  (define-fun |symex::invalid_object0$wclk$8| () Int
    (- 28))
  (define-fun |symex::invalid_object5| () (_ BitVec 8)
    #x00)
  (define-fun |symex::invalid_object5#1| () (_ BitVec 8)
    #x00)
  (define-fun |symex::invalid_object4| () (_ BitVec 8)
    #x00)
  (define-fun |symex::invalid_object4#1| () (_ BitVec 8)
    #x00)
  (define-fun |symex::invalid_object3| () (_ BitVec 8)
    #x00)
  (define-fun |symex::invalid_object3#1| () (_ BitVec 8)
    #x00)
  (define-fun |symex::invalid_object2| () (_ BitVec 8)
    #x00)
  (define-fun |symex::invalid_object2#1| () (_ BitVec 8)
    #x00)
  (define-fun |symex::invalid_object1| () (_ BitVec 8)
    #x00)
  (define-fun |symex::invalid_object1#1| () (_ BitVec 8)
    #x00)
  (define-fun |symex::invalid_object0| () (_ BitVec 8)
    #xbd)
  (define-fun |__CPROVER_next_thread_id#4$rclk$8| () Int
    (- 8))
  (define-fun |memory_model::choice_rf_1_9_0_6_T_22| () Bool
    true)
  (define-fun |__CPROVER_memory_leak#2| () (_ BitVec 32)
    #x00000000)
  (define-fun |memory_model::choice_rf_1_7_0_3_T_21| () Bool
    true)
  (define-fun |__CPROVER_malloc_is_new_array#2| () Bool
    false)
  (define-fun |memory_model::choice_rf_1_5_0_5_T_20| () Bool
    true)
  (define-fun |__CPROVER_malloc_size#2| () (_ BitVec 32)
    #x00000000)
  (define-fun |memory_model::choice_rf_1_3_0_4_T_19| () Bool
    true)
  (define-fun |__CPROVER_malloc_object#2| () (_ BitVec 32)
    #x00000000)
  (define-fun |memory_model::choice_rf_1_1_0_2_T_18| () Bool
    true)
  (define-fun |__CPROVER_deallocated#3| () (_ BitVec 32)
    #x00000000)
  (define-fun |memory_model::choice_rf_1_0_0_2_T_17| () Bool
    true)
  (define-fun |__CPROVER_deallocated#2| () (_ BitVec 32)
    #x00000000)
  (define-fun |strcpy::dst!2@1#1| () (_ BitVec 32)
    #x02000000)
  (define-fun |goto_symex::&92;guard#7| () Bool
    true)
  (define-fun |goto_symex::&92;guard#6| () Bool
    true)
  (define-fun |goto_symex::&92;guard#5| () Bool
    false)
  (define-fun |goto_symex::&92;guard#4| () Bool
    false)
  (define-fun |goto_symex::&92;guard#3| () Bool
    false)
  (define-fun |pthread_join::thread!0@2#1| () (_ BitVec 32)
    #x00000002)
  (define-fun |__CPROVER_next_thread_id#6| () (_ BitVec 32)
    #x00000002)
  (define-fun |goto_symex::&92;guard#2| () Bool
    false)
  (define-fun |goto_symex::&92;guard#1| () Bool
    false)
  (define-fun |pthread_join::thread!0@1#1| () (_ BitVec 32)
    #x00000001)
  (define-fun B179 () Bool
    false)
  (define-fun B178 () Bool
    false)
  (define-fun B177 () Bool
    true)
  (define-fun B176 () Bool
    true)
  (define-fun B175 () Bool
    true)
  (define-fun B174 () Bool
    true)
  (define-fun B173 () Bool
    true)
  (define-fun B172 () Bool
    true)
  (define-fun B171 () Bool
    false)
  (define-fun |strcpy::1::ch!2@1#1| () (_ BitVec 8)
    #x00)
  (define-fun B170 () Bool
    true)
  (define-fun |strcpy::1::i!2@1#1| () (_ BitVec 32)
    #x00000000)
  (define-fun B169 () Bool
    true)
  (define-fun |malloc::1::record_may_leak!1@1#1| () Bool
    false)
  (define-fun B168 () Bool
    true)
  (define-fun |malloc::1::record_malloc!1@1#1| () Bool
    false)
  (define-fun B167 () Bool
    true)
  (define-fun |malloc::$tmp::malloc_value$1!1@1#1| () (_ BitVec 32)
    #x00000000)
  (define-fun B166 () Bool
    true)
  (define-fun |malloc::1::malloc_res!1@1#1| () (_ BitVec 32)
    #x00000000)
  (define-fun B165 () Bool
    true)
  (define-fun |thread1::$tmp::return_value_malloc$1!1@1#1| () (_ BitVec 32)
    #x00000000)
  (define-fun B164 () Bool
    true)
  (define-fun |main::$tmp::::tmp_if_expr$1!0@1#1| () Bool
    false)
  (define-fun B163 () Bool
    true)
  (define-fun |pthread_create::1::this_thread_id!0@2#1| () (_ BitVec 32)
    #x00000000)
  (define-fun B162 () Bool
    true)
  (define-fun |pthread_create::1::this_thread_id!0@1#1| () (_ BitVec 32)
    #x00000000)
  (define-fun B161 () Bool
    true)
  (define-fun |main::1::t2!0@1#1| () (_ BitVec 32)
    #x00000000)
  (define-fun B160 () Bool
    true)
  (define-fun |main::1::t1!0@1#1| () (_ BitVec 32)
    #x00000000)
  (define-fun B159 () Bool
    true)
  (define-fun |__CPROVER_threads_exited#7| () (Array (_ BitVec 32) Bool)
    (store ((as const (Array (_ BitVec 32) Bool)) false) #x00000000 true))
  (define-fun |thread2#return_value!2#2| () (_ BitVec 32)
    #x00000000)
  (define-fun |strcpy::1::i!2@1#7| () (_ BitVec 32)
    #x00000005)
  (define-fun |symex::invalid_object5#2| () (_ BitVec 8)
    #x00)
  (define-fun |symex_dynamic::dynamic_object1#15| () (Array (_ BitVec 32) (_ BitVec 8))
    (let ((a!1 (store (store (store ((as const (Array (_ BitVec 32) (_ BitVec 8)))
                                  #x00)
                                #x00000003
                                #x73)
                         #x00000000
                         #x42)
                  #x00000001
                  #x69)))
  (store (store a!1 #x00000002 #x67) #x00000004 #x68)))
  (define-fun |strcpy::1::ch!2@1#6| () (_ BitVec 8)
    #x68)
  (define-fun |strcpy::1::i!2@1#6| () (_ BitVec 32)
    #x00000004)
  (define-fun |symex::invalid_object4#2| () (_ BitVec 8)
    #x00)
  (define-fun |symex_dynamic::dynamic_object1#12| () (Array (_ BitVec 32) (_ BitVec 8))
    (let ((a!1 (store (store (store ((as const (Array (_ BitVec 32) (_ BitVec 8)))
                                  #x00)
                                #x00000000
                                #x42)
                         #x00000001
                         #x69)
                  #x00000002
                  #x67)))
  (store a!1 #x00000003 #x73)))
  (define-fun |strcpy::1::ch!2@1#5| () (_ BitVec 8)
    #x73)
  (define-fun |strcpy::1::i!2@1#5| () (_ BitVec 32)
    #x00000003)
  (define-fun |symex::invalid_object3#2| () (_ BitVec 8)
    #x00)
  (define-fun |symex_dynamic::dynamic_object1#9| () (Array (_ BitVec 32) (_ BitVec 8))
    (store (store (store ((as const (Array (_ BitVec 32) (_ BitVec 8))) #x00)
                     #x00000000
                     #x42)
              #x00000001
              #x69)
       #x00000002
       #x67))
  (define-fun |strcpy::1::ch!2@1#4| () (_ BitVec 8)
    #x67)
  (define-fun |strcpy::1::i!2@1#4| () (_ BitVec 32)
    #x00000002)
  (define-fun |symex::invalid_object2#2| () (_ BitVec 8)
    #x00)
  (define-fun |symex_dynamic::dynamic_object1#6| () (Array (_ BitVec 32) (_ BitVec 8))
    (store (store ((as const (Array (_ BitVec 32) (_ BitVec 8))) #x00)
              #x00000000
              #x42)
       #x00000001
       #x69))
  (define-fun |strcpy::1::ch!2@1#3| () (_ BitVec 8)
    #x69)
  (define-fun |strcpy::1::i!2@1#3| () (_ BitVec 32)
    #x00000001)
  (define-fun |symex::invalid_object1#2| () (_ BitVec 8)
    #x00)
  (define-fun |symex_dynamic::dynamic_object1#3| () (Array (_ BitVec 32) (_ BitVec 8))
    (store (store ((as const (Array (_ BitVec 32) (_ BitVec 8))) #x00)
              #x00000001
              #x08)
       #x00000000
       #x42))
  (define-fun |strcpy::1::ch!2@1#2| () (_ BitVec 8)
    #x42)
  (define-fun |strcpy::1::i!2@1#2| () (_ BitVec 32)
    #x00000000)
  (define-fun |strcpy::src!2@1#1| () (_ BitVec 32)
    #x07000000)
  (define-fun |thread2::arg!2@1#1| () (_ BitVec 32)
    #x00000000)
  (define-fun |__CPROVER_thread_id!2#2| () (_ BitVec 32)
    #x00000000)
  (define-fun |__CPROVER_threads_exited#5| () (Array (_ BitVec 32) Bool)
    (store (store (store ((as const (Array (_ BitVec 32) Bool)) false)
                     #x00000001
                     true)
              #x00000002
              true)
       #x00000000
       true))
  (define-fun |thread1#return_value!1#2| () (_ BitVec 32)
    #x00000000)
  (define-fun |v#3| () (_ BitVec 32)
    #x02000000)
  (define-fun |thread1::$tmp::return_value_malloc$1!1@1#2| () (_ BitVec 32)
    #x02000000)
  (define-fun |malloc#return_value!1#2| () (_ BitVec 32)
    #x02000000)
  (define-fun |nondet_symex::nondet1| () Bool
    false)
  (define-fun |__CPROVER_memory_leak#3| () (_ BitVec 32)
    #x00000000)
  (define-fun |malloc::1::record_may_leak!1@1#2| () Bool
    false)
  (define-fun |nondet_symex::nondet0| () Bool
    false)
  (define-fun |__CPROVER_malloc_is_new_array#3| () Bool
    false)
  (define-fun |__CPROVER_malloc_size#3| () (_ BitVec 32)
    #x00000000)
  (define-fun |__CPROVER_malloc_object#3| () (_ BitVec 32)
    #x00000000)
  (define-fun |malloc::1::record_malloc!1@1#2| () Bool
    false)
  (define-fun |__CPROVER_deallocated#4| () (_ BitVec 32)
    #x00000000)
  (define-fun |malloc::1::malloc_res!1@1#2| () (_ BitVec 32)
    #x02000000)
  (define-fun |malloc::$tmp::malloc_value$1!1@1#2| () (_ BitVec 32)
    #x02000000)
  (define-fun |malloc::malloc_size!1@1#1| () (_ BitVec 32)
    #x00000008)
  (define-fun |thread1::arg!1@1#1| () (_ BitVec 32)
    #x00000000)
  (define-fun |__CPROVER_thread_id!1#2| () (_ BitVec 32)
    #x00000000)
  (define-fun |return'!0#1| () (_ BitVec 32)
    #x00000000)
  (define-fun |main#return_value!0#1| () (_ BitVec 32)
    #x00000000)
  (define-fun |__VERIFIER_assert::expression!0@1#1| () (_ BitVec 32)
    #x00000000)
  (define-fun |main::$tmp::::tmp_if_expr$1!0@1#5| () Bool
    false)
  (define-fun |main::$tmp::::tmp_if_expr$1!0@1#4| () Bool
    false)
  (define-fun |main::$tmp::::tmp_if_expr$1!0@1#3| () Bool
    false)
  (define-fun |main::$tmp::::tmp_if_expr$1!0@1#2| () Bool
    true)
  (define-fun |pthread_join#return_value!0#14| () (_ BitVec 32)
    #x00000000)
  (define-fun |pthread_join#return_value!0#13| () (_ BitVec 32)
    #x00000000)
  (define-fun |pthread_join#return_value!0#12| () (_ BitVec 32)
    #x00000000)
  (define-fun |pthread_join#return_value!0#11| () (_ BitVec 32)
    #x00000000)
  (define-fun |pthread_join#return_value!0#10| () (_ BitVec 32)
    #x00000023)
  (define-fun |pthread_join#return_value!0#9| () (_ BitVec 32)
    #x00000000)
  (define-fun |pthread_join#return_value!0#8| () (_ BitVec 32)
    #x00000003)
  (define-fun |pthread_join::value_ptr!0@2#1| () (_ BitVec 32)
    #x00000000)
  (define-fun |pthread_create#return_value!0#2| () (_ BitVec 32)
    #x00000000)
  (define-fun |__CPROVER_thread_id!2#1| () (_ BitVec 32)
    #x00000000)
  (define-fun |__CPROVER_rounding_mode!2#1| () (_ BitVec 32)
    #x00000000)
  (define-fun |main#return_value!2#1| () (_ BitVec 32)
    #x00000000)
  (define-fun |pthread_create#return_value!2#1| () (_ BitVec 32)
    #x00000000)
  (define-fun |pthread_join#return_value!2#1| () (_ BitVec 32)
    #x00000000)
  (define-fun |thread2#return_value!2#1| () (_ BitVec 32)
    #x00000000)
  (define-fun |thread1#return_value!2#1| () (_ BitVec 32)
    #x00000000)
  (define-fun |malloc#return_value!2#1| () (_ BitVec 32)
    #x00000000)
  (define-fun |strcpy#return_value!2#1| () (_ BitVec 32)
    #x00000000)
  (define-fun |pthread_create::arg!2@0#1| () (_ BitVec 32)
    #x00000000)
  (define-fun |pthread_create::start_routine!2@0#1| () (_ BitVec 32)
    #x06000000)
  (define-fun |pthread_create::attr!2@0#1| () (_ BitVec 32)
    #x00000000)
  (define-fun |pthread_create::thread!2@0#1| () (_ BitVec 32)
    #x05000000)
  (define-fun |main::1::t2!0@1#2| () (_ BitVec 32)
    #x00000002)
  (define-fun |pthread_create::1::this_thread_id!0@2#2| () (_ BitVec 32)
    #x00000002)
  (define-fun |__CPROVER_next_thread_id#8| () (_ BitVec 32)
    #x00000002)
  (define-fun |__CPROVER_next_thread_id#7| () (_ BitVec 32)
    #x00000002)
  (define-fun |__CPROVER_next_thread_id#5| () (_ BitVec 32)
    #x00000001)
  (define-fun |pthread_create::arg!0@2#1| () (_ BitVec 32)
    #x00000000)
  (define-fun |pthread_create::start_routine!0@2#1| () (_ BitVec 32)
    #x06000000)
  (define-fun |pthread_create::attr!0@2#1| () (_ BitVec 32)
    #x00000000)
  (define-fun |pthread_create::thread!0@2#1| () (_ BitVec 32)
    #x05000000)
  (define-fun |pthread_join#return_value!0#7| () (_ BitVec 32)
    #x00000000)
  (define-fun |pthread_join#return_value!0#6| () (_ BitVec 32)
    #x00000000)
  (define-fun |pthread_join#return_value!0#5| () (_ BitVec 32)
    #x00000000)
  (define-fun |pthread_join#return_value!0#0| () (_ BitVec 32)
    #x00000000)
  (define-fun |pthread_join#return_value!0#4| () (_ BitVec 32)
    #x00000000)
  (define-fun |pthread_join#return_value!0#3| () (_ BitVec 32)
    #x00000023)
  (define-fun |pthread_join#return_value!0#2| () (_ BitVec 32)
    #x00000000)
  (define-fun |pthread_join#return_value!0#1| () (_ BitVec 32)
    #x00000003)
  (define-fun |pthread_join::value_ptr!0@1#1| () (_ BitVec 32)
    #x00000000)
  (define-fun |pthread_create#return_value!0#1| () (_ BitVec 32)
    #x00000000)
  (define-fun |__CPROVER_thread_id!1#1| () (_ BitVec 32)
    #x00000000)
  (define-fun |__CPROVER_rounding_mode!1#1| () (_ BitVec 32)
    #x00000000)
  (define-fun |main#return_value!1#1| () (_ BitVec 32)
    #x00000000)
  (define-fun |pthread_create#return_value!1#1| () (_ BitVec 32)
    #x00000000)
  (define-fun |pthread_join#return_value!1#1| () (_ BitVec 32)
    #x00000000)
  (define-fun |thread2#return_value!1#1| () (_ BitVec 32)
    #x00000000)
  (define-fun |thread1#return_value!1#1| () (_ BitVec 32)
    #x00000000)
  (define-fun |malloc#return_value!1#1| () (_ BitVec 32)
    #x00000000)
  (define-fun |strcpy#return_value!1#1| () (_ BitVec 32)
    #x00000000)
  (define-fun |pthread_create::arg!1@0#1| () (_ BitVec 32)
    #x00000000)
  (define-fun |pthread_create::start_routine!1@0#1| () (_ BitVec 32)
    #x04000000)
  (define-fun |pthread_create::attr!1@0#1| () (_ BitVec 32)
    #x00000000)
  (define-fun |pthread_create::thread!1@0#1| () (_ BitVec 32)
    #x03000000)
  (define-fun |main::1::t1!0@1#2| () (_ BitVec 32)
    #x00000001)
  (define-fun |pthread_create::1::this_thread_id!0@1#2| () (_ BitVec 32)
    #x00000001)
  (define-fun |__CPROVER_next_thread_id#2| () (_ BitVec 32)
    #x00000001)
  (define-fun |pthread_create::arg!0@1#1| () (_ BitVec 32)
    #x00000000)
  (define-fun |pthread_create::start_routine!0@1#1| () (_ BitVec 32)
    #x04000000)
  (define-fun |pthread_create::attr!0@1#1| () (_ BitVec 32)
    #x00000000)
  (define-fun |pthread_create::thread!0@1#1| () (_ BitVec 32)
    #x03000000)
  (define-fun |v#1| () (_ BitVec 32)
    #x00000000)
  (define-fun |__CPROVER_threads_exited#1| () (Array (_ BitVec 32) Bool)
    (store (store ((as const (Array (_ BitVec 32) Bool)) false) #x00000001 true)
       #x00000002
       true))
  (define-fun |__CPROVER_thread_id!0#1| () (_ BitVec 32)
    #x00000000)
  (define-fun |__CPROVER_rounding_mode!0#1| () (_ BitVec 32)
    #x00000000)
  (define-fun |__CPROVER_pipe_count#1| () (_ BitVec 32)
    #x00000000)
  (define-fun |__CPROVER_next_thread_id#1| () (_ BitVec 32)
    #x00000000)
  (define-fun |__CPROVER_memory_leak#1| () (_ BitVec 32)
    #x00000000)
  (define-fun |__CPROVER_malloc_size#1| () (_ BitVec 32)
    #x00000000)
  (define-fun |__CPROVER_malloc_object#1| () (_ BitVec 32)
    #x00000000)
  (define-fun |__CPROVER_malloc_is_new_array#1| () Bool
    false)
  (define-fun |__CPROVER_deallocated#1| () (_ BitVec 32)
    #x00000000)
  (define-fun |__CPROVER_dead_object#1| () (_ BitVec 32)
    #x00000000)
  (define-fun B158 () Bool
    false)
  (define-fun B157 () Bool
    false)
  (define-fun B156 () Bool
    false)
  (define-fun B155 () Bool
    false)
  (define-fun B154 () Bool
    false)
  (define-fun B153 () Bool
    false)
  (define-fun B152 () Bool
    false)
  (define-fun B151 () Bool
    true)
  (define-fun B150 () Bool
    true)
  (define-fun B149 () Bool
    false)
  (define-fun B148 () Bool
    true)
  (define-fun B147 () Bool
    true)
  (define-fun B146 () Bool
    true)
  (define-fun B145 () Bool
    true)
  (define-fun B144 () Bool
    true)
  (define-fun B143 () Bool
    true)
  (define-fun B142 () Bool
    true)
  (define-fun B141 () Bool
    true)
  (define-fun B140 () Bool
    true)
  (define-fun B139 () Bool
    false)
  (define-fun B138 () Bool
    true)
  (define-fun B137 () Bool
    true)
  (define-fun B136 () Bool
    true)
  (define-fun B135 () Bool
    true)
  (define-fun B134 () Bool
    true)
  (define-fun B133 () Bool
    true)
  (define-fun B132 () Bool
    true)
  (define-fun B131 () Bool
    true)
  (define-fun B130 () Bool
    true)
  (define-fun B129 () Bool
    false)
  (define-fun B128 () Bool
    true)
  (define-fun B127 () Bool
    true)
  (define-fun B126 () Bool
    true)
  (define-fun B125 () Bool
    true)
  (define-fun B124 () Bool
    true)
  (define-fun B123 () Bool
    true)
  (define-fun B122 () Bool
    true)
  (define-fun B121 () Bool
    true)
  (define-fun B120 () Bool
    true)
  (define-fun B119 () Bool
    false)
  (define-fun B118 () Bool
    true)
  (define-fun B117 () Bool
    true)
  (define-fun B116 () Bool
    true)
  (define-fun B115 () Bool
    true)
  (define-fun B114 () Bool
    true)
  (define-fun B113 () Bool
    true)
  (define-fun B112 () Bool
    true)
  (define-fun B111 () Bool
    true)
  (define-fun B110 () Bool
    true)
  (define-fun B109 () Bool
    false)
  (define-fun B108 () Bool
    true)
  (define-fun B107 () Bool
    true)
  (define-fun B106 () Bool
    true)
  (define-fun B105 () Bool
    true)
  (define-fun B104 () Bool
    true)
  (define-fun B103 () Bool
    true)
  (define-fun B102 () Bool
    true)
  (define-fun B101 () Bool
    true)
  (define-fun B100 () Bool
    true)
  (define-fun B99 () Bool
    true)
  (define-fun B98 () Bool
    true)
  (define-fun B97 () Bool
    true)
  (define-fun B96 () Bool
    true)
  (define-fun B95 () Bool
    true)
  (define-fun B94 () Bool
    true)
  (define-fun B93 () Bool
    true)
  (define-fun B92 () Bool
    true)
  (define-fun B91 () Bool
    true)
  (define-fun B90 () Bool
    true)
  (define-fun B89 () Bool
    true)
  (define-fun B88 () Bool
    true)
  (define-fun B87 () Bool
    true)
  (define-fun B86 () Bool
    true)
  (define-fun B85 () Bool
    true)
  (define-fun B84 () Bool
    true)
  (define-fun B83 () Bool
    true)
  (define-fun B82 () Bool
    true)
  (define-fun B81 () Bool
    false)
  (define-fun B80 () Bool
    false)
  (define-fun B79 () Bool
    false)
  (define-fun B78 () Bool
    false)
  (define-fun B77 () Bool
    false)
  (define-fun B76 () Bool
    false)
  (define-fun B75 () Bool
    true)
  (define-fun B74 () Bool
    true)
  (define-fun B73 () Bool
    true)
  (define-fun B72 () Bool
    true)
  (define-fun B71 () Bool
    true)
  (define-fun B70 () Bool
    true)
  (define-fun B69 () Bool
    true)
  (define-fun B68 () Bool
    false)
  (define-fun B67 () Bool
    false)
  (define-fun B66 () Bool
    true)
  (define-fun B65 () Bool
    true)
  (define-fun B64 () Bool
    true)
  (define-fun B63 () Bool
    true)
  (define-fun B62 () Bool
    true)
  (define-fun B61 () Bool
    true)
  (define-fun B60 () Bool
    true)
  (define-fun B59 () Bool
    false)
  (define-fun B58 () Bool
    false)
  (define-fun B57 () Bool
    true)
  (define-fun B56 () Bool
    false)
  (define-fun B55 () Bool
    false)
  (define-fun B54 () Bool
    true)
  (define-fun B53 () Bool
    true)
  (define-fun B52 () Bool
    true)
  (define-fun B51 () Bool
    true)
  (define-fun B50 () Bool
    true)
  (define-fun B49 () Bool
    true)
  (define-fun B48 () Bool
    true)
  (define-fun B47 () Bool
    true)
  (define-fun B46 () Bool
    true)
  (define-fun B45 () Bool
    true)
  (define-fun B44 () Bool
    true)
  (define-fun B43 () Bool
    true)
  (define-fun B42 () Bool
    true)
  (define-fun B41 () Bool
    true)
  (define-fun B40 () Bool
    true)
  (define-fun B39 () Bool
    true)
  (define-fun B38 () Bool
    true)
  (define-fun B37 () Bool
    true)
  (define-fun B36 () Bool
    true)
  (define-fun B35 () Bool
    true)
  (define-fun B34 () Bool
    true)
  (define-fun B33 () Bool
    true)
  (define-fun B32 () Bool
    true)
  (define-fun B31 () Bool
    true)
  (define-fun B30 () Bool
    true)
  (define-fun B29 () Bool
    true)
  (define-fun B28 () Bool
    true)
  (define-fun B27 () Bool
    true)
  (define-fun B26 () Bool
    true)
  (define-fun B25 () Bool
    true)
  (define-fun B24 () Bool
    true)
  (define-fun B23 () Bool
    true)
  (define-fun B22 () Bool
    true)
  (define-fun B21 () Bool
    true)
  (define-fun B20 () Bool
    true)
  (define-fun B19 () Bool
    true)
  (define-fun B18 () Bool
    true)
  (define-fun B17 () Bool
    true)
  (define-fun B16 () Bool
    true)
  (define-fun B15 () Bool
    true)
  (define-fun B14 () Bool
    true)
  (define-fun B13 () Bool
    true)
  (define-fun B12 () Bool
    true)
  (define-fun B11 () Bool
    true)
  (define-fun B10 () Bool
    true)
  (define-fun B9 () Bool
    true)
  (define-fun B8 () Bool
    true)
  (define-fun B7 () Bool
    true)
  (define-fun B6 () Bool
    true)
  (define-fun B5 () Bool
    true)
  (define-fun B4 () Bool
    false)
  (define-fun B3 () Bool
    false)
  (define-fun B2 () Bool
    true)
  (define-fun B1 () Bool
    false)
  (define-fun B0 () Bool
    false)
  (define-fun |main::1::t1!0@1| () (_ BitVec 32)
    #x00000000)
  (define-fun |main::1::t2!0@1| () (_ BitVec 32)
    #x00000000)
  (define-fun k!21 ((x!0 (_ BitVec 32))) (_ BitVec 8)
    (ite (= x!0 #x00000000) #x42
    (ite (= x!0 #x00000001) #x69
    (ite (= x!0 #x00000002) #x67
      #x00))))
  (define-fun k!20 ((x!0 (_ BitVec 32))) (_ BitVec 8)
    (ite (= x!0 #x00000000) #x42
    (ite (= x!0 #x00000001) #x69
      #x00)))
  (define-fun k!22 ((x!0 (_ BitVec 32))) (_ BitVec 8)
    (ite (= x!0 #x00000003) #x73
    (ite (= x!0 #x00000000) #x42
    (ite (= x!0 #x00000001) #x69
    (ite (= x!0 #x00000002) #x67
      #x00)))))
  (define-fun k!19 ((x!0 (_ BitVec 32))) (_ BitVec 8)
    (ite (= x!0 #x00000000) #x42
    (ite (= x!0 #x00000001) #x08
      #x00)))
)
(:added-eqs                      999
 :arith-bound-propagations-cheap 17
 :arith-bound-propagations-lp    100
 :arith-lower                    143
 :arith-make-feasible            19
 :arith-max-columns              296
 :arith-max-rows                 215
 :arith-propagations             17
 :arith-upper                    56
 :array-ax1                      6
 :array-ax2                      27
 :array-def-store                4
 :array-exp-ax2                  6
 :array-ext-ax                   6
 :array-splits                   6
 :binary-propagations            606
 :bv-bit2core                    1982
 :bv-diseqs                      9
 :bv-dynamic-diseqs              26
 :bv->core-eq                    143
 :conflicts                      12
 :decisions                      370
 :del-clause                     663
 :eliminated-applications        13
 :eliminated-vars                24
 :final-checks                   5
 :max-memory                     6.20
 :memory                         3.69
 :minimized-lits                 49
 :mk-bool-var                    3175
 :mk-clause                      2009
 :num-allocs                     2921460
 :num-checks                     1
 :propagations                   1608
 :rlimit-count                   516007
 :time                           0.02
 :total-time                     0.08)

real	0m0.086s
user	0m0.079s
sys	0m0.007s
State: AC Run_time: 0.08771085739135742