num of guard = 19
num of elim = 29
num of guard = 19
num of elim = 5
unsat
(error "line 11861 column 17: model is not available")
(error "line 11862 column 17: model is not available")
(error "line 11863 column 18: model is not available")
(error "line 11864 column 19: model is not available")
(error "line 11865 column 19: model is not available")
(error "line 11866 column 19: model is not available")
(error "line 11867 column 19: model is not available")
(error "line 11868 column 19: model is not available")
(error "line 11869 column 19: model is not available")
(error "line 11870 column 19: model is not available")
(error "line 11871 column 19: model is not available")
(error "line 11872 column 19: model is not available")
(error "line 11873 column 19: model is not available")
(error "line 11874 column 18: model is not available")
(error "line 11875 column 19: model is not available")
(error "line 11876 column 19: model is not available")
(error "line 11877 column 19: model is not available")
(error "line 11878 column 19: model is not available")
(error "line 11879 column 19: model is not available")
(error "line 11880 column 19: model is not available")
(error "line 11881 column 19: model is not available")
(error "line 11882 column 19: model is not available")
(error "line 11883 column 19: model is not available")
(error "line 11884 column 19: model is not available")
(error "line 11885 column 18: model is not available")
(error "line 11886 column 19: model is not available")
(error "line 11887 column 19: model is not available")
(error "line 11888 column 19: model is not available")
(error "line 11889 column 19: model is not available")
(error "line 11890 column 19: model is not available")
(error "line 11891 column 19: model is not available")
(error "line 11892 column 19: model is not available")
(error "line 11893 column 19: model is not available")
(error "line 11894 column 19: model is not available")
(error "line 11895 column 19: model is not available")
(error "line 11896 column 18: model is not available")
(error "line 11897 column 19: model is not available")
(error "line 11898 column 19: model is not available")
(error "line 11899 column 19: model is not available")
(error "line 11900 column 19: model is not available")
(error "line 11901 column 19: model is not available")
(error "line 11902 column 19: model is not available")
(error "line 11903 column 19: model is not available")
(error "line 11904 column 19: model is not available")
(error "line 11905 column 19: model is not available")
(error "line 11906 column 19: model is not available")
(error "line 11907 column 18: model is not available")
(error "line 11908 column 19: model is not available")
(error "line 11909 column 19: model is not available")
(error "line 11910 column 19: model is not available")
(error "line 11911 column 19: model is not available")
(error "line 11912 column 19: model is not available")
(error "line 11913 column 19: model is not available")
(error "line 11914 column 19: model is not available")
(error "line 11915 column 19: model is not available")
(error "line 11916 column 19: model is not available")
(error "line 11917 column 19: model is not available")
(error "line 11918 column 18: model is not available")
(error "line 11919 column 19: model is not available")
(error "line 11920 column 19: model is not available")
(error "line 11921 column 19: model is not available")
(error "line 11922 column 19: model is not available")
(error "line 11923 column 19: model is not available")
(error "line 11924 column 19: model is not available")
(error "line 11925 column 19: model is not available")
(error "line 11926 column 19: model is not available")
(error "line 11927 column 19: model is not available")
(error "line 11928 column 19: model is not available")
(error "line 11929 column 18: model is not available")
(error "line 11930 column 19: model is not available")
(error "line 11931 column 19: model is not available")
(error "line 11932 column 19: model is not available")
(error "line 11933 column 19: model is not available")
(error "line 11934 column 19: model is not available")
(error "line 11935 column 19: model is not available")
(error "line 11936 column 19: model is not available")
(error "line 11937 column 19: model is not available")
(error "line 11938 column 19: model is not available")
(error "line 11939 column 19: model is not available")
(error "line 11940 column 18: model is not available")
(error "line 11941 column 19: model is not available")
(error "line 11942 column 19: model is not available")
(error "line 11943 column 19: model is not available")
(error "line 11944 column 19: model is not available")
(error "line 11945 column 19: model is not available")
(error "line 11946 column 19: model is not available")
(error "line 11947 column 19: model is not available")
(error "line 11948 column 19: model is not available")
(error "line 11949 column 19: model is not available")
(error "line 11950 column 19: model is not available")
(error "line 11951 column 18: model is not available")
(error "line 11952 column 19: model is not available")
(error "line 11953 column 19: model is not available")
(error "line 11954 column 19: model is not available")
(error "line 11955 column 19: model is not available")
(error "line 11956 column 19: model is not available")
(error "line 11957 column 19: model is not available")
(error "line 11958 column 19: model is not available")
(error "line 11959 column 19: model is not available")
(error "line 11960 column 19: model is not available")
(error "line 11961 column 19: model is not available")
(error "line 11962 column 18: model is not available")
(error "line 11963 column 19: model is not available")
(error "line 11964 column 19: model is not available")
(error "line 11965 column 19: model is not available")
(error "line 11966 column 19: model is not available")
(error "line 11967 column 19: model is not available")
(error "line 11968 column 19: model is not available")
(error "line 11969 column 19: model is not available")
(error "line 11970 column 19: model is not available")
(error "line 11971 column 19: model is not available")
(error "line 11972 column 19: model is not available")
(error "line 11973 column 17: model is not available")
(error "line 11974 column 18: model is not available")
(error "line 11975 column 19: model is not available")
(error "line 11976 column 19: model is not available")
(error "line 11977 column 19: model is not available")
(error "line 11978 column 19: model is not available")
(error "line 11979 column 19: model is not available")
(error "line 11980 column 19: model is not available")
(error "line 11981 column 19: model is not available")
(error "line 11982 column 19: model is not available")
(error "line 11983 column 19: model is not available")
(error "line 11984 column 19: model is not available")
(error "line 11985 column 18: model is not available")
(error "line 11986 column 19: model is not available")
(error "line 11987 column 19: model is not available")
(error "line 11988 column 19: model is not available")
(error "line 11989 column 19: model is not available")
(error "line 11990 column 19: model is not available")
(error "line 11991 column 19: model is not available")
(error "line 11992 column 19: model is not available")
(error "line 11993 column 19: model is not available")
(error "line 11994 column 19: model is not available")
(error "line 11995 column 19: model is not available")
(error "line 11996 column 18: model is not available")
(error "line 11997 column 19: model is not available")
(error "line 11998 column 19: model is not available")
(error "line 11999 column 19: model is not available")
(error "line 12000 column 19: model is not available")
(error "line 12001 column 19: model is not available")
(error "line 12002 column 19: model is not available")
(error "line 12003 column 19: model is not available")
(error "line 12004 column 19: model is not available")
(error "line 12005 column 19: model is not available")
(error "line 12006 column 19: model is not available")
(error "line 12007 column 18: model is not available")
(error "line 12008 column 19: model is not available")
(error "line 12009 column 19: model is not available")
(error "line 12010 column 19: model is not available")
(error "line 12011 column 19: model is not available")
(error "line 12012 column 19: model is not available")
(error "line 12013 column 19: model is not available")
(error "line 12014 column 19: model is not available")
(error "line 12015 column 19: model is not available")
(error "line 12016 column 19: model is not available")
(error "line 12017 column 19: model is not available")
(error "line 12018 column 18: model is not available")
(error "line 12019 column 19: model is not available")
(error "line 12020 column 19: model is not available")
(error "line 12021 column 19: model is not available")
(error "line 12022 column 19: model is not available")
(error "line 12023 column 19: model is not available")
(error "line 12024 column 19: model is not available")
(error "line 12025 column 19: model is not available")
(error "line 12026 column 19: model is not available")
(error "line 12027 column 19: model is not available")
(error "line 12028 column 19: model is not available")
(error "line 12029 column 18: model is not available")
(error "line 12030 column 19: model is not available")
(error "line 12031 column 19: model is not available")
(error "line 12032 column 19: model is not available")
(error "line 12033 column 19: model is not available")
(error "line 12034 column 19: model is not available")
(error "line 12035 column 19: model is not available")
(error "line 12036 column 19: model is not available")
(error "line 12037 column 19: model is not available")
(error "line 12038 column 19: model is not available")
(error "line 12039 column 19: model is not available")
(error "line 12040 column 18: model is not available")
(error "line 12041 column 19: model is not available")
(error "line 12042 column 19: model is not available")
(error "line 12043 column 19: model is not available")
(error "line 12044 column 19: model is not available")
(error "line 12045 column 19: model is not available")
(error "line 12046 column 19: model is not available")
(error "line 12047 column 19: model is not available")
(error "line 12048 column 19: model is not available")
(error "line 12049 column 19: model is not available")
(error "line 12050 column 19: model is not available")
(error "line 12051 column 18: model is not available")
(error "line 12052 column 19: model is not available")
(error "line 12053 column 19: model is not available")
(error "line 12054 column 19: model is not available")
(error "line 12055 column 19: model is not available")
(error "line 12056 column 19: model is not available")
(error "line 12057 column 19: model is not available")
(error "line 12058 column 19: model is not available")
(error "line 12059 column 19: model is not available")
(error "line 12060 column 19: model is not available")
(error "line 12061 column 19: model is not available")
(error "line 12062 column 18: model is not available")
(error "line 12063 column 19: model is not available")
(error "line 12064 column 19: model is not available")
(error "line 12065 column 19: model is not available")
(error "line 12066 column 19: model is not available")
(error "line 12067 column 19: model is not available")
(error "line 12068 column 19: model is not available")
(error "line 12069 column 19: model is not available")
(error "line 12070 column 19: model is not available")
(error "line 12071 column 19: model is not available")
(error "line 12072 column 19: model is not available")
(error "line 12073 column 18: model is not available")
(error "line 12074 column 19: model is not available")
(error "line 12075 column 19: model is not available")
(error "line 12076 column 19: model is not available")
(error "line 12077 column 19: model is not available")
(error "line 12078 column 19: model is not available")
(error "line 12079 column 19: model is not available")
(error "line 12080 column 19: model is not available")
(error "line 12081 column 19: model is not available")
(error "line 12082 column 19: model is not available")
(error "line 12083 column 19: model is not available")
(error "line 12084 column 17: model is not available")
(error "line 12085 column 18: model is not available")
(error "line 12086 column 19: model is not available")
(error "line 12087 column 19: model is not available")
(error "line 12088 column 19: model is not available")
(error "line 12089 column 19: model is not available")
(error "line 12090 column 19: model is not available")
(error "line 12091 column 19: model is not available")
(error "line 12092 column 19: model is not available")
(error "line 12093 column 19: model is not available")
(error "line 12094 column 19: model is not available")
(error "line 12095 column 19: model is not available")
(error "line 12096 column 18: model is not available")
(error "line 12097 column 19: model is not available")
(error "line 12098 column 19: model is not available")
(error "line 12099 column 19: model is not available")
(error "line 12100 column 19: model is not available")
(error "line 12101 column 19: model is not available")
(error "line 12102 column 19: model is not available")
(error "line 12103 column 19: model is not available")
(error "line 12104 column 19: model is not available")
(error "line 12105 column 19: model is not available")
(error "line 12106 column 19: model is not available")
(error "line 12107 column 18: model is not available")
(error "line 12108 column 19: model is not available")
(error "line 12109 column 19: model is not available")
(error "line 12110 column 19: model is not available")
(error "line 12111 column 19: model is not available")
(error "line 12112 column 19: model is not available")
(error "line 12113 column 19: model is not available")
(error "line 12114 column 19: model is not available")
(error "line 12115 column 19: model is not available")
(error "line 12116 column 19: model is not available")
(error "line 12117 column 19: model is not available")
(error "line 12118 column 18: model is not available")
(error "line 12119 column 19: model is not available")
(error "line 12120 column 19: model is not available")
(error "line 12121 column 19: model is not available")
(error "line 12122 column 19: model is not available")
(error "line 12123 column 19: model is not available")
(error "line 12124 column 19: model is not available")
(error "line 12125 column 19: model is not available")
(error "line 12126 column 19: model is not available")
(error "line 12127 column 19: model is not available")
(error "line 12128 column 19: model is not available")
(error "line 12129 column 18: model is not available")
(error "line 12130 column 19: model is not available")
(error "line 12131 column 19: model is not available")
(error "line 12132 column 19: model is not available")
(error "line 12133 column 19: model is not available")
(error "line 12134 column 19: model is not available")
(error "line 12135 column 19: model is not available")
(error "line 12136 column 19: model is not available")
(error "line 12137 column 19: model is not available")
(error "line 12138 column 19: model is not available")
(error "line 12139 column 19: model is not available")
(error "line 12140 column 18: model is not available")
(error "line 12141 column 19: model is not available")
(error "line 12142 column 19: model is not available")
(error "line 12143 column 19: model is not available")
(error "line 12144 column 19: model is not available")
(error "line 12145 column 19: model is not available")
(error "line 12146 column 19: model is not available")
(error "line 12147 column 19: model is not available")
(error "line 12148 column 19: model is not available")
(error "line 12149 column 19: model is not available")
(error "line 12150 column 19: model is not available")
(error "line 12151 column 18: model is not available")
(error "line 12152 column 19: model is not available")
(error "line 12153 column 19: model is not available")
(error "line 12154 column 19: model is not available")
(error "line 12155 column 19: model is not available")
(error "line 12156 column 19: model is not available")
(error "line 12157 column 19: model is not available")
(error "line 12158 column 19: model is not available")
(error "line 12159 column 19: model is not available")
(error "line 12160 column 19: model is not available")
(error "line 12161 column 19: model is not available")
(error "line 12162 column 18: model is not available")
(error "line 12163 column 19: model is not available")
(error "line 12164 column 19: model is not available")
(error "line 12165 column 19: model is not available")
(error "line 12166 column 19: model is not available")
(error "line 12167 column 19: model is not available")
(error "line 12168 column 19: model is not available")
(error "line 12169 column 19: model is not available")
(error "line 12170 column 19: model is not available")
(error "line 12171 column 19: model is not available")
(error "line 12172 column 19: model is not available")
(error "line 12173 column 18: model is not available")
(error "line 12174 column 19: model is not available")
(error "line 12175 column 19: model is not available")
(error "line 12176 column 19: model is not available")
(error "line 12177 column 19: model is not available")
(error "line 12178 column 19: model is not available")
(error "line 12179 column 19: model is not available")
(error "line 12180 column 19: model is not available")
(error "line 12181 column 19: model is not available")
(error "line 12182 column 19: model is not available")
(error "line 12183 column 19: model is not available")
(error "line 12184 column 18: model is not available")
(error "line 12185 column 19: model is not available")
(error "line 12186 column 19: model is not available")
(error "line 12187 column 19: model is not available")
(error "line 12188 column 19: model is not available")
(error "line 12189 column 19: model is not available")
(error "line 12190 column 19: model is not available")
(error "line 12191 column 19: model is not available")
(error "line 12192 column 19: model is not available")
(error "line 12193 column 19: model is not available")
(error "line 12194 column 19: model is not available")
(error "line 12195 column 17: model is not available")
(error "line 12196 column 18: model is not available")
(error "line 12197 column 19: model is not available")
(error "line 12198 column 19: model is not available")
(error "line 12199 column 19: model is not available")
(error "line 12200 column 19: model is not available")
(error "line 12201 column 19: model is not available")
(error "line 12202 column 19: model is not available")
(error "line 12203 column 19: model is not available")
(error "line 12204 column 19: model is not available")
(error "line 12205 column 19: model is not available")
(error "line 12206 column 19: model is not available")
(error "line 12207 column 18: model is not available")
(error "line 12208 column 19: model is not available")
(error "line 12209 column 19: model is not available")
(error "line 12210 column 19: model is not available")
(error "line 12211 column 19: model is not available")
(error "line 12212 column 19: model is not available")
(error "line 12213 column 19: model is not available")
(error "line 12214 column 19: model is not available")
(error "line 12215 column 19: model is not available")
(error "line 12216 column 19: model is not available")
(error "line 12217 column 19: model is not available")
(error "line 12218 column 18: model is not available")
(error "line 12219 column 19: model is not available")
(error "line 12220 column 19: model is not available")
(error "line 12221 column 19: model is not available")
(error "line 12222 column 19: model is not available")
(error "line 12223 column 19: model is not available")
(error "line 12224 column 19: model is not available")
(error "line 12225 column 19: model is not available")
(error "line 12226 column 19: model is not available")
(error "line 12227 column 19: model is not available")
(error "line 12228 column 19: model is not available")
(error "line 12229 column 18: model is not available")
(error "line 12230 column 19: model is not available")
(error "line 12231 column 19: model is not available")
(error "line 12232 column 19: model is not available")
(error "line 12233 column 19: model is not available")
(error "line 12234 column 19: model is not available")
(error "line 12235 column 19: model is not available")
(error "line 12236 column 19: model is not available")
(error "line 12237 column 19: model is not available")
(error "line 12238 column 19: model is not available")
(error "line 12239 column 19: model is not available")
(error "line 12240 column 18: model is not available")
(error "line 12241 column 19: model is not available")
(error "line 12242 column 19: model is not available")
(error "line 12243 column 19: model is not available")
(error "line 12244 column 19: model is not available")
(error "line 12245 column 19: model is not available")
(error "line 12246 column 19: model is not available")
(error "line 12247 column 19: model is not available")
(error "line 12248 column 19: model is not available")
(error "line 12249 column 19: model is not available")
(error "line 12250 column 18: model is not available")
(error "line 12251 column 18: model is not available")
(error "line 12252 column 18: model is not available")
(error "line 12253 column 18: model is not available")
(error "line 12254 column 18: model is not available")
(error "line 12255 column 17: model is not available")
(error "line 12256 column 18: model is not available")
(error "line 12257 column 18: model is not available")
(error "line 12258 column 18: model is not available")
(error "line 12259 column 18: model is not available")
(error "line 12260 column 18: model is not available")
(error "line 12261 column 18: model is not available")
(error "line 12262 column 18: model is not available")
(error "line 12263 column 18: model is not available")
(error "line 12264 column 18: model is not available")
(error "line 12265 column 18: model is not available")
(error "line 12266 column 17: model is not available")
(error "line 12267 column 18: model is not available")
(error "line 12268 column 18: model is not available")
(error "line 12269 column 18: model is not available")
(error "line 12270 column 18: model is not available")
(error "line 12271 column 18: model is not available")
(error "line 12272 column 18: model is not available")
(error "line 12273 column 18: model is not available")
(error "line 12274 column 18: model is not available")
(error "line 12275 column 18: model is not available")
(error "line 12276 column 18: model is not available")
(error "line 12277 column 17: model is not available")
(error "line 12278 column 18: model is not available")
(error "line 12279 column 18: model is not available")
(error "line 12280 column 18: model is not available")
(error "line 12281 column 18: model is not available")
(error "line 12282 column 18: model is not available")
(error "line 12283 column 18: model is not available")
(error "line 12284 column 18: model is not available")
(error "line 12285 column 18: model is not available")
(error "line 12286 column 18: model is not available")
(error "line 12287 column 18: model is not available")
(error "line 12288 column 17: model is not available")
(error "line 12289 column 18: model is not available")
(error "line 12290 column 18: model is not available")
(error "line 12291 column 18: model is not available")
(error "line 12292 column 18: model is not available")
(error "line 12293 column 18: model is not available")
(error "line 12294 column 18: model is not available")
(error "line 12295 column 18: model is not available")
(error "line 12296 column 18: model is not available")
(error "line 12297 column 18: model is not available")
(error "line 12298 column 18: model is not available")
(error "line 12299 column 17: model is not available")
(error "line 12300 column 18: model is not available")
(error "line 12301 column 18: model is not available")
(error "line 12302 column 18: model is not available")
(error "line 12303 column 18: model is not available")
(error "line 12304 column 18: model is not available")
(error "line 12305 column 18: model is not available")
(error "line 12306 column 18: model is not available")
(error "line 12307 column 18: model is not available")
(error "line 12308 column 18: model is not available")
(error "line 12309 column 18: model is not available")
(error "line 12310 column 38: model is not available")
(error "line 12311 column 45: model is not available")
(error "line 12312 column 38: model is not available")
(error "line 12313 column 45: model is not available")
(error "line 12314 column 46: model is not available")
(error "line 12315 column 53: model is not available")
(error "line 12316 column 40: model is not available")
(error "line 12317 column 47: model is not available")
(error "line 12318 column 38: model is not available")
(error "line 12319 column 45: model is not available")
(error "line 12320 column 38: model is not available")
(error "line 12321 column 45: model is not available")
(error "line 12322 column 41: model is not available")
(error "line 12323 column 48: model is not available")
(error "line 12324 column 41: model is not available")
(error "line 12325 column 48: model is not available")
(error "line 12326 column 41: model is not available")
(error "line 12327 column 48: model is not available")
(error "line 12328 column 41: model is not available")
(error "line 12329 column 41: model is not available")
(error "line 12330 column 48: model is not available")
(error "line 12331 column 41: model is not available")
(error "line 12332 column 48: model is not available")
(error "line 12333 column 41: model is not available")
(error "line 12334 column 48: model is not available")
(error "line 12335 column 37: model is not available")
(error "line 12336 column 44: model is not available")
(error "line 12337 column 42: model is not available")
(error "line 12338 column 42: model is not available")
(error "line 12339 column 42: model is not available")
(error "line 12340 column 38: model is not available")
(error "line 12341 column 38: model is not available")
(error "line 12342 column 38: model is not available")
(error "line 12343 column 38: model is not available")
(error "line 12344 column 38: model is not available")
(error "line 12345 column 41: model is not available")
(error "line 12346 column 48: model is not available")
(error "line 12347 column 41: model is not available")
(error "line 12348 column 48: model is not available")
(error "line 12349 column 41: model is not available")
(error "line 12350 column 48: model is not available")
(error "line 12351 column 54: model is not available")
(error "line 12352 column 54: model is not available")
(error "line 12353 column 18: model is not available")
(error "line 12354 column 20: model is not available")
(error "line 12355 column 27: model is not available")
(error "line 12356 column 21: model is not available")
(error "line 12357 column 28: model is not available")
(error "line 12358 column 20: model is not available")
(error "line 12359 column 27: model is not available")
(error "line 12360 column 20: model is not available")
(error "line 12361 column 27: model is not available")
(error "line 12362 column 20: model is not available")
(error "line 12363 column 27: model is not available")
(error "line 12364 column 20: model is not available")
(error "line 12365 column 27: model is not available")
(error "line 12366 column 20: model is not available")
(error "line 12367 column 27: model is not available")
(error "line 12368 column 20: model is not available")
(error "line 12369 column 27: model is not available")
(error "line 12370 column 20: model is not available")
(error "line 12371 column 27: model is not available")
(error "line 12372 column 20: model is not available")
(error "line 12373 column 27: model is not available")
(error "line 12374 column 21: model is not available")
(error "line 12375 column 28: model is not available")
(error "line 12376 column 39: model is not available")
(error "line 12377 column 40: model is not available")
(error "line 12378 column 39: model is not available")
(error "line 12379 column 39: model is not available")
(error "line 12380 column 39: model is not available")
(error "line 12381 column 39: model is not available")
(error "line 12382 column 39: model is not available")
(error "line 12383 column 39: model is not available")
(error "line 12384 column 39: model is not available")
(error "line 12385 column 39: model is not available")
(error "line 12386 column 39: model is not available")
(error "line 12387 column 40: model is not available")
(error "line 12388 column 40: model is not available")
(error "line 12389 column 40: model is not available")
(error "line 12390 column 40: model is not available")
(error "line 12391 column 39: model is not available")
(error "line 12392 column 39: model is not available")
(error "line 12393 column 39: model is not available")
(error "line 12394 column 39: model is not available")
(error "line 12395 column 39: model is not available")
(error "line 12396 column 39: model is not available")
(error "line 12397 column 39: model is not available")
(error "line 12398 column 39: model is not available")
(error "line 12399 column 38: model is not available")
(error "line 12400 column 39: model is not available")
(error "line 12401 column 39: model is not available")
(error "line 12402 column 39: model is not available")
(error "line 12403 column 39: model is not available")
(error "line 12404 column 39: model is not available")
(error "line 12405 column 39: model is not available")
(error "line 12406 column 39: model is not available")
(error "line 12407 column 39: model is not available")
(error "line 12408 column 39: model is not available")
(error "line 12409 column 39: model is not available")
(error "line 12410 column 38: model is not available")
(error "line 12411 column 39: model is not available")
(error "line 12412 column 39: model is not available")
(error "line 12413 column 38: model is not available")
(error "line 12414 column 38: model is not available")
(error "line 12415 column 38: model is not available")
(error "line 12416 column 38: model is not available")
(error "line 12417 column 38: model is not available")
(error "line 12418 column 38: model is not available")
(error "line 12419 column 38: model is not available")
(error "line 12420 column 16: model is not available")
(error "line 12421 column 18: model is not available")
(error "line 12422 column 25: model is not available")
(error "line 12423 column 19: model is not available")
(error "line 12424 column 19: model is not available")
(error "line 12425 column 26: model is not available")
(error "line 12426 column 19: model is not available")
(error "line 12427 column 26: model is not available")
(error "line 12428 column 19: model is not available")
(error "line 12429 column 19: model is not available")
(error "line 12430 column 26: model is not available")
(error "line 12431 column 19: model is not available")
(error "line 12432 column 26: model is not available")
(error "line 12433 column 19: model is not available")
(error "line 12434 column 19: model is not available")
(error "line 12435 column 26: model is not available")
(error "line 12436 column 19: model is not available")
(error "line 12437 column 26: model is not available")
(error "line 12438 column 19: model is not available")
(error "line 12439 column 18: model is not available")
(error "line 12440 column 25: model is not available")
(error "line 12441 column 19: model is not available")
(error "line 12442 column 26: model is not available")
(error "line 12443 column 19: model is not available")
(error "line 12444 column 26: model is not available")
(error "line 12445 column 19: model is not available")
(error "line 12446 column 19: model is not available")
(error "line 12447 column 26: model is not available")
(error "line 12448 column 19: model is not available")
(error "line 12449 column 26: model is not available")
(error "line 12450 column 19: model is not available")
(error "line 12451 column 19: model is not available")
(error "line 12452 column 26: model is not available")
(error "line 12453 column 19: model is not available")
(error "line 12454 column 26: model is not available")
(error "line 12455 column 19: model is not available")
(error "line 12456 column 19: model is not available")
(error "line 12457 column 26: model is not available")
(error "line 12458 column 18: model is not available")
(error "line 12459 column 25: model is not available")
(error "line 12460 column 19: model is not available")
(error "line 12461 column 26: model is not available")
(error "line 12462 column 19: model is not available")
(error "line 12463 column 19: model is not available")
(error "line 12464 column 26: model is not available")
(error "line 12465 column 19: model is not available")
(error "line 12466 column 26: model is not available")
(error "line 12467 column 19: model is not available")
(error "line 12468 column 19: model is not available")
(error "line 12469 column 26: model is not available")
(error "line 12470 column 19: model is not available")
(error "line 12471 column 26: model is not available")
(error "line 12472 column 19: model is not available")
(error "line 12473 column 19: model is not available")
(error "line 12474 column 26: model is not available")
(error "line 12475 column 18: model is not available")
(error "line 12476 column 18: model is not available")
(error "line 12477 column 25: model is not available")
(error "line 12478 column 18: model is not available")
(error "line 12479 column 25: model is not available")
(error "line 12480 column 18: model is not available")
(error "line 12481 column 18: model is not available")
(error "line 12482 column 25: model is not available")
(error "line 12483 column 18: model is not available")
(error "line 12484 column 25: model is not available")
(error "line 12485 column 36: model is not available")
(error "line 12486 column 36: model is not available")
(error "line 12487 column 36: model is not available")
(error "line 12488 column 31: model is not available")
(error "line 12489 column 33: model is not available")
(error "line 12490 column 40: model is not available")
(error "line 12491 column 33: model is not available")
(error "line 12492 column 40: model is not available")
(error "line 12493 column 33: model is not available")
(error "line 12494 column 40: model is not available")
(error "line 12495 column 33: model is not available")
(error "line 12496 column 40: model is not available")
(error "line 12497 column 31: model is not available")
(error "line 12498 column 33: model is not available")
(error "line 12499 column 40: model is not available")
(error "line 12500 column 33: model is not available")
(error "line 12501 column 40: model is not available")
(error "line 12502 column 33: model is not available")
(error "line 12503 column 40: model is not available")
(error "line 12504 column 33: model is not available")
(error "line 12505 column 40: model is not available")
(error "line 12506 column 52: model is not available")
(error "line 12507 column 51: model is not available")
(error "line 12508 column 54: model is not available")
(error "line 12509 column 54: model is not available")
(error "line 12510 column 54: model is not available")
(error "line 12511 column 54: model is not available")
(error "line 12512 column 52: model is not available")
(error "line 12513 column 52: model is not available")
(error "line 12514 column 51: model is not available")
(error "line 12515 column 51: model is not available")
(error "line 12516 column 54: model is not available")
(error "line 12517 column 54: model is not available")
(error "line 12518 column 54: model is not available")
(error "line 12519 column 54: model is not available")
(error "line 12520 column 52: model is not available")
(error "line 12521 column 52: model is not available")
(error "line 12522 column 51: model is not available")
(error "line 12523 column 51: model is not available")
(error "line 12524 column 53: model is not available")
(error "line 12525 column 53: model is not available")
(error "line 12526 column 53: model is not available")
(error "line 12527 column 53: model is not available")
(error "line 12528 column 52: model is not available")
(error "line 12529 column 53: model is not available")
(error "line 12530 column 53: model is not available")
(error "line 12531 column 52: model is not available")
(error "line 12532 column 54: model is not available")
(error "line 12533 column 54: model is not available")
(error "line 12534 column 53: model is not available")
(error "line 12535 column 53: model is not available")
(error "line 12536 column 54: model is not available")
(error "line 12537 column 54: model is not available")
(error "line 12538 column 53: model is not available")
(error "line 12539 column 54: model is not available")
(error "line 12540 column 54: model is not available")
(error "line 12541 column 53: model is not available")
(error "line 12542 column 53: model is not available")
(error "line 12543 column 52: model is not available")
(error "line 12544 column 53: model is not available")
(error "line 12545 column 53: model is not available")
(error "line 12546 column 52: model is not available")
(error "line 12547 column 53: model is not available")
(error "line 12548 column 52: model is not available")
(error "line 12549 column 53: model is not available")
(error "line 12550 column 53: model is not available")
(error "line 12551 column 52: model is not available")
(error "line 12552 column 53: model is not available")
(error "line 12553 column 53: model is not available")
(error "line 12554 column 53: model is not available")
(error "line 12555 column 52: model is not available")
(error "line 12556 column 53: model is not available")
(error "line 12557 column 53: model is not available")
(error "line 12558 column 52: model is not available")
(error "line 12559 column 54: model is not available")
(error "line 12560 column 54: model is not available")
(error "line 12561 column 54: model is not available")
(error "line 12562 column 53: model is not available")
(error "line 12563 column 53: model is not available")
(error "line 12564 column 54: model is not available")
(error "line 12565 column 54: model is not available")
(error "line 12566 column 53: model is not available")
(error "line 12567 column 54: model is not available")
(error "line 12568 column 54: model is not available")
(error "line 12569 column 53: model is not available")
(error "line 12570 column 54: model is not available")
(error "line 12571 column 54: model is not available")
(error "line 12572 column 54: model is not available")
(error "line 12573 column 54: model is not available")
(error "line 12574 column 53: model is not available")
(error "line 12575 column 53: model is not available")
(error "line 12576 column 54: model is not available")
(error "line 12577 column 54: model is not available")
(error "line 12578 column 53: model is not available")
(error "line 12579 column 54: model is not available")
(error "line 12580 column 54: model is not available")
(error "line 12581 column 53: model is not available")
(error "line 12582 column 53: model is not available")
(error "line 12583 column 53: model is not available")
(error "line 12584 column 52: model is not available")
(error "line 12585 column 53: model is not available")
(error "line 12586 column 53: model is not available")
(error "line 12587 column 52: model is not available")
(error "line 12588 column 53: model is not available")
(error "line 12589 column 53: model is not available")
(error "line 12590 column 52: model is not available")
(error "line 12591 column 53: model is not available")
(error "line 12592 column 53: model is not available")
(error "line 12593 column 52: model is not available")
(error "line 12594 column 53: model is not available")
(error "line 12595 column 54: model is not available")
(error "line 12596 column 53: model is not available")
(error "line 12597 column 53: model is not available")
(error "line 12598 column 53: model is not available")
(error "line 12599 column 52: model is not available")
(error "line 12600 column 53: model is not available")
(error "line 12601 column 53: model is not available")
(error "line 12602 column 52: model is not available")
(error "line 12603 column 54: model is not available")
(error "line 12604 column 54: model is not available")
(error "line 12605 column 54: model is not available")
(error "line 12606 column 54: model is not available")
(error "line 12607 column 53: model is not available")
(error "line 12608 column 54: model is not available")
(error "line 12609 column 53: model is not available")
(error "line 12610 column 54: model is not available")
(error "line 12611 column 54: model is not available")
(error "line 12612 column 53: model is not available")
(error "line 12613 column 54: model is not available")
(error "line 12614 column 54: model is not available")
(error "line 12615 column 53: model is not available")
(error "line 12616 column 52: model is not available")
(error "line 12617 column 52: model is not available")
(error "line 12618 column 52: model is not available")
(error "line 12619 column 51: model is not available")
(error "line 12620 column 52: model is not available")
(error "line 12621 column 52: model is not available")
(error "line 12622 column 52: model is not available")
(error "line 12623 column 51: model is not available")
(error "line 12624 column 52: model is not available")
(error "line 12625 column 52: model is not available")
(error "line 12626 column 52: model is not available")
(error "line 12627 column 52: model is not available")
(error "line 12628 column 51: model is not available")
(error "line 12629 column 53: model is not available")
(error "line 12630 column 53: model is not available")
(error "line 12631 column 52: model is not available")
(error "line 12632 column 53: model is not available")
(error "line 12633 column 53: model is not available")
(error "line 12634 column 52: model is not available")
(error "line 12635 column 53: model is not available")
(error "line 12636 column 53: model is not available")
(error "line 12637 column 52: model is not available")
(error "line 12638 column 53: model is not available")
(error "line 12639 column 53: model is not available")
(error "line 12640 column 53: model is not available")
(error "line 12641 column 53: model is not available")
(error "line 12642 column 52: model is not available")
(error "line 12643 column 53: model is not available")
(error "line 12644 column 53: model is not available")
(error "line 12645 column 52: model is not available")
(error "line 12646 column 54: model is not available")
(error "line 12647 column 54: model is not available")
(error "line 12648 column 54: model is not available")
(error "line 12649 column 54: model is not available")
(error "line 12650 column 53: model is not available")
(error "line 12651 column 54: model is not available")
(error "line 12652 column 54: model is not available")
(error "line 12653 column 53: model is not available")
(error "line 12654 column 53: model is not available")
(error "line 12655 column 53: model is not available")
(error "line 12656 column 53: model is not available")
(error "line 12657 column 53: model is not available")
(error "line 12658 column 53: model is not available")
(error "line 12659 column 52: model is not available")
(error "line 12660 column 52: model is not available")
(error "line 12661 column 53: model is not available")
(error "line 12662 column 53: model is not available")
(error "line 12663 column 53: model is not available")
(error "line 12664 column 52: model is not available")
(error "line 12665 column 52: model is not available")
(error "line 12666 column 53: model is not available")
(error "line 12667 column 53: model is not available")
(error "line 12668 column 53: model is not available")
(error "line 12669 column 52: model is not available")
(error "line 12670 column 52: model is not available")
(error "line 12671 column 53: model is not available")
(error "line 12672 column 53: model is not available")
(error "line 12673 column 53: model is not available")
(error "line 12674 column 52: model is not available")
(error "line 12675 column 53: model is not available")
(error "line 12676 column 52: model is not available")
(error "line 12677 column 53: model is not available")
(error "line 12678 column 54: model is not available")
(error "line 12679 column 54: model is not available")
(error "line 12680 column 53: model is not available")
(error "line 12681 column 54: model is not available")
(error "line 12682 column 54: model is not available")
(error "line 12683 column 54: model is not available")
(error "line 12684 column 54: model is not available")
(error "line 12685 column 53: model is not available")
(error "line 12686 column 54: model is not available")
(error "line 12687 column 54: model is not available")
(error "line 12688 column 53: model is not available")
(error "line 12689 column 54: model is not available")
(error "line 12690 column 53: model is not available")
(error "line 12691 column 53: model is not available")
(error "line 12692 column 54: model is not available")
(error "line 12693 column 54: model is not available")
(error "line 12694 column 54: model is not available")
(error "line 12695 column 54: model is not available")
(error "line 12696 column 53: model is not available")
(error "line 12697 column 54: model is not available")
(error "line 12698 column 54: model is not available")
(error "line 12699 column 53: model is not available")
(error "line 12700 column 54: model is not available")
(error "line 12701 column 54: model is not available")
(error "line 12702 column 53: model is not available")
(error "line 12703 column 53: model is not available")
(error "line 12704 column 53: model is not available")
(error "line 12705 column 53: model is not available")
(error "line 12706 column 53: model is not available")
(error "line 12707 column 52: model is not available")
(error "line 12708 column 53: model is not available")
(error "line 12709 column 52: model is not available")
(error "line 12710 column 53: model is not available")
(error "line 12711 column 54: model is not available")
(error "line 12712 column 54: model is not available")
(error "line 12713 column 53: model is not available")
(error "line 12714 column 54: model is not available")
(error "line 12715 column 53: model is not available")
(error "line 12716 column 54: model is not available")
(error "line 12717 column 54: model is not available")
(error "line 12718 column 54: model is not available")
(error "line 12719 column 53: model is not available")
(error "line 12720 column 54: model is not available")
(error "line 12721 column 53: model is not available")
(error "line 12722 column 54: model is not available")
(error "line 12723 column 54: model is not available")
(error "line 12724 column 54: model is not available")
(error "line 12725 column 53: model is not available")
(error "line 12726 column 54: model is not available")
(error "line 12727 column 54: model is not available")
(error "line 12728 column 53: model is not available")
(error "line 12729 column 53: model is not available")
(error "line 12730 column 54: model is not available")
(error "line 12731 column 54: model is not available")
(error "line 12732 column 53: model is not available")
(error "line 12733 column 54: model is not available")
(error "line 12734 column 54: model is not available")
(error "line 12735 column 54: model is not available")
(error "line 12736 column 54: model is not available")
(error "line 12737 column 53: model is not available")
(error "line 12738 column 54: model is not available")
(error "line 12739 column 54: model is not available")
(error "line 12740 column 53: model is not available")
(error "line 12741 column 54: model is not available")
(error "line 12742 column 54: model is not available")
(error "line 12743 column 53: model is not available")
(error "line 12744 column 54: model is not available")
(error "line 12745 column 53: model is not available")
(error "line 12746 column 52: model is not available")
(error "line 12747 column 52: model is not available")
(error "line 12748 column 52: model is not available")
(error "line 12749 column 51: model is not available")
(error "line 12750 column 52: model is not available")
(error "line 12751 column 52: model is not available")
(error "line 12752 column 52: model is not available")
(error "line 12753 column 51: model is not available")
(error "line 12754 column 52: model is not available")
(error "line 12755 column 52: model is not available")
(error "line 12756 column 52: model is not available")
(error "line 12757 column 51: model is not available")
(error "line 12758 column 52: model is not available")
(error "line 12759 column 52: model is not available")
(error "line 12760 column 52: model is not available")
(error "line 12761 column 51: model is not available")
(error "line 12762 column 51: model is not available")
(error "line 12763 column 52: model is not available")
(error "line 12764 column 53: model is not available")
(error "line 12765 column 53: model is not available")
(error "line 12766 column 52: model is not available")
(error "line 12767 column 53: model is not available")
(error "line 12768 column 53: model is not available")
(error "line 12769 column 53: model is not available")
(error "line 12770 column 53: model is not available")
(error "line 12771 column 52: model is not available")
(error "line 12772 column 53: model is not available")
(error "line 12773 column 53: model is not available")
(error "line 12774 column 52: model is not available")
(error "line 12775 column 52: model is not available")
(error "line 12776 column 58: model is not available")
(error "line 12777 column 58: model is not available")
(error "line 12778 column 57: model is not available")
(error "line 12779 column 58: model is not available")
(error "line 12780 column 58: model is not available")
(error "line 12781 column 57: model is not available")
(error "line 12782 column 58: model is not available")
(error "line 12783 column 58: model is not available")
(error "line 12784 column 57: model is not available")
(error "line 12785 column 58: model is not available")
(error "line 12786 column 58: model is not available")
(error "line 12787 column 57: model is not available")
(error "line 12788 column 58: model is not available")
(error "line 12789 column 58: model is not available")
(error "line 12790 column 57: model is not available")
(error "line 12791 column 58: model is not available")
(error "line 12792 column 58: model is not available")
(error "line 12793 column 57: model is not available")
(error "line 12794 column 58: model is not available")
(error "line 12795 column 58: model is not available")
(error "line 12796 column 57: model is not available")
(error "line 12797 column 58: model is not available")
(error "line 12798 column 58: model is not available")
(error "line 12799 column 57: model is not available")
(error "line 12800 column 58: model is not available")
(error "line 12801 column 58: model is not available")
(error "line 12802 column 57: model is not available")
(error "line 12803 column 58: model is not available")
(error "line 12804 column 58: model is not available")
(error "line 12805 column 57: model is not available")
(error "line 12806 column 57: model is not available")
(error "line 12807 column 57: model is not available")
(error "line 12808 column 56: model is not available")
(error "line 12809 column 58: model is not available")
(error "line 12810 column 58: model is not available")
(error "line 12811 column 57: model is not available")
(error "line 12812 column 58: model is not available")
(error "line 12813 column 58: model is not available")
(error "line 12814 column 57: model is not available")
(error "line 12815 column 58: model is not available")
(error "line 12816 column 58: model is not available")
(error "line 12817 column 57: model is not available")
(error "line 12818 column 58: model is not available")
(error "line 12819 column 58: model is not available")
(error "line 12820 column 57: model is not available")
(error "line 12821 column 58: model is not available")
(error "line 12822 column 58: model is not available")
(error "line 12823 column 57: model is not available")
(error "line 12824 column 57: model is not available")
(error "line 12825 column 57: model is not available")
(error "line 12826 column 56: model is not available")
(error "line 12827 column 57: model is not available")
(error "line 12828 column 57: model is not available")
(error "line 12829 column 56: model is not available")
(error "line 12830 column 58: model is not available")
(error "line 12831 column 58: model is not available")
(error "line 12832 column 57: model is not available")
(error "line 12833 column 58: model is not available")
(error "line 12834 column 58: model is not available")
(error "line 12835 column 57: model is not available")
(error "line 12836 column 58: model is not available")
(error "line 12837 column 58: model is not available")
(error "line 12838 column 57: model is not available")
(error "line 12839 column 58: model is not available")
(error "line 12840 column 58: model is not available")
(error "line 12841 column 57: model is not available")
(error "line 12842 column 58: model is not available")
(error "line 12843 column 58: model is not available")
(error "line 12844 column 57: model is not available")
(error "line 12845 column 57: model is not available")
(error "line 12846 column 57: model is not available")
(error "line 12847 column 56: model is not available")
(error "line 12848 column 57: model is not available")
(error "line 12849 column 57: model is not available")
(error "line 12850 column 56: model is not available")
(error "line 12851 column 57: model is not available")
(error "line 12852 column 57: model is not available")
(error "line 12853 column 56: model is not available")
(error "line 12854 column 36: model is not available")
(error "line 12855 column 36: model is not available")
(error "line 12856 column 36: model is not available")
(error "line 12857 column 35: model is not available")
(error "line 12858 column 35: model is not available")
(error "line 12859 column 36: model is not available")
(error "line 12860 column 36: model is not available")
(error "line 12861 column 36: model is not available")
(error "line 12862 column 36: model is not available")
(error "line 12863 column 36: model is not available")
(error "line 12864 column 36: model is not available")
(error "line 12865 column 36: model is not available")
(error "line 12866 column 36: model is not available")
(error "line 12867 column 36: model is not available")
(error "line 12868 column 36: model is not available")
(error "line 12869 column 35: model is not available")
(error "line 12870 column 35: model is not available")
(error "line 12871 column 35: model is not available")
(error "line 12872 column 35: model is not available")
(error "line 12873 column 35: model is not available")
(error "line 12874 column 35: model is not available")
(error "line 12875 column 35: model is not available")
(error "line 12876 column 35: model is not available")
(error "line 12877 column 54: model is not available")
(error "line 12878 column 54: model is not available")
(error "line 12879 column 54: model is not available")
(error "line 12880 column 54: model is not available")
(error "line 12881 column 54: model is not available")
(error "line 12882 column 54: model is not available")
(error "line 12883 column 54: model is not available")
(error "line 12884 column 54: model is not available")
(error "line 12885 column 54: model is not available")
(error "line 12886 column 54: model is not available")
(error "line 12887 column 54: model is not available")
(error "line 12888 column 54: model is not available")
(error "line 12889 column 54: model is not available")
(error "line 12890 column 54: model is not available")
(error "line 12891 column 54: model is not available")
(error "line 12892 column 31: model is not available")
(error "line 12893 column 31: model is not available")
(error "line 12894 column 31: model is not available")
(error "line 12895 column 38: model is not available")
(error "line 12896 column 38: model is not available")
(error "line 12897 column 46: model is not available")
(error "line 12898 column 46: model is not available")
(error "line 12899 column 46: model is not available")
(error "line 12900 column 46: model is not available")
(error "line 12901 column 54: model is not available")
(error "line 12902 column 54: model is not available")
(error "line 12903 column 54: model is not available")
(error "line 12904 column 54: model is not available")
(error "line 12905 column 54: model is not available")
(error "line 12906 column 54: model is not available")
(error "line 12907 column 40: model is not available")
(error "line 12908 column 40: model is not available")
(error "line 12909 column 40: model is not available")
(error "line 12910 column 40: model is not available")
(error "line 12911 column 41: model is not available")
(error "line 12912 column 41: model is not available")
(error "line 12913 column 41: model is not available")
(error "line 12914 column 41: model is not available")
(error "line 12915 column 50: model is not available")
(error "line 12916 column 50: model is not available")
(error "line 12917 column 50: model is not available")
(error "line 12918 column 50: model is not available")
(error "line 12919 column 43: model is not available")
(error "line 12920 column 43: model is not available")
(error "line 12921 column 43: model is not available")
(error "line 12922 column 43: model is not available")
(error "line 12923 column 44: model is not available")
(error "line 12924 column 44: model is not available")
(error "line 12925 column 45: model is not available")
(error "line 12926 column 45: model is not available")
(error "line 12927 column 45: model is not available")
(error "line 12928 column 45: model is not available")
(error "line 12929 column 45: model is not available")
(error "line 12930 column 44: model is not available")
(error "line 12931 column 44: model is not available")
(error "line 12932 column 44: model is not available")
(error "line 12933 column 44: model is not available")
(error "line 12934 column 44: model is not available")
(error "line 12935 column 44: model is not available")
(error "line 12936 column 44: model is not available")
(error "line 12937 column 44: model is not available")
(error "line 12938 column 44: model is not available")
(error "line 12939 column 44: model is not available")
(error "line 12940 column 41: model is not available")
(error "line 12941 column 41: model is not available")
(error "line 12942 column 44: model is not available")
(error "line 12943 column 44: model is not available")
(error "line 12944 column 50: model is not available")
(error "line 12945 column 50: model is not available")
(error "line 12946 column 50: model is not available")
(error "line 12947 column 46: model is not available")
(error "line 12948 column 50: model is not available")
(error "line 12949 column 50: model is not available")
(error "line 12950 column 50: model is not available")
(error "line 12951 column 50: model is not available")
(error "line 12952 column 50: model is not available")
(error "line 12953 column 50: model is not available")
(error "line 12954 column 50: model is not available")
(error "line 12955 column 50: model is not available")
(error "line 12956 column 50: model is not available")
(error "line 12957 column 46: model is not available")
(error "line 12958 column 46: model is not available")
(error "line 12959 column 46: model is not available")
(error "line 12960 column 46: model is not available")
(error "line 12961 column 46: model is not available")
(error "line 12962 column 46: model is not available")
(error "line 12963 column 52: model is not available")
(error "line 12964 column 52: model is not available")
(error "line 12965 column 52: model is not available")
(error "line 12966 column 52: model is not available")
(error "line 12967 column 52: model is not available")
(error "line 12968 column 52: model is not available")
(error "line 12969 column 52: model is not available")
(error "line 12970 column 52: model is not available")
(error "line 12971 column 48: model is not available")
(error "line 12972 column 48: model is not available")
(error "line 12973 column 48: model is not available")
(error "line 12974 column 48: model is not available")
(error "line 12975 column 48: model is not available")
(error "line 12976 column 48: model is not available")
(error "line 12977 column 36: model is not available")
(error "line 12978 column 37: model is not available")
(error "line 12979 column 37: model is not available")
(error "line 12980 column 37: model is not available")
(error "line 12981 column 37: model is not available")
(error "line 12982 column 37: model is not available")
(error "line 12983 column 37: model is not available")
(error "line 12984 column 36: model is not available")
(error "line 12985 column 36: model is not available")
(error "line 12986 column 36: model is not available")
(error "line 12987 column 36: model is not available")
(error "line 12988 column 36: model is not available")
(error "line 12989 column 36: model is not available")
(error "line 12990 column 36: model is not available")
(error "line 12991 column 36: model is not available")
(error "line 12992 column 36: model is not available")
(error "line 12993 column 55: model is not available")
(error "line 12994 column 55: model is not available")
(error "line 12995 column 55: model is not available")
(error "line 12996 column 55: model is not available")
(error "line 12997 column 55: model is not available")
(error "line 12998 column 55: model is not available")
(error "line 12999 column 55: model is not available")
(error "line 13000 column 55: model is not available")
(error "line 13001 column 55: model is not available")
(error "line 13002 column 55: model is not available")
(error "line 13003 column 55: model is not available")
(error "line 13004 column 55: model is not available")
(error "line 13005 column 55: model is not available")
(error "line 13006 column 55: model is not available")
(error "line 13007 column 55: model is not available")
(error "line 13008 column 32: model is not available")
(error "line 13009 column 32: model is not available")
(error "line 13010 column 32: model is not available")
(error "line 13011 column 28: model is not available")
(error "line 13012 column 28: model is not available")
(error "line 13013 column 28: model is not available")
(error "line 13014 column 26: model is not available")
(error "line 13015 column 43: model is not available")
(error "line 13016 column 43: model is not available")
(error "line 13017 column 34: model is not available")
(error "line 13018 column 34: model is not available")
(error "line 13019 column 30: model is not available")
(error "line 13020 column 30: model is not available")
(error "line 13021 column 50: model is not available")
(error "line 13022 column 50: model is not available")
(error "line 13023 column 50: model is not available")
(error "line 13024 column 50: model is not available")
(error "line 13025 column 50: model is not available")
(error "line 13026 column 50: model is not available")
(error "line 13027 column 29: model is not available")
(error "line 13028 column 29: model is not available")
(error "line 13029 column 29: model is not available")
(error "line 13030 column 29: model is not available")
(error "line 13031 column 29: model is not available")
(error "line 13032 column 31: model is not available")
(error "line 13033 column 31: model is not available")
(error "line 13034 column 31: model is not available")
(error "line 13035 column 31: model is not available")
(error "line 13036 column 28: model is not available")
(error "line 13037 column 34: model is not available")
(error "line 13038 column 34: model is not available")
(error "line 13039 column 49: model is not available")
(error "line 13040 column 49: model is not available")
(error "line 13041 column 50: model is not available")
(error "line 13042 column 50: model is not available")
(error "line 13043 column 50: model is not available")
(error "line 13044 column 49: model is not available")
(error "line 13045 column 49: model is not available")
(error "line 13046 column 49: model is not available")
(error "line 13047 column 49: model is not available")
(error "line 13048 column 49: model is not available")
(error "line 13049 column 49: model is not available")
(error "line 13050 column 49: model is not available")
(error "line 13051 column 49: model is not available")
(error "line 13052 column 29: model is not available")
(error "line 13053 column 29: model is not available")
(error "line 13054 column 29: model is not available")
(error "line 13055 column 29: model is not available")
(error "line 13056 column 29: model is not available")
(error "line 13057 column 28: model is not available")
(error "line 13058 column 20: model is not available")
(error "line 13059 column 27: model is not available")
(error "line 13060 column 21: model is not available")
(error "line 13061 column 28: model is not available")
(error "line 13062 column 21: model is not available")
(error "line 13063 column 28: model is not available")
(error "line 13064 column 21: model is not available")
(error "line 13065 column 28: model is not available")
(error "line 13066 column 21: model is not available")
(error "line 13067 column 28: model is not available")
(error "line 13068 column 21: model is not available")
(error "line 13069 column 28: model is not available")
(error "line 13070 column 21: model is not available")
(error "line 13071 column 28: model is not available")
(error "line 13072 column 21: model is not available")
(error "line 13073 column 28: model is not available")
(error "line 13074 column 21: model is not available")
(error "line 13075 column 28: model is not available")
(error "line 13076 column 21: model is not available")
(error "line 13077 column 28: model is not available")
(error "line 13078 column 21: model is not available")
(error "line 13079 column 28: model is not available")
(error "line 13080 column 20: model is not available")
(error "line 13081 column 27: model is not available")
(error "line 13082 column 21: model is not available")
(error "line 13083 column 28: model is not available")
(error "line 13084 column 21: model is not available")
(error "line 13085 column 28: model is not available")
(error "line 13086 column 21: model is not available")
(error "line 13087 column 28: model is not available")
(error "line 13088 column 21: model is not available")
(error "line 13089 column 28: model is not available")
(error "line 13090 column 21: model is not available")
(error "line 13091 column 28: model is not available")
(error "line 13092 column 21: model is not available")
(error "line 13093 column 28: model is not available")
(error "line 13094 column 21: model is not available")
(error "line 13095 column 28: model is not available")
(error "line 13096 column 21: model is not available")
(error "line 13097 column 28: model is not available")
(error "line 13098 column 21: model is not available")
(error "line 13099 column 28: model is not available")
(error "line 13100 column 20: model is not available")
(error "line 13101 column 27: model is not available")
(error "line 13102 column 20: model is not available")
(error "line 13103 column 27: model is not available")
(error "line 13104 column 20: model is not available")
(error "line 13105 column 27: model is not available")
(error "line 13106 column 20: model is not available")
(error "line 13107 column 27: model is not available")
(error "line 13108 column 20: model is not available")
(error "line 13109 column 27: model is not available")
(error "line 13110 column 20: model is not available")
(error "line 13111 column 27: model is not available")
(error "line 13112 column 20: model is not available")
(error "line 13113 column 27: model is not available")
(error "line 13115 column 10: model is not available")
(:added-eqs               26679
 :arith-add-rows          126160
 :arith-assert-lower      4689
 :arith-assert-upper      5315
 :arith-bound-prop        2835
 :arith-conflicts         14
 :arith-pivots            1329
 :array-ax1               3
 :array-ax2               188
 :binary-propagations     218085
 :bv-bit2core             232608
 :bv-conflicts            26
 :bv-diseqs               7
 :bv-dynamic-diseqs       521
 :bv-dynamic-eqs          1
 :bv->core-eq             8134
 :conflicts               496
 :decisions               2390
 :del-clause              15907
 :dyn-ack                 1
 :eliminated-applications 24
 :eliminated-vars         24
 :max-memory              23.74
 :memory                  8.48
 :minimized-lits          10650
 :mk-bool-var             32175
 :mk-clause               44634
 :num-allocs              215944209
 :num-checks              1
 :propagations            685893
 :restarts                4
 :rlimit-count            9783471
 :time                    0.53
 :total-time              0.57)

real	0m0.582s
user	0m0.571s
sys	0m0.010s
State: RE Run_time: 0.5844707489013672