num of guard = 13
num of elim = 27
num of guard = 13
num of elim = 0
sat
((|B0| false))
((|B1| false))
((|B10| true))
((|B100| false))
((|B101| false))
((|B102| false))
((|B103| false))
((|B104| false))
((|B105| false))
((|B106| false))
((|B107| false))
((|B108| false))
((|B109| false))
((|B11| true))
((|B110| false))
((|B111| false))
((|B112| false))
((|B113| false))
((|B114| false))
((|B115| false))
((|B116| false))
((|B117| false))
((|B118| false))
((|B119| false))
((|B12| true))
((|B120| false))
((|B121| false))
((|B122| false))
((|B123| false))
((|B124| false))
((|B125| false))
((|B126| false))
((|B127| false))
((|B128| false))
((|B129| false))
((|B13| true))
((|B130| false))
((|B131| false))
((|B132| false))
((|B133| false))
((|B134| false))
((|B135| true))
((|B136| true))
((|B137| true))
((|B138| true))
((|B139| true))
((|B14| true))
((|B140| true))
((|B141| true))
((|B142| true))
((|B143| false))
((|B144| false))
((|B145| false))
((|B146| false))
((|B147| false))
((|B148| false))
((|B149| false))
((|B15| true))
((|B150| false))
((|B151| false))
((|B152| false))
((|B153| false))
((|B154| false))
((|B155| false))
((|B156| false))
((|B157| false))
((|B158| false))
((|B159| false))
((|B16| true))
((|B160| false))
((|B161| false))
((|B162| false))
((|B163| false))
((|B164| false))
((|B165| false))
((|B166| false))
((|B167| false))
((|B168| false))
((|B169| false))
((|B17| true))
((|B170| false))
((|B171| false))
((|B172| false))
((|B173| false))
((|B174| false))
((|B175| false))
((|B176| false))
((|B177| false))
((|B178| false))
((|B179| false))
((|B18| false))
((|B180| false))
((|B181| false))
((|B182| false))
((|B183| false))
((|B184| false))
((|B185| false))
((|B186| false))
((|B187| false))
((|B188| false))
((|B189| false))
((|B19| false))
((|B190| false))
((|B191| false))
((|B192| false))
((|B193| false))
((|B194| false))
((|B195| false))
((|B196| false))
((|B197| false))
((|B198| false))
((|B199| false))
((|B2| true))
((|B20| true))
((|B200| false))
((|B201| true))
((|B202| true))
((|B203| true))
((|B204| true))
((|B205| true))
((|B206| true))
((|B207| true))
((|B208| true))
((|B209| true))
((|B21| false))
((|B210| true))
((|B211| true))
((|B212| true))
((|B213| true))
((|B214| true))
((|B215| true))
((|B216| true))
((|B217| true))
((|B218| true))
((|B219| true))
((|B22| false))
((|B220| true))
((|B221| true))
((|B222| true))
((|B223| true))
((|B224| true))
((|B225| true))
((|B226| true))
((|B227| true))
((|B228| true))
((|B229| true))
((|B23| true))
((|B230| true))
((|B231| true))
((|B232| true))
((|B233| true))
((|B234| true))
((|B235| true))
((|B236| true))
((|B237| true))
((|B238| true))
((|B239| true))
((|B24| true))
((|B240| false))
((|B241| true))
((|B242| true))
((|B243| true))
((|B244| true))
((|B245| true))
((|B246| true))
((|B247| true))
((|B248| true))
((|B249| false))
((|B25| true))
((|B250| false))
((|B251| false))
((|B252| false))
((|B253| true))
((|B254| true))
((|B255| false))
((|B256| false))
((|B257| false))
((|B26| true))
((|B27| true))
((|B28| true))
((|B29| true))
((|B3| false))
((|B30| false))
((|B31| false))
((|B32| false))
((|B33| false))
((|B34| false))
((|B35| false))
((|B36| false))
((|B37| false))
((|B38| false))
((|B39| false))
((|B4| false))
((|B40| false))
((|B41| false))
((|B42| false))
((|B43| false))
((|B44| false))
((|B45| false))
((|B46| false))
((|B47| false))
((|B48| false))
((|B49| false))
((|B5| true))
((|B50| false))
((|B51| false))
((|B52| false))
((|B53| false))
((|B54| false))
((|B55| false))
((|B56| false))
((|B57| false))
((|B58| false))
((|B59| false))
((|B6| true))
((|B60| false))
((|B61| false))
((|B62| false))
((|B63| false))
((|B64| false))
((|B65| false))
((|B66| false))
((|B67| false))
((|B68| false))
((|B69| false))
((|B7| true))
((|B70| false))
((|B71| false))
((|B72| false))
((|B73| false))
((|B74| false))
((|B75| false))
((|B76| false))
((|B77| false))
((|B78| false))
((|B79| false))
((|B8| true))
((|B80| false))
((|B81| false))
((|B82| false))
((|B83| false))
((|B84| false))
((|B85| false))
((|B86| false))
((|B87| false))
((|B88| false))
((|B89| false))
((|B9| true))
((|B90| false))
((|B91| false))
((|B92| false))
((|B93| false))
((|B94| false))
((|B95| false))
((|B96| false))
((|B97| false))
((|B98| false))
((|B99| false))
((|__CPROVER_dead_object#1| #x00000000))
((|__CPROVER_dead_object#1$wclk$8| (- 49)))
((|__CPROVER_deallocated#1| #x00000000))
((|__CPROVER_deallocated#1$wclk$8| (- 48)))
((|__CPROVER_malloc_is_new_array#1| false))
((|__CPROVER_malloc_is_new_array#1$wclk$8| (- 47)))
((|__CPROVER_malloc_object#1| #x00000000))
((|__CPROVER_malloc_object#1$wclk$8| (- 46)))
((|__CPROVER_malloc_size#1| #x00000000))
((|__CPROVER_malloc_size#1$wclk$8| (- 45)))
((|__CPROVER_memory_leak#1| #x00000000))
((|__CPROVER_memory_leak#1$wclk$8| (- 44)))
((|__CPROVER_next_thread_id#1| #x00000000))
((|__CPROVER_next_thread_id#1$wclk$8| (- 43)))
((|__CPROVER_next_thread_id#2| #x00000001))
((|__CPROVER_next_thread_id#2$wclk$8| (- 30)))
((|__CPROVER_next_thread_id#3| #x00000001))
((|__CPROVER_next_thread_id#3$rclk$8| (- 27)))
((|__CPROVER_next_thread_id#4| #x00000001))
((|__CPROVER_next_thread_id#5| #x00000002))
((|__CPROVER_next_thread_id#5$wclk$8| (- 27)))
((|__CPROVER_next_thread_id#6| #x00000002))
((|__CPROVER_next_thread_id#6$rclk$8| (- 22)))
((|__CPROVER_next_thread_id#7| #x00000002))
((|__CPROVER_next_thread_id#7$rclk$8| (- 1)))
((|__CPROVER_pipe_count#1| #x00000000))
((|__CPROVER_pipe_count#1$wclk$8| (- 42)))
((|__CPROVER_rounding_mode!0#1| #x00000000))
((|__CPROVER_rounding_mode!1#1| #x00000000))
((|__CPROVER_rounding_mode!2#1| #x00000000))
((|__CPROVER_thread_id!0#1| #x00000000))
((|__CPROVER_thread_id!1#1| #x00000000))
((|__CPROVER_thread_id!1#2| #x00000000))
((|__CPROVER_thread_id!2#1| #x00000000))
((|__CPROVER_thread_id!2#2| #x00000000))
((|__CPROVER_threads_exited#1| (store (store ((as const (Array (_ BitVec 32) Bool)) false) #x00000002 true)
       #x00000001
       true)))
((|__CPROVER_threads_exited#1$wclk$8| (- 41)))
((|__CPROVER_threads_exited#2| (store (store (store ((as const (Array (_ BitVec 32) Bool)) false)
                     #x00000000
                     true)
              #x00000002
              true)
       #x00000001
       true)))
((|__CPROVER_threads_exited#2$rclk$8| (- 4)))
((|__CPROVER_threads_exited#3| (store (store (store ((as const (Array (_ BitVec 32) Bool)) false)
                     #x00000000
                     true)
              #x00000002
              true)
       #x00000001
       true)))
((|__CPROVER_threads_exited#3$rclk$8| 0))
((|__CPROVER_threads_exited#4| (store (store ((as const (Array (_ BitVec 32) Bool)) false) #x00000002 true)
       #x00000001
       true)))
((|__CPROVER_threads_exited#4$rclk$8| (- 7)))
((|__CPROVER_threads_exited#5| (store (store (store ((as const (Array (_ BitVec 32) Bool)) false)
                     #x00000002
                     true)
              #x00000001
              true)
       #x00000000
       true)))
((|__CPROVER_threads_exited#5$wclk$8| (- 6)))
((|__CPROVER_threads_exited#6| (store (store ((as const (Array (_ BitVec 32) Bool)) false) #x00000002 true)
       #x00000001
       true)))
((|__CPROVER_threads_exited#6$rclk$8| (- 6)))
((|__CPROVER_threads_exited#7| (store (store (store ((as const (Array (_ BitVec 32) Bool)) false)
                     #x00000002
                     true)
              #x00000001
              true)
       #x00000000
       true)))
((|__CPROVER_threads_exited#7$wclk$8| (- 5)))
((|empty| #x000000000000000000000000000000000000000000000000000000000000000000000000000000000000000000000000))
((|empty#1| #x000000000000000000000000000000000000000000000000000000000000000000000000000000000000000000000000))
((|empty#1$wclk$8| (- 40)))
((|empty#10| #x000000000000000000000000000000000000000000000000000000000000000000000000000000000000000000000000))
((|empty#11| #x0000000000000000000000000000000000000000000000000000000000000000000000000000000000000000ffffffff))
((|empty#11$wclk$8| (- 17)))
((|empty#12| #x000000000000000000000000000000000000000000000000000000000000000000000000000000000000000000000000))
((|empty#12$rclk$8| (- 12)))
((|empty#13| #x000000000000000000000000000000000000000000000000000000000000000000000000000000000000000000000000))
((|empty#14| #x0000000000000000000000000000000000000000000000000000000000000000000000000000000000000000ffffffff))
((|empty#14$wclk$8| (- 12)))
((|empty#15| #x000000000000000000000000000000000000000000000000000000000000000000000000000000000000000000000000))
((|empty#15$rclk$8| (- 7)))
((|empty#16| #x000000000000000000000000000000000000000000000000000000000000000000000000000000000000000000000000))
((|empty#17| #x000000000000000000000000000000000000000000000000000000000000000000000000000000000000000000000001))
((|empty#17$wclk$8| (- 7)))
((|empty#2| #x000000000000000000000000000000000000000000000000000000000000000000000000000000000000000000000000))
((|empty#2$wclk$8| (- 32)))
((|empty#3| #x000000000000000000000000000000000000000000000000000000000000000000000000000000000000000000000000))
((|empty#3$rclk$8| (- 21)))
((|empty#4| #x000000000000000000000000000000000000000000000000000000000000000000000000000000000000000000000000))
((|empty#5| #x0000000000000000000000000000000000000000000000000000000000000000000000000000000000000000ffffffff))
((|empty#5$wclk$8| (- 21)))
((|empty#6| #x000000000000000000000000000000000000000000000000000000000000000000000000000000000000000000000000))
((|empty#6$rclk$8| (- 19)))
((|empty#7| #x000000000000000000000000000000000000000000000000000000000000000000000000000000000000000000000000))
((|empty#8| #x0000000000000000000000000000000000000000000000000000000000000000000000000000000000000000ffffffff))
((|empty#8$wclk$8| (- 19)))
((|empty#9| #x000000000000000000000000000000000000000000000000000000000000000000000000000000000000000000000000))
((|empty#9$rclk$8| (- 17)))
((|full| #x000000000000000000000000000000000000000000000000000000000000000000000000000000000000000000000000))
((|full#1| #x000000000000000000000000000000000000000000000000000000000000000000000000000000000000000000000000))
((|full#1$wclk$8| (- 39)))
((|full#10| #x000000000000000000000000000000000000000000000000000000000000000000000000000000000000000000000000))
((|full#11| #x0000000000000000000000000000000000000000000000000000000000000000000000000000000000000000ffffffff))
((|full#11$wclk$8| (- 20)))
((|full#12| #x000000000000000000000000000000000000000000000000000000000000000000000000000000000000000000000000))
((|full#12$rclk$8| (- 18)))
((|full#13| #x000000000000000000000000000000000000000000000000000000000000000000000000000000000000000000000000))
((|full#14| #x0000000000000000000000000000000000000000000000000000000000000000000000000000000000000000ffffffff))
((|full#14$wclk$8| (- 18)))
((|full#15| #x000000000000000000000000000000000000000000000000000000000000000000000000000000000000000000000000))
((|full#15$rclk$8| (- 16)))
((|full#16| #x000000000000000000000000000000000000000000000000000000000000000000000000000000000000000000000000))
((|full#17| #x0000000000000000000000000000000000000000000000000000000000000000000000000000000000000000ffffffff))
((|full#17$wclk$8| (- 16)))
((|full#2| #x000000000000000000000000000000000000000000000000000000000000000000000000000000000000000000000000))
((|full#2$wclk$8| (- 31)))
((|full#3| #x000000000000000000000000000000000000000000000000000000000000000000000000000000000000000000000000))
((|full#3$rclk$8| (- 8)))
((|full#4| #x000000000000000000000000000000000000000000000000000000000000000000000000000000000000000000000000))
((|full#5| #x000000000000000000000000000000000000000000000000000000000000000000000000000000000000000000000001))
((|full#5$wclk$8| (- 8)))
((|full#6| #x000000000000000000000000000000000000000000000000000000000000000000000000000000000000000000000000))
((|full#6$rclk$8| (- 22)))
((|full#7| #x000000000000000000000000000000000000000000000000000000000000000000000000000000000000000000000000))
((|full#8| #x0000000000000000000000000000000000000000000000000000000000000000000000000000000000000000ffffffff))
((|full#8$wclk$8| (- 22)))
((|full#9| #x000000000000000000000000000000000000000000000000000000000000000000000000000000000000000000000000))
((|full#9$rclk$8| (- 20)))
((|goto_symex::&92;guard#1| false))
((|goto_symex::&92;guard#10| true))
((|goto_symex::&92;guard#11| false))
((|goto_symex::&92;guard#12| false))
((|goto_symex::&92;guard#13| true))
((|goto_symex::&92;guard#14| true))
((|goto_symex::&92;guard#15| true))
((|goto_symex::&92;guard#2| false))
((|goto_symex::&92;guard#3| false))
((|goto_symex::&92;guard#4| false))
((|goto_symex::&92;guard#5| false))
((|goto_symex::&92;guard#6| false))
((|goto_symex::&92;guard#7| true))
((|goto_symex::&92;guard#8| true))
((|goto_symex::&92;guard#9| true))
((|m| #x000000000000000000000000000000000000000000000000))
((|m#1| #x000000000000000000000000000000000000000000000000))
((|m#1$wclk$8| (- 38)))
((|m#10| #x000000000000000000000000000000000000000000000000))
((|m#11| #x000000000000000000000000000000000000000000000001))
((|m#11$wclk$8| (- 24)))
((|m#12| #x000000000000000000000000000000000000000000000001))
((|m#12$rclk$8| (- 8)))
((|m#13| #x000000000000000000000000000000000000000000000001))
((|m#14| #x000000000000000000000000000000000000000000000000))
((|m#14$wclk$8| (- 8)))
((|m#2| #x000000000000000000000000000000000000000000000000))
((|m#2$wclk$8| (- 33)))
((|m#3| #x000000000000000000000000000000000000000000000001))
((|m#3$rclk$8| (- 23)))
((|m#4| #x000000000000000000000000000000000000000000000001))
((|m#5| #x000000000000000000000000000000000000000000000001))
((|m#5$wclk$8| (- 23)))
((|m#6| #x000000000000000000000000000000000000000000000001))
((|m#6$rclk$8| (- 9)))
((|m#7| #x000000000000000000000000000000000000000000000001))
((|m#8| #x000000000000000000000000000000000000000000000000))
((|m#8$wclk$8| (- 9)))
((|m#9| #x000000000000000000000000000000000000000000000000))
((|m#9$rclk$8| (- 24)))
((|main#return_value!0#1| #x00000000))
((|main#return_value!1#1| #x00000000))
((|main#return_value!2#1| #x00000000))
((|main::1::t1!0@1| #x00000000))
((|main::1::t1!0@1#1| #x00000000))
((|main::1::t1!0@1#1$wclk$8| (- 36)))
((|main::1::t1!0@1#2| #x00000001))
((|main::1::t1!0@1#2$wclk$8| (- 29)))
((|main::1::t1!0@1#3| #x00000001))
((|main::1::t1!0@1#3$rclk$8| (- 24)))
((|main::1::t1!0@1#4| #x00000001))
((|main::1::t1!0@1#4$rclk$8| (- 23)))
((|main::1::t2!0@1| #x00000000))
((|main::1::t2!0@1#1| #x00000000))
((|main::1::t2!0@1#1$wclk$8| (- 35)))
((|main::1::t2!0@1#2| #x00000002))
((|main::1::t2!0@1#2$wclk$8| (- 26)))
((|main::1::t2!0@1#3| #x00000002))
((|main::1::t2!0@1#3$rclk$8| (- 3)))
((|main::1::t2!0@1#4| #x00000002))
((|main::1::t2!0@1#4$rclk$8| (- 2)))
((|memory_model::choice_rf_0_22_0_19_T_35| true))
((|memory_model::choice_rf_0_22_0_6_T_34| false))
((|memory_model::choice_rf_0_26_0_13_F_118| false))
((|memory_model::choice_rf_0_26_0_20_F_119| true))
((|memory_model::choice_rf_0_27_0_13_F_120| false))
((|memory_model::choice_rf_0_27_0_20_F_121| true))
((|memory_model::choice_rf_0_28_0_19_T_37| false))
((|memory_model::choice_rf_0_28_0_23_T_38| true))
((|memory_model::choice_rf_0_28_0_6_T_36| false))
((|memory_model::choice_rf_0_29_0_8_T_24| false))
((|memory_model::choice_rf_0_29_1_21_T_25| false))
((|memory_model::choice_rf_0_29_2_21_T_26| true))
((|memory_model::choice_rf_0_30_0_14_F_122| false))
((|memory_model::choice_rf_0_30_0_24_F_123| true))
((|memory_model::choice_rf_0_31_0_14_F_124| false))
((|memory_model::choice_rf_0_31_0_24_F_125| true))
((|memory_model::choice_rf_0_32_0_19_T_40| false))
((|memory_model::choice_rf_0_32_0_23_T_41| true))
((|memory_model::choice_rf_0_32_0_6_T_39| false))
((|memory_model::choice_rf_0_33_0_8_T_27| false))
((|memory_model::choice_rf_0_33_1_21_T_28| false))
((|memory_model::choice_rf_0_33_2_21_T_29| true))
((|memory_model::choice_rf_0_34_0_12_F_42| false))
((|memory_model::choice_rf_0_34_0_15_F_43| false))
((|memory_model::choice_rf_0_34_1_15_F_44| false))
((|memory_model::choice_rf_0_34_2_15_F_45| true))
((|memory_model::choice_rf_1_0_0_11_F_76| false))
((|memory_model::choice_rf_1_0_0_16_F_77| false))
((|memory_model::choice_rf_1_0_2_17_F_79| false))
((|memory_model::choice_rf_1_0_2_1_F_78| true))
((|memory_model::choice_rf_1_11_0_12_F_55| false))
((|memory_model::choice_rf_1_11_0_15_F_56| false))
((|memory_model::choice_rf_1_11_2_15_F_57| false))
((|memory_model::choice_rf_1_12_0_17_F_13| false))
((|memory_model::choice_rf_1_12_0_9_F_12| false))
((|memory_model::choice_rf_1_12_1_10_F_16| false))
((|memory_model::choice_rf_1_12_1_4_F_14| false))
((|memory_model::choice_rf_1_12_1_7_F_15| false))
((|memory_model::choice_rf_1_12_2_19_F_17| false))
((|memory_model::choice_rf_1_14_0_12_F_58| false))
((|memory_model::choice_rf_1_14_0_15_F_59| false))
((|memory_model::choice_rf_1_14_2_15_F_60| false))
((|memory_model::choice_rf_1_16_0_11_F_80| false))
((|memory_model::choice_rf_1_16_0_16_F_81| false))
((|memory_model::choice_rf_1_16_1_1_F_82| false))
((|memory_model::choice_rf_1_16_2_17_F_84| false))
((|memory_model::choice_rf_1_16_2_1_F_83| false))
((|memory_model::choice_rf_1_18_0_10_F_94| false))
((|memory_model::choice_rf_1_18_0_18_F_95| false))
((|memory_model::choice_rf_1_18_2_10_F_98| false))
((|memory_model::choice_rf_1_18_2_13_F_99| false))
((|memory_model::choice_rf_1_18_2_4_F_96| false))
((|memory_model::choice_rf_1_18_2_7_F_97| false))
((|memory_model::choice_rf_1_20_0_8_T_30| false))
((|memory_model::choice_rf_1_20_2_21_T_31| false))
((|memory_model::choice_rf_1_2_0_12_F_46| false))
((|memory_model::choice_rf_1_2_0_15_F_47| false))
((|memory_model::choice_rf_1_2_2_15_F_48| false))
((|memory_model::choice_rf_1_3_0_17_F_1| false))
((|memory_model::choice_rf_1_3_0_9_F_0| false))
((|memory_model::choice_rf_1_3_2_19_F_2| false))
((|memory_model::choice_rf_1_5_0_12_F_49| false))
((|memory_model::choice_rf_1_5_0_15_F_50| false))
((|memory_model::choice_rf_1_5_2_15_F_51| false))
((|memory_model::choice_rf_1_6_0_17_F_4| false))
((|memory_model::choice_rf_1_6_0_9_F_3| false))
((|memory_model::choice_rf_1_6_1_4_F_5| false))
((|memory_model::choice_rf_1_6_2_19_F_6| false))
((|memory_model::choice_rf_1_8_0_12_F_52| false))
((|memory_model::choice_rf_1_8_0_15_F_53| false))
((|memory_model::choice_rf_1_8_2_15_F_54| false))
((|memory_model::choice_rf_1_9_0_17_F_8| false))
((|memory_model::choice_rf_1_9_0_9_F_7| false))
((|memory_model::choice_rf_1_9_1_4_F_9| false))
((|memory_model::choice_rf_1_9_1_7_F_10| false))
((|memory_model::choice_rf_1_9_2_19_F_11| false))
((|memory_model::choice_rf_2_0_0_11_F_85| false))
((|memory_model::choice_rf_2_0_0_16_F_86| true))
((|memory_model::choice_rf_2_0_1_17_F_88| false))
((|memory_model::choice_rf_2_0_1_1_F_87| false))
((|memory_model::choice_rf_2_11_0_12_F_70| false))
((|memory_model::choice_rf_2_11_0_15_F_71| false))
((|memory_model::choice_rf_2_11_1_15_F_72| false))
((|memory_model::choice_rf_2_12_0_10_F_112| false))
((|memory_model::choice_rf_2_12_0_18_F_113| false))
((|memory_model::choice_rf_2_12_1_19_F_114| false))
((|memory_model::choice_rf_2_12_2_10_F_117| false))
((|memory_model::choice_rf_2_12_2_4_F_115| false))
((|memory_model::choice_rf_2_12_2_7_F_116| false))
((|memory_model::choice_rf_2_14_0_12_F_73| false))
((|memory_model::choice_rf_2_14_0_15_F_74| true))
((|memory_model::choice_rf_2_14_1_15_F_75| false))
((|memory_model::choice_rf_2_16_0_11_F_89| false))
((|memory_model::choice_rf_2_16_0_16_F_90| false))
((|memory_model::choice_rf_2_16_1_17_F_92| false))
((|memory_model::choice_rf_2_16_1_1_F_91| false))
((|memory_model::choice_rf_2_16_2_1_F_93| true))
((|memory_model::choice_rf_2_18_0_17_F_19| true))
((|memory_model::choice_rf_2_18_0_9_F_18| false))
((|memory_model::choice_rf_2_18_1_10_F_22| false))
((|memory_model::choice_rf_2_18_1_13_F_23| false))
((|memory_model::choice_rf_2_18_1_4_F_20| false))
((|memory_model::choice_rf_2_18_1_7_F_21| false))
((|memory_model::choice_rf_2_20_0_8_T_32| true))
((|memory_model::choice_rf_2_20_1_21_T_33| false))
((|memory_model::choice_rf_2_2_0_12_F_61| false))
((|memory_model::choice_rf_2_2_0_15_F_62| true))
((|memory_model::choice_rf_2_2_1_15_F_63| false))
((|memory_model::choice_rf_2_3_0_10_F_100| false))
((|memory_model::choice_rf_2_3_0_18_F_101| false))
((|memory_model::choice_rf_2_3_1_19_F_102| false))
((|memory_model::choice_rf_2_5_0_12_F_64| false))
((|memory_model::choice_rf_2_5_0_15_F_65| false))
((|memory_model::choice_rf_2_5_1_15_F_66| false))
((|memory_model::choice_rf_2_6_0_10_F_103| false))
((|memory_model::choice_rf_2_6_0_18_F_104| false))
((|memory_model::choice_rf_2_6_1_19_F_105| false))
((|memory_model::choice_rf_2_6_2_4_F_106| false))
((|memory_model::choice_rf_2_8_0_12_F_67| false))
((|memory_model::choice_rf_2_8_0_15_F_68| false))
((|memory_model::choice_rf_2_8_1_15_F_69| false))
((|memory_model::choice_rf_2_9_0_10_F_107| false))
((|memory_model::choice_rf_2_9_0_18_F_108| false))
((|memory_model::choice_rf_2_9_1_19_F_109| false))
((|memory_model::choice_rf_2_9_2_4_F_110| false))
((|memory_model::choice_rf_2_9_2_7_F_111| false))
((|memory_model::choice_ws-ext_0_10_1_19_F_160| true))
((|memory_model::choice_ws-ext_0_10_2_10_F_163| true))
((|memory_model::choice_ws-ext_0_10_2_13_F_164| true))
((|memory_model::choice_ws-ext_0_10_2_4_F_161| true))
((|memory_model::choice_ws-ext_0_10_2_7_F_162| true))
((|memory_model::choice_ws-ext_0_11_1_17_F_149| true))
((|memory_model::choice_ws-ext_0_11_1_1_F_148| true))
((|memory_model::choice_ws-ext_0_11_2_17_F_151| true))
((|memory_model::choice_ws-ext_0_11_2_1_F_150| true))
((|memory_model::choice_ws-ext_0_12_1_15_F_143| true))
((|memory_model::choice_ws-ext_0_12_2_15_F_144| true))
((|memory_model::choice_ws-ext_0_15_1_15_F_145| true))
((|memory_model::choice_ws-ext_0_15_2_15_F_146| true))
((|memory_model::choice_ws-ext_0_16_1_17_F_153| true))
((|memory_model::choice_ws-ext_0_16_1_1_F_152| true))
((|memory_model::choice_ws-ext_0_16_2_17_F_155| true))
((|memory_model::choice_ws-ext_0_16_2_1_F_154| true))
((|memory_model::choice_ws-ext_0_17_1_10_F_133| true))
((|memory_model::choice_ws-ext_0_17_1_13_F_134| true))
((|memory_model::choice_ws-ext_0_17_1_4_F_131| true))
((|memory_model::choice_ws-ext_0_17_1_7_F_132| true))
((|memory_model::choice_ws-ext_0_17_2_19_F_135| true))
((|memory_model::choice_ws-ext_0_18_1_19_F_165| true))
((|memory_model::choice_ws-ext_0_18_2_10_F_168| true))
((|memory_model::choice_ws-ext_0_18_2_13_F_169| true))
((|memory_model::choice_ws-ext_0_18_2_4_F_166| true))
((|memory_model::choice_ws-ext_0_18_2_7_F_167| true))
((|memory_model::choice_ws-ext_0_8_1_21_T_140| true))
((|memory_model::choice_ws-ext_0_8_2_21_T_141| true))
((|memory_model::choice_ws-ext_0_9_1_10_F_128| true))
((|memory_model::choice_ws-ext_0_9_1_13_F_129| true))
((|memory_model::choice_ws-ext_0_9_1_4_F_126| true))
((|memory_model::choice_ws-ext_0_9_1_7_F_127| true))
((|memory_model::choice_ws-ext_0_9_2_19_F_130| true))
((|memory_model::choice_ws-ext_1_10_2_19_F_138| true))
((|memory_model::choice_ws-ext_1_13_2_19_F_139| true))
((|memory_model::choice_ws-ext_1_15_2_15_F_147| false))
((|memory_model::choice_ws-ext_1_17_2_17_F_159| true))
((|memory_model::choice_ws-ext_1_17_2_1_F_158| false))
((|memory_model::choice_ws-ext_1_19_2_10_F_172| false))
((|memory_model::choice_ws-ext_1_19_2_13_F_173| false))
((|memory_model::choice_ws-ext_1_19_2_4_F_170| false))
((|memory_model::choice_ws-ext_1_19_2_7_F_171| false))
((|memory_model::choice_ws-ext_1_1_2_17_F_157| true))
((|memory_model::choice_ws-ext_1_1_2_1_F_156| false))
((|memory_model::choice_ws-ext_1_21_2_21_T_142| true))
((|memory_model::choice_ws-ext_1_4_2_19_F_136| true))
((|memory_model::choice_ws-ext_1_7_2_19_F_137| true))
((|num#1| #x00000000))
((|num#1$wclk$8| (- 37)))
((|num#10| #x00000001))
((|num#10$rclk$8| (- 23)))
((|num#11| #x00000000))
((|num#11$rclk$8| (- 21)))
((|num#12| #x00000000))
((|num#12$rclk$8| (- 19)))
((|num#13| #x00000000))
((|num#13$rclk$8| (- 17)))
((|num#14| #x00000001))
((|num#14$rclk$8| (- 15)))
((|num#15| #x00000000))
((|num#15$wclk$8| (- 14)))
((|num#2| #x00000001))
((|num#2$wclk$8| (- 34)))
((|num#3| #x00000000))
((|num#3$rclk$8| 1))
((|num#4| #x00000001))
((|num#4$rclk$8| (- 22)))
((|num#5| #x00000001))
((|num#5$rclk$8| (- 20)))
((|num#6| #x00000001))
((|num#6$rclk$8| (- 18)))
((|num#7| #x00000000))
((|num#7$rclk$8| (- 13)))
((|num#8| #x00000000))
((|num#8$rclk$8| (- 11)))
((|num#9| #x00000001))
((|num#9$wclk$8| (- 10)))
((|pthread_cond_init#return_value!0#1| #x00000000))
((|pthread_cond_init#return_value!0#2| #x00000000))
((|pthread_cond_init#return_value!1#1| #x00000000))
((|pthread_cond_init#return_value!2#1| #x00000000))
((|pthread_cond_init::attr!0@1#1| #x00000000))
((|pthread_cond_init::attr!0@2#1| #x00000000))
((|pthread_cond_init::cond!0@1#1| #x03000000))
((|pthread_cond_init::cond!0@2#1| #x04000000))
((|pthread_cond_signal#return_value!1#1| #x00000000))
((|pthread_cond_signal#return_value!1#2| #x00000000))
((|pthread_cond_signal#return_value!2#1| #x00000000))
((|pthread_cond_signal#return_value!2#2| #x00000000))
((|pthread_cond_signal::cond!1@1#1| #x04000000))
((|pthread_cond_signal::cond!2@1#1| #x03000000))
((|pthread_cond_wait#return_value!1#1| #x00000000))
((|pthread_cond_wait#return_value!1#2| #x00000000))
((|pthread_cond_wait#return_value!1#3| #x00000000))
((|pthread_cond_wait#return_value!1#4| #x00000000))
((|pthread_cond_wait#return_value!1#5| #x00000000))
((|pthread_cond_wait#return_value!1#6| #x00000000))
((|pthread_cond_wait#return_value!1#7| #x00000000))
((|pthread_cond_wait#return_value!1#8| #x00000000))
((|pthread_cond_wait#return_value!1#9| #x00000000))
((|pthread_cond_wait#return_value!2#1| #x00000000))
((|pthread_cond_wait#return_value!2#2| #x00000000))
((|pthread_cond_wait#return_value!2#3| #x00000000))
((|pthread_cond_wait#return_value!2#4| #x00000000))
((|pthread_cond_wait#return_value!2#5| #x00000000))
((|pthread_cond_wait#return_value!2#6| #x00000000))
((|pthread_cond_wait#return_value!2#7| #x00000000))
((|pthread_cond_wait#return_value!2#8| #x00000000))
((|pthread_cond_wait#return_value!2#9| #x00000000))
((|pthread_cond_wait::cond!1@1#1| #x03000000))
((|pthread_cond_wait::cond!1@2#1| #x03000000))
((|pthread_cond_wait::cond!1@3#1| #x03000000))
((|pthread_cond_wait::cond!1@4#1| #x03000000))
((|pthread_cond_wait::cond!2@1#1| #x04000000))
((|pthread_cond_wait::cond!2@2#1| #x04000000))
((|pthread_cond_wait::cond!2@3#1| #x04000000))
((|pthread_cond_wait::cond!2@4#1| #x04000000))
((|pthread_cond_wait::mutex!1@1#1| #x02000000))
((|pthread_cond_wait::mutex!1@2#1| #x02000000))
((|pthread_cond_wait::mutex!1@3#1| #x02000000))
((|pthread_cond_wait::mutex!1@4#1| #x02000000))
((|pthread_cond_wait::mutex!2@1#1| #x02000000))
((|pthread_cond_wait::mutex!2@2#1| #x02000000))
((|pthread_cond_wait::mutex!2@3#1| #x02000000))
((|pthread_cond_wait::mutex!2@4#1| #x02000000))
((|pthread_create#return_value!0#1| #x00000000))
((|pthread_create#return_value!0#2| #x00000000))
((|pthread_create#return_value!1#1| #x00000000))
((|pthread_create#return_value!2#1| #x00000000))
((|pthread_create::1::this_thread_id!0@1#1| #x00000000))
((|pthread_create::1::this_thread_id!0@1#2| #x00000001))
((|pthread_create::1::this_thread_id!0@2#1| #x00000000))
((|pthread_create::1::this_thread_id!0@2#2| #x00000002))
((|pthread_create::1::this_thread_id!1@0#0| #x00000000))
((|pthread_create::1::this_thread_id!2@0#0| #x00000000))
((|pthread_create::arg!0@1#1| #x00000000))
((|pthread_create::arg!0@2#1| #x00000000))
((|pthread_create::arg!1@0#1| #x00000000))
((|pthread_create::arg!2@0#1| #x00000000))
((|pthread_create::attr!0@1#1| #x00000000))
((|pthread_create::attr!0@2#1| #x00000000))
((|pthread_create::attr!1@0#1| #x00000000))
((|pthread_create::attr!2@0#1| #x00000000))
((|pthread_create::start_routine!0@1#1| #x06000000))
((|pthread_create::start_routine!0@2#1| #x08000000))
((|pthread_create::start_routine!1@0#1| #x06000000))
((|pthread_create::start_routine!2@0#1| #x08000000))
((|pthread_create::thread!0@1#1| #x05000000))
((|pthread_create::thread!0@2#1| #x07000000))
((|pthread_create::thread!1@0#1| #x05000000))
((|pthread_create::thread!2@0#1| #x07000000))
((|pthread_join#return_value!0#0| #x00000000))
((|pthread_join#return_value!0#1| #x00000003))
((|pthread_join#return_value!0#10| #x00000023))
((|pthread_join#return_value!0#11| #x00000000))
((|pthread_join#return_value!0#12| #x00000000))
((|pthread_join#return_value!0#13| #x00000000))
((|pthread_join#return_value!0#14| #x00000000))
((|pthread_join#return_value!0#2| #x00000000))
((|pthread_join#return_value!0#3| #x00000023))
((|pthread_join#return_value!0#4| #x00000000))
((|pthread_join#return_value!0#5| #x00000000))
((|pthread_join#return_value!0#6| #x00000000))
((|pthread_join#return_value!0#7| #x00000000))
((|pthread_join#return_value!0#8| #x00000003))
((|pthread_join#return_value!0#9| #x00000000))
((|pthread_join#return_value!1#1| #x00000000))
((|pthread_join#return_value!2#1| #x00000000))
((|pthread_join::thread!0@1#1| #x00000001))
((|pthread_join::thread!0@2#1| #x00000002))
((|pthread_join::value_ptr!0@1#1| #x00000000))
((|pthread_join::value_ptr!0@2#1| #x00000000))
((|pthread_mutex_init#return_value!0#1| #x00000000))
((|pthread_mutex_init#return_value!1#1| #x00000000))
((|pthread_mutex_init#return_value!2#1| #x00000000))
((|pthread_mutex_init::mutex!0@1#1| #x02000000))
((|pthread_mutex_init::mutexattr!0@1#1| #x00000000))
((|pthread_mutex_lock#return_value!1#1| #x00000000))
((|pthread_mutex_lock#return_value!1#2| #x00000000))
((|pthread_mutex_lock#return_value!2#1| #x00000000))
((|pthread_mutex_lock#return_value!2#2| #x00000000))
((|pthread_mutex_lock::mutex!1@1#1| #x02000000))
((|pthread_mutex_lock::mutex!2@1#1| #x02000000))
((|pthread_mutex_unlock#return_value!1#1| #x00000000))
((|pthread_mutex_unlock#return_value!1#2| #x00000000))
((|pthread_mutex_unlock#return_value!2#1| #x00000000))
((|pthread_mutex_unlock#return_value!2#2| #x00000000))
((|pthread_mutex_unlock::mutex!1@1#1| #x02000000))
((|pthread_mutex_unlock::mutex!2@1#1| #x02000000))
((|return'!0#1| #x00000000))
((|t1$21$spwnclk$8| (- 28)))
((|t1$25$spwnclk$8| (- 25)))
((|thread1#return_value!1#1| #x00000000))
((|thread1#return_value!1#2| #x00000000))
((|thread1#return_value!2#1| #x00000000))
((|thread1::arg!1@1#1| #x00000000))
((|thread2#return_value!1#1| #x00000000))
((|thread2#return_value!2#1| #x00000000))
((|thread2#return_value!2#2| #x00000000))
((|thread2::arg!2@1#1| #x00000000))
(model 
  (define-fun |memory_model::choice_rf_2_18_1_7_F_21| () Bool
    false)
  (define-fun |memory_model::choice_ws-ext_0_17_2_19_F_135| () Bool
    true)
  (define-fun |memory_model::choice_rf_1_2_2_15_F_48| () Bool
    false)
  (define-fun |memory_model::choice_rf_0_28_0_6_T_36| () Bool
    false)
  (define-fun |empty#6| () (_ BitVec 384)
    #x000000000000000000000000000000000000000000000000000000000000000000000000000000000000000000000000)
  (define-fun |memory_model::choice_ws-ext_0_18_2_10_F_168| () Bool
    true)
  (define-fun |memory_model::choice_rf_0_33_2_21_T_29| () Bool
    true)
  (define-fun |memory_model::choice_rf_1_16_0_11_F_80| () Bool
    false)
  (define-fun |memory_model::choice_ws-ext_0_10_2_4_F_161| () Bool
    true)
  (define-fun t1$25$spwnclk$8 () Int
    (- 25))
  (define-fun |main::1::t2!0@1#2$wclk$8| () Int
    (- 26))
  (define-fun |goto_symex::&92;guard#6| () Bool
    false)
  (define-fun |memory_model::choice_rf_2_18_0_17_F_19| () Bool
    true)
  (define-fun |memory_model::choice_rf_1_11_0_15_F_56| () Bool
    false)
  (define-fun |memory_model::choice_ws-ext_0_16_1_17_F_153| () Bool
    true)
  (define-fun |memory_model::choice_ws-ext_1_1_2_17_F_157| () Bool
    true)
  (define-fun |main::1::t2!0@1#4| () (_ BitVec 32)
    #x00000002)
  (define-fun |__CPROVER_threads_exited#3| () (Array (_ BitVec 32) Bool)
    (lambda ((x!1 (_ BitVec 32)))
  (or (= x!1 #x00000001) (= x!1 #x00000002) (= x!1 #x00000000))))
  (define-fun |full#5$wclk$8| () Int
    (- 8))
  (define-fun |main::1::t1!0@1#1$wclk$8| () Int
    (- 36))
  (define-fun |memory_model::choice_rf_0_32_0_19_T_40| () Bool
    false)
  (define-fun |memory_model::choice_rf_0_34_0_12_F_42| () Bool
    false)
  (define-fun |memory_model::choice_rf_2_16_0_16_F_90| () Bool
    false)
  (define-fun |memory_model::choice_rf_0_30_0_24_F_123| () Bool
    true)
  (define-fun |memory_model::choice_ws-ext_1_1_2_1_F_156| () Bool
    false)
  (define-fun |memory_model::choice_rf_2_14_1_15_F_75| () Bool
    false)
  (define-fun |m#3| () (_ BitVec 192)
    #x000000000000000000000000000000000000000000000001)
  (define-fun |memory_model::choice_ws-ext_1_19_2_10_F_172| () Bool
    false)
  (define-fun |memory_model::choice_rf_1_12_2_19_F_17| () Bool
    false)
  (define-fun |empty#9| () (_ BitVec 384)
    #x000000000000000000000000000000000000000000000000000000000000000000000000000000000000000000000000)
  (define-fun |memory_model::choice_ws-ext_0_8_2_21_T_141| () Bool
    true)
  (define-fun |num#13$rclk$8| () Int
    (- 17))
  (define-fun |memory_model::choice_rf_2_12_2_10_F_117| () Bool
    false)
  (define-fun |empty#5$wclk$8| () Int
    (- 21))
  (define-fun |__CPROVER_next_thread_id#6| () (_ BitVec 32)
    #x00000002)
  (define-fun t1$21$spwnclk$8 () Int
    (- 28))
  (define-fun |num#4$rclk$8| () Int
    (- 22))
  (define-fun |memory_model::choice_ws-ext_0_17_1_13_F_134| () Bool
    true)
  (define-fun |m#5$wclk$8| () Int
    (- 23))
  (define-fun |memory_model::choice_rf_0_34_1_15_F_44| () Bool
    false)
  (define-fun |memory_model::choice_rf_0_34_2_15_F_45| () Bool
    true)
  (define-fun |num#3| () (_ BitVec 32)
    #x00000000)
  (define-fun |num#6| () (_ BitVec 32)
    #x00000001)
  (define-fun |empty#14$wclk$8| () Int
    (- 12))
  (define-fun |memory_model::choice_rf_0_32_0_6_T_39| () Bool
    false)
  (define-fun |goto_symex::&92;guard#12| () Bool
    false)
  (define-fun |memory_model::choice_rf_0_28_0_23_T_38| () Bool
    true)
  (define-fun |memory_model::choice_ws-ext_0_17_1_7_F_132| () Bool
    true)
  (define-fun |goto_symex::&92;guard#4| () Bool
    false)
  (define-fun |memory_model::choice_rf_0_27_0_20_F_121| () Bool
    true)
  (define-fun |memory_model::choice_rf_0_26_0_20_F_119| () Bool
    true)
  (define-fun |memory_model::choice_rf_0_22_0_19_T_35| () Bool
    true)
  (define-fun |memory_model::choice_rf_2_0_1_1_F_87| () Bool
    false)
  (define-fun |num#15$wclk$8| () Int
    (- 14))
  (define-fun |goto_symex::&92;guard#15| () Bool
    true)
  (define-fun |m#1$wclk$8| () Int
    (- 38))
  (define-fun |memory_model::choice_ws-ext_0_9_1_7_F_127| () Bool
    true)
  (define-fun |main::1::t1!0@1#4$rclk$8| () Int
    (- 23))
  (define-fun |memory_model::choice_rf_2_6_1_19_F_105| () Bool
    false)
  (define-fun |num#14| () (_ BitVec 32)
    #x00000001)
  (define-fun |num#11| () (_ BitVec 32)
    #x00000000)
  (define-fun |__CPROVER_next_thread_id#7| () (_ BitVec 32)
    #x00000002)
  (define-fun |__CPROVER_threads_exited#4| () (Array (_ BitVec 32) Bool)
    (lambda ((x!1 (_ BitVec 32))) (or (= x!1 #x00000001) (= x!1 #x00000002))))
  (define-fun |memory_model::choice_ws-ext_1_7_2_19_F_137| () Bool
    true)
  (define-fun |memory_model::choice_rf_1_18_2_7_F_97| () Bool
    false)
  (define-fun |memory_model::choice_ws-ext_1_13_2_19_F_139| () Bool
    true)
  (define-fun |main::1::t1!0@1#3| () (_ BitVec 32)
    #x00000001)
  (define-fun |memory_model::choice_ws-ext_1_4_2_19_F_136| () Bool
    true)
  (define-fun |__CPROVER_threads_exited#3$rclk$8| () Int
    0)
  (define-fun |memory_model::choice_ws-ext_0_11_2_1_F_150| () Bool
    true)
  (define-fun |memory_model::choice_ws-ext_0_16_2_17_F_155| () Bool
    true)
  (define-fun |empty#3| () (_ BitVec 384)
    #x000000000000000000000000000000000000000000000000000000000000000000000000000000000000000000000000)
  (define-fun |full#2$wclk$8| () Int
    (- 31))
  (define-fun |num#8| () (_ BitVec 32)
    #x00000000)
  (define-fun |__CPROVER_threads_exited#1$wclk$8| () Int
    (- 41))
  (define-fun |memory_model::choice_rf_2_3_1_19_F_102| () Bool
    false)
  (define-fun |full#14$wclk$8| () Int
    (- 18))
  (define-fun |__CPROVER_next_thread_id#5$wclk$8| () Int
    (- 27))
  (define-fun |empty#8$wclk$8| () Int
    (- 19))
  (define-fun |memory_model::choice_rf_0_34_0_15_F_43| () Bool
    false)
  (define-fun |goto_symex::&92;guard#5| () Bool
    false)
  (define-fun |memory_model::choice_ws-ext_0_17_1_4_F_131| () Bool
    true)
  (define-fun |__CPROVER_threads_exited#2$rclk$8| () Int
    (- 4))
  (define-fun |m#14$wclk$8| () Int
    (- 8))
  (define-fun |memory_model::choice_rf_2_0_1_17_F_88| () Bool
    false)
  (define-fun |memory_model::choice_ws-ext_1_17_2_1_F_158| () Bool
    false)
  (define-fun |empty#1$wclk$8| () Int
    (- 40))
  (define-fun |__CPROVER_threads_exited#2| () (Array (_ BitVec 32) Bool)
    (lambda ((x!1 (_ BitVec 32)))
  (or (= x!1 #x00000001) (= x!1 #x00000002) (= x!1 #x00000000))))
  (define-fun |empty#17$wclk$8| () Int
    (- 7))
  (define-fun |goto_symex::&92;guard#10| () Bool
    true)
  (define-fun |memory_model::choice_ws-ext_0_18_2_7_F_167| () Bool
    true)
  (define-fun |memory_model::choice_ws-ext_0_9_2_19_F_130| () Bool
    true)
  (define-fun |memory_model::choice_rf_1_12_1_7_F_15| () Bool
    false)
  (define-fun |m#2$wclk$8| () Int
    (- 33))
  (define-fun |memory_model::choice_ws-ext_0_10_1_19_F_160| () Bool
    true)
  (define-fun |m#6| () (_ BitVec 192)
    #x000000000000000000000000000000000000000000000001)
  (define-fun |memory_model::choice_rf_2_2_0_12_F_61| () Bool
    false)
  (define-fun |memory_model::choice_ws-ext_1_10_2_19_F_138| () Bool
    true)
  (define-fun |memory_model::choice_ws-ext_0_12_2_15_F_144| () Bool
    true)
  (define-fun |pthread_create::1::this_thread_id!1@0#0| () (_ BitVec 32)
    #x00000000)
  (define-fun |num#3$rclk$8| () Int
    1)
  (define-fun |memory_model::choice_ws-ext_0_9_1_13_F_129| () Bool
    true)
  (define-fun |memory_model::choice_rf_2_18_1_13_F_23| () Bool
    false)
  (define-fun |main::1::t1!0@1#3$rclk$8| () Int
    (- 24))
  (define-fun |goto_symex::&92;guard#7| () Bool
    true)
  (define-fun |memory_model::choice_rf_2_18_0_9_F_18| () Bool
    false)
  (define-fun |memory_model::choice_rf_2_11_0_15_F_71| () Bool
    false)
  (define-fun |num#12| () (_ BitVec 32)
    #x00000000)
  (define-fun |memory_model::choice_rf_0_31_0_14_F_124| () Bool
    false)
  (define-fun |num#13| () (_ BitVec 32)
    #x00000000)
  (define-fun |memory_model::choice_ws-ext_1_19_2_13_F_173| () Bool
    false)
  (define-fun |memory_model::choice_rf_2_6_2_4_F_106| () Bool
    false)
  (define-fun |__CPROVER_next_thread_id#2$wclk$8| () Int
    (- 30))
  (define-fun |memory_model::choice_ws-ext_1_19_2_7_F_171| () Bool
    false)
  (define-fun |memory_model::choice_ws-ext_0_15_2_15_F_146| () Bool
    true)
  (define-fun |memory_model::choice_rf_2_5_1_15_F_66| () Bool
    false)
  (define-fun |memory_model::choice_ws-ext_0_17_1_10_F_133| () Bool
    true)
  (define-fun |m#9| () (_ BitVec 192)
    #x000000000000000000000000000000000000000000000000)
  (define-fun |memory_model::choice_rf_2_5_0_15_F_65| () Bool
    false)
  (define-fun |__CPROVER_threads_exited#6| () (Array (_ BitVec 32) Bool)
    (lambda ((x!1 (_ BitVec 32))) (or (= x!1 #x00000001) (= x!1 #x00000002))))
  (define-fun |num#12$rclk$8| () Int
    (- 19))
  (define-fun |__CPROVER_next_thread_id#7$rclk$8| () Int
    (- 1))
  (define-fun |memory_model::choice_rf_2_18_1_4_F_20| () Bool
    false)
  (define-fun |main::1::t2!0@1#3$rclk$8| () Int
    (- 3))
  (define-fun |memory_model::choice_rf_2_14_0_12_F_73| () Bool
    false)
  (define-fun |memory_model::choice_rf_2_16_0_11_F_89| () Bool
    false)
  (define-fun |memory_model::choice_rf_2_12_1_19_F_114| () Bool
    false)
  (define-fun |memory_model::choice_rf_1_3_2_19_F_2| () Bool
    false)
  (define-fun |memory_model::choice_rf_2_20_0_8_T_32| () Bool
    true)
  (define-fun |main::1::t2!0@1#3| () (_ BitVec 32)
    #x00000002)
  (define-fun |m#8$wclk$8| () Int
    (- 9))
  (define-fun |memory_model::choice_ws-ext_0_16_2_1_F_154| () Bool
    true)
  (define-fun |main::1::t2!0@1#1$wclk$8| () Int
    (- 35))
  (define-fun |num#6$rclk$8| () Int
    (- 18))
  (define-fun |memory_model::choice_rf_1_12_1_10_F_16| () Bool
    false)
  (define-fun |memory_model::choice_rf_2_8_0_15_F_68| () Bool
    false)
  (define-fun |memory_model::choice_rf_1_14_0_15_F_59| () Bool
    false)
  (define-fun |memory_model::choice_rf_2_2_1_15_F_63| () Bool
    false)
  (define-fun |memory_model::choice_rf_2_14_0_15_F_74| () Bool
    true)
  (define-fun |memory_model::choice_ws-ext_0_11_2_17_F_151| () Bool
    true)
  (define-fun |memory_model::choice_rf_1_18_2_10_F_98| () Bool
    false)
  (define-fun |goto_symex::&92;guard#13| () Bool
    true)
  (define-fun |empty#11$wclk$8| () Int
    (- 17))
  (define-fun |num#8$rclk$8| () Int
    (- 11))
  (define-fun |full#8$wclk$8| () Int
    (- 22))
  (define-fun |pthread_create::1::this_thread_id!2@0#0| () (_ BitVec 32)
    #x00000000)
  (define-fun |full#12| () (_ BitVec 384)
    #x000000000000000000000000000000000000000000000000000000000000000000000000000000000000000000000000)
  (define-fun |memory_model::choice_rf_2_9_1_19_F_109| () Bool
    false)
  (define-fun |goto_symex::&92;guard#8| () Bool
    true)
  (define-fun |memory_model::choice_rf_1_18_2_13_F_99| () Bool
    false)
  (define-fun |memory_model::choice_rf_0_29_2_21_T_26| () Bool
    true)
  (define-fun |memory_model::choice_rf_1_8_2_15_F_54| () Bool
    false)
  (define-fun |num#9$wclk$8| () Int
    (- 10))
  (define-fun |num#5$rclk$8| () Int
    (- 20))
  (define-fun |main::1::t1!0@1#2$wclk$8| () Int
    (- 29))
  (define-fun |full#1$wclk$8| () Int
    (- 39))
  (define-fun |__CPROVER_threads_exited#6$rclk$8| () Int
    (- 6))
  (define-fun |__CPROVER_threads_exited#7$wclk$8| () Int
    (- 5))
  (define-fun |num#4| () (_ BitVec 32)
    #x00000001)
  (define-fun |goto_symex::&92;guard#9| () Bool
    true)
  (define-fun |memory_model::choice_ws-ext_0_12_1_15_F_143| () Bool
    true)
  (define-fun |memory_model::choice_rf_1_16_2_17_F_84| () Bool
    false)
  (define-fun |memory_model::choice_ws-ext_0_16_1_1_F_152| () Bool
    true)
  (define-fun |memory_model::choice_rf_1_6_1_4_F_5| () Bool
    false)
  (define-fun |memory_model::choice_rf_1_0_0_16_F_77| () Bool
    false)
  (define-fun |memory_model::choice_rf_0_31_0_24_F_125| () Bool
    true)
  (define-fun |memory_model::choice_ws-ext_0_10_2_10_F_163| () Bool
    true)
  (define-fun |memory_model::choice_rf_0_33_0_8_T_27| () Bool
    false)
  (define-fun |memory_model::choice_rf_2_0_0_11_F_85| () Bool
    false)
  (define-fun |memory_model::choice_rf_1_16_1_1_F_82| () Bool
    false)
  (define-fun |memory_model::choice_ws-ext_0_8_1_21_T_140| () Bool
    true)
  (define-fun |goto_symex::&92;guard#3| () Bool
    false)
  (define-fun |memory_model::choice_ws-ext_1_15_2_15_F_147| () Bool
    false)
  (define-fun |memory_model::choice_ws-ext_0_10_2_13_F_164| () Bool
    true)
  (define-fun |memory_model::choice_ws-ext_0_18_2_4_F_166| () Bool
    true)
  (define-fun |num#7| () (_ BitVec 32)
    #x00000000)
  (define-fun |memory_model::choice_rf_1_0_0_11_F_76| () Bool
    false)
  (define-fun |memory_model::choice_rf_1_0_2_1_F_78| () Bool
    true)
  (define-fun |memory_model::choice_ws-ext_0_9_1_4_F_126| () Bool
    true)
  (define-fun |full#9| () (_ BitVec 384)
    #x000000000000000000000000000000000000000000000000000000000000000000000000000000000000000000000000)
  (define-fun array_of.0 () (Array (_ BitVec 32) Bool)
    (lambda ((x!1 (_ BitVec 32))) (or (= x!1 #x00000001) (= x!1 #x00000002))))
  (define-fun |m#11$wclk$8| () Int
    (- 24))
  (define-fun |memory_model::choice_rf_0_29_1_21_T_25| () Bool
    false)
  (define-fun |memory_model::choice_rf_1_14_0_12_F_58| () Bool
    false)
  (define-fun |full#11$wclk$8| () Int
    (- 20))
  (define-fun |__CPROVER_next_thread_id#6$rclk$8| () Int
    (- 22))
  (define-fun |memory_model::choice_rf_1_16_0_16_F_81| () Bool
    false)
  (define-fun |m#12| () (_ BitVec 192)
    #x000000000000000000000000000000000000000000000001)
  (define-fun |memory_model::choice_rf_1_0_2_17_F_79| () Bool
    false)
  (define-fun |num#7$rclk$8| () Int
    (- 13))
  (define-fun |memory_model::choice_rf_0_22_0_6_T_34| () Bool
    false)
  (define-fun |memory_model::choice_rf_2_0_0_16_F_86| () Bool
    true)
  (define-fun |memory_model::choice_rf_2_18_1_10_F_22| () Bool
    false)
  (define-fun |full#3| () (_ BitVec 384)
    #x000000000000000000000000000000000000000000000000000000000000000000000000000000000000000000000000)
  (define-fun |memory_model::choice_rf_0_33_1_21_T_28| () Bool
    false)
  (define-fun |memory_model::choice_rf_1_6_2_19_F_6| () Bool
    false)
  (define-fun |memory_model::choice_rf_2_20_1_21_T_33| () Bool
    false)
  (define-fun |memory_model::choice_rf_2_11_1_15_F_72| () Bool
    false)
  (define-fun |memory_model::choice_rf_1_9_1_4_F_9| () Bool
    false)
  (define-fun |memory_model::choice_ws-ext_1_21_2_21_T_142| () Bool
    true)
  (define-fun |memory_model::choice_ws-ext_0_18_2_13_F_169| () Bool
    true)
  (define-fun |memory_model::choice_rf_1_5_0_12_F_49| () Bool
    false)
  (define-fun |memory_model::choice_rf_0_26_0_13_F_118| () Bool
    false)
  (define-fun |memory_model::choice_rf_1_20_2_21_T_31| () Bool
    false)
  (define-fun |memory_model::choice_rf_2_16_1_1_F_91| () Bool
    false)
  (define-fun |memory_model::choice_ws-ext_0_11_1_17_F_149| () Bool
    true)
  (define-fun |memory_model::choice_ws-ext_1_17_2_17_F_159| () Bool
    true)
  (define-fun |memory_model::choice_rf_0_27_0_13_F_120| () Bool
    false)
  (define-fun |memory_model::choice_rf_1_9_1_7_F_10| () Bool
    false)
  (define-fun |memory_model::choice_ws-ext_1_19_2_4_F_170| () Bool
    false)
  (define-fun |main::1::t1!0@1#4| () (_ BitVec 32)
    #x00000001)
  (define-fun |memory_model::choice_rf_0_30_0_14_F_122| () Bool
    false)
  (define-fun |num#10$rclk$8| () Int
    (- 23))
  (define-fun |num#5| () (_ BitVec 32)
    #x00000001)
  (define-fun |num#10| () (_ BitVec 32)
    #x00000001)
  (define-fun |num#14$rclk$8| () Int
    (- 15))
  (define-fun |empty#15| () (_ BitVec 384)
    #x000000000000000000000000000000000000000000000000000000000000000000000000000000000000000000000000)
  (define-fun |__CPROVER_threads_exited#5$wclk$8| () Int
    (- 6))
  (define-fun |goto_symex::&92;guard#11| () Bool
    false)
  (define-fun |memory_model::choice_rf_1_18_2_4_F_96| () Bool
    false)
  (define-fun |memory_model::choice_rf_2_9_2_7_F_111| () Bool
    false)
  (define-fun |empty#2$wclk$8| () Int
    (- 32))
  (define-fun |memory_model::choice_ws-ext_0_10_2_7_F_162| () Bool
    true)
  (define-fun |full#17$wclk$8| () Int
    (- 16))
  (define-fun |num#11$rclk$8| () Int
    (- 21))
  (define-fun |__CPROVER_next_thread_id#3| () (_ BitVec 32)
    #x00000001)
  (define-fun |memory_model::choice_rf_0_29_0_8_T_24| () Bool
    false)
  (define-fun |memory_model::choice_rf_0_28_0_19_T_37| () Bool
    false)
  (define-fun |memory_model::choice_rf_2_12_2_7_F_116| () Bool
    false)
  (define-fun |memory_model::choice_rf_0_32_0_23_T_41| () Bool
    true)
  (define-fun |memory_model::choice_rf_2_16_1_17_F_92| () Bool
    false)
  (define-fun |memory_model::choice_ws-ext_0_15_1_15_F_145| () Bool
    true)
  (define-fun |memory_model::choice_ws-ext_0_11_1_1_F_148| () Bool
    true)
  (define-fun |memory_model::choice_rf_1_9_2_19_F_11| () Bool
    false)
  (define-fun |memory_model::choice_rf_2_2_0_15_F_62| () Bool
    true)
  (define-fun |memory_model::choice_ws-ext_0_18_1_19_F_165| () Bool
    true)
  (define-fun |memory_model::choice_rf_2_8_1_15_F_69| () Bool
    false)
  (define-fun |memory_model::choice_rf_1_5_2_15_F_51| () Bool
    false)
  (define-fun |memory_model::choice_rf_2_16_2_1_F_93| () Bool
    true)
  (define-fun |memory_model::choice_rf_1_2_0_12_F_46| () Bool
    false)
  (define-fun |memory_model::choice_rf_1_12_1_4_F_14| () Bool
    false)
  (define-fun |empty#12| () (_ BitVec 384)
    #x000000000000000000000000000000000000000000000000000000000000000000000000000000000000000000000000)
  (define-fun |goto_symex::&92;guard#14| () Bool
    true)
  (define-fun |__CPROVER_threads_exited#4$rclk$8| () Int
    (- 7))
  (define-fun |num#2$wclk$8| () Int
    (- 34))
  (define-fun |main::1::t2!0@1#4$rclk$8| () Int
    (- 2))
  (define-fun |memory_model::choice_ws-ext_0_9_1_10_F_128| () Bool
    true)
  (define-fun |memory_model::choice_rf_1_8_0_12_F_52| () Bool
    false)
  (define-fun |full#6| () (_ BitVec 384)
    #x000000000000000000000000000000000000000000000000000000000000000000000000000000000000000000000000)
  (define-fun |full#15| () (_ BitVec 384)
    #x000000000000000000000000000000000000000000000000000000000000000000000000000000000000000000000000)
  (define-fun |memory_model::choice_rf_2_12_2_4_F_115| () Bool
    false)
  (define-fun |memory_model::choice_rf_2_9_2_4_F_110| () Bool
    false)
  (define-fun |num#1$wclk$8| () Int
    (- 37))
  (define-fun |__CPROVER_pipe_count#1$wclk$8| () Int
    (- 42))
  (define-fun |__CPROVER_next_thread_id#1$wclk$8| () Int
    (- 43))
  (define-fun |__CPROVER_memory_leak#1$wclk$8| () Int
    (- 44))
  (define-fun |__CPROVER_malloc_size#1$wclk$8| () Int
    (- 45))
  (define-fun |__CPROVER_malloc_object#1$wclk$8| () Int
    (- 46))
  (define-fun |__CPROVER_malloc_is_new_array#1$wclk$8| () Int
    (- 47))
  (define-fun |__CPROVER_deallocated#1$wclk$8| () Int
    (- 48))
  (define-fun |__CPROVER_dead_object#1$wclk$8| () Int
    (- 49))
  (define-fun |empty#15$rclk$8| () Int
    (- 7))
  (define-fun |m#12$rclk$8| () Int
    (- 8))
  (define-fun |full#15$rclk$8| () Int
    (- 16))
  (define-fun |full#12$rclk$8| () Int
    (- 18))
  (define-fun |full#9$rclk$8| () Int
    (- 20))
  (define-fun |full#6$rclk$8| () Int
    (- 22))
  (define-fun |m#9$rclk$8| () Int
    (- 24))
  (define-fun |full#3$rclk$8| () Int
    (- 8))
  (define-fun |m#6$rclk$8| () Int
    (- 9))
  (define-fun |empty#12$rclk$8| () Int
    (- 12))
  (define-fun |empty#9$rclk$8| () Int
    (- 17))
  (define-fun |empty#6$rclk$8| () Int
    (- 19))
  (define-fun |empty#3$rclk$8| () Int
    (- 21))
  (define-fun |m#3$rclk$8| () Int
    (- 23))
  (define-fun |__CPROVER_next_thread_id#3$rclk$8| () Int
    (- 27))
  (define-fun |full#16| () (_ BitVec 384)
    #x000000000000000000000000000000000000000000000000000000000000000000000000000000000000000000000000)
  (define-fun |full#13| () (_ BitVec 384)
    #x000000000000000000000000000000000000000000000000000000000000000000000000000000000000000000000000)
  (define-fun |full#10| () (_ BitVec 384)
    #x000000000000000000000000000000000000000000000000000000000000000000000000000000000000000000000000)
  (define-fun |full#7| () (_ BitVec 384)
    #x000000000000000000000000000000000000000000000000000000000000000000000000000000000000000000000000)
  (define-fun |m#10| () (_ BitVec 192)
    #x000000000000000000000000000000000000000000000000)
  (define-fun |empty#13| () (_ BitVec 384)
    #x000000000000000000000000000000000000000000000000000000000000000000000000000000000000000000000000)
  (define-fun |empty#10| () (_ BitVec 384)
    #x000000000000000000000000000000000000000000000000000000000000000000000000000000000000000000000000)
  (define-fun |empty#7| () (_ BitVec 384)
    #x000000000000000000000000000000000000000000000000000000000000000000000000000000000000000000000000)
  (define-fun |empty#4| () (_ BitVec 384)
    #x000000000000000000000000000000000000000000000000000000000000000000000000000000000000000000000000)
  (define-fun |m#4| () (_ BitVec 192)
    #x000000000000000000000000000000000000000000000001)
  (define-fun |pthread_join::thread!0@2#1| () (_ BitVec 32)
    #x00000002)
  (define-fun |pthread_join::thread!0@1#1| () (_ BitVec 32)
    #x00000001)
  (define-fun |main::1::t1!0@1#1| () (_ BitVec 32)
    #x00000000)
  (define-fun |main::1::t2!0@1#1| () (_ BitVec 32)
    #x00000000)
  (define-fun |pthread_create::1::this_thread_id!0@1#1| () (_ BitVec 32)
    #x00000000)
  (define-fun |pthread_create::1::this_thread_id!0@2#1| () (_ BitVec 32)
    #x00000000)
  (define-fun empty () (_ BitVec 384)
    #x000000000000000000000000000000000000000000000000000000000000000000000000000000000000000000000000)
  (define-fun full () (_ BitVec 384)
    #x000000000000000000000000000000000000000000000000000000000000000000000000000000000000000000000000)
  (define-fun m () (_ BitVec 192)
    #x000000000000000000000000000000000000000000000000)
  (define-fun |main::1::t1!0@1| () (_ BitVec 32)
    #x00000000)
  (define-fun |main::1::t2!0@1| () (_ BitVec 32)
    #x00000000)
  (define-fun |memory_model::choice_rf_1_11_0_12_F_55| () Bool
    false)
  (define-fun |memory_model::choice_rf_1_11_2_15_F_57| () Bool
    false)
  (define-fun |memory_model::choice_rf_1_12_0_17_F_13| () Bool
    false)
  (define-fun |memory_model::choice_rf_1_12_0_9_F_12| () Bool
    false)
  (define-fun |memory_model::choice_rf_1_14_2_15_F_60| () Bool
    false)
  (define-fun |memory_model::choice_rf_1_16_2_1_F_83| () Bool
    false)
  (define-fun |memory_model::choice_rf_1_18_0_10_F_94| () Bool
    false)
  (define-fun |memory_model::choice_rf_1_18_0_18_F_95| () Bool
    false)
  (define-fun |memory_model::choice_rf_1_20_0_8_T_30| () Bool
    false)
  (define-fun |memory_model::choice_rf_1_2_0_15_F_47| () Bool
    false)
  (define-fun |memory_model::choice_rf_1_3_0_17_F_1| () Bool
    false)
  (define-fun |memory_model::choice_rf_1_3_0_9_F_0| () Bool
    false)
  (define-fun |memory_model::choice_rf_1_5_0_15_F_50| () Bool
    false)
  (define-fun |memory_model::choice_rf_1_6_0_17_F_4| () Bool
    false)
  (define-fun |memory_model::choice_rf_1_6_0_9_F_3| () Bool
    false)
  (define-fun |memory_model::choice_rf_1_8_0_15_F_53| () Bool
    false)
  (define-fun |memory_model::choice_rf_1_9_0_17_F_8| () Bool
    false)
  (define-fun |memory_model::choice_rf_1_9_0_9_F_7| () Bool
    false)
  (define-fun |memory_model::choice_rf_2_11_0_12_F_70| () Bool
    false)
  (define-fun |memory_model::choice_rf_2_12_0_10_F_112| () Bool
    false)
  (define-fun |memory_model::choice_rf_2_12_0_18_F_113| () Bool
    false)
  (define-fun |memory_model::choice_rf_2_3_0_10_F_100| () Bool
    false)
  (define-fun |memory_model::choice_rf_2_3_0_18_F_101| () Bool
    false)
  (define-fun |memory_model::choice_rf_2_5_0_12_F_64| () Bool
    false)
  (define-fun |memory_model::choice_rf_2_6_0_10_F_103| () Bool
    false)
  (define-fun |memory_model::choice_rf_2_6_0_18_F_104| () Bool
    false)
  (define-fun |memory_model::choice_rf_2_8_0_12_F_67| () Bool
    false)
  (define-fun |memory_model::choice_rf_2_9_0_10_F_107| () Bool
    false)
  (define-fun |memory_model::choice_rf_2_9_0_18_F_108| () Bool
    false)
  (define-fun |pthread_join#return_value!0#0| () (_ BitVec 32)
    #x00000000)
)
(:added-eqs               515
 :arith-add-rows          2185
 :arith-assert-lower      101
 :arith-assert-upper      148
 :arith-bound-prop        215
 :arith-pivots            93
 :array-ax1               2
 :array-ax2               8
 :array-def-store         1
 :binary-propagations     2554
 :bv-bit2core             11751
 :bv-conflicts            2
 :bv-diseqs               23
 :bv-dynamic-diseqs       8
 :bv->core-eq             142
 :conflicts               12
 :decisions               834
 :del-clause              651
 :eliminated-applications 16
 :eliminated-vars         27
 :final-checks            2
 :max-memory              10.31
 :memory                  5.19
 :minimized-lits          6
 :mk-bool-var             7663
 :mk-clause               3471
 :num-allocs              18317605
 :num-checks              1
 :propagations            4652
 :rlimit-count            833542
 :time                    0.06
 :total-time              0.09)

real	0m0.093s
user	0m0.090s
sys	0m0.003s
State: AC Run_time: 0.09548473358154297