num of guard = 11
num of elim = 23
num of guard = 11
num of elim = 0
sat
((|B0| false))
((|B1| false))
((|B10| true))
((|B100| false))
((|B101| false))
((|B102| false))
((|B103| false))
((|B104| false))
((|B105| false))
((|B106| false))
((|B107| false))
((|B108| false))
((|B109| false))
((|B11| true))
((|B110| false))
((|B111| false))
((|B112| false))
((|B113| false))
((|B114| false))
((|B115| false))
((|B116| false))
((|B117| false))
((|B118| false))
((|B119| false))
((|B12| true))
((|B120| true))
((|B121| true))
((|B122| true))
((|B123| true))
((|B124| true))
((|B125| true))
((|B126| true))
((|B127| true))
((|B128| false))
((|B129| false))
((|B13| true))
((|B130| false))
((|B131| false))
((|B132| false))
((|B133| false))
((|B134| false))
((|B135| false))
((|B136| false))
((|B137| false))
((|B138| false))
((|B139| false))
((|B14| true))
((|B140| false))
((|B141| false))
((|B142| false))
((|B143| false))
((|B144| false))
((|B145| false))
((|B146| false))
((|B147| false))
((|B148| false))
((|B149| false))
((|B15| true))
((|B150| false))
((|B151| false))
((|B152| false))
((|B153| false))
((|B154| false))
((|B155| false))
((|B156| false))
((|B157| false))
((|B158| false))
((|B159| false))
((|B16| true))
((|B160| false))
((|B161| false))
((|B162| false))
((|B163| false))
((|B164| false))
((|B165| false))
((|B166| false))
((|B167| false))
((|B168| false))
((|B169| false))
((|B17| true))
((|B170| false))
((|B171| true))
((|B172| true))
((|B173| true))
((|B174| true))
((|B175| true))
((|B176| true))
((|B177| true))
((|B178| true))
((|B179| true))
((|B18| false))
((|B180| true))
((|B181| true))
((|B182| true))
((|B183| true))
((|B184| true))
((|B185| true))
((|B186| true))
((|B187| true))
((|B188| true))
((|B189| true))
((|B19| false))
((|B190| true))
((|B191| true))
((|B192| true))
((|B193| true))
((|B194| true))
((|B195| true))
((|B196| true))
((|B197| true))
((|B198| true))
((|B199| true))
((|B2| true))
((|B20| true))
((|B200| true))
((|B201| true))
((|B202| true))
((|B203| true))
((|B204| true))
((|B205| true))
((|B206| true))
((|B207| true))
((|B208| true))
((|B209| true))
((|B21| false))
((|B210| false))
((|B211| true))
((|B212| true))
((|B213| true))
((|B214| true))
((|B215| true))
((|B216| true))
((|B217| true))
((|B218| true))
((|B219| false))
((|B22| false))
((|B220| false))
((|B221| false))
((|B222| true))
((|B223| true))
((|B224| false))
((|B225| false))
((|B23| true))
((|B24| true))
((|B25| true))
((|B26| true))
((|B27| true))
((|B28| true))
((|B29| true))
((|B3| false))
((|B30| false))
((|B31| false))
((|B32| false))
((|B33| false))
((|B34| false))
((|B35| false))
((|B36| false))
((|B37| false))
((|B38| false))
((|B39| false))
((|B4| false))
((|B40| false))
((|B41| false))
((|B42| false))
((|B43| false))
((|B44| false))
((|B45| false))
((|B46| false))
((|B47| false))
((|B48| false))
((|B49| false))
((|B5| true))
((|B50| false))
((|B51| false))
((|B52| false))
((|B53| false))
((|B54| false))
((|B55| false))
((|B56| false))
((|B57| false))
((|B58| false))
((|B59| false))
((|B6| true))
((|B60| false))
((|B61| false))
((|B62| false))
((|B63| false))
((|B64| false))
((|B65| false))
((|B66| false))
((|B67| false))
((|B68| false))
((|B69| false))
((|B7| true))
((|B70| false))
((|B71| false))
((|B72| false))
((|B73| false))
((|B74| false))
((|B75| false))
((|B76| false))
((|B77| false))
((|B78| false))
((|B79| false))
((|B8| true))
((|B80| false))
((|B81| false))
((|B82| false))
((|B83| false))
((|B84| false))
((|B85| false))
((|B86| false))
((|B87| false))
((|B88| false))
((|B89| false))
((|B9| true))
((|B90| false))
((|B91| false))
((|B92| false))
((|B93| false))
((|B94| false))
((|B95| false))
((|B96| false))
((|B97| false))
((|B98| false))
((|B99| false))
((|__CPROVER_dead_object#1| #x00000000))
((|__CPROVER_dead_object#1$wclk$8| (- 42)))
((|__CPROVER_deallocated#1| #x00000000))
((|__CPROVER_deallocated#1$wclk$8| (- 41)))
((|__CPROVER_malloc_is_new_array#1| false))
((|__CPROVER_malloc_is_new_array#1$wclk$8| (- 40)))
((|__CPROVER_malloc_object#1| #x00000000))
((|__CPROVER_malloc_object#1$wclk$8| (- 39)))
((|__CPROVER_malloc_size#1| #x00000000))
((|__CPROVER_malloc_size#1$wclk$8| (- 38)))
((|__CPROVER_memory_leak#1| #x00000000))
((|__CPROVER_memory_leak#1$wclk$8| (- 37)))
((|__CPROVER_next_thread_id#1| #x00000000))
((|__CPROVER_next_thread_id#1$wclk$8| (- 36)))
((|__CPROVER_next_thread_id#2| #x00000001))
((|__CPROVER_next_thread_id#2$wclk$8| (- 23)))
((|__CPROVER_next_thread_id#3| #x00000001))
((|__CPROVER_next_thread_id#3$rclk$8| (- 20)))
((|__CPROVER_next_thread_id#4| #x00000001))
((|__CPROVER_next_thread_id#5| #x00000002))
((|__CPROVER_next_thread_id#5$wclk$8| (- 20)))
((|__CPROVER_next_thread_id#6| #x00000002))
((|__CPROVER_next_thread_id#6$rclk$8| (- 15)))
((|__CPROVER_next_thread_id#7| #x00000002))
((|__CPROVER_next_thread_id#7$rclk$8| (- 1)))
((|__CPROVER_pipe_count#1| #x00000000))
((|__CPROVER_pipe_count#1$wclk$8| (- 35)))
((|__CPROVER_rounding_mode!0#1| #x00000000))
((|__CPROVER_rounding_mode!1#1| #x00000000))
((|__CPROVER_rounding_mode!2#1| #x00000000))
((|__CPROVER_thread_id!0#1| #x00000000))
((|__CPROVER_thread_id!1#1| #x00000000))
((|__CPROVER_thread_id!1#2| #x00000000))
((|__CPROVER_thread_id!2#1| #x00000000))
((|__CPROVER_thread_id!2#2| #x00000000))
((|__CPROVER_threads_exited#1| (store (store ((as const (Array (_ BitVec 32) Bool)) false) #x00000002 true)
       #x00000001
       true)))
((|__CPROVER_threads_exited#1$wclk$8| (- 34)))
((|__CPROVER_threads_exited#2| (store (store (store ((as const (Array (_ BitVec 32) Bool)) false)
                     #x00000002
                     true)
              #x00000001
              true)
       #x00000000
       true)))
((|__CPROVER_threads_exited#2$rclk$8| (- 4)))
((|__CPROVER_threads_exited#3| (store (store (store ((as const (Array (_ BitVec 32) Bool)) false)
                     #x00000002
                     true)
              #x00000001
              true)
       #x00000000
       true)))
((|__CPROVER_threads_exited#3$rclk$8| 0))
((|__CPROVER_threads_exited#4| (store (store ((as const (Array (_ BitVec 32) Bool)) false) #x00000002 true)
       #x00000001
       true)))
((|__CPROVER_threads_exited#4$rclk$8| 1))
((|__CPROVER_threads_exited#5| (store (store (store ((as const (Array (_ BitVec 32) Bool)) false)
                     #x00000002
                     true)
              #x00000001
              true)
       #x00000000
       true)))
((|__CPROVER_threads_exited#5$wclk$8| 2))
((|__CPROVER_threads_exited#6| (store (store ((as const (Array (_ BitVec 32) Bool)) false) #x00000002 true)
       #x00000001
       true)))
((|__CPROVER_threads_exited#6$rclk$8| (- 6)))
((|__CPROVER_threads_exited#7| (store (store (store ((as const (Array (_ BitVec 32) Bool)) false)
                     #x00000002
                     true)
              #x00000001
              true)
       #x00000000
       true)))
((|__CPROVER_threads_exited#7$wclk$8| (- 5)))
((|empty| #x000000000000000000000000000000000000000000000000000000000000000000000000000000000000000000000000))
((|empty#1| #x000000000000000000000000000000000000000000000000000000000000000000000000000000000000000000000000))
((|empty#1$wclk$8| (- 33)))
((|empty#10| #x000000000000000000000000000000000000000000000000000000000000000000000000000000000000000000000000))
((|empty#11| #x0000000000000000000000000000000000000000000000000000000000000000000000000000000000000000ffffffff))
((|empty#11$wclk$8| (- 4)))
((|empty#12| #x000000000000000000000000000000000000000000000000000000000000000000000000000000000000000000000000))
((|empty#12$rclk$8| (- 7)))
((|empty#13| #x000000000000000000000000000000000000000000000000000000000000000000000000000000000000000000000000))
((|empty#14| #x000000000000000000000000000000000000000000000000000000000000000000000000000000000000000000000001))
((|empty#14$wclk$8| (- 7)))
((|empty#2| #x000000000000000000000000000000000000000000000000000000000000000000000000000000000000000000000000))
((|empty#2$wclk$8| (- 25)))
((|empty#3| #x000000000000000000000000000000000000000000000000000000000000000000000000000000000000000000000000))
((|empty#3$rclk$8| (- 14)))
((|empty#4| #x000000000000000000000000000000000000000000000000000000000000000000000000000000000000000000000000))
((|empty#5| #x0000000000000000000000000000000000000000000000000000000000000000000000000000000000000000ffffffff))
((|empty#5$wclk$8| (- 14)))
((|empty#6| #x000000000000000000000000000000000000000000000000000000000000000000000000000000000000000000000000))
((|empty#6$rclk$8| (- 6)))
((|empty#7| #x000000000000000000000000000000000000000000000000000000000000000000000000000000000000000000000000))
((|empty#8| #x0000000000000000000000000000000000000000000000000000000000000000000000000000000000000000ffffffff))
((|empty#8$wclk$8| (- 6)))
((|empty#9| #x000000000000000000000000000000000000000000000000000000000000000000000000000000000000000000000000))
((|empty#9$rclk$8| (- 4)))
((|full| #x000000000000000000000000000000000000000000000000000000000000000000000000000000000000000000000000))
((|full#1| #x000000000000000000000000000000000000000000000000000000000000000000000000000000000000000000000000))
((|full#1$wclk$8| (- 32)))
((|full#10| #x000000000000000000000000000000000000000000000000000000000000000000000000000000000000000000000000))
((|full#11| #x0000000000000000000000000000000000000000000000000000000000000000000000000000000000000000ffffffff))
((|full#11$wclk$8| (- 13)))
((|full#12| #x000000000000000000000000000000000000000000000000000000000000000000000000000000000000000000000000))
((|full#12$rclk$8| (- 11)))
((|full#13| #x000000000000000000000000000000000000000000000000000000000000000000000000000000000000000000000000))
((|full#14| #x0000000000000000000000000000000000000000000000000000000000000000000000000000000000000000ffffffff))
((|full#14$wclk$8| (- 11)))
((|full#2| #x000000000000000000000000000000000000000000000000000000000000000000000000000000000000000000000000))
((|full#2$wclk$8| (- 24)))
((|full#3| #x000000000000000000000000000000000000000000000000000000000000000000000000000000000000000000000000))
((|full#3$rclk$8| 0))
((|full#4| #x000000000000000000000000000000000000000000000000000000000000000000000000000000000000000000000000))
((|full#5| #x000000000000000000000000000000000000000000000000000000000000000000000000000000000000000000000001))
((|full#5$wclk$8| 0))
((|full#6| #x000000000000000000000000000000000000000000000000000000000000000000000000000000000000000000000000))
((|full#6$rclk$8| (- 15)))
((|full#7| #x000000000000000000000000000000000000000000000000000000000000000000000000000000000000000000000000))
((|full#8| #x0000000000000000000000000000000000000000000000000000000000000000000000000000000000000000ffffffff))
((|full#8$wclk$8| (- 15)))
((|full#9| #x000000000000000000000000000000000000000000000000000000000000000000000000000000000000000000000000))
((|full#9$rclk$8| (- 13)))
((|goto_symex::&92;guard#1| false))
((|goto_symex::&92;guard#10| false))
((|goto_symex::&92;guard#11| false))
((|goto_symex::&92;guard#12| true))
((|goto_symex::&92;guard#13| true))
((|goto_symex::&92;guard#2| false))
((|goto_symex::&92;guard#3| false))
((|goto_symex::&92;guard#4| false))
((|goto_symex::&92;guard#5| false))
((|goto_symex::&92;guard#6| false))
((|goto_symex::&92;guard#7| true))
((|goto_symex::&92;guard#8| true))
((|goto_symex::&92;guard#9| true))
((|m| #x000000000000000000000000000000000000000000000000))
((|m#1| #x000000000000000000000000000000000000000000000000))
((|m#1$wclk$8| (- 31)))
((|m#10| #x000000000000000000000000000000000000000000000000))
((|m#11| #x000000000000000000000000000000000000000000000001))
((|m#11$wclk$8| (- 17)))
((|m#12| #x000000000000000000000000000000000000000000000001))
((|m#12$rclk$8| (- 8)))
((|m#13| #x000000000000000000000000000000000000000000000001))
((|m#14| #x000000000000000000000000000000000000000000000000))
((|m#14$wclk$8| (- 8)))
((|m#2| #x000000000000000000000000000000000000000000000000))
((|m#2$wclk$8| (- 26)))
((|m#3| #x000000000000000000000000000000000000000000000001))
((|m#3$rclk$8| (- 16)))
((|m#4| #x000000000000000000000000000000000000000000000001))
((|m#5| #x000000000000000000000000000000000000000000000001))
((|m#5$wclk$8| (- 16)))
((|m#6| #x000000000000000000000000000000000000000000000001))
((|m#6$rclk$8| (- 1)))
((|m#7| #x000000000000000000000000000000000000000000000001))
((|m#8| #x000000000000000000000000000000000000000000000000))
((|m#8$wclk$8| (- 1)))
((|m#9| #x000000000000000000000000000000000000000000000000))
((|m#9$rclk$8| (- 17)))
((|main#return_value!0#1| #x00000000))
((|main#return_value!1#1| #x00000000))
((|main#return_value!2#1| #x00000000))
((|main::1::t1!0@1| #x00000000))
((|main::1::t1!0@1#1| #x00000000))
((|main::1::t1!0@1#1$wclk$8| (- 29)))
((|main::1::t1!0@1#2| #x00000001))
((|main::1::t1!0@1#2$wclk$8| (- 22)))
((|main::1::t1!0@1#3| #x00000001))
((|main::1::t1!0@1#3$rclk$8| (- 17)))
((|main::1::t1!0@1#4| #x00000001))
((|main::1::t1!0@1#4$rclk$8| (- 16)))
((|main::1::t2!0@1| #x00000000))
((|main::1::t2!0@1#1| #x00000000))
((|main::1::t2!0@1#1$wclk$8| (- 28)))
((|main::1::t2!0@1#2| #x00000002))
((|main::1::t2!0@1#2$wclk$8| (- 19)))
((|main::1::t2!0@1#3| #x00000002))
((|main::1::t2!0@1#3$rclk$8| (- 3)))
((|main::1::t2!0@1#4| #x00000002))
((|main::1::t2!0@1#4$rclk$8| (- 2)))
((|memory_model::choice_rf_0_22_0_19_T_28| true))
((|memory_model::choice_rf_0_22_0_6_T_27| false))
((|memory_model::choice_rf_0_26_0_13_F_98| false))
((|memory_model::choice_rf_0_26_0_20_F_99| true))
((|memory_model::choice_rf_0_27_0_13_F_100| false))
((|memory_model::choice_rf_0_27_0_20_F_101| true))
((|memory_model::choice_rf_0_28_0_19_T_30| false))
((|memory_model::choice_rf_0_28_0_23_T_31| true))
((|memory_model::choice_rf_0_28_0_6_T_29| false))
((|memory_model::choice_rf_0_29_0_8_T_17| false))
((|memory_model::choice_rf_0_29_1_18_T_18| false))
((|memory_model::choice_rf_0_29_2_18_T_19| true))
((|memory_model::choice_rf_0_30_0_14_F_102| false))
((|memory_model::choice_rf_0_30_0_24_F_103| true))
((|memory_model::choice_rf_0_31_0_14_F_104| false))
((|memory_model::choice_rf_0_31_0_24_F_105| true))
((|memory_model::choice_rf_0_32_0_19_T_33| false))
((|memory_model::choice_rf_0_32_0_23_T_34| true))
((|memory_model::choice_rf_0_32_0_6_T_32| false))
((|memory_model::choice_rf_0_33_0_8_T_20| false))
((|memory_model::choice_rf_0_33_1_18_T_21| false))
((|memory_model::choice_rf_0_33_2_18_T_22| true))
((|memory_model::choice_rf_0_34_0_12_F_35| false))
((|memory_model::choice_rf_0_34_0_15_F_36| false))
((|memory_model::choice_rf_0_34_1_12_F_37| false))
((|memory_model::choice_rf_0_34_2_12_F_38| true))
((|memory_model::choice_rf_1_0_0_11_F_63| false))
((|memory_model::choice_rf_1_0_0_16_F_64| false))
((|memory_model::choice_rf_1_0_2_14_F_66| false))
((|memory_model::choice_rf_1_0_2_1_F_65| true))
((|memory_model::choice_rf_1_11_0_12_F_48| false))
((|memory_model::choice_rf_1_11_0_15_F_49| false))
((|memory_model::choice_rf_1_11_2_12_F_50| false))
((|memory_model::choice_rf_1_13_0_11_F_67| false))
((|memory_model::choice_rf_1_13_0_16_F_68| false))
((|memory_model::choice_rf_1_13_1_1_F_69| false))
((|memory_model::choice_rf_1_13_2_14_F_71| false))
((|memory_model::choice_rf_1_13_2_1_F_70| false))
((|memory_model::choice_rf_1_15_0_10_F_81| false))
((|memory_model::choice_rf_1_15_0_18_F_82| false))
((|memory_model::choice_rf_1_15_2_10_F_85| false))
((|memory_model::choice_rf_1_15_2_4_F_83| false))
((|memory_model::choice_rf_1_15_2_7_F_84| false))
((|memory_model::choice_rf_1_17_0_8_T_23| false))
((|memory_model::choice_rf_1_17_2_18_T_24| false))
((|memory_model::choice_rf_1_2_0_12_F_39| false))
((|memory_model::choice_rf_1_2_0_15_F_40| false))
((|memory_model::choice_rf_1_2_2_12_F_41| false))
((|memory_model::choice_rf_1_3_0_17_F_1| false))
((|memory_model::choice_rf_1_3_0_9_F_0| false))
((|memory_model::choice_rf_1_3_2_16_F_2| false))
((|memory_model::choice_rf_1_5_0_12_F_42| false))
((|memory_model::choice_rf_1_5_0_15_F_43| false))
((|memory_model::choice_rf_1_5_2_12_F_44| false))
((|memory_model::choice_rf_1_6_0_17_F_4| false))
((|memory_model::choice_rf_1_6_0_9_F_3| false))
((|memory_model::choice_rf_1_6_1_4_F_5| false))
((|memory_model::choice_rf_1_6_2_16_F_6| false))
((|memory_model::choice_rf_1_8_0_12_F_45| false))
((|memory_model::choice_rf_1_8_0_15_F_46| false))
((|memory_model::choice_rf_1_8_2_12_F_47| false))
((|memory_model::choice_rf_1_9_0_17_F_8| false))
((|memory_model::choice_rf_1_9_0_9_F_7| false))
((|memory_model::choice_rf_1_9_1_4_F_9| false))
((|memory_model::choice_rf_1_9_1_7_F_10| false))
((|memory_model::choice_rf_1_9_2_16_F_11| false))
((|memory_model::choice_rf_2_0_0_11_F_72| false))
((|memory_model::choice_rf_2_0_0_16_F_73| true))
((|memory_model::choice_rf_2_0_1_14_F_75| false))
((|memory_model::choice_rf_2_0_1_1_F_74| false))
((|memory_model::choice_rf_2_11_0_12_F_60| false))
((|memory_model::choice_rf_2_11_0_15_F_61| true))
((|memory_model::choice_rf_2_11_1_12_F_62| false))
((|memory_model::choice_rf_2_13_0_11_F_76| false))
((|memory_model::choice_rf_2_13_0_16_F_77| false))
((|memory_model::choice_rf_2_13_1_14_F_79| false))
((|memory_model::choice_rf_2_13_1_1_F_78| false))
((|memory_model::choice_rf_2_13_2_1_F_80| true))
((|memory_model::choice_rf_2_15_0_17_F_13| true))
((|memory_model::choice_rf_2_15_0_9_F_12| false))
((|memory_model::choice_rf_2_15_1_10_F_16| false))
((|memory_model::choice_rf_2_15_1_4_F_14| false))
((|memory_model::choice_rf_2_15_1_7_F_15| false))
((|memory_model::choice_rf_2_17_0_8_T_25| true))
((|memory_model::choice_rf_2_17_1_18_T_26| false))
((|memory_model::choice_rf_2_2_0_12_F_51| false))
((|memory_model::choice_rf_2_2_0_15_F_52| true))
((|memory_model::choice_rf_2_2_1_12_F_53| false))
((|memory_model::choice_rf_2_3_0_10_F_86| false))
((|memory_model::choice_rf_2_3_0_18_F_87| false))
((|memory_model::choice_rf_2_3_1_16_F_88| false))
((|memory_model::choice_rf_2_5_0_12_F_54| false))
((|memory_model::choice_rf_2_5_0_15_F_55| false))
((|memory_model::choice_rf_2_5_1_12_F_56| false))
((|memory_model::choice_rf_2_6_0_10_F_89| false))
((|memory_model::choice_rf_2_6_0_18_F_90| false))
((|memory_model::choice_rf_2_6_1_16_F_91| false))
((|memory_model::choice_rf_2_6_2_4_F_92| false))
((|memory_model::choice_rf_2_8_0_12_F_57| false))
((|memory_model::choice_rf_2_8_0_15_F_58| false))
((|memory_model::choice_rf_2_8_1_12_F_59| false))
((|memory_model::choice_rf_2_9_0_10_F_93| false))
((|memory_model::choice_rf_2_9_0_18_F_94| false))
((|memory_model::choice_rf_2_9_1_16_F_95| false))
((|memory_model::choice_rf_2_9_2_4_F_96| false))
((|memory_model::choice_rf_2_9_2_7_F_97| false))
((|memory_model::choice_ws-ext_0_10_1_16_F_137| true))
((|memory_model::choice_ws-ext_0_10_2_10_F_140| true))
((|memory_model::choice_ws-ext_0_10_2_4_F_138| true))
((|memory_model::choice_ws-ext_0_10_2_7_F_139| true))
((|memory_model::choice_ws-ext_0_11_1_14_F_126| true))
((|memory_model::choice_ws-ext_0_11_1_1_F_125| true))
((|memory_model::choice_ws-ext_0_11_2_14_F_128| true))
((|memory_model::choice_ws-ext_0_11_2_1_F_127| true))
((|memory_model::choice_ws-ext_0_12_1_12_F_120| true))
((|memory_model::choice_ws-ext_0_12_2_12_F_121| true))
((|memory_model::choice_ws-ext_0_15_1_12_F_122| true))
((|memory_model::choice_ws-ext_0_15_2_12_F_123| true))
((|memory_model::choice_ws-ext_0_16_1_14_F_130| true))
((|memory_model::choice_ws-ext_0_16_1_1_F_129| true))
((|memory_model::choice_ws-ext_0_16_2_14_F_132| true))
((|memory_model::choice_ws-ext_0_16_2_1_F_131| true))
((|memory_model::choice_ws-ext_0_17_1_10_F_112| true))
((|memory_model::choice_ws-ext_0_17_1_4_F_110| true))
((|memory_model::choice_ws-ext_0_17_1_7_F_111| true))
((|memory_model::choice_ws-ext_0_17_2_16_F_113| true))
((|memory_model::choice_ws-ext_0_18_1_16_F_141| true))
((|memory_model::choice_ws-ext_0_18_2_10_F_144| true))
((|memory_model::choice_ws-ext_0_18_2_4_F_142| true))
((|memory_model::choice_ws-ext_0_18_2_7_F_143| true))
((|memory_model::choice_ws-ext_0_8_1_18_T_117| true))
((|memory_model::choice_ws-ext_0_8_2_18_T_118| true))
((|memory_model::choice_ws-ext_0_9_1_10_F_108| true))
((|memory_model::choice_ws-ext_0_9_1_4_F_106| true))
((|memory_model::choice_ws-ext_0_9_1_7_F_107| true))
((|memory_model::choice_ws-ext_0_9_2_16_F_109| true))
((|memory_model::choice_ws-ext_1_10_2_16_F_116| false))
((|memory_model::choice_ws-ext_1_12_2_12_F_124| false))
((|memory_model::choice_ws-ext_1_14_2_14_F_136| false))
((|memory_model::choice_ws-ext_1_14_2_1_F_135| false))
((|memory_model::choice_ws-ext_1_16_2_10_F_147| false))
((|memory_model::choice_ws-ext_1_16_2_4_F_145| false))
((|memory_model::choice_ws-ext_1_16_2_7_F_146| false))
((|memory_model::choice_ws-ext_1_18_2_18_T_119| false))
((|memory_model::choice_ws-ext_1_1_2_14_F_134| true))
((|memory_model::choice_ws-ext_1_1_2_1_F_133| false))
((|memory_model::choice_ws-ext_1_4_2_16_F_114| true))
((|memory_model::choice_ws-ext_1_7_2_16_F_115| false))
((|num#1| #x00000000))
((|num#1$wclk$8| (- 30)))
((|num#10| #x00000000))
((|num#10$rclk$8| (- 14)))
((|num#11| #x00000000))
((|num#11$rclk$8| (- 12)))
((|num#12| #x00000001))
((|num#12$rclk$8| (- 10)))
((|num#13| #x00000000))
((|num#13$wclk$8| (- 9)))
((|num#2| #x00000001))
((|num#2$wclk$8| (- 27)))
((|num#3| #x00000000))
((|num#3$rclk$8| 1))
((|num#4| #x00000001))
((|num#4$rclk$8| (- 15)))
((|num#5| #x00000001))
((|num#5$rclk$8| (- 13)))
((|num#6| #x00000000))
((|num#6$rclk$8| (- 5)))
((|num#7| #x00000000))
((|num#7$rclk$8| (- 3)))
((|num#8| #x00000001))
((|num#8$wclk$8| (- 2)))
((|num#9| #x00000001))
((|num#9$rclk$8| (- 16)))
((|pthread_cond_init#return_value!0#1| #x00000000))
((|pthread_cond_init#return_value!0#2| #x00000000))
((|pthread_cond_init#return_value!1#1| #x00000000))
((|pthread_cond_init#return_value!2#1| #x00000000))
((|pthread_cond_init::attr!0@1#1| #x00000000))
((|pthread_cond_init::attr!0@2#1| #x00000000))
((|pthread_cond_init::cond!0@1#1| #x03000000))
((|pthread_cond_init::cond!0@2#1| #x04000000))
((|pthread_cond_signal#return_value!1#1| #x00000000))
((|pthread_cond_signal#return_value!1#2| #x00000000))
((|pthread_cond_signal#return_value!2#1| #x00000000))
((|pthread_cond_signal#return_value!2#2| #x00000000))
((|pthread_cond_signal::cond!1@1#1| #x04000000))
((|pthread_cond_signal::cond!2@1#1| #x03000000))
((|pthread_cond_wait#return_value!1#1| #x00000000))
((|pthread_cond_wait#return_value!1#2| #x00000000))
((|pthread_cond_wait#return_value!1#3| #x00000000))
((|pthread_cond_wait#return_value!1#4| #x00000000))
((|pthread_cond_wait#return_value!1#5| #x00000000))
((|pthread_cond_wait#return_value!1#6| #x00000000))
((|pthread_cond_wait#return_value!1#7| #x00000000))
((|pthread_cond_wait#return_value!2#1| #x00000000))
((|pthread_cond_wait#return_value!2#2| #x00000000))
((|pthread_cond_wait#return_value!2#3| #x00000000))
((|pthread_cond_wait#return_value!2#4| #x00000000))
((|pthread_cond_wait#return_value!2#5| #x00000000))
((|pthread_cond_wait#return_value!2#6| #x00000000))
((|pthread_cond_wait#return_value!2#7| #x00000000))
((|pthread_cond_wait::cond!1@1#1| #x03000000))
((|pthread_cond_wait::cond!1@2#1| #x03000000))
((|pthread_cond_wait::cond!1@3#1| #x03000000))
((|pthread_cond_wait::cond!2@1#1| #x04000000))
((|pthread_cond_wait::cond!2@2#1| #x04000000))
((|pthread_cond_wait::cond!2@3#1| #x04000000))
((|pthread_cond_wait::mutex!1@1#1| #x02000000))
((|pthread_cond_wait::mutex!1@2#1| #x02000000))
((|pthread_cond_wait::mutex!1@3#1| #x02000000))
((|pthread_cond_wait::mutex!2@1#1| #x02000000))
((|pthread_cond_wait::mutex!2@2#1| #x02000000))
((|pthread_cond_wait::mutex!2@3#1| #x02000000))
((|pthread_create#return_value!0#1| #x00000000))
((|pthread_create#return_value!0#2| #x00000000))
((|pthread_create#return_value!1#1| #x00000000))
((|pthread_create#return_value!2#1| #x00000000))
((|pthread_create::1::this_thread_id!0@1#1| #x00000000))
((|pthread_create::1::this_thread_id!0@1#2| #x00000001))
((|pthread_create::1::this_thread_id!0@2#1| #x00000000))
((|pthread_create::1::this_thread_id!0@2#2| #x00000002))
((|pthread_create::1::this_thread_id!1@0#0| #x00000000))
((|pthread_create::1::this_thread_id!2@0#0| #x00000000))
((|pthread_create::arg!0@1#1| #x00000000))
((|pthread_create::arg!0@2#1| #x00000000))
((|pthread_create::arg!1@0#1| #x00000000))
((|pthread_create::arg!2@0#1| #x00000000))
((|pthread_create::attr!0@1#1| #x00000000))
((|pthread_create::attr!0@2#1| #x00000000))
((|pthread_create::attr!1@0#1| #x00000000))
((|pthread_create::attr!2@0#1| #x00000000))
((|pthread_create::start_routine!0@1#1| #x06000000))
((|pthread_create::start_routine!0@2#1| #x08000000))
((|pthread_create::start_routine!1@0#1| #x06000000))
((|pthread_create::start_routine!2@0#1| #x08000000))
((|pthread_create::thread!0@1#1| #x05000000))
((|pthread_create::thread!0@2#1| #x07000000))
((|pthread_create::thread!1@0#1| #x05000000))
((|pthread_create::thread!2@0#1| #x07000000))
((|pthread_join#return_value!0#0| #x00000000))
((|pthread_join#return_value!0#1| #x00000003))
((|pthread_join#return_value!0#10| #x00000023))
((|pthread_join#return_value!0#11| #x00000000))
((|pthread_join#return_value!0#12| #x00000000))
((|pthread_join#return_value!0#13| #x00000000))
((|pthread_join#return_value!0#14| #x00000000))
((|pthread_join#return_value!0#2| #x00000000))
((|pthread_join#return_value!0#3| #x00000023))
((|pthread_join#return_value!0#4| #x00000000))
((|pthread_join#return_value!0#5| #x00000000))
((|pthread_join#return_value!0#6| #x00000000))
((|pthread_join#return_value!0#7| #x00000000))
((|pthread_join#return_value!0#8| #x00000003))
((|pthread_join#return_value!0#9| #x00000000))
((|pthread_join#return_value!1#1| #x00000000))
((|pthread_join#return_value!2#1| #x00000000))
((|pthread_join::thread!0@1#1| #x00000001))
((|pthread_join::thread!0@2#1| #x00000002))
((|pthread_join::value_ptr!0@1#1| #x00000000))
((|pthread_join::value_ptr!0@2#1| #x00000000))
((|pthread_mutex_init#return_value!0#1| #x00000000))
((|pthread_mutex_init#return_value!1#1| #x00000000))
((|pthread_mutex_init#return_value!2#1| #x00000000))
((|pthread_mutex_init::mutex!0@1#1| #x02000000))
((|pthread_mutex_init::mutexattr!0@1#1| #x00000000))
((|pthread_mutex_lock#return_value!1#1| #x00000000))
((|pthread_mutex_lock#return_value!1#2| #x00000000))
((|pthread_mutex_lock#return_value!2#1| #x00000000))
((|pthread_mutex_lock#return_value!2#2| #x00000000))
((|pthread_mutex_lock::mutex!1@1#1| #x02000000))
((|pthread_mutex_lock::mutex!2@1#1| #x02000000))
((|pthread_mutex_unlock#return_value!1#1| #x00000000))
((|pthread_mutex_unlock#return_value!1#2| #x00000000))
((|pthread_mutex_unlock#return_value!2#1| #x00000000))
((|pthread_mutex_unlock#return_value!2#2| #x00000000))
((|pthread_mutex_unlock::mutex!1@1#1| #x02000000))
((|pthread_mutex_unlock::mutex!2@1#1| #x02000000))
((|return'!0#1| #x00000000))
((|t1$21$spwnclk$8| (- 21)))
((|t1$25$spwnclk$8| (- 18)))
((|thread1#return_value!1#1| #x00000000))
((|thread1#return_value!1#2| #x00000000))
((|thread1#return_value!2#1| #x00000000))
((|thread1::arg!1@1#1| #x00000000))
((|thread2#return_value!1#1| #x00000000))
((|thread2#return_value!2#1| #x00000000))
((|thread2#return_value!2#2| #x00000000))
((|thread2::arg!2@1#1| #x00000000))
(model 
  (define-fun |memory_model::choice_ws-ext_0_18_2_4_F_142| () Bool
    true)
  (define-fun |empty#6| () (_ BitVec 384)
    #x000000000000000000000000000000000000000000000000000000000000000000000000000000000000000000000000)
  (define-fun |memory_model::choice_rf_0_32_0_23_T_34| () Bool
    true)
  (define-fun |memory_model::choice_rf_1_5_0_12_F_42| () Bool
    false)
  (define-fun |memory_model::choice_ws-ext_1_16_2_7_F_146| () Bool
    false)
  (define-fun t1$25$spwnclk$8 () Int
    (- 18))
  (define-fun |main::1::t2!0@1#2$wclk$8| () Int
    (- 19))
  (define-fun |memory_model::choice_rf_2_8_1_12_F_59| () Bool
    false)
  (define-fun |goto_symex::&92;guard#6| () Bool
    false)
  (define-fun |main::1::t2!0@1#4| () (_ BitVec 32)
    #x00000002)
  (define-fun |full#5$wclk$8| () Int
    0)
  (define-fun |main::1::t1!0@1#1$wclk$8| () Int
    (- 29))
  (define-fun |__CPROVER_threads_exited#3| () (Array (_ BitVec 32) Bool)
    (lambda ((x!1 (_ BitVec 32)))
  (or (= x!1 #x00000000) (= x!1 #x00000001) (= x!1 #x00000002))))
  (define-fun |memory_model::choice_rf_0_22_0_6_T_27| () Bool
    false)
  (define-fun |memory_model::choice_rf_0_32_0_6_T_32| () Bool
    false)
  (define-fun |memory_model::choice_rf_2_11_0_12_F_60| () Bool
    false)
  (define-fun |memory_model::choice_rf_1_0_2_14_F_66| () Bool
    false)
  (define-fun |memory_model::choice_rf_0_26_0_20_F_99| () Bool
    true)
  (define-fun |memory_model::choice_rf_0_33_2_18_T_22| () Bool
    true)
  (define-fun |m#3| () (_ BitVec 192)
    #x000000000000000000000000000000000000000000000001)
  (define-fun |memory_model::choice_rf_2_6_2_4_F_92| () Bool
    false)
  (define-fun |memory_model::choice_ws-ext_0_10_1_16_F_137| () Bool
    true)
  (define-fun |memory_model::choice_rf_0_31_0_24_F_105| () Bool
    true)
  (define-fun |memory_model::choice_rf_0_29_2_18_T_19| () Bool
    true)
  (define-fun |empty#9| () (_ BitVec 384)
    #x000000000000000000000000000000000000000000000000000000000000000000000000000000000000000000000000)
  (define-fun |memory_model::choice_rf_0_30_0_14_F_102| () Bool
    false)
  (define-fun |memory_model::choice_rf_2_2_1_12_F_53| () Bool
    false)
  (define-fun |memory_model::choice_rf_2_13_1_14_F_79| () Bool
    false)
  (define-fun |empty#5$wclk$8| () Int
    (- 14))
  (define-fun |memory_model::choice_rf_2_15_0_17_F_13| () Bool
    true)
  (define-fun |__CPROVER_next_thread_id#6| () (_ BitVec 32)
    #x00000002)
  (define-fun t1$21$spwnclk$8 () Int
    (- 21))
  (define-fun |memory_model::choice_rf_1_0_0_11_F_63| () Bool
    false)
  (define-fun |memory_model::choice_rf_2_0_1_1_F_74| () Bool
    false)
  (define-fun |num#4$rclk$8| () Int
    (- 15))
  (define-fun |memory_model::choice_ws-ext_0_11_1_1_F_125| () Bool
    true)
  (define-fun |memory_model::choice_ws-ext_1_14_2_1_F_135| () Bool
    false)
  (define-fun |memory_model::choice_rf_2_15_1_10_F_16| () Bool
    false)
  (define-fun |m#5$wclk$8| () Int
    (- 16))
  (define-fun |memory_model::choice_rf_2_8_0_15_F_58| () Bool
    false)
  (define-fun |num#3| () (_ BitVec 32)
    #x00000000)
  (define-fun |num#6| () (_ BitVec 32)
    #x00000000)
  (define-fun |empty#14$wclk$8| () Int
    (- 7))
  (define-fun |memory_model::choice_rf_2_9_1_16_F_95| () Bool
    false)
  (define-fun |goto_symex::&92;guard#12| () Bool
    true)
  (define-fun |goto_symex::&92;guard#4| () Bool
    false)
  (define-fun |memory_model::choice_rf_1_15_2_10_F_85| () Bool
    false)
  (define-fun |memory_model::choice_ws-ext_0_18_1_16_F_141| () Bool
    true)
  (define-fun |memory_model::choice_rf_2_3_1_16_F_88| () Bool
    false)
  (define-fun |memory_model::choice_rf_2_13_2_1_F_80| () Bool
    true)
  (define-fun |memory_model::choice_rf_1_3_2_16_F_2| () Bool
    false)
  (define-fun |memory_model::choice_rf_2_9_2_7_F_97| () Bool
    false)
  (define-fun |m#1$wclk$8| () Int
    (- 31))
  (define-fun |num#9$rclk$8| () Int
    (- 16))
  (define-fun |main::1::t1!0@1#4$rclk$8| () Int
    (- 16))
  (define-fun |num#11| () (_ BitVec 32)
    #x00000000)
  (define-fun |__CPROVER_next_thread_id#7| () (_ BitVec 32)
    #x00000002)
  (define-fun |memory_model::choice_ws-ext_0_9_2_16_F_109| () Bool
    true)
  (define-fun |__CPROVER_threads_exited#4| () (Array (_ BitVec 32) Bool)
    (lambda ((x!1 (_ BitVec 32))) (or (= x!1 #x00000001) (= x!1 #x00000002))))
  (define-fun |main::1::t1!0@1#3| () (_ BitVec 32)
    #x00000001)
  (define-fun |__CPROVER_threads_exited#3$rclk$8| () Int
    0)
  (define-fun |empty#3| () (_ BitVec 384)
    #x000000000000000000000000000000000000000000000000000000000000000000000000000000000000000000000000)
  (define-fun |memory_model::choice_rf_2_13_0_16_F_77| () Bool
    false)
  (define-fun |memory_model::choice_rf_2_11_1_12_F_62| () Bool
    false)
  (define-fun |full#2$wclk$8| () Int
    (- 24))
  (define-fun |__CPROVER_threads_exited#1$wclk$8| () Int
    (- 34))
  (define-fun |memory_model::choice_rf_1_2_2_12_F_41| () Bool
    false)
  (define-fun |__CPROVER_next_thread_id#5$wclk$8| () Int
    (- 20))
  (define-fun |memory_model::choice_rf_0_34_2_12_F_38| () Bool
    true)
  (define-fun |full#14$wclk$8| () Int
    (- 11))
  (define-fun |memory_model::choice_rf_0_32_0_19_T_33| () Bool
    false)
  (define-fun |memory_model::choice_rf_1_13_2_14_F_71| () Bool
    false)
  (define-fun |empty#8$wclk$8| () Int
    (- 6))
  (define-fun |goto_symex::&92;guard#5| () Bool
    false)
  (define-fun |__CPROVER_threads_exited#2$rclk$8| () Int
    (- 4))
  (define-fun |memory_model::choice_ws-ext_1_16_2_4_F_145| () Bool
    false)
  (define-fun |m#14$wclk$8| () Int
    (- 8))
  (define-fun |memory_model::choice_ws-ext_0_18_2_7_F_143| () Bool
    true)
  (define-fun |memory_model::choice_ws-ext_0_18_2_10_F_144| () Bool
    true)
  (define-fun |memory_model::choice_ws-ext_0_16_2_1_F_131| () Bool
    true)
  (define-fun |memory_model::choice_rf_2_9_2_4_F_96| () Bool
    false)
  (define-fun |memory_model::choice_rf_1_15_2_7_F_84| () Bool
    false)
  (define-fun |empty#1$wclk$8| () Int
    (- 33))
  (define-fun |memory_model::choice_rf_2_11_0_15_F_61| () Bool
    true)
  (define-fun |__CPROVER_threads_exited#2| () (Array (_ BitVec 32) Bool)
    (lambda ((x!1 (_ BitVec 32)))
  (or (= x!1 #x00000000) (= x!1 #x00000001) (= x!1 #x00000002))))
  (define-fun |memory_model::choice_rf_2_0_0_11_F_72| () Bool
    false)
  (define-fun |goto_symex::&92;guard#10| () Bool
    false)
  (define-fun |memory_model::choice_rf_2_0_0_16_F_73| () Bool
    true)
  (define-fun |memory_model::choice_ws-ext_0_17_1_10_F_112| () Bool
    true)
  (define-fun |m#2$wclk$8| () Int
    (- 26))
  (define-fun |memory_model::choice_rf_1_13_1_1_F_69| () Bool
    false)
  (define-fun |memory_model::choice_rf_0_31_0_14_F_104| () Bool
    false)
  (define-fun |memory_model::choice_rf_2_17_0_8_T_25| () Bool
    true)
  (define-fun |m#6| () (_ BitVec 192)
    #x000000000000000000000000000000000000000000000001)
  (define-fun |pthread_create::1::this_thread_id!1@0#0| () (_ BitVec 32)
    #x00000000)
  (define-fun |memory_model::choice_rf_0_34_1_12_F_37| () Bool
    false)
  (define-fun |memory_model::choice_rf_1_15_2_4_F_83| () Bool
    false)
  (define-fun |memory_model::choice_ws-ext_0_17_2_16_F_113| () Bool
    true)
  (define-fun |num#3$rclk$8| () Int
    1)
  (define-fun |main::1::t1!0@1#3$rclk$8| () Int
    (- 17))
  (define-fun |memory_model::choice_rf_0_27_0_13_F_100| () Bool
    false)
  (define-fun |goto_symex::&92;guard#7| () Bool
    true)
  (define-fun |num#12| () (_ BitVec 32)
    #x00000001)
  (define-fun |memory_model::choice_rf_0_29_0_8_T_17| () Bool
    false)
  (define-fun |memory_model::choice_rf_0_30_0_24_F_103| () Bool
    true)
  (define-fun |memory_model::choice_rf_1_2_0_12_F_39| () Bool
    false)
  (define-fun |__CPROVER_next_thread_id#2$wclk$8| () Int
    (- 23))
  (define-fun |memory_model::choice_rf_0_27_0_20_F_101| () Bool
    true)
  (define-fun |memory_model::choice_rf_1_0_0_16_F_64| () Bool
    false)
  (define-fun |memory_model::choice_rf_2_15_0_9_F_12| () Bool
    false)
  (define-fun |m#9| () (_ BitVec 192)
    #x000000000000000000000000000000000000000000000000)
  (define-fun |memory_model::choice_ws-ext_0_8_2_18_T_118| () Bool
    true)
  (define-fun |memory_model::choice_rf_1_13_0_11_F_67| () Bool
    false)
  (define-fun |memory_model::choice_ws-ext_0_15_1_12_F_122| () Bool
    true)
  (define-fun |memory_model::choice_rf_0_34_0_15_F_36| () Bool
    false)
  (define-fun |memory_model::choice_ws-ext_0_12_2_12_F_121| () Bool
    true)
  (define-fun |__CPROVER_threads_exited#6| () (Array (_ BitVec 32) Bool)
    (lambda ((x!1 (_ BitVec 32))) (or (= x!1 #x00000001) (= x!1 #x00000002))))
  (define-fun |num#12$rclk$8| () Int
    (- 10))
  (define-fun |__CPROVER_next_thread_id#7$rclk$8| () Int
    (- 1))
  (define-fun |main::1::t2!0@1#3$rclk$8| () Int
    (- 3))
  (define-fun |memory_model::choice_ws-ext_1_14_2_14_F_136| () Bool
    false)
  (define-fun |memory_model::choice_ws-ext_1_7_2_16_F_115| () Bool
    false)
  (define-fun |m#8$wclk$8| () Int
    (- 1))
  (define-fun |main::1::t2!0@1#3| () (_ BitVec 32)
    #x00000002)
  (define-fun |memory_model::choice_ws-ext_0_12_1_12_F_120| () Bool
    true)
  (define-fun |memory_model::choice_ws-ext_1_12_2_12_F_124| () Bool
    false)
  (define-fun |memory_model::choice_rf_1_11_0_12_F_48| () Bool
    false)
  (define-fun |memory_model::choice_rf_2_5_1_12_F_56| () Bool
    false)
  (define-fun |main::1::t2!0@1#1$wclk$8| () Int
    (- 28))
  (define-fun |num#6$rclk$8| () Int
    (- 5))
  (define-fun |memory_model::choice_rf_0_34_0_12_F_35| () Bool
    false)
  (define-fun |memory_model::choice_rf_0_26_0_13_F_98| () Bool
    false)
  (define-fun |memory_model::choice_rf_1_5_2_12_F_44| () Bool
    false)
  (define-fun |memory_model::choice_rf_1_8_0_15_F_46| () Bool
    false)
  (define-fun |memory_model::choice_ws-ext_0_9_1_4_F_106| () Bool
    true)
  (define-fun |goto_symex::&92;guard#13| () Bool
    true)
  (define-fun |memory_model::choice_rf_0_22_0_19_T_28| () Bool
    true)
  (define-fun |empty#11$wclk$8| () Int
    (- 4))
  (define-fun |num#13$wclk$8| () Int
    (- 9))
  (define-fun |memory_model::choice_ws-ext_0_10_2_4_F_138| () Bool
    true)
  (define-fun |full#8$wclk$8| () Int
    (- 15))
  (define-fun |pthread_create::1::this_thread_id!2@0#0| () (_ BitVec 32)
    #x00000000)
  (define-fun |full#12| () (_ BitVec 384)
    #x000000000000000000000000000000000000000000000000000000000000000000000000000000000000000000000000)
  (define-fun |goto_symex::&92;guard#8| () Bool
    true)
  (define-fun |num#5$rclk$8| () Int
    (- 13))
  (define-fun |memory_model::choice_rf_1_11_0_15_F_49| () Bool
    false)
  (define-fun |main::1::t1!0@1#2$wclk$8| () Int
    (- 22))
  (define-fun |memory_model::choice_ws-ext_1_16_2_10_F_147| () Bool
    false)
  (define-fun |full#1$wclk$8| () Int
    (- 32))
  (define-fun |__CPROVER_threads_exited#6$rclk$8| () Int
    (- 6))
  (define-fun |__CPROVER_threads_exited#7$wclk$8| () Int
    (- 5))
  (define-fun |memory_model::choice_ws-ext_0_9_1_10_F_108| () Bool
    true)
  (define-fun |goto_symex::&92;guard#9| () Bool
    true)
  (define-fun |num#4| () (_ BitVec 32)
    #x00000001)
  (define-fun |memory_model::choice_rf_1_6_1_4_F_5| () Bool
    false)
  (define-fun |memory_model::choice_ws-ext_1_1_2_1_F_133| () Bool
    false)
  (define-fun |full#11$wclk$8| () Int
    (- 13))
  (define-fun |__CPROVER_next_thread_id#6$rclk$8| () Int
    (- 15))
  (define-fun |num#7| () (_ BitVec 32)
    #x00000000)
  (define-fun |goto_symex::&92;guard#3| () Bool
    false)
  (define-fun |memory_model::choice_ws-ext_0_15_2_12_F_123| () Bool
    true)
  (define-fun |memory_model::choice_rf_1_9_2_16_F_11| () Bool
    false)
  (define-fun |memory_model::choice_rf_2_2_0_12_F_51| () Bool
    false)
  (define-fun array_of.0 () (Array (_ BitVec 32) Bool)
    (lambda ((x!1 (_ BitVec 32))) (or (= x!1 #x00000001) (= x!1 #x00000002))))
  (define-fun |memory_model::choice_ws-ext_0_11_1_14_F_126| () Bool
    true)
  (define-fun |full#9| () (_ BitVec 384)
    #x000000000000000000000000000000000000000000000000000000000000000000000000000000000000000000000000)
  (define-fun |memory_model::choice_rf_2_15_1_4_F_14| () Bool
    false)
  (define-fun |m#11$wclk$8| () Int
    (- 17))
  (define-fun |memory_model::choice_ws-ext_0_10_2_10_F_140| () Bool
    true)
  (define-fun |m#12| () (_ BitVec 192)
    #x000000000000000000000000000000000000000000000001)
  (define-fun |memory_model::choice_rf_2_13_0_11_F_76| () Bool
    false)
  (define-fun |num#7$rclk$8| () Int
    (- 3))
  (define-fun |memory_model::choice_rf_1_13_0_16_F_68| () Bool
    false)
  (define-fun |memory_model::choice_rf_2_17_1_18_T_26| () Bool
    false)
  (define-fun |memory_model::choice_ws-ext_1_18_2_18_T_119| () Bool
    false)
  (define-fun |memory_model::choice_ws-ext_0_17_1_4_F_110| () Bool
    true)
  (define-fun |num#8$wclk$8| () Int
    (- 2))
  (define-fun |full#3| () (_ BitVec 384)
    #x000000000000000000000000000000000000000000000000000000000000000000000000000000000000000000000000)
  (define-fun |memory_model::choice_ws-ext_0_11_2_14_F_128| () Bool
    true)
  (define-fun |memory_model::choice_rf_1_9_1_4_F_9| () Bool
    false)
  (define-fun |memory_model::choice_rf_2_15_1_7_F_15| () Bool
    false)
  (define-fun |memory_model::choice_rf_2_13_1_1_F_78| () Bool
    false)
  (define-fun |memory_model::choice_ws-ext_1_4_2_16_F_114| () Bool
    true)
  (define-fun |memory_model::choice_rf_1_6_2_16_F_6| () Bool
    false)
  (define-fun |memory_model::choice_ws-ext_0_16_2_14_F_132| () Bool
    true)
  (define-fun |memory_model::choice_ws-ext_0_16_1_1_F_129| () Bool
    true)
  (define-fun |memory_model::choice_rf_0_29_1_18_T_18| () Bool
    false)
  (define-fun |memory_model::choice_rf_1_9_1_7_F_10| () Bool
    false)
  (define-fun |main::1::t1!0@1#4| () (_ BitVec 32)
    #x00000001)
  (define-fun |num#10$rclk$8| () Int
    (- 14))
  (define-fun |num#5| () (_ BitVec 32)
    #x00000001)
  (define-fun |num#10| () (_ BitVec 32)
    #x00000000)
  (define-fun |memory_model::choice_ws-ext_0_11_2_1_F_127| () Bool
    true)
  (define-fun |memory_model::choice_ws-ext_0_17_1_7_F_111| () Bool
    true)
  (define-fun |__CPROVER_threads_exited#5$wclk$8| () Int
    2)
  (define-fun |goto_symex::&92;guard#11| () Bool
    false)
  (define-fun |memory_model::choice_ws-ext_1_1_2_14_F_134| () Bool
    true)
  (define-fun |empty#2$wclk$8| () Int
    (- 25))
  (define-fun |num#11$rclk$8| () Int
    (- 12))
  (define-fun |memory_model::choice_rf_0_33_0_8_T_20| () Bool
    false)
  (define-fun |memory_model::choice_rf_2_5_0_15_F_55| () Bool
    false)
  (define-fun |memory_model::choice_rf_2_6_1_16_F_91| () Bool
    false)
  (define-fun |memory_model::choice_ws-ext_0_8_1_18_T_117| () Bool
    true)
  (define-fun |memory_model::choice_ws-ext_0_10_2_7_F_139| () Bool
    true)
  (define-fun |num#9| () (_ BitVec 32)
    #x00000001)
  (define-fun |memory_model::choice_rf_0_28_0_19_T_30| () Bool
    false)
  (define-fun |empty#12| () (_ BitVec 384)
    #x000000000000000000000000000000000000000000000000000000000000000000000000000000000000000000000000)
  (define-fun |__CPROVER_next_thread_id#3| () (_ BitVec 32)
    #x00000001)
  (define-fun |main::1::t2!0@1#4$rclk$8| () Int
    (- 2))
  (define-fun |memory_model::choice_rf_2_2_0_15_F_52| () Bool
    true)
  (define-fun |memory_model::choice_rf_0_28_0_23_T_31| () Bool
    true)
  (define-fun |__CPROVER_threads_exited#4$rclk$8| () Int
    1)
  (define-fun |num#2$wclk$8| () Int
    (- 27))
  (define-fun |memory_model::choice_rf_0_28_0_6_T_29| () Bool
    false)
  (define-fun |memory_model::choice_rf_2_0_1_14_F_75| () Bool
    false)
  (define-fun |memory_model::choice_ws-ext_0_16_1_14_F_130| () Bool
    true)
  (define-fun |memory_model::choice_rf_1_0_2_1_F_65| () Bool
    true)
  (define-fun |memory_model::choice_ws-ext_0_9_1_7_F_107| () Bool
    true)
  (define-fun |full#6| () (_ BitVec 384)
    #x000000000000000000000000000000000000000000000000000000000000000000000000000000000000000000000000)
  (define-fun |memory_model::choice_ws-ext_1_10_2_16_F_116| () Bool
    false)
  (define-fun |memory_model::choice_rf_0_33_1_18_T_21| () Bool
    false)
  (define-fun |memory_model::choice_rf_1_17_2_18_T_24| () Bool
    false)
  (define-fun |num#1$wclk$8| () Int
    (- 30))
  (define-fun |__CPROVER_pipe_count#1$wclk$8| () Int
    (- 35))
  (define-fun |__CPROVER_next_thread_id#1$wclk$8| () Int
    (- 36))
  (define-fun |__CPROVER_memory_leak#1$wclk$8| () Int
    (- 37))
  (define-fun |__CPROVER_malloc_size#1$wclk$8| () Int
    (- 38))
  (define-fun |__CPROVER_malloc_object#1$wclk$8| () Int
    (- 39))
  (define-fun |__CPROVER_malloc_is_new_array#1$wclk$8| () Int
    (- 40))
  (define-fun |__CPROVER_deallocated#1$wclk$8| () Int
    (- 41))
  (define-fun |__CPROVER_dead_object#1$wclk$8| () Int
    (- 42))
  (define-fun |empty#12$rclk$8| () Int
    (- 7))
  (define-fun |m#12$rclk$8| () Int
    (- 8))
  (define-fun |full#12$rclk$8| () Int
    (- 11))
  (define-fun |full#9$rclk$8| () Int
    (- 13))
  (define-fun |full#6$rclk$8| () Int
    (- 15))
  (define-fun |m#9$rclk$8| () Int
    (- 17))
  (define-fun |full#3$rclk$8| () Int
    0)
  (define-fun |m#6$rclk$8| () Int
    (- 1))
  (define-fun |empty#9$rclk$8| () Int
    (- 4))
  (define-fun |empty#6$rclk$8| () Int
    (- 6))
  (define-fun |empty#3$rclk$8| () Int
    (- 14))
  (define-fun |m#3$rclk$8| () Int
    (- 16))
  (define-fun |__CPROVER_next_thread_id#3$rclk$8| () Int
    (- 20))
  (define-fun |full#13| () (_ BitVec 384)
    #x000000000000000000000000000000000000000000000000000000000000000000000000000000000000000000000000)
  (define-fun |full#10| () (_ BitVec 384)
    #x000000000000000000000000000000000000000000000000000000000000000000000000000000000000000000000000)
  (define-fun |full#7| () (_ BitVec 384)
    #x000000000000000000000000000000000000000000000000000000000000000000000000000000000000000000000000)
  (define-fun |m#10| () (_ BitVec 192)
    #x000000000000000000000000000000000000000000000000)
  (define-fun |empty#10| () (_ BitVec 384)
    #x000000000000000000000000000000000000000000000000000000000000000000000000000000000000000000000000)
  (define-fun |empty#7| () (_ BitVec 384)
    #x000000000000000000000000000000000000000000000000000000000000000000000000000000000000000000000000)
  (define-fun |empty#4| () (_ BitVec 384)
    #x000000000000000000000000000000000000000000000000000000000000000000000000000000000000000000000000)
  (define-fun |m#4| () (_ BitVec 192)
    #x000000000000000000000000000000000000000000000001)
  (define-fun |pthread_join::thread!0@2#1| () (_ BitVec 32)
    #x00000002)
  (define-fun |pthread_join::thread!0@1#1| () (_ BitVec 32)
    #x00000001)
  (define-fun |main::1::t1!0@1#1| () (_ BitVec 32)
    #x00000000)
  (define-fun |main::1::t2!0@1#1| () (_ BitVec 32)
    #x00000000)
  (define-fun |pthread_create::1::this_thread_id!0@1#1| () (_ BitVec 32)
    #x00000000)
  (define-fun |pthread_create::1::this_thread_id!0@2#1| () (_ BitVec 32)
    #x00000000)
  (define-fun empty () (_ BitVec 384)
    #x000000000000000000000000000000000000000000000000000000000000000000000000000000000000000000000000)
  (define-fun full () (_ BitVec 384)
    #x000000000000000000000000000000000000000000000000000000000000000000000000000000000000000000000000)
  (define-fun m () (_ BitVec 192)
    #x000000000000000000000000000000000000000000000000)
  (define-fun |main::1::t1!0@1| () (_ BitVec 32)
    #x00000000)
  (define-fun |main::1::t2!0@1| () (_ BitVec 32)
    #x00000000)
  (define-fun |memory_model::choice_rf_1_11_2_12_F_50| () Bool
    false)
  (define-fun |memory_model::choice_rf_1_13_2_1_F_70| () Bool
    false)
  (define-fun |memory_model::choice_rf_1_15_0_10_F_81| () Bool
    false)
  (define-fun |memory_model::choice_rf_1_15_0_18_F_82| () Bool
    false)
  (define-fun |memory_model::choice_rf_1_17_0_8_T_23| () Bool
    false)
  (define-fun |memory_model::choice_rf_1_2_0_15_F_40| () Bool
    false)
  (define-fun |memory_model::choice_rf_1_3_0_17_F_1| () Bool
    false)
  (define-fun |memory_model::choice_rf_1_3_0_9_F_0| () Bool
    false)
  (define-fun |memory_model::choice_rf_1_5_0_15_F_43| () Bool
    false)
  (define-fun |memory_model::choice_rf_1_6_0_17_F_4| () Bool
    false)
  (define-fun |memory_model::choice_rf_1_6_0_9_F_3| () Bool
    false)
  (define-fun |memory_model::choice_rf_1_8_0_12_F_45| () Bool
    false)
  (define-fun |memory_model::choice_rf_1_8_2_12_F_47| () Bool
    false)
  (define-fun |memory_model::choice_rf_1_9_0_17_F_8| () Bool
    false)
  (define-fun |memory_model::choice_rf_1_9_0_9_F_7| () Bool
    false)
  (define-fun |memory_model::choice_rf_2_3_0_10_F_86| () Bool
    false)
  (define-fun |memory_model::choice_rf_2_3_0_18_F_87| () Bool
    false)
  (define-fun |memory_model::choice_rf_2_5_0_12_F_54| () Bool
    false)
  (define-fun |memory_model::choice_rf_2_6_0_10_F_89| () Bool
    false)
  (define-fun |memory_model::choice_rf_2_6_0_18_F_90| () Bool
    false)
  (define-fun |memory_model::choice_rf_2_8_0_12_F_57| () Bool
    false)
  (define-fun |memory_model::choice_rf_2_9_0_10_F_93| () Bool
    false)
  (define-fun |memory_model::choice_rf_2_9_0_18_F_94| () Bool
    false)
  (define-fun |pthread_join#return_value!0#0| () (_ BitVec 32)
    #x00000000)
)
(:added-eqs               436
 :arith-add-rows          2139
 :arith-assert-lower      89
 :arith-assert-upper      127
 :arith-bound-prop        185
 :arith-pivots            90
 :array-ax1               2
 :array-ax2               8
 :array-def-store         1
 :binary-propagations     2144
 :bv-bit2core             10031
 :bv-conflicts            2
 :bv-diseqs               19
 :bv-dynamic-diseqs       6
 :bv->core-eq             124
 :conflicts               11
 :decisions               401
 :del-clause              583
 :eliminated-applications 16
 :eliminated-vars         23
 :final-checks            2
 :max-memory              9.39
 :memory                  4.99
 :minimized-lits          5
 :mk-bool-var             6478
 :mk-clause               2913
 :num-allocs              12921787
 :num-checks              1
 :propagations            3907
 :rlimit-count            377178
 :time                    0.04
 :total-time              0.06)

real	0m0.066s
user	0m0.062s
sys	0m0.003s
State: AC Run_time: 0.06779646873474121