sat
((|B0| false))
((|B1| false))
((|B10| true))
((|B100| false))
((|B101| false))
((|B102| false))
((|B103| false))
((|B104| false))
((|B105| false))
((|B106| false))
((|B107| false))
((|B108| false))
((|B109| false))
((|B11| true))
((|B110| false))
((|B111| false))
((|B112| false))
((|B113| false))
((|B114| false))
((|B115| false))
((|B116| false))
((|B117| false))
((|B118| false))
((|B119| false))
((|B12| true))
((|B120| false))
((|B121| false))
((|B122| false))
((|B123| false))
((|B124| false))
((|B125| false))
((|B126| false))
((|B127| false))
((|B128| false))
((|B129| false))
((|B13| true))
((|B130| false))
((|B131| false))
((|B132| false))
((|B133| false))
((|B134| false))
((|B135| false))
((|B136| false))
((|B137| false))
((|B138| false))
((|B139| false))
((|B14| true))
((|B140| false))
((|B141| false))
((|B142| false))
((|B143| false))
((|B144| false))
((|B145| false))
((|B146| false))
((|B147| false))
((|B148| false))
((|B149| false))
((|B15| true))
((|B150| false))
((|B151| false))
((|B152| false))
((|B153| false))
((|B154| false))
((|B155| false))
((|B156| false))
((|B157| false))
((|B158| false))
((|B159| false))
((|B16| true))
((|B160| false))
((|B161| false))
((|B162| false))
((|B163| false))
((|B164| false))
((|B165| true))
((|B166| true))
((|B167| true))
((|B168| true))
((|B169| true))
((|B17| true))
((|B170| true))
((|B171| true))
((|B172| true))
((|B173| false))
((|B174| false))
((|B175| false))
((|B176| false))
((|B177| false))
((|B178| false))
((|B179| false))
((|B18| false))
((|B180| false))
((|B181| false))
((|B182| false))
((|B183| false))
((|B184| false))
((|B185| false))
((|B186| false))
((|B187| false))
((|B188| false))
((|B189| false))
((|B19| false))
((|B190| false))
((|B191| false))
((|B192| false))
((|B193| false))
((|B194| false))
((|B195| false))
((|B196| false))
((|B197| false))
((|B198| false))
((|B199| false))
((|B2| true))
((|B20| true))
((|B200| false))
((|B201| false))
((|B202| false))
((|B203| false))
((|B204| false))
((|B205| false))
((|B206| false))
((|B207| false))
((|B208| false))
((|B209| false))
((|B21| false))
((|B210| false))
((|B211| false))
((|B212| false))
((|B213| false))
((|B214| false))
((|B215| false))
((|B216| false))
((|B217| false))
((|B218| false))
((|B219| false))
((|B22| false))
((|B220| false))
((|B221| false))
((|B222| false))
((|B223| false))
((|B224| false))
((|B225| false))
((|B226| false))
((|B227| false))
((|B228| false))
((|B229| false))
((|B23| true))
((|B230| false))
((|B231| false))
((|B232| false))
((|B233| false))
((|B234| false))
((|B235| false))
((|B236| false))
((|B237| false))
((|B238| false))
((|B239| false))
((|B24| true))
((|B240| false))
((|B241| false))
((|B242| false))
((|B243| false))
((|B244| false))
((|B245| false))
((|B246| false))
((|B247| false))
((|B248| false))
((|B249| false))
((|B25| true))
((|B250| false))
((|B251| false))
((|B252| false))
((|B253| false))
((|B254| false))
((|B255| false))
((|B256| false))
((|B257| false))
((|B258| false))
((|B259| false))
((|B26| true))
((|B260| false))
((|B261| true))
((|B262| true))
((|B263| true))
((|B264| true))
((|B265| true))
((|B266| true))
((|B267| true))
((|B268| true))
((|B269| true))
((|B27| true))
((|B270| true))
((|B271| true))
((|B272| true))
((|B273| true))
((|B274| true))
((|B275| true))
((|B276| true))
((|B277| true))
((|B278| true))
((|B279| true))
((|B28| true))
((|B280| true))
((|B281| true))
((|B282| true))
((|B283| true))
((|B284| true))
((|B285| true))
((|B286| true))
((|B287| true))
((|B288| true))
((|B289| true))
((|B29| true))
((|B290| true))
((|B291| true))
((|B292| true))
((|B293| true))
((|B294| true))
((|B295| true))
((|B296| true))
((|B297| true))
((|B298| true))
((|B299| true))
((|B3| false))
((|B30| false))
((|B300| false))
((|B301| true))
((|B302| true))
((|B303| true))
((|B304| true))
((|B305| true))
((|B306| true))
((|B307| true))
((|B308| true))
((|B309| false))
((|B31| false))
((|B310| true))
((|B311| true))
((|B312| true))
((|B313| true))
((|B314| true))
((|B315| true))
((|B316| true))
((|B317| false))
((|B318| false))
((|B319| false))
((|B32| false))
((|B320| false))
((|B321| false))
((|B33| false))
((|B34| false))
((|B35| false))
((|B36| false))
((|B37| false))
((|B38| false))
((|B39| false))
((|B4| false))
((|B40| false))
((|B41| false))
((|B42| false))
((|B43| false))
((|B44| false))
((|B45| false))
((|B46| false))
((|B47| false))
((|B48| false))
((|B49| false))
((|B5| true))
((|B50| false))
((|B51| false))
((|B52| false))
((|B53| false))
((|B54| false))
((|B55| false))
((|B56| false))
((|B57| false))
((|B58| false))
((|B59| false))
((|B6| true))
((|B60| false))
((|B61| false))
((|B62| false))
((|B63| false))
((|B64| false))
((|B65| false))
((|B66| false))
((|B67| false))
((|B68| false))
((|B69| false))
((|B7| true))
((|B70| false))
((|B71| false))
((|B72| false))
((|B73| false))
((|B74| false))
((|B75| false))
((|B76| false))
((|B77| false))
((|B78| false))
((|B79| false))
((|B8| true))
((|B80| false))
((|B81| false))
((|B82| false))
((|B83| false))
((|B84| false))
((|B85| false))
((|B86| false))
((|B87| false))
((|B88| false))
((|B89| false))
((|B9| true))
((|B90| false))
((|B91| false))
((|B92| false))
((|B93| false))
((|B94| false))
((|B95| false))
((|B96| false))
((|B97| false))
((|B98| false))
((|B99| false))
((|__CPROVER_dead_object#1| #x00000000))
((|__CPROVER_dead_object#1$wclk$8| (- 32)))
((|__CPROVER_deallocated#1| #x00000000))
((|__CPROVER_deallocated#1$wclk$8| (- 31)))
((|__CPROVER_malloc_is_new_array#1| false))
((|__CPROVER_malloc_is_new_array#1$wclk$8| (- 30)))
((|__CPROVER_malloc_object#1| #x00000000))
((|__CPROVER_malloc_object#1$wclk$8| (- 29)))
((|__CPROVER_malloc_size#1| #x00000000))
((|__CPROVER_malloc_size#1$wclk$8| (- 28)))
((|__CPROVER_memory_leak#1| #x00000000))
((|__CPROVER_memory_leak#1$wclk$8| (- 27)))
((|__CPROVER_next_thread_id#1| #x00000000))
((|__CPROVER_next_thread_id#1$wclk$8| (- 26)))
((|__CPROVER_next_thread_id#2| #x00000001))
((|__CPROVER_next_thread_id#2$wclk$8| (- 13)))
((|__CPROVER_next_thread_id#3| #x00000001))
((|__CPROVER_next_thread_id#3$rclk$8| (- 10)))
((|__CPROVER_next_thread_id#4| #x00000001))
((|__CPROVER_next_thread_id#5| #x00000002))
((|__CPROVER_next_thread_id#5$wclk$8| (- 10)))
((|__CPROVER_next_thread_id#6| #x00000002))
((|__CPROVER_next_thread_id#6$rclk$8| (- 5)))
((|__CPROVER_next_thread_id#7| #x00000002))
((|__CPROVER_next_thread_id#7$rclk$8| (- 1)))
((|__CPROVER_pipe_count#1| #x00000000))
((|__CPROVER_pipe_count#1$wclk$8| (- 25)))
((|__CPROVER_rounding_mode!0#1| #x00000000))
((|__CPROVER_rounding_mode!1#1| #x00000000))
((|__CPROVER_rounding_mode!2#1| #x00000000))
((|__CPROVER_thread_id!0#1| #x00000000))
((|__CPROVER_thread_id!1#1| #x00000000))
((|__CPROVER_thread_id!1#2| #x00000000))
((|__CPROVER_thread_id!2#1| #x00000000))
((|__CPROVER_thread_id!2#2| #x00000000))
((|__CPROVER_threads_exited#1| (store (store ((as const (Array (_ BitVec 32) Bool)) false) #x00000001 true)
       #x00000002
       true)))
((|__CPROVER_threads_exited#1$wclk$8| (- 24)))
((|__CPROVER_threads_exited#2| (store (store ((as const (Array (_ BitVec 32) Bool)) false) #x00000001 true)
       #x00000002
       true)))
((|__CPROVER_threads_exited#2$rclk$8| (- 4)))
((|__CPROVER_threads_exited#3| (store (store ((as const (Array (_ BitVec 32) Bool)) false) #x00000001 true)
       #x00000002
       true)))
((|__CPROVER_threads_exited#3$rclk$8| 0))
((|__CPROVER_threads_exited#4| ((as const (Array (_ BitVec 32) Bool)) false)))
((|__CPROVER_threads_exited#4$rclk$8| 12))
((|__CPROVER_threads_exited#5| (store ((as const (Array (_ BitVec 32) Bool)) false) #x00000000 true)))
((|__CPROVER_threads_exited#5$wclk$8| 15))
((|__CPROVER_threads_exited#6| (store (store ((as const (Array (_ BitVec 32) Bool)) false) #x00000001 true)
       #x00000002
       true)))
((|__CPROVER_threads_exited#6$rclk$8| 13))
((|__CPROVER_threads_exited#7| (store (store (store ((as const (Array (_ BitVec 32) Bool)) false)
                     #x00000001
                     true)
              #x00000002
              true)
       #x00000000
       true)))
((|__CPROVER_threads_exited#7$wclk$8| 14))
((|empty| #x000000000000000000000000000000000000000000000000000000000000000000000000000000000000000000000000))
((|empty#1| #x000000000000000000000000000000000000000000000000000000000000000000000000000000000000000000000000))
((|empty#1$wclk$8| (- 23)))
((|empty#10| #x000000000000000000000000000000000000000000000000000000000000000000000000000000000000000000000000))
((|empty#11| #x0000000000000000000000000000000000000000000000000000000000000000000000000000000000000000ffffffff))
((|empty#11$wclk$8| 0))
((|empty#12| #x000000000000000000000000000000000000000000000000000000000000000000000000000000000000000000000000))
((|empty#12$rclk$8| 2))
((|empty#13| #x000000000000000000000000000000000000000000000000000000000000000000000000000000000000000000000000))
((|empty#14| #x0000000000000000000000000000000000000000000000000000000000000000000000000000000000000000ffffffff))
((|empty#14$wclk$8| 2))
((|empty#15| #x000000000000000000000000000000000000000000000000000000000000000000000000000000000000000000000000))
((|empty#15$rclk$8| 4))
((|empty#16| #x000000000000000000000000000000000000000000000000000000000000000000000000000000000000000000000000))
((|empty#17| #x0000000000000000000000000000000000000000000000000000000000000000000000000000000000000000ffffffff))
((|empty#17$wclk$8| 4))
((|empty#18| #x000000000000000000000000000000000000000000000000000000000000000000000000000000000000000000000000))
((|empty#18$rclk$8| 6))
((|empty#19| #x000000000000000000000000000000000000000000000000000000000000000000000000000000000000000000000000))
((|empty#2| #x000000000000000000000000000000000000000000000000000000000000000000000000000000000000000000000000))
((|empty#2$wclk$8| (- 15)))
((|empty#20| #x0000000000000000000000000000000000000000000000000000000000000000000000000000000000000000ffffffff))
((|empty#20$wclk$8| 6))
((|empty#21| #x000000000000000000000000000000000000000000000000000000000000000000000000000000000000000000000000))
((|empty#21$rclk$8| 12))
((|empty#22| #x000000000000000000000000000000000000000000000000000000000000000000000000000000000000000000000000))
((|empty#23| #x000000000000000000000000000000000000000000000000000000000000000000000000000000000000000000000001))
((|empty#23$wclk$8| 12))
((|empty#3| #x000000000000000000000000000000000000000000000000000000000000000000000000000000000000000000000000))
((|empty#3$rclk$8| (- 4)))
((|empty#4| #x000000000000000000000000000000000000000000000000000000000000000000000000000000000000000000000000))
((|empty#5| #x0000000000000000000000000000000000000000000000000000000000000000000000000000000000000000ffffffff))
((|empty#5$wclk$8| (- 4)))
((|empty#6| #x000000000000000000000000000000000000000000000000000000000000000000000000000000000000000000000000))
((|empty#6$rclk$8| (- 2)))
((|empty#7| #x000000000000000000000000000000000000000000000000000000000000000000000000000000000000000000000000))
((|empty#8| #x0000000000000000000000000000000000000000000000000000000000000000000000000000000000000000ffffffff))
((|empty#8$wclk$8| (- 2)))
((|empty#9| #x000000000000000000000000000000000000000000000000000000000000000000000000000000000000000000000000))
((|empty#9$rclk$8| 0))
((|full| #x000000000000000000000000000000000000000000000000000000000000000000000000000000000000000000000000))
((|full#1| #x000000000000000000000000000000000000000000000000000000000000000000000000000000000000000000000000))
((|full#1$wclk$8| (- 22)))
((|full#10| #x000000000000000000000000000000000000000000000000000000000000000000000000000000000000000000000000))
((|full#11| #x0000000000000000000000000000000000000000000000000000000000000000000000000000000000000000ffffffff))
((|full#11$wclk$8| (- 3)))
((|full#12| #x000000000000000000000000000000000000000000000000000000000000000000000000000000000000000000000000))
((|full#12$rclk$8| (- 1)))
((|full#13| #x000000000000000000000000000000000000000000000000000000000000000000000000000000000000000000000000))
((|full#14| #x0000000000000000000000000000000000000000000000000000000000000000000000000000000000000000ffffffff))
((|full#14$wclk$8| (- 1)))
((|full#15| #x000000000000000000000000000000000000000000000000000000000000000000000000000000000000000000000000))
((|full#15$rclk$8| 1))
((|full#16| #x000000000000000000000000000000000000000000000000000000000000000000000000000000000000000000000000))
((|full#17| #x0000000000000000000000000000000000000000000000000000000000000000000000000000000000000000ffffffff))
((|full#17$wclk$8| 1))
((|full#18| #x000000000000000000000000000000000000000000000000000000000000000000000000000000000000000000000000))
((|full#18$rclk$8| 3))
((|full#19| #x000000000000000000000000000000000000000000000000000000000000000000000000000000000000000000000000))
((|full#2| #x000000000000000000000000000000000000000000000000000000000000000000000000000000000000000000000000))
((|full#2$wclk$8| (- 14)))
((|full#20| #x0000000000000000000000000000000000000000000000000000000000000000000000000000000000000000ffffffff))
((|full#20$wclk$8| 3))
((|full#21| #x000000000000000000000000000000000000000000000000000000000000000000000000000000000000000000000000))
((|full#21$rclk$8| 5))
((|full#22| #x000000000000000000000000000000000000000000000000000000000000000000000000000000000000000000000000))
((|full#23| #x0000000000000000000000000000000000000000000000000000000000000000000000000000000000000000ffffffff))
((|full#23$wclk$8| 5))
((|full#3| #x000000000000000000000000000000000000000000000000000000000000000000000000000000000000000000000000))
((|full#3$rclk$8| 11))
((|full#4| #x000000000000000000000000000000000000000000000000000000000000000000000000000000000000000000000000))
((|full#5| #x000000000000000000000000000000000000000000000000000000000000000000000000000000000000000000000001))
((|full#5$wclk$8| 11))
((|full#6| #x000000000000000000000000000000000000000000000000000000000000000000000000000000000000000000000000))
((|full#6$rclk$8| (- 5)))
((|full#7| #x000000000000000000000000000000000000000000000000000000000000000000000000000000000000000000000000))
((|full#8| #x0000000000000000000000000000000000000000000000000000000000000000000000000000000000000000ffffffff))
((|full#8$wclk$8| (- 5)))
((|full#9| #x000000000000000000000000000000000000000000000000000000000000000000000000000000000000000000000000))
((|full#9$rclk$8| (- 3)))
((|goto_symex::&92;guard#1| false))
((|goto_symex::&92;guard#10| false))
((|goto_symex::&92;guard#11| false))
((|goto_symex::&92;guard#12| false))
((|goto_symex::&92;guard#13| false))
((|goto_symex::&92;guard#14| false))
((|goto_symex::&92;guard#15| true))
((|goto_symex::&92;guard#16| true))
((|goto_symex::&92;guard#17| true))
((|goto_symex::&92;guard#18| true))
((|goto_symex::&92;guard#19| true))
((|goto_symex::&92;guard#2| false))
((|goto_symex::&92;guard#3| false))
((|goto_symex::&92;guard#4| false))
((|goto_symex::&92;guard#5| false))
((|goto_symex::&92;guard#6| false))
((|goto_symex::&92;guard#7| true))
((|goto_symex::&92;guard#8| false))
((|goto_symex::&92;guard#9| false))
((|m| #x000000000000000000000000000000000000000000000000))
((|m#1| #x000000000000000000000000000000000000000000000000))
((|m#1$wclk$8| (- 21)))
((|m#10| #x000000000000000000000000000000000000000000000000))
((|m#11| #x000000000000000000000000000000000000000000000001))
((|m#11$wclk$8| (- 7)))
((|m#12| #x000000000000000000000000000000000000000000000001))
((|m#12$rclk$8| 11))
((|m#13| #x000000000000000000000000000000000000000000000001))
((|m#14| #x000000000000000000000000000000000000000000000000))
((|m#14$wclk$8| 11))
((|m#2| #x000000000000000000000000000000000000000000000000))
((|m#2$wclk$8| (- 16)))
((|m#3| #x000000000000000000000000000000000000000000000001))
((|m#3$rclk$8| (- 6)))
((|m#4| #x000000000000000000000000000000000000000000000001))
((|m#5| #x000000000000000000000000000000000000000000000001))
((|m#5$wclk$8| (- 6)))
((|m#6| #x000000000000000000000000000000000000000000000000))
((|m#6$rclk$8| 10))
((|m#7| #x000000000000000000000000000000000000000000000000))
((|m#8| #x000000000000000000000000000000000000000000000000))
((|m#8$wclk$8| 10))
((|m#9| #x000000000000000000000000000000000000000000000000))
((|m#9$rclk$8| (- 7)))
((|main#return_value!0#1| #x00000000))
((|main#return_value!1#1| #x00000000))
((|main#return_value!2#1| #x00000000))
((|main::1::t1!0@1| #x00000000))
((|main::1::t1!0@1#1| #x00000000))
((|main::1::t1!0@1#1$wclk$8| (- 19)))
((|main::1::t1!0@1#2| #x00000001))
((|main::1::t1!0@1#2$wclk$8| (- 12)))
((|main::1::t1!0@1#3| #x00000001))
((|main::1::t1!0@1#3$rclk$8| (- 7)))
((|main::1::t1!0@1#4| #x00000001))
((|main::1::t1!0@1#4$rclk$8| (- 6)))
((|main::1::t2!0@1| #x00000000))
((|main::1::t2!0@1#1| #x00000000))
((|main::1::t2!0@1#1$wclk$8| (- 18)))
((|main::1::t2!0@1#2| #x00000002))
((|main::1::t2!0@1#2$wclk$8| (- 9)))
((|main::1::t2!0@1#3| #x00000002))
((|main::1::t2!0@1#3$rclk$8| (- 3)))
((|main::1::t2!0@1#4| #x00000002))
((|main::1::t2!0@1#4$rclk$8| (- 2)))
((|memory_model::choice_rf_0_22_0_19_T_52| true))
((|memory_model::choice_rf_0_22_0_6_T_51| false))
((|memory_model::choice_rf_0_26_0_13_F_164| false))
((|memory_model::choice_rf_0_26_0_20_F_165| true))
((|memory_model::choice_rf_0_27_0_13_F_166| false))
((|memory_model::choice_rf_0_27_0_20_F_167| true))
((|memory_model::choice_rf_0_28_0_19_T_54| false))
((|memory_model::choice_rf_0_28_0_23_T_55| true))
((|memory_model::choice_rf_0_28_0_6_T_53| false))
((|memory_model::choice_rf_0_29_0_8_T_41| true))
((|memory_model::choice_rf_0_29_1_27_T_42| false))
((|memory_model::choice_rf_0_29_2_27_T_43| false))
((|memory_model::choice_rf_0_30_0_14_F_168| false))
((|memory_model::choice_rf_0_30_0_24_F_169| true))
((|memory_model::choice_rf_0_31_0_14_F_170| false))
((|memory_model::choice_rf_0_31_0_24_F_171| true))
((|memory_model::choice_rf_0_32_0_19_T_57| false))
((|memory_model::choice_rf_0_32_0_23_T_58| true))
((|memory_model::choice_rf_0_32_0_6_T_56| false))
((|memory_model::choice_rf_0_33_0_8_T_44| true))
((|memory_model::choice_rf_0_33_1_27_T_45| false))
((|memory_model::choice_rf_0_33_2_27_T_46| false))
((|memory_model::choice_rf_0_34_0_12_F_59| false))
((|memory_model::choice_rf_0_34_0_15_F_60| false))
((|memory_model::choice_rf_0_34_1_21_F_61| false))
((|memory_model::choice_rf_0_34_2_21_F_62| true))
((|memory_model::choice_rf_1_0_0_11_F_105| false))
((|memory_model::choice_rf_1_0_0_16_F_106| false))
((|memory_model::choice_rf_1_0_2_1_F_107| true))
((|memory_model::choice_rf_1_0_2_23_F_108| false))
((|memory_model::choice_rf_1_11_0_12_F_72| false))
((|memory_model::choice_rf_1_11_0_15_F_73| false))
((|memory_model::choice_rf_1_11_2_21_F_74| false))
((|memory_model::choice_rf_1_12_0_17_F_13| false))
((|memory_model::choice_rf_1_12_0_9_F_12| false))
((|memory_model::choice_rf_1_12_1_10_F_16| false))
((|memory_model::choice_rf_1_12_1_4_F_14| false))
((|memory_model::choice_rf_1_12_1_7_F_15| false))
((|memory_model::choice_rf_1_12_2_25_F_17| false))
((|memory_model::choice_rf_1_14_0_12_F_75| false))
((|memory_model::choice_rf_1_14_0_15_F_76| false))
((|memory_model::choice_rf_1_14_2_21_F_77| false))
((|memory_model::choice_rf_1_15_0_17_F_19| false))
((|memory_model::choice_rf_1_15_0_9_F_18| false))
((|memory_model::choice_rf_1_15_1_10_F_22| false))
((|memory_model::choice_rf_1_15_1_13_F_23| false))
((|memory_model::choice_rf_1_15_1_4_F_20| false))
((|memory_model::choice_rf_1_15_1_7_F_21| false))
((|memory_model::choice_rf_1_15_2_25_F_24| false))
((|memory_model::choice_rf_1_17_0_12_F_78| false))
((|memory_model::choice_rf_1_17_0_15_F_79| false))
((|memory_model::choice_rf_1_17_2_21_F_80| false))
((|memory_model::choice_rf_1_18_0_17_F_26| false))
((|memory_model::choice_rf_1_18_0_9_F_25| false))
((|memory_model::choice_rf_1_18_1_10_F_29| false))
((|memory_model::choice_rf_1_18_1_13_F_30| false))
((|memory_model::choice_rf_1_18_1_16_F_31| false))
((|memory_model::choice_rf_1_18_1_4_F_27| false))
((|memory_model::choice_rf_1_18_1_7_F_28| false))
((|memory_model::choice_rf_1_18_2_25_F_32| false))
((|memory_model::choice_rf_1_20_0_12_F_81| false))
((|memory_model::choice_rf_1_20_0_15_F_82| false))
((|memory_model::choice_rf_1_20_2_21_F_83| false))
((|memory_model::choice_rf_1_22_0_11_F_109| false))
((|memory_model::choice_rf_1_22_0_16_F_110| false))
((|memory_model::choice_rf_1_22_1_1_F_111| false))
((|memory_model::choice_rf_1_22_2_1_F_112| false))
((|memory_model::choice_rf_1_22_2_23_F_113| false))
((|memory_model::choice_rf_1_24_0_10_F_123| false))
((|memory_model::choice_rf_1_24_0_18_F_124| false))
((|memory_model::choice_rf_1_24_2_10_F_127| false))
((|memory_model::choice_rf_1_24_2_13_F_128| false))
((|memory_model::choice_rf_1_24_2_16_F_129| false))
((|memory_model::choice_rf_1_24_2_19_F_130| false))
((|memory_model::choice_rf_1_24_2_4_F_125| false))
((|memory_model::choice_rf_1_24_2_7_F_126| false))
((|memory_model::choice_rf_1_26_0_8_T_47| false))
((|memory_model::choice_rf_1_26_2_27_T_48| false))
((|memory_model::choice_rf_1_2_0_12_F_63| false))
((|memory_model::choice_rf_1_2_0_15_F_64| false))
((|memory_model::choice_rf_1_2_2_21_F_65| false))
((|memory_model::choice_rf_1_3_0_17_F_1| false))
((|memory_model::choice_rf_1_3_0_9_F_0| false))
((|memory_model::choice_rf_1_3_2_25_F_2| false))
((|memory_model::choice_rf_1_5_0_12_F_66| false))
((|memory_model::choice_rf_1_5_0_15_F_67| false))
((|memory_model::choice_rf_1_5_2_21_F_68| false))
((|memory_model::choice_rf_1_6_0_17_F_4| false))
((|memory_model::choice_rf_1_6_0_9_F_3| false))
((|memory_model::choice_rf_1_6_1_4_F_5| false))
((|memory_model::choice_rf_1_6_2_25_F_6| false))
((|memory_model::choice_rf_1_8_0_12_F_69| false))
((|memory_model::choice_rf_1_8_0_15_F_70| false))
((|memory_model::choice_rf_1_8_2_21_F_71| false))
((|memory_model::choice_rf_1_9_0_17_F_8| false))
((|memory_model::choice_rf_1_9_0_9_F_7| false))
((|memory_model::choice_rf_1_9_1_4_F_9| false))
((|memory_model::choice_rf_1_9_1_7_F_10| false))
((|memory_model::choice_rf_1_9_2_25_F_11| false))
((|memory_model::choice_rf_2_0_0_11_F_114| false))
((|memory_model::choice_rf_2_0_0_16_F_115| true))
((|memory_model::choice_rf_2_0_1_1_F_116| false))
((|memory_model::choice_rf_2_0_1_23_F_117| false))
((|memory_model::choice_rf_2_11_0_12_F_93| false))
((|memory_model::choice_rf_2_11_0_15_F_94| false))
((|memory_model::choice_rf_2_11_1_21_F_95| false))
((|memory_model::choice_rf_2_12_0_10_F_143| false))
((|memory_model::choice_rf_2_12_0_18_F_144| false))
((|memory_model::choice_rf_2_12_1_25_F_145| false))
((|memory_model::choice_rf_2_12_2_10_F_148| false))
((|memory_model::choice_rf_2_12_2_4_F_146| false))
((|memory_model::choice_rf_2_12_2_7_F_147| false))
((|memory_model::choice_rf_2_14_0_12_F_96| false))
((|memory_model::choice_rf_2_14_0_15_F_97| false))
((|memory_model::choice_rf_2_14_1_21_F_98| false))
((|memory_model::choice_rf_2_15_0_10_F_149| false))
((|memory_model::choice_rf_2_15_0_18_F_150| false))
((|memory_model::choice_rf_2_15_1_25_F_151| false))
((|memory_model::choice_rf_2_15_2_10_F_154| false))
((|memory_model::choice_rf_2_15_2_13_F_155| false))
((|memory_model::choice_rf_2_15_2_4_F_152| false))
((|memory_model::choice_rf_2_15_2_7_F_153| false))
((|memory_model::choice_rf_2_17_0_12_F_99| false))
((|memory_model::choice_rf_2_17_0_15_F_100| false))
((|memory_model::choice_rf_2_17_1_21_F_101| false))
((|memory_model::choice_rf_2_18_0_10_F_156| false))
((|memory_model::choice_rf_2_18_0_18_F_157| false))
((|memory_model::choice_rf_2_18_1_25_F_158| false))
((|memory_model::choice_rf_2_18_2_10_F_161| false))
((|memory_model::choice_rf_2_18_2_13_F_162| false))
((|memory_model::choice_rf_2_18_2_16_F_163| false))
((|memory_model::choice_rf_2_18_2_4_F_159| false))
((|memory_model::choice_rf_2_18_2_7_F_160| false))
((|memory_model::choice_rf_2_20_0_12_F_102| false))
((|memory_model::choice_rf_2_20_0_15_F_103| true))
((|memory_model::choice_rf_2_20_1_21_F_104| false))
((|memory_model::choice_rf_2_22_0_11_F_118| false))
((|memory_model::choice_rf_2_22_0_16_F_119| false))
((|memory_model::choice_rf_2_22_1_1_F_120| false))
((|memory_model::choice_rf_2_22_1_23_F_121| false))
((|memory_model::choice_rf_2_22_2_1_F_122| true))
((|memory_model::choice_rf_2_24_0_17_F_34| true))
((|memory_model::choice_rf_2_24_0_9_F_33| false))
((|memory_model::choice_rf_2_24_1_10_F_37| false))
((|memory_model::choice_rf_2_24_1_13_F_38| false))
((|memory_model::choice_rf_2_24_1_16_F_39| false))
((|memory_model::choice_rf_2_24_1_19_F_40| false))
((|memory_model::choice_rf_2_24_1_4_F_35| false))
((|memory_model::choice_rf_2_24_1_7_F_36| false))
((|memory_model::choice_rf_2_26_0_8_T_49| true))
((|memory_model::choice_rf_2_26_1_27_T_50| false))
((|memory_model::choice_rf_2_2_0_12_F_84| false))
((|memory_model::choice_rf_2_2_0_15_F_85| true))
((|memory_model::choice_rf_2_2_1_21_F_86| false))
((|memory_model::choice_rf_2_3_0_10_F_131| false))
((|memory_model::choice_rf_2_3_0_18_F_132| false))
((|memory_model::choice_rf_2_3_1_25_F_133| false))
((|memory_model::choice_rf_2_5_0_12_F_87| false))
((|memory_model::choice_rf_2_5_0_15_F_88| false))
((|memory_model::choice_rf_2_5_1_21_F_89| false))
((|memory_model::choice_rf_2_6_0_10_F_134| false))
((|memory_model::choice_rf_2_6_0_18_F_135| false))
((|memory_model::choice_rf_2_6_1_25_F_136| false))
((|memory_model::choice_rf_2_6_2_4_F_137| false))
((|memory_model::choice_rf_2_8_0_12_F_90| false))
((|memory_model::choice_rf_2_8_0_15_F_91| false))
((|memory_model::choice_rf_2_8_1_21_F_92| false))
((|memory_model::choice_rf_2_9_0_10_F_138| false))
((|memory_model::choice_rf_2_9_0_18_F_139| false))
((|memory_model::choice_rf_2_9_1_25_F_140| false))
((|memory_model::choice_rf_2_9_2_4_F_141| false))
((|memory_model::choice_rf_2_9_2_7_F_142| false))
((|memory_model::choice_ws-ext_0_10_1_25_F_212| true))
((|memory_model::choice_ws-ext_0_10_2_10_F_215| true))
((|memory_model::choice_ws-ext_0_10_2_13_F_216| true))
((|memory_model::choice_ws-ext_0_10_2_16_F_217| true))
((|memory_model::choice_ws-ext_0_10_2_19_F_218| true))
((|memory_model::choice_ws-ext_0_10_2_4_F_213| true))
((|memory_model::choice_ws-ext_0_10_2_7_F_214| true))
((|memory_model::choice_ws-ext_0_11_1_1_F_200| true))
((|memory_model::choice_ws-ext_0_11_1_23_F_201| true))
((|memory_model::choice_ws-ext_0_11_2_1_F_202| true))
((|memory_model::choice_ws-ext_0_11_2_23_F_203| true))
((|memory_model::choice_ws-ext_0_12_1_21_F_195| true))
((|memory_model::choice_ws-ext_0_12_2_21_F_196| true))
((|memory_model::choice_ws-ext_0_15_1_21_F_197| true))
((|memory_model::choice_ws-ext_0_15_2_21_F_198| true))
((|memory_model::choice_ws-ext_0_16_1_1_F_204| true))
((|memory_model::choice_ws-ext_0_16_1_23_F_205| true))
((|memory_model::choice_ws-ext_0_16_2_1_F_206| true))
((|memory_model::choice_ws-ext_0_16_2_23_F_207| true))
((|memory_model::choice_ws-ext_0_17_1_10_F_181| true))
((|memory_model::choice_ws-ext_0_17_1_13_F_182| true))
((|memory_model::choice_ws-ext_0_17_1_16_F_183| true))
((|memory_model::choice_ws-ext_0_17_1_19_F_184| true))
((|memory_model::choice_ws-ext_0_17_1_4_F_179| true))
((|memory_model::choice_ws-ext_0_17_1_7_F_180| true))
((|memory_model::choice_ws-ext_0_17_2_25_F_185| true))
((|memory_model::choice_ws-ext_0_18_1_25_F_219| true))
((|memory_model::choice_ws-ext_0_18_2_10_F_222| true))
((|memory_model::choice_ws-ext_0_18_2_13_F_223| true))
((|memory_model::choice_ws-ext_0_18_2_16_F_224| true))
((|memory_model::choice_ws-ext_0_18_2_19_F_225| true))
((|memory_model::choice_ws-ext_0_18_2_4_F_220| true))
((|memory_model::choice_ws-ext_0_18_2_7_F_221| true))
((|memory_model::choice_ws-ext_0_8_1_27_T_192| true))
((|memory_model::choice_ws-ext_0_8_2_27_T_193| true))
((|memory_model::choice_ws-ext_0_9_1_10_F_174| true))
((|memory_model::choice_ws-ext_0_9_1_13_F_175| true))
((|memory_model::choice_ws-ext_0_9_1_16_F_176| true))
((|memory_model::choice_ws-ext_0_9_1_19_F_177| true))
((|memory_model::choice_ws-ext_0_9_1_4_F_172| true))
((|memory_model::choice_ws-ext_0_9_1_7_F_173| true))
((|memory_model::choice_ws-ext_0_9_2_25_F_178| true))
((|memory_model::choice_ws-ext_1_10_2_25_F_188| true))
((|memory_model::choice_ws-ext_1_13_2_25_F_189| true))
((|memory_model::choice_ws-ext_1_16_2_25_F_190| true))
((|memory_model::choice_ws-ext_1_19_2_25_F_191| true))
((|memory_model::choice_ws-ext_1_1_2_1_F_208| false))
((|memory_model::choice_ws-ext_1_1_2_23_F_209| true))
((|memory_model::choice_ws-ext_1_21_2_21_F_199| false))
((|memory_model::choice_ws-ext_1_23_2_1_F_210| false))
((|memory_model::choice_ws-ext_1_23_2_23_F_211| true))
((|memory_model::choice_ws-ext_1_25_2_10_F_228| false))
((|memory_model::choice_ws-ext_1_25_2_13_F_229| false))
((|memory_model::choice_ws-ext_1_25_2_16_F_230| false))
((|memory_model::choice_ws-ext_1_25_2_19_F_231| false))
((|memory_model::choice_ws-ext_1_25_2_4_F_226| false))
((|memory_model::choice_ws-ext_1_25_2_7_F_227| false))
((|memory_model::choice_ws-ext_1_27_2_27_T_194| false))
((|memory_model::choice_ws-ext_1_4_2_25_F_186| true))
((|memory_model::choice_ws-ext_1_7_2_25_F_187| true))
((|num#1| #x00000000))
((|num#1$wclk$8| (- 20)))
((|num#10| #x00000000))
((|num#10$rclk$8| 8))
((|num#11| #x00000001))
((|num#11$wclk$8| 9))
((|num#12| #x00000001))
((|num#12$rclk$8| (- 6)))
((|num#13| #x00000000))
((|num#13$rclk$8| (- 4)))
((|num#14| #x00000000))
((|num#14$rclk$8| (- 2)))
((|num#15| #x00000000))
((|num#15$rclk$8| 0))
((|num#16| #x00000000))
((|num#16$rclk$8| 2))
((|num#17| #x00000000))
((|num#17$rclk$8| 4))
((|num#18| #x00000001))
((|num#18$rclk$8| 6))
((|num#19| #x00000000))
((|num#19$wclk$8| 7))
((|num#2| #x00000001))
((|num#2$wclk$8| (- 17)))
((|num#3| #x00000000))
((|num#3$rclk$8| 8))
((|num#4| #x00000000))
((|num#4$rclk$8| (- 5)))
((|num#5| #x00000000))
((|num#5$rclk$8| (- 3)))
((|num#6| #x00000000))
((|num#6$rclk$8| (- 1)))
((|num#7| #x00000000))
((|num#7$rclk$8| 1))
((|num#8| #x00000000))
((|num#8$rclk$8| 3))
((|num#9| #x00000000))
((|num#9$rclk$8| 5))
((|pthread_cond_init#return_value!0#1| #x00000000))
((|pthread_cond_init#return_value!0#2| #x00000000))
((|pthread_cond_init#return_value!1#1| #x00000000))
((|pthread_cond_init#return_value!2#1| #x00000000))
((|pthread_cond_init::attr!0@1#1| #x00000000))
((|pthread_cond_init::attr!0@2#1| #x00000000))
((|pthread_cond_init::cond!0@1#1| #x03000000))
((|pthread_cond_init::cond!0@2#1| #x04000000))
((|pthread_cond_signal#return_value!1#1| #x00000000))
((|pthread_cond_signal#return_value!1#2| #x00000000))
((|pthread_cond_signal#return_value!2#1| #x00000000))
((|pthread_cond_signal#return_value!2#2| #x00000000))
((|pthread_cond_signal::cond!1@1#1| #x04000000))
((|pthread_cond_signal::cond!2@1#1| #x03000000))
((|pthread_cond_wait#return_value!1#1| #x00000000))
((|pthread_cond_wait#return_value!1#10| #x00000000))
((|pthread_cond_wait#return_value!1#11| #x00000000))
((|pthread_cond_wait#return_value!1#12| #x00000000))
((|pthread_cond_wait#return_value!1#13| #x00000000))
((|pthread_cond_wait#return_value!1#2| #x00000000))
((|pthread_cond_wait#return_value!1#3| #x00000000))
((|pthread_cond_wait#return_value!1#4| #x00000000))
((|pthread_cond_wait#return_value!1#5| #x00000000))
((|pthread_cond_wait#return_value!1#6| #x00000000))
((|pthread_cond_wait#return_value!1#7| #x00000000))
((|pthread_cond_wait#return_value!1#8| #x00000000))
((|pthread_cond_wait#return_value!1#9| #x00000000))
((|pthread_cond_wait#return_value!2#1| #x00000000))
((|pthread_cond_wait#return_value!2#10| #x00000000))
((|pthread_cond_wait#return_value!2#11| #x00000000))
((|pthread_cond_wait#return_value!2#12| #x00000000))
((|pthread_cond_wait#return_value!2#13| #x00000000))
((|pthread_cond_wait#return_value!2#2| #x00000000))
((|pthread_cond_wait#return_value!2#3| #x00000000))
((|pthread_cond_wait#return_value!2#4| #x00000000))
((|pthread_cond_wait#return_value!2#5| #x00000000))
((|pthread_cond_wait#return_value!2#6| #x00000000))
((|pthread_cond_wait#return_value!2#7| #x00000000))
((|pthread_cond_wait#return_value!2#8| #x00000000))
((|pthread_cond_wait#return_value!2#9| #x00000000))
((|pthread_cond_wait::cond!1@1#1| #x03000000))
((|pthread_cond_wait::cond!1@2#1| #x03000000))
((|pthread_cond_wait::cond!1@3#1| #x03000000))
((|pthread_cond_wait::cond!1@4#1| #x03000000))
((|pthread_cond_wait::cond!1@5#1| #x03000000))
((|pthread_cond_wait::cond!1@6#1| #x03000000))
((|pthread_cond_wait::cond!2@1#1| #x04000000))
((|pthread_cond_wait::cond!2@2#1| #x04000000))
((|pthread_cond_wait::cond!2@3#1| #x04000000))
((|pthread_cond_wait::cond!2@4#1| #x04000000))
((|pthread_cond_wait::cond!2@5#1| #x04000000))
((|pthread_cond_wait::cond!2@6#1| #x04000000))
((|pthread_cond_wait::mutex!1@1#1| #x02000000))
((|pthread_cond_wait::mutex!1@2#1| #x02000000))
((|pthread_cond_wait::mutex!1@3#1| #x02000000))
((|pthread_cond_wait::mutex!1@4#1| #x02000000))
((|pthread_cond_wait::mutex!1@5#1| #x02000000))
((|pthread_cond_wait::mutex!1@6#1| #x02000000))
((|pthread_cond_wait::mutex!2@1#1| #x02000000))
((|pthread_cond_wait::mutex!2@2#1| #x02000000))
((|pthread_cond_wait::mutex!2@3#1| #x02000000))
((|pthread_cond_wait::mutex!2@4#1| #x02000000))
((|pthread_cond_wait::mutex!2@5#1| #x02000000))
((|pthread_cond_wait::mutex!2@6#1| #x02000000))
((|pthread_create#return_value!0#1| #x00000000))
((|pthread_create#return_value!0#2| #x00000000))
((|pthread_create#return_value!1#1| #x00000000))
((|pthread_create#return_value!2#1| #x00000000))
((|pthread_create::1::this_thread_id!0@1#1| #x00000000))
((|pthread_create::1::this_thread_id!0@1#2| #x00000001))
((|pthread_create::1::this_thread_id!0@2#1| #x00000000))
((|pthread_create::1::this_thread_id!0@2#2| #x00000002))
((|pthread_create::1::this_thread_id!1@0#0| #x00000000))
((|pthread_create::1::this_thread_id!2@0#0| #x00000000))
((|pthread_create::arg!0@1#1| #x00000000))
((|pthread_create::arg!0@2#1| #x00000000))
((|pthread_create::arg!1@0#1| #x00000000))
((|pthread_create::arg!2@0#1| #x00000000))
((|pthread_create::attr!0@1#1| #x00000000))
((|pthread_create::attr!0@2#1| #x00000000))
((|pthread_create::attr!1@0#1| #x00000000))
((|pthread_create::attr!2@0#1| #x00000000))
((|pthread_create::start_routine!0@1#1| #x06000000))
((|pthread_create::start_routine!0@2#1| #x08000000))
((|pthread_create::start_routine!1@0#1| #x06000000))
((|pthread_create::start_routine!2@0#1| #x08000000))
((|pthread_create::thread!0@1#1| #x05000000))
((|pthread_create::thread!0@2#1| #x07000000))
((|pthread_create::thread!1@0#1| #x05000000))
((|pthread_create::thread!2@0#1| #x07000000))
((|pthread_join#return_value!0#0| #x00000000))
((|pthread_join#return_value!0#1| #x00000003))
((|pthread_join#return_value!0#10| #x00000023))
((|pthread_join#return_value!0#11| #x00000000))
((|pthread_join#return_value!0#12| #x00000000))
((|pthread_join#return_value!0#13| #x00000000))
((|pthread_join#return_value!0#14| #x00000000))
((|pthread_join#return_value!0#2| #x00000000))
((|pthread_join#return_value!0#3| #x00000023))
((|pthread_join#return_value!0#4| #x00000000))
((|pthread_join#return_value!0#5| #x00000000))
((|pthread_join#return_value!0#6| #x00000000))
((|pthread_join#return_value!0#7| #x00000000))
((|pthread_join#return_value!0#8| #x00000003))
((|pthread_join#return_value!0#9| #x00000000))
((|pthread_join#return_value!1#1| #x00000000))
((|pthread_join#return_value!2#1| #x00000000))
((|pthread_join::thread!0@1#1| #x00000001))
((|pthread_join::thread!0@2#1| #x00000002))
((|pthread_join::value_ptr!0@1#1| #x00000000))
((|pthread_join::value_ptr!0@2#1| #x00000000))
((|pthread_mutex_init#return_value!0#1| #x00000000))
((|pthread_mutex_init#return_value!1#1| #x00000000))
((|pthread_mutex_init#return_value!2#1| #x00000000))
((|pthread_mutex_init::mutex!0@1#1| #x02000000))
((|pthread_mutex_init::mutexattr!0@1#1| #x00000000))
((|pthread_mutex_lock#return_value!1#1| #x00000000))
((|pthread_mutex_lock#return_value!1#2| #x00000000))
((|pthread_mutex_lock#return_value!2#1| #x00000000))
((|pthread_mutex_lock#return_value!2#2| #x00000000))
((|pthread_mutex_lock::mutex!1@1#1| #x02000000))
((|pthread_mutex_lock::mutex!2@1#1| #x02000000))
((|pthread_mutex_unlock#return_value!1#1| #x00000000))
((|pthread_mutex_unlock#return_value!1#2| #x00000000))
((|pthread_mutex_unlock#return_value!2#1| #x00000000))
((|pthread_mutex_unlock#return_value!2#2| #x00000000))
((|pthread_mutex_unlock::mutex!1@1#1| #x02000000))
((|pthread_mutex_unlock::mutex!2@1#1| #x02000000))
((|return'!0#1| #x00000000))
((|t1$21$spwnclk$8| (- 11)))
((|t1$25$spwnclk$8| (- 8)))
((|thread1#return_value!1#1| #x00000000))
((|thread1#return_value!1#2| #x00000000))
((|thread1#return_value!2#1| #x00000000))
((|thread1::arg!1@1#1| #x00000000))
((|thread2#return_value!1#1| #x00000000))
((|thread2#return_value!2#1| #x00000000))
((|thread2#return_value!2#2| #x00000000))
((|thread2::arg!2@1#1| #x00000000))
(model 
  (define-fun |memory_model::choice_ws-ext_1_13_2_25_F_189| () Bool
    true)
  (define-fun |memory_model::choice_rf_1_2_2_21_F_65| () Bool
    false)
  (define-fun |memory_model::choice_rf_0_34_2_21_F_62| () Bool
    true)
  (define-fun |memory_model::choice_rf_2_9_1_25_F_140| () Bool
    false)
  (define-fun |memory_model::choice_ws-ext_1_19_2_25_F_191| () Bool
    true)
  (define-fun t1$25$spwnclk$8 () Int
    (- 8))
  (define-fun |main::1::t2!0@1#2$wclk$8| () Int
    (- 9))
  (define-fun |memory_model::choice_rf_2_18_2_7_F_160| () Bool
    false)
  (define-fun |main::1::t1!0@1#1$wclk$8| () Int
    (- 19))
  (define-fun |full#5$wclk$8| () Int
    11)
  (define-fun |memory_model::choice_rf_2_14_0_15_F_97| () Bool
    false)
  (define-fun |memory_model::choice_rf_0_34_0_12_F_59| () Bool
    false)
  (define-fun |memory_model::choice_rf_1_6_0_17_F_4| () Bool
    false)
  (define-fun |memory_model::choice_rf_1_20_0_12_F_81| () Bool
    false)
  (define-fun |main::1::t2!0@1#4| () (_ BitVec 32)
    #x00000002)
  (define-fun |memory_model::choice_rf_1_3_0_9_F_0| () Bool
    false)
  (define-fun |memory_model::choice_ws-ext_0_17_1_19_F_184| () Bool
    true)
  (define-fun |__CPROVER_threads_exited#3| () (Array (_ BitVec 32) Bool)
    (lambda ((x!1 (_ BitVec 32))) (or (= x!1 #x00000002) (= x!1 #x00000001))))
  (define-fun |memory_model::choice_ws-ext_0_11_2_1_F_202| () Bool
    true)
  (define-fun |memory_model::choice_ws-ext_0_11_2_23_F_203| () Bool
    true)
  (define-fun |memory_model::choice_ws-ext_0_18_2_13_F_223| () Bool
    true)
  (define-fun |m#3| () (_ BitVec 192)
    #x000000000000000000000000000000000000000000000001)
  (define-fun |memory_model::choice_rf_2_6_1_25_F_136| () Bool
    false)
  (define-fun |memory_model::choice_rf_2_15_0_10_F_149| () Bool
    false)
  (define-fun |num#13$rclk$8| () Int
    (- 4))
  (define-fun |memory_model::choice_rf_2_24_0_9_F_33| () Bool
    false)
  (define-fun |empty#5$wclk$8| () Int
    (- 4))
  (define-fun |memory_model::choice_rf_2_5_0_12_F_87| () Bool
    false)
  (define-fun |__CPROVER_next_thread_id#6| () (_ BitVec 32)
    #x00000002)
  (define-fun |memory_model::choice_ws-ext_0_17_1_10_F_181| () Bool
    true)
  (define-fun |memory_model::choice_rf_1_15_1_13_F_23| () Bool
    false)
  (define-fun |memory_model::choice_rf_2_8_0_12_F_90| () Bool
    false)
  (define-fun t1$21$spwnclk$8 () Int
    (- 11))
  (define-fun |memory_model::choice_rf_2_3_0_18_F_132| () Bool
    false)
  (define-fun |memory_model::choice_ws-ext_0_9_1_16_F_176| () Bool
    true)
  (define-fun |memory_model::choice_rf_1_9_2_25_F_11| () Bool
    false)
  (define-fun |memory_model::choice_rf_2_11_0_12_F_93| () Bool
    false)
  (define-fun |num#4$rclk$8| () Int
    (- 5))
  (define-fun |memory_model::choice_rf_1_15_1_4_F_20| () Bool
    false)
  (define-fun |memory_model::choice_rf_1_24_2_13_F_128| () Bool
    false)
  (define-fun |memory_model::choice_ws-ext_0_17_1_4_F_179| () Bool
    true)
  (define-fun |m#5$wclk$8| () Int
    (- 6))
  (define-fun |memory_model::choice_rf_1_18_1_7_F_28| () Bool
    false)
  (define-fun |memory_model::choice_rf_2_24_1_10_F_37| () Bool
    false)
  (define-fun |memory_model::choice_rf_1_18_0_9_F_25| () Bool
    false)
  (define-fun |memory_model::choice_ws-ext_1_25_2_7_F_227| () Bool
    false)
  (define-fun |num#3| () (_ BitVec 32)
    #x00000000)
  (define-fun |empty#14$wclk$8| () Int
    2)
  (define-fun |memory_model::choice_rf_1_15_0_9_F_18| () Bool
    false)
  (define-fun |memory_model::choice_rf_1_17_0_12_F_78| () Bool
    false)
  (define-fun |memory_model::choice_rf_1_0_2_1_F_107| () Bool
    true)
  (define-fun |num#11$wclk$8| () Int
    9)
  (define-fun |memory_model::choice_rf_1_14_2_21_F_77| () Bool
    false)
  (define-fun |memory_model::choice_rf_0_29_0_8_T_41| () Bool
    true)
  (define-fun |memory_model::choice_rf_1_15_1_7_F_21| () Bool
    false)
  (define-fun |memory_model::choice_ws-ext_0_9_1_19_F_177| () Bool
    true)
  (define-fun |memory_model::choice_ws-ext_0_9_1_13_F_175| () Bool
    true)
  (define-fun |memory_model::choice_ws-ext_0_10_2_7_F_214| () Bool
    true)
  (define-fun |memory_model::choice_rf_1_11_0_15_F_73| () Bool
    false)
  (define-fun |memory_model::choice_rf_1_0_0_16_F_106| () Bool
    false)
  (define-fun |memory_model::choice_ws-ext_0_9_1_4_F_172| () Bool
    true)
  (define-fun |memory_model::choice_ws-ext_0_9_1_10_F_174| () Bool
    true)
  (define-fun |m#1$wclk$8| () Int
    (- 21))
  (define-fun |main::1::t1!0@1#4$rclk$8| () Int
    (- 6))
  (define-fun |num#9$rclk$8| () Int
    5)
  (define-fun |__CPROVER_next_thread_id#7| () (_ BitVec 32)
    #x00000002)
  (define-fun |memory_model::choice_ws-ext_1_25_2_16_F_230| () Bool
    false)
  (define-fun |__CPROVER_threads_exited#4| () (Array (_ BitVec 32) Bool)
    ((as const (Array (_ BitVec 32) Bool)) false))
  (define-fun |memory_model::choice_rf_2_9_0_18_F_139| () Bool
    false)
  (define-fun |main::1::t1!0@1#3| () (_ BitVec 32)
    #x00000001)
  (define-fun |memory_model::choice_rf_2_26_0_8_T_49| () Bool
    true)
  (define-fun |__CPROVER_threads_exited#3$rclk$8| () Int
    0)
  (define-fun |memory_model::choice_rf_1_5_0_12_F_66| () Bool
    false)
  (define-fun |memory_model::choice_rf_1_22_2_23_F_113| () Bool
    false)
  (define-fun |memory_model::choice_rf_2_9_0_10_F_138| () Bool
    false)
  (define-fun |memory_model::choice_rf_1_11_0_12_F_72| () Bool
    false)
  (define-fun |memory_model::choice_ws-ext_0_10_1_25_F_212| () Bool
    true)
  (define-fun |memory_model::choice_ws-ext_0_11_1_23_F_201| () Bool
    true)
  (define-fun |full#2$wclk$8| () Int
    (- 14))
  (define-fun |memory_model::choice_rf_1_5_2_21_F_68| () Bool
    false)
  (define-fun |__CPROVER_threads_exited#1$wclk$8| () Int
    (- 24))
  (define-fun |memory_model::choice_rf_2_14_1_21_F_98| () Bool
    false)
  (define-fun |__CPROVER_next_thread_id#5$wclk$8| () Int
    (- 10))
  (define-fun |full#14$wclk$8| () Int
    (- 1))
  (define-fun |memory_model::choice_rf_2_18_0_10_F_156| () Bool
    false)
  (define-fun |empty#8$wclk$8| () Int
    (- 2))
  (define-fun |__CPROVER_threads_exited#2$rclk$8| () Int
    (- 4))
  (define-fun |memory_model::choice_rf_2_22_0_16_F_119| () Bool
    false)
  (define-fun |memory_model::choice_rf_1_9_0_17_F_8| () Bool
    false)
  (define-fun |memory_model::choice_rf_1_17_2_21_F_80| () Bool
    false)
  (define-fun |num#17$rclk$8| () Int
    4)
  (define-fun |num#18$rclk$8| () Int
    6)
  (define-fun |memory_model::choice_rf_0_30_0_24_F_169| () Bool
    true)
  (define-fun |m#14$wclk$8| () Int
    11)
  (define-fun |empty#1$wclk$8| () Int
    (- 23))
  (define-fun |memory_model::choice_rf_1_20_0_15_F_82| () Bool
    false)
  (define-fun |memory_model::choice_ws-ext_1_25_2_10_F_228| () Bool
    false)
  (define-fun |memory_model::choice_rf_0_28_0_23_T_55| () Bool
    true)
  (define-fun |memory_model::choice_ws-ext_0_10_2_19_F_218| () Bool
    true)
  (define-fun |__CPROVER_threads_exited#2| () (Array (_ BitVec 32) Bool)
    (lambda ((x!1 (_ BitVec 32))) (or (= x!1 #x00000002) (= x!1 #x00000001))))
  (define-fun |empty#17$wclk$8| () Int
    4)
  (define-fun |memory_model::choice_rf_1_24_2_7_F_126| () Bool
    false)
  (define-fun |memory_model::choice_rf_1_14_0_15_F_76| () Bool
    false)
  (define-fun |memory_model::choice_rf_1_12_1_7_F_15| () Bool
    false)
  (define-fun |memory_model::choice_rf_2_0_0_16_F_115| () Bool
    true)
  (define-fun |memory_model::choice_rf_2_11_1_21_F_95| () Bool
    false)
  (define-fun |memory_model::choice_rf_2_18_1_25_F_158| () Bool
    false)
  (define-fun |m#2$wclk$8| () Int
    (- 16))
  (define-fun |memory_model::choice_rf_0_29_1_27_T_42| () Bool
    false)
  (define-fun |memory_model::choice_rf_1_6_2_25_F_6| () Bool
    false)
  (define-fun |memory_model::choice_rf_1_12_0_9_F_12| () Bool
    false)
  (define-fun |memory_model::choice_rf_2_22_0_11_F_118| () Bool
    false)
  (define-fun |memory_model::choice_rf_2_17_1_21_F_101| () Bool
    false)
  (define-fun |memory_model::choice_rf_1_15_0_17_F_19| () Bool
    false)
  (define-fun |memory_model::choice_rf_1_24_0_18_F_124| () Bool
    false)
  (define-fun |pthread_create::1::this_thread_id!1@0#0| () (_ BitVec 32)
    #x00000000)
  (define-fun |memory_model::choice_rf_2_22_1_1_F_120| () Bool
    false)
  (define-fun |memory_model::choice_rf_2_22_2_1_F_122| () Bool
    true)
  (define-fun |memory_model::choice_ws-ext_0_16_1_1_F_204| () Bool
    true)
  (define-fun |num#3$rclk$8| () Int
    8)
  (define-fun |main::1::t1!0@1#3$rclk$8| () Int
    (- 7))
  (define-fun |memory_model::choice_rf_2_22_1_23_F_121| () Bool
    false)
  (define-fun |full#20$wclk$8| () Int
    3)
  (define-fun |memory_model::choice_rf_2_6_0_10_F_134| () Bool
    false)
  (define-fun |memory_model::choice_ws-ext_0_18_1_25_F_219| () Bool
    true)
  (define-fun |memory_model::choice_rf_2_0_0_11_F_114| () Bool
    false)
  (define-fun |num#12| () (_ BitVec 32)
    #x00000001)
  (define-fun |memory_model::choice_ws-ext_1_7_2_25_F_187| () Bool
    true)
  (define-fun |memory_model::choice_ws-ext_0_9_1_7_F_173| () Bool
    true)
  (define-fun |memory_model::choice_rf_2_15_2_7_F_153| () Bool
    false)
  (define-fun |memory_model::choice_rf_0_32_0_23_T_58| () Bool
    true)
  (define-fun |__CPROVER_next_thread_id#2$wclk$8| () Int
    (- 13))
  (define-fun |memory_model::choice_ws-ext_0_8_1_27_T_192| () Bool
    true)
  (define-fun |full#23$wclk$8| () Int
    5)
  (define-fun |memory_model::choice_rf_2_24_1_4_F_35| () Bool
    false)
  (define-fun |num#18| () (_ BitVec 32)
    #x00000001)
  (define-fun |memory_model::choice_rf_0_34_0_15_F_60| () Bool
    false)
  (define-fun |memory_model::choice_rf_1_24_0_10_F_123| () Bool
    false)
  (define-fun |memory_model::choice_rf_2_15_2_10_F_154| () Bool
    false)
  (define-fun |memory_model::choice_ws-ext_1_1_2_1_F_208| () Bool
    false)
  (define-fun |m#9| () (_ BitVec 192)
    #x000000000000000000000000000000000000000000000000)
  (define-fun |num#19$wclk$8| () Int
    7)
  (define-fun |empty#23$wclk$8| () Int
    12)
  (define-fun |memory_model::choice_rf_2_24_1_7_F_36| () Bool
    false)
  (define-fun |memory_model::choice_ws-ext_0_16_2_1_F_206| () Bool
    true)
  (define-fun |__CPROVER_threads_exited#6| () (Array (_ BitVec 32) Bool)
    (lambda ((x!1 (_ BitVec 32))) (or (= x!1 #x00000002) (= x!1 #x00000001))))
  (define-fun |memory_model::choice_ws-ext_1_1_2_23_F_209| () Bool
    true)
  (define-fun |num#12$rclk$8| () Int
    (- 6))
  (define-fun |__CPROVER_next_thread_id#7$rclk$8| () Int
    (- 1))
  (define-fun |memory_model::choice_rf_2_15_0_18_F_150| () Bool
    false)
  (define-fun |main::1::t2!0@1#3$rclk$8| () Int
    (- 3))
  (define-fun |memory_model::choice_ws-ext_0_10_2_13_F_216| () Bool
    true)
  (define-fun |memory_model::choice_rf_0_32_0_6_T_56| () Bool
    false)
  (define-fun |memory_model::choice_rf_1_20_2_21_F_83| () Bool
    false)
  (define-fun |memory_model::choice_rf_1_24_2_4_F_125| () Bool
    false)
  (define-fun |memory_model::choice_rf_0_30_0_14_F_168| () Bool
    false)
  (define-fun |empty#21| () (_ BitVec 384)
    #x000000000000000000000000000000000000000000000000000000000000000000000000000000000000000000000000)
  (define-fun |memory_model::choice_rf_2_11_0_15_F_94| () Bool
    false)
  (define-fun |m#8$wclk$8| () Int
    10)
  (define-fun |main::1::t2!0@1#3| () (_ BitVec 32)
    #x00000002)
  (define-fun |num#16$rclk$8| () Int
    2)
  (define-fun |memory_model::choice_rf_1_14_0_12_F_75| () Bool
    false)
  (define-fun |memory_model::choice_rf_1_24_2_16_F_129| () Bool
    false)
  (define-fun |memory_model::choice_rf_2_15_1_25_F_151| () Bool
    false)
  (define-fun |memory_model::choice_ws-ext_0_17_1_7_F_180| () Bool
    true)
  (define-fun |memory_model::choice_ws-ext_0_10_2_10_F_215| () Bool
    true)
  (define-fun |memory_model::choice_ws-ext_0_18_2_7_F_221| () Bool
    true)
  (define-fun |memory_model::choice_ws-ext_0_17_2_25_F_185| () Bool
    true)
  (define-fun |memory_model::choice_rf_2_18_2_10_F_161| () Bool
    false)
  (define-fun |memory_model::choice_rf_2_9_2_4_F_141| () Bool
    false)
  (define-fun |memory_model::choice_rf_1_6_0_9_F_3| () Bool
    false)
  (define-fun |memory_model::choice_ws-ext_0_10_2_4_F_213| () Bool
    true)
  (define-fun |num#6$rclk$8| () Int
    (- 1))
  (define-fun |main::1::t2!0@1#1$wclk$8| () Int
    (- 18))
  (define-fun |memory_model::choice_ws-ext_0_18_2_10_F_222| () Bool
    true)
  (define-fun |memory_model::choice_rf_1_12_1_10_F_16| () Bool
    false)
  (define-fun |memory_model::choice_rf_1_12_2_25_F_17| () Bool
    false)
  (define-fun |memory_model::choice_rf_2_24_0_17_F_34| () Bool
    true)
  (define-fun |memory_model::choice_ws-ext_0_8_2_27_T_193| () Bool
    true)
  (define-fun |memory_model::choice_rf_1_18_0_17_F_26| () Bool
    false)
  (define-fun |memory_model::choice_rf_1_22_2_1_F_112| () Bool
    false)
  (define-fun |memory_model::choice_rf_1_18_2_25_F_32| () Bool
    false)
  (define-fun |memory_model::choice_rf_0_32_0_19_T_57| () Bool
    false)
  (define-fun |memory_model::choice_rf_2_20_0_15_F_103| () Bool
    true)
  (define-fun |empty#11$wclk$8| () Int
    0)
  (define-fun |memory_model::choice_ws-ext_0_15_1_21_F_197| () Bool
    true)
  (define-fun |memory_model::choice_rf_2_14_0_12_F_96| () Bool
    false)
  (define-fun |memory_model::choice_rf_1_12_0_17_F_13| () Bool
    false)
  (define-fun |memory_model::choice_rf_0_22_0_6_T_51| () Bool
    false)
  (define-fun |memory_model::choice_rf_1_0_0_11_F_105| () Bool
    false)
  (define-fun |num#8$rclk$8| () Int
    3)
  (define-fun |memory_model::choice_rf_1_22_0_11_F_109| () Bool
    false)
  (define-fun |memory_model::choice_rf_0_29_2_27_T_43| () Bool
    false)
  (define-fun |full#8$wclk$8| () Int
    (- 5))
  (define-fun |memory_model::choice_rf_2_8_1_21_F_92| () Bool
    false)
  (define-fun |pthread_create::1::this_thread_id!2@0#0| () (_ BitVec 32)
    #x00000000)
  (define-fun |num#5$rclk$8| () Int
    (- 3))
  (define-fun |main::1::t1!0@1#2$wclk$8| () Int
    (- 12))
  (define-fun |memory_model::choice_rf_1_15_1_10_F_22| () Bool
    false)
  (define-fun |full#1$wclk$8| () Int
    (- 22))
  (define-fun |memory_model::choice_rf_0_26_0_13_F_164| () Bool
    false)
  (define-fun |__CPROVER_threads_exited#6$rclk$8| () Int
    13)
  (define-fun |memory_model::choice_rf_2_12_0_18_F_144| () Bool
    false)
  (define-fun |memory_model::choice_ws-ext_0_16_1_23_F_205| () Bool
    true)
  (define-fun |memory_model::choice_rf_1_3_0_17_F_1| () Bool
    false)
  (define-fun |memory_model::choice_ws-ext_1_16_2_25_F_190| () Bool
    true)
  (define-fun |memory_model::choice_ws-ext_1_23_2_1_F_210| () Bool
    false)
  (define-fun |__CPROVER_threads_exited#7$wclk$8| () Int
    14)
  (define-fun |memory_model::choice_rf_2_9_2_7_F_142| () Bool
    false)
  (define-fun |memory_model::choice_rf_2_17_0_12_F_99| () Bool
    false)
  (define-fun |memory_model::choice_rf_2_20_1_21_F_104| () Bool
    false)
  (define-fun |memory_model::choice_rf_1_6_1_4_F_5| () Bool
    false)
  (define-fun |full#11$wclk$8| () Int
    (- 3))
  (define-fun |__CPROVER_next_thread_id#6$rclk$8| () Int
    (- 5))
  (define-fun |memory_model::choice_rf_2_12_2_7_F_147| () Bool
    false)
  (define-fun |memory_model::choice_rf_2_24_1_13_F_38| () Bool
    false)
  (define-fun |memory_model::choice_ws-ext_0_18_2_16_F_224| () Bool
    true)
  (define-fun |memory_model::choice_rf_0_33_2_27_T_46| () Bool
    false)
  (define-fun |memory_model::choice_rf_0_28_0_6_T_53| () Bool
    false)
  (define-fun |memory_model::choice_rf_2_0_1_23_F_117| () Bool
    false)
  (define-fun |memory_model::choice_rf_1_18_1_16_F_31| () Bool
    false)
  (define-fun |memory_model::choice_rf_1_8_0_15_F_70| () Bool
    false)
  (define-fun |memory_model::choice_rf_1_22_1_1_F_111| () Bool
    false)
  (define-fun |memory_model::choice_rf_2_6_0_18_F_135| () Bool
    false)
  (define-fun |memory_model::choice_ws-ext_0_12_2_21_F_196| () Bool
    true)
  (define-fun |memory_model::choice_rf_1_15_2_25_F_24| () Bool
    false)
  (define-fun |memory_model::choice_ws-ext_1_25_2_13_F_229| () Bool
    false)
  (define-fun array_of.0 () (Array (_ BitVec 32) Bool)
    (lambda ((x!1 (_ BitVec 32))) (or (= x!1 #x00000002) (= x!1 #x00000001))))
  (define-fun |m#11$wclk$8| () Int
    (- 7))
  (define-fun |memory_model::choice_rf_2_20_0_12_F_102| () Bool
    false)
  (define-fun |memory_model::choice_rf_0_33_1_27_T_45| () Bool
    false)
  (define-fun |memory_model::choice_ws-ext_0_18_2_19_F_225| () Bool
    true)
  (define-fun |m#12| () (_ BitVec 192)
    #x000000000000000000000000000000000000000000000001)
  (define-fun |num#7$rclk$8| () Int
    1)
  (define-fun |memory_model::choice_rf_2_26_1_27_T_50| () Bool
    false)
  (define-fun |memory_model::choice_rf_1_8_0_12_F_69| () Bool
    false)
  (define-fun |memory_model::choice_rf_2_12_1_25_F_145| () Bool
    false)
  (define-fun |memory_model::choice_rf_2_0_1_1_F_116| () Bool
    false)
  (define-fun |memory_model::choice_rf_0_34_1_21_F_61| () Bool
    false)
  (define-fun |memory_model::choice_rf_2_18_2_4_F_159| () Bool
    false)
  (define-fun |memory_model::choice_rf_2_24_1_19_F_40| () Bool
    false)
  (define-fun |memory_model::choice_rf_0_28_0_19_T_54| () Bool
    false)
  (define-fun |memory_model::choice_rf_1_9_1_4_F_9| () Bool
    false)
  (define-fun |memory_model::choice_ws-ext_0_10_2_16_F_217| () Bool
    true)
  (define-fun |memory_model::choice_rf_0_31_0_24_F_171| () Bool
    true)
  (define-fun |memory_model::choice_rf_1_3_2_25_F_2| () Bool
    false)
  (define-fun |memory_model::choice_ws-ext_0_11_1_1_F_200| () Bool
    true)
  (define-fun |memory_model::choice_rf_1_22_0_16_F_110| () Bool
    false)
  (define-fun |empty#20$wclk$8| () Int
    6)
  (define-fun |memory_model::choice_rf_1_26_2_27_T_48| () Bool
    false)
  (define-fun |memory_model::choice_rf_1_0_2_23_F_108| () Bool
    false)
  (define-fun |memory_model::choice_rf_2_3_1_25_F_133| () Bool
    false)
  (define-fun |memory_model::choice_rf_1_9_0_9_F_7| () Bool
    false)
  (define-fun |memory_model::choice_ws-ext_0_15_2_21_F_198| () Bool
    true)
  (define-fun |memory_model::choice_ws-ext_1_25_2_19_F_231| () Bool
    false)
  (define-fun |memory_model::choice_rf_2_24_1_16_F_39| () Bool
    false)
  (define-fun |memory_model::choice_rf_2_17_0_15_F_100| () Bool
    false)
  (define-fun |memory_model::choice_rf_1_18_1_13_F_30| () Bool
    false)
  (define-fun |memory_model::choice_rf_1_9_1_7_F_10| () Bool
    false)
  (define-fun |memory_model::choice_ws-ext_1_4_2_25_F_186| () Bool
    true)
  (define-fun |memory_model::choice_rf_0_33_0_8_T_44| () Bool
    true)
  (define-fun |memory_model::choice_rf_1_17_0_15_F_79| () Bool
    false)
  (define-fun |memory_model::choice_rf_2_6_2_4_F_137| () Bool
    false)
  (define-fun |memory_model::choice_rf_2_2_0_12_F_84| () Bool
    false)
  (define-fun |memory_model::choice_rf_2_2_0_15_F_85| () Bool
    true)
  (define-fun |memory_model::choice_rf_1_8_2_21_F_71| () Bool
    false)
  (define-fun |memory_model::choice_rf_2_18_0_18_F_157| () Bool
    false)
  (define-fun |memory_model::choice_rf_2_12_2_4_F_146| () Bool
    false)
  (define-fun |memory_model::choice_rf_2_8_0_15_F_91| () Bool
    false)
  (define-fun |memory_model::choice_ws-ext_1_25_2_4_F_226| () Bool
    false)
  (define-fun |memory_model::choice_rf_1_24_2_19_F_130| () Bool
    false)
  (define-fun |main::1::t1!0@1#4| () (_ BitVec 32)
    #x00000001)
  (define-fun |num#10$rclk$8| () Int
    8)
  (define-fun |memory_model::choice_rf_1_5_0_15_F_67| () Bool
    false)
  (define-fun |num#14$rclk$8| () Int
    (- 2))
  (define-fun |memory_model::choice_rf_2_15_2_4_F_152| () Bool
    false)
  (define-fun |__CPROVER_threads_exited#5$wclk$8| () Int
    15)
  (define-fun |memory_model::choice_rf_1_26_0_8_T_47| () Bool
    false)
  (define-fun |memory_model::choice_ws-ext_1_21_2_21_F_199| () Bool
    false)
  (define-fun |memory_model::choice_ws-ext_0_18_2_4_F_220| () Bool
    true)
  (define-fun |empty#2$wclk$8| () Int
    (- 15))
  (define-fun |memory_model::choice_rf_1_2_0_12_F_63| () Bool
    false)
  (define-fun |memory_model::choice_rf_2_12_0_10_F_143| () Bool
    false)
  (define-fun |memory_model::choice_rf_0_27_0_13_F_166| () Bool
    false)
  (define-fun |full#17$wclk$8| () Int
    1)
  (define-fun |memory_model::choice_rf_2_12_2_10_F_148| () Bool
    false)
  (define-fun |memory_model::choice_ws-ext_1_23_2_23_F_211| () Bool
    true)
  (define-fun |__CPROVER_next_thread_id#3| () (_ BitVec 32)
    #x00000001)
  (define-fun |memory_model::choice_rf_2_5_0_15_F_88| () Bool
    false)
  (define-fun |main::1::t2!0@1#4$rclk$8| () Int
    (- 2))
  (define-fun |memory_model::choice_ws-ext_1_10_2_25_F_188| () Bool
    true)
  (define-fun |memory_model::choice_rf_0_22_0_19_T_52| () Bool
    true)
  (define-fun |memory_model::choice_rf_2_5_1_21_F_89| () Bool
    false)
  (define-fun |memory_model::choice_rf_1_11_2_21_F_74| () Bool
    false)
  (define-fun |memory_model::choice_ws-ext_0_16_2_23_F_207| () Bool
    true)
  (define-fun |memory_model::choice_rf_1_12_1_4_F_14| () Bool
    false)
  (define-fun |num#2$wclk$8| () Int
    (- 17))
  (define-fun |memory_model::choice_rf_0_26_0_20_F_165| () Bool
    true)
  (define-fun |__CPROVER_threads_exited#4$rclk$8| () Int
    12)
  (define-fun |memory_model::choice_ws-ext_1_27_2_27_T_194| () Bool
    false)
  (define-fun |memory_model::choice_rf_1_24_2_10_F_127| () Bool
    false)
  (define-fun |memory_model::choice_rf_2_3_0_10_F_131| () Bool
    false)
  (define-fun |memory_model::choice_rf_2_18_2_13_F_162| () Bool
    false)
  (define-fun |memory_model::choice_rf_0_31_0_14_F_170| () Bool
    false)
  (define-fun |memory_model::choice_ws-ext_0_12_1_21_F_195| () Bool
    true)
  (define-fun |memory_model::choice_rf_1_18_1_4_F_27| () Bool
    false)
  (define-fun |memory_model::choice_rf_1_2_0_15_F_64| () Bool
    false)
  (define-fun |memory_model::choice_rf_2_15_2_13_F_155| () Bool
    false)
  (define-fun |memory_model::choice_rf_2_2_1_21_F_86| () Bool
    false)
  (define-fun |memory_model::choice_rf_1_18_1_10_F_29| () Bool
    false)
  (define-fun |memory_model::choice_rf_2_18_2_16_F_163| () Bool
    false)
  (define-fun |memory_model::choice_rf_0_27_0_20_F_167| () Bool
    true)
  (define-fun |memory_model::choice_ws-ext_0_9_2_25_F_178| () Bool
    true)
  (define-fun |memory_model::choice_ws-ext_0_17_1_13_F_182| () Bool
    true)
  (define-fun |memory_model::choice_ws-ext_0_17_1_16_F_183| () Bool
    true)
  (define-fun |num#15$rclk$8| () Int
    0)
  (define-fun |num#1$wclk$8| () Int
    (- 20))
  (define-fun |__CPROVER_pipe_count#1$wclk$8| () Int
    (- 25))
  (define-fun |__CPROVER_next_thread_id#1$wclk$8| () Int
    (- 26))
  (define-fun |__CPROVER_memory_leak#1$wclk$8| () Int
    (- 27))
  (define-fun |__CPROVER_malloc_size#1$wclk$8| () Int
    (- 28))
  (define-fun |__CPROVER_malloc_object#1$wclk$8| () Int
    (- 29))
  (define-fun |__CPROVER_malloc_is_new_array#1$wclk$8| () Int
    (- 30))
  (define-fun |__CPROVER_deallocated#1$wclk$8| () Int
    (- 31))
  (define-fun |__CPROVER_dead_object#1$wclk$8| () Int
    (- 32))
  (define-fun |empty#21$rclk$8| () Int
    12)
  (define-fun |m#12$rclk$8| () Int
    11)
  (define-fun |full#21$rclk$8| () Int
    5)
  (define-fun |full#18$rclk$8| () Int
    3)
  (define-fun |full#15$rclk$8| () Int
    1)
  (define-fun |full#12$rclk$8| () Int
    (- 1))
  (define-fun |full#9$rclk$8| () Int
    (- 3))
  (define-fun |full#6$rclk$8| () Int
    (- 5))
  (define-fun |m#9$rclk$8| () Int
    (- 7))
  (define-fun |full#3$rclk$8| () Int
    11)
  (define-fun |m#6$rclk$8| () Int
    10)
  (define-fun |empty#18$rclk$8| () Int
    6)
  (define-fun |empty#15$rclk$8| () Int
    4)
  (define-fun |empty#12$rclk$8| () Int
    2)
  (define-fun |empty#9$rclk$8| () Int
    0)
  (define-fun |empty#6$rclk$8| () Int
    (- 2))
  (define-fun |empty#3$rclk$8| () Int
    (- 4))
  (define-fun |m#3$rclk$8| () Int
    (- 6))
  (define-fun |__CPROVER_next_thread_id#3$rclk$8| () Int
    (- 10))
  (define-fun |full#21| () (_ BitVec 384)
    #x000000000000000000000000000000000000000000000000000000000000000000000000000000000000000000000000)
  (define-fun |full#22| () (_ BitVec 384)
    #x000000000000000000000000000000000000000000000000000000000000000000000000000000000000000000000000)
  (define-fun |num#17| () (_ BitVec 32)
    #x00000000)
  (define-fun |goto_symex::&92;guard#19| () Bool
    true)
  (define-fun |full#18| () (_ BitVec 384)
    #x000000000000000000000000000000000000000000000000000000000000000000000000000000000000000000000000)
  (define-fun |full#19| () (_ BitVec 384)
    #x000000000000000000000000000000000000000000000000000000000000000000000000000000000000000000000000)
  (define-fun |num#16| () (_ BitVec 32)
    #x00000000)
  (define-fun |goto_symex::&92;guard#18| () Bool
    true)
  (define-fun |full#15| () (_ BitVec 384)
    #x000000000000000000000000000000000000000000000000000000000000000000000000000000000000000000000000)
  (define-fun |full#16| () (_ BitVec 384)
    #x000000000000000000000000000000000000000000000000000000000000000000000000000000000000000000000000)
  (define-fun |num#15| () (_ BitVec 32)
    #x00000000)
  (define-fun |goto_symex::&92;guard#17| () Bool
    true)
  (define-fun |full#12| () (_ BitVec 384)
    #x000000000000000000000000000000000000000000000000000000000000000000000000000000000000000000000000)
  (define-fun |full#13| () (_ BitVec 384)
    #x000000000000000000000000000000000000000000000000000000000000000000000000000000000000000000000000)
  (define-fun |num#14| () (_ BitVec 32)
    #x00000000)
  (define-fun |goto_symex::&92;guard#16| () Bool
    true)
  (define-fun |full#9| () (_ BitVec 384)
    #x000000000000000000000000000000000000000000000000000000000000000000000000000000000000000000000000)
  (define-fun |full#10| () (_ BitVec 384)
    #x000000000000000000000000000000000000000000000000000000000000000000000000000000000000000000000000)
  (define-fun |num#13| () (_ BitVec 32)
    #x00000000)
  (define-fun |goto_symex::&92;guard#15| () Bool
    true)
  (define-fun |full#6| () (_ BitVec 384)
    #x000000000000000000000000000000000000000000000000000000000000000000000000000000000000000000000000)
  (define-fun |full#7| () (_ BitVec 384)
    #x000000000000000000000000000000000000000000000000000000000000000000000000000000000000000000000000)
  (define-fun |goto_symex::&92;guard#14| () Bool
    false)
  (define-fun |m#10| () (_ BitVec 192)
    #x000000000000000000000000000000000000000000000000)
  (define-fun |empty#18| () (_ BitVec 384)
    #x000000000000000000000000000000000000000000000000000000000000000000000000000000000000000000000000)
  (define-fun |empty#19| () (_ BitVec 384)
    #x000000000000000000000000000000000000000000000000000000000000000000000000000000000000000000000000)
  (define-fun |num#9| () (_ BitVec 32)
    #x00000000)
  (define-fun |goto_symex::&92;guard#13| () Bool
    false)
  (define-fun |empty#15| () (_ BitVec 384)
    #x000000000000000000000000000000000000000000000000000000000000000000000000000000000000000000000000)
  (define-fun |empty#16| () (_ BitVec 384)
    #x000000000000000000000000000000000000000000000000000000000000000000000000000000000000000000000000)
  (define-fun |num#8| () (_ BitVec 32)
    #x00000000)
  (define-fun |goto_symex::&92;guard#12| () Bool
    false)
  (define-fun |empty#12| () (_ BitVec 384)
    #x000000000000000000000000000000000000000000000000000000000000000000000000000000000000000000000000)
  (define-fun |empty#13| () (_ BitVec 384)
    #x000000000000000000000000000000000000000000000000000000000000000000000000000000000000000000000000)
  (define-fun |num#7| () (_ BitVec 32)
    #x00000000)
  (define-fun |goto_symex::&92;guard#11| () Bool
    false)
  (define-fun |empty#9| () (_ BitVec 384)
    #x000000000000000000000000000000000000000000000000000000000000000000000000000000000000000000000000)
  (define-fun |empty#10| () (_ BitVec 384)
    #x000000000000000000000000000000000000000000000000000000000000000000000000000000000000000000000000)
  (define-fun |num#6| () (_ BitVec 32)
    #x00000000)
  (define-fun |goto_symex::&92;guard#10| () Bool
    false)
  (define-fun |empty#6| () (_ BitVec 384)
    #x000000000000000000000000000000000000000000000000000000000000000000000000000000000000000000000000)
  (define-fun |empty#7| () (_ BitVec 384)
    #x000000000000000000000000000000000000000000000000000000000000000000000000000000000000000000000000)
  (define-fun |num#5| () (_ BitVec 32)
    #x00000000)
  (define-fun |goto_symex::&92;guard#9| () Bool
    false)
  (define-fun |empty#3| () (_ BitVec 384)
    #x000000000000000000000000000000000000000000000000000000000000000000000000000000000000000000000000)
  (define-fun |empty#4| () (_ BitVec 384)
    #x000000000000000000000000000000000000000000000000000000000000000000000000000000000000000000000000)
  (define-fun |num#4| () (_ BitVec 32)
    #x00000000)
  (define-fun |goto_symex::&92;guard#8| () Bool
    false)
  (define-fun |m#4| () (_ BitVec 192)
    #x000000000000000000000000000000000000000000000001)
  (define-fun |goto_symex::&92;guard#7| () Bool
    true)
  (define-fun |goto_symex::&92;guard#6| () Bool
    false)
  (define-fun |goto_symex::&92;guard#5| () Bool
    false)
  (define-fun |pthread_join::thread!0@2#1| () (_ BitVec 32)
    #x00000002)
  (define-fun |goto_symex::&92;guard#4| () Bool
    false)
  (define-fun |goto_symex::&92;guard#3| () Bool
    false)
  (define-fun |pthread_join::thread!0@1#1| () (_ BitVec 32)
    #x00000001)
  (define-fun B321 () Bool
    false)
  (define-fun B320 () Bool
    false)
  (define-fun B319 () Bool
    false)
  (define-fun B318 () Bool
    false)
  (define-fun B317 () Bool
    false)
  (define-fun B316 () Bool
    true)
  (define-fun B315 () Bool
    true)
  (define-fun B314 () Bool
    true)
  (define-fun B313 () Bool
    true)
  (define-fun B312 () Bool
    true)
  (define-fun B311 () Bool
    true)
  (define-fun B310 () Bool
    true)
  (define-fun B309 () Bool
    false)
  (define-fun B308 () Bool
    true)
  (define-fun B307 () Bool
    true)
  (define-fun B306 () Bool
    true)
  (define-fun B305 () Bool
    true)
  (define-fun B304 () Bool
    true)
  (define-fun B303 () Bool
    true)
  (define-fun B302 () Bool
    true)
  (define-fun |m#6| () (_ BitVec 192)
    #x000000000000000000000000000000000000000000000000)
  (define-fun B301 () Bool
    true)
  (define-fun B300 () Bool
    false)
  (define-fun |pthread_create::1::this_thread_id!0@2#1| () (_ BitVec 32)
    #x00000000)
  (define-fun B299 () Bool
    true)
  (define-fun |pthread_create::1::this_thread_id!0@1#1| () (_ BitVec 32)
    #x00000000)
  (define-fun B298 () Bool
    true)
  (define-fun |main::1::t2!0@1#1| () (_ BitVec 32)
    #x00000000)
  (define-fun B297 () Bool
    true)
  (define-fun |main::1::t1!0@1#1| () (_ BitVec 32)
    #x00000000)
  (define-fun B296 () Bool
    true)
  (define-fun |__CPROVER_threads_exited#7| () (Array (_ BitVec 32) Bool)
    (store (store (store ((as const (Array (_ BitVec 32) Bool)) false)
                     #x00000001
                     true)
              #x00000002
              true)
       #x00000000
       true))
  (define-fun |thread2#return_value!2#2| () (_ BitVec 32)
    #x00000000)
  (define-fun |pthread_cond_signal#return_value!2#2| () (_ BitVec 32)
    #x00000000)
  (define-fun |empty#23| () (_ BitVec 384)
    #x000000000000000000000000000000000000000000000000000000000000000000000000000000000000000000000001)
  (define-fun |empty#22| () (_ BitVec 384)
    #x000000000000000000000000000000000000000000000000000000000000000000000000000000000000000000000000)
  (define-fun |pthread_cond_signal::cond!2@1#1| () (_ BitVec 32)
    #x03000000)
  (define-fun |pthread_mutex_unlock#return_value!2#2| () (_ BitVec 32)
    #x00000000)
  (define-fun |m#14| () (_ BitVec 192)
    #x000000000000000000000000000000000000000000000000)
  (define-fun |m#13| () (_ BitVec 192)
    #x000000000000000000000000000000000000000000000001)
  (define-fun |pthread_mutex_unlock::mutex!2@1#1| () (_ BitVec 32)
    #x02000000)
  (define-fun |num#19| () (_ BitVec 32)
    #x00000000)
  (define-fun |pthread_cond_wait#return_value!2#13| () (_ BitVec 32)
    #x00000000)
  (define-fun |pthread_cond_wait#return_value!2#12| () (_ BitVec 32)
    #x00000000)
  (define-fun |pthread_cond_wait#return_value!2#11| () (_ BitVec 32)
    #x00000000)
  (define-fun |pthread_cond_wait#return_value!2#10| () (_ BitVec 32)
    #x00000000)
  (define-fun |pthread_cond_wait#return_value!2#9| () (_ BitVec 32)
    #x00000000)
  (define-fun |pthread_cond_wait#return_value!2#8| () (_ BitVec 32)
    #x00000000)
  (define-fun |pthread_cond_wait#return_value!2#7| () (_ BitVec 32)
    #x00000000)
  (define-fun |full#23| () (_ BitVec 384)
    #x0000000000000000000000000000000000000000000000000000000000000000000000000000000000000000ffffffff)
  (define-fun |pthread_cond_wait::mutex!2@6#1| () (_ BitVec 32)
    #x02000000)
  (define-fun |pthread_cond_wait::cond!2@6#1| () (_ BitVec 32)
    #x04000000)
  (define-fun |pthread_cond_wait#return_value!2#6| () (_ BitVec 32)
    #x00000000)
  (define-fun |full#20| () (_ BitVec 384)
    #x0000000000000000000000000000000000000000000000000000000000000000000000000000000000000000ffffffff)
  (define-fun |pthread_cond_wait::mutex!2@5#1| () (_ BitVec 32)
    #x02000000)
  (define-fun |pthread_cond_wait::cond!2@5#1| () (_ BitVec 32)
    #x04000000)
  (define-fun |pthread_cond_wait#return_value!2#5| () (_ BitVec 32)
    #x00000000)
  (define-fun |full#17| () (_ BitVec 384)
    #x0000000000000000000000000000000000000000000000000000000000000000000000000000000000000000ffffffff)
  (define-fun |pthread_cond_wait::mutex!2@4#1| () (_ BitVec 32)
    #x02000000)
  (define-fun |pthread_cond_wait::cond!2@4#1| () (_ BitVec 32)
    #x04000000)
  (define-fun |pthread_cond_wait#return_value!2#4| () (_ BitVec 32)
    #x00000000)
  (define-fun |full#14| () (_ BitVec 384)
    #x0000000000000000000000000000000000000000000000000000000000000000000000000000000000000000ffffffff)
  (define-fun |pthread_cond_wait::mutex!2@3#1| () (_ BitVec 32)
    #x02000000)
  (define-fun |pthread_cond_wait::cond!2@3#1| () (_ BitVec 32)
    #x04000000)
  (define-fun |pthread_cond_wait#return_value!2#3| () (_ BitVec 32)
    #x00000000)
  (define-fun |full#11| () (_ BitVec 384)
    #x0000000000000000000000000000000000000000000000000000000000000000000000000000000000000000ffffffff)
  (define-fun |pthread_cond_wait::mutex!2@2#1| () (_ BitVec 32)
    #x02000000)
  (define-fun |pthread_cond_wait::cond!2@2#1| () (_ BitVec 32)
    #x04000000)
  (define-fun |pthread_cond_wait#return_value!2#2| () (_ BitVec 32)
    #x00000000)
  (define-fun |full#8| () (_ BitVec 384)
    #x0000000000000000000000000000000000000000000000000000000000000000000000000000000000000000ffffffff)
  (define-fun |pthread_cond_wait::mutex!2@1#1| () (_ BitVec 32)
    #x02000000)
  (define-fun |pthread_cond_wait::cond!2@1#1| () (_ BitVec 32)
    #x04000000)
  (define-fun |pthread_mutex_lock#return_value!2#2| () (_ BitVec 32)
    #x00000000)
  (define-fun |m#11| () (_ BitVec 192)
    #x000000000000000000000000000000000000000000000001)
  (define-fun |pthread_mutex_lock::mutex!2@1#1| () (_ BitVec 32)
    #x02000000)
  (define-fun |thread2::arg!2@1#1| () (_ BitVec 32)
    #x00000000)
  (define-fun |__CPROVER_thread_id!2#2| () (_ BitVec 32)
    #x00000000)
  (define-fun |__CPROVER_threads_exited#5| () (Array (_ BitVec 32) Bool)
    (store ((as const (Array (_ BitVec 32) Bool)) false) #x00000000 true))
  (define-fun |thread1#return_value!1#2| () (_ BitVec 32)
    #x00000000)
  (define-fun |pthread_cond_signal#return_value!1#2| () (_ BitVec 32)
    #x00000000)
  (define-fun |full#3| () (_ BitVec 384)
    #x000000000000000000000000000000000000000000000000000000000000000000000000000000000000000000000000)
  (define-fun |full#5| () (_ BitVec 384)
    #x000000000000000000000000000000000000000000000000000000000000000000000000000000000000000000000001)
  (define-fun |full#4| () (_ BitVec 384)
    #x000000000000000000000000000000000000000000000000000000000000000000000000000000000000000000000000)
  (define-fun |pthread_cond_signal::cond!1@1#1| () (_ BitVec 32)
    #x04000000)
  (define-fun |pthread_mutex_unlock#return_value!1#2| () (_ BitVec 32)
    #x00000000)
  (define-fun |m#8| () (_ BitVec 192)
    #x000000000000000000000000000000000000000000000000)
  (define-fun |m#7| () (_ BitVec 192)
    #x000000000000000000000000000000000000000000000000)
  (define-fun |pthread_mutex_unlock::mutex!1@1#1| () (_ BitVec 32)
    #x02000000)
  (define-fun |num#10| () (_ BitVec 32)
    #x00000000)
  (define-fun |num#11| () (_ BitVec 32)
    #x00000001)
  (define-fun |pthread_cond_wait#return_value!1#13| () (_ BitVec 32)
    #x00000000)
  (define-fun |pthread_cond_wait#return_value!1#12| () (_ BitVec 32)
    #x00000000)
  (define-fun |pthread_cond_wait#return_value!1#11| () (_ BitVec 32)
    #x00000000)
  (define-fun |pthread_cond_wait#return_value!1#10| () (_ BitVec 32)
    #x00000000)
  (define-fun |pthread_cond_wait#return_value!1#9| () (_ BitVec 32)
    #x00000000)
  (define-fun |pthread_cond_wait#return_value!1#8| () (_ BitVec 32)
    #x00000000)
  (define-fun |pthread_cond_wait#return_value!1#7| () (_ BitVec 32)
    #x00000000)
  (define-fun |empty#20| () (_ BitVec 384)
    #x0000000000000000000000000000000000000000000000000000000000000000000000000000000000000000ffffffff)
  (define-fun |pthread_cond_wait::mutex!1@6#1| () (_ BitVec 32)
    #x02000000)
  (define-fun |pthread_cond_wait::cond!1@6#1| () (_ BitVec 32)
    #x03000000)
  (define-fun |pthread_cond_wait#return_value!1#6| () (_ BitVec 32)
    #x00000000)
  (define-fun |empty#17| () (_ BitVec 384)
    #x0000000000000000000000000000000000000000000000000000000000000000000000000000000000000000ffffffff)
  (define-fun |pthread_cond_wait::mutex!1@5#1| () (_ BitVec 32)
    #x02000000)
  (define-fun |pthread_cond_wait::cond!1@5#1| () (_ BitVec 32)
    #x03000000)
  (define-fun |pthread_cond_wait#return_value!1#5| () (_ BitVec 32)
    #x00000000)
  (define-fun |empty#14| () (_ BitVec 384)
    #x0000000000000000000000000000000000000000000000000000000000000000000000000000000000000000ffffffff)
  (define-fun |pthread_cond_wait::mutex!1@4#1| () (_ BitVec 32)
    #x02000000)
  (define-fun |pthread_cond_wait::cond!1@4#1| () (_ BitVec 32)
    #x03000000)
  (define-fun |pthread_cond_wait#return_value!1#4| () (_ BitVec 32)
    #x00000000)
  (define-fun |empty#11| () (_ BitVec 384)
    #x0000000000000000000000000000000000000000000000000000000000000000000000000000000000000000ffffffff)
  (define-fun |pthread_cond_wait::mutex!1@3#1| () (_ BitVec 32)
    #x02000000)
  (define-fun |pthread_cond_wait::cond!1@3#1| () (_ BitVec 32)
    #x03000000)
  (define-fun |pthread_cond_wait#return_value!1#3| () (_ BitVec 32)
    #x00000000)
  (define-fun |empty#8| () (_ BitVec 384)
    #x0000000000000000000000000000000000000000000000000000000000000000000000000000000000000000ffffffff)
  (define-fun |pthread_cond_wait::mutex!1@2#1| () (_ BitVec 32)
    #x02000000)
  (define-fun |pthread_cond_wait::cond!1@2#1| () (_ BitVec 32)
    #x03000000)
  (define-fun |pthread_cond_wait#return_value!1#2| () (_ BitVec 32)
    #x00000000)
  (define-fun |empty#5| () (_ BitVec 384)
    #x0000000000000000000000000000000000000000000000000000000000000000000000000000000000000000ffffffff)
  (define-fun |pthread_cond_wait::mutex!1@1#1| () (_ BitVec 32)
    #x02000000)
  (define-fun |pthread_cond_wait::cond!1@1#1| () (_ BitVec 32)
    #x03000000)
  (define-fun |pthread_mutex_lock#return_value!1#2| () (_ BitVec 32)
    #x00000000)
  (define-fun |m#5| () (_ BitVec 192)
    #x000000000000000000000000000000000000000000000001)
  (define-fun |pthread_mutex_lock::mutex!1@1#1| () (_ BitVec 32)
    #x02000000)
  (define-fun |thread1::arg!1@1#1| () (_ BitVec 32)
    #x00000000)
  (define-fun |__CPROVER_thread_id!1#2| () (_ BitVec 32)
    #x00000000)
  (define-fun |return'!0#1| () (_ BitVec 32)
    #x00000000)
  (define-fun |main#return_value!0#1| () (_ BitVec 32)
    #x00000000)
  (define-fun |pthread_join#return_value!0#14| () (_ BitVec 32)
    #x00000000)
  (define-fun |pthread_join#return_value!0#13| () (_ BitVec 32)
    #x00000000)
  (define-fun |pthread_join#return_value!0#12| () (_ BitVec 32)
    #x00000000)
  (define-fun |pthread_join#return_value!0#11| () (_ BitVec 32)
    #x00000000)
  (define-fun |pthread_join#return_value!0#10| () (_ BitVec 32)
    #x00000023)
  (define-fun |pthread_join#return_value!0#9| () (_ BitVec 32)
    #x00000000)
  (define-fun |pthread_join#return_value!0#8| () (_ BitVec 32)
    #x00000003)
  (define-fun |pthread_join::value_ptr!0@2#1| () (_ BitVec 32)
    #x00000000)
  (define-fun |pthread_join#return_value!0#7| () (_ BitVec 32)
    #x00000000)
  (define-fun |pthread_join#return_value!0#6| () (_ BitVec 32)
    #x00000000)
  (define-fun |pthread_join#return_value!0#5| () (_ BitVec 32)
    #x00000000)
  (define-fun |pthread_join#return_value!0#0| () (_ BitVec 32)
    #x00000000)
  (define-fun |pthread_join#return_value!0#4| () (_ BitVec 32)
    #x00000000)
  (define-fun |pthread_join#return_value!0#3| () (_ BitVec 32)
    #x00000023)
  (define-fun |pthread_join#return_value!0#2| () (_ BitVec 32)
    #x00000000)
  (define-fun |pthread_join#return_value!0#1| () (_ BitVec 32)
    #x00000003)
  (define-fun |pthread_join::value_ptr!0@1#1| () (_ BitVec 32)
    #x00000000)
  (define-fun |pthread_create#return_value!0#2| () (_ BitVec 32)
    #x00000000)
  (define-fun |pthread_mutex_unlock#return_value!2#1| () (_ BitVec 32)
    #x00000000)
  (define-fun |__CPROVER_rounding_mode!2#1| () (_ BitVec 32)
    #x00000000)
  (define-fun |pthread_mutex_lock#return_value!2#1| () (_ BitVec 32)
    #x00000000)
  (define-fun |thread2#return_value!2#1| () (_ BitVec 32)
    #x00000000)
  (define-fun |pthread_cond_wait#return_value!2#1| () (_ BitVec 32)
    #x00000000)
  (define-fun |pthread_cond_init#return_value!2#1| () (_ BitVec 32)
    #x00000000)
  (define-fun |pthread_mutex_init#return_value!2#1| () (_ BitVec 32)
    #x00000000)
  (define-fun |main#return_value!2#1| () (_ BitVec 32)
    #x00000000)
  (define-fun |thread1#return_value!2#1| () (_ BitVec 32)
    #x00000000)
  (define-fun |pthread_create#return_value!2#1| () (_ BitVec 32)
    #x00000000)
  (define-fun |pthread_cond_signal#return_value!2#1| () (_ BitVec 32)
    #x00000000)
  (define-fun |__CPROVER_thread_id!2#1| () (_ BitVec 32)
    #x00000000)
  (define-fun |pthread_join#return_value!2#1| () (_ BitVec 32)
    #x00000000)
  (define-fun |pthread_create::arg!2@0#1| () (_ BitVec 32)
    #x00000000)
  (define-fun |pthread_create::start_routine!2@0#1| () (_ BitVec 32)
    #x08000000)
  (define-fun |pthread_create::attr!2@0#1| () (_ BitVec 32)
    #x00000000)
  (define-fun |pthread_create::thread!2@0#1| () (_ BitVec 32)
    #x07000000)
  (define-fun |goto_symex::&92;guard#2| () Bool
    false)
  (define-fun |main::1::t2!0@1#2| () (_ BitVec 32)
    #x00000002)
  (define-fun |pthread_create::1::this_thread_id!0@2#2| () (_ BitVec 32)
    #x00000002)
  (define-fun |__CPROVER_next_thread_id#5| () (_ BitVec 32)
    #x00000002)
  (define-fun |__CPROVER_next_thread_id#4| () (_ BitVec 32)
    #x00000001)
  (define-fun |pthread_create::arg!0@2#1| () (_ BitVec 32)
    #x00000000)
  (define-fun |pthread_create::start_routine!0@2#1| () (_ BitVec 32)
    #x08000000)
  (define-fun |pthread_create::attr!0@2#1| () (_ BitVec 32)
    #x00000000)
  (define-fun |pthread_create::thread!0@2#1| () (_ BitVec 32)
    #x07000000)
  (define-fun |pthread_create#return_value!0#1| () (_ BitVec 32)
    #x00000000)
  (define-fun |pthread_mutex_unlock#return_value!1#1| () (_ BitVec 32)
    #x00000000)
  (define-fun |__CPROVER_rounding_mode!1#1| () (_ BitVec 32)
    #x00000000)
  (define-fun |pthread_mutex_lock#return_value!1#1| () (_ BitVec 32)
    #x00000000)
  (define-fun |thread2#return_value!1#1| () (_ BitVec 32)
    #x00000000)
  (define-fun |pthread_cond_wait#return_value!1#1| () (_ BitVec 32)
    #x00000000)
  (define-fun |pthread_cond_init#return_value!1#1| () (_ BitVec 32)
    #x00000000)
  (define-fun |pthread_mutex_init#return_value!1#1| () (_ BitVec 32)
    #x00000000)
  (define-fun |main#return_value!1#1| () (_ BitVec 32)
    #x00000000)
  (define-fun |thread1#return_value!1#1| () (_ BitVec 32)
    #x00000000)
  (define-fun |pthread_create#return_value!1#1| () (_ BitVec 32)
    #x00000000)
  (define-fun |pthread_cond_signal#return_value!1#1| () (_ BitVec 32)
    #x00000000)
  (define-fun |__CPROVER_thread_id!1#1| () (_ BitVec 32)
    #x00000000)
  (define-fun |pthread_join#return_value!1#1| () (_ BitVec 32)
    #x00000000)
  (define-fun |pthread_create::arg!1@0#1| () (_ BitVec 32)
    #x00000000)
  (define-fun |pthread_create::start_routine!1@0#1| () (_ BitVec 32)
    #x06000000)
  (define-fun |pthread_create::attr!1@0#1| () (_ BitVec 32)
    #x00000000)
  (define-fun |pthread_create::thread!1@0#1| () (_ BitVec 32)
    #x05000000)
  (define-fun |goto_symex::&92;guard#1| () Bool
    false)
  (define-fun |main::1::t1!0@1#2| () (_ BitVec 32)
    #x00000001)
  (define-fun |pthread_create::1::this_thread_id!0@1#2| () (_ BitVec 32)
    #x00000001)
  (define-fun |__CPROVER_next_thread_id#2| () (_ BitVec 32)
    #x00000001)
  (define-fun |pthread_create::arg!0@1#1| () (_ BitVec 32)
    #x00000000)
  (define-fun |pthread_create::start_routine!0@1#1| () (_ BitVec 32)
    #x06000000)
  (define-fun |pthread_create::attr!0@1#1| () (_ BitVec 32)
    #x00000000)
  (define-fun |pthread_create::thread!0@1#1| () (_ BitVec 32)
    #x05000000)
  (define-fun |pthread_cond_init#return_value!0#2| () (_ BitVec 32)
    #x00000000)
  (define-fun |full#2| () (_ BitVec 384)
    #x000000000000000000000000000000000000000000000000000000000000000000000000000000000000000000000000)
  (define-fun |pthread_cond_init::attr!0@2#1| () (_ BitVec 32)
    #x00000000)
  (define-fun |pthread_cond_init::cond!0@2#1| () (_ BitVec 32)
    #x04000000)
  (define-fun |pthread_cond_init#return_value!0#1| () (_ BitVec 32)
    #x00000000)
  (define-fun |empty#2| () (_ BitVec 384)
    #x000000000000000000000000000000000000000000000000000000000000000000000000000000000000000000000000)
  (define-fun |pthread_cond_init::attr!0@1#1| () (_ BitVec 32)
    #x00000000)
  (define-fun |pthread_cond_init::cond!0@1#1| () (_ BitVec 32)
    #x03000000)
  (define-fun |pthread_mutex_init#return_value!0#1| () (_ BitVec 32)
    #x00000000)
  (define-fun |m#2| () (_ BitVec 192)
    #x000000000000000000000000000000000000000000000000)
  (define-fun |pthread_mutex_init::mutexattr!0@1#1| () (_ BitVec 32)
    #x00000000)
  (define-fun |pthread_mutex_init::mutex!0@1#1| () (_ BitVec 32)
    #x02000000)
  (define-fun |num#2| () (_ BitVec 32)
    #x00000001)
  (define-fun |num#1| () (_ BitVec 32)
    #x00000000)
  (define-fun |m#1| () (_ BitVec 192)
    #x000000000000000000000000000000000000000000000000)
  (define-fun |full#1| () (_ BitVec 384)
    #x000000000000000000000000000000000000000000000000000000000000000000000000000000000000000000000000)
  (define-fun |empty#1| () (_ BitVec 384)
    #x000000000000000000000000000000000000000000000000000000000000000000000000000000000000000000000000)
  (define-fun |__CPROVER_threads_exited#1| () (Array (_ BitVec 32) Bool)
    (store (store ((as const (Array (_ BitVec 32) Bool)) false) #x00000001 true)
       #x00000002
       true))
  (define-fun |__CPROVER_thread_id!0#1| () (_ BitVec 32)
    #x00000000)
  (define-fun |__CPROVER_rounding_mode!0#1| () (_ BitVec 32)
    #x00000000)
  (define-fun |__CPROVER_pipe_count#1| () (_ BitVec 32)
    #x00000000)
  (define-fun |__CPROVER_next_thread_id#1| () (_ BitVec 32)
    #x00000000)
  (define-fun |__CPROVER_memory_leak#1| () (_ BitVec 32)
    #x00000000)
  (define-fun |__CPROVER_malloc_size#1| () (_ BitVec 32)
    #x00000000)
  (define-fun |__CPROVER_malloc_object#1| () (_ BitVec 32)
    #x00000000)
  (define-fun |__CPROVER_malloc_is_new_array#1| () Bool
    false)
  (define-fun |__CPROVER_deallocated#1| () (_ BitVec 32)
    #x00000000)
  (define-fun |__CPROVER_dead_object#1| () (_ BitVec 32)
    #x00000000)
  (define-fun B295 () Bool
    true)
  (define-fun B294 () Bool
    true)
  (define-fun B293 () Bool
    true)
  (define-fun B292 () Bool
    true)
  (define-fun B291 () Bool
    true)
  (define-fun B290 () Bool
    true)
  (define-fun B289 () Bool
    true)
  (define-fun B288 () Bool
    true)
  (define-fun B287 () Bool
    true)
  (define-fun B286 () Bool
    true)
  (define-fun B285 () Bool
    true)
  (define-fun B284 () Bool
    true)
  (define-fun B283 () Bool
    true)
  (define-fun B282 () Bool
    true)
  (define-fun B281 () Bool
    true)
  (define-fun B280 () Bool
    true)
  (define-fun B279 () Bool
    true)
  (define-fun B278 () Bool
    true)
  (define-fun B277 () Bool
    true)
  (define-fun B276 () Bool
    true)
  (define-fun B275 () Bool
    true)
  (define-fun B274 () Bool
    true)
  (define-fun B273 () Bool
    true)
  (define-fun B272 () Bool
    true)
  (define-fun B271 () Bool
    true)
  (define-fun B270 () Bool
    true)
  (define-fun B269 () Bool
    true)
  (define-fun B268 () Bool
    true)
  (define-fun B267 () Bool
    true)
  (define-fun B266 () Bool
    true)
  (define-fun B265 () Bool
    true)
  (define-fun B264 () Bool
    true)
  (define-fun B263 () Bool
    true)
  (define-fun B262 () Bool
    true)
  (define-fun B261 () Bool
    true)
  (define-fun B260 () Bool
    false)
  (define-fun B259 () Bool
    false)
  (define-fun B258 () Bool
    false)
  (define-fun B257 () Bool
    false)
  (define-fun B256 () Bool
    false)
  (define-fun B255 () Bool
    false)
  (define-fun B254 () Bool
    false)
  (define-fun B253 () Bool
    false)
  (define-fun B252 () Bool
    false)
  (define-fun B251 () Bool
    false)
  (define-fun B250 () Bool
    false)
  (define-fun B249 () Bool
    false)
  (define-fun B248 () Bool
    false)
  (define-fun B247 () Bool
    false)
  (define-fun B246 () Bool
    false)
  (define-fun B245 () Bool
    false)
  (define-fun B244 () Bool
    false)
  (define-fun B243 () Bool
    false)
  (define-fun B242 () Bool
    false)
  (define-fun B241 () Bool
    false)
  (define-fun B240 () Bool
    false)
  (define-fun B239 () Bool
    false)
  (define-fun B238 () Bool
    false)
  (define-fun B237 () Bool
    false)
  (define-fun B236 () Bool
    false)
  (define-fun B235 () Bool
    false)
  (define-fun B234 () Bool
    false)
  (define-fun B233 () Bool
    false)
  (define-fun B232 () Bool
    false)
  (define-fun B231 () Bool
    false)
  (define-fun B230 () Bool
    false)
  (define-fun B229 () Bool
    false)
  (define-fun B228 () Bool
    false)
  (define-fun B227 () Bool
    false)
  (define-fun B226 () Bool
    false)
  (define-fun B225 () Bool
    false)
  (define-fun B224 () Bool
    false)
  (define-fun B223 () Bool
    false)
  (define-fun B222 () Bool
    false)
  (define-fun B221 () Bool
    false)
  (define-fun B220 () Bool
    false)
  (define-fun B219 () Bool
    false)
  (define-fun B218 () Bool
    false)
  (define-fun B217 () Bool
    false)
  (define-fun B216 () Bool
    false)
  (define-fun B215 () Bool
    false)
  (define-fun B214 () Bool
    false)
  (define-fun B213 () Bool
    false)
  (define-fun B212 () Bool
    false)
  (define-fun B211 () Bool
    false)
  (define-fun B210 () Bool
    false)
  (define-fun B209 () Bool
    false)
  (define-fun B208 () Bool
    false)
  (define-fun B207 () Bool
    false)
  (define-fun B206 () Bool
    false)
  (define-fun B205 () Bool
    false)
  (define-fun B204 () Bool
    false)
  (define-fun B203 () Bool
    false)
  (define-fun B202 () Bool
    false)
  (define-fun B201 () Bool
    false)
  (define-fun B200 () Bool
    false)
  (define-fun B199 () Bool
    false)
  (define-fun B198 () Bool
    false)
  (define-fun B197 () Bool
    false)
  (define-fun B196 () Bool
    false)
  (define-fun B195 () Bool
    false)
  (define-fun B194 () Bool
    false)
  (define-fun B193 () Bool
    false)
  (define-fun B192 () Bool
    false)
  (define-fun B191 () Bool
    false)
  (define-fun B190 () Bool
    false)
  (define-fun B189 () Bool
    false)
  (define-fun B188 () Bool
    false)
  (define-fun B187 () Bool
    false)
  (define-fun B186 () Bool
    false)
  (define-fun B185 () Bool
    false)
  (define-fun B184 () Bool
    false)
  (define-fun B183 () Bool
    false)
  (define-fun B182 () Bool
    false)
  (define-fun B181 () Bool
    false)
  (define-fun B180 () Bool
    false)
  (define-fun B179 () Bool
    false)
  (define-fun B178 () Bool
    false)
  (define-fun B177 () Bool
    false)
  (define-fun B176 () Bool
    false)
  (define-fun B175 () Bool
    false)
  (define-fun B174 () Bool
    false)
  (define-fun B173 () Bool
    false)
  (define-fun B172 () Bool
    true)
  (define-fun B171 () Bool
    true)
  (define-fun B170 () Bool
    true)
  (define-fun B169 () Bool
    true)
  (define-fun B168 () Bool
    true)
  (define-fun B167 () Bool
    true)
  (define-fun B166 () Bool
    true)
  (define-fun B165 () Bool
    true)
  (define-fun B164 () Bool
    false)
  (define-fun B163 () Bool
    false)
  (define-fun B162 () Bool
    false)
  (define-fun B161 () Bool
    false)
  (define-fun B160 () Bool
    false)
  (define-fun B159 () Bool
    false)
  (define-fun B158 () Bool
    false)
  (define-fun B157 () Bool
    false)
  (define-fun B156 () Bool
    false)
  (define-fun B155 () Bool
    false)
  (define-fun B154 () Bool
    false)
  (define-fun B153 () Bool
    false)
  (define-fun B152 () Bool
    false)
  (define-fun B151 () Bool
    false)
  (define-fun B150 () Bool
    false)
  (define-fun B149 () Bool
    false)
  (define-fun B148 () Bool
    false)
  (define-fun B147 () Bool
    false)
  (define-fun B146 () Bool
    false)
  (define-fun B145 () Bool
    false)
  (define-fun B144 () Bool
    false)
  (define-fun B143 () Bool
    false)
  (define-fun B142 () Bool
    false)
  (define-fun B141 () Bool
    false)
  (define-fun B140 () Bool
    false)
  (define-fun B139 () Bool
    false)
  (define-fun B138 () Bool
    false)
  (define-fun B137 () Bool
    false)
  (define-fun B136 () Bool
    false)
  (define-fun B135 () Bool
    false)
  (define-fun B134 () Bool
    false)
  (define-fun B133 () Bool
    false)
  (define-fun B132 () Bool
    false)
  (define-fun B131 () Bool
    false)
  (define-fun B130 () Bool
    false)
  (define-fun B129 () Bool
    false)
  (define-fun B128 () Bool
    false)
  (define-fun B127 () Bool
    false)
  (define-fun B126 () Bool
    false)
  (define-fun B125 () Bool
    false)
  (define-fun B124 () Bool
    false)
  (define-fun B123 () Bool
    false)
  (define-fun B122 () Bool
    false)
  (define-fun B121 () Bool
    false)
  (define-fun B120 () Bool
    false)
  (define-fun B119 () Bool
    false)
  (define-fun B118 () Bool
    false)
  (define-fun B117 () Bool
    false)
  (define-fun B116 () Bool
    false)
  (define-fun B115 () Bool
    false)
  (define-fun B114 () Bool
    false)
  (define-fun B113 () Bool
    false)
  (define-fun B112 () Bool
    false)
  (define-fun B111 () Bool
    false)
  (define-fun B110 () Bool
    false)
  (define-fun B109 () Bool
    false)
  (define-fun B108 () Bool
    false)
  (define-fun B107 () Bool
    false)
  (define-fun B106 () Bool
    false)
  (define-fun B105 () Bool
    false)
  (define-fun B104 () Bool
    false)
  (define-fun B103 () Bool
    false)
  (define-fun B102 () Bool
    false)
  (define-fun B101 () Bool
    false)
  (define-fun B100 () Bool
    false)
  (define-fun B99 () Bool
    false)
  (define-fun B98 () Bool
    false)
  (define-fun B97 () Bool
    false)
  (define-fun B96 () Bool
    false)
  (define-fun B95 () Bool
    false)
  (define-fun B94 () Bool
    false)
  (define-fun B93 () Bool
    false)
  (define-fun B92 () Bool
    false)
  (define-fun B91 () Bool
    false)
  (define-fun B90 () Bool
    false)
  (define-fun B89 () Bool
    false)
  (define-fun B88 () Bool
    false)
  (define-fun B87 () Bool
    false)
  (define-fun B86 () Bool
    false)
  (define-fun B85 () Bool
    false)
  (define-fun B84 () Bool
    false)
  (define-fun B83 () Bool
    false)
  (define-fun B82 () Bool
    false)
  (define-fun B81 () Bool
    false)
  (define-fun B80 () Bool
    false)
  (define-fun B79 () Bool
    false)
  (define-fun B78 () Bool
    false)
  (define-fun B77 () Bool
    false)
  (define-fun B76 () Bool
    false)
  (define-fun B75 () Bool
    false)
  (define-fun B74 () Bool
    false)
  (define-fun B73 () Bool
    false)
  (define-fun B72 () Bool
    false)
  (define-fun B71 () Bool
    false)
  (define-fun B70 () Bool
    false)
  (define-fun B69 () Bool
    false)
  (define-fun B68 () Bool
    false)
  (define-fun B67 () Bool
    false)
  (define-fun B66 () Bool
    false)
  (define-fun B65 () Bool
    false)
  (define-fun B64 () Bool
    false)
  (define-fun B63 () Bool
    false)
  (define-fun B62 () Bool
    false)
  (define-fun B61 () Bool
    false)
  (define-fun B60 () Bool
    false)
  (define-fun B59 () Bool
    false)
  (define-fun B58 () Bool
    false)
  (define-fun B57 () Bool
    false)
  (define-fun B56 () Bool
    false)
  (define-fun B55 () Bool
    false)
  (define-fun B54 () Bool
    false)
  (define-fun B53 () Bool
    false)
  (define-fun B52 () Bool
    false)
  (define-fun B51 () Bool
    false)
  (define-fun B50 () Bool
    false)
  (define-fun B49 () Bool
    false)
  (define-fun B48 () Bool
    false)
  (define-fun B47 () Bool
    false)
  (define-fun B46 () Bool
    false)
  (define-fun B45 () Bool
    false)
  (define-fun B44 () Bool
    false)
  (define-fun B43 () Bool
    false)
  (define-fun B42 () Bool
    false)
  (define-fun B41 () Bool
    false)
  (define-fun B40 () Bool
    false)
  (define-fun B39 () Bool
    false)
  (define-fun B38 () Bool
    false)
  (define-fun B37 () Bool
    false)
  (define-fun B36 () Bool
    false)
  (define-fun B35 () Bool
    false)
  (define-fun B34 () Bool
    false)
  (define-fun B33 () Bool
    false)
  (define-fun B32 () Bool
    false)
  (define-fun B31 () Bool
    false)
  (define-fun B30 () Bool
    false)
  (define-fun B29 () Bool
    true)
  (define-fun B28 () Bool
    true)
  (define-fun B27 () Bool
    true)
  (define-fun B26 () Bool
    true)
  (define-fun B25 () Bool
    true)
  (define-fun B24 () Bool
    true)
  (define-fun B23 () Bool
    true)
  (define-fun B22 () Bool
    false)
  (define-fun B21 () Bool
    false)
  (define-fun B20 () Bool
    true)
  (define-fun B19 () Bool
    false)
  (define-fun B18 () Bool
    false)
  (define-fun B17 () Bool
    true)
  (define-fun B16 () Bool
    true)
  (define-fun B15 () Bool
    true)
  (define-fun B14 () Bool
    true)
  (define-fun B13 () Bool
    true)
  (define-fun B12 () Bool
    true)
  (define-fun B11 () Bool
    true)
  (define-fun B10 () Bool
    true)
  (define-fun B9 () Bool
    true)
  (define-fun B8 () Bool
    true)
  (define-fun B7 () Bool
    true)
  (define-fun B6 () Bool
    true)
  (define-fun B5 () Bool
    true)
  (define-fun B4 () Bool
    false)
  (define-fun B3 () Bool
    false)
  (define-fun B2 () Bool
    true)
  (define-fun B1 () Bool
    false)
  (define-fun B0 () Bool
    false)
  (define-fun empty () (_ BitVec 384)
    #x000000000000000000000000000000000000000000000000000000000000000000000000000000000000000000000000)
  (define-fun full () (_ BitVec 384)
    #x000000000000000000000000000000000000000000000000000000000000000000000000000000000000000000000000)
  (define-fun m () (_ BitVec 192)
    #x000000000000000000000000000000000000000000000000)
  (define-fun |main::1::t1!0@1| () (_ BitVec 32)
    #x00000000)
  (define-fun |main::1::t2!0@1| () (_ BitVec 32)
    #x00000000)
)
(:added-eqs                      336
 :arith-bound-propagations-cheap 95
 :arith-bound-propagations-lp    456
 :arith-conflicts                3
 :arith-lower                    235
 :arith-make-feasible            74
 :arith-max-columns              336
 :arith-max-rows                 268
 :arith-propagations             95
 :arith-upper                    193
 :array-ax1                      2
 :binary-propagations            3559
 :bv-bit2core                    4993
 :bv-diseqs                      31
 :bv-dynamic-diseqs              16
 :bv->core-eq                    69
 :conflicts                      25
 :decisions                      7700
 :del-clause                     1507
 :eliminated-applications        16
 :eliminated-vars                52
 :final-checks                   1
 :max-memory                     14.47
 :memory                         5.33
 :minimized-lits                 13
 :mk-bool-var                    9826
 :mk-clause                      5174
 :num-allocs                     45605028
 :num-checks                     1
 :propagations                   6158
 :rlimit-count                   7054356
 :time                           0.26
 :total-time                     0.65)

real	0m0.654s
user	0m0.651s
sys	0m0.003s
State: AC Run_time: 0.6563701629638672