num of guard = 1
num of elim = 11
num of guard = 1
num of elim = 0
sat
((|B0| true))
((|B1| false))
((|B10| true))
((|B11| true))
((|B12| true))
((|B13| true))
((|B14| true))
((|B15| true))
((|B16| true))
((|B17| true))
((|B18| false))
((|B2| false))
((|B3| false))
((|B4| false))
((|B5| false))
((|B6| true))
((|B7| true))
((|B8| true))
((|B9| true))
((|__CPROVER_dead_object#1| #x00000000))
((|__CPROVER_dead_object#1$wclk$8| (- 22)))
((|__CPROVER_deallocated#1| #x00000000))
((|__CPROVER_deallocated#1$wclk$8| (- 21)))
((|__CPROVER_malloc_is_new_array#1| false))
((|__CPROVER_malloc_is_new_array#1$wclk$8| (- 20)))
((|__CPROVER_malloc_object#1| #x00000000))
((|__CPROVER_malloc_object#1$wclk$8| (- 19)))
((|__CPROVER_malloc_size#1| #x00000000))
((|__CPROVER_malloc_size#1$wclk$8| (- 18)))
((|__CPROVER_memory_leak#1| #x00000000))
((|__CPROVER_memory_leak#1$wclk$8| (- 17)))
((|__CPROVER_next_thread_id#1| #x00000000))
((|__CPROVER_next_thread_id#1$wclk$8| (- 16)))
((|__CPROVER_next_thread_id#2| #x00000001))
((|__CPROVER_next_thread_id#2$wclk$8| (- 8)))
((|__CPROVER_next_thread_id#3| #x00000001))
((|__CPROVER_next_thread_id#3$rclk$8| (- 5)))
((|__CPROVER_next_thread_id#4| #x00000001))
((|__CPROVER_next_thread_id#5| #x00000002))
((|__CPROVER_next_thread_id#5$wclk$8| (- 5)))
((|__CPROVER_pipe_count#1| #x00000000))
((|__CPROVER_pipe_count#1$wclk$8| (- 15)))
((|__CPROVER_rounding_mode!0#1| #x00000000))
((|__CPROVER_rounding_mode!1#1| #x00000000))
((|__CPROVER_rounding_mode!2#1| #x00000000))
((|__CPROVER_thread_id!0#1| #x00000000))
((|__CPROVER_thread_id!1#1| #x00000000))
((|__CPROVER_thread_id!1#2| #x00000000))
((|__CPROVER_thread_id!2#1| #x00000000))
((|__CPROVER_thread_id!2#2| #x00000000))
((|__CPROVER_threads_exited#1| ((as const (Array (_ BitVec 32) Bool)) false)))
((|__CPROVER_threads_exited#1$wclk$8| (- 14)))
((|argc'#0| #x01000000))
((|argv'| ((as const (Array (_ BitVec 32) (_ BitVec 32))) #x00000000)))
((|argv'#0| ((as const (Array (_ BitVec 32) (_ BitVec 32))) #x00000000)))
((|argv'#1| ((as const (Array (_ BitVec 32) (_ BitVec 32))) #x00000000)))
((|argv'#1$wclk$8| (- 11)))
((|goto_symex::&92;guard#1| false))
((|goto_symex::&92;guard#2| false))
((|goto_symex::&92;guard#3| true))
((|i#1| #x00000003))
((|i#1$wclk$8| (- 13)))
((|i#10| #x00000007))
((|i#11| #x00000009))
((|i#11$rclk$8| 0))
((|i#12| #x00000009))
((|i#13| #x0000000b))
((|i#13$rclk$8| 2))
((|i#14| #x0000000b))
((|i#15| #x0000000d))
((|i#15$rclk$8| 4))
((|i#16| #x0000000d))
((|i#17| #x0000000f))
((|i#17$rclk$8| 6))
((|i#18| #x0000000f))
((|i#2| #x00000009))
((|i#2$rclk$8| 0))
((|i#3| #x00000009))
((|i#4| #x00000007))
((|i#4$wclk$8| (- 3)))
((|i#5| #x00000009))
((|i#5$wclk$8| (- 1)))
((|i#6| #x0000000b))
((|i#6$wclk$8| 1))
((|i#7| #x0000000d))
((|i#7$wclk$8| 3))
((|i#8| #x0000000f))
((|i#8$wclk$8| 5))
((|i#9| #x00000007))
((|i#9$rclk$8| (- 2)))
((|j#1| #x00000006))
((|j#1$wclk$8| (- 12)))
((|j#10| #x0000000c))
((|j#10$rclk$8| 3))
((|j#11| #x0000000c))
((|j#12| #x0000000e))
((|j#12$rclk$8| 5))
((|j#13| #x0000000e))
((|j#14| #x00000008))
((|j#14$wclk$8| (- 2)))
((|j#15| #x0000000a))
((|j#15$wclk$8| 0))
((|j#16| #x0000000c))
((|j#16$wclk$8| 2))
((|j#17| #x0000000e))
((|j#17$wclk$8| 4))
((|j#18| #x00000010))
((|j#18$wclk$8| 6))
((|j#2| #x00000010))
((|j#2$rclk$8| 7))
((|j#3| #x00000010))
((|j#4| #x00000006))
((|j#4$rclk$8| (- 3)))
((|j#5| #x00000006))
((|j#6| #x00000008))
((|j#6$rclk$8| (- 1)))
((|j#7| #x00000008))
((|j#8| #x0000000a))
((|j#8$rclk$8| 1))
((|j#9| #x0000000a))
((|main#return_value!0#1| #x00000000))
((|main#return_value!1#1| #x00000000))
((|main#return_value!2#1| #x00000000))
((|main::1::condI!0@1#1| #x00000000))
((|main::1::condI!0@1#2| #x00000000))
((|main::1::condJ!0@1#1| #x00000000))
((|main::1::condJ!0@1#2| #x00000001))
((|main::1::id1!0@1| #x00000000))
((|main::1::id1!0@1#1| #x00000000))
((|main::1::id1!0@1#1$wclk$8| (- 10)))
((|main::1::id1!0@1#2| #x00000001))
((|main::1::id1!0@1#2$wclk$8| (- 7)))
((|main::1::id2!0@1| #x00000000))
((|main::1::id2!0@1#1| #x00000000))
((|main::1::id2!0@1#1$wclk$8| (- 9)))
((|main::1::id2!0@1#2| #x00000002))
((|main::1::id2!0@1#2$wclk$8| (- 4)))
((|main::argc!0@1#1| #x01000000))
((|main::argv!0@1#1| #x02000000))
((|memory_model::choice_rf_0_17_0_14_T_1| true))
((|memory_model::choice_rf_0_17_0_6_T_0| false))
((|memory_model::choice_rf_0_21_0_9_F_2| false))
((|memory_model::choice_rf_0_21_1_1_F_3| false))
((|memory_model::choice_rf_0_21_1_3_F_4| true))
((|memory_model::choice_rf_0_21_1_5_F_5| false))
((|memory_model::choice_rf_0_21_1_7_F_6| false))
((|memory_model::choice_rf_0_21_1_9_F_7| false))
((|memory_model::choice_rf_0_22_0_10_F_38| false))
((|memory_model::choice_rf_0_22_2_1_F_39| false))
((|memory_model::choice_rf_0_22_2_3_F_40| false))
((|memory_model::choice_rf_0_22_2_5_F_41| false))
((|memory_model::choice_rf_0_22_2_7_F_42| false))
((|memory_model::choice_rf_0_22_2_9_F_43| true))
((|memory_model::choice_rf_1_0_0_10_F_44| true))
((|memory_model::choice_rf_1_0_2_1_F_45| false))
((|memory_model::choice_rf_1_0_2_3_F_46| false))
((|memory_model::choice_rf_1_0_2_5_F_47| false))
((|memory_model::choice_rf_1_0_2_7_F_48| false))
((|memory_model::choice_rf_1_0_2_9_F_49| false))
((|memory_model::choice_rf_1_2_0_10_F_50| false))
((|memory_model::choice_rf_1_2_2_1_F_51| true))
((|memory_model::choice_rf_1_2_2_3_F_52| false))
((|memory_model::choice_rf_1_2_2_5_F_53| false))
((|memory_model::choice_rf_1_2_2_7_F_54| false))
((|memory_model::choice_rf_1_2_2_9_F_55| false))
((|memory_model::choice_rf_1_4_0_10_F_56| false))
((|memory_model::choice_rf_1_4_2_1_F_57| false))
((|memory_model::choice_rf_1_4_2_3_F_58| true))
((|memory_model::choice_rf_1_4_2_5_F_59| false))
((|memory_model::choice_rf_1_4_2_7_F_60| false))
((|memory_model::choice_rf_1_4_2_9_F_61| false))
((|memory_model::choice_rf_1_6_0_10_F_62| false))
((|memory_model::choice_rf_1_6_2_1_F_63| false))
((|memory_model::choice_rf_1_6_2_3_F_64| false))
((|memory_model::choice_rf_1_6_2_5_F_65| true))
((|memory_model::choice_rf_1_6_2_7_F_66| false))
((|memory_model::choice_rf_1_6_2_9_F_67| false))
((|memory_model::choice_rf_1_8_0_10_F_68| false))
((|memory_model::choice_rf_1_8_2_1_F_69| false))
((|memory_model::choice_rf_1_8_2_3_F_70| false))
((|memory_model::choice_rf_1_8_2_5_F_71| false))
((|memory_model::choice_rf_1_8_2_7_F_72| true))
((|memory_model::choice_rf_1_8_2_9_F_73| false))
((|memory_model::choice_rf_2_0_0_9_F_8| false))
((|memory_model::choice_rf_2_0_1_1_F_9| true))
((|memory_model::choice_rf_2_0_1_3_F_10| false))
((|memory_model::choice_rf_2_0_1_5_F_11| false))
((|memory_model::choice_rf_2_0_1_7_F_12| false))
((|memory_model::choice_rf_2_0_1_9_F_13| false))
((|memory_model::choice_rf_2_2_0_9_F_14| false))
((|memory_model::choice_rf_2_2_1_1_F_15| false))
((|memory_model::choice_rf_2_2_1_3_F_16| true))
((|memory_model::choice_rf_2_2_1_5_F_17| false))
((|memory_model::choice_rf_2_2_1_7_F_18| false))
((|memory_model::choice_rf_2_2_1_9_F_19| false))
((|memory_model::choice_rf_2_4_0_9_F_20| false))
((|memory_model::choice_rf_2_4_1_1_F_21| false))
((|memory_model::choice_rf_2_4_1_3_F_22| false))
((|memory_model::choice_rf_2_4_1_5_F_23| true))
((|memory_model::choice_rf_2_4_1_7_F_24| false))
((|memory_model::choice_rf_2_4_1_9_F_25| false))
((|memory_model::choice_rf_2_6_0_9_F_26| false))
((|memory_model::choice_rf_2_6_1_1_F_27| false))
((|memory_model::choice_rf_2_6_1_3_F_28| false))
((|memory_model::choice_rf_2_6_1_5_F_29| false))
((|memory_model::choice_rf_2_6_1_7_F_30| true))
((|memory_model::choice_rf_2_6_1_9_F_31| false))
((|memory_model::choice_rf_2_8_0_9_F_32| false))
((|memory_model::choice_rf_2_8_1_1_F_33| false))
((|memory_model::choice_rf_2_8_1_3_F_34| false))
((|memory_model::choice_rf_2_8_1_5_F_35| false))
((|memory_model::choice_rf_2_8_1_7_F_36| false))
((|memory_model::choice_rf_2_8_1_9_F_37| true))
((|memory_model::choice_ws-ext_0_10_2_1_F_79| true))
((|memory_model::choice_ws-ext_0_10_2_3_F_80| true))
((|memory_model::choice_ws-ext_0_10_2_5_F_81| true))
((|memory_model::choice_ws-ext_0_10_2_7_F_82| true))
((|memory_model::choice_ws-ext_0_10_2_9_F_83| true))
((|memory_model::choice_ws-ext_0_9_1_1_F_74| true))
((|memory_model::choice_ws-ext_0_9_1_3_F_75| true))
((|memory_model::choice_ws-ext_0_9_1_5_F_76| true))
((|memory_model::choice_ws-ext_0_9_1_7_F_77| true))
((|memory_model::choice_ws-ext_0_9_1_9_F_78| true))
((|pthread_create#return_value!0#1| #x00000000))
((|pthread_create#return_value!0#2| #x00000000))
((|pthread_create#return_value!1#1| #x00000000))
((|pthread_create#return_value!2#1| #x00000000))
((|pthread_create::1::this_thread_id!0@1#1| #x00000000))
((|pthread_create::1::this_thread_id!0@1#2| #x00000001))
((|pthread_create::1::this_thread_id!0@2#1| #x00000000))
((|pthread_create::1::this_thread_id!0@2#2| #x00000002))
((|pthread_create::1::this_thread_id!1@0#0| #x00000000))
((|pthread_create::1::this_thread_id!2@0#0| #x00000000))
((|pthread_create::arg!0@1#1| #x00000000))
((|pthread_create::arg!0@2#1| #x00000000))
((|pthread_create::arg!1@0#1| #x00000000))
((|pthread_create::arg!2@0#1| #x00000000))
((|pthread_create::attr!0@1#1| #x00000000))
((|pthread_create::attr!0@2#1| #x00000000))
((|pthread_create::attr!1@0#1| #x00000000))
((|pthread_create::attr!2@0#1| #x00000000))
((|pthread_create::start_routine!0@1#1| #x04000000))
((|pthread_create::start_routine!0@2#1| #x06000000))
((|pthread_create::start_routine!1@0#1| #x04000000))
((|pthread_create::start_routine!2@0#1| #x06000000))
((|pthread_create::thread!0@1#1| #x03000000))
((|pthread_create::thread!0@2#1| #x05000000))
((|pthread_create::thread!1@0#1| #x03000000))
((|pthread_create::thread!2@0#1| #x05000000))
((|return'!0#1| #x00000000))
((|symex::io::0| #x01000000))
((|t1#return_value!1#1| #x00000000))
((|t1#return_value!2#1| #x00000000))
((|t1$16$spwnclk$8| (- 6)))
((|t1$20$spwnclk$8| (- 3)))
((|t1::1::1::k!1@1#1| #x00000000))
((|t1::1::1::k!1@1#2| #x00000000))
((|t1::1::1::k!1@1#3| #x00000001))
((|t1::1::1::k!1@1#4| #x00000002))
((|t1::1::1::k!1@1#5| #x00000003))
((|t1::1::1::k!1@1#6| #x00000004))
((|t1::1::1::k!1@1#7| #x00000005))
((|t1::arg!1@1#1| #x00000000))
((|t2#return_value!1#1| #x00000000))
((|t2#return_value!2#1| #x00000000))
((|t2::1::1::k!2@1#1| #x00000000))
((|t2::1::1::k!2@1#2| #x00000000))
((|t2::1::1::k!2@1#3| #x00000001))
((|t2::1::1::k!2@1#4| #x00000002))
((|t2::1::1::k!2@1#5| #x00000003))
((|t2::1::1::k!2@1#6| #x00000004))
((|t2::1::1::k!2@1#7| #x00000005))
((|t2::arg!2@1#1| #x00000000))
(model 
  (define-fun |memory_model::choice_rf_0_21_1_1_F_3| () Bool
    false)
  (define-fun |memory_model::choice_rf_2_0_1_1_F_9| () Bool
    true)
  (define-fun |memory_model::choice_rf_2_4_1_3_F_22| () Bool
    false)
  (define-fun |j#10| () (_ BitVec 32)
    #x0000000c)
  (define-fun |memory_model::choice_rf_1_0_2_9_F_49| () Bool
    false)
  (define-fun |memory_model::choice_rf_2_0_1_5_F_11| () Bool
    false)
  (define-fun |memory_model::choice_rf_1_0_2_3_F_46| () Bool
    false)
  (define-fun t1$16$spwnclk$8 () Int
    (- 6))
  (define-fun |memory_model::choice_rf_2_8_1_1_F_33| () Bool
    false)
  (define-fun |j#1$wclk$8| () Int
    (- 12))
  (define-fun |main::1::id2!0@1#1$wclk$8| () Int
    (- 9))
  (define-fun |memory_model::choice_rf_0_21_0_9_F_2| () Bool
    false)
  (define-fun |memory_model::choice_rf_1_6_2_5_F_65| () Bool
    true)
  (define-fun |main::1::id1!0@1#1$wclk$8| () Int
    (- 10))
  (define-fun |memory_model::choice_rf_2_8_1_7_F_36| () Bool
    false)
  (define-fun |memory_model::choice_rf_2_4_1_9_F_25| () Bool
    false)
  (define-fun |memory_model::choice_rf_0_21_1_9_F_7| () Bool
    false)
  (define-fun |j#2$rclk$8| () Int
    7)
  (define-fun |memory_model::choice_rf_1_6_2_9_F_67| () Bool
    false)
  (define-fun |j#18$wclk$8| () Int
    6)
  (define-fun |memory_model::choice_rf_1_4_2_5_F_59| () Bool
    false)
  (define-fun |i#5$wclk$8| () Int
    (- 1))
  (define-fun |memory_model::choice_rf_1_8_2_1_F_69| () Bool
    false)
  (define-fun |memory_model::choice_ws-ext_0_10_2_3_F_80| () Bool
    true)
  (define-fun |j#15$wclk$8| () Int
    0)
  (define-fun |memory_model::choice_rf_0_22_2_7_F_42| () Bool
    false)
  (define-fun |memory_model::choice_rf_0_21_1_3_F_4| () Bool
    true)
  (define-fun |memory_model::choice_ws-ext_0_10_2_1_F_79| () Bool
    true)
  (define-fun |memory_model::choice_rf_1_0_2_5_F_47| () Bool
    false)
  (define-fun |memory_model::choice_rf_1_2_0_10_F_50| () Bool
    false)
  (define-fun |i#7$wclk$8| () Int
    3)
  (define-fun |memory_model::choice_rf_2_4_0_9_F_20| () Bool
    false)
  (define-fun |memory_model::choice_rf_0_22_2_9_F_43| () Bool
    true)
  (define-fun |memory_model::choice_rf_2_0_1_3_F_10| () Bool
    false)
  (define-fun |memory_model::choice_rf_2_2_1_1_F_15| () Bool
    false)
  (define-fun |memory_model::choice_rf_1_0_2_1_F_45| () Bool
    false)
  (define-fun |memory_model::choice_rf_1_4_2_9_F_61| () Bool
    false)
  (define-fun |memory_model::choice_rf_0_22_2_1_F_39| () Bool
    false)
  (define-fun |memory_model::choice_rf_2_6_1_5_F_29| () Bool
    false)
  (define-fun |i#8$wclk$8| () Int
    5)
  (define-fun |memory_model::choice_ws-ext_0_10_2_5_F_81| () Bool
    true)
  (define-fun |memory_model::choice_rf_0_22_2_5_F_41| () Bool
    false)
  (define-fun |memory_model::choice_rf_1_2_2_3_F_52| () Bool
    false)
  (define-fun |memory_model::choice_rf_2_8_1_9_F_37| () Bool
    true)
  (define-fun |memory_model::choice_rf_1_8_2_7_F_72| () Bool
    true)
  (define-fun |i#4$wclk$8| () Int
    (- 3))
  (define-fun |i#1$wclk$8| () Int
    (- 13))
  (define-fun |memory_model::choice_rf_2_2_0_9_F_14| () Bool
    false)
  (define-fun |memory_model::choice_rf_2_0_1_7_F_12| () Bool
    false)
  (define-fun |memory_model::choice_rf_2_6_1_7_F_30| () Bool
    true)
  (define-fun |memory_model::choice_rf_1_4_2_1_F_57| () Bool
    false)
  (define-fun |memory_model::choice_rf_1_0_0_10_F_44| () Bool
    true)
  (define-fun |memory_model::choice_rf_2_2_1_5_F_17| () Bool
    false)
  (define-fun |i#17| () (_ BitVec 32)
    #x0000000f)
  (define-fun |main::1::id1!0@1#2$wclk$8| () Int
    (- 7))
  (define-fun |i#13| () (_ BitVec 32)
    #x0000000b)
  (define-fun |memory_model::choice_rf_1_6_2_1_F_63| () Bool
    false)
  (define-fun |memory_model::choice_rf_2_6_0_9_F_26| () Bool
    false)
  (define-fun |memory_model::choice_rf_2_8_0_9_F_32| () Bool
    false)
  (define-fun |memory_model::choice_rf_1_6_0_10_F_62| () Bool
    false)
  (define-fun |memory_model::choice_rf_1_8_2_5_F_71| () Bool
    false)
  (define-fun |i#2| () (_ BitVec 32)
    #x00000009)
  (define-fun |memory_model::choice_ws-ext_0_9_1_5_F_76| () Bool
    true)
  (define-fun |i#2$rclk$8| () Int
    0)
  (define-fun |memory_model::choice_rf_2_4_1_7_F_24| () Bool
    false)
  (define-fun |memory_model::choice_rf_1_2_2_1_F_51| () Bool
    true)
  (define-fun |memory_model::choice_rf_1_2_2_5_F_53| () Bool
    false)
  (define-fun |j#14$wclk$8| () Int
    (- 2))
  (define-fun t1$20$spwnclk$8 () Int
    (- 3))
  (define-fun |__CPROVER_next_thread_id#5$wclk$8| () Int
    (- 5))
  (define-fun |memory_model::choice_rf_2_6_1_1_F_27| () Bool
    false)
  (define-fun |memory_model::choice_rf_1_8_2_3_F_70| () Bool
    false)
  (define-fun |memory_model::choice_rf_1_2_2_7_F_54| () Bool
    false)
  (define-fun |argv'#1$wclk$8| () Int
    (- 11))
  (define-fun |memory_model::choice_rf_1_0_2_7_F_48| () Bool
    false)
  (define-fun |memory_model::choice_rf_0_17_0_6_T_0| () Bool
    false)
  (define-fun |j#6| () (_ BitVec 32)
    #x00000008)
  (define-fun |memory_model::choice_rf_0_17_0_14_T_1| () Bool
    true)
  (define-fun |memory_model::choice_rf_2_6_1_9_F_31| () Bool
    false)
  (define-fun |j#12| () (_ BitVec 32)
    #x0000000e)
  (define-fun |main::1::id2!0@1#2$wclk$8| () Int
    (- 4))
  (define-fun |j#16$wclk$8| () Int
    2)
  (define-fun |memory_model::choice_rf_1_4_2_7_F_60| () Bool
    false)
  (define-fun |memory_model::choice_rf_1_4_0_10_F_56| () Bool
    false)
  (define-fun |j#4| () (_ BitVec 32)
    #x00000006)
  (define-fun |memory_model::choice_rf_2_6_1_3_F_28| () Bool
    false)
  (define-fun |j#2| () (_ BitVec 32)
    #x00000010)
  (define-fun |memory_model::choice_ws-ext_0_10_2_7_F_82| () Bool
    true)
  (define-fun |memory_model::choice_ws-ext_0_9_1_7_F_77| () Bool
    true)
  (define-fun |memory_model::choice_rf_2_0_0_9_F_8| () Bool
    false)
  (define-fun |memory_model::choice_rf_2_2_1_3_F_16| () Bool
    true)
  (define-fun |memory_model::choice_rf_0_22_0_10_F_38| () Bool
    false)
  (define-fun |memory_model::choice_rf_2_4_1_5_F_23| () Bool
    true)
  (define-fun |__CPROVER_next_thread_id#3| () (_ BitVec 32)
    #x00000001)
  (define-fun |memory_model::choice_ws-ext_0_9_1_9_F_78| () Bool
    true)
  (define-fun |memory_model::choice_rf_1_4_2_3_F_58| () Bool
    true)
  (define-fun |memory_model::choice_rf_1_6_2_3_F_64| () Bool
    false)
  (define-fun |memory_model::choice_rf_1_6_2_7_F_66| () Bool
    false)
  (define-fun |memory_model::choice_rf_0_21_1_5_F_5| () Bool
    false)
  (define-fun |memory_model::choice_rf_2_8_1_5_F_35| () Bool
    false)
  (define-fun |j#17$wclk$8| () Int
    4)
  (define-fun |memory_model::choice_rf_2_2_1_9_F_19| () Bool
    false)
  (define-fun |i#9| () (_ BitVec 32)
    #x00000007)
  (define-fun |memory_model::choice_rf_2_2_1_7_F_18| () Bool
    false)
  (define-fun |memory_model::choice_rf_0_21_1_7_F_6| () Bool
    false)
  (define-fun |memory_model::choice_ws-ext_0_10_2_9_F_83| () Bool
    true)
  (define-fun |memory_model::choice_rf_1_8_0_10_F_68| () Bool
    false)
  (define-fun |memory_model::choice_ws-ext_0_9_1_1_F_74| () Bool
    true)
  (define-fun |__CPROVER_next_thread_id#2$wclk$8| () Int
    (- 8))
  (define-fun |memory_model::choice_rf_1_2_2_9_F_55| () Bool
    false)
  (define-fun |memory_model::choice_rf_1_8_2_9_F_73| () Bool
    false)
  (define-fun |memory_model::choice_ws-ext_0_9_1_3_F_75| () Bool
    true)
  (define-fun |i#11| () (_ BitVec 32)
    #x00000009)
  (define-fun |i#6$wclk$8| () Int
    1)
  (define-fun |memory_model::choice_rf_2_0_1_9_F_13| () Bool
    false)
  (define-fun |argc'#0| () (_ BitVec 32)
    #x01000000)
  (define-fun |memory_model::choice_rf_2_4_1_1_F_21| () Bool
    false)
  (define-fun |j#8| () (_ BitVec 32)
    #x0000000a)
  (define-fun |i#15| () (_ BitVec 32)
    #x0000000d)
  (define-fun |memory_model::choice_rf_2_8_1_3_F_34| () Bool
    false)
  (define-fun |memory_model::choice_rf_0_22_2_3_F_40| () Bool
    false)
  (define-fun |__CPROVER_threads_exited#1$wclk$8| () Int
    (- 14))
  (define-fun |__CPROVER_pipe_count#1$wclk$8| () Int
    (- 15))
  (define-fun |__CPROVER_next_thread_id#1$wclk$8| () Int
    (- 16))
  (define-fun |__CPROVER_memory_leak#1$wclk$8| () Int
    (- 17))
  (define-fun |__CPROVER_malloc_size#1$wclk$8| () Int
    (- 18))
  (define-fun |__CPROVER_malloc_object#1$wclk$8| () Int
    (- 19))
  (define-fun |__CPROVER_malloc_is_new_array#1$wclk$8| () Int
    (- 20))
  (define-fun |__CPROVER_deallocated#1$wclk$8| () Int
    (- 21))
  (define-fun |__CPROVER_dead_object#1$wclk$8| () Int
    (- 22))
  (define-fun |symex::io::0| () (_ BitVec 32)
    #x01000000)
  (define-fun |i#17$rclk$8| () Int
    6)
  (define-fun |i#15$rclk$8| () Int
    4)
  (define-fun |i#13$rclk$8| () Int
    2)
  (define-fun |i#11$rclk$8| () Int
    0)
  (define-fun |i#9$rclk$8| () Int
    (- 2))
  (define-fun |j#12$rclk$8| () Int
    5)
  (define-fun |j#10$rclk$8| () Int
    3)
  (define-fun |j#8$rclk$8| () Int
    1)
  (define-fun |j#6$rclk$8| () Int
    (- 1))
  (define-fun |j#4$rclk$8| () Int
    (- 3))
  (define-fun |__CPROVER_next_thread_id#3$rclk$8| () Int
    (- 5))
  (define-fun |goto_symex::&92;guard#3| () Bool
    true)
  (define-fun |main::1::condI!0@1#1| () (_ BitVec 32)
    #x00000000)
  (define-fun |main::1::condJ!0@1#1| () (_ BitVec 32)
    #x00000000)
  (define-fun |t1::1::1::k!1@1#1| () (_ BitVec 32)
    #x00000000)
  (define-fun |t2::1::1::k!2@1#1| () (_ BitVec 32)
    #x00000000)
  (define-fun |main::1::id1!0@1#1| () (_ BitVec 32)
    #x00000000)
  (define-fun |main::1::id2!0@1#1| () (_ BitVec 32)
    #x00000000)
  (define-fun |pthread_create::1::this_thread_id!0@1#1| () (_ BitVec 32)
    #x00000000)
  (define-fun |pthread_create::1::this_thread_id!0@2#1| () (_ BitVec 32)
    #x00000000)
  (define-fun |pthread_create::1::this_thread_id!1@0#0| () (_ BitVec 32)
    #x00000000)
  (define-fun |pthread_create::1::this_thread_id!2@0#0| () (_ BitVec 32)
    #x00000000)
  (define-fun array_of.0 () (Array (_ BitVec 32) Bool)
    ((as const (Array (_ BitVec 32) Bool)) false))
  (define-fun |argv'| () (Array (_ BitVec 32) (_ BitVec 32))
    ((as const (Array (_ BitVec 32) (_ BitVec 32))) #x00000000))
  (define-fun |argv'#0| () (Array (_ BitVec 32) (_ BitVec 32))
    ((as const (Array (_ BitVec 32) (_ BitVec 32))) #x00000000))
  (define-fun |main::1::id1!0@1| () (_ BitVec 32)
    #x00000000)
  (define-fun |main::1::id2!0@1| () (_ BitVec 32)
    #x00000000)
)
(:added-eqs               13804
 :arith-add-rows          45558
 :arith-assert-lower      1199
 :arith-assert-upper      1329
 :arith-bound-prop        407
 :arith-conflicts         2
 :arith-pivots            1328
 :binary-propagations     74654
 :bv-bit2core             56100
 :bv-conflicts            45
 :bv-diseqs               10
 :bv-dynamic-diseqs       85
 :bv->core-eq             1035
 :conflicts               831
 :decisions               5387
 :del-clause              3410
 :eliminated-applications 19
 :eliminated-vars         12
 :final-checks            1
 :max-memory              5.86
 :memory                  3.76
 :minimized-lits          14221
 :mk-bool-var             5592
 :mk-clause               6381
 :num-allocs              9156123
 :num-checks              1
 :propagations            144676
 :restarts                7
 :rlimit-count            1788009
 :time                    0.10
 :total-time              0.11)

real	0m0.111s
user	0m0.111s
sys	0m0.000s
State: AC Run_time: 0.11286020278930664