(error "line 333 column 104: select requires 1 arguments, but was provided with 2 arguments")
(error "line 640 column 70: unknown constant cond#1")
(error "line 655 column 70: unknown constant cond#1")
(error "line 673 column 70: unknown constant cond#1")
(error "line 696 column 72: unknown constant cond#1")
unsat
(error "line 1304 column 17: model is not available")
(error "line 1305 column 17: model is not available")
(error "line 1306 column 18: model is not available")
(error "line 1307 column 18: model is not available")
(error "line 1308 column 18: model is not available")
(error "line 1309 column 18: model is not available")
(error "line 1310 column 18: model is not available")
(error "line 1311 column 18: model is not available")
(error "line 1312 column 18: model is not available")
(error "line 1313 column 18: model is not available")
(error "line 1314 column 18: model is not available")
(error "line 1315 column 18: model is not available")
(error "line 1316 column 17: model is not available")
(error "line 1317 column 18: model is not available")
(error "line 1318 column 18: model is not available")
(error "line 1319 column 18: model is not available")
(error "line 1320 column 18: model is not available")
(error "line 1321 column 18: model is not available")
(error "line 1322 column 18: model is not available")
(error "line 1323 column 18: model is not available")
(error "line 1324 column 18: model is not available")
(error "line 1325 column 18: model is not available")
(error "line 1326 column 18: model is not available")
(error "line 1327 column 17: model is not available")
(error "line 1328 column 18: model is not available")
(error "line 1329 column 18: model is not available")
(error "line 1330 column 18: model is not available")
(error "line 1331 column 18: model is not available")
(error "line 1332 column 18: model is not available")
(error "line 1333 column 18: model is not available")
(error "line 1334 column 18: model is not available")
(error "line 1335 column 18: model is not available")
(error "line 1336 column 18: model is not available")
(error "line 1337 column 18: model is not available")
(error "line 1338 column 17: model is not available")
(error "line 1339 column 18: model is not available")
(error "line 1340 column 18: model is not available")
(error "line 1341 column 18: model is not available")
(error "line 1342 column 18: model is not available")
(error "line 1343 column 18: model is not available")
(error "line 1344 column 18: model is not available")
(error "line 1345 column 18: model is not available")
(error "line 1346 column 18: model is not available")
(error "line 1347 column 18: model is not available")
(error "line 1348 column 18: model is not available")
(error "line 1349 column 17: model is not available")
(error "line 1350 column 18: model is not available")
(error "line 1351 column 18: model is not available")
(error "line 1352 column 18: model is not available")
(error "line 1353 column 18: model is not available")
(error "line 1354 column 18: model is not available")
(error "line 1355 column 18: model is not available")
(error "line 1356 column 18: model is not available")
(error "line 1357 column 18: model is not available")
(error "line 1358 column 18: model is not available")
(error "line 1359 column 18: model is not available")
(error "line 1360 column 17: model is not available")
(error "line 1361 column 18: model is not available")
(error "line 1362 column 18: model is not available")
(error "line 1363 column 18: model is not available")
(error "line 1364 column 18: model is not available")
(error "line 1365 column 18: model is not available")
(error "line 1366 column 18: model is not available")
(error "line 1367 column 18: model is not available")
(error "line 1368 column 18: model is not available")
(error "line 1369 column 18: model is not available")
(error "line 1370 column 18: model is not available")
(error "line 1371 column 17: model is not available")
(error "line 1372 column 18: model is not available")
(error "line 1373 column 18: model is not available")
(error "line 1374 column 18: model is not available")
(error "line 1375 column 18: model is not available")
(error "line 1376 column 18: model is not available")
(error "line 1377 column 18: model is not available")
(error "line 1378 column 18: model is not available")
(error "line 1379 column 18: model is not available")
(error "line 1380 column 18: model is not available")
(error "line 1381 column 18: model is not available")
(error "line 1382 column 17: model is not available")
(error "line 1383 column 18: model is not available")
(error "line 1384 column 18: model is not available")
(error "line 1385 column 18: model is not available")
(error "line 1386 column 18: model is not available")
(error "line 1387 column 18: model is not available")
(error "line 1388 column 18: model is not available")
(error "line 1389 column 18: model is not available")
(error "line 1390 column 18: model is not available")
(error "line 1391 column 18: model is not available")
(error "line 1392 column 18: model is not available")
(error "line 1393 column 17: model is not available")
(error "line 1394 column 18: model is not available")
(error "line 1395 column 18: model is not available")
(error "line 1396 column 18: model is not available")
(error "line 1397 column 18: model is not available")
(error "line 1398 column 18: model is not available")
(error "line 1399 column 18: model is not available")
(error "line 1400 column 18: model is not available")
(error "line 1401 column 18: model is not available")
(error "line 1402 column 18: model is not available")
(error "line 1403 column 18: model is not available")
(error "line 1404 column 38: model is not available")
(error "line 1405 column 45: model is not available")
(error "line 1406 column 38: model is not available")
(error "line 1407 column 45: model is not available")
(error "line 1408 column 46: model is not available")
(error "line 1409 column 53: model is not available")
(error "line 1410 column 40: model is not available")
(error "line 1411 column 47: model is not available")
(error "line 1412 column 38: model is not available")
(error "line 1413 column 45: model is not available")
(error "line 1414 column 38: model is not available")
(error "line 1415 column 45: model is not available")
(error "line 1416 column 41: model is not available")
(error "line 1417 column 48: model is not available")
(error "line 1418 column 41: model is not available")
(error "line 1419 column 48: model is not available")
(error "line 1420 column 37: model is not available")
(error "line 1421 column 44: model is not available")
(error "line 1422 column 42: model is not available")
(error "line 1423 column 42: model is not available")
(error "line 1424 column 38: model is not available")
(error "line 1425 column 38: model is not available")
(error "line 1426 column 38: model is not available")
(error "line 1427 column 41: model is not available")
(error "line 1428 column 48: model is not available")
(error "line 1429 column 41: model is not available")
(error "line 1430 column 48: model is not available")
(error "line 1431 column 41: model is not available")
(error "line 1432 column 48: model is not available")
(error "line 1433 column 19: model is not available")
(error "line 1434 column 12: unknown constant cond#1")
(error "line 1435 column 28: model is not available")
(error "line 1436 column 22: model is not available")
(error "line 1437 column 29: model is not available")
(error "line 1438 column 22: model is not available")
(error "line 1439 column 29: model is not available")
(error "line 1440 column 22: model is not available")
(error "line 1441 column 22: model is not available")
(error "line 1442 column 29: model is not available")
(error "line 1443 column 21: model is not available")
(error "line 1444 column 28: model is not available")
(error "line 1445 column 21: model is not available")
(error "line 1446 column 21: model is not available")
(error "line 1447 column 28: model is not available")
(error "line 1448 column 21: model is not available")
(error "line 1449 column 28: model is not available")
(error "line 1450 column 21: model is not available")
(error "line 1451 column 21: model is not available")
(error "line 1452 column 28: model is not available")
(error "line 1453 column 21: model is not available")
(error "line 1454 column 28: model is not available")
(error "line 1455 column 21: model is not available")
(error "line 1456 column 38: model is not available")
(error "line 1457 column 38: model is not available")
(error "line 1458 column 38: model is not available")
(error "line 1459 column 38: model is not available")
(error "line 1460 column 38: model is not available")
(error "line 1461 column 38: model is not available")
(error "line 1462 column 19: model is not available")
(error "line 1463 column 21: model is not available")
(error "line 1464 column 28: model is not available")
(error "line 1465 column 21: model is not available")
(error "line 1466 column 28: model is not available")
(error "line 1467 column 21: model is not available")
(error "line 1468 column 21: model is not available")
(error "line 1469 column 28: model is not available")
(error "line 1470 column 21: model is not available")
(error "line 1471 column 28: model is not available")
(error "line 1472 column 21: model is not available")
(error "line 1473 column 21: model is not available")
(error "line 1474 column 28: model is not available")
(error "line 1475 column 36: model is not available")
(error "line 1476 column 34: model is not available")
(error "line 1477 column 34: model is not available")
(error "line 1478 column 34: model is not available")
(error "line 1479 column 34: model is not available")
(error "line 1480 column 34: model is not available")
(error "line 1481 column 34: model is not available")
(error "line 1482 column 29: model is not available")
(error "line 1483 column 31: model is not available")
(error "line 1484 column 38: model is not available")
(error "line 1485 column 31: model is not available")
(error "line 1486 column 38: model is not available")
(error "line 1487 column 52: model is not available")
(error "line 1488 column 53: model is not available")
(error "line 1489 column 51: model is not available")
(error "line 1490 column 52: model is not available")
(error "line 1491 column 51: model is not available")
(error "line 1492 column 51: model is not available")
(error "line 1493 column 53: model is not available")
(error "line 1494 column 53: model is not available")
(error "line 1495 column 53: model is not available")
(error "line 1496 column 53: model is not available")
(error "line 1497 column 53: model is not available")
(error "line 1498 column 53: model is not available")
(error "line 1499 column 52: model is not available")
(error "line 1500 column 52: model is not available")
(error "line 1501 column 52: model is not available")
(error "line 1502 column 50: model is not available")
(error "line 1503 column 52: model is not available")
(error "line 1504 column 50: model is not available")
(error "line 1505 column 50: model is not available")
(error "line 1506 column 52: model is not available")
(error "line 1507 column 50: model is not available")
(error "line 1508 column 50: model is not available")
(error "line 1509 column 50: model is not available")
(error "line 1510 column 57: model is not available")
(error "line 1511 column 56: model is not available")
(error "line 1512 column 56: model is not available")
(error "line 1513 column 56: model is not available")
(error "line 1514 column 56: model is not available")
(error "line 1515 column 55: model is not available")
(error "line 1516 column 55: model is not available")
(error "line 1517 column 54: model is not available")
(error "line 1518 column 49: model is not available")
(error "line 1519 column 49: model is not available")
(error "line 1520 column 49: model is not available")
(error "line 1521 column 49: model is not available")
(error "line 1522 column 49: model is not available")
(error "line 1523 column 49: model is not available")
(error "line 1524 column 49: model is not available")
(error "line 1525 column 49: model is not available")
(error "line 1526 column 49: model is not available")
(error "line 1527 column 44: model is not available")
(error "line 1528 column 44: model is not available")
(error "line 1529 column 44: model is not available")
(error "line 1530 column 44: model is not available")
(error "line 1531 column 45: model is not available")
(error "line 1532 column 45: model is not available")
(error "line 1533 column 45: model is not available")
(error "line 1534 column 45: model is not available")
(error "line 1535 column 46: model is not available")
(error "line 1536 column 46: model is not available")
(error "line 1537 column 54: model is not available")
(error "line 1538 column 54: model is not available")
(error "line 1539 column 54: model is not available")
(error "line 1540 column 40: model is not available")
(error "line 1541 column 40: model is not available")
(error "line 1542 column 41: model is not available")
(error "line 1543 column 41: model is not available")
(error "line 1544 column 50: model is not available")
(error "line 1545 column 50: model is not available")
(error "line 1546 column 43: model is not available")
(error "line 1547 column 43: model is not available")
(error "line 1548 column 44: model is not available")
(error "line 1549 column 50: model is not available")
(error "line 1550 column 50: model is not available")
(error "line 1551 column 46: model is not available")
(error "line 1552 column 52: model is not available")
(error "line 1553 column 52: model is not available")
(error "line 1554 column 48: model is not available")
(error "line 1555 column 30: model is not available")
(error "line 1556 column 38: model is not available")
(error "line 1557 column 38: model is not available")
(error "line 1558 column 32: model is not available")
(error "line 1559 column 18: model is not available")
(error "line 1560 column 25: model is not available")
(error "line 1561 column 18: model is not available")
(error "line 1562 column 25: model is not available")
(error "line 1563 column 18: model is not available")
(error "line 1564 column 25: model is not available")
(error "line 1565 column 18: model is not available")
(error "line 1566 column 25: model is not available")
(error "line 1567 column 18: model is not available")
(error "line 1568 column 25: model is not available")
(error "line 1569 column 18: model is not available")
(error "line 1570 column 25: model is not available")
(error "line 1571 column 22: model is not available")
(error "line 1572 column 29: model is not available")
(error "line 1573 column 22: model is not available")
(error "line 1574 column 29: model is not available")
(error "line 1575 column 22: model is not available")
(error "line 1576 column 29: model is not available")
(error "line 1577 column 22: model is not available")
(error "line 1578 column 29: model is not available")
(error "line 1579 column 22: model is not available")
(error "line 1580 column 29: model is not available")
(error "line 1582 column 10: model is not available")
(:binary-propagations     9
 :bv-diseqs               6
 :conflicts               1
 :eliminated-applications 20
 :eliminated-vars         21
 :max-memory              4.58
 :memory                  3.31
 :mk-bool-var             2253
 :mk-clause               608
 :num-allocs              1333712
 :num-checks              1
 :propagations            13
 :rlimit-count            50607
 :time                    0.01
 :total-time              0.02)

real	0m0.021s
user	0m0.021s
sys	0m0.000s
State: RE Run_time: 0.023224592208862305