(error "line 235 column 104: select requires 1 arguments, but was provided with 2 arguments")
(error "line 474 column 70: unknown constant cond#1")
(error "line 489 column 70: unknown constant cond#1")
unsat
(error "line 868 column 17: model is not available")
(error "line 869 column 17: model is not available")
(error "line 870 column 18: model is not available")
(error "line 871 column 18: model is not available")
(error "line 872 column 18: model is not available")
(error "line 873 column 18: model is not available")
(error "line 874 column 18: model is not available")
(error "line 875 column 18: model is not available")
(error "line 876 column 18: model is not available")
(error "line 877 column 18: model is not available")
(error "line 878 column 18: model is not available")
(error "line 879 column 18: model is not available")
(error "line 880 column 17: model is not available")
(error "line 881 column 18: model is not available")
(error "line 882 column 18: model is not available")
(error "line 883 column 18: model is not available")
(error "line 884 column 18: model is not available")
(error "line 885 column 18: model is not available")
(error "line 886 column 18: model is not available")
(error "line 887 column 18: model is not available")
(error "line 888 column 18: model is not available")
(error "line 889 column 18: model is not available")
(error "line 890 column 18: model is not available")
(error "line 891 column 17: model is not available")
(error "line 892 column 18: model is not available")
(error "line 893 column 18: model is not available")
(error "line 894 column 18: model is not available")
(error "line 895 column 18: model is not available")
(error "line 896 column 18: model is not available")
(error "line 897 column 18: model is not available")
(error "line 898 column 18: model is not available")
(error "line 899 column 18: model is not available")
(error "line 900 column 18: model is not available")
(error "line 901 column 18: model is not available")
(error "line 902 column 17: model is not available")
(error "line 903 column 18: model is not available")
(error "line 904 column 18: model is not available")
(error "line 905 column 18: model is not available")
(error "line 906 column 18: model is not available")
(error "line 907 column 18: model is not available")
(error "line 908 column 18: model is not available")
(error "line 909 column 18: model is not available")
(error "line 910 column 18: model is not available")
(error "line 911 column 18: model is not available")
(error "line 912 column 18: model is not available")
(error "line 913 column 17: model is not available")
(error "line 914 column 18: model is not available")
(error "line 915 column 18: model is not available")
(error "line 916 column 18: model is not available")
(error "line 917 column 18: model is not available")
(error "line 918 column 18: model is not available")
(error "line 919 column 18: model is not available")
(error "line 920 column 18: model is not available")
(error "line 921 column 18: model is not available")
(error "line 922 column 18: model is not available")
(error "line 923 column 18: model is not available")
(error "line 924 column 17: model is not available")
(error "line 925 column 18: model is not available")
(error "line 926 column 18: model is not available")
(error "line 927 column 18: model is not available")
(error "line 928 column 18: model is not available")
(error "line 929 column 18: model is not available")
(error "line 930 column 18: model is not available")
(error "line 931 column 18: model is not available")
(error "line 932 column 18: model is not available")
(error "line 933 column 17: model is not available")
(error "line 934 column 17: model is not available")
(error "line 935 column 17: model is not available")
(error "line 936 column 38: model is not available")
(error "line 937 column 45: model is not available")
(error "line 938 column 38: model is not available")
(error "line 939 column 45: model is not available")
(error "line 940 column 46: model is not available")
(error "line 941 column 53: model is not available")
(error "line 942 column 40: model is not available")
(error "line 943 column 47: model is not available")
(error "line 944 column 38: model is not available")
(error "line 945 column 45: model is not available")
(error "line 946 column 38: model is not available")
(error "line 947 column 45: model is not available")
(error "line 948 column 41: model is not available")
(error "line 949 column 48: model is not available")
(error "line 950 column 41: model is not available")
(error "line 951 column 48: model is not available")
(error "line 952 column 37: model is not available")
(error "line 953 column 44: model is not available")
(error "line 954 column 42: model is not available")
(error "line 955 column 42: model is not available")
(error "line 956 column 38: model is not available")
(error "line 957 column 38: model is not available")
(error "line 958 column 38: model is not available")
(error "line 959 column 41: model is not available")
(error "line 960 column 48: model is not available")
(error "line 961 column 41: model is not available")
(error "line 962 column 48: model is not available")
(error "line 963 column 41: model is not available")
(error "line 964 column 48: model is not available")
(error "line 965 column 19: model is not available")
(error "line 966 column 12: unknown constant cond#1")
(error "line 967 column 28: model is not available")
(error "line 968 column 21: model is not available")
(error "line 969 column 28: model is not available")
(error "line 970 column 21: model is not available")
(error "line 971 column 21: model is not available")
(error "line 972 column 28: model is not available")
(error "line 973 column 21: model is not available")
(error "line 974 column 28: model is not available")
(error "line 975 column 21: model is not available")
(error "line 976 column 21: model is not available")
(error "line 977 column 28: model is not available")
(error "line 978 column 38: model is not available")
(error "line 979 column 38: model is not available")
(error "line 980 column 38: model is not available")
(error "line 981 column 38: model is not available")
(error "line 982 column 19: model is not available")
(error "line 983 column 21: model is not available")
(error "line 984 column 28: model is not available")
(error "line 985 column 21: model is not available")
(error "line 986 column 28: model is not available")
(error "line 987 column 21: model is not available")
(error "line 988 column 21: model is not available")
(error "line 989 column 28: model is not available")
(error "line 990 column 21: model is not available")
(error "line 991 column 28: model is not available")
(error "line 992 column 21: model is not available")
(error "line 993 column 21: model is not available")
(error "line 994 column 28: model is not available")
(error "line 995 column 36: model is not available")
(error "line 996 column 34: model is not available")
(error "line 997 column 34: model is not available")
(error "line 998 column 34: model is not available")
(error "line 999 column 34: model is not available")
(error "line 1000 column 29: model is not available")
(error "line 1001 column 31: model is not available")
(error "line 1002 column 38: model is not available")
(error "line 1003 column 31: model is not available")
(error "line 1004 column 38: model is not available")
(error "line 1005 column 51: model is not available")
(error "line 1006 column 51: model is not available")
(error "line 1007 column 52: model is not available")
(error "line 1008 column 50: model is not available")
(error "line 1009 column 52: model is not available")
(error "line 1010 column 50: model is not available")
(error "line 1011 column 50: model is not available")
(error "line 1012 column 51: model is not available")
(error "line 1013 column 51: model is not available")
(error "line 1014 column 51: model is not available")
(error "line 1015 column 51: model is not available")
(error "line 1016 column 50: model is not available")
(error "line 1017 column 57: model is not available")
(error "line 1018 column 56: model is not available")
(error "line 1019 column 56: model is not available")
(error "line 1020 column 55: model is not available")
(error "line 1021 column 55: model is not available")
(error "line 1022 column 54: model is not available")
(error "line 1023 column 49: model is not available")
(error "line 1024 column 49: model is not available")
(error "line 1025 column 49: model is not available")
(error "line 1026 column 49: model is not available")
(error "line 1027 column 49: model is not available")
(error "line 1028 column 44: model is not available")
(error "line 1029 column 44: model is not available")
(error "line 1030 column 45: model is not available")
(error "line 1031 column 45: model is not available")
(error "line 1032 column 46: model is not available")
(error "line 1033 column 46: model is not available")
(error "line 1034 column 54: model is not available")
(error "line 1035 column 54: model is not available")
(error "line 1036 column 54: model is not available")
(error "line 1037 column 40: model is not available")
(error "line 1038 column 40: model is not available")
(error "line 1039 column 41: model is not available")
(error "line 1040 column 41: model is not available")
(error "line 1041 column 50: model is not available")
(error "line 1042 column 50: model is not available")
(error "line 1043 column 43: model is not available")
(error "line 1044 column 43: model is not available")
(error "line 1045 column 44: model is not available")
(error "line 1046 column 50: model is not available")
(error "line 1047 column 50: model is not available")
(error "line 1048 column 46: model is not available")
(error "line 1049 column 52: model is not available")
(error "line 1050 column 52: model is not available")
(error "line 1051 column 48: model is not available")
(error "line 1052 column 30: model is not available")
(error "line 1053 column 38: model is not available")
(error "line 1054 column 38: model is not available")
(error "line 1055 column 32: model is not available")
(error "line 1056 column 18: model is not available")
(error "line 1057 column 25: model is not available")
(error "line 1058 column 18: model is not available")
(error "line 1059 column 25: model is not available")
(error "line 1060 column 18: model is not available")
(error "line 1061 column 25: model is not available")
(error "line 1062 column 18: model is not available")
(error "line 1063 column 25: model is not available")
(error "line 1064 column 22: model is not available")
(error "line 1065 column 29: model is not available")
(error "line 1066 column 22: model is not available")
(error "line 1067 column 29: model is not available")
(error "line 1068 column 22: model is not available")
(error "line 1069 column 29: model is not available")
(error "line 1071 column 10: model is not available")
(:bv-diseqs               2
 :conflicts               1
 :eliminated-applications 18
 :eliminated-vars         15
 :max-memory              4.09
 :memory                  3.24
 :mk-bool-var             1237
 :mk-clause               190
 :num-allocs              814659
 :num-checks              1
 :rlimit-count            19446
 :time                    0.01
 :total-time              0.01)

real	0m0.015s
user	0m0.015s
sys	0m0.000s
State: RE Run_time: 0.01700615882873535